000 (066.1040.000) 07/26 17:14:46 Job submitted from host: <160.36.155.106:9618?addrs=160.36.155.106-9618&noUDP&sock=27742_4872_4>
...
012 (066.1040.000) 08/03 14:16:53 Job was held.
	via condor_hold (by user bomeara)
	Code 1 Subcode 0
...
013 (066.1040.000) 08/05 22:27:39 Job was released.
	via condor_release (by user bomeara)
...
012 (066.1040.000) 08/09 10:35:40 Job was held.
	via condor_hold (by user bomeara)
	Code 1 Subcode 0
...
013 (066.1040.000) 08/09 13:04:58 Job was released.
	via condor_release (by user bomeara)
...
001 (066.1040.000) 08/20 22:16:33 Job executing on host: <10.128.151.149:9618?addrs=10.128.151.149-9618&noUDP&sock=21393_65a7_4>
...
006 (066.1040.000) 08/20 22:16:42 Image size of job updated: 220380
	216  -  MemoryUsage of job (MB)
	220380  -  ResidentSetSize of job (KB)
...
006 (066.1040.000) 08/20 22:21:43 Image size of job updated: 225264
	220  -  MemoryUsage of job (MB)
	225264  -  ResidentSetSize of job (KB)
...
006 (066.1040.000) 08/22 07:45:11 Image size of job updated: 227376
	223  -  MemoryUsage of job (MB)
	227376  -  ResidentSetSize of job (KB)
...
006 (066.1040.000) 08/22 13:15:48 Image size of job updated: 229224
	224  -  MemoryUsage of job (MB)
	229224  -  ResidentSetSize of job (KB)
...
005 (066.1040.000) 08/23 00:24:36 Job terminated.
	(1) Normal termination (return value 0)
		Usr 2 02:06:02, Sys 0 00:00:04  -  Run Remote Usage
		Usr 0 00:00:00, Sys 0 00:00:00  -  Run Local Usage
		Usr 2 02:06:02, Sys 0 00:00:04  -  Total Remote Usage
		Usr 0 00:00:00, Sys 0 00:00:00  -  Total Local Usage
	28009  -  Run Bytes Sent By Job
	2422  -  Run Bytes Received By Job
	28009  -  Total Bytes Sent By Job
	2422  -  Total Bytes Received By Job
	Partitionable Resources :    Usage  Request Allocated 
	   Cpus                 :     1.00        1         1 
	   Disk (KB)            :    45           4   1811025 
	   Memory (MB)          :   224           1       128 
...
