000 (066.1635.000) 07/26 17:14:46 Job submitted from host: <160.36.155.106:9618?addrs=160.36.155.106-9618&noUDP&sock=27742_4872_4>
...
012 (066.1635.000) 08/03 14:17:23 Job was held.
	via condor_hold (by user bomeara)
	Code 1 Subcode 0
...
013 (066.1635.000) 08/05 22:28:10 Job was released.
	via condor_release (by user bomeara)
...
012 (066.1635.000) 08/09 10:36:19 Job was held.
	via condor_hold (by user bomeara)
	Code 1 Subcode 0
...
013 (066.1635.000) 08/09 13:05:29 Job was released.
	via condor_release (by user bomeara)
...
012 (066.1635.000) 09/23 13:38:12 Job was held.
	via condor_hold (by user bomeara)
	Code 1 Subcode 0
...
013 (066.1635.000) 09/24 14:50:03 Job was released.
	via condor_release (by user bomeara)
...
001 (066.1635.000) 09/25 21:42:43 Job executing on host: <10.128.121.58:9618?addrs=10.128.121.58-9618&noUDP&sock=2329_1429_4>
...
006 (066.1635.000) 09/25 21:42:52 Image size of job updated: 243192
	238  -  MemoryUsage of job (MB)
	243192  -  ResidentSetSize of job (KB)
...
006 (066.1635.000) 09/25 21:47:52 Image size of job updated: 243340
	238  -  MemoryUsage of job (MB)
	243340  -  ResidentSetSize of job (KB)
...
006 (066.1635.000) 09/25 21:52:52 Image size of job updated: 243356
	238  -  MemoryUsage of job (MB)
	243356  -  ResidentSetSize of job (KB)
...
006 (066.1635.000) 09/26 10:19:14 Image size of job updated: 247576
	242  -  MemoryUsage of job (MB)
	247576  -  ResidentSetSize of job (KB)
...
006 (066.1635.000) 09/27 01:48:34 Image size of job updated: 449720
	242  -  MemoryUsage of job (MB)
	247576  -  ResidentSetSize of job (KB)
...
005 (066.1635.000) 09/27 01:48:34 Job terminated.
	(1) Normal termination (return value 0)
		Usr 1 04:03:45, Sys 0 00:00:11  -  Run Remote Usage
		Usr 0 00:00:00, Sys 0 00:00:00  -  Run Local Usage
		Usr 1 04:03:45, Sys 0 00:00:11  -  Total Remote Usage
		Usr 0 00:00:00, Sys 0 00:00:00  -  Total Local Usage
	30731  -  Run Bytes Sent By Job
	2422  -  Run Bytes Received By Job
	30731  -  Total Bytes Sent By Job
	2422  -  Total Bytes Received By Job
	Partitionable Resources :    Usage  Request Allocated 
	   Cpus                 :     1.00        1         1 
	   Disk (KB)            :    48           4    888340 
	   Memory (MB)          :   242           1       128 
...
