[1] "args"
[1] "66"  "716"
[1] "Now starting analysis"
[1] "Starting with initial values"
       mu  sigma.sq        SE        bt        vh 
2.8285681 0.2093201 0.1046601 1.0000000 0.1046601 
        step    negloglik           mu     sigma.sq           SE           bt 
1.000000e+00 1.805223e+01 2.373265e+00 6.344296e-05 1.830940e-01 1.598149e+00 
          vh 
2.112874e-01 
[1] "New improvement found, resetting step counter"
        step    negloglik           mu     sigma.sq           SE           bt 
2.000000e+00 1.642247e+01 1.842046e+00 2.486326e-03 1.351625e-01 2.095308e+00 
          vh 
6.108139e-05 
[1] "New improvement found, resetting step counter"
        step    negloglik           mu     sigma.sq           SE           bt 
3.000000e+00 1.628668e+01 1.830452e+00 5.756943e-05 1.464143e-01 2.083392e+00 
          vh 
2.096416e-04 
        step    negloglik           mu     sigma.sq           SE           bt 
4.000000e+00 1.628668e+01 1.830452e+00 5.756943e-05 1.464143e-01 2.083392e+00 
          vh 
2.096416e-04 
        step    negloglik           mu     sigma.sq           SE           bt 
5.000000e+00 1.628668e+01 1.830452e+00 5.756943e-05 1.464143e-01 2.083392e+00 
          vh 
2.096416e-04 
[1] "Now starting analysis"
[1] "Starting with initial values"
       mu  sigma.sq        bt        vh 
2.8285681 0.2093201 1.0000000 0.1046601 
       step   negloglik          mu    sigma.sq          bt          vh 
 1.00000000 34.52900820  2.92846920  0.19976941  1.54139013  0.04210364 
[1] "New improvement found, resetting step counter"
       step   negloglik          mu    sigma.sq          bt          vh 
 2.00000000 34.43768505  2.19665129  0.21716077  1.81165777  0.06957145 
[1] "New improvement found, resetting step counter"
        step    negloglik           mu     sigma.sq           bt           vh 
 3.000000000 34.372338815  1.640011205  0.212555631  2.142285160  0.002503091 
        step    negloglik           mu     sigma.sq           bt           vh 
 4.000000000 34.372338815  1.640011205  0.212555631  2.142285160  0.002503091 
        step    negloglik           mu     sigma.sq           bt           vh 
 5.000000000 34.372338815  1.640011205  0.212555631  2.142285160  0.002503091 
[1] "Now starting analysis"
[1] "Starting with initial values"
       mu  sigma.sq        SE        vh 
2.8285681 0.2093201 0.1046601 0.1046601 
        step    negloglik           mu     sigma.sq           SE           vh 
 1.000000000 19.320144409  2.915763596  0.001537743  0.140881682  0.386765836 
[1] "New improvement found, resetting step counter"
        step    negloglik           mu     sigma.sq           SE           vh 
 2.000000000 19.261816142  2.823117736  0.001097225  0.141709633  0.502336636 
        step    negloglik           mu     sigma.sq           SE           vh 
 3.000000000 19.261816142  2.823117736  0.001097225  0.141709633  0.502336636 
        step    negloglik           mu     sigma.sq           SE           vh 
 4.000000000 19.261816142  2.823117736  0.001097225  0.141709633  0.502336636 
[1] "Now starting analysis"
[1] "Starting with initial values"
       mu  sigma.sq        vh 
2.8285681 0.2093201 0.1046601 
      step  negloglik         mu   sigma.sq         vh 
 1.0000000 34.7419761  3.1114249  0.2093201  0.1046601 
      step  negloglik         mu   sigma.sq         vh 
 2.0000000 34.7419761  3.1114249  0.2093201  0.1046601 
[1] "New improvement found, but slight; taking the best value, but not resetting the step counter"
       step   negloglik          mu    sigma.sq          vh 
 3.00000000 34.73432928  3.45073795  0.21230107  0.02381969 
[1] "Now starting analysis"
[1] "Starting with initial values"
       mu  sigma.sq        SE        bt 
2.8285681 0.2093201 0.1046601 1.0000000 
        step    negloglik           mu     sigma.sq           SE           bt 
 1.000000000 17.583385768  2.192447457  0.002006974  0.174313425  2.073872627 
[1] "New improvement found, resetting step counter"
        step    negloglik           mu     sigma.sq           SE           bt 
2.000000e+00 1.629058e+01 1.754906e+00 1.771327e-04 1.451431e-01 2.129963e+00 
        step    negloglik           mu     sigma.sq           SE           bt 
3.000000e+00 1.629058e+01 1.754906e+00 1.771327e-04 1.451431e-01 2.129963e+00 
[1] "New improvement found, resetting step counter"
        step    negloglik           mu     sigma.sq           SE           bt 
4.000000e+00 1.627096e+01 1.791641e+00 2.535091e-04 1.494740e-01 2.108006e+00 
        step    negloglik           mu     sigma.sq           SE           bt 
5.000000e+00 1.627096e+01 1.791641e+00 2.535091e-04 1.494740e-01 2.108006e+00 
        step    negloglik           mu     sigma.sq           SE           bt 
6.000000e+00 1.627096e+01 1.791641e+00 2.535091e-04 1.494740e-01 2.108006e+00 
[1] "Now starting analysis"
[1] "Starting with initial values"
       mu  sigma.sq        bt 
2.8285681 0.2093201 1.0000000 
      step  negloglik         mu   sigma.sq         bt 
 1.0000000 34.3702527  1.5095518  0.2116118  2.1481236 
      step  negloglik         mu   sigma.sq         bt 
 2.0000000 34.3702527  1.5095518  0.2116118  2.1481236 
      step  negloglik         mu   sigma.sq         bt 
 3.0000000 34.3702527  1.5095518  0.2116118  2.1481236 
[1] "Now starting analysis"
[1] "Starting with initial values"
       mu  sigma.sq        SE 
2.8285681 0.2093201 0.1046601 
       step   negloglik          mu    sigma.sq          SE 
 1.00000000 21.51011391  3.19236958  0.02342638  0.11331467 
[1] "New improvement found, resetting step counter"
       step   negloglik          mu    sigma.sq          SE 
 2.00000000 21.48860331  3.26900078  0.02294501  0.10241674 
[1] "New improvement found, but slight; taking the best value, but not resetting the step counter"
       step   negloglik          mu    sigma.sq          SE 
 3.00000000 21.47927662  3.11724452  0.02324444  0.09652658 
[1] "New improvement found, but slight; taking the best value, but not resetting the step counter"
       step   negloglik          mu    sigma.sq          SE 
 4.00000000 21.47481131  3.14813876  0.02184288  0.10128861 
[1] "Now starting analysis"
[1] "Starting with initial values"
       mu  sigma.sq 
2.8285681 0.2093201 
      step  negloglik         mu   sigma.sq 
 1.0000000 34.7153064  3.1114249  0.2093201 
      step  negloglik         mu   sigma.sq 
 2.0000000 34.7153064  3.1114249  0.2093201 
      step  negloglik         mu   sigma.sq 
 3.0000000 34.7153064  3.1114249  0.2093201 
