000 (066.390.000) 07/26 17:14:46 Job submitted from host: <160.36.155.106:9618?addrs=160.36.155.106-9618&noUDP&sock=27742_4872_4>
...
001 (066.390.000) 07/29 11:41:07 Job executing on host: <10.128.213.253:9618?addrs=10.128.213.253-9618&noUDP&sock=68980_1ef7_4>
...
006 (066.390.000) 07/29 11:41:16 Image size of job updated: 223548
	215  -  MemoryUsage of job (MB)
	219512  -  ResidentSetSize of job (KB)
...
006 (066.390.000) 07/29 11:46:17 Image size of job updated: 233224
	224  -  MemoryUsage of job (MB)
	229188  -  ResidentSetSize of job (KB)
...
006 (066.390.000) 07/29 11:56:17 Image size of job updated: 233568
	224  -  MemoryUsage of job (MB)
	229188  -  ResidentSetSize of job (KB)
...
006 (066.390.000) 07/29 12:06:19 Image size of job updated: 234540
	225  -  MemoryUsage of job (MB)
	230160  -  ResidentSetSize of job (KB)
...
006 (066.390.000) 07/29 12:11:19 Image size of job updated: 235088
	226  -  MemoryUsage of job (MB)
	230708  -  ResidentSetSize of job (KB)
...
006 (066.390.000) 07/29 12:16:20 Image size of job updated: 235092
	226  -  MemoryUsage of job (MB)
	230708  -  ResidentSetSize of job (KB)
...
005 (066.390.000) 07/29 12:56:45 Job terminated.
	(1) Normal termination (return value 0)
		Usr 0 01:15:18, Sys 0 00:00:01  -  Run Remote Usage
		Usr 0 00:00:00, Sys 0 00:00:00  -  Run Local Usage
		Usr 0 01:15:18, Sys 0 00:00:01  -  Total Remote Usage
		Usr 0 00:00:00, Sys 0 00:00:00  -  Total Local Usage
	28427  -  Run Bytes Sent By Job
	2422  -  Run Bytes Received By Job
	28427  -  Total Bytes Sent By Job
	2422  -  Total Bytes Received By Job
	Partitionable Resources :    Usage  Request Allocated 
	   Cpus                 :     0.99        1         1 
	   Disk (KB)            :    46           4    892965 
	   Memory (MB)          :   226           1       128 
...
