000 (066.1226.000) 07/26 17:14:46 Job submitted from host: <160.36.155.106:9618?addrs=160.36.155.106-9618&noUDP&sock=27742_4872_4>
...
012 (066.1226.000) 08/03 14:17:02 Job was held.
	via condor_hold (by user bomeara)
	Code 1 Subcode 0
...
013 (066.1226.000) 08/05 22:27:49 Job was released.
	via condor_release (by user bomeara)
...
012 (066.1226.000) 08/09 10:35:52 Job was held.
	via condor_hold (by user bomeara)
	Code 1 Subcode 0
...
013 (066.1226.000) 08/09 13:05:07 Job was released.
	via condor_release (by user bomeara)
...
001 (066.1226.000) 08/30 20:08:31 Job executing on host: <10.130.210.206:9618?addrs=10.130.210.206-9618&noUDP&sock=76684_6c96_4>
...
006 (066.1226.000) 08/30 20:08:39 Image size of job updated: 220556
	216  -  MemoryUsage of job (MB)
	220556  -  ResidentSetSize of job (KB)
...
006 (066.1226.000) 08/30 20:13:39 Image size of job updated: 228236
	223  -  MemoryUsage of job (MB)
	228236  -  ResidentSetSize of job (KB)
...
006 (066.1226.000) 08/31 04:54:00 Image size of job updated: 434732
	223  -  MemoryUsage of job (MB)
	228236  -  ResidentSetSize of job (KB)
...
005 (066.1226.000) 08/31 04:54:00 Job terminated.
	(1) Normal termination (return value 0)
		Usr 0 08:44:50, Sys 0 00:00:03  -  Run Remote Usage
		Usr 0 00:00:00, Sys 0 00:00:00  -  Run Local Usage
		Usr 0 08:44:50, Sys 0 00:00:03  -  Total Remote Usage
		Usr 0 00:00:00, Sys 0 00:00:00  -  Total Local Usage
	28422  -  Run Bytes Sent By Job
	2422  -  Run Bytes Received By Job
	28422  -  Total Bytes Sent By Job
	2422  -  Total Bytes Received By Job
	Partitionable Resources :    Usage  Request Allocated 
	   Cpus                 :     1.00        1         1 
	   Disk (KB)            :    46           4    813884 
	   Memory (MB)          :   223           1       128 
...
