000 (066.541.000) 07/26 17:14:46 Job submitted from host: <160.36.155.106:9618?addrs=160.36.155.106-9618&noUDP&sock=27742_4872_4>
...
001 (066.541.000) 08/01 16:53:12 Job executing on host: <10.129.169.104:9618?addrs=10.129.169.104-9618&noUDP&sock=60687_d010_4>
...
006 (066.541.000) 08/01 16:53:20 Image size of job updated: 234276
	229  -  MemoryUsage of job (MB)
	234276  -  ResidentSetSize of job (KB)
...
006 (066.541.000) 08/01 16:58:20 Image size of job updated: 236272
	231  -  MemoryUsage of job (MB)
	236272  -  ResidentSetSize of job (KB)
...
006 (066.541.000) 08/01 18:23:28 Image size of job updated: 246980
	242  -  MemoryUsage of job (MB)
	246980  -  ResidentSetSize of job (KB)
...
006 (066.541.000) 08/01 18:33:29 Image size of job updated: 248552
	243  -  MemoryUsage of job (MB)
	248552  -  ResidentSetSize of job (KB)
...
006 (066.541.000) 08/01 21:18:46 Image size of job updated: 248892
	244  -  MemoryUsage of job (MB)
	248892  -  ResidentSetSize of job (KB)
...
006 (066.541.000) 08/01 21:58:50 Image size of job updated: 250416
	245  -  MemoryUsage of job (MB)
	250416  -  ResidentSetSize of job (KB)
...
005 (066.541.000) 08/01 22:08:08 Job terminated.
	(1) Normal termination (return value 0)
		Usr 0 05:14:28, Sys 0 00:00:03  -  Run Remote Usage
		Usr 0 00:00:00, Sys 0 00:00:00  -  Run Local Usage
		Usr 0 05:14:28, Sys 0 00:00:03  -  Total Remote Usage
		Usr 0 00:00:00, Sys 0 00:00:00  -  Total Local Usage
	30815  -  Run Bytes Sent By Job
	2422  -  Run Bytes Received By Job
	30815  -  Total Bytes Sent By Job
	2422  -  Total Bytes Received By Job
	Partitionable Resources :    Usage  Request Allocated 
	   Cpus                 :     0.99        1         1 
	   Disk (KB)            :    48           4    205772 
	   Memory (MB)          :   245           1       128 
...
