000 (066.240.000) 07/26 17:14:46 Job submitted from host: <160.36.155.106:9618?addrs=160.36.155.106-9618&noUDP&sock=27742_4872_4>
...
001 (066.240.000) 07/26 20:07:50 Job executing on host: <10.129.169.104:9618?addrs=10.129.169.104-9618&noUDP&sock=60687_d010_4>
...
006 (066.240.000) 07/26 20:07:59 Image size of job updated: 229244
	224  -  MemoryUsage of job (MB)
	229244  -  ResidentSetSize of job (KB)
...
006 (066.240.000) 07/26 20:13:00 Image size of job updated: 229256
	224  -  MemoryUsage of job (MB)
	229256  -  ResidentSetSize of job (KB)
...
006 (066.240.000) 07/26 20:38:02 Image size of job updated: 231512
	227  -  MemoryUsage of job (MB)
	231512  -  ResidentSetSize of job (KB)
...
006 (066.240.000) 07/26 21:33:07 Image size of job updated: 437912
	227  -  MemoryUsage of job (MB)
	231512  -  ResidentSetSize of job (KB)
...
005 (066.240.000) 07/26 21:33:08 Job terminated.
	(1) Normal termination (return value 0)
		Usr 0 01:25:07, Sys 0 00:00:00  -  Run Remote Usage
		Usr 0 00:00:00, Sys 0 00:00:00  -  Run Local Usage
		Usr 0 01:25:07, Sys 0 00:00:00  -  Total Remote Usage
		Usr 0 00:00:00, Sys 0 00:00:00  -  Total Local Usage
	27717  -  Run Bytes Sent By Job
	2422  -  Run Bytes Received By Job
	27717  -  Total Bytes Sent By Job
	2422  -  Total Bytes Received By Job
	Partitionable Resources :    Usage  Request Allocated 
	   Cpus                 :     1.00        1         1 
	   Disk (KB)            :    45           4    205772 
	   Memory (MB)          :   227           1       128 
...
