000 (066.528.000) 07/26 17:14:46 Job submitted from host: <160.36.155.106:9618?addrs=160.36.155.106-9618&noUDP&sock=27742_4872_4>
...
022 (066.528.000) 08/01 10:56:23 Job disconnected, attempting to reconnect
    Local schedd and job shadow died, schedd now running again
    Trying to reconnect to slot1_11@omearaclusterb <10.131.171.171:9618?addrs=10.131.171.171-9618&noUDP&sock=2084_0775_4>
...
024 (066.528.000) 08/01 11:20:38 Job reconnection failed
    Job disconnected too long: JobLeaseDuration (2400 seconds) expired
    Can not reconnect to slot1_11@omearaclusterb, rescheduling job
...
001 (066.528.000) 08/01 16:52:24 Job executing on host: <10.128.213.253:9618?addrs=10.128.213.253-9618&noUDP&sock=68980_1ef7_4>
...
006 (066.528.000) 08/01 16:52:32 Image size of job updated: 229400
	225  -  MemoryUsage of job (MB)
	229400  -  ResidentSetSize of job (KB)
...
006 (066.528.000) 08/01 16:57:32 Image size of job updated: 229412
	225  -  MemoryUsage of job (MB)
	229412  -  ResidentSetSize of job (KB)
...
006 (066.528.000) 08/01 17:12:34 Image size of job updated: 231432
	227  -  MemoryUsage of job (MB)
	231432  -  ResidentSetSize of job (KB)
...
005 (066.528.000) 08/01 17:48:29 Job terminated.
	(1) Normal termination (return value 0)
		Usr 0 00:56:00, Sys 0 00:00:00  -  Run Remote Usage
		Usr 0 00:00:00, Sys 0 00:00:00  -  Run Local Usage
		Usr 0 00:56:00, Sys 0 00:00:00  -  Total Remote Usage
		Usr 0 00:00:00, Sys 0 00:00:00  -  Total Local Usage
	28436  -  Run Bytes Sent By Job
	2422  -  Run Bytes Received By Job
	28436  -  Total Bytes Sent By Job
	2422  -  Total Bytes Received By Job
	Partitionable Resources :    Usage  Request Allocated 
	   Cpus                 :     1.00        1         1 
	   Disk (KB)            :    46           4    892965 
	   Memory (MB)          :   227           1       128 
...
