000 (066.893.000) 07/26 17:14:46 Job submitted from host: <160.36.155.106:9618?addrs=160.36.155.106-9618&noUDP&sock=27742_4872_4>
...
012 (066.893.000) 08/03 14:16:46 Job was held.
	via condor_hold (by user bomeara)
	Code 1 Subcode 0
...
013 (066.893.000) 08/05 22:27:31 Job was released.
	via condor_release (by user bomeara)
...
012 (066.893.000) 08/09 10:35:30 Job was held.
	via condor_hold (by user bomeara)
	Code 1 Subcode 0
...
013 (066.893.000) 08/09 13:04:51 Job was released.
	via condor_release (by user bomeara)
...
001 (066.893.000) 08/12 14:46:51 Job executing on host: <10.128.213.253:9618?addrs=10.128.213.253-9618&noUDP&sock=2256_01bf_4>
...
006 (066.893.000) 08/12 14:47:00 Image size of job updated: 243296
	238  -  MemoryUsage of job (MB)
	243296  -  ResidentSetSize of job (KB)
...
006 (066.893.000) 08/12 14:57:00 Image size of job updated: 247808
	242  -  MemoryUsage of job (MB)
	247808  -  ResidentSetSize of job (KB)
...
006 (066.893.000) 08/12 15:17:03 Image size of job updated: 247824
	243  -  MemoryUsage of job (MB)
	247824  -  ResidentSetSize of job (KB)
...
022 (066.893.000) 08/14 14:07:46 Job disconnected, attempting to reconnect
    Local schedd and job shadow died, schedd now running again
    Trying to reconnect to slot1_10@omearaclusterh <10.128.213.253:9618?addrs=10.128.213.253-9618&noUDP&sock=2256_01bf_4>
...
023 (066.893.000) 08/14 14:07:52 Job reconnected to slot1_10@omearaclusterh
    startd address: <10.128.213.253:9618?addrs=10.128.213.253-9618&noUDP&sock=2256_01bf_4>
    starter address: <10.128.213.253:9618?addrs=10.128.213.253-9618&noUDP&sock=2594_7523_42>
...
005 (066.893.000) 08/25 06:01:03 Job terminated.
	(1) Normal termination (return value 0)
		Usr 12 14:48:13, Sys 0 00:01:58  -  Run Remote Usage
		Usr 0 00:00:00, Sys 0 00:00:00  -  Run Local Usage
		Usr 12 14:48:13, Sys 0 00:01:58  -  Total Remote Usage
		Usr 0 00:00:00, Sys 0 00:00:00  -  Total Local Usage
	31764  -  Run Bytes Sent By Job
	0  -  Run Bytes Received By Job
	31764  -  Total Bytes Sent By Job
	2422  -  Total Bytes Received By Job
	Partitionable Resources :    Usage  Request Allocated 
	   Cpus                 :     1.00        1         1 
	   Disk (KB)            :    49          49    892992 
	   Memory (MB)          :   245         245       128 
...
