[1] "args"
[1] "66"   "1781"
[1] "Now starting analysis"
[1] "Starting with initial values"
       mu  sigma.sq        SE        bt        vh 
0.5179177 0.0876278 0.0438139 1.0000000 0.0438139 
        step    negloglik           mu     sigma.sq           SE           bt 
1.000000e+00 2.967015e+01 3.790136e-01 4.548349e-03 6.232475e-02 1.121338e+00 
          vh 
5.146886e-05 
[1] "New improvement found, resetting step counter"
        step    negloglik           mu     sigma.sq           SE           bt 
2.000000e+00 2.938049e+01 4.111970e-01 4.357154e-03 5.727197e-02 1.096475e+00 
          vh 
3.042425e-04 
        step    negloglik           mu     sigma.sq           SE           bt 
3.000000e+00 2.938049e+01 4.111970e-01 4.357154e-03 5.727197e-02 1.096475e+00 
          vh 
3.042425e-04 
[1] "New improvement found, resetting step counter"
        step    negloglik           mu     sigma.sq           SE           bt 
 4.000000000 29.327456359  0.401285608  0.005047567  0.052780625  1.105014911 
          vh 
 0.000278730 
        step    negloglik           mu     sigma.sq           SE           bt 
 5.000000000 29.327456359  0.401285608  0.005047567  0.052780625  1.105014911 
          vh 
 0.000278730 
[1] "New improvement found, resetting step counter"
        step    negloglik           mu     sigma.sq           SE           bt 
6.000000e+00 2.930980e+01 3.735716e-01 5.172493e-03 5.153746e-02 1.094633e+00 
          vh 
5.371951e-04 
        step    negloglik           mu     sigma.sq           SE           bt 
7.000000e+00 2.930980e+01 3.735716e-01 5.172493e-03 5.153746e-02 1.094633e+00 
          vh 
5.371951e-04 
        step    negloglik           mu     sigma.sq           SE           bt 
8.000000e+00 2.930980e+01 3.735716e-01 5.172493e-03 5.153746e-02 1.094633e+00 
          vh 
5.371951e-04 
[1] "Now starting analysis"
[1] "Starting with initial values"
       mu  sigma.sq        bt        vh 
0.5179177 0.0876278 1.0000000 0.0438139 
       step   negloglik          mu    sigma.sq          bt          vh 
 1.00000000 86.52478268  0.55954062  0.08617516  1.04162292  0.02039776 
[1] "New improvement found, resetting step counter"
        step    negloglik           mu     sigma.sq           bt           vh 
 2.000000000 86.466795988  0.630979752  0.087526142  1.015409903  0.006543839 
        step    negloglik           mu     sigma.sq           bt           vh 
 3.000000000 86.466795988  0.630979752  0.087526142  1.015409903  0.006543839 
        step    negloglik           mu     sigma.sq           bt           vh 
 4.000000000 86.466795988  0.630979752  0.087526142  1.015409903  0.006543839 
[1] "Now starting analysis"
[1] "Starting with initial values"
       mu  sigma.sq        SE        vh 
0.5179177 0.0876278 0.0438139 0.0438139 
        step    negloglik           mu     sigma.sq           SE           vh 
 1.000000000 30.084263039  0.602453880  0.005597168  0.048346475  0.025133003 
[1] "New improvement found, resetting step counter"
        step    negloglik           mu     sigma.sq           SE           vh 
2.000000e+00 2.978609e+01 6.377130e-01 5.397235e-03 4.964325e-02 7.659474e-04 
[1] "New improvement found, resetting step counter"
        step    negloglik           mu     sigma.sq           SE           vh 
3.000000e+00 2.974248e+01 5.232702e-01 5.206689e-03 5.157248e-02 3.625191e-04 
        step    negloglik           mu     sigma.sq           SE           vh 
4.000000e+00 2.974248e+01 5.232702e-01 5.206689e-03 5.157248e-02 3.625191e-04 
[1] "New improvement found, but slight; taking the best value, but not resetting the step counter"
        step    negloglik           mu     sigma.sq           SE           vh 
5.000000e+00 2.973347e+01 5.531846e-01 5.475504e-03 5.002901e-02 4.403795e-04 
[1] "Now starting analysis"
[1] "Starting with initial values"
       mu  sigma.sq        vh 
0.5179177 0.0876278 0.0438139 
        step    negloglik           mu     sigma.sq           vh 
1.000000e+00 8.648969e+01 5.670719e-01 8.403115e-02 8.938669e-04 
        step    negloglik           mu     sigma.sq           vh 
2.000000e+00 8.648969e+01 5.670719e-01 8.403115e-02 8.938669e-04 
[1] "New improvement found, resetting step counter"
        step    negloglik           mu     sigma.sq           vh 
 3.000000000 86.447328853  0.607942163  0.088792795  0.000898699 
[1] "New improvement found, but slight; taking the best value, but not resetting the step counter"
        step    negloglik           mu     sigma.sq           vh 
4.000000e+00 8.644386e+01 6.074585e-01 8.740812e-02 8.383914e-04 
        step    negloglik           mu     sigma.sq           vh 
5.000000e+00 8.644386e+01 6.074585e-01 8.740812e-02 8.383914e-04 
[1] "Now starting analysis"
[1] "Starting with initial values"
       mu  sigma.sq        SE        bt 
0.5179177 0.0876278 0.0438139 1.0000000 
        step    negloglik           mu     sigma.sq           SE           bt 
 1.000000000 29.315871629  0.451407515  0.004876701  0.050579077  1.068518866 
[1] "New improvement found, resetting step counter"
        step    negloglik           mu     sigma.sq           SE           bt 
 2.000000000 29.298873111  0.400889641  0.005155124  0.051781820  1.091273655 
[1] "New improvement found, but slight; taking the best value, but not resetting the step counter"
        step    negloglik           mu     sigma.sq           SE           bt 
 3.000000000 29.298528437  0.371438195  0.005137438  0.050283639  1.092099101 
        step    negloglik           mu     sigma.sq           SE           bt 
 4.000000000 29.298528437  0.371438195  0.005137438  0.050283639  1.092099101 
[1] "Now starting analysis"
[1] "Starting with initial values"
       mu  sigma.sq        bt 
0.5179177 0.0876278 1.0000000 
      step  negloglik         mu   sigma.sq         bt 
 1.0000000 86.4403951  0.5179177  0.0876278  1.0000000 
      step  negloglik         mu   sigma.sq         bt 
 2.0000000 86.4403951  0.5179177  0.0876278  1.0000000 
      step  negloglik         mu   sigma.sq         bt 
 3.0000000 86.4403951  0.5179177  0.0876278  1.0000000 
[1] "Now starting analysis"
[1] "Starting with initial values"
       mu  sigma.sq        SE 
0.5179177 0.0876278 0.0438139 
        step    negloglik           mu     sigma.sq           SE 
 1.000000000 29.766410772  0.613727536  0.005073846  0.050523825 
[1] "New improvement found, resetting step counter"
        step    negloglik           mu     sigma.sq           SE 
 2.000000000 29.731058747  0.562216323  0.005299525  0.051032650 
        step    negloglik           mu     sigma.sq           SE 
 3.000000000 29.731058747  0.562216323  0.005299525  0.051032650 
        step    negloglik           mu     sigma.sq           SE 
 4.000000000 29.731058747  0.562216323  0.005299525  0.051032650 
[1] "Now starting analysis"
[1] "Starting with initial values"
       mu  sigma.sq 
0.5179177 0.0876278 
      step  negloglik         mu   sigma.sq 
 1.0000000 86.4395386  0.5697095  0.0876278 
      step  negloglik         mu   sigma.sq 
 2.0000000 86.4395386  0.5697095  0.0876278 
      step  negloglik         mu   sigma.sq 
 3.0000000 86.4395386  0.5697095  0.0876278 
