[1] "args"
[1] "66"   "1247"
[1] "Now starting analysis"
[1] "Starting with initial values"
         mu    sigma.sq          SE          bt          vh 
2.119255993 0.010748934 0.005374467 1.000000000 0.005374467 
         step     negloglik            mu      sigma.sq            SE 
 1.000000e+00 -4.593512e+01  1.846810e+00  8.460818e-03  1.640328e-07 
           bt            vh 
 1.783279e+00  3.477227e-02 
[1] "New improvement found, resetting step counter"
         step     negloglik            mu      sigma.sq            SE 
 2.000000e+00 -4.734518e+01  1.407286e+00  8.460719e-03  1.467094e-06 
           bt            vh 
 1.658106e+00  3.546520e-02 
[1] "New improvement found, resetting step counter"
         step     negloglik            mu      sigma.sq            SE 
 3.000000e+00 -4.754781e+01  9.325255e-01  7.724974e-03  6.527757e-07 
           bt            vh 
 1.864944e+00  2.384954e-03 
[1] "New improvement found, resetting step counter"
         step     negloglik            mu      sigma.sq            SE 
 4.000000e+00 -4.763459e+01  1.106603e+00  8.261286e-03  2.106751e-06 
           bt            vh 
 1.737647e+00  1.486474e-02 
         step     negloglik            mu      sigma.sq            SE 
 5.000000e+00 -4.763459e+01  1.106603e+00  8.261286e-03  2.106751e-06 
           bt            vh 
 1.737647e+00  1.486474e-02 
         step     negloglik            mu      sigma.sq            SE 
 6.000000e+00 -4.763459e+01  1.106603e+00  8.261286e-03  2.106751e-06 
           bt            vh 
 1.737647e+00  1.486474e-02 
[1] "Now starting analysis"
[1] "Starting with initial values"
         mu    sigma.sq          bt          vh 
2.119255993 0.010748934 1.000000000 0.005374467 
         step     negloglik            mu      sigma.sq            bt 
 1.000000e+00 -4.782897e+01  1.165880e+00  8.713897e-03  1.902538e+00 
           vh 
 5.586346e-04 
[1] "New improvement found, resetting step counter"
         step     negloglik            mu      sigma.sq            bt 
  2.000000000 -47.899990119   1.074453874   0.008567877   1.911133702 
           vh 
  0.001312047 
         step     negloglik            mu      sigma.sq            bt 
  3.000000000 -47.899990119   1.074453874   0.008567877   1.911133702 
           vh 
  0.001312047 
         step     negloglik            mu      sigma.sq            bt 
  4.000000000 -47.899990119   1.074453874   0.008567877   1.911133702 
           vh 
  0.001312047 
[1] "Now starting analysis"
[1] "Starting with initial values"
         mu    sigma.sq          SE          vh 
2.119255993 0.010748934 0.005374467 0.005374467 
         step     negloglik            mu      sigma.sq            SE 
 1.000000e+00 -4.100696e+01  2.372080e+00  8.468629e-03  8.491612e-07 
           vh 
 1.573783e-01 
[1] "New improvement found, resetting step counter"
         step     negloglik            mu      sigma.sq            SE 
 2.000000e+00 -4.288460e+01  1.458254e+00  8.466447e-03  2.752576e-07 
           vh 
 3.680153e-01 
         step     negloglik            mu      sigma.sq            SE 
 3.000000e+00 -4.288460e+01  1.458254e+00  8.466447e-03  2.752576e-07 
           vh 
 3.680153e-01 
         step     negloglik            mu      sigma.sq            SE 
 4.000000e+00 -4.288460e+01  1.458254e+00  8.466447e-03  2.752576e-07 
           vh 
 3.680153e-01 
[1] "Now starting analysis"
[1] "Starting with initial values"
         mu    sigma.sq          vh 
2.119255993 0.010748934 0.005374467 
         step     negloglik            mu      sigma.sq            vh 
  1.000000000 -42.908208785   1.519222314   0.008610256   0.339015318 
         step     negloglik            mu      sigma.sq            vh 
  2.000000000 -42.908208785   1.519222314   0.008610256   0.339015318 
         step     negloglik            mu      sigma.sq            vh 
  3.000000000 -42.908208785   1.519222314   0.008610256   0.339015318 
[1] "Now starting analysis"
[1] "Starting with initial values"
         mu    sigma.sq          SE          bt 
2.119255993 0.010748934 0.005374467 1.000000000 
         step     negloglik            mu      sigma.sq            SE 
 1.000000e+00 -4.563866e+01  1.312241e+00  7.416322e-03  4.390244e-07 
           bt 
 2.095512e+00 
[1] "New improvement found, resetting step counter"
         step     negloglik            mu      sigma.sq            SE 
 2.000000e+00 -4.723254e+01  1.112190e+00  7.411839e-03  1.299203e-06 
           bt 
 1.839678e+00 
         step     negloglik            mu      sigma.sq            SE 
 3.000000e+00 -4.723254e+01  1.112190e+00  7.411839e-03  1.299203e-06 
           bt 
 1.839678e+00 
         step     negloglik            mu      sigma.sq            SE 
 4.000000e+00 -4.723254e+01  1.112190e+00  7.411839e-03  1.299203e-06 
           bt 
 1.839678e+00 
[1] "Now starting analysis"
[1] "Starting with initial values"
        mu   sigma.sq         bt 
2.11925599 0.01074893 1.00000000 
         step     negloglik            mu      sigma.sq            bt 
  1.000000000 -47.939694864   1.046749934   0.008665934   1.898598242 
[1] "New improvement found, but slight; taking the best value, but not resetting the step counter"
         step     negloglik            mu      sigma.sq            bt 
  2.000000000 -47.945268859   1.007188079   0.008689111   1.882768865 
         step     negloglik            mu      sigma.sq            bt 
  3.000000000 -47.945268859   1.007188079   0.008689111   1.882768865 
[1] "Now starting analysis"
[1] "Starting with initial values"
         mu    sigma.sq          SE 
2.119255993 0.010748934 0.005374467 
         step     negloglik            mu      sigma.sq            SE 
 1.000000e+00 -2.947831e+01  1.877153e+00  1.253690e-02  3.294690e-07 
[1] "New improvement found, resetting step counter"
         step     negloglik            mu      sigma.sq            SE 
 2.000000e+00 -2.957860e+01  2.064868e+00  1.253690e-02  3.294690e-07 
         step     negloglik            mu      sigma.sq            SE 
 3.000000e+00 -2.957860e+01  2.064868e+00  1.253690e-02  3.294690e-07 
         step     negloglik            mu      sigma.sq            SE 
 4.000000e+00 -2.957860e+01  2.064868e+00  1.253690e-02  3.294690e-07 
[1] "Now starting analysis"
[1] "Starting with initial values"
        mu   sigma.sq 
2.11925599 0.01074893 
       step   negloglik          mu    sigma.sq 
  1.0000000 -29.5750873   2.1184282   0.0124046 
[1] "New improvement found, but slight; taking the best value, but not resetting the step counter"
        step    negloglik           mu     sigma.sq 
  2.00000000 -29.58138094   2.04558133   0.01245632 
        step    negloglik           mu     sigma.sq 
  3.00000000 -29.58138094   2.04558133   0.01245632 
