000 (066.1565.000) 07/26 17:14:46 Job submitted from host: <160.36.155.106:9618?addrs=160.36.155.106-9618&noUDP&sock=27742_4872_4>
...
012 (066.1565.000) 08/03 14:17:19 Job was held.
	via condor_hold (by user bomeara)
	Code 1 Subcode 0
...
013 (066.1565.000) 08/05 22:28:06 Job was released.
	via condor_release (by user bomeara)
...
012 (066.1565.000) 08/09 10:36:15 Job was held.
	via condor_hold (by user bomeara)
	Code 1 Subcode 0
...
013 (066.1565.000) 08/09 13:05:25 Job was released.
	via condor_release (by user bomeara)
...
001 (066.1565.000) 09/19 06:04:36 Job executing on host: <10.128.151.149:9618?addrs=10.128.151.149-9618&noUDP&sock=2702_ecfc_4>
...
006 (066.1565.000) 09/19 06:04:44 Image size of job updated: 243436
	238  -  MemoryUsage of job (MB)
	243436  -  ResidentSetSize of job (KB)
...
006 (066.1565.000) 09/20 10:17:40 Image size of job updated: 246868
	242  -  MemoryUsage of job (MB)
	246868  -  ResidentSetSize of job (KB)
...
004 (066.1565.000) 10/21 22:27:47 Job was evicted.
	(0) Job was not checkpointed.
		Usr 32 15:58:54, Sys 0 00:02:25  -  Run Remote Usage
		Usr 0 00:00:00, Sys 0 00:00:00  -  Run Local Usage
	0  -  Run Bytes Sent By Job
	2422  -  Run Bytes Received By Job
	Partitionable Resources :    Usage  Request Allocated 
	   Cpus                 :     1.00        1         1 
	   Disk (KB)            :    40           4   1811004 
	   Memory (MB)          :   242           1       128 
...
006 (066.1565.000) 10/21 22:27:47 Image size of job updated: 453472
	242  -  MemoryUsage of job (MB)
	246868  -  ResidentSetSize of job (KB)
...
022 (066.1565.000) 10/21 22:27:48 Job disconnected, attempting to reconnect
    Local schedd and job shadow died, schedd now running again
    Trying to reconnect to slot1_22@omearalab11 <10.128.151.149:9618?addrs=10.128.151.149-9618&noUDP&sock=2702_ecfc_4>
...
024 (066.1565.000) 10/21 22:27:58 Job reconnection failed
    Job not found at execution machine
    Can not reconnect to slot1_22@omearalab11, rescheduling job
...
001 (066.1565.000) 10/21 22:35:43 Job executing on host: <10.130.122.65:9618?addrs=10.130.122.65-9618&noUDP&sock=2405_355c_4>
...
006 (066.1565.000) 10/21 23:00:55 Image size of job updated: 251048
	246  -  MemoryUsage of job (MB)
	251048  -  ResidentSetSize of job (KB)
...
006 (066.1565.000) 10/21 23:51:01 Image size of job updated: 251060
	246  -  MemoryUsage of job (MB)
	251060  -  ResidentSetSize of job (KB)
...
022 (066.1565.000) 11/03 09:38:17 Job disconnected, attempting to reconnect
    Socket between submit and execute hosts closed unexpectedly
    Trying to reconnect to slot1_18@omearaclusterg <10.130.122.65:9618?addrs=10.130.122.65-9618&noUDP&sock=2405_355c_4>
...
023 (066.1565.000) 11/03 09:44:05 Job reconnected to slot1_18@omearaclusterg
    startd address: <10.130.122.65:9618?addrs=10.130.122.65-9618&noUDP&sock=2405_355c_4>
    starter address: <10.130.122.65:9618?addrs=10.130.122.65-9618&noUDP&sock=2902_78af_211>
...
005 (066.1565.000) 11/26 21:38:39 Job terminated.
	(1) Normal termination (return value 0)
		Usr 35 23:52:59, Sys 0 00:07:35  -  Run Remote Usage
		Usr 0 00:00:00, Sys 0 00:00:00  -  Run Local Usage
		Usr 35 23:52:59, Sys 0 00:07:35  -  Total Remote Usage
		Usr 0 00:00:00, Sys 0 00:00:00  -  Total Local Usage
	33249  -  Run Bytes Sent By Job
	2422  -  Run Bytes Received By Job
	33249  -  Total Bytes Sent By Job
	4844  -  Total Bytes Received By Job
	Partitionable Resources :    Usage  Request Allocated 
	   Cpus                 :     1.00        1         1 
	   Disk (KB)            :    51          40    892237 
	   Memory (MB)          :   246         245       256 
...
