[1] "args"
[1] "66"   "1212"
[1] "Now starting analysis"
[1] "Starting with initial values"
        mu   sigma.sq         SE         bt         vh 
2.07819102 0.13466653 0.06733327 1.00000000 0.06733327 
       step   negloglik          mu    sigma.sq          SE          bt 
1.000000000 5.826930110 2.118353342 0.004144499 0.046355438 0.929116334 
         vh 
0.325219297 
[1] "New improvement found, resetting step counter"
        step    negloglik           mu     sigma.sq           SE           bt 
2.000000e+00 4.807053e+00 2.151367e+00 3.605983e-03 4.561814e-02 8.234127e-01 
          vh 
1.938676e-05 
        step    negloglik           mu     sigma.sq           SE           bt 
3.000000e+00 4.807053e+00 2.151367e+00 3.605983e-03 4.561814e-02 8.234127e-01 
          vh 
1.938676e-05 
        step    negloglik           mu     sigma.sq           SE           bt 
4.000000e+00 4.807053e+00 2.151367e+00 3.605983e-03 4.561814e-02 8.234127e-01 
          vh 
1.938676e-05 
[1] "Now starting analysis"
[1] "Starting with initial values"
        mu   sigma.sq         bt         vh 
2.07819102 0.13466653 1.00000000 0.06733327 
       step   negloglik          mu    sigma.sq          bt          vh 
 1.00000000 22.20835961  2.13052827  0.13599816  0.84553288  0.01188472 
       step   negloglik          mu    sigma.sq          bt          vh 
 2.00000000 22.20835961  2.13052827  0.13599816  0.84553288  0.01188472 
       step   negloglik          mu    sigma.sq          bt          vh 
 3.00000000 22.20835961  2.13052827  0.13599816  0.84553288  0.01188472 
[1] "Now starting analysis"
[1] "Starting with initial values"
        mu   sigma.sq         SE         vh 
2.07819102 0.13466653 0.06733327 0.06733327 
       step   negloglik          mu    sigma.sq          SE          vh 
1.000000000 5.810340841 2.058988122 0.004533862 0.048219902 0.260037939 
[1] "New improvement found, resetting step counter"
       step   negloglik          mu    sigma.sq          SE          vh 
2.000000000 5.185728049 2.130873688 0.004044083 0.045104676 0.002254730 
[1] "New improvement found, resetting step counter"
        step    negloglik           mu     sigma.sq           SE           vh 
3.0000000000 5.1741142664 2.0958363544 0.0044914376 0.0457130002 0.0001395142 
[1] "New improvement found, but slight; taking the best value, but not resetting the step counter"
        step    negloglik           mu     sigma.sq           SE           vh 
4.0000000000 5.1692498070 2.1123742834 0.0041945089 0.0471361681 0.0001878318 
[1] "New improvement found, but slight; taking the best value, but not resetting the step counter"
        step    negloglik           mu     sigma.sq           SE           vh 
5.0000000000 5.1640410191 2.0825677236 0.0041289669 0.0460586986 0.0008255414 
[1] "Now starting analysis"
[1] "Starting with initial values"
        mu   sigma.sq         vh 
2.07819102 0.13466653 0.06733327 
        step    negloglik           mu     sigma.sq           vh 
 1.000000000 22.230293155  2.042472115  0.134065204  0.000826343 
        step    negloglik           mu     sigma.sq           vh 
 2.000000000 22.230293155  2.042472115  0.134065204  0.000826343 
        step    negloglik           mu     sigma.sq           vh 
 3.000000000 22.230293155  2.042472115  0.134065204  0.000826343 
[1] "Now starting analysis"
[1] "Starting with initial values"
        mu   sigma.sq         SE         bt 
2.07819102 0.13466653 0.06733327 1.00000000 
      step  negloglik         mu   sigma.sq         SE         bt 
1.00000000 4.79978889 2.08279817 0.00388460 0.04682946 0.83981285 
[1] "New improvement found, but slight; taking the best value, but not resetting the step counter"
       step   negloglik          mu    sigma.sq          SE          bt 
2.000000000 4.790099644 2.125592772 0.003874922 0.045373792 0.821190046 
       step   negloglik          mu    sigma.sq          SE          bt 
3.000000000 4.790099644 2.125592772 0.003874922 0.045373792 0.821190046 
[1] "Now starting analysis"
[1] "Starting with initial values"
       mu  sigma.sq        bt 
2.0781910 0.1346665 1.0000000 
      step  negloglik         mu   sigma.sq         bt 
 1.0000000 22.2223563  2.2730214  0.1274506  0.8253742 
[1] "New improvement found, but slight; taking the best value, but not resetting the step counter"
      step  negloglik         mu   sigma.sq         bt 
 2.0000000 22.2196275  2.1262221  0.1385000  0.9563887 
      step  negloglik         mu   sigma.sq         bt 
 3.0000000 22.2196275  2.1262221  0.1385000  0.9563887 
[1] "Now starting analysis"
[1] "Starting with initial values"
        mu   sigma.sq         SE 
2.07819102 0.13466653 0.06733327 
       step   negloglik          mu    sigma.sq          SE 
1.000000000 5.166505368 2.079636136 0.003948735 0.045495310 
[1] "New improvement found, but slight; taking the best value, but not resetting the step counter"
       step   negloglik          mu    sigma.sq          SE 
2.000000000 5.164158842 2.089765995 0.003962988 0.046563284 
[1] "New improvement found, but slight; taking the best value, but not resetting the step counter"
       step   negloglik          mu    sigma.sq          SE 
3.000000000 5.162350675 2.078292695 0.004138343 0.046651963 
[1] "Now starting analysis"
[1] "Starting with initial values"
       mu  sigma.sq 
2.0781910 0.1346665 
      step  negloglik         mu   sigma.sq 
 1.0000000 22.2289700  2.0781910  0.1346665 
      step  negloglik         mu   sigma.sq 
 2.0000000 22.2289700  2.0781910  0.1346665 
      step  negloglik         mu   sigma.sq 
 3.0000000 22.2289700  2.0781910  0.1346665 
