[1] "args"
[1] "66"  "499"
[1] "Now starting analysis"
[1] "Starting with initial values"
       mu  sigma.sq        SE        bt        vh 
0.9059233 0.2098428 0.1049214 1.0000000 0.1049214 
        step    negloglik           mu     sigma.sq           SE           bt 
 1.000000000 47.154699617  0.999880313  0.007954816  0.087629504  1.129174720 
          vh 
 0.129914513 
[1] "New improvement found, resetting step counter"
        step    negloglik           mu     sigma.sq           SE           bt 
 2.000000000 44.184657680  0.721125559  0.005241133  0.089883774  1.743323598 
          vh 
 0.951422606 
[1] "New improvement found, resetting step counter"
        step    negloglik           mu     sigma.sq           SE           bt 
 3.000000000 42.899412452  0.753732237  0.008141919  0.090501827  5.814912198 
          vh 
 0.008064668 
        step    negloglik           mu     sigma.sq           SE           bt 
 4.000000000 42.899412452  0.753732237  0.008141919  0.090501827  5.814912198 
          vh 
 0.008064668 
        step    negloglik           mu     sigma.sq           SE           bt 
 5.000000000 42.899412452  0.753732237  0.008141919  0.090501827  5.814912198 
          vh 
 0.008064668 
[1] "Now starting analysis"
[1] "Starting with initial values"
       mu  sigma.sq        bt        vh 
0.9059233 0.2098428 1.0000000 0.1049214 
       step   negloglik          mu    sigma.sq          bt          vh 
  1.0000000 102.3756970   0.9059233   0.2098428   1.1000000   0.1049214 
[1] "New improvement found, resetting step counter"
       step   negloglik          mu    sigma.sq          bt          vh 
  2.0000000 102.3303339   0.9059233   0.2098428   1.2100000   0.1049214 
       step   negloglik          mu    sigma.sq          bt          vh 
  3.0000000 102.3303339   0.9059233   0.2098428   1.2100000   0.1049214 
       step   negloglik          mu    sigma.sq          bt          vh 
  4.0000000 102.3303339   0.9059233   0.2098428   1.2100000   0.1049214 
[1] "Now starting analysis"
[1] "Starting with initial values"
       mu  sigma.sq        SE        vh 
0.9059233 0.2098428 0.1049214 0.1049214 
        step    negloglik           mu     sigma.sq           SE           vh 
 1.000000000 47.661380386  1.111562386  0.008879147  0.090638060  0.160875556 
[1] "New improvement found, resetting step counter"
        step    negloglik           mu     sigma.sq           SE           vh 
 2.000000000 44.636152216  0.767858041  0.006823425  0.085841102  1.413785554 
[1] "New improvement found, resetting step counter"
       step   negloglik          mu    sigma.sq          SE          vh 
 3.00000000 44.56173661  0.77489722  0.00654758  0.08768895  1.78195326 
       step   negloglik          mu    sigma.sq          SE          vh 
 4.00000000 44.56173661  0.77489722  0.00654758  0.08768895  1.78195326 
       step   negloglik          mu    sigma.sq          SE          vh 
 5.00000000 44.56173661  0.77489722  0.00654758  0.08768895  1.78195326 
[1] "Now starting analysis"
[1] "Starting with initial values"
       mu  sigma.sq        vh 
0.9059233 0.2098428 0.1049214 
       step   negloglik          mu    sigma.sq          vh 
  1.0000000 102.4219795   0.9965157   0.2098428   0.1049214 
       step   negloglik          mu    sigma.sq          vh 
  2.0000000 102.4219795   0.9965157   0.2098428   0.1049214 
       step   negloglik          mu    sigma.sq          vh 
  3.0000000 102.4219795   0.9965157   0.2098428   0.1049214 
[1] "Now starting analysis"
[1] "Starting with initial values"
       mu  sigma.sq        SE        bt 
0.9059233 0.2098428 0.1049214 1.0000000 
       step   negloglik          mu    sigma.sq          SE          bt 
 1.00000000 48.86617044  1.00276531  0.01243872  0.08126265  1.17077245 
[1] "New improvement found, resetting step counter"
        step    negloglik           mu     sigma.sq           SE           bt 
 2.000000000 42.516679832  0.780396305  0.005690764  0.090493770  4.738654577 
        step    negloglik           mu     sigma.sq           SE           bt 
 3.000000000 42.516679832  0.780396305  0.005690764  0.090493770  4.738654577 
        step    negloglik           mu     sigma.sq           SE           bt 
 4.000000000 42.516679832  0.780396305  0.005690764  0.090493770  4.738654577 
[1] "Now starting analysis"
[1] "Starting with initial values"
       mu  sigma.sq        bt 
0.9059233 0.2098428 1.0000000 
       step   negloglik          mu    sigma.sq          bt 
  1.0000000 102.3721721   0.9059233   0.2098428   1.1000000 
[1] "New improvement found, resetting step counter"
       step   negloglik          mu    sigma.sq          bt 
  2.0000000 102.3252789   0.9059233   0.2098428   1.2100000 
       step   negloglik          mu    sigma.sq          bt 
  3.0000000 102.3252789   0.9059233   0.2098428   1.2100000 
       step   negloglik          mu    sigma.sq          bt 
  4.0000000 102.3252789   0.9059233   0.2098428   1.2100000 
[1] "Now starting analysis"
[1] "Starting with initial values"
       mu  sigma.sq        SE 
0.9059233 0.2098428 0.1049214 
       step   negloglik          mu    sigma.sq          SE 
 1.00000000 50.00638955  1.18830766  0.01424699  0.07605494 
[1] "New improvement found, resetting step counter"
       step   negloglik          mu    sigma.sq          SE 
 2.00000000 49.89376588  0.95146221  0.01388740  0.07918351 
[1] "New improvement found, but slight; taking the best value, but not resetting the step counter"
       step   negloglik          mu    sigma.sq          SE 
 3.00000000 49.89231224  0.97988131  0.01405618  0.07683314 
       step   negloglik          mu    sigma.sq          SE 
 4.00000000 49.89231224  0.97988131  0.01405618  0.07683314 
[1] "Now starting analysis"
[1] "Starting with initial values"
       mu  sigma.sq 
0.9059233 0.2098428 
       step   negloglik          mu    sigma.sq 
  1.0000000 102.4197914   0.9965157   0.2098428 
       step   negloglik          mu    sigma.sq 
  2.0000000 102.4197914   0.9965157   0.2098428 
       step   negloglik          mu    sigma.sq 
  3.0000000 102.4197914   0.9965157   0.2098428 
