[1] "args"
[1] "66"  "826"
[1] "Now starting analysis"
[1] "Starting with initial values"
        mu   sigma.sq         SE         bt         vh 
1.75880316 0.02362572 0.01181286 1.00000000 0.01181286 
      step  negloglik         mu   sigma.sq         SE         bt         vh 
1.00000000 1.02497816 0.07560073 0.01154135 0.00137289 1.77691627 0.09516777 
[1] "New improvement found, resetting step counter"
         step     negloglik            mu      sigma.sq            SE 
 2.000000e+00 -3.204287e+00 -7.620369e-02  1.116006e-02  2.822784e-07 
           bt            vh 
 2.478701e+00  3.632506e-06 
         step     negloglik            mu      sigma.sq            SE 
 3.000000e+00 -3.204287e+00 -7.620369e-02  1.116006e-02  2.822784e-07 
           bt            vh 
 2.478701e+00  3.632506e-06 
         step     negloglik            mu      sigma.sq            SE 
 4.000000e+00 -3.204287e+00 -7.620369e-02  1.116006e-02  2.822784e-07 
           bt            vh 
 2.478701e+00  3.632506e-06 
[1] "Now starting analysis"
[1] "Starting with initial values"
        mu   sigma.sq         bt         vh 
1.75880316 0.02362572 1.00000000 0.01181286 
         step     negloglik            mu      sigma.sq            bt 
 1.0000000000 -3.2873190527  0.0822932191  0.0112444763  2.4954345728 
           vh 
 0.0004284518 
[1] "New improvement found, but slight; taking the best value, but not resetting the step counter"
         step     negloglik            mu      sigma.sq            bt 
 2.000000e+00 -3.296696e+00  1.362156e-01  1.122703e-02  2.484625e+00 
           vh 
 2.633605e-06 
         step     negloglik            mu      sigma.sq            bt 
 3.000000e+00 -3.296696e+00  1.362156e-01  1.122703e-02  2.484625e+00 
           vh 
 2.633605e-06 
[1] "Now starting analysis"
[1] "Starting with initial values"
        mu   sigma.sq         SE         vh 
1.75880316 0.02362572 0.01181286 0.01181286 
        step    negloglik           mu     sigma.sq           SE           vh 
1.000000e+00 5.785954e+00 1.588092e+00 1.439530e-02 2.114278e-06 2.881621e-01 
[1] "New improvement found, resetting step counter"
        step    negloglik           mu     sigma.sq           SE           vh 
2.000000e+00 4.724582e+00 1.098637e+00 1.438899e-02 3.919350e-06 7.435059e-01 
[1] "New improvement found, but slight; taking the best value, but not resetting the step counter"
        step    negloglik           mu     sigma.sq           SE           vh 
3.000000e+00 4.715300e+00 1.032295e+00 1.439325e-02 1.147710e-07 8.072514e-01 
        step    negloglik           mu     sigma.sq           SE           vh 
4.000000e+00 4.715300e+00 1.032295e+00 1.439325e-02 1.147710e-07 8.072514e-01 
[1] "Now starting analysis"
[1] "Starting with initial values"
        mu   sigma.sq         vh 
1.75880316 0.02362572 0.01181286 
      step  negloglik         mu   sigma.sq         vh 
1.00000000 4.76448089 0.78165785 0.01285899 0.59032151 
[1] "New improvement found, resetting step counter"
      step  negloglik         mu   sigma.sq         vh 
2.00000000 4.54905720 0.94171124 0.01230864 0.81792558 
[1] "New improvement found, but slight; taking the best value, but not resetting the step counter"
      step  negloglik         mu   sigma.sq         vh 
3.00000000 4.54713922 0.91274425 0.01197344 0.80452805 
[1] "New improvement found, but slight; taking the best value, but not resetting the step counter"
      step  negloglik         mu   sigma.sq         vh 
4.00000000 4.54584058 0.87946481 0.01209818 0.85785227 
[1] "Now starting analysis"
[1] "Starting with initial values"
        mu   sigma.sq         SE         bt 
1.75880316 0.02362572 0.01181286 1.00000000 
         step     negloglik            mu      sigma.sq            SE 
 1.000000e+00 -3.212498e+00  2.822360e-01  1.142726e-02  6.407471e-09 
           bt 
 2.511144e+00 
[1] "New improvement found, resetting step counter"
         step     negloglik            mu      sigma.sq            SE 
 2.000000e+00 -3.294514e+00  1.263402e-01  1.142681e-02  8.532608e-08 
           bt 
 2.488239e+00 
         step     negloglik            mu      sigma.sq            SE 
 3.000000e+00 -3.294514e+00  1.263402e-01  1.142681e-02  8.532608e-08 
           bt 
 2.488239e+00 
         step     negloglik            mu      sigma.sq            SE 
 4.000000e+00 -3.294514e+00  1.263402e-01  1.142681e-02  8.532608e-08 
           bt 
 2.488239e+00 
[1] "Now starting analysis"
[1] "Starting with initial values"
        mu   sigma.sq         bt 
1.75880316 0.02362572 1.00000000 
       step   negloglik          mu    sigma.sq          bt 
 1.00000000 -3.28215884  0.15472723  0.01146267  2.51026377 
[1] "New improvement found, resetting step counter"
       step   negloglik          mu    sigma.sq          bt 
 2.00000000 -3.29721180  0.10521441  0.01124477  2.48554367 
       step   negloglik          mu    sigma.sq          bt 
 3.00000000 -3.29721180  0.10521441  0.01124477  2.48554367 
       step   negloglik          mu    sigma.sq          bt 
 4.00000000 -3.29721180  0.10521441  0.01124477  2.48554367 
[1] "Now starting analysis"
[1] "Starting with initial values"
        mu   sigma.sq         SE 
1.75880316 0.02362572 0.01181286 
       step   negloglik          mu    sigma.sq          SE 
 1.00000000 17.89598744  1.75347596  0.02836029  0.02383966 
[1] "New improvement found, but slight; taking the best value, but not resetting the step counter"
       step   negloglik          mu    sigma.sq          SE 
 2.00000000 17.89248951  1.60762262  0.02720555  0.02445509 
[1] "New improvement found, but slight; taking the best value, but not resetting the step counter"
       step   negloglik          mu    sigma.sq          SE 
 3.00000000 17.88826175  1.67688480  0.02664051  0.02489311 
[1] "Now starting analysis"
[1] "Starting with initial values"
        mu   sigma.sq 
1.75880316 0.02362572 
       step   negloglik          mu    sigma.sq 
 1.00000000 16.97197255  1.66124455  0.04286263 
       step   negloglik          mu    sigma.sq 
 2.00000000 16.97197255  1.66124455  0.04286263 
       step   negloglik          mu    sigma.sq 
 3.00000000 16.97197255  1.66124455  0.04286263 
