[1] "args"
[1] "66"  "430"
[1] "Now starting analysis"
[1] "Starting with initial values"
      mu sigma.sq       SE       bt       vh 
3.592897 0.211962 0.105981 1.000000 0.105981 
        step    negloglik           mu     sigma.sq           SE           bt 
1.000000e+00 2.490700e+01 9.863183e-01 9.911461e-06 1.823158e-01 3.315129e+00 
          vh 
4.053153e+00 
[1] "New improvement found, resetting step counter"
        step    negloglik           mu     sigma.sq           SE           bt 
 2.000000000 21.090276546  1.031323105  0.001072586  0.159430384  2.448319941 
          vh 
 0.222774551 
[1] "New improvement found, resetting step counter"
        step    negloglik           mu     sigma.sq           SE           bt 
3.000000e+00 2.065686e+01 9.542105e-01 7.910149e-06 1.622734e-01 2.477439e+00 
          vh 
2.986030e-01 
        step    negloglik           mu     sigma.sq           SE           bt 
4.000000e+00 2.065686e+01 9.542105e-01 7.910149e-06 1.622734e-01 2.477439e+00 
          vh 
2.986030e-01 
        step    negloglik           mu     sigma.sq           SE           bt 
5.000000e+00 2.065686e+01 9.542105e-01 7.910149e-06 1.622734e-01 2.477439e+00 
          vh 
2.986030e-01 
[1] "Now starting analysis"
[1] "Starting with initial values"
      mu sigma.sq       bt       vh 
3.592897 0.211962 1.000000 0.105981 
        step    negloglik           mu     sigma.sq           bt           vh 
 1.000000000 34.237940399  3.224013127  0.190583789  2.092243061  0.004342586 
[1] "New improvement found, resetting step counter"
        step    negloglik           mu     sigma.sq           bt           vh 
 2.000000000 33.776425671  1.476422859  0.184847482  2.087543426  0.009032392 
        step    negloglik           mu     sigma.sq           bt           vh 
 3.000000000 33.776425671  1.476422859  0.184847482  2.087543426  0.009032392 
[1] "New improvement found, resetting step counter"
        step    negloglik           mu     sigma.sq           bt           vh 
 4.000000000 33.716806007  1.540270336  0.181620046  2.230663988  0.006467782 
        step    negloglik           mu     sigma.sq           bt           vh 
 5.000000000 33.716806007  1.540270336  0.181620046  2.230663988  0.006467782 
        step    negloglik           mu     sigma.sq           bt           vh 
 6.000000000 33.716806007  1.540270336  0.181620046  2.230663988  0.006467782 
[1] "Now starting analysis"
[1] "Starting with initial values"
      mu sigma.sq       SE       vh 
3.592897 0.211962 0.105981 0.105981 
        step    negloglik           mu     sigma.sq           SE           vh 
1.000000e+00 2.725353e+01 9.436164e-01 6.841870e-06 1.405102e-01 1.110894e+00 
[1] "New improvement found, resetting step counter"
        step    negloglik           mu     sigma.sq           SE           vh 
2.000000e+00 2.579236e+01 9.793325e-01 2.192459e-06 1.384726e-01 2.780969e+00 
        step    negloglik           mu     sigma.sq           SE           vh 
3.000000e+00 2.579236e+01 9.793325e-01 2.192459e-06 1.384726e-01 2.780969e+00 
        step    negloglik           mu     sigma.sq           SE           vh 
4.000000e+00 2.579236e+01 9.793325e-01 2.192459e-06 1.384726e-01 2.780969e+00 
[1] "Now starting analysis"
[1] "Starting with initial values"
      mu sigma.sq       vh 
3.592897 0.211962 0.105981 
     step negloglik        mu  sigma.sq        vh 
 1.000000 36.990896  2.972826  0.191447  1.158160 
     step negloglik        mu  sigma.sq        vh 
 2.000000 36.990896  2.972826  0.191447  1.158160 
     step negloglik        mu  sigma.sq        vh 
 3.000000 36.990896  2.972826  0.191447  1.158160 
[1] "Now starting analysis"
[1] "Starting with initial values"
      mu sigma.sq       SE       bt 
3.592897 0.211962 0.105981 1.000000 
       step   negloglik          mu    sigma.sq          SE          bt 
 1.00000000 23.46849655  1.05936173  0.01426589  0.14930329  2.49223776 
       step   negloglik          mu    sigma.sq          SE          bt 
 2.00000000 23.46849655  1.05936173  0.01426589  0.14930329  2.49223776 
       step   negloglik          mu    sigma.sq          SE          bt 
 3.00000000 23.46849655  1.05936173  0.01426589  0.14930329  2.49223776 
[1] "Now starting analysis"
[1] "Starting with initial values"
      mu sigma.sq       bt 
3.592897 0.211962 1.000000 
      step  negloglik         mu   sigma.sq         bt 
 1.0000000 33.7375730  1.1763972  0.1841197  2.3986738 
[1] "New improvement found, resetting step counter"
      step  negloglik         mu   sigma.sq         bt 
 2.0000000 33.7003110  1.3929441  0.1741252  2.2154418 
      step  negloglik         mu   sigma.sq         bt 
 3.0000000 33.7003110  1.3929441  0.1741252  2.2154418 
      step  negloglik         mu   sigma.sq         bt 
 4.0000000 33.7003110  1.3929441  0.1741252  2.2154418 
[1] "Now starting analysis"
[1] "Starting with initial values"
      mu sigma.sq       SE 
3.592897 0.211962 0.105981 
       step   negloglik          mu    sigma.sq          SE 
 1.00000000 35.84648894  3.74958688  0.12804405  0.09848709 
[1] "New improvement found, but slight; taking the best value, but not resetting the step counter"
       step   negloglik          mu    sigma.sq          SE 
 2.00000000 35.84399852  3.63278299  0.12534072  0.08482577 
       step   negloglik          mu    sigma.sq          SE 
 3.00000000 35.84399852  3.63278299  0.12534072  0.08482577 
[1] "Now starting analysis"
[1] "Starting with initial values"
      mu sigma.sq 
3.592897 0.211962 
      step  negloglik         mu   sigma.sq 
 1.0000000 38.6252644  3.5311437  0.2456454 
      step  negloglik         mu   sigma.sq 
 2.0000000 38.6252644  3.5311437  0.2456454 
      step  negloglik         mu   sigma.sq 
 3.0000000 38.6252644  3.5311437  0.2456454 
