000 (066.1458.000) 07/26 17:14:46 Job submitted from host: <160.36.155.106:9618?addrs=160.36.155.106-9618&noUDP&sock=27742_4872_4>
...
012 (066.1458.000) 08/03 14:17:14 Job was held.
	via condor_hold (by user bomeara)
	Code 1 Subcode 0
...
013 (066.1458.000) 08/05 22:28:01 Job was released.
	via condor_release (by user bomeara)
...
012 (066.1458.000) 08/09 10:36:07 Job was held.
	via condor_hold (by user bomeara)
	Code 1 Subcode 0
...
013 (066.1458.000) 08/09 13:05:19 Job was released.
	via condor_release (by user bomeara)
...
001 (066.1458.000) 09/13 15:37:25 Job executing on host: <10.128.121.58:9618?addrs=10.128.121.58-9618&noUDP&sock=2350_7ba6_4>
...
006 (066.1458.000) 09/13 15:37:34 Image size of job updated: 232576
	228  -  MemoryUsage of job (MB)
	232576  -  ResidentSetSize of job (KB)
...
006 (066.1458.000) 09/13 15:42:36 Image size of job updated: 232592
	228  -  MemoryUsage of job (MB)
	232592  -  ResidentSetSize of job (KB)
...
005 (066.1458.000) 09/13 17:42:44 Job terminated.
	(1) Normal termination (return value 0)
		Usr 0 02:05:06, Sys 0 00:00:00  -  Run Remote Usage
		Usr 0 00:00:00, Sys 0 00:00:00  -  Run Local Usage
		Usr 0 02:05:06, Sys 0 00:00:00  -  Total Remote Usage
		Usr 0 00:00:00, Sys 0 00:00:00  -  Total Local Usage
	28378  -  Run Bytes Sent By Job
	2422  -  Run Bytes Received By Job
	28378  -  Total Bytes Sent By Job
	2422  -  Total Bytes Received By Job
	Partitionable Resources :    Usage  Request Allocated 
	   Cpus                 :     1.00        1         1 
	   Disk (KB)            :    46           4    888331 
	   Memory (MB)          :   228           1       128 
...
