000 (066.1256.000) 07/26 17:14:46 Job submitted from host: <160.36.155.106:9618?addrs=160.36.155.106-9618&noUDP&sock=27742_4872_4>
...
012 (066.1256.000) 08/03 14:17:04 Job was held.
	via condor_hold (by user bomeara)
	Code 1 Subcode 0
...
013 (066.1256.000) 08/05 22:27:51 Job was released.
	via condor_release (by user bomeara)
...
012 (066.1256.000) 08/09 10:35:54 Job was held.
	via condor_hold (by user bomeara)
	Code 1 Subcode 0
...
013 (066.1256.000) 08/09 13:05:09 Job was released.
	via condor_release (by user bomeara)
...
001 (066.1256.000) 08/31 08:36:43 Job executing on host: <10.129.199.164:9618?addrs=10.129.199.164-9618&noUDP&sock=2350_7ba6_4>
...
006 (066.1256.000) 08/31 08:36:52 Image size of job updated: 220620
	216  -  MemoryUsage of job (MB)
	220620  -  ResidentSetSize of job (KB)
...
006 (066.1256.000) 08/31 08:41:53 Image size of job updated: 229300
	224  -  MemoryUsage of job (MB)
	229300  -  ResidentSetSize of job (KB)
...
005 (066.1256.000) 09/01 03:18:15 Job terminated.
	(1) Normal termination (return value 0)
		Usr 0 18:40:04, Sys 0 00:00:05  -  Run Remote Usage
		Usr 0 00:00:00, Sys 0 00:00:00  -  Run Local Usage
		Usr 0 18:40:04, Sys 0 00:00:05  -  Total Remote Usage
		Usr 0 00:00:00, Sys 0 00:00:00  -  Total Local Usage
	27842  -  Run Bytes Sent By Job
	2422  -  Run Bytes Received By Job
	27842  -  Total Bytes Sent By Job
	2422  -  Total Bytes Received By Job
	Partitionable Resources :    Usage  Request Allocated 
	   Cpus                 :     1.00        1         1 
	   Disk (KB)            :    45           4    889887 
	   Memory (MB)          :   224           1       128 
...
