[1] "args"
[1] "66"   "1613"
[1] "Now starting analysis"
[1] "Starting with initial values"
         mu    sigma.sq          SE          bt          vh 
1.779405194 0.010282244 0.005141122 1.000000000 0.005141122 
         step     negloglik            mu      sigma.sq            SE 
 1.000000e+00 -1.622462e+01  1.350508e+00  9.354789e-03  9.165449e-04 
           bt            vh 
 1.244192e+00  1.418845e-02 
         step     negloglik            mu      sigma.sq            SE 
 2.000000e+00 -1.622462e+01  1.350508e+00  9.354789e-03  9.165449e-04 
           bt            vh 
 1.244192e+00  1.418845e-02 
         step     negloglik            mu      sigma.sq            SE 
 3.000000e+00 -1.622462e+01  1.350508e+00  9.354789e-03  9.165449e-04 
           bt            vh 
 1.244192e+00  1.418845e-02 
[1] "Now starting analysis"
[1] "Starting with initial values"
         mu    sigma.sq          bt          vh 
1.779405194 0.010282244 1.000000000 0.005141122 
         step     negloglik            mu      sigma.sq            bt 
  1.000000000 -15.939111560   1.328021924   0.010291288   1.257297998 
           vh 
  0.007165892 
         step     negloglik            mu      sigma.sq            bt 
  2.000000000 -15.939111560   1.328021924   0.010291288   1.257297998 
           vh 
  0.007165892 
         step     negloglik            mu      sigma.sq            bt 
  3.000000000 -15.939111560   1.328021924   0.010291288   1.257297998 
           vh 
  0.007165892 
[1] "Now starting analysis"
[1] "Starting with initial values"
         mu    sigma.sq          SE          vh 
1.779405194 0.010282244 0.005141122 0.005141122 
         step     negloglik            mu      sigma.sq            SE 
  1.000000000 -15.848606023   1.835690736   0.009099705   0.001074096 
           vh 
  0.071160507 
[1] "New improvement found, but slight; taking the best value, but not resetting the step counter"
         step     negloglik            mu      sigma.sq            SE 
  2.000000000 -15.857563233   1.818726600   0.009118624   0.001134724 
           vh 
  0.062631134 
[1] "New improvement found, resetting step counter"
         step     negloglik            mu      sigma.sq            SE 
  3.000000000 -15.889381917   1.763705763   0.009413539   0.000910050 
           vh 
  0.063416808 
         step     negloglik            mu      sigma.sq            SE 
  4.000000000 -15.889381917   1.763705763   0.009413539   0.000910050 
           vh 
  0.063416808 
         step     negloglik            mu      sigma.sq            SE 
  5.000000000 -15.889381917   1.763705763   0.009413539   0.000910050 
           vh 
  0.063416808 
[1] "Now starting analysis"
[1] "Starting with initial values"
         mu    sigma.sq          vh 
1.779405194 0.010282244 0.005141122 
        step    negloglik           mu     sigma.sq           vh 
  1.00000000 -15.58124372   1.76146299   0.01028734   0.04770236 
        step    negloglik           mu     sigma.sq           vh 
  2.00000000 -15.58124372   1.76146299   0.01028734   0.04770236 
        step    negloglik           mu     sigma.sq           vh 
  3.00000000 -15.58124372   1.76146299   0.01028734   0.04770236 
[1] "Now starting analysis"
[1] "Starting with initial values"
         mu    sigma.sq          SE          bt 
1.779405194 0.010282244 0.005141122 1.000000000 
         step     negloglik            mu      sigma.sq            SE 
 1.000000e+00 -1.620867e+01  1.283382e+00  9.553066e-03  8.705316e-04 
           bt 
 1.270833e+00 
         step     negloglik            mu      sigma.sq            SE 
 2.000000e+00 -1.620867e+01  1.283382e+00  9.553066e-03  8.705316e-04 
           bt 
 1.270833e+00 
         step     negloglik            mu      sigma.sq            SE 
 3.000000e+00 -1.620867e+01  1.283382e+00  9.553066e-03  8.705316e-04 
           bt 
 1.270833e+00 
[1] "Now starting analysis"
[1] "Starting with initial values"
        mu   sigma.sq         bt 
1.77940519 0.01028224 1.00000000 
        step    negloglik           mu     sigma.sq           bt 
  1.00000000 -15.92008503   1.26927046   0.01051467   1.25922461 
[1] "New improvement found, but slight; taking the best value, but not resetting the step counter"
        step    negloglik           mu     sigma.sq           bt 
  2.00000000 -15.92939900   1.32577889   0.01022545   1.27342402 
[1] "New improvement found, but slight; taking the best value, but not resetting the step counter"
        step    negloglik           mu     sigma.sq           bt 
  3.00000000 -15.93688904   1.30218876   0.01027311   1.26628840 
[1] "Now starting analysis"
[1] "Starting with initial values"
         mu    sigma.sq          SE 
1.779405194 0.010282244 0.005141122 
         step     negloglik            mu      sigma.sq            SE 
 1.000000e+00 -1.565651e+01  1.763684e+00  9.492852e-03  8.177168e-04 
         step     negloglik            mu      sigma.sq            SE 
 2.000000e+00 -1.565651e+01  1.763684e+00  9.492852e-03  8.177168e-04 
         step     negloglik            mu      sigma.sq            SE 
 3.000000e+00 -1.565651e+01  1.763684e+00  9.492852e-03  8.177168e-04 
[1] "Now starting analysis"
[1] "Starting with initial values"
        mu   sigma.sq 
1.77940519 0.01028224 
        step    negloglik           mu     sigma.sq 
  1.00000000 -15.43161096   1.75285639   0.01055376 
        step    negloglik           mu     sigma.sq 
  2.00000000 -15.43161096   1.75285639   0.01055376 
        step    negloglik           mu     sigma.sq 
  3.00000000 -15.43161096   1.75285639   0.01055376 
