[1] "args"
[1] "66"  "428"
[1] "Now starting analysis"
[1] "Starting with initial values"
        mu   sigma.sq         SE         bt         vh 
2.38264668 0.12785195 0.06392598 1.00000000 0.06392598 
        step    negloglik           mu     sigma.sq           SE           bt 
 1.000000000 19.506590763  0.599919016  0.007172379  0.109932398  3.244920430 
          vh 
 0.220985112 
[1] "New improvement found, resetting step counter"
        step    negloglik           mu     sigma.sq           SE           bt 
 2.000000000 18.514451506  0.675207318  0.009481883  0.101805164  2.688019460 
          vh 
 0.001445037 
[1] "New improvement found, resetting step counter"
        step    negloglik           mu     sigma.sq           SE           bt 
 3.000000000 18.477893164  0.516868745  0.010036110  0.105027540  2.742085757 
          vh 
 0.003323115 
[1] "New improvement found, resetting step counter"
        step    negloglik           mu     sigma.sq           SE           bt 
4.000000e+00 1.835425e+01 6.874565e-01 5.302357e-03 1.348641e-01 2.629069e+00 
          vh 
1.707955e-04 
        step    negloglik           mu     sigma.sq           SE           bt 
5.000000e+00 1.835425e+01 6.874565e-01 5.302357e-03 1.348641e-01 2.629069e+00 
          vh 
1.707955e-04 
        step    negloglik           mu     sigma.sq           SE           bt 
6.000000e+00 1.835425e+01 6.874565e-01 5.302357e-03 1.348641e-01 2.629069e+00 
          vh 
1.707955e-04 
[1] "Now starting analysis"
[1] "Starting with initial values"
        mu   sigma.sq         bt         vh 
2.38264668 0.12785195 1.00000000 0.06392598 
       step   negloglik          mu    sigma.sq          bt          vh 
 1.00000000 24.78759304  0.88968664  0.11422209  3.02032885  0.01408858 
[1] "New improvement found, resetting step counter"
        step    negloglik           mu     sigma.sq           bt           vh 
 2.000000000 24.687744443  0.385584633  0.115318991  2.831169085  0.007474377 
        step    negloglik           mu     sigma.sq           bt           vh 
 3.000000000 24.687744443  0.385584633  0.115318991  2.831169085  0.007474377 
        step    negloglik           mu     sigma.sq           bt           vh 
 4.000000000 24.687744443  0.385584633  0.115318991  2.831169085  0.007474377 
[1] "Now starting analysis"
[1] "Starting with initial values"
        mu   sigma.sq         SE         vh 
2.38264668 0.12785195 0.06392598 0.06392598 
        step    negloglik           mu     sigma.sq           SE           vh 
 1.000000000 22.368929027  0.648304881  0.007466837  0.122537636  3.245512421 
[1] "New improvement found, resetting step counter"
        step    negloglik           mu     sigma.sq           SE           vh 
 2.000000000 22.329921435  0.643446590  0.008534323  0.120313206  3.986050058 
        step    negloglik           mu     sigma.sq           SE           vh 
 3.000000000 22.329921435  0.643446590  0.008534323  0.120313206  3.986050058 
        step    negloglik           mu     sigma.sq           SE           vh 
 4.000000000 22.329921435  0.643446590  0.008534323  0.120313206  3.986050058 
[1] "Now starting analysis"
[1] "Starting with initial values"
        mu   sigma.sq         vh 
2.38264668 0.12785195 0.06392598 
      step  negloglik         mu   sigma.sq         vh 
 1.0000000 27.0889789  1.0262754  0.1199925  2.7271679 
[1] "New improvement found, resetting step counter"
      step  negloglik         mu   sigma.sq         vh 
 2.0000000 27.0662205  1.2989922  0.1199925  2.7271679 
[1] "New improvement found, but slight; taking the best value, but not resetting the step counter"
      step  negloglik         mu   sigma.sq         vh 
 3.0000000 27.0589924  1.3782365  0.1221085  3.1153718 
      step  negloglik         mu   sigma.sq         vh 
 4.0000000 27.0589924  1.3782365  0.1221085  3.1153718 
[1] "Now starting analysis"
[1] "Starting with initial values"
        mu   sigma.sq         SE         bt 
2.38264668 0.12785195 0.06392598 1.00000000 
        step    negloglik           mu     sigma.sq           SE           bt 
 1.000000000 18.337179550  0.607878100  0.006515037  0.119292218  2.640630031 
[1] "New improvement found, but slight; taking the best value, but not resetting the step counter"
      step  negloglik         mu   sigma.sq         SE         bt 
 2.0000000 18.3325784  0.5490456  0.0066023  0.1222679  2.6513937 
[1] "New improvement found, but slight; taking the best value, but not resetting the step counter"
        step    negloglik           mu     sigma.sq           SE           bt 
 3.000000000 18.322627383  0.559991649  0.006027029  0.125346113  2.635692500 
[1] "Now starting analysis"
[1] "Starting with initial values"
      mu sigma.sq       bt 
2.382647 0.127852 1.000000 
      step  negloglik         mu   sigma.sq         bt 
 1.0000000 24.6796364  0.3385262  0.1124033  2.8834369 
      step  negloglik         mu   sigma.sq         bt 
 2.0000000 24.6796364  0.3385262  0.1124033  2.8834369 
[1] "New improvement found, but slight; taking the best value, but not resetting the step counter"
      step  negloglik         mu   sigma.sq         bt 
 3.0000000 24.6790575  0.2758523  0.1134661  2.9400549 
[1] "Now starting analysis"
[1] "Starting with initial values"
        mu   sigma.sq         SE 
2.38264668 0.12785195 0.06392598 
       step   negloglik          mu    sigma.sq          SE 
 1.00000000 26.89084925  2.89223904  0.08933201  0.04268641 
[1] "New improvement found, resetting step counter"
       step   negloglik          mu    sigma.sq          SE 
 2.00000000 26.84586535  3.28226850  0.08642658  0.03679665 
       step   negloglik          mu    sigma.sq          SE 
 3.00000000 26.84586535  3.28226850  0.08642658  0.03679665 
       step   negloglik          mu    sigma.sq          SE 
 4.00000000 26.84586535  3.28226850  0.08642658  0.03679665 
[1] "Now starting analysis"
[1] "Starting with initial values"
      mu sigma.sq 
2.382647 0.127852 
      step  negloglik         mu   sigma.sq 
 1.0000000 27.8800607  2.8482400  0.1385552 
[1] "New improvement found, resetting step counter"
      step  negloglik         mu   sigma.sq 
 2.0000000 27.8557571  3.1330640  0.1385552 
      step  negloglik         mu   sigma.sq 
 3.0000000 27.8557571  3.1330640  0.1385552 
      step  negloglik         mu   sigma.sq 
 4.0000000 27.8557571  3.1330640  0.1385552 
