[1] "args"
[1] "66"  "248"
[1] "Now starting analysis"
[1] "Starting with initial values"
        mu   sigma.sq         SE         bt         vh 
2.37990169 0.05798972 0.02899486 1.00000000 0.02899486 
        step    negloglik           mu     sigma.sq           SE           bt 
1.000000e+00 7.742194e+00 3.346041e+00 1.406736e-02 7.159951e-06 1.330061e+00 
          vh 
1.223583e+00 
[1] "New improvement found, resetting step counter"
        step    negloglik           mu     sigma.sq           SE           bt 
2.000000e+00 2.573821e+00 4.712641e-01 1.381056e-02 2.381011e-06 4.680371e+00 
          vh 
1.616050e-01 
        step    negloglik           mu     sigma.sq           SE           bt 
3.000000e+00 2.573821e+00 4.712641e-01 1.381056e-02 2.381011e-06 4.680371e+00 
          vh 
1.616050e-01 
[1] "New improvement found, resetting step counter"
        step    negloglik           mu     sigma.sq           SE           bt 
4.000000e+00 2.562902e+00 4.752763e-01 1.332680e-02 4.015852e-06 4.732366e+00 
          vh 
1.727737e-01 
        step    negloglik           mu     sigma.sq           SE           bt 
5.000000e+00 2.562902e+00 4.752763e-01 1.332680e-02 4.015852e-06 4.732366e+00 
          vh 
1.727737e-01 
        step    negloglik           mu     sigma.sq           SE           bt 
6.000000e+00 2.562902e+00 4.752763e-01 1.332680e-02 4.015852e-06 4.732366e+00 
          vh 
1.727737e-01 
[1] "Now starting analysis"
[1] "Starting with initial values"
        mu   sigma.sq         bt         vh 
2.37990169 0.05798972 1.00000000 0.02899486 
      step  negloglik         mu   sigma.sq         bt         vh 
1.00000000 3.12303719 0.97818190 0.01735274 4.70058355 0.13155193 
[1] "New improvement found, resetting step counter"
      step  negloglik         mu   sigma.sq         bt         vh 
2.00000000 2.56184867 0.47153603 0.01345116 4.77695500 0.17707593 
      step  negloglik         mu   sigma.sq         bt         vh 
3.00000000 2.56184867 0.47153603 0.01345116 4.77695500 0.17707593 
      step  negloglik         mu   sigma.sq         bt         vh 
4.00000000 2.56184867 0.47153603 0.01345116 4.77695500 0.17707593 
[1] "Now starting analysis"
[1] "Starting with initial values"
        mu   sigma.sq         SE         vh 
2.37990169 0.05798972 0.02899486 0.02899486 
        step    negloglik           mu     sigma.sq           SE           vh 
1.0000000000 8.6615114142 2.2251352915 0.0136423599 0.0001238249 0.9386188016 
[1] "New improvement found, resetting step counter"
        step    negloglik           mu     sigma.sq           SE           vh 
2.000000e+00 7.524139e+00 1.414820e+00 1.361590e-02 1.852731e-05 2.050430e+00 
[1] "New improvement found, resetting step counter"
        step    negloglik           mu     sigma.sq           SE           vh 
3.000000e+00 7.483018e+00 1.735532e+00 1.250894e-02 1.351899e-05 2.166716e+00 
[1] "New improvement found, resetting step counter"
        step    negloglik           mu     sigma.sq           SE           vh 
4.000000e+00 7.457530e+00 1.909455e+00 1.298750e-02 9.305857e-06 2.168916e+00 
        step    negloglik           mu     sigma.sq           SE           vh 
5.000000e+00 7.457530e+00 1.909455e+00 1.298750e-02 9.305857e-06 2.168916e+00 
        step    negloglik           mu     sigma.sq           SE           vh 
6.000000e+00 7.457530e+00 1.909455e+00 1.298750e-02 9.305857e-06 2.168916e+00 
[1] "Now starting analysis"
[1] "Starting with initial values"
        mu   sigma.sq         vh 
2.37990169 0.05798972 0.02899486 
       step   negloglik          mu    sigma.sq          vh 
 1.00000000 10.70498065  1.32553374  0.01335189  0.59603206 
[1] "New improvement found, resetting step counter"
      step  negloglik         mu   sigma.sq         vh 
2.00000000 7.45138368 1.89334026 0.01325632 2.21077235 
      step  negloglik         mu   sigma.sq         vh 
3.00000000 7.45138368 1.89334026 0.01325632 2.21077235 
      step  negloglik         mu   sigma.sq         vh 
4.00000000 7.45138368 1.89334026 0.01325632 2.21077235 
[1] "Now starting analysis"
[1] "Starting with initial values"
        mu   sigma.sq         SE         bt 
2.37990169 0.05798972 0.02899486 1.00000000 
        step    negloglik           mu     sigma.sq           SE           bt 
1.000000e+00 6.715501e+00 2.507120e+00 2.090331e-02 4.087694e-06 3.957954e+00 
[1] "New improvement found, resetting step counter"
        step    negloglik           mu     sigma.sq           SE           bt 
2.000000e+00 3.756047e+00 7.785246e-01 2.072852e-02 2.099952e-06 4.393802e+00 
[1] "New improvement found, resetting step counter"
        step    negloglik           mu     sigma.sq           SE           bt 
3.000000e+00 3.590149e+00 8.116734e-01 1.923996e-02 2.266683e-06 4.287142e+00 
        step    negloglik           mu     sigma.sq           SE           bt 
4.000000e+00 3.590149e+00 8.116734e-01 1.923996e-02 2.266683e-06 4.287142e+00 
        step    negloglik           mu     sigma.sq           SE           bt 
5.000000e+00 3.590149e+00 8.116734e-01 1.923996e-02 2.266683e-06 4.287142e+00 
[1] "Now starting analysis"
[1] "Starting with initial values"
        mu   sigma.sq         bt 
2.37990169 0.05798972 1.00000000 
      step  negloglik         mu   sigma.sq         bt 
1.00000000 3.48385404 0.83581475 0.01752292 4.30409763 
[1] "New improvement found, resetting step counter"
      step  negloglik         mu   sigma.sq         bt 
2.00000000 3.47308003 0.80598606 0.01713271 4.33699552 
[1] "New improvement found, but slight; taking the best value, but not resetting the step counter"
      step  negloglik         mu   sigma.sq         bt 
3.00000000 3.47247278 0.78893034 0.01712189 4.34303021 
      step  negloglik         mu   sigma.sq         bt 
4.00000000 3.47247278 0.78893034 0.01712189 4.34303021 
[1] "Now starting analysis"
[1] "Starting with initial values"
        mu   sigma.sq         SE 
2.37990169 0.05798972 0.02899486 
        step    negloglik           mu     sigma.sq           SE 
1.000000e+00 3.054825e+01 2.473190e+00 1.043364e-01 4.952280e-05 
[1] "New improvement found, resetting step counter"
        step    negloglik           mu     sigma.sq           SE 
2.000000e+00 3.053060e+01 2.720509e+00 1.043364e-01 4.952280e-05 
        step    negloglik           mu     sigma.sq           SE 
3.000000e+00 3.053060e+01 2.720509e+00 1.043364e-01 4.952280e-05 
        step    negloglik           mu     sigma.sq           SE 
4.000000e+00 3.053060e+01 2.720509e+00 1.043364e-01 4.952280e-05 
[1] "Now starting analysis"
[1] "Starting with initial values"
        mu   sigma.sq 
2.37990169 0.05798972 
      step  negloglik         mu   sigma.sq 
 1.0000000 30.5257816  2.7145754  0.1026129 
      step  negloglik         mu   sigma.sq 
 2.0000000 30.5257816  2.7145754  0.1026129 
      step  negloglik         mu   sigma.sq 
 3.0000000 30.5257816  2.7145754  0.1026129 
