[1] "args"
[1] "66"  "197"
[1] "Now starting analysis"
[1] "Starting with initial values"
        mu   sigma.sq         SE         bt         vh 
0.59922714 0.13850994 0.06925497 1.00000000 0.06925497 
       step   negloglik          mu    sigma.sq          SE          bt 
 1.00000000 47.14902111  0.59816994  0.01078223  0.06300884  1.07990478 
         vh 
 0.11369772 
[1] "New improvement found, resetting step counter"
        step    negloglik           mu     sigma.sq           SE           bt 
 2.000000000 46.165125591  0.595125868  0.011078797  0.065691128  1.047954457 
          vh 
 0.001341285 
        step    negloglik           mu     sigma.sq           SE           bt 
 3.000000000 46.165125591  0.595125868  0.011078797  0.065691128  1.047954457 
          vh 
 0.001341285 
        step    negloglik           mu     sigma.sq           SE           bt 
 4.000000000 46.165125591  0.595125868  0.011078797  0.065691128  1.047954457 
          vh 
 0.001341285 
[1] "Now starting analysis"
[1] "Starting with initial values"
        mu   sigma.sq         bt         vh 
0.59922714 0.13850994 1.00000000 0.06925497 
        step    negloglik           mu     sigma.sq           bt           vh 
 1.000000000 91.347362988  0.634129858  0.135179604  1.010000375  0.004498247 
        step    negloglik           mu     sigma.sq           bt           vh 
 2.000000000 91.347362988  0.634129858  0.135179604  1.010000375  0.004498247 
        step    negloglik           mu     sigma.sq           bt           vh 
 3.000000000 91.347362988  0.634129858  0.135179604  1.010000375  0.004498247 
[1] "Now starting analysis"
[1] "Starting with initial values"
        mu   sigma.sq         SE         vh 
0.59922714 0.13850994 0.06925497 0.06925497 
       step   negloglik          mu    sigma.sq          SE          vh 
 1.00000000 46.73085763  0.64936530  0.01116508  0.06926414  0.06053584 
[1] "New improvement found, resetting step counter"
        step    negloglik           mu     sigma.sq           SE           vh 
2.000000e+00 4.626836e+01 6.930527e-01 1.114187e-02 6.740053e-02 9.209261e-04 
[1] "New improvement found, resetting step counter"
        step    negloglik           mu     sigma.sq           SE           vh 
3.000000e+00 4.623366e+01 6.292165e-01 1.069131e-02 6.879689e-02 1.787988e-04 
        step    negloglik           mu     sigma.sq           SE           vh 
4.000000e+00 4.623366e+01 6.292165e-01 1.069131e-02 6.879689e-02 1.787988e-04 
        step    negloglik           mu     sigma.sq           SE           vh 
5.000000e+00 4.623366e+01 6.292165e-01 1.069131e-02 6.879689e-02 1.787988e-04 
[1] "Now starting analysis"
[1] "Starting with initial values"
        mu   sigma.sq         vh 
0.59922714 0.13850994 0.06925497 
      step  negloglik         mu   sigma.sq         vh 
 1.0000000 91.3770927  0.6067175  0.1360132  0.0168226 
      step  negloglik         mu   sigma.sq         vh 
 2.0000000 91.3770927  0.6067175  0.1360132  0.0168226 
      step  negloglik         mu   sigma.sq         vh 
 3.0000000 91.3770927  0.6067175  0.1360132  0.0168226 
[1] "Now starting analysis"
[1] "Starting with initial values"
        mu   sigma.sq         SE         bt 
0.59922714 0.13850994 0.06925497 1.00000000 
       step   negloglik          mu    sigma.sq          SE          bt 
 1.00000000 46.19692368  0.60933630  0.01112188  0.06334740  1.04605351 
[1] "New improvement found, resetting step counter"
       step   negloglik          mu    sigma.sq          SE          bt 
 2.00000000 46.17617887  0.57539389  0.01065337  0.06368503  1.03888413 
[1] "New improvement found, resetting step counter"
       step   negloglik          mu    sigma.sq          SE          bt 
 3.00000000 46.14978501  0.57335038  0.01076067  0.06861233  1.05433787 
[1] "New improvement found, but slight; taking the best value, but not resetting the step counter"
       step   negloglik          mu    sigma.sq          SE          bt 
 4.00000000 46.14520348  0.56811512  0.01130396  0.06714422  1.04677999 
       step   negloglik          mu    sigma.sq          SE          bt 
 5.00000000 46.14520348  0.56811512  0.01130396  0.06714422  1.04677999 
[1] "Now starting analysis"
[1] "Starting with initial values"
       mu  sigma.sq        bt 
0.5992271 0.1385099 1.0000000 
      step  negloglik         mu   sigma.sq         bt 
 1.0000000 91.3638507  0.5992271  0.1385099  1.0000000 
      step  negloglik         mu   sigma.sq         bt 
 2.0000000 91.3638507  0.5992271  0.1385099  1.0000000 
[1] "New improvement found, resetting step counter"
      step  negloglik         mu   sigma.sq         bt 
 3.0000000 91.3523158  0.7484219  0.1318726  1.0034715 
      step  negloglik         mu   sigma.sq         bt 
 4.0000000 91.3523158  0.7484219  0.1318726  1.0034715 
      step  negloglik         mu   sigma.sq         bt 
 5.0000000 91.3523158  0.7484219  0.1318726  1.0034715 
[1] "Now starting analysis"
[1] "Starting with initial values"
        mu   sigma.sq         SE 
0.59922714 0.13850994 0.06925497 
       step   negloglik          mu    sigma.sq          SE 
 1.00000000 46.23388107  0.62933333  0.01073836  0.06895066 
       step   negloglik          mu    sigma.sq          SE 
 2.00000000 46.23388107  0.62933333  0.01073836  0.06895066 
[1] "New improvement found, but slight; taking the best value, but not resetting the step counter"
       step   negloglik          mu    sigma.sq          SE 
 3.00000000 46.23375054  0.64877937  0.01070871  0.06770057 
[1] "Now starting analysis"
[1] "Starting with initial values"
       mu  sigma.sq 
0.5992271 0.1385099 
      step  negloglik         mu   sigma.sq 
 1.0000000 91.3502517  0.6329337  0.1310196 
      step  negloglik         mu   sigma.sq 
 2.0000000 91.3502517  0.6329337  0.1310196 
      step  negloglik         mu   sigma.sq 
 3.0000000 91.3502517  0.6329337  0.1310196 
