000 (066.063.000) 07/26 17:14:45 Job submitted from host: <160.36.155.106:9618?addrs=160.36.155.106-9618&noUDP&sock=27742_4872_4>
...
001 (066.063.000) 07/26 17:14:50 Job executing on host: <10.130.107.8:9618?addrs=10.130.107.8-9618&noUDP&sock=69199_5635_4>
...
006 (066.063.000) 07/26 17:14:59 Image size of job updated: 243272
	238  -  MemoryUsage of job (MB)
	243124  -  ResidentSetSize of job (KB)
...
006 (066.063.000) 07/26 17:20:00 Image size of job updated: 246712
	241  -  MemoryUsage of job (MB)
	246564  -  ResidentSetSize of job (KB)
...
006 (066.063.000) 07/26 17:25:00 Image size of job updated: 246728
	241  -  MemoryUsage of job (MB)
	246580  -  ResidentSetSize of job (KB)
...
006 (066.063.000) 07/27 00:05:41 Image size of job updated: 246732
	241  -  MemoryUsage of job (MB)
	246580  -  ResidentSetSize of job (KB)
...
006 (066.063.000) 07/27 07:51:31 Image size of job updated: 248768
	243  -  MemoryUsage of job (MB)
	248616  -  ResidentSetSize of job (KB)
...
006 (066.063.000) 07/28 01:48:22 Image size of job updated: 248896
	243  -  MemoryUsage of job (MB)
	248748  -  ResidentSetSize of job (KB)
...
006 (066.063.000) 07/28 02:38:26 Image size of job updated: 248900
	243  -  MemoryUsage of job (MB)
	248748  -  ResidentSetSize of job (KB)
...
005 (066.063.000) 07/29 03:51:06 Job terminated.
	(1) Normal termination (return value 0)
		Usr 2 10:30:57, Sys 0 00:00:27  -  Run Remote Usage
		Usr 0 00:00:00, Sys 0 00:00:00  -  Run Local Usage
		Usr 2 10:30:57, Sys 0 00:00:27  -  Total Remote Usage
		Usr 0 00:00:00, Sys 0 00:00:00  -  Total Local Usage
	31609  -  Run Bytes Sent By Job
	2422  -  Run Bytes Received By Job
	31609  -  Total Bytes Sent By Job
	2422  -  Total Bytes Received By Job
	Partitionable Resources :    Usage  Request Allocated 
	   Cpus                 :     1.00        1         1 
	   Disk (KB)            :    48           4    888358 
	   Memory (MB)          :   243           1       128 
...
