[1] "args"
[1] "66"   "1249"
[1] "Now starting analysis"
[1] "Starting with initial values"
         mu    sigma.sq          SE          bt          vh 
0.803182010 0.009703727 0.004851864 1.000000000 0.004851864 
         step     negloglik            mu      sigma.sq            SE 
 1.000000e+00 -2.653507e+01  8.349576e-01  9.579632e-03  3.379708e-06 
           bt            vh 
 1.028908e+00  3.755727e-02 
[1] "New improvement found, resetting step counter"
         step     negloglik            mu      sigma.sq            SE 
 2.000000e+00 -2.681518e+01  5.638992e-01  9.583299e-03  1.602246e-05 
           bt            vh 
 1.554398e+00  4.073656e-03 
[1] "New improvement found, resetting step counter"
         step     negloglik            mu      sigma.sq            SE 
 3.000000e+00 -2.682551e+01  5.809237e-01  9.679825e-03  1.352454e-05 
           bt            vh 
 1.574485e+00  2.071386e-03 
         step     negloglik            mu      sigma.sq            SE 
 4.000000e+00 -2.682551e+01  5.809237e-01  9.679825e-03  1.352454e-05 
           bt            vh 
 1.574485e+00  2.071386e-03 
         step     negloglik            mu      sigma.sq            SE 
 5.000000e+00 -2.682551e+01  5.809237e-01  9.679825e-03  1.352454e-05 
           bt            vh 
 1.574485e+00  2.071386e-03 
[1] "Now starting analysis"
[1] "Starting with initial values"
         mu    sigma.sq          bt          vh 
0.803182010 0.009703727 1.000000000 0.004851864 
         step     negloglik            mu      sigma.sq            bt 
  1.000000000 -26.840860048   0.582003695   0.009631958   1.572339191 
           vh 
  0.001972911 
         step     negloglik            mu      sigma.sq            bt 
  2.000000000 -26.840860048   0.582003695   0.009631958   1.572339191 
           vh 
  0.001972911 
         step     negloglik            mu      sigma.sq            bt 
  3.000000000 -26.840860048   0.582003695   0.009631958   1.572339191 
           vh 
  0.001972911 
[1] "Now starting analysis"
[1] "Starting with initial values"
         mu    sigma.sq          SE          vh 
0.803182010 0.009703727 0.004851864 0.004851864 
         step     negloglik            mu      sigma.sq            SE 
 1.000000e+00 -2.649132e+01  8.218542e-01  9.915340e-03  2.619579e-06 
           vh 
 5.057451e-02 
[1] "New improvement found, resetting step counter"
         step     negloglik            mu      sigma.sq            SE 
 2.000000e+00 -2.654407e+01  8.017408e-01  9.917435e-03  9.676703e-06 
           vh 
 2.652614e-03 
[1] "New improvement found, but slight; taking the best value, but not resetting the step counter"
         step     negloglik            mu      sigma.sq            SE 
 3.000000e+00 -2.655275e+01  8.024373e-01  9.954843e-03  6.909216e-07 
           vh 
 1.247772e-03 
         step     negloglik            mu      sigma.sq            SE 
 4.000000e+00 -2.655275e+01  8.024373e-01  9.954843e-03  6.909216e-07 
           vh 
 1.247772e-03 
[1] "Now starting analysis"
[1] "Starting with initial values"
         mu    sigma.sq          vh 
0.803182010 0.009703727 0.004851864 
         step     negloglik            mu      sigma.sq            vh 
  1.000000000 -26.563406337   0.803182010   0.009703727   0.004851864 
         step     negloglik            mu      sigma.sq            vh 
  2.000000000 -26.563406337   0.803182010   0.009703727   0.004851864 
         step     negloglik            mu      sigma.sq            vh 
  3.000000000 -26.563406337   0.803182010   0.009703727   0.004851864 
[1] "Now starting analysis"
[1] "Starting with initial values"
         mu    sigma.sq          SE          bt 
0.803182010 0.009703727 0.004851864 1.000000000 
         step     negloglik            mu      sigma.sq            SE 
 1.000000e+00 -2.678190e+01  7.106027e-01  9.575581e-03  3.104097e-06 
           bt 
 1.328607e+00 
[1] "New improvement found, resetting step counter"
         step     negloglik            mu      sigma.sq            SE 
 2.000000e+00 -2.680536e+01  6.781762e-01  9.575939e-03  4.588533e-06 
           bt 
 1.411249e+00 
         step     negloglik            mu      sigma.sq            SE 
 3.000000e+00 -2.680536e+01  6.781762e-01  9.575939e-03  4.588533e-06 
           bt 
 1.411249e+00 
         step     negloglik            mu      sigma.sq            SE 
 4.000000e+00 -2.680536e+01  6.781762e-01  9.575939e-03  4.588533e-06 
           bt 
 1.411249e+00 
[1] "Now starting analysis"
[1] "Starting with initial values"
         mu    sigma.sq          bt 
0.803182010 0.009703727 1.000000000 
         step     negloglik            mu      sigma.sq            bt 
  1.000000000 -26.836126016   0.551272288   0.009877338   1.692534722 
[1] "New improvement found, but slight; taking the best value, but not resetting the step counter"
         step     negloglik            mu      sigma.sq            bt 
  2.000000000 -26.843736924   0.532585720   0.009519218   1.702057067 
         step     negloglik            mu      sigma.sq            bt 
  3.000000000 -26.843736924   0.532585720   0.009519218   1.702057067 
[1] "Now starting analysis"
[1] "Starting with initial values"
         mu    sigma.sq          SE 
0.803182010 0.009703727 0.004851864 
         step     negloglik            mu      sigma.sq            SE 
 1.000000e+00 -2.653272e+01  7.544238e-01  9.439097e-03  2.470085e-07 
[1] "New improvement found, resetting step counter"
         step     negloglik            mu      sigma.sq            SE 
 2.000000e+00 -2.655096e+01  8.298662e-01  9.439097e-03  2.470085e-07 
         step     negloglik            mu      sigma.sq            SE 
 3.000000e+00 -2.655096e+01  8.298662e-01  9.439097e-03  2.470085e-07 
         step     negloglik            mu      sigma.sq            SE 
 4.000000e+00 -2.655096e+01  8.298662e-01  9.439097e-03  2.470085e-07 
[1] "Now starting analysis"
[1] "Starting with initial values"
         mu    sigma.sq 
0.803182010 0.009703727 
         step     negloglik            mu      sigma.sq 
  1.000000000 -26.569943592   0.803182010   0.009703727 
         step     negloglik            mu      sigma.sq 
  2.000000000 -26.569943592   0.803182010   0.009703727 
         step     negloglik            mu      sigma.sq 
  3.000000000 -26.569943592   0.803182010   0.009703727 
