[1] "args"
[1] "66"  "946"
[1] "Now starting analysis"
[1] "Starting with initial values"
         mu    sigma.sq          SE          bt          vh 
3.035111267 0.011427129 0.005713564 1.000000000 0.005713564 
         step     negloglik            mu      sigma.sq            SE 
 1.000000e+00 -9.048556e+00  2.488427e+00  9.757884e-03  7.148187e-06 
           bt            vh 
 1.861528e+00  1.268130e-01 
[1] "New improvement found, resetting step counter"
         step     negloglik            mu      sigma.sq            SE 
 2.000000e+00 -1.105898e+01  1.594771e+00  1.004492e-02  1.724680e-04 
           bt            vh 
 1.992246e+00  9.676395e-04 
[1] "New improvement found, resetting step counter"
         step     negloglik            mu      sigma.sq            SE 
 3.000000e+00 -1.123619e+01  1.355427e+00  9.635673e-03  1.400001e-04 
           bt            vh 
 2.009399e+00  4.173131e-04 
[1] "New improvement found, resetting step counter"
         step     negloglik            mu      sigma.sq            SE 
 4.000000e+00 -1.126090e+01  1.341144e+00  1.024506e-02  2.037723e-06 
           bt            vh 
 2.066436e+00  6.128235e-04 
[1] "New improvement found, resetting step counter"
         step     negloglik            mu      sigma.sq            SE 
 5.000000e+00 -1.131668e+01  1.341121e+00  9.899410e-03  3.935089e-06 
           bt            vh 
 2.041200e+00  7.701542e-05 
         step     negloglik            mu      sigma.sq            SE 
 6.000000e+00 -1.131668e+01  1.341121e+00  9.899410e-03  3.935089e-06 
           bt            vh 
 2.041200e+00  7.701542e-05 
         step     negloglik            mu      sigma.sq            SE 
 7.000000e+00 -1.131668e+01  1.341121e+00  9.899410e-03  3.935089e-06 
           bt            vh 
 2.041200e+00  7.701542e-05 
[1] "Now starting analysis"
[1] "Starting with initial values"
         mu    sigma.sq          bt          vh 
3.035111267 0.011427129 1.000000000 0.005713564 
         step     negloglik            mu      sigma.sq            bt 
 1.000000e+00 -1.125375e+01  1.291584e+00  1.027156e-02  2.013184e+00 
           vh 
 1.324545e-04 
[1] "New improvement found, resetting step counter"
         step     negloglik            mu      sigma.sq            bt 
  2.000000000 -11.304679524   1.310940305   0.009914458   2.051998492 
           vh 
  0.001460173 
[1] "New improvement found, resetting step counter"
         step     negloglik            mu      sigma.sq            bt 
  3.000000000 -11.339440737   1.329607316   0.009604545   2.039414246 
           vh 
  0.000241599 
         step     negloglik            mu      sigma.sq            bt 
  4.000000000 -11.339440737   1.329607316   0.009604545   2.039414246 
           vh 
  0.000241599 
         step     negloglik            mu      sigma.sq            bt 
  5.000000000 -11.339440737   1.329607316   0.009604545   2.039414246 
           vh 
  0.000241599 
[1] "Now starting analysis"
[1] "Starting with initial values"
         mu    sigma.sq          SE          vh 
3.035111267 0.011427129 0.005713564 0.005713564 
         step     negloglik            mu      sigma.sq            SE 
 1.000000e+00 -5.532051e+00  2.910259e+00  9.813701e-03  2.242706e-06 
           vh 
 5.374333e-01 
[1] "New improvement found, but slight; taking the best value, but not resetting the step counter"
         step     negloglik            mu      sigma.sq            SE 
 2.000000e+00 -5.532507e+00  2.889432e+00  9.812651e-03  4.526846e-07 
           vh 
 5.292863e-01 
         step     negloglik            mu      sigma.sq            SE 
 3.000000e+00 -5.532507e+00  2.889432e+00  9.812651e-03  4.526846e-07 
           vh 
 5.292863e-01 
[1] "Now starting analysis"
[1] "Starting with initial values"
         mu    sigma.sq          vh 
3.035111267 0.011427129 0.005713564 
        step    negloglik           mu     sigma.sq           vh 
 1.000000000 -5.533683816  2.892735363  0.009763581  0.544977384 
        step    negloglik           mu     sigma.sq           vh 
 2.000000000 -5.533683816  2.892735363  0.009763581  0.544977384 
        step    negloglik           mu     sigma.sq           vh 
 3.000000000 -5.533683816  2.892735363  0.009763581  0.544977384 
[1] "Now starting analysis"
[1] "Starting with initial values"
         mu    sigma.sq          SE          bt 
3.035111267 0.011427129 0.005713564 1.000000000 
         step     negloglik            mu      sigma.sq            SE 
 1.000000e+00 -7.236895e+00  2.946811e+00  1.296660e-02  2.503717e-06 
           bt 
 1.585920e+00 
[1] "New improvement found, resetting step counter"
         step     negloglik            mu      sigma.sq            SE 
 2.000000e+00 -1.058026e+01  1.370988e+00  1.302752e-02  1.418210e-06 
           bt 
 2.008959e+00 
[1] "New improvement found, resetting step counter"
         step     negloglik            mu      sigma.sq            SE 
 3.000000e+00 -1.085707e+01  1.373810e+00  1.214774e-02  4.105362e-07 
           bt 
 2.022121e+00 
         step     negloglik            mu      sigma.sq            SE 
 4.000000e+00 -1.085707e+01  1.373810e+00  1.214774e-02  4.105362e-07 
           bt 
 2.022121e+00 
         step     negloglik            mu      sigma.sq            SE 
 5.000000e+00 -1.085707e+01  1.373810e+00  1.214774e-02  4.105362e-07 
           bt 
 2.022121e+00 
[1] "Now starting analysis"
[1] "Starting with initial values"
        mu   sigma.sq         bt 
3.03511127 0.01142713 1.00000000 
         step     negloglik            mu      sigma.sq            bt 
  1.000000000 -11.349692590   1.342775882   0.009256085   2.029377175 
         step     negloglik            mu      sigma.sq            bt 
  2.000000000 -11.349692590   1.342775882   0.009256085   2.029377175 
         step     negloglik            mu      sigma.sq            bt 
  3.000000000 -11.349692590   1.342775882   0.009256085   2.029377175 
[1] "Now starting analysis"
[1] "Starting with initial values"
         mu    sigma.sq          SE 
3.035111267 0.011427129 0.005713564 
        step    negloglik           mu     sigma.sq           SE 
1.000000e+00 1.716809e-01 3.582789e+00 1.978359e-02 3.571890e-06 
[1] "New improvement found, resetting step counter"
        step    negloglik           mu     sigma.sq           SE 
2.000000e+00 6.943923e-02 3.326241e+00 1.978354e-02 3.479647e-08 
        step    negloglik           mu     sigma.sq           SE 
3.000000e+00 6.943923e-02 3.326241e+00 1.978354e-02 3.479647e-08 
        step    negloglik           mu     sigma.sq           SE 
4.000000e+00 6.943923e-02 3.326241e+00 1.978354e-02 3.479647e-08 
[1] "Now starting analysis"
[1] "Starting with initial values"
        mu   sigma.sq 
3.03511127 0.01142713 
      step  negloglik         mu   sigma.sq 
1.00000000 0.07031017 3.30601866 0.01972626 
[1] "New improvement found, but slight; taking the best value, but not resetting the step counter"
      step  negloglik         mu   sigma.sq 
2.00000000 0.06918628 3.32483539 0.01994358 
      step  negloglik         mu   sigma.sq 
3.00000000 0.06918628 3.32483539 0.01994358 
