000 (066.1362.000) 07/26 17:14:46 Job submitted from host: <160.36.155.106:9618?addrs=160.36.155.106-9618&noUDP&sock=27742_4872_4>
...
012 (066.1362.000) 08/03 14:17:09 Job was held.
	via condor_hold (by user bomeara)
	Code 1 Subcode 0
...
013 (066.1362.000) 08/05 22:27:56 Job was released.
	via condor_release (by user bomeara)
...
012 (066.1362.000) 08/09 10:36:01 Job was held.
	via condor_hold (by user bomeara)
	Code 1 Subcode 0
...
013 (066.1362.000) 08/09 13:05:14 Job was released.
	via condor_release (by user bomeara)
...
001 (066.1362.000) 09/04 07:55:34 Job executing on host: <10.129.199.164:9618?addrs=10.129.199.164-9618&noUDP&sock=2274_5a74_4>
...
006 (066.1362.000) 09/04 07:55:42 Image size of job updated: 136800
	133  -  MemoryUsage of job (MB)
	135992  -  ResidentSetSize of job (KB)
...
006 (066.1362.000) 09/04 08:00:42 Image size of job updated: 236320
	230  -  MemoryUsage of job (MB)
	235368  -  ResidentSetSize of job (KB)
...
005 (066.1362.000) 09/04 08:32:10 Job terminated.
	(1) Normal termination (return value 0)
		Usr 0 00:36:11, Sys 0 00:00:00  -  Run Remote Usage
		Usr 0 00:00:00, Sys 0 00:00:00  -  Run Local Usage
		Usr 0 00:36:11, Sys 0 00:00:00  -  Total Remote Usage
		Usr 0 00:00:00, Sys 0 00:00:00  -  Total Local Usage
	28059  -  Run Bytes Sent By Job
	2422  -  Run Bytes Received By Job
	28059  -  Total Bytes Sent By Job
	2422  -  Total Bytes Received By Job
	Partitionable Resources :    Usage  Request Allocated 
	   Cpus                 :     1.00        1         1 
	   Disk (KB)            :    45           4    889425 
	   Memory (MB)          :   230           1       128 
...
