000 (066.1220.000) 07/26 17:14:46 Job submitted from host: <160.36.155.106:9618?addrs=160.36.155.106-9618&noUDP&sock=27742_4872_4>
...
012 (066.1220.000) 08/03 14:17:02 Job was held.
	via condor_hold (by user bomeara)
	Code 1 Subcode 0
...
013 (066.1220.000) 08/05 22:27:49 Job was released.
	via condor_release (by user bomeara)
...
012 (066.1220.000) 08/09 10:35:52 Job was held.
	via condor_hold (by user bomeara)
	Code 1 Subcode 0
...
013 (066.1220.000) 08/09 13:05:07 Job was released.
	via condor_release (by user bomeara)
...
001 (066.1220.000) 08/30 17:11:28 Job executing on host: <160.36.154.249:9618?addrs=160.36.154.249-9618&noUDP&sock=66431_b80f_4>
...
006 (066.1220.000) 08/30 17:11:37 Image size of job updated: 220664
	216  -  MemoryUsage of job (MB)
	220664  -  ResidentSetSize of job (KB)
...
006 (066.1220.000) 08/30 17:16:38 Image size of job updated: 223996
	219  -  MemoryUsage of job (MB)
	223996  -  ResidentSetSize of job (KB)
...
006 (066.1220.000) 08/30 19:46:54 Image size of job updated: 229160
	224  -  MemoryUsage of job (MB)
	229160  -  ResidentSetSize of job (KB)
...
006 (066.1220.000) 08/30 22:37:13 Image size of job updated: 230560
	226  -  MemoryUsage of job (MB)
	230560  -  ResidentSetSize of job (KB)
...
005 (066.1220.000) 08/31 02:25:24 Job terminated.
	(1) Normal termination (return value 0)
		Usr 0 09:12:39, Sys 0 00:00:05  -  Run Remote Usage
		Usr 0 00:00:00, Sys 0 00:00:00  -  Run Local Usage
		Usr 0 09:12:39, Sys 0 00:00:05  -  Total Remote Usage
		Usr 0 00:00:00, Sys 0 00:00:00  -  Total Local Usage
	27753  -  Run Bytes Sent By Job
	2422  -  Run Bytes Received By Job
	27753  -  Total Bytes Sent By Job
	2422  -  Total Bytes Received By Job
	Partitionable Resources :    Usage  Request Allocated 
	   Cpus                 :     1.00        1         1 
	   Disk (KB)            :    45           4    202517 
	   Memory (MB)          :   226           1       128 
...
