000 (066.110.000) 07/26 17:14:45 Job submitted from host: <160.36.155.106:9618?addrs=160.36.155.106-9618&noUDP&sock=27742_4872_4>
...
001 (066.110.000) 07/26 17:14:53 Job executing on host: <10.128.213.253:9618?addrs=10.128.213.253-9618&noUDP&sock=68980_1ef7_4>
...
006 (066.110.000) 07/26 17:15:02 Image size of job updated: 231108
	226  -  MemoryUsage of job (MB)
	231088  -  ResidentSetSize of job (KB)
...
006 (066.110.000) 07/26 17:20:03 Image size of job updated: 231124
	226  -  MemoryUsage of job (MB)
	231104  -  ResidentSetSize of job (KB)
...
006 (066.110.000) 07/26 19:05:13 Image size of job updated: 232120
	227  -  MemoryUsage of job (MB)
	232100  -  ResidentSetSize of job (KB)
...
006 (066.110.000) 07/26 19:34:55 Image size of job updated: 232424
	227  -  MemoryUsage of job (MB)
	232100  -  ResidentSetSize of job (KB)
...
005 (066.110.000) 07/26 19:34:55 Job terminated.
	(1) Normal termination (return value 0)
		Usr 0 02:19:53, Sys 0 00:00:01  -  Run Remote Usage
		Usr 0 00:00:00, Sys 0 00:00:00  -  Run Local Usage
		Usr 0 02:19:53, Sys 0 00:00:01  -  Total Remote Usage
		Usr 0 00:00:00, Sys 0 00:00:00  -  Total Local Usage
	28497  -  Run Bytes Sent By Job
	2422  -  Run Bytes Received By Job
	28497  -  Total Bytes Sent By Job
	2422  -  Total Bytes Received By Job
	Partitionable Resources :    Usage  Request Allocated 
	   Cpus                 :     1.00        1         1 
	   Disk (KB)            :    45           4    892965 
	   Memory (MB)          :   227           1       128 
...
