[1] "args"
[1] "66"  "207"
[1] "Now starting analysis"
[1] "Starting with initial values"
        mu   sigma.sq         SE         bt         vh 
1.31341222 0.19039511 0.09519755 1.00000000 0.09519755 
        step    negloglik           mu     sigma.sq           SE           bt 
 1.000000000 46.804171329  1.382392831  0.009565691  0.076900826  1.121571424 
          vh 
 0.106344949 
[1] "New improvement found, resetting step counter"
        step    negloglik           mu     sigma.sq           SE           bt 
 2.000000000 46.147075880  1.346547885  0.008554257  0.074344093  1.102564988 
          vh 
 0.001074799 
[1] "New improvement found, resetting step counter"
        step    negloglik           mu     sigma.sq           SE           bt 
 3.000000000 46.110900959  1.170629946  0.009139040  0.074961051  1.081148162 
          vh 
 0.001281937 
        step    negloglik           mu     sigma.sq           SE           bt 
 4.000000000 46.110900959  1.170629946  0.009139040  0.074961051  1.081148162 
          vh 
 0.001281937 
        step    negloglik           mu     sigma.sq           SE           bt 
 5.000000000 46.110900959  1.170629946  0.009139040  0.074961051  1.081148162 
          vh 
 0.001281937 
[1] "Now starting analysis"
[1] "Starting with initial values"
        mu   sigma.sq         bt         vh 
1.31341222 0.19039511 1.00000000 0.09519755 
        step    negloglik           mu     sigma.sq           bt           vh 
  1.00000000 115.83961531   1.31341222   0.19039511   1.13134122   0.09519755 
        step    negloglik           mu     sigma.sq           bt           vh 
  2.00000000 115.83961531   1.31341222   0.19039511   1.13134122   0.09519755 
        step    negloglik           mu     sigma.sq           bt           vh 
  3.00000000 115.83961531   1.31341222   0.19039511   1.13134122   0.09519755 
[1] "Now starting analysis"
[1] "Starting with initial values"
        mu   sigma.sq         SE         vh 
1.31341222 0.19039511 0.09519755 0.09519755 
        step    negloglik           mu     sigma.sq           SE           vh 
 1.000000000 47.264873652  1.313586315  0.009225417  0.076313481  0.309371001 
[1] "New improvement found, resetting step counter"
        step    negloglik           mu     sigma.sq           SE           vh 
2.000000e+00 4.628948e+01 1.318672e+00 7.157760e-03 8.233848e-02 1.325817e-05 
        step    negloglik           mu     sigma.sq           SE           vh 
3.000000e+00 4.628948e+01 1.318672e+00 7.157760e-03 8.233848e-02 1.325817e-05 
        step    negloglik           mu     sigma.sq           SE           vh 
4.000000e+00 4.628948e+01 1.318672e+00 7.157760e-03 8.233848e-02 1.325817e-05 
[1] "Now starting analysis"
[1] "Starting with initial values"
        mu   sigma.sq         vh 
1.31341222 0.19039511 0.09519755 
        step    negloglik           mu     sigma.sq           vh 
  1.00000000 115.84991728   1.31341222   0.19039511   0.09519755 
        step    negloglik           mu     sigma.sq           vh 
  2.00000000 115.84991728   1.31341222   0.19039511   0.09519755 
        step    negloglik           mu     sigma.sq           vh 
  3.00000000 115.84991728   1.31341222   0.19039511   0.09519755 
[1] "Now starting analysis"
[1] "Starting with initial values"
        mu   sigma.sq         SE         bt 
1.31341222 0.19039511 0.09519755 1.00000000 
        step    negloglik           mu     sigma.sq           SE           bt 
 1.000000000 46.354132279  1.501965455  0.007423461  0.085747487  1.063154332 
[1] "New improvement found, resetting step counter"
        step    negloglik           mu     sigma.sq           SE           bt 
 2.000000000 46.027250925  1.276503242  0.008078673  0.080212699  1.080859763 
        step    negloglik           mu     sigma.sq           SE           bt 
 3.000000000 46.027250925  1.276503242  0.008078673  0.080212699  1.080859763 
        step    negloglik           mu     sigma.sq           SE           bt 
 4.000000000 46.027250925  1.276503242  0.008078673  0.080212699  1.080859763 
[1] "Now starting analysis"
[1] "Starting with initial values"
       mu  sigma.sq        bt 
1.3134122 0.1903951 1.0000000 
       step   negloglik          mu    sigma.sq          bt 
  1.0000000 115.8016126   1.3134122   0.1903951   1.1313412 
       step   negloglik          mu    sigma.sq          bt 
  2.0000000 115.8016126   1.3134122   0.1903951   1.1313412 
       step   negloglik          mu    sigma.sq          bt 
  3.0000000 115.8016126   1.3134122   0.1903951   1.1313412 
[1] "Now starting analysis"
[1] "Starting with initial values"
        mu   sigma.sq         SE 
1.31341222 0.19039511 0.09519755 
       step   negloglik          mu    sigma.sq          SE 
 1.00000000 46.34870686  1.39592147  0.00747649  0.07575838 
[1] "New improvement found, resetting step counter"
        step    negloglik           mu     sigma.sq           SE 
 2.000000000 46.269576792  1.339113349  0.008010514  0.080268932 
        step    negloglik           mu     sigma.sq           SE 
 3.000000000 46.269576792  1.339113349  0.008010514  0.080268932 
        step    negloglik           mu     sigma.sq           SE 
 4.000000000 46.269576792  1.339113349  0.008010514  0.080268932 
[1] "Now starting analysis"
[1] "Starting with initial values"
       mu  sigma.sq 
1.3134122 0.1903951 
       step   negloglik          mu    sigma.sq 
  1.0000000 115.8125022   1.3134122   0.1903951 
       step   negloglik          mu    sigma.sq 
  2.0000000 115.8125022   1.3134122   0.1903951 
       step   negloglik          mu    sigma.sq 
  3.0000000 115.8125022   1.3134122   0.1903951 
