000 (066.780.000) 07/26 17:14:46 Job submitted from host: <160.36.155.106:9618?addrs=160.36.155.106-9618&noUDP&sock=27742_4872_4>
...
012 (066.780.000) 08/03 14:16:40 Job was held.
	via condor_hold (by user bomeara)
	Code 1 Subcode 0
...
013 (066.780.000) 08/05 22:27:26 Job was released.
	via condor_release (by user bomeara)
...
012 (066.780.000) 08/09 10:35:22 Job was held.
	via condor_hold (by user bomeara)
	Code 1 Subcode 0
...
013 (066.780.000) 08/09 13:04:45 Job was released.
	via condor_release (by user bomeara)
...
001 (066.780.000) 08/11 05:35:20 Job executing on host: <10.128.121.58:9618?addrs=10.128.121.58-9618&noUDP&sock=2361_0731_4>
...
006 (066.780.000) 08/11 05:35:29 Image size of job updated: 228384
	223  -  MemoryUsage of job (MB)
	227376  -  ResidentSetSize of job (KB)
...
006 (066.780.000) 08/11 05:40:30 Image size of job updated: 228408
	223  -  MemoryUsage of job (MB)
	227388  -  ResidentSetSize of job (KB)
...
005 (066.780.000) 08/11 06:40:57 Job terminated.
	(1) Normal termination (return value 0)
		Usr 0 01:05:29, Sys 0 00:00:01  -  Run Remote Usage
		Usr 0 00:00:00, Sys 0 00:00:00  -  Run Local Usage
		Usr 0 01:05:29, Sys 0 00:00:01  -  Total Remote Usage
		Usr 0 00:00:00, Sys 0 00:00:00  -  Total Local Usage
	27934  -  Run Bytes Sent By Job
	2422  -  Run Bytes Received By Job
	27934  -  Total Bytes Sent By Job
	2422  -  Total Bytes Received By Job
	Partitionable Resources :    Usage  Request Allocated 
	   Cpus                 :     1.00        1         1 
	   Disk (KB)            :    45           4    888433 
	   Memory (MB)          :   223           1       128 
...
