[1] "args"
[1] "66"  "621"
[1] "Now starting analysis"
[1] "Starting with initial values"
        mu   sigma.sq         SE         bt         vh 
1.54894364 0.15220941 0.07610471 1.00000000 0.07610471 
        step    negloglik           mu     sigma.sq           SE           bt 
 1.000000000 41.958510416  1.153217975  0.008797786  0.060255372  1.771054997 
          vh 
 0.034534582 
[1] "New improvement found, resetting step counter"
        step    negloglik           mu     sigma.sq           SE           bt 
 2.000000000 41.869812506  1.113688624  0.008754968  0.059456194  1.905528400 
          vh 
 0.025569943 
[1] "New improvement found, resetting step counter"
        step    negloglik           mu     sigma.sq           SE           bt 
 3.000000000 41.828115883  1.061902953  0.009569729  0.060665399  1.863168954 
          vh 
 0.013063945 
[1] "New improvement found, resetting step counter"
        step    negloglik           mu     sigma.sq           SE           bt 
 4.000000000 41.710665958  0.884049457  0.009441701  0.062389600  2.101634044 
          vh 
 0.001478434 
        step    negloglik           mu     sigma.sq           SE           bt 
 5.000000000 41.710665958  0.884049457  0.009441701  0.062389600  2.101634044 
          vh 
 0.001478434 
        step    negloglik           mu     sigma.sq           SE           bt 
 6.000000000 41.710665958  0.884049457  0.009441701  0.062389600  2.101634044 
          vh 
 0.001478434 
[1] "Now starting analysis"
[1] "Starting with initial values"
        mu   sigma.sq         bt         vh 
1.54894364 0.15220941 1.00000000 0.07610471 
        step    negloglik           mu     sigma.sq           bt           vh 
1.000000e+00 1.032418e+02 1.456812e+00 1.483794e-01 1.234599e+00 2.975934e-03 
[1] "New improvement found, resetting step counter"
        step    negloglik           mu     sigma.sq           bt           vh 
2.000000e+00 1.031425e+02 1.456812e+00 1.483794e-01 1.380280e+00 2.975934e-03 
        step    negloglik           mu     sigma.sq           bt           vh 
3.000000e+00 1.031425e+02 1.456812e+00 1.483794e-01 1.380280e+00 2.975934e-03 
        step    negloglik           mu     sigma.sq           bt           vh 
4.000000e+00 1.031425e+02 1.456812e+00 1.483794e-01 1.380280e+00 2.975934e-03 
[1] "Now starting analysis"
[1] "Starting with initial values"
        mu   sigma.sq         SE         vh 
1.54894364 0.15220941 0.07610471 0.07610471 
        step    negloglik           mu     sigma.sq           SE           vh 
 1.000000000 44.044141031  1.543417451  0.009120847  0.063065187  0.236689174 
[1] "New improvement found, resetting step counter"
        step    negloglik           mu     sigma.sq           SE           vh 
 2.000000000 43.648682734  1.520258917  0.008394662  0.063129512  0.465484661 
[1] "New improvement found, but slight; taking the best value, but not resetting the step counter"
        step    negloglik           mu     sigma.sq           SE           vh 
 3.000000000 43.648498956  1.579645848  0.008856472  0.060339410  0.445846589 
[1] "New improvement found, but slight; taking the best value, but not resetting the step counter"
        step    negloglik           mu     sigma.sq           SE           vh 
 4.000000000 43.643258954  1.558422419  0.008629827  0.063147136  0.464738084 
[1] "Now starting analysis"
[1] "Starting with initial values"
        mu   sigma.sq         vh 
1.54894364 0.15220941 0.07610471 
        step    negloglik           mu     sigma.sq           vh 
  1.00000000 103.57810413   1.54894364   0.15220941   0.07610471 
        step    negloglik           mu     sigma.sq           vh 
  2.00000000 103.57810413   1.54894364   0.15220941   0.07610471 
        step    negloglik           mu     sigma.sq           vh 
  3.00000000 103.57810413   1.54894364   0.15220941   0.07610471 
[1] "Now starting analysis"
[1] "Starting with initial values"
        mu   sigma.sq         SE         bt 
1.54894364 0.15220941 0.07610471 1.00000000 
        step    negloglik           mu     sigma.sq           SE           bt 
 1.000000000 41.758431147  0.872570258  0.009254738  0.061284038  1.908774209 
[1] "New improvement found, resetting step counter"
        step    negloglik           mu     sigma.sq           SE           bt 
 2.000000000 41.686158600  0.811785482  0.009199845  0.061297207  2.101731513 
[1] "New improvement found, resetting step counter"
        step    negloglik           mu     sigma.sq           SE           bt 
 3.000000000 41.675439194  0.898223671  0.009204665  0.060019641  2.048454337 
[1] "New improvement found, but slight; taking the best value, but not resetting the step counter"
        step    negloglik           mu     sigma.sq           SE           bt 
 4.000000000 41.674863047  0.860271430  0.009137435  0.059504729  2.042700697 
        step    negloglik           mu     sigma.sq           SE           bt 
 5.000000000 41.674863047  0.860271430  0.009137435  0.059504729  2.042700697 
[1] "Now starting analysis"
[1] "Starting with initial values"
       mu  sigma.sq        bt 
1.5489436 0.1522094 1.0000000 
      step  negloglik         mu   sigma.sq         bt 
  1.000000 102.977638   1.034243   0.147369   2.034243 
      step  negloglik         mu   sigma.sq         bt 
  2.000000 102.977638   1.034243   0.147369   2.034243 
[1] "New improvement found, but slight; taking the best value, but not resetting the step counter"
       step   negloglik          mu    sigma.sq          bt 
  3.0000000 102.9773696   1.0197634   0.1492244   2.1921483 
[1] "Now starting analysis"
[1] "Starting with initial values"
        mu   sigma.sq         SE 
1.54894364 0.15220941 0.07610471 
       step   negloglik          mu    sigma.sq          SE 
 1.00000000 48.08411083  1.57068965  0.01402799  0.05562869 
       step   negloglik          mu    sigma.sq          SE 
 2.00000000 48.08411083  1.57068965  0.01402799  0.05562869 
       step   negloglik          mu    sigma.sq          SE 
 3.00000000 48.08411083  1.57068965  0.01402799  0.05562869 
[1] "Now starting analysis"
[1] "Starting with initial values"
       mu  sigma.sq 
1.5489436 0.1522094 
       step   negloglik          mu    sigma.sq 
  1.0000000 103.4925324   1.5489436   0.1522094 
       step   negloglik          mu    sigma.sq 
  2.0000000 103.4925324   1.5489436   0.1522094 
       step   negloglik          mu    sigma.sq 
  3.0000000 103.4925324   1.5489436   0.1522094 
