[1] "args"
[1] "66"   "1006"
[1] "Now starting analysis"
[1] "Starting with initial values"
        mu   sigma.sq         SE         bt         vh 
2.92275438 0.07853468 0.03926734 1.00000000 0.03926734 
        step    negloglik           mu     sigma.sq           SE           bt 
 1.000000000 12.619926918  1.192254381  0.003376730  0.068730469  1.730696451 
          vh 
 0.000533394 
[1] "New improvement found, resetting step counter"
        step    negloglik           mu     sigma.sq           SE           bt 
2.000000e+00 1.212660e+01 1.158706e+00 2.111421e-03 9.566572e-02 1.792460e+00 
          vh 
3.999644e-04 
        step    negloglik           mu     sigma.sq           SE           bt 
3.000000e+00 1.212660e+01 1.158706e+00 2.111421e-03 9.566572e-02 1.792460e+00 
          vh 
3.999644e-04 
        step    negloglik           mu     sigma.sq           SE           bt 
4.000000e+00 1.212660e+01 1.158706e+00 2.111421e-03 9.566572e-02 1.792460e+00 
          vh 
3.999644e-04 
[1] "Now starting analysis"
[1] "Starting with initial values"
        mu   sigma.sq         bt         vh 
2.92275438 0.07853468 1.00000000 0.03926734 
        step    negloglik           mu     sigma.sq           bt           vh 
 1.000000000 22.679421960  1.385659824  0.073205344  1.719470057  0.004118141 
[1] "New improvement found, resetting step counter"
        step    negloglik           mu     sigma.sq           bt           vh 
2.000000e+00 2.263381e+01 1.316364e+00 7.617953e-02 1.674584e+00 4.782175e-04 
        step    negloglik           mu     sigma.sq           bt           vh 
3.000000e+00 2.263381e+01 1.316364e+00 7.617953e-02 1.674584e+00 4.782175e-04 
        step    negloglik           mu     sigma.sq           bt           vh 
4.000000e+00 2.263381e+01 1.316364e+00 7.617953e-02 1.674584e+00 4.782175e-04 
[1] "Now starting analysis"
[1] "Starting with initial values"
        mu   sigma.sq         SE         vh 
2.92275438 0.07853468 0.03926734 0.03926734 
        step    negloglik           mu     sigma.sq           SE           vh 
1.000000e+00 1.505095e+01 2.605398e+00 4.647111e-05 9.741347e-02 3.394675e-01 
[1] "New improvement found, resetting step counter"
        step    negloglik           mu     sigma.sq           SE           vh 
2.000000e+00 1.503538e+01 2.694950e+00 2.747984e-05 9.731346e-02 2.988960e-01 
        step    negloglik           mu     sigma.sq           SE           vh 
3.000000e+00 1.503538e+01 2.694950e+00 2.747984e-05 9.731346e-02 2.988960e-01 
        step    negloglik           mu     sigma.sq           SE           vh 
4.000000e+00 1.503538e+01 2.694950e+00 2.747984e-05 9.731346e-02 2.988960e-01 
[1] "Now starting analysis"
[1] "Starting with initial values"
        mu   sigma.sq         vh 
2.92275438 0.07853468 0.03926734 
      step  negloglik         mu   sigma.sq         vh 
 1.0000000 23.9609336  2.9842159  0.0849409  0.1047883 
[1] "New improvement found, resetting step counter"
       step   negloglik          mu    sigma.sq          vh 
 2.00000000 23.94421319  2.89274854  0.08486894  0.05568938 
       step   negloglik          mu    sigma.sq          vh 
 3.00000000 23.94421319  2.89274854  0.08486894  0.05568938 
       step   negloglik          mu    sigma.sq          vh 
 4.00000000 23.94421319  2.89274854  0.08486894  0.05568938 
[1] "Now starting analysis"
[1] "Starting with initial values"
        mu   sigma.sq         SE         bt 
2.92275438 0.07853468 0.03926734 1.00000000 
        step    negloglik           mu     sigma.sq           SE           bt 
 1.000000000 12.124167012  1.042944591  0.002120905  0.095873801  1.846285800 
[1] "New improvement found, but slight; taking the best value, but not resetting the step counter"
        step    negloglik           mu     sigma.sq           SE           bt 
 2.000000000 12.121858942  1.098795810  0.002258783  0.094626169  1.829963252 
[1] "New improvement found, but slight; taking the best value, but not resetting the step counter"
        step    negloglik           mu     sigma.sq           SE           bt 
 3.000000000 12.119581323  1.132976548  0.002276811  0.093993873  1.801387752 
[1] "Now starting analysis"
[1] "Starting with initial values"
        mu   sigma.sq         bt 
2.92275438 0.07853468 1.00000000 
       step   negloglik          mu    sigma.sq          bt 
 1.00000000 22.64447355  1.30948985  0.07496041  1.62856627 
[1] "New improvement found, but slight; taking the best value, but not resetting the step counter"
       step   negloglik          mu    sigma.sq          bt 
 2.00000000 22.64037979  1.47234648  0.07496041  1.62856627 
       step   negloglik          mu    sigma.sq          bt 
 3.00000000 22.64037979  1.47234648  0.07496041  1.62856627 
[1] "Now starting analysis"
[1] "Starting with initial values"
        mu   sigma.sq         SE 
2.92275438 0.07853468 0.03926734 
        step    negloglik           mu     sigma.sq           SE 
 1.000000000 17.553494205  2.844982620  0.009870447  0.092604291 
[1] "New improvement found, resetting step counter"
       step   negloglik          mu    sigma.sq          SE 
 2.00000000 17.54230712  2.92863989  0.01100867  0.09801158 
       step   negloglik          mu    sigma.sq          SE 
 3.00000000 17.54230712  2.92863989  0.01100867  0.09801158 
       step   negloglik          mu    sigma.sq          SE 
 4.00000000 17.54230712  2.92863989  0.01100867  0.09801158 
[1] "Now starting analysis"
[1] "Starting with initial values"
        mu   sigma.sq 
2.92275438 0.07853468 
       step   negloglik          mu    sigma.sq 
 1.00000000 23.95950417  2.88279484  0.08538489 
       step   negloglik          mu    sigma.sq 
 2.00000000 23.95950417  2.88279484  0.08538489 
[1] "New improvement found, but slight; taking the best value, but not resetting the step counter"
       step   negloglik          mu    sigma.sq 
 3.00000000 23.95897975  2.88375613  0.08514196 
