000 (066.1060.000) 07/26 17:14:46 Job submitted from host: <160.36.155.106:9618?addrs=160.36.155.106-9618&noUDP&sock=27742_4872_4>
...
012 (066.1060.000) 08/03 14:16:54 Job was held.
	via condor_hold (by user bomeara)
	Code 1 Subcode 0
...
013 (066.1060.000) 08/05 22:27:40 Job was released.
	via condor_release (by user bomeara)
...
012 (066.1060.000) 08/09 10:35:41 Job was held.
	via condor_hold (by user bomeara)
	Code 1 Subcode 0
...
013 (066.1060.000) 08/09 13:04:59 Job was released.
	via condor_release (by user bomeara)
...
001 (066.1060.000) 08/23 17:02:03 Job executing on host: <10.131.171.171:9618?addrs=10.131.171.171-9618&noUDP&sock=2142_cff3_4>
...
006 (066.1060.000) 08/23 17:02:12 Image size of job updated: 222120
	217  -  MemoryUsage of job (MB)
	222120  -  ResidentSetSize of job (KB)
...
006 (066.1060.000) 08/23 17:07:12 Image size of job updated: 232792
	228  -  MemoryUsage of job (MB)
	232792  -  ResidentSetSize of job (KB)
...
006 (066.1060.000) 08/23 17:17:13 Image size of job updated: 232808
	228  -  MemoryUsage of job (MB)
	232808  -  ResidentSetSize of job (KB)
...
005 (066.1060.000) 08/28 11:14:36 Job terminated.
	(1) Normal termination (return value 0)
		Usr 4 17:58:50, Sys 0 00:01:16  -  Run Remote Usage
		Usr 0 00:00:00, Sys 0 00:00:00  -  Run Local Usage
		Usr 4 17:58:50, Sys 0 00:01:16  -  Total Remote Usage
		Usr 0 00:00:00, Sys 0 00:00:00  -  Total Local Usage
	28819  -  Run Bytes Sent By Job
	2422  -  Run Bytes Received By Job
	28819  -  Total Bytes Sent By Job
	2422  -  Total Bytes Received By Job
	Partitionable Resources :    Usage  Request Allocated 
	   Cpus                 :     1.00        1         1 
	   Disk (KB)            :    46           4    890691 
	   Memory (MB)          :   228           1       128 
...
