000 (066.944.000) 07/26 17:14:46 Job submitted from host: <160.36.155.106:9618?addrs=160.36.155.106-9618&noUDP&sock=27742_4872_4>
...
012 (066.944.000) 08/03 14:16:48 Job was held.
	via condor_hold (by user bomeara)
	Code 1 Subcode 0
...
013 (066.944.000) 08/05 22:27:34 Job was released.
	via condor_release (by user bomeara)
...
012 (066.944.000) 08/09 10:35:33 Job was held.
	via condor_hold (by user bomeara)
	Code 1 Subcode 0
...
013 (066.944.000) 08/09 13:04:53 Job was released.
	via condor_release (by user bomeara)
...
001 (066.944.000) 08/16 20:35:56 Job executing on host: <10.130.122.65:9618?addrs=10.130.122.65-9618&noUDP&sock=77628_edfd_4>
...
006 (066.944.000) 08/16 20:36:04 Image size of job updated: 220668
	216  -  MemoryUsage of job (MB)
	220668  -  ResidentSetSize of job (KB)
...
006 (066.944.000) 08/16 20:41:04 Image size of job updated: 227068
	222  -  MemoryUsage of job (MB)
	227068  -  ResidentSetSize of job (KB)
...
006 (066.944.000) 08/17 05:01:54 Image size of job updated: 229368
	224  -  MemoryUsage of job (MB)
	229368  -  ResidentSetSize of job (KB)
...
006 (066.944.000) 08/17 05:41:58 Image size of job updated: 229436
	225  -  MemoryUsage of job (MB)
	229436  -  ResidentSetSize of job (KB)
...
006 (066.944.000) 08/17 07:37:10 Image size of job updated: 232068
	227  -  MemoryUsage of job (MB)
	232068  -  ResidentSetSize of job (KB)
...
006 (066.944.000) 08/17 10:08:14 Image size of job updated: 436740
	227  -  MemoryUsage of job (MB)
	232068  -  ResidentSetSize of job (KB)
...
005 (066.944.000) 08/17 10:08:14 Job terminated.
	(1) Normal termination (return value 0)
		Usr 0 13:31:01, Sys 0 00:00:10  -  Run Remote Usage
		Usr 0 00:00:00, Sys 0 00:00:00  -  Run Local Usage
		Usr 0 13:31:01, Sys 0 00:00:10  -  Total Remote Usage
		Usr 0 00:00:00, Sys 0 00:00:00  -  Total Local Usage
	28368  -  Run Bytes Sent By Job
	2422  -  Run Bytes Received By Job
	28368  -  Total Bytes Sent By Job
	2422  -  Total Bytes Received By Job
	Partitionable Resources :    Usage  Request Allocated 
	   Cpus                 :     1.00        1         1 
	   Disk (KB)            :    46           4    891678 
	   Memory (MB)          :   227           1       128 
...
