000 (066.973.000) 07/26 17:14:46 Job submitted from host: <160.36.155.106:9618?addrs=160.36.155.106-9618&noUDP&sock=27742_4872_4>
...
012 (066.973.000) 08/03 14:16:49 Job was held.
	via condor_hold (by user bomeara)
	Code 1 Subcode 0
...
013 (066.973.000) 08/05 22:27:35 Job was released.
	via condor_release (by user bomeara)
...
012 (066.973.000) 08/09 10:35:35 Job was held.
	via condor_hold (by user bomeara)
	Code 1 Subcode 0
...
013 (066.973.000) 08/09 13:04:55 Job was released.
	via condor_release (by user bomeara)
...
001 (066.973.000) 08/19 00:00:53 Job executing on host: <10.128.147.77:9618?addrs=10.128.147.77-9618&noUDP&sock=69960_51c7_4>
...
006 (066.973.000) 08/19 00:01:01 Image size of job updated: 234284
	229  -  MemoryUsage of job (MB)
	234284  -  ResidentSetSize of job (KB)
...
006 (066.973.000) 08/19 00:06:01 Image size of job updated: 246984
	242  -  MemoryUsage of job (MB)
	246984  -  ResidentSetSize of job (KB)
...
006 (066.973.000) 08/19 02:01:14 Image size of job updated: 249188
	244  -  MemoryUsage of job (MB)
	249188  -  ResidentSetSize of job (KB)
...
006 (066.973.000) 08/19 04:16:28 Image size of job updated: 249216
	244  -  MemoryUsage of job (MB)
	249216  -  ResidentSetSize of job (KB)
...
005 (066.973.000) 08/19 07:20:46 Job terminated.
	(1) Normal termination (return value 0)
		Usr 0 07:19:12, Sys 0 00:00:01  -  Run Remote Usage
		Usr 0 00:00:00, Sys 0 00:00:00  -  Run Local Usage
		Usr 0 07:19:12, Sys 0 00:00:01  -  Total Remote Usage
		Usr 0 00:00:00, Sys 0 00:00:00  -  Total Local Usage
	30755  -  Run Bytes Sent By Job
	2422  -  Run Bytes Received By Job
	30755  -  Total Bytes Sent By Job
	2422  -  Total Bytes Received By Job
	Partitionable Resources :    Usage  Request Allocated 
	   Cpus                 :     1.00        1         1 
	   Disk (KB)            :    48           4    888417 
	   Memory (MB)          :   244           1       128 
...
