000 (066.1171.000) 07/26 17:14:46 Job submitted from host: <160.36.155.106:9618?addrs=160.36.155.106-9618&noUDP&sock=27742_4872_4>
...
012 (066.1171.000) 08/03 14:17:00 Job was held.
	via condor_hold (by user bomeara)
	Code 1 Subcode 0
...
013 (066.1171.000) 08/05 22:27:46 Job was released.
	via condor_release (by user bomeara)
...
012 (066.1171.000) 08/09 10:35:49 Job was held.
	via condor_hold (by user bomeara)
	Code 1 Subcode 0
...
013 (066.1171.000) 08/09 13:05:05 Job was released.
	via condor_release (by user bomeara)
...
001 (066.1171.000) 08/30 14:21:27 Job executing on host: <10.129.199.164:9618?addrs=10.129.199.164-9618&noUDP&sock=2350_7ba6_4>
...
006 (066.1171.000) 08/30 14:21:36 Image size of job updated: 235664
	229  -  MemoryUsage of job (MB)
	234092  -  ResidentSetSize of job (KB)
...
006 (066.1171.000) 08/30 14:26:37 Image size of job updated: 240268
	234  -  MemoryUsage of job (MB)
	238696  -  ResidentSetSize of job (KB)
...
006 (066.1171.000) 08/30 20:57:13 Image size of job updated: 240272
	234  -  MemoryUsage of job (MB)
	238696  -  ResidentSetSize of job (KB)
...
006 (066.1171.000) 08/31 11:13:40 Image size of job updated: 241860
	235  -  MemoryUsage of job (MB)
	240284  -  ResidentSetSize of job (KB)
...
006 (066.1171.000) 09/01 09:45:56 Image size of job updated: 248068
	241  -  MemoryUsage of job (MB)
	246496  -  ResidentSetSize of job (KB)
...
006 (066.1171.000) 09/01 12:51:15 Image size of job updated: 249712
	243  -  MemoryUsage of job (MB)
	248140  -  ResidentSetSize of job (KB)
...
005 (066.1171.000) 09/02 13:40:17 Job terminated.
	(1) Normal termination (return value 0)
		Usr 2 23:12:57, Sys 0 00:00:28  -  Run Remote Usage
		Usr 0 00:00:00, Sys 0 00:00:00  -  Run Local Usage
		Usr 2 23:12:57, Sys 0 00:00:28  -  Total Remote Usage
		Usr 0 00:00:00, Sys 0 00:00:00  -  Total Local Usage
	32325  -  Run Bytes Sent By Job
	2422  -  Run Bytes Received By Job
	32325  -  Total Bytes Sent By Job
	2422  -  Total Bytes Received By Job
	Partitionable Resources :    Usage  Request Allocated 
	   Cpus                 :     1.00        1         1 
	   Disk (KB)            :    49           4    889887 
	   Memory (MB)          :   243           1       128 
...
