[1] "args"
[1] "66"  "701"
[1] "Now starting analysis"
[1] "Starting with initial values"
       mu  sigma.sq        SE        bt        vh 
0.2687124 0.1662530 0.0831265 1.0000000 0.0831265 
       step   negloglik          mu    sigma.sq          SE          bt 
 1.00000000 48.90050400  0.28074385  0.00975799  0.06167432  1.09846343 
         vh 
 0.10777356 
[1] "New improvement found, resetting step counter"
        step    negloglik           mu     sigma.sq           SE           bt 
 2.000000000 46.493172390  0.477453112  0.009597673  0.059202571  0.808527474 
          vh 
 0.022271233 
[1] "New improvement found, but slight; taking the best value, but not resetting the step counter"
        step    negloglik           mu     sigma.sq           SE           bt 
 3.000000000 46.487030119  0.505569836  0.009690495  0.061895272  0.800728432 
          vh 
 0.033655693 
        step    negloglik           mu     sigma.sq           SE           bt 
 4.000000000 46.487030119  0.505569836  0.009690495  0.061895272  0.800728432 
          vh 
 0.033655693 
[1] "Now starting analysis"
[1] "Starting with initial values"
       mu  sigma.sq        bt        vh 
0.2687124 0.1662530 1.0000000 0.0831265 
       step   negloglik          mu    sigma.sq          bt          vh 
  1.0000000 121.8631081   0.2687124   0.1662530   1.0000000   0.0831265 
       step   negloglik          mu    sigma.sq          bt          vh 
  2.0000000 121.8631081   0.2687124   0.1662530   1.0000000   0.0831265 
[1] "New improvement found, resetting step counter"
        step    negloglik           mu     sigma.sq           bt           vh 
  3.00000000 121.67844929   0.45024829   0.17054935   0.86339033   0.03340527 
        step    negloglik           mu     sigma.sq           bt           vh 
  4.00000000 121.67844929   0.45024829   0.17054935   0.86339033   0.03340527 
        step    negloglik           mu     sigma.sq           bt           vh 
  5.00000000 121.67844929   0.45024829   0.17054935   0.86339033   0.03340527 
[1] "Now starting analysis"
[1] "Starting with initial values"
       mu  sigma.sq        SE        vh 
0.2687124 0.1662530 0.0831265 0.0831265 
       step   negloglik          mu    sigma.sq          SE          vh 
 1.00000000 47.88216173  0.32908128  0.00945128  0.06273025  0.15744370 
[1] "New improvement found, resetting step counter"
        step    negloglik           mu     sigma.sq           SE           vh 
 2.000000000 47.844256043  0.360024792  0.009412576  0.064549305  0.126684469 
[1] "New improvement found, resetting step counter"
        step    negloglik           mu     sigma.sq           SE           vh 
 3.000000000 47.828768869  0.385579510  0.009263098  0.059731343  0.122333364 
[1] "New improvement found, resetting step counter"
        step    negloglik           mu     sigma.sq           SE           vh 
 4.000000000 47.792793935  0.372281177  0.009668173  0.062366333  0.109345860 
        step    negloglik           mu     sigma.sq           SE           vh 
 5.000000000 47.792793935  0.372281177  0.009668173  0.062366333  0.109345860 
        step    negloglik           mu     sigma.sq           SE           vh 
 6.000000000 47.792793935  0.372281177  0.009668173  0.062366333  0.109345860 
[1] "Now starting analysis"
[1] "Starting with initial values"
       mu  sigma.sq        vh 
0.2687124 0.1662530 0.0831265 
       step   negloglik          mu    sigma.sq          vh 
  1.0000000 121.8628818   0.2955836   0.1662530   0.0831265 
       step   negloglik          mu    sigma.sq          vh 
  2.0000000 121.8628818   0.2955836   0.1662530   0.0831265 
       step   negloglik          mu    sigma.sq          vh 
  3.0000000 121.8628818   0.2955836   0.1662530   0.0831265 
[1] "Now starting analysis"
[1] "Starting with initial values"
       mu  sigma.sq        SE        bt 
0.2687124 0.1662530 0.0831265 1.0000000 
       step   negloglik          mu    sigma.sq          SE          bt 
 1.00000000 50.14929679  0.31835947  0.01097871  0.06827798  1.10416146 
[1] "New improvement found, resetting step counter"
       step   negloglik          mu    sigma.sq          SE          bt 
 2.00000000 46.59214247  0.38828572  0.00960726  0.06115092  0.80652703 
[1] "New improvement found, resetting step counter"
        step    negloglik           mu     sigma.sq           SE           bt 
 3.000000000 46.573426380  0.427750037  0.009279239  0.062578249  0.815958701 
        step    negloglik           mu     sigma.sq           SE           bt 
 4.000000000 46.573426380  0.427750037  0.009279239  0.062578249  0.815958701 
        step    negloglik           mu     sigma.sq           SE           bt 
 5.000000000 46.573426380  0.427750037  0.009279239  0.062578249  0.815958701 
[1] "Now starting analysis"
[1] "Starting with initial values"
       mu  sigma.sq        bt 
0.2687124 0.1662530 1.0000000 
       step   negloglik          mu    sigma.sq          bt 
  1.0000000 121.5993349   0.3916291   0.1641697   0.8562500 
[1] "New improvement found, but slight; taking the best value, but not resetting the step counter"
       step   negloglik          mu    sigma.sq          bt 
  2.0000000 121.5989994   0.4772541   0.1641697   0.8562500 
       step   negloglik          mu    sigma.sq          bt 
  3.0000000 121.5989994   0.4772541   0.1641697   0.8562500 
[1] "Now starting analysis"
[1] "Starting with initial values"
       mu  sigma.sq        SE 
0.2687124 0.1662530 0.0831265 
       step   negloglik          mu    sigma.sq          SE 
 1.00000000 48.15531047  0.37989701  0.01113680  0.05904762 
       step   negloglik          mu    sigma.sq          SE 
 2.00000000 48.15531047  0.37989701  0.01113680  0.05904762 
       step   negloglik          mu    sigma.sq          SE 
 3.00000000 48.15531047  0.37989701  0.01113680  0.05904762 
[1] "Now starting analysis"
[1] "Starting with initial values"
       mu  sigma.sq 
0.2687124 0.1662530 
       step   negloglik          mu    sigma.sq 
  1.0000000 121.7000329   0.2955836   0.1662530 
       step   negloglik          mu    sigma.sq 
  2.0000000 121.7000329   0.2955836   0.1662530 
       step   negloglik          mu    sigma.sq 
  3.0000000 121.7000329   0.2955836   0.1662530 
