000 (066.475.000) 07/26 17:14:46 Job submitted from host: <160.36.155.106:9618?addrs=160.36.155.106-9618&noUDP&sock=27742_4872_4>
...
001 (066.475.000) 07/31 14:54:59 Job executing on host: <10.128.147.77:9618?addrs=10.128.147.77-9618&noUDP&sock=69960_51c7_4>
...
006 (066.475.000) 07/31 14:55:08 Image size of job updated: 232968
	228  -  MemoryUsage of job (MB)
	232968  -  ResidentSetSize of job (KB)
...
006 (066.475.000) 07/31 15:00:09 Image size of job updated: 251260
	246  -  MemoryUsage of job (MB)
	251260  -  ResidentSetSize of job (KB)
...
005 (066.475.000) 07/31 19:55:26 Job terminated.
	(1) Normal termination (return value 0)
		Usr 0 05:00:04, Sys 0 00:00:01  -  Run Remote Usage
		Usr 0 00:00:00, Sys 0 00:00:00  -  Run Local Usage
		Usr 0 05:00:04, Sys 0 00:00:01  -  Total Remote Usage
		Usr 0 00:00:00, Sys 0 00:00:00  -  Total Local Usage
	31339  -  Run Bytes Sent By Job
	2422  -  Run Bytes Received By Job
	31339  -  Total Bytes Sent By Job
	2422  -  Total Bytes Received By Job
	Partitionable Resources :    Usage  Request Allocated 
	   Cpus                 :     1.00        1         1 
	   Disk (KB)            :    48           4    888417 
	   Memory (MB)          :   246           1       128 
...
