[1] "args"
[1] "66"   "1467"
[1] "Now starting analysis"
[1] "Starting with initial values"
         mu    sigma.sq          SE          bt          vh 
1.329980090 0.008894202 0.004447101 1.000000000 0.004447101 
         step     negloglik            mu      sigma.sq            SE 
 1.000000e+00 -4.452167e+01  1.597771e+00  7.999831e-03  2.754012e-04 
           bt            vh 
 7.603297e-01  4.516157e-02 
[1] "New improvement found, resetting step counter"
         step     negloglik            mu      sigma.sq            SE 
 2.000000e+00 -4.453584e+01  1.538294e+00  7.999205e-03  2.799963e-04 
           bt            vh 
 7.400864e-01  5.101093e-02 
         step     negloglik            mu      sigma.sq            SE 
 3.000000e+00 -4.453584e+01  1.538294e+00  7.999205e-03  2.799963e-04 
           bt            vh 
 7.400864e-01  5.101093e-02 
         step     negloglik            mu      sigma.sq            SE 
 4.000000e+00 -4.453584e+01  1.538294e+00  7.999205e-03  2.799963e-04 
           bt            vh 
 7.400864e-01  5.101093e-02 
[1] "Now starting analysis"
[1] "Starting with initial values"
         mu    sigma.sq          bt          vh 
1.329980090 0.008894202 1.000000000 0.004447101 
         step     negloglik            mu      sigma.sq            bt 
  1.000000000 -44.103920396   1.618839572   0.008558137   0.750945604 
           vh 
  0.046540769 
[1] "New improvement found, but slight; taking the best value, but not resetting the step counter"
         step     negloglik            mu      sigma.sq            bt 
  2.000000000 -44.113024573   1.549934484   0.008526068   0.737664079 
           vh 
  0.046530687 
         step     negloglik            mu      sigma.sq            bt 
  3.000000000 -44.113024573   1.549934484   0.008526068   0.737664079 
           vh 
  0.046530687 
[1] "Now starting analysis"
[1] "Starting with initial values"
         mu    sigma.sq          SE          vh 
1.329980090 0.008894202 0.004447101 0.004447101 
         step     negloglik            mu      sigma.sq            SE 
 1.000000e+00 -4.362504e+01  1.337108e+00  8.064679e-03  2.211184e-04 
           vh 
 1.360174e-01 
[1] "New improvement found, but slight; taking the best value, but not resetting the step counter"
         step     negloglik            mu      sigma.sq            SE 
  2.000000000 -43.627139995   1.357492494   0.008068497   0.000237483 
           vh 
  0.134922900 
         step     negloglik            mu      sigma.sq            SE 
  3.000000000 -43.627139995   1.357492494   0.008068497   0.000237483 
           vh 
  0.134922900 
[1] "Now starting analysis"
[1] "Starting with initial values"
         mu    sigma.sq          vh 
1.329980090 0.008894202 0.004447101 
         step     negloglik            mu      sigma.sq            vh 
  1.000000000 -43.180810384   1.329980090   0.008894202   0.137445110 
         step     negloglik            mu      sigma.sq            vh 
  2.000000000 -43.180810384   1.329980090   0.008894202   0.137445110 
[1] "New improvement found, resetting step counter"
        step    negloglik           mu     sigma.sq           vh 
  3.00000000 -43.19258218   1.33438090   0.00855708   0.12668497 
[1] "New improvement found, but slight; taking the best value, but not resetting the step counter"
         step     negloglik            mu      sigma.sq            vh 
  4.000000000 -43.195057529   1.291329288   0.008653609   0.152588927 
         step     negloglik            mu      sigma.sq            vh 
  5.000000000 -43.195057529   1.291329288   0.008653609   0.152588927 
[1] "Now starting analysis"
[1] "Starting with initial values"
         mu    sigma.sq          SE          bt 
1.329980090 0.008894202 0.004447101 1.000000000 
         step     negloglik            mu      sigma.sq            SE 
 1.000000e+00 -4.426426e+01  1.730543e+00  7.925017e-03  2.647845e-04 
           bt 
 7.202264e-01 
[1] "New improvement found, but slight; taking the best value, but not resetting the step counter"
         step     negloglik            mu      sigma.sq            SE 
 2.000000e+00 -4.426577e+01  1.664972e+00  7.951925e-03  3.514503e-04 
           bt 
 7.175770e-01 
         step     negloglik            mu      sigma.sq            SE 
 3.000000e+00 -4.426577e+01  1.664972e+00  7.951925e-03  3.514503e-04 
           bt 
 7.175770e-01 
[1] "Now starting analysis"
[1] "Starting with initial values"
         mu    sigma.sq          bt 
1.329980090 0.008894202 1.000000000 
         step     negloglik            mu      sigma.sq            bt 
  1.000000000 -43.909200245   1.603957061   0.008739358   0.751568048 
[1] "New improvement found, resetting step counter"
         step     negloglik            mu      sigma.sq            bt 
  2.000000000 -43.950582583   1.691862490   0.008636384   0.715463834 
         step     negloglik            mu      sigma.sq            bt 
  3.000000000 -43.950582583   1.691862490   0.008636384   0.715463834 
         step     negloglik            mu      sigma.sq            bt 
  4.000000000 -43.950582583   1.691862490   0.008636384   0.715463834 
[1] "Now starting analysis"
[1] "Starting with initial values"
         mu    sigma.sq          SE 
1.329980090 0.008894202 0.004447101 
         step     negloglik            mu      sigma.sq            SE 
  1.000000000 -41.497128900   1.392901131   0.008918764   0.000201422 
         step     negloglik            mu      sigma.sq            SE 
  2.000000000 -41.497128900   1.392901131   0.008918764   0.000201422 
         step     negloglik            mu      sigma.sq            SE 
  3.000000000 -41.497128900   1.392901131   0.008918764   0.000201422 
[1] "Now starting analysis"
[1] "Starting with initial values"
         mu    sigma.sq 
1.329980090 0.008894202 
         step     negloglik            mu      sigma.sq 
  1.000000000 -41.196279507   1.329980090   0.008894202 
         step     negloglik            mu      sigma.sq 
  2.000000000 -41.196279507   1.329980090   0.008894202 
[1] "New improvement found, resetting step counter"
         step     negloglik            mu      sigma.sq 
  3.000000000 -41.233580074   1.446560635   0.009606184 
[1] "New improvement found, resetting step counter"
         step     negloglik            mu      sigma.sq 
  4.000000000 -41.262727040   1.417511335   0.009429833 
         step     negloglik            mu      sigma.sq 
  5.000000000 -41.262727040   1.417511335   0.009429833 
         step     negloglik            mu      sigma.sq 
  6.000000000 -41.262727040   1.417511335   0.009429833 
