000 (066.1396.000) 07/26 17:14:46 Job submitted from host: <160.36.155.106:9618?addrs=160.36.155.106-9618&noUDP&sock=27742_4872_4>
...
012 (066.1396.000) 08/03 14:17:11 Job was held.
	via condor_hold (by user bomeara)
	Code 1 Subcode 0
...
013 (066.1396.000) 08/05 22:27:58 Job was released.
	via condor_release (by user bomeara)
...
012 (066.1396.000) 08/09 10:36:03 Job was held.
	via condor_hold (by user bomeara)
	Code 1 Subcode 0
...
013 (066.1396.000) 08/09 13:05:16 Job was released.
	via condor_release (by user bomeara)
...
001 (066.1396.000) 09/04 07:55:36 Job executing on host: <10.129.167.211:9618?addrs=10.129.167.211-9618&noUDP&sock=2343_ae7c_4>
...
006 (066.1396.000) 09/04 07:55:45 Image size of job updated: 224268
	219  -  MemoryUsage of job (MB)
	224224  -  ResidentSetSize of job (KB)
...
006 (066.1396.000) 09/04 09:10:54 Image size of job updated: 226112
	221  -  MemoryUsage of job (MB)
	226068  -  ResidentSetSize of job (KB)
...
006 (066.1396.000) 09/04 11:36:09 Image size of job updated: 226124
	221  -  MemoryUsage of job (MB)
	226080  -  ResidentSetSize of job (KB)
...
022 (066.1396.000) 09/04 12:12:48 Job disconnected, attempting to reconnect
    Socket between submit and execute hosts closed unexpectedly
    Trying to reconnect to slot1_20@omearaclusterc <10.129.167.211:9618?addrs=10.129.167.211-9618&noUDP&sock=2343_ae7c_4>
...
024 (066.1396.000) 09/04 12:52:51 Job reconnection failed
    Job disconnected too long: JobLeaseDuration (2400 seconds) expired
    Can not reconnect to slot1_20@omearaclusterc, rescheduling job
...
001 (066.1396.000) 09/10 03:06:53 Job executing on host: <10.128.121.58:9618?addrs=10.128.121.58-9618&noUDP&sock=2350_7ba6_4>
...
005 (066.1396.000) 09/11 14:33:41 Job terminated.
	(1) Normal termination (return value 0)
		Usr 1 11:23:31, Sys 0 00:00:20  -  Run Remote Usage
		Usr 0 00:00:00, Sys 0 00:00:00  -  Run Local Usage
		Usr 1 11:23:31, Sys 0 00:00:20  -  Total Remote Usage
		Usr 0 00:00:00, Sys 0 00:00:00  -  Total Local Usage
	29195  -  Run Bytes Sent By Job
	2422  -  Run Bytes Received By Job
	29195  -  Total Bytes Sent By Job
	4844  -  Total Bytes Received By Job
	Partitionable Resources :    Usage  Request Allocated 
	   Cpus                 :     1.00        1         1 
	   Disk (KB)            :    47          75    888331 
	   Memory (MB)          :   245         245       256 
...
