[1] "args"
[1] "66"  "263"
[1] "Now starting analysis"
[1] "Starting with initial values"
        mu   sigma.sq         SE         bt         vh 
2.43172729 0.14771332 0.07385666 1.00000000 0.07385666 
        step    negloglik           mu     sigma.sq           SE           bt 
 1.000000000 48.717792538  2.249322566  0.006583151  0.103492539  1.515558937 
          vh 
 0.030177571 
[1] "New improvement found, resetting step counter"
        step    negloglik           mu     sigma.sq           SE           bt 
2.000000e+00 4.676365e+01 1.415617e+00 5.139658e-03 9.937469e-02 1.688817e+00 
          vh 
1.946596e-04 
        step    negloglik           mu     sigma.sq           SE           bt 
3.000000e+00 4.676365e+01 1.415617e+00 5.139658e-03 9.937469e-02 1.688817e+00 
          vh 
1.946596e-04 
        step    negloglik           mu     sigma.sq           SE           bt 
4.000000e+00 4.676365e+01 1.415617e+00 5.139658e-03 9.937469e-02 1.688817e+00 
          vh 
1.946596e-04 
[1] "Now starting analysis"
[1] "Starting with initial values"
        mu   sigma.sq         bt         vh 
2.43172729 0.14771332 1.00000000 0.07385666 
       step   negloglik          mu    sigma.sq          bt          vh 
 1.00000000 99.90033563  2.04223560  0.14138250  1.65213554  0.01121511 
       step   negloglik          mu    sigma.sq          bt          vh 
 2.00000000 99.90033563  2.04223560  0.14138250  1.65213554  0.01121511 
[1] "New improvement found, resetting step counter"
       step   negloglik          mu    sigma.sq          bt          vh 
 3.00000000 99.88072739  2.14208007  0.14454439  1.46926068  0.01321942 
[1] "New improvement found, resetting step counter"
       step   negloglik          mu    sigma.sq          bt          vh 
 4.00000000 99.84280697  2.00581483  0.14472954  1.53900093  0.01329891 
       step   negloglik          mu    sigma.sq          bt          vh 
 5.00000000 99.84280697  2.00581483  0.14472954  1.53900093  0.01329891 
       step   negloglik          mu    sigma.sq          bt          vh 
 6.00000000 99.84280697  2.00581483  0.14472954  1.53900093  0.01329891 
[1] "Now starting analysis"
[1] "Starting with initial values"
        mu   sigma.sq         SE         vh 
2.43172729 0.14771332 0.07385666 0.07385666 
        step    negloglik           mu     sigma.sq           SE           vh 
 1.000000000 51.998482470  2.604338554  0.006989311  0.100115901  0.362943712 
[1] "New improvement found, resetting step counter"
        step    negloglik           mu     sigma.sq           SE           vh 
 2.000000000 51.488680942  2.373890926  0.006680912  0.097195988  0.127395893 
[1] "New improvement found, but slight; taking the best value, but not resetting the step counter"
        step    negloglik           mu     sigma.sq           SE           vh 
 3.000000000 51.488546466  2.363618264  0.006669543  0.095989340  0.130017873 
        step    negloglik           mu     sigma.sq           SE           vh 
 4.000000000 51.488546466  2.363618264  0.006669543  0.095989340  0.130017873 
[1] "Now starting analysis"
[1] "Starting with initial values"
        mu   sigma.sq         vh 
2.43172729 0.14771332 0.07385666 
        step    negloglik           mu     sigma.sq           vh 
1.000000e+00 1.007250e+02 2.591309e+00 1.433039e-01 2.274564e-03 
        step    negloglik           mu     sigma.sq           vh 
2.000000e+00 1.007250e+02 2.591309e+00 1.433039e-01 2.274564e-03 
        step    negloglik           mu     sigma.sq           vh 
3.000000e+00 1.007250e+02 2.591309e+00 1.433039e-01 2.274564e-03 
[1] "Now starting analysis"
[1] "Starting with initial values"
        mu   sigma.sq         SE         bt 
2.43172729 0.14771332 0.07385666 1.00000000 
        step    negloglik           mu     sigma.sq           SE           bt 
 1.000000000 49.065301442  2.382167758  0.007530566  0.099851552  1.456329718 
[1] "New improvement found, resetting step counter"
        step    negloglik           mu     sigma.sq           SE           bt 
 2.000000000 46.828173280  1.322376664  0.006253691  0.095917757  1.690756644 
[1] "New improvement found, resetting step counter"
        step    negloglik           mu     sigma.sq           SE           bt 
 3.000000000 46.757405246  1.494345648  0.005607558  0.097197786  1.654136256 
[1] "New improvement found, but slight; taking the best value, but not resetting the step counter"
        step    negloglik           mu     sigma.sq           SE           bt 
 4.000000000 46.756256661  1.379773572  0.005635059  0.094651978  1.710264681 
        step    negloglik           mu     sigma.sq           SE           bt 
 5.000000000 46.756256661  1.379773572  0.005635059  0.094651978  1.710264681 
[1] "Now starting analysis"
[1] "Starting with initial values"
       mu  sigma.sq        bt 
2.4317273 0.1477133 1.0000000 
      step  negloglik         mu   sigma.sq         bt 
 1.0000000 99.8160308  1.9946356  0.1440545  1.6526824 
      step  negloglik         mu   sigma.sq         bt 
 2.0000000 99.8160308  1.9946356  0.1440545  1.6526824 
[1] "New improvement found, but slight; taking the best value, but not resetting the step counter"
      step  negloglik         mu   sigma.sq         bt 
 3.0000000 99.8138618  2.1208710  0.1481401  1.5274158 
[1] "Now starting analysis"
[1] "Starting with initial values"
        mu   sigma.sq         SE 
2.43172729 0.14771332 0.07385666 
        step    negloglik           mu     sigma.sq           SE 
 1.000000000 52.211103756  2.298375294  0.007421108  0.100301801 
[1] "New improvement found, resetting step counter"
        step    negloglik           mu     sigma.sq           SE 
 2.000000000 52.124989977  2.375436350  0.007869022  0.098956794 
        step    negloglik           mu     sigma.sq           SE 
 3.000000000 52.124989977  2.375436350  0.007869022  0.098956794 
        step    negloglik           mu     sigma.sq           SE 
 4.000000000 52.124989977  2.375436350  0.007869022  0.098956794 
[1] "Now starting analysis"
[1] "Starting with initial values"
       mu  sigma.sq 
2.4317273 0.1477133 
       step   negloglik          mu    sigma.sq 
  1.0000000 100.6766935   2.4317273   0.1477133 
       step   negloglik          mu    sigma.sq 
  2.0000000 100.6766935   2.4317273   0.1477133 
       step   negloglik          mu    sigma.sq 
  3.0000000 100.6766935   2.4317273   0.1477133 
