[1] "args"
[1] "66"  "375"
[1] "Now starting analysis"
[1] "Starting with initial values"
          mu     sigma.sq           SE           bt           vh 
-0.001025060  0.010359767  0.005179884  1.000000000  0.005179884 
         step     negloglik            mu      sigma.sq            SE 
 1.000000e+00 -4.416927e+01  3.010290e-01  9.969104e-03  2.795035e-06 
           bt            vh 
 6.631933e-01  2.120287e-01 
[1] "New improvement found, resetting step counter"
         step     negloglik            mu      sigma.sq            SE 
 2.000000e+00 -4.422516e+01  3.673483e-01  9.969104e-03  2.795035e-06 
           bt            vh 
 6.631933e-01  2.120287e-01 
         step     negloglik            mu      sigma.sq            SE 
 3.000000e+00 -4.422516e+01  3.673483e-01  9.969104e-03  2.795035e-06 
           bt            vh 
 6.631933e-01  2.120287e-01 
         step     negloglik            mu      sigma.sq            SE 
 4.000000e+00 -4.422516e+01  3.673483e-01  9.969104e-03  2.795035e-06 
           bt            vh 
 6.631933e-01  2.120287e-01 
[1] "Now starting analysis"
[1] "Starting with initial values"
          mu     sigma.sq           bt           vh 
-0.001025060  0.010359767  1.000000000  0.005179884 
        step    negloglik           mu     sigma.sq           bt           vh 
  1.00000000 -44.23467895   0.51741365   0.01003325   0.58533667   0.24336020 
[1] "New improvement found, resetting step counter"
         step     negloglik            mu      sigma.sq            bt 
  2.000000000 -44.290607433   0.505184598   0.009561665   0.660908126 
           vh 
  0.264056339 
         step     negloglik            mu      sigma.sq            bt 
  3.000000000 -44.290607433   0.505184598   0.009561665   0.660908126 
           vh 
  0.264056339 
         step     negloglik            mu      sigma.sq            bt 
  4.000000000 -44.290607433   0.505184598   0.009561665   0.660908126 
           vh 
  0.264056339 
[1] "Now starting analysis"
[1] "Starting with initial values"
          mu     sigma.sq           SE           vh 
-0.001025060  0.010359767  0.005179884  0.005179884 
         step     negloglik            mu      sigma.sq            SE 
 1.000000e+00 -4.316775e+01 -2.867397e-03  1.017221e-02  5.586964e-06 
           vh 
 1.097569e-02 
[1] "New improvement found, but slight; taking the best value, but not resetting the step counter"
         step     negloglik            mu      sigma.sq            SE 
 2.000000e+00 -4.317482e+01 -2.867397e-03  1.017221e-02  5.586964e-06 
           vh 
 1.207326e-02 
