[1] "args"
[1] "66"  "253"
[1] "Now starting analysis"
[1] "Starting with initial values"
       mu  sigma.sq        SE        bt        vh 
1.8739625 0.2026265 0.1013133 1.0000000 0.1013133 
       step   negloglik          mu    sigma.sq          SE          bt 
 1.00000000 43.95882816  1.94295730  0.01136108  0.06651363  0.95293549 
         vh 
 0.20914335 
[1] "New improvement found, resetting step counter"
        step    negloglik           mu     sigma.sq           SE           bt 
 2.000000000 43.596088221  1.985069641  0.009709656  0.068705673  0.840377362 
          vh 
 0.004366696 
[1] "New improvement found, resetting step counter"
        step    negloglik           mu     sigma.sq           SE           bt 
 3.000000000 43.538646614  1.982288620  0.011055412  0.063912734  0.711229812 
          vh 
 0.005941335 
        step    negloglik           mu     sigma.sq           SE           bt 
 4.000000000 43.538646614  1.982288620  0.011055412  0.063912734  0.711229812 
          vh 
 0.005941335 
        step    negloglik           mu     sigma.sq           SE           bt 
 5.000000000 43.538646614  1.982288620  0.011055412  0.063912734  0.711229812 
          vh 
 0.005941335 
[1] "Now starting analysis"
[1] "Starting with initial values"
       mu  sigma.sq        bt        vh 
1.8739625 0.2026265 1.0000000 0.1013133 
       step   negloglik          mu    sigma.sq          bt          vh 
  1.0000000 117.0091018   1.8739625   0.2026265   1.0000000   0.1013133 
       step   negloglik          mu    sigma.sq          bt          vh 
  2.0000000 117.0091018   1.8739625   0.2026265   1.0000000   0.1013133 
       step   negloglik          mu    sigma.sq          bt          vh 
  3.0000000 117.0091018   1.8739625   0.2026265   1.0000000   0.1013133 
[1] "Now starting analysis"
[1] "Starting with initial values"
       mu  sigma.sq        SE        vh 
1.8739625 0.2026265 0.1013133 0.1013133 
       step   negloglik          mu    sigma.sq          SE          vh 
 1.00000000 43.82992903  1.82901285  0.01016945  0.06401317  0.10963078 
[1] "New improvement found, resetting step counter"
       step   negloglik          mu    sigma.sq          SE          vh 
 2.00000000 43.72372391  1.90724773  0.01047944  0.06573573  0.03650623 
[1] "New improvement found, resetting step counter"
       step   negloglik          mu    sigma.sq          SE          vh 
 3.00000000 43.66747177  1.88097858  0.01009082  0.06670546  0.00209365 
[1] "New improvement found, but slight; taking the best value, but not resetting the step counter"
        step    negloglik           mu     sigma.sq           SE           vh 
 4.000000000 43.664299005  1.901896221  0.010455813  0.064800492  0.002361154 
        step    negloglik           mu     sigma.sq           SE           vh 
 5.000000000 43.664299005  1.901896221  0.010455813  0.064800492  0.002361154 
[1] "Now starting analysis"
[1] "Starting with initial values"
       mu  sigma.sq        vh 
1.8739625 0.2026265 0.1013133 
       step   negloglik          mu    sigma.sq          vh 
  1.0000000 117.0091018   1.8739625   0.2026265   0.1013133 
       step   negloglik          mu    sigma.sq          vh 
  2.0000000 117.0091018   1.8739625   0.2026265   0.1013133 
       step   negloglik          mu    sigma.sq          vh 
  3.0000000 117.0091018   1.8739625   0.2026265   0.1013133 
[1] "Now starting analysis"
[1] "Starting with initial values"
       mu  sigma.sq        SE        bt 
1.8739625 0.2026265 0.1013133 1.0000000 
       step   negloglik          mu    sigma.sq          SE          bt 
 1.00000000 43.65837746  1.82901285  0.01016945  0.06401317  1.00831751 
[1] "New improvement found, resetting step counter"
       step   negloglik          mu    sigma.sq          SE          bt 
 2.00000000 43.54839421  1.95934757  0.01083715  0.06744270  0.76734844 
[1] "New improvement found, resetting step counter"
        step    negloglik           mu     sigma.sq           SE           bt 
 3.000000000 43.528255271  1.925641664  0.009956619  0.064295128  0.796965809 
        step    negloglik           mu     sigma.sq           SE           bt 
 4.000000000 43.528255271  1.925641664  0.009956619  0.064295128  0.796965809 
        step    negloglik           mu     sigma.sq           SE           bt 
 5.000000000 43.528255271  1.925641664  0.009956619  0.064295128  0.796965809 
[1] "Now starting analysis"
[1] "Starting with initial values"
       mu  sigma.sq        bt 
1.8739625 0.2026265 1.0000000 
       step   negloglik          mu    sigma.sq          bt 
  1.0000000 116.9959729   1.8739625   0.2026265   1.0000000 
       step   negloglik          mu    sigma.sq          bt 
  2.0000000 116.9959729   1.8739625   0.2026265   1.0000000 
       step   negloglik          mu    sigma.sq          bt 
  3.0000000 116.9959729   1.8739625   0.2026265   1.0000000 
[1] "Now starting analysis"
[1] "Starting with initial values"
       mu  sigma.sq        SE 
1.8739625 0.2026265 0.1013133 
       step   negloglik          mu    sigma.sq          SE 
 1.00000000 43.69399301  1.90748150  0.01017269  0.06839102 
[1] "New improvement found, resetting step counter"
       step   negloglik          mu    sigma.sq          SE 
 2.00000000 43.64187515  1.81073983  0.01046908  0.06376507 
       step   negloglik          mu    sigma.sq          SE 
 3.00000000 43.64187515  1.81073983  0.01046908  0.06376507 
       step   negloglik          mu    sigma.sq          SE 
 4.00000000 43.64187515  1.81073983  0.01046908  0.06376507 
[1] "Now starting analysis"
[1] "Starting with initial values"
       mu  sigma.sq 
1.8739625 0.2026265 
       step   negloglik          mu    sigma.sq 
  1.0000000 116.9959729   1.8739625   0.2026265 
       step   negloglik          mu    sigma.sq 
  2.0000000 116.9959729   1.8739625   0.2026265 
[1] "New improvement found, but slight; taking the best value, but not resetting the step counter"
       step   negloglik          mu    sigma.sq 
  3.0000000 116.9959130   1.8414160   0.2017601 
