[1] "args"
[1] "66"  "109"
[1] "Now starting analysis"
[1] "Starting with initial values"
        mu   sigma.sq         SE         bt         vh 
0.91259327 0.14358562 0.07179281 1.00000000 0.07179281 
        step    negloglik           mu     sigma.sq           SE           bt 
 1.000000000 48.833467104  0.985660640  0.006130864  0.086332559  1.028110940 
          vh 
 0.136718104 
[1] "New improvement found, resetting step counter"
        step    negloglik           mu     sigma.sq           SE           bt 
2.000000e+00 4.817846e+01 1.031132e+00 5.550279e-03 9.301845e-02 8.003569e-01 
          vh 
2.860457e-04 
        step    negloglik           mu     sigma.sq           SE           bt 
3.000000e+00 4.817846e+01 1.031132e+00 5.550279e-03 9.301845e-02 8.003569e-01 
          vh 
2.860457e-04 
        step    negloglik           mu     sigma.sq           SE           bt 
4.000000e+00 4.817846e+01 1.031132e+00 5.550279e-03 9.301845e-02 8.003569e-01 
          vh 
2.860457e-04 
[1] "Now starting analysis"
[1] "Starting with initial values"
        mu   sigma.sq         bt         vh 
0.91259327 0.14358562 1.00000000 0.07179281 
        step    negloglik           mu     sigma.sq           bt           vh 
  1.00000000 109.83097169   1.01259327   0.14358562   1.00000000   0.07179281 
        step    negloglik           mu     sigma.sq           bt           vh 
  2.00000000 109.83097169   1.01259327   0.14358562   1.00000000   0.07179281 
        step    negloglik           mu     sigma.sq           bt           vh 
  3.00000000 109.83097169   1.01259327   0.14358562   1.00000000   0.07179281 
[1] "Now starting analysis"
[1] "Starting with initial values"
        mu   sigma.sq         SE         vh 
0.91259327 0.14358562 0.07179281 0.07179281 
        step    negloglik           mu     sigma.sq           SE           vh 
 1.000000000 48.805130199  1.087548688  0.005589806  0.092952724  0.117347333 
[1] "New improvement found, resetting step counter"
        step    negloglik           mu     sigma.sq           SE           vh 
 2.000000000 48.479152323  1.022797802  0.005717110  0.088899396  0.005214211 
[1] "New improvement found, resetting step counter"
        step    negloglik           mu     sigma.sq           SE           vh 
 3.000000000 48.463966977  0.989232012  0.005960579  0.091826512  0.007567887 
[1] "New improvement found, resetting step counter"
        step    negloglik           mu     sigma.sq           SE           vh 
 4.000000000 48.432737907  0.941918825  0.005469229  0.093952508  0.003953186 
[1] "New improvement found, resetting step counter"
        step    negloglik           mu     sigma.sq           SE           vh 
5.000000e+00 4.842018e+01 9.427731e-01 5.647889e-03 9.241445e-02 9.949364e-04 
        step    negloglik           mu     sigma.sq           SE           vh 
6.000000e+00 4.842018e+01 9.427731e-01 5.647889e-03 9.241445e-02 9.949364e-04 
        step    negloglik           mu     sigma.sq           SE           vh 
7.000000e+00 4.842018e+01 9.427731e-01 5.647889e-03 9.241445e-02 9.949364e-04 
[1] "Now starting analysis"
[1] "Starting with initial values"
        mu   sigma.sq         vh 
0.91259327 0.14358562 0.07179281 
        step    negloglik           mu     sigma.sq           vh 
  1.00000000 109.83079581   1.00385260   0.14358562   0.07179281 
        step    negloglik           mu     sigma.sq           vh 
  2.00000000 109.83079581   1.00385260   0.14358562   0.07179281 
        step    negloglik           mu     sigma.sq           vh 
  3.00000000 109.83079581   1.00385260   0.14358562   0.07179281 
[1] "Now starting analysis"
[1] "Starting with initial values"
        mu   sigma.sq         SE         bt 
0.91259327 0.14358562 0.07179281 1.00000000 
        step    negloglik           mu     sigma.sq           SE           bt 
 1.000000000 48.682940891  1.044960609  0.005916393  0.089958798  1.070710089 
[1] "New improvement found, resetting step counter"
        step    negloglik           mu     sigma.sq           SE           bt 
 2.000000000 48.186534851  1.014702863  0.005317858  0.092011741  0.750067405 
[1] "New improvement found, resetting step counter"
        step    negloglik           mu     sigma.sq           SE           bt 
 3.000000000 48.165736110  1.019708189  0.005466939  0.091765570  0.793881697 
        step    negloglik           mu     sigma.sq           SE           bt 
 4.000000000 48.165736110  1.019708189  0.005466939  0.091765570  0.793881697 
        step    negloglik           mu     sigma.sq           SE           bt 
 5.000000000 48.165736110  1.019708189  0.005466939  0.091765570  0.793881697 
[1] "Now starting analysis"
[1] "Starting with initial values"
       mu  sigma.sq        bt 
0.9125933 0.1435856 1.0000000 
       step   negloglik          mu    sigma.sq          bt 
  1.0000000 109.8046869   1.0125933   0.1435856   1.0000000 
       step   negloglik          mu    sigma.sq          bt 
  2.0000000 109.8046869   1.0125933   0.1435856   1.0000000 
       step   negloglik          mu    sigma.sq          bt 
  3.0000000 109.8046869   1.0125933   0.1435856   1.0000000 
[1] "Now starting analysis"
[1] "Starting with initial values"
        mu   sigma.sq         SE 
0.91259327 0.14358562 0.07179281 
        step    negloglik           mu     sigma.sq           SE 
 1.000000000 48.551762924  1.070591766  0.005108762  0.091883108 
[1] "New improvement found, resetting step counter"
        step    negloglik           mu     sigma.sq           SE 
 2.000000000 48.419375250  0.957742166  0.005760831  0.090916421 
        step    negloglik           mu     sigma.sq           SE 
 3.000000000 48.419375250  0.957742166  0.005760831  0.090916421 
        step    negloglik           mu     sigma.sq           SE 
 4.000000000 48.419375250  0.957742166  0.005760831  0.090916421 
[1] "Now starting analysis"
[1] "Starting with initial values"
       mu  sigma.sq 
0.9125933 0.1435856 
       step   negloglik          mu    sigma.sq 
  1.0000000 109.8045063   1.0038526   0.1435856 
       step   negloglik          mu    sigma.sq 
  2.0000000 109.8045063   1.0038526   0.1435856 
       step   negloglik          mu    sigma.sq 
  3.0000000 109.8045063   1.0038526   0.1435856 
