000 (066.1132.000) 07/26 17:14:46 Job submitted from host: <160.36.155.106:9618?addrs=160.36.155.106-9618&noUDP&sock=27742_4872_4>
...
012 (066.1132.000) 08/03 14:16:58 Job was held.
	via condor_hold (by user bomeara)
	Code 1 Subcode 0
...
013 (066.1132.000) 08/05 22:27:45 Job was released.
	via condor_release (by user bomeara)
...
012 (066.1132.000) 08/09 10:35:46 Job was held.
	via condor_hold (by user bomeara)
	Code 1 Subcode 0
...
013 (066.1132.000) 08/09 13:05:03 Job was released.
	via condor_release (by user bomeara)
...
001 (066.1132.000) 08/29 18:13:05 Job executing on host: <10.130.210.206:9618?addrs=10.130.210.206-9618&noUDP&sock=76684_6c96_4>
...
006 (066.1132.000) 08/29 18:13:14 Image size of job updated: 220336
	216  -  MemoryUsage of job (MB)
	220336  -  ResidentSetSize of job (KB)
...
006 (066.1132.000) 08/29 18:18:15 Image size of job updated: 229764
	225  -  MemoryUsage of job (MB)
	229764  -  ResidentSetSize of job (KB)
...
006 (066.1132.000) 08/30 16:25:31 Image size of job updated: 230796
	226  -  MemoryUsage of job (MB)
	230796  -  ResidentSetSize of job (KB)
...
006 (066.1132.000) 08/31 11:52:29 Image size of job updated: 230908
	226  -  MemoryUsage of job (MB)
	230908  -  ResidentSetSize of job (KB)
...
005 (066.1132.000) 09/01 09:13:01 Job terminated.
	(1) Normal termination (return value 0)
		Usr 2 14:55:16, Sys 0 00:00:17  -  Run Remote Usage
		Usr 0 00:00:00, Sys 0 00:00:00  -  Run Local Usage
		Usr 2 14:55:16, Sys 0 00:00:17  -  Total Remote Usage
		Usr 0 00:00:00, Sys 0 00:00:00  -  Total Local Usage
	28630  -  Run Bytes Sent By Job
	2422  -  Run Bytes Received By Job
	28630  -  Total Bytes Sent By Job
	2422  -  Total Bytes Received By Job
	Partitionable Resources :    Usage  Request Allocated 
	   Cpus                 :     1.00        1         1 
	   Disk (KB)            :    46           4    813884 
	   Memory (MB)          :   226           1       128 
...
