[1] "args"
[1] "66"  "919"
[1] "Now starting analysis"
[1] "Starting with initial values"
        mu   sigma.sq         SE         bt         vh 
0.86129197 0.11460115 0.05730058 1.00000000 0.05730058 
        step    negloglik           mu     sigma.sq           SE           bt 
 1.000000000 42.025988803  0.910353938  0.006543752  0.077352597  1.009240617 
          vh 
 0.164440930 
[1] "New improvement found, resetting step counter"
        step    negloglik           mu     sigma.sq           SE           bt 
 2.000000000 41.754475151  0.917380421  0.007410514  0.070918229  1.014503942 
          vh 
 0.009213387 
        step    negloglik           mu     sigma.sq           SE           bt 
 3.000000000 41.754475151  0.917380421  0.007410514  0.070918229  1.014503942 
          vh 
 0.009213387 
        step    negloglik           mu     sigma.sq           SE           bt 
 4.000000000 41.754475151  0.917380421  0.007410514  0.070918229  1.014503942 
          vh 
 0.009213387 
[1] "Now starting analysis"
[1] "Starting with initial values"
        mu   sigma.sq         bt         vh 
0.86129197 0.11460115 1.00000000 0.05730058 
       step   negloglik          mu    sigma.sq          bt          vh 
 1.00000000 89.88879223  0.86129197  0.11460115  1.00000000  0.05730058 
       step   negloglik          mu    sigma.sq          bt          vh 
 2.00000000 89.88879223  0.86129197  0.11460115  1.00000000  0.05730058 
       step   negloglik          mu    sigma.sq          bt          vh 
 3.00000000 89.88879223  0.86129197  0.11460115  1.00000000  0.05730058 
[1] "Now starting analysis"
[1] "Starting with initial values"
        mu   sigma.sq         SE         vh 
0.86129197 0.11460115 0.05730058 0.05730058 
        step    negloglik           mu     sigma.sq           SE           vh 
 1.000000000 41.737470733  0.881254768  0.006563016  0.072413515  0.018647365 
[1] "New improvement found, resetting step counter"
        step    negloglik           mu     sigma.sq           SE           vh 
 2.000000000 41.674272902  0.897418222  0.006825146  0.074424871  0.002282285 
        step    negloglik           mu     sigma.sq           SE           vh 
 3.000000000 41.674272902  0.897418222  0.006825146  0.074424871  0.002282285 
        step    negloglik           mu     sigma.sq           SE           vh 
 4.000000000 41.674272902  0.897418222  0.006825146  0.074424871  0.002282285 
[1] "Now starting analysis"
[1] "Starting with initial values"
        mu   sigma.sq         vh 
0.86129197 0.11460115 0.05730058 
       step   negloglik          mu    sigma.sq          vh 
 1.00000000 89.88879223  0.86129197  0.11460115  0.05730058 
       step   negloglik          mu    sigma.sq          vh 
 2.00000000 89.88879223  0.86129197  0.11460115  0.05730058 
       step   negloglik          mu    sigma.sq          vh 
 3.00000000 89.88879223  0.86129197  0.11460115  0.05730058 
[1] "Now starting analysis"
[1] "Starting with initial values"
        mu   sigma.sq         SE         bt 
0.86129197 0.11460115 0.05730058 1.00000000 
        step    negloglik           mu     sigma.sq           SE           bt 
 1.000000000 41.673985105  0.868730209  0.006397687  0.074922230  0.992813246 
[1] "New improvement found, resetting step counter"
        step    negloglik           mu     sigma.sq           SE           bt 
 2.000000000 41.616674362  0.912570769  0.006735739  0.074338781  0.876679015 
        step    negloglik           mu     sigma.sq           SE           bt 
 3.000000000 41.616674362  0.912570769  0.006735739  0.074338781  0.876679015 
        step    negloglik           mu     sigma.sq           SE           bt 
 4.000000000 41.616674362  0.912570769  0.006735739  0.074338781  0.876679015 
[1] "Now starting analysis"
[1] "Starting with initial values"
       mu  sigma.sq        bt 
0.8612920 0.1146012 1.0000000 
      step  negloglik         mu   sigma.sq         bt 
 1.0000000 89.8772052  0.8612920  0.1146012  1.0000000 
      step  negloglik         mu   sigma.sq         bt 
 2.0000000 89.8772052  0.8612920  0.1146012  1.0000000 
      step  negloglik         mu   sigma.sq         bt 
 3.0000000 89.8772052  0.8612920  0.1146012  1.0000000 
[1] "Now starting analysis"
[1] "Starting with initial values"
        mu   sigma.sq         SE 
0.86129197 0.11460115 0.05730058 
        step    negloglik           mu     sigma.sq           SE 
 1.000000000 41.684269110  0.902786503  0.007163953  0.075169395 
[1] "New improvement found, resetting step counter"
       step   negloglik          mu    sigma.sq          SE 
 2.00000000 41.66388670  0.82830501  0.00711189  0.07372003 
[1] "New improvement found, but slight; taking the best value, but not resetting the step counter"
        step    negloglik           mu     sigma.sq           SE 
 3.000000000 41.660236604  0.863226929  0.007038649  0.073909253 
[1] "New improvement found, but slight; taking the best value, but not resetting the step counter"
        step    negloglik           mu     sigma.sq           SE 
 4.000000000 41.659636723  0.850046155  0.007049495  0.073720280 
[1] "Now starting analysis"
[1] "Starting with initial values"
       mu  sigma.sq 
0.8612920 0.1146012 
      step  negloglik         mu   sigma.sq 
 1.0000000 89.8772052  0.8612920  0.1146012 
      step  negloglik         mu   sigma.sq 
 2.0000000 89.8772052  0.8612920  0.1146012 
      step  negloglik         mu   sigma.sq 
 3.0000000 89.8772052  0.8612920  0.1146012 
