000 (066.665.000) 07/26 17:14:46 Job submitted from host: <160.36.155.106:9618?addrs=160.36.155.106-9618&noUDP&sock=27742_4872_4>
...
001 (066.665.000) 08/03 13:59:05 Job executing on host: <160.36.154.249:9618?addrs=160.36.154.249-9618&noUDP&sock=66431_b80f_4>
...
006 (066.665.000) 08/03 13:59:13 Image size of job updated: 243296
	238  -  MemoryUsage of job (MB)
	243296  -  ResidentSetSize of job (KB)
...
006 (066.665.000) 08/03 14:04:13 Image size of job updated: 246936
	242  -  MemoryUsage of job (MB)
	246936  -  ResidentSetSize of job (KB)
...
006 (066.665.000) 08/03 14:09:13 Image size of job updated: 246952
	242  -  MemoryUsage of job (MB)
	246952  -  ResidentSetSize of job (KB)
...
006 (066.665.000) 08/04 23:32:43 Image size of job updated: 247092
	242  -  MemoryUsage of job (MB)
	247092  -  ResidentSetSize of job (KB)
...
006 (066.665.000) 08/05 20:04:51 Image size of job updated: 248276
	243  -  MemoryUsage of job (MB)
	248276  -  ResidentSetSize of job (KB)
...
005 (066.665.000) 08/07 21:37:52 Job terminated.
	(1) Normal termination (return value 0)
		Usr 4 07:28:51, Sys 0 00:01:24  -  Run Remote Usage
		Usr 0 00:00:00, Sys 0 00:00:00  -  Run Local Usage
		Usr 4 07:28:51, Sys 0 00:01:24  -  Total Remote Usage
		Usr 0 00:00:00, Sys 0 00:00:00  -  Total Local Usage
	31996  -  Run Bytes Sent By Job
	2422  -  Run Bytes Received By Job
	31996  -  Total Bytes Sent By Job
	2422  -  Total Bytes Received By Job
	Partitionable Resources :    Usage  Request Allocated 
	   Cpus                 :     1.00        1         1 
	   Disk (KB)            :    49           4    202517 
	   Memory (MB)          :   243           1       128 
...
