[1] "args"
[1] "66"  "471"
[1] "Now starting analysis"
[1] "Starting with initial values"
        mu   sigma.sq         SE         bt         vh 
1.05649446 0.18049757 0.09024878 1.00000000 0.09024878 
       step   negloglik          mu    sigma.sq          SE          bt 
 1.00000000 64.81319996  1.12218777  0.01103553  0.10315007  1.03015834 
         vh 
 0.09721868 
[1] "New improvement found, resetting step counter"
        step    negloglik           mu     sigma.sq           SE           bt 
2.000000e+00 6.421425e+01 1.199565e+00 1.125729e-02 1.019232e-01 9.983529e-01 
          vh 
6.899293e-04 
        step    negloglik           mu     sigma.sq           SE           bt 
3.000000e+00 6.421425e+01 1.199565e+00 1.125729e-02 1.019232e-01 9.983529e-01 
          vh 
6.899293e-04 
        step    negloglik           mu     sigma.sq           SE           bt 
4.000000e+00 6.421425e+01 1.199565e+00 1.125729e-02 1.019232e-01 9.983529e-01 
          vh 
6.899293e-04 
[1] "Now starting analysis"
[1] "Starting with initial values"
        mu   sigma.sq         bt         vh 
1.05649446 0.18049757 1.00000000 0.09024878 
        step    negloglik           mu     sigma.sq           bt           vh 
  1.00000000 118.87013054   1.05649446   0.18049757   1.00000000   0.09024878 
        step    negloglik           mu     sigma.sq           bt           vh 
  2.00000000 118.87013054   1.05649446   0.18049757   1.00000000   0.09024878 
[1] "New improvement found, resetting step counter"
        step    negloglik           mu     sigma.sq           bt           vh 
3.000000e+00 1.188254e+02 1.121986e+00 1.850065e-01 9.850076e-01 3.837675e-03 
        step    negloglik           mu     sigma.sq           bt           vh 
4.000000e+00 1.188254e+02 1.121986e+00 1.850065e-01 9.850076e-01 3.837675e-03 
        step    negloglik           mu     sigma.sq           bt           vh 
5.000000e+00 1.188254e+02 1.121986e+00 1.850065e-01 9.850076e-01 3.837675e-03 
[1] "Now starting analysis"
[1] "Starting with initial values"
        mu   sigma.sq         SE         vh 
1.05649446 0.18049757 0.09024878 0.09024878 
        step    negloglik           mu     sigma.sq           SE           vh 
 1.000000000 64.216891563  0.903829836  0.012237122  0.092784545  0.006712029 
[1] "New improvement found, resetting step counter"
        step    negloglik           mu     sigma.sq           SE           vh 
 2.000000000 64.171383164  0.994212820  0.012237122  0.092784545  0.006712029 
        step    negloglik           mu     sigma.sq           SE           vh 
 3.000000000 64.171383164  0.994212820  0.012237122  0.092784545  0.006712029 
[1] "New improvement found, resetting step counter"
        step    negloglik           mu     sigma.sq           SE           vh 
4.000000e+00 6.408310e+01 9.818838e-01 1.193991e-02 9.505703e-02 6.637791e-04 
        step    negloglik           mu     sigma.sq           SE           vh 
5.000000e+00 6.408310e+01 9.818838e-01 1.193991e-02 9.505703e-02 6.637791e-04 
[1] "New improvement found, resetting step counter"
        step    negloglik           mu     sigma.sq           SE           vh 
 6.000000000 64.061704396  0.997793325  0.011567577  0.097330609  0.001824708 
        step    negloglik           mu     sigma.sq           SE           vh 
 7.000000000 64.061704396  0.997793325  0.011567577  0.097330609  0.001824708 
        step    negloglik           mu     sigma.sq           SE           vh 
 8.000000000 64.061704396  0.997793325  0.011567577  0.097330609  0.001824708 
[1] "Now starting analysis"
[1] "Starting with initial values"
        mu   sigma.sq         vh 
1.05649446 0.18049757 0.09024878 
        step    negloglik           mu     sigma.sq           vh 
  1.00000000 118.87013054   1.05649446   0.18049757   0.09024878 
        step    negloglik           mu     sigma.sq           vh 
  2.00000000 118.87013054   1.05649446   0.18049757   0.09024878 
        step    negloglik           mu     sigma.sq           vh 
  3.00000000 118.87013054   1.05649446   0.18049757   0.09024878 
[1] "Now starting analysis"
[1] "Starting with initial values"
        mu   sigma.sq         SE         bt 
1.05649446 0.18049757 0.09024878 1.00000000 
       step   negloglik          mu    sigma.sq          SE          bt 
 1.00000000 64.08659855  1.05627342  0.01118758  0.10375931  0.93138274 
[1] "New improvement found, resetting step counter"
       step   negloglik          mu    sigma.sq          SE          bt 
 2.00000000 64.07405328  1.05627342  0.01118758  0.10375931  1.03701008 
       step   negloglik          mu    sigma.sq          SE          bt 
 3.00000000 64.07405328  1.05627342  0.01118758  0.10375931  1.03701008 
[1] "New improvement found, resetting step counter"
       step   negloglik          mu    sigma.sq          SE          bt 
 4.00000000 64.04423074  0.96719899  0.01179303  0.10013525  1.03841478 
       step   negloglik          mu    sigma.sq          SE          bt 
 5.00000000 64.04423074  0.96719899  0.01179303  0.10013525  1.03841478 
       step   negloglik          mu    sigma.sq          SE          bt 
 6.00000000 64.04423074  0.96719899  0.01179303  0.10013525  1.03841478 
[1] "Now starting analysis"
[1] "Starting with initial values"
       mu  sigma.sq        bt 
1.0564945 0.1804976 1.0000000 
       step   negloglik          mu    sigma.sq          bt 
  1.0000000 118.8011481   1.0564945   0.1804976   1.0000000 
       step   negloglik          mu    sigma.sq          bt 
  2.0000000 118.8011481   1.0564945   0.1804976   1.0000000 
       step   negloglik          mu    sigma.sq          bt 
  3.0000000 118.8011481   1.0564945   0.1804976   1.0000000 
[1] "Now starting analysis"
[1] "Starting with initial values"
        mu   sigma.sq         SE 
1.05649446 0.18049757 0.09024878 
       step   negloglik          mu    sigma.sq          SE 
 1.00000000 64.07068239  1.08724209  0.01091345  0.10156740 
[1] "New improvement found, resetting step counter"
       step   negloglik          mu    sigma.sq          SE 
 2.00000000 64.03948724  0.99779618  0.01118785  0.09897782 
       step   negloglik          mu    sigma.sq          SE 
 3.00000000 64.03948724  0.99779618  0.01118785  0.09897782 
       step   negloglik          mu    sigma.sq          SE 
 4.00000000 64.03948724  0.99779618  0.01118785  0.09897782 
[1] "Now starting analysis"
[1] "Starting with initial values"
       mu  sigma.sq 
1.0564945 0.1804976 
       step   negloglik          mu    sigma.sq 
  1.0000000 118.8011481   1.0564945   0.1804976 
       step   negloglik          mu    sigma.sq 
  2.0000000 118.8011481   1.0564945   0.1804976 
       step   negloglik          mu    sigma.sq 
  3.0000000 118.8011481   1.0564945   0.1804976 
