[1] "args"
[1] "66"   "1048"
[1] "Now starting analysis"
[1] "Starting with initial values"
        mu   sigma.sq         SE         bt         vh 
1.33069825 0.06195265 0.03097633 1.00000000 0.03097633 
        step    negloglik           mu     sigma.sq           SE           bt 
1.000000e+00 1.343955e+01 1.356132e+00 7.941166e-03 6.556456e-02 9.773664e-01 
          vh 
2.735315e-05 
[1] "New improvement found, resetting step counter"
        step    negloglik           mu     sigma.sq           SE           bt 
2.000000e+00 1.340857e+01 1.421595e+00 8.114135e-03 6.681341e-02 9.806349e-01 
          vh 
2.305588e-05 
        step    negloglik           mu     sigma.sq           SE           bt 
3.000000e+00 1.340857e+01 1.421595e+00 8.114135e-03 6.681341e-02 9.806349e-01 
          vh 
2.305588e-05 
[1] "New improvement found, but slight; taking the best value, but not resetting the step counter"
        step    negloglik           mu     sigma.sq           SE           bt 
4.000000e+00 1.340658e+01 1.404861e+00 7.807508e-03 6.768386e-02 9.819194e-01 
          vh 
7.412360e-05 
[1] "Now starting analysis"
[1] "Starting with initial values"
        mu   sigma.sq         bt         vh 
1.33069825 0.06195265 1.00000000 0.03097633 
        step    negloglik           mu     sigma.sq           bt           vh 
1.000000e+00 1.960354e+01 1.424076e+00 6.190525e-02 9.601532e-01 4.264013e-04 
[1] "New improvement found, but slight; taking the best value, but not resetting the step counter"
        step    negloglik           mu     sigma.sq           bt           vh 
2.000000e+00 1.960308e+01 1.566484e+00 6.190525e-02 9.601532e-01 4.264013e-04 
        step    negloglik           mu     sigma.sq           bt           vh 
3.000000e+00 1.960308e+01 1.566484e+00 6.190525e-02 9.601532e-01 4.264013e-04 
[1] "Now starting analysis"
[1] "Starting with initial values"
        mu   sigma.sq         SE         vh 
1.33069825 0.06195265 0.03097633 0.03097633 
        step    negloglik           mu     sigma.sq           SE           vh 
1.000000e+00 1.349608e+01 1.288235e+00 8.101866e-03 6.495302e-02 5.586018e-04 
        step    negloglik           mu     sigma.sq           SE           vh 
2.000000e+00 1.349608e+01 1.288235e+00 8.101866e-03 6.495302e-02 5.586018e-04 
        step    negloglik           mu     sigma.sq           SE           vh 
3.000000e+00 1.349608e+01 1.288235e+00 8.101866e-03 6.495302e-02 5.586018e-04 
[1] "Now starting analysis"
[1] "Starting with initial values"
        mu   sigma.sq         vh 
1.33069825 0.06195265 0.03097633 
        step    negloglik           mu     sigma.sq           vh 
 1.000000000 19.615620939  1.390793369  0.060941921  0.000510035 
        step    negloglik           mu     sigma.sq           vh 
 2.000000000 19.615620939  1.390793369  0.060941921  0.000510035 
        step    negloglik           mu     sigma.sq           vh 
 3.000000000 19.615620939  1.390793369  0.060941921  0.000510035 
[1] "Now starting analysis"
[1] "Starting with initial values"
        mu   sigma.sq         SE         bt 
1.33069825 0.06195265 0.03097633 1.00000000 
        step    negloglik           mu     sigma.sq           SE           bt 
 1.000000000 13.607599314  1.164829242  0.007910208  0.064901214  0.980250702 
[1] "New improvement found, resetting step counter"
        step    negloglik           mu     sigma.sq           SE           bt 
 2.000000000 13.450288089  1.290547417  0.007903268  0.068859932  0.981735325 
        step    negloglik           mu     sigma.sq           SE           bt 
 3.000000000 13.450288089  1.290547417  0.007903268  0.068859932  0.981735325 
        step    negloglik           mu     sigma.sq           SE           bt 
 4.000000000 13.450288089  1.290547417  0.007903268  0.068859932  0.981735325 
[1] "Now starting analysis"
[1] "Starting with initial values"
        mu   sigma.sq         bt 
1.33069825 0.06195265 1.00000000 
       step   negloglik          mu    sigma.sq          bt 
 1.00000000 19.60078594  1.41128712  0.06045099  0.97339374 
       step   negloglik          mu    sigma.sq          bt 
 2.00000000 19.60078594  1.41128712  0.06045099  0.97339374 
       step   negloglik          mu    sigma.sq          bt 
 3.00000000 19.60078594  1.41128712  0.06045099  0.97339374 
[1] "Now starting analysis"
[1] "Starting with initial values"
        mu   sigma.sq         SE 
1.33069825 0.06195265 0.03097633 
        step    negloglik           mu     sigma.sq           SE 
 1.000000000 13.446525581  1.384689757  0.006498972  0.077479279 
[1] "New improvement found, but slight; taking the best value, but not resetting the step counter"
        step    negloglik           mu     sigma.sq           SE 
 2.000000000 13.443576549  1.350562154  0.006747334  0.076251636 
        step    negloglik           mu     sigma.sq           SE 
 3.000000000 13.443576549  1.350562154  0.006747334  0.076251636 
[1] "Now starting analysis"
[1] "Starting with initial values"
        mu   sigma.sq 
1.33069825 0.06195265 
       step   negloglik          mu    sigma.sq 
 1.00000000 19.60844595  1.33069825  0.06195265 
       step   negloglik          mu    sigma.sq 
 2.00000000 19.60844595  1.33069825  0.06195265 
       step   negloglik          mu    sigma.sq 
 3.00000000 19.60844595  1.33069825  0.06195265 
