[1] "args"
[1] "66"  "757"
[1] "Now starting analysis"
[1] "Starting with initial values"
       mu  sigma.sq        SE        bt        vh 
0.3354460 0.2653321 0.1326660 1.0000000 0.1326660 
        step    negloglik           mu     sigma.sq           SE           bt 
 1.000000000 52.883383880  0.418426375  0.009920906  0.090773252  1.094943664 
          vh 
 0.249357969 
[1] "New improvement found, resetting step counter"
        step    negloglik           mu     sigma.sq           SE           bt 
2.000000e+00 5.244938e+01 2.706147e-01 1.085547e-02 8.315978e-02 1.385072e+00 
          vh 
5.354196e-04 
        step    negloglik           mu     sigma.sq           SE           bt 
3.000000e+00 5.244938e+01 2.706147e-01 1.085547e-02 8.315978e-02 1.385072e+00 
          vh 
5.354196e-04 
[1] "New improvement found, resetting step counter"
        step    negloglik           mu     sigma.sq           SE           bt 
 4.000000000 52.414907225  0.329801776  0.009541264  0.091382968  1.450151081 
          vh 
 0.003156029 
[1] "New improvement found, resetting step counter"
        step    negloglik           mu     sigma.sq           SE           bt 
 5.000000000 52.380408635  0.221672428  0.010696093  0.085871965  1.669799751 
          vh 
 0.003462809 
        step    negloglik           mu     sigma.sq           SE           bt 
 6.000000000 52.380408635  0.221672428  0.010696093  0.085871965  1.669799751 
          vh 
 0.003462809 
        step    negloglik           mu     sigma.sq           SE           bt 
 7.000000000 52.380408635  0.221672428  0.010696093  0.085871965  1.669799751 
          vh 
 0.003462809 
[1] "Now starting analysis"
[1] "Starting with initial values"
       mu  sigma.sq        bt        vh 
0.3354460 0.2653321 1.0000000 0.1326660 
       step   negloglik          mu    sigma.sq          bt          vh 
  1.0000000 118.0395290   0.3354460   0.2653321   1.1000000   0.1326660 
[1] "New improvement found, but slight; taking the best value, but not resetting the step counter"
       step   negloglik          mu    sigma.sq          bt          vh 
  2.0000000 118.0355370   0.3354460   0.2653321   1.2100000   0.1326660 
       step   negloglik          mu    sigma.sq          bt          vh 
  3.0000000 118.0355370   0.3354460   0.2653321   1.2100000   0.1326660 
[1] "Now starting analysis"
[1] "Starting with initial values"
       mu  sigma.sq        SE        vh 
0.3354460 0.2653321 0.1326660 0.1326660 
       step   negloglik          mu    sigma.sq          SE          vh 
 1.00000000 53.05789314  0.55016163  0.00996490  0.08998483  0.25151335 
[1] "New improvement found, resetting step counter"
       step   negloglik          mu    sigma.sq          SE          vh 
 2.00000000 52.91186281  0.36464536  0.01058009  0.08653766  0.25573552 
       step   negloglik          mu    sigma.sq          SE          vh 
 3.00000000 52.91186281  0.36464536  0.01058009  0.08653766  0.25573552 
       step   negloglik          mu    sigma.sq          SE          vh 
 4.00000000 52.91186281  0.36464536  0.01058009  0.08653766  0.25573552 
[1] "Now starting analysis"
[1] "Starting with initial values"
       mu  sigma.sq        vh 
0.3354460 0.2653321 0.1326660 
       step   negloglik          mu    sigma.sq          vh 
  1.0000000 118.0446188   0.3689906   0.2653321   0.1326660 
[1] "New improvement found, but slight; taking the best value, but not resetting the step counter"
       step   negloglik          mu    sigma.sq          vh 
  2.0000000 118.0445381   0.4058896   0.2653321   0.1326660 
       step   negloglik          mu    sigma.sq          vh 
  3.0000000 118.0445381   0.4058896   0.2653321   0.1326660 
[1] "Now starting analysis"
[1] "Starting with initial values"
       mu  sigma.sq        SE        bt 
0.3354460 0.2653321 0.1326660 1.0000000 
       step   negloglik          mu    sigma.sq          SE          bt 
 1.00000000 52.54289062  0.44280598  0.00993546  0.08564452  1.22550414 
[1] "New improvement found, resetting step counter"
        step    negloglik           mu     sigma.sq           SE           bt 
 2.000000000 52.493844597  0.425931481  0.009827142  0.086590245  1.294797894 
[1] "New improvement found, resetting step counter"
       step   negloglik          mu    sigma.sq          SE          bt 
 3.00000000 52.37641839  0.27317738  0.01005541  0.08541681  1.69317310 
       step   negloglik          mu    sigma.sq          SE          bt 
 4.00000000 52.37641839  0.27317738  0.01005541  0.08541681  1.69317310 
[1] "New improvement found, but slight; taking the best value, but not resetting the step counter"
        step    negloglik           mu     sigma.sq           SE           bt 
 5.000000000 52.374497902  0.249103772  0.009893366  0.085829477  1.523186204 
[1] "Now starting analysis"
[1] "Starting with initial values"
       mu  sigma.sq        bt 
0.3354460 0.2653321 1.0000000 
       step   negloglik          mu    sigma.sq          bt 
  1.0000000 118.0289970   0.3354460   0.2653321   1.1000000 
[1] "New improvement found, but slight; taking the best value, but not resetting the step counter"
       step   negloglik          mu    sigma.sq          bt 
  2.0000000 118.0249187   0.3354460   0.2653321   1.2100000 
       step   negloglik          mu    sigma.sq          bt 
  3.0000000 118.0249187   0.3354460   0.2653321   1.2100000 
[1] "Now starting analysis"
[1] "Starting with initial values"
       mu  sigma.sq        SE 
0.3354460 0.2653321 0.1326660 
       step   negloglik          mu    sigma.sq          SE 
 1.00000000 53.12641159  0.73832752  0.01101698  0.08095477 
[1] "New improvement found, resetting step counter"
       step   negloglik          mu    sigma.sq          SE 
 2.00000000 53.02267113  0.70651497  0.01137023  0.08680116 
[1] "New improvement found, resetting step counter"
       step   negloglik          mu    sigma.sq          SE 
 3.00000000 52.81176854  0.45525137  0.01033303  0.09393316 
[1] "New improvement found, resetting step counter"
       step   negloglik          mu    sigma.sq          SE 
 4.00000000 52.73955122  0.40026163  0.01055820  0.08572429 
       step   negloglik          mu    sigma.sq          SE 
 5.00000000 52.73955122  0.40026163  0.01055820  0.08572429 
       step   negloglik          mu    sigma.sq          SE 
 6.00000000 52.73955122  0.40026163  0.01055820  0.08572429 
[1] "Now starting analysis"
[1] "Starting with initial values"
       mu  sigma.sq 
0.3354460 0.2653321 
       step   negloglik          mu    sigma.sq 
  1.0000000 118.0341797   0.3689906   0.2653321 
[1] "New improvement found, but slight; taking the best value, but not resetting the step counter"
       step   negloglik          mu    sigma.sq 
  2.0000000 118.0340731   0.4058896   0.2653321 
       step   negloglik          mu    sigma.sq 
  3.0000000 118.0340731   0.4058896   0.2653321 
