000 (066.1660.000) 07/26 17:14:46 Job submitted from host: <160.36.155.106:9618?addrs=160.36.155.106-9618&noUDP&sock=27742_4872_4>
...
012 (066.1660.000) 08/03 14:17:24 Job was held.
	via condor_hold (by user bomeara)
	Code 1 Subcode 0
...
013 (066.1660.000) 08/05 22:28:11 Job was released.
	via condor_release (by user bomeara)
...
012 (066.1660.000) 08/09 10:36:21 Job was held.
	via condor_hold (by user bomeara)
	Code 1 Subcode 0
...
013 (066.1660.000) 08/09 13:05:30 Job was released.
	via condor_release (by user bomeara)
...
012 (066.1660.000) 09/23 13:38:13 Job was held.
	via condor_hold (by user bomeara)
	Code 1 Subcode 0
...
013 (066.1660.000) 09/24 14:50:04 Job was released.
	via condor_release (by user bomeara)
...
001 (066.1660.000) 09/27 19:36:21 Job executing on host: <10.128.78.255:9618?addrs=10.128.78.255-9618&noUDP&sock=2386_2d0f_4>
...
006 (066.1660.000) 09/27 19:36:30 Image size of job updated: 220348
	216  -  MemoryUsage of job (MB)
	220348  -  ResidentSetSize of job (KB)
...
006 (066.1660.000) 09/27 19:41:32 Image size of job updated: 226324
	222  -  MemoryUsage of job (MB)
	226324  -  ResidentSetSize of job (KB)
...
006 (066.1660.000) 09/27 23:36:57 Image size of job updated: 226748
	222  -  MemoryUsage of job (MB)
	226748  -  ResidentSetSize of job (KB)
...
006 (066.1660.000) 09/28 01:02:07 Image size of job updated: 228772
	224  -  MemoryUsage of job (MB)
	228772  -  ResidentSetSize of job (KB)
...
006 (066.1660.000) 09/28 04:32:28 Image size of job updated: 230276
	225  -  MemoryUsage of job (MB)
	230276  -  ResidentSetSize of job (KB)
...
006 (066.1660.000) 09/28 13:25:04 Image size of job updated: 432668
	225  -  MemoryUsage of job (MB)
	230276  -  ResidentSetSize of job (KB)
...
005 (066.1660.000) 09/28 13:25:04 Job terminated.
	(1) Normal termination (return value 0)
		Usr 0 17:47:23, Sys 0 00:00:06  -  Run Remote Usage
		Usr 0 00:00:00, Sys 0 00:00:00  -  Run Local Usage
		Usr 0 17:47:23, Sys 0 00:00:06  -  Total Remote Usage
		Usr 0 00:00:00, Sys 0 00:00:00  -  Total Local Usage
	29454  -  Run Bytes Sent By Job
	2422  -  Run Bytes Received By Job
	29454  -  Total Bytes Sent By Job
	2422  -  Total Bytes Received By Job
	Partitionable Resources :    Usage  Request Allocated 
	   Cpus                 :     0.99        1         1 
	   Disk (KB)            :    47           4    892794 
	   Memory (MB)          :   225           1       128 
...
