000 (066.1688.000) 07/26 17:14:46 Job submitted from host: <160.36.155.106:9618?addrs=160.36.155.106-9618&noUDP&sock=27742_4872_4>
...
012 (066.1688.000) 08/03 14:17:26 Job was held.
	via condor_hold (by user bomeara)
	Code 1 Subcode 0
...
013 (066.1688.000) 08/05 22:28:13 Job was released.
	via condor_release (by user bomeara)
...
012 (066.1688.000) 08/09 10:36:23 Job was held.
	via condor_hold (by user bomeara)
	Code 1 Subcode 0
...
013 (066.1688.000) 08/09 13:05:31 Job was released.
	via condor_release (by user bomeara)
...
012 (066.1688.000) 09/23 13:37:58 Job was held.
	via condor_hold (by user bomeara)
	Code 1 Subcode 0
...
013 (066.1688.000) 09/24 14:49:47 Job was released.
	via condor_release (by user bomeara)
...
001 (066.1688.000) 09/29 08:36:07 Job executing on host: <10.129.167.211:9618?addrs=10.129.167.211-9618&noUDP&sock=2357_48d0_4>
...
006 (066.1688.000) 09/29 08:36:16 Image size of job updated: 220816
	216  -  MemoryUsage of job (MB)
	220816  -  ResidentSetSize of job (KB)
...
006 (066.1688.000) 09/29 08:41:17 Image size of job updated: 226816
	222  -  MemoryUsage of job (MB)
	226816  -  ResidentSetSize of job (KB)
...
006 (066.1688.000) 09/30 01:28:01 Image size of job updated: 230756
	226  -  MemoryUsage of job (MB)
	230756  -  ResidentSetSize of job (KB)
...
005 (066.1688.000) 10/01 17:47:16 Job terminated.
	(1) Normal termination (return value 0)
		Usr 2 09:06:28, Sys 0 00:00:23  -  Run Remote Usage
		Usr 0 00:00:00, Sys 0 00:00:00  -  Run Local Usage
		Usr 2 09:06:28, Sys 0 00:00:23  -  Total Remote Usage
		Usr 0 00:00:00, Sys 0 00:00:00  -  Total Local Usage
	29671  -  Run Bytes Sent By Job
	2422  -  Run Bytes Received By Job
	29671  -  Total Bytes Sent By Job
	2422  -  Total Bytes Received By Job
	Partitionable Resources :    Usage  Request Allocated 
	   Cpus                 :     1.00        1         1 
	   Disk (KB)            :    47           4    891850 
	   Memory (MB)          :   226           1       128 
...
