[1] "args"
[1] "66"  "380"
[1] "Now starting analysis"
[1] "Starting with initial values"
         mu    sigma.sq          SE          bt          vh 
2.136078904 0.014008375 0.007004187 1.000000000 0.007004187 
         step     negloglik            mu      sigma.sq            SE 
 1.000000e+00 -6.736256e+00  6.775901e-01  7.336579e-03  9.332433e-05 
           bt            vh 
 2.687711e+00  8.900183e-03 
[1] "New improvement found, resetting step counter"
         step     negloglik            mu      sigma.sq            SE 
 2.000000e+00 -7.082400e+00  6.934483e-01  7.305299e-03  1.123387e-06 
           bt            vh 
 2.876326e+00  7.786575e-04 
[1] "New improvement found, resetting step counter"
         step     negloglik            mu      sigma.sq            SE 
 3.000000e+00 -7.240907e+00  5.957309e-01  7.889851e-03  2.771710e-06 
           bt            vh 
 2.913387e+00  1.144478e-03 
         step     negloglik            mu      sigma.sq            SE 
 4.000000e+00 -7.240907e+00  5.957309e-01  7.889851e-03  2.771710e-06 
           bt            vh 
 2.913387e+00  1.144478e-03 
[1] "New improvement found, resetting step counter"
         step     negloglik            mu      sigma.sq            SE 
 5.000000e+00 -7.300955e+00  6.977990e-01  8.185056e-03  8.348157e-07 
           bt            vh 
 2.868493e+00  3.607763e-04 
[1] "New improvement found, resetting step counter"
         step     negloglik            mu      sigma.sq            SE 
 6.000000e+00 -7.313645e+00  6.421748e-01  8.323359e-03  3.939252e-07 
           bt            vh 
 2.853553e+00  4.161337e-04 
         step     negloglik            mu      sigma.sq            SE 
 7.000000e+00 -7.313645e+00  6.421748e-01  8.323359e-03  3.939252e-07 
           bt            vh 
 2.853553e+00  4.161337e-04 
         step     negloglik            mu      sigma.sq            SE 
 8.000000e+00 -7.313645e+00  6.421748e-01  8.323359e-03  3.939252e-07 
           bt            vh 
 2.853553e+00  4.161337e-04 
[1] "Now starting analysis"
[1] "Starting with initial values"
         mu    sigma.sq          bt          vh 
2.136078904 0.014008375 1.000000000 0.007004187 
         step     negloglik            mu      sigma.sq            bt 
 1.0000000000 -7.3369143297  0.6510315640  0.0086189581  2.9206650916 
           vh 
 0.0003341878 
[1] "New improvement found, but slight; taking the best value, but not resetting the step counter"
         step     negloglik            mu      sigma.sq            bt 
 2.000000e+00 -7.339225e+00  6.557514e-01  8.608065e-03  2.904196e+00 
           vh 
 9.125342e-05 
         step     negloglik            mu      sigma.sq            bt 
 3.000000e+00 -7.339225e+00  6.557514e-01  8.608065e-03  2.904196e+00 
           vh 
 9.125342e-05 
[1] "Now starting analysis"
[1] "Starting with initial values"
         mu    sigma.sq          SE          vh 
2.136078904 0.014008375 0.007004187 0.007004187 
         step     negloglik            mu      sigma.sq            SE 
 1.000000e+00 -2.881578e+00  2.139884e+00  8.773804e-03  1.074421e-06 
           vh 
 9.626113e-01 
[1] "New improvement found, resetting step counter"
         step     negloglik            mu      sigma.sq            SE 
 2.000000e+00 -2.898703e+00  1.990606e+00  8.773615e-03  4.551150e-07 
           vh 
 9.504286e-01 
         step     negloglik            mu      sigma.sq            SE 
 3.000000e+00 -2.898703e+00  1.990606e+00  8.773615e-03  4.551150e-07 
           vh 
 9.504286e-01 
         step     negloglik            mu      sigma.sq            SE 
 4.000000e+00 -2.898703e+00  1.990606e+00  8.773615e-03  4.551150e-07 
           vh 
 9.504286e-01 
[1] "Now starting analysis"
[1] "Starting with initial values"
         mu    sigma.sq          vh 
2.136078904 0.014008375 0.007004187 
       step   negloglik          mu    sigma.sq          vh 
 1.00000000 -2.90250435  1.89441500  0.00888784  0.92503147 
       step   negloglik          mu    sigma.sq          vh 
 2.00000000 -2.90250435  1.89441500  0.00888784  0.92503147 
       step   negloglik          mu    sigma.sq          vh 
 3.00000000 -2.90250435  1.89441500  0.00888784  0.92503147 
[1] "Now starting analysis"
[1] "Starting with initial values"
         mu    sigma.sq          SE          bt 
2.136078904 0.014008375 0.007004187 1.000000000 
         step     negloglik            mu      sigma.sq            SE 
 1.000000e+00 -7.158152e+00  5.866783e-01  7.576556e-03  3.873379e-07 
           bt 
 2.866128e+00 
[1] "New improvement found, resetting step counter"
         step     negloglik            mu      sigma.sq            SE 
 2.000000e+00 -7.187799e+00  6.464541e-01  7.576536e-03  2.056734e-07 
           bt 
 2.881096e+00 
         step     negloglik            mu      sigma.sq            SE 
 3.000000e+00 -7.187799e+00  6.464541e-01  7.576536e-03  2.056734e-07 
           bt 
 2.881096e+00 
         step     negloglik            mu      sigma.sq            SE 
 4.000000e+00 -7.187799e+00  6.464541e-01  7.576536e-03  2.056734e-07 
           bt 
 2.881096e+00 
[1] "Now starting analysis"
[1] "Starting with initial values"
        mu   sigma.sq         bt 
2.13607890 0.01400837 1.00000000 
        step    negloglik           mu     sigma.sq           bt 
 1.000000000 -7.340250799  0.630688259  0.008716804  2.917363255 
        step    negloglik           mu     sigma.sq           bt 
 2.000000000 -7.340250799  0.630688259  0.008716804  2.917363255 
        step    negloglik           mu     sigma.sq           bt 
 3.000000000 -7.340250799  0.630688259  0.008716804  2.917363255 
[1] "Now starting analysis"
[1] "Starting with initial values"
         mu    sigma.sq          SE 
2.136078904 0.014008375 0.007004187 
        step    negloglik           mu     sigma.sq           SE 
1.000000e+00 2.369562e+00 2.192014e+00 1.683441e-02 1.004226e-06 
[1] "New improvement found, resetting step counter"
        step    negloglik           mu     sigma.sq           SE 
2.000000e+00 2.354432e+00 2.114839e+00 1.683420e-02 2.380544e-07 
        step    negloglik           mu     sigma.sq           SE 
3.000000e+00 2.354432e+00 2.114839e+00 1.683420e-02 2.380544e-07 
        step    negloglik           mu     sigma.sq           SE 
4.000000e+00 2.354432e+00 2.114839e+00 1.683420e-02 2.380544e-07 
[1] "Now starting analysis"
[1] "Starting with initial values"
        mu   sigma.sq 
2.13607890 0.01400837 
      step  negloglik         mu   sigma.sq 
1.00000000 2.35333075 2.12068314 0.01674301 
      step  negloglik         mu   sigma.sq 
2.00000000 2.35333075 2.12068314 0.01674301 
[1] "New improvement found, but slight; taking the best value, but not resetting the step counter"
      step  negloglik         mu   sigma.sq 
3.00000000 2.35309013 2.11991077 0.01671041 
