[1] "args"
[1] "66"   "1354"
[1] "Now starting analysis"
[1] "Starting with initial values"
       mu  sigma.sq        SE        bt        vh 
2.5961600 0.2160731 0.1080365 1.0000000 0.1080365 
        step    negloglik           mu     sigma.sq           SE           bt 
1.000000e+00 1.426077e+01 1.214837e+00 2.283734e-06 6.908651e-02 2.604170e+00 
          vh 
6.805337e-01 
[1] "New improvement found, resetting step counter"
        step    negloglik           mu     sigma.sq           SE           bt 
2.000000e+00 1.293874e+01 1.212493e+00 3.081794e-04 6.954865e-02 1.759758e+00 
          vh 
3.249468e-01 
[1] "New improvement found, resetting step counter"
        step    negloglik           mu     sigma.sq           SE           bt 
3.000000e+00 1.258311e+01 1.230625e+00 8.891490e-07 6.701200e-02 1.728583e+00 
          vh 
3.844514e-01 
        step    negloglik           mu     sigma.sq           SE           bt 
4.000000e+00 1.258311e+01 1.230625e+00 8.891490e-07 6.701200e-02 1.728583e+00 
          vh 
3.844514e-01 
[1] "New improvement found, resetting step counter"
        step    negloglik           mu     sigma.sq           SE           bt 
5.000000e+00 1.252961e+01 1.224025e+00 1.104833e-06 6.821334e-02 1.682133e+00 
          vh 
3.814142e-01 
[1] "New improvement found, resetting step counter"
        step    negloglik           mu     sigma.sq           SE           bt 
6.000000e+00 1.248940e+01 1.228490e+00 1.798233e-06 7.299760e-02 1.668449e+00 
          vh 
3.490713e-01 
        step    negloglik           mu     sigma.sq           SE           bt 
7.000000e+00 1.248940e+01 1.228490e+00 1.798233e-06 7.299760e-02 1.668449e+00 
          vh 
3.490713e-01 
[1] "New improvement found, but slight; taking the best value, but not resetting the step counter"
        step    negloglik           mu     sigma.sq           SE           bt 
8.000000e+00 1.248292e+01 1.207663e+00 1.430397e-08 7.956786e-02 1.716752e+00 
          vh 
3.585746e-01 
[1] "Now starting analysis"
[1] "Starting with initial values"
       mu  sigma.sq        bt        vh 
2.5961600 0.2160731 1.0000000 0.1080365 
       step   negloglik          mu    sigma.sq          bt          vh 
 1.00000000 32.98665271  2.50463550  0.21892877  1.27102518  0.01847231 
[1] "New improvement found, but slight; taking the best value, but not resetting the step counter"
        step    negloglik           mu     sigma.sq           bt           vh 
 2.000000000 32.986307162  2.636757706  0.226473704  1.260427192  0.007744499 
        step    negloglik           mu     sigma.sq           bt           vh 
 3.000000000 32.986307162  2.636757706  0.226473704  1.260427192  0.007744499 
[1] "Now starting analysis"
[1] "Starting with initial values"
       mu  sigma.sq        SE        vh 
2.5961600 0.2160731 0.1080365 0.1080365 
       step   negloglik          mu    sigma.sq          SE          vh 
 1.00000000 16.42944574  2.83805203  0.01204692  0.06799496  0.06774950 
[1] "New improvement found, resetting step counter"
        step    negloglik           mu     sigma.sq           SE           vh 
2.000000e+00 1.483432e+01 1.195312e+00 5.448501e-07 6.662895e-02 5.569288e-01 
[1] "New improvement found, resetting step counter"
        step    negloglik           mu     sigma.sq           SE           vh 
3.000000e+00 1.468878e+01 1.211151e+00 9.903878e-07 7.119163e-02 6.072397e-01 
[1] "New improvement found, resetting step counter"
        step    negloglik           mu     sigma.sq           SE           vh 
4.000000e+00 1.463027e+01 1.209447e+00 1.039637e-06 7.255420e-02 6.826461e-01 
        step    negloglik           mu     sigma.sq           SE           vh 
5.000000e+00 1.463027e+01 1.209447e+00 1.039637e-06 7.255420e-02 6.826461e-01 
        step    negloglik           mu     sigma.sq           SE           vh 
6.000000e+00 1.463027e+01 1.209447e+00 1.039637e-06 7.255420e-02 6.826461e-01 
[1] "Now starting analysis"
[1] "Starting with initial values"
       mu  sigma.sq        vh 
2.5961600 0.2160731 0.1080365 
        step    negloglik           mu     sigma.sq           vh 
 1.000000000 33.083231004  2.805475963  0.220872416  0.004050461 
        step    negloglik           mu     sigma.sq           vh 
 2.000000000 33.083231004  2.805475963  0.220872416  0.004050461 
        step    negloglik           mu     sigma.sq           vh 
 3.000000000 33.083231004  2.805475963  0.220872416  0.004050461 
[1] "Now starting analysis"
[1] "Starting with initial values"
       mu  sigma.sq        SE        bt 
2.5961600 0.2160731 0.1080365 1.0000000 
        step    negloglik           mu     sigma.sq           SE           bt 
 1.000000000 14.130525910  2.449012903  0.007263324  0.089650220  1.374649187 
[1] "New improvement found, resetting step counter"
        step    negloglik           mu     sigma.sq           SE           bt 
 2.000000000 13.120176595  1.895089770  0.005564134  0.074597065  1.497965652 
[1] "New improvement found, resetting step counter"
        step    negloglik           mu     sigma.sq           SE           bt 
 3.000000000 13.101363368  1.910350662  0.005338456  0.078819809  1.504500048 
        step    negloglik           mu     sigma.sq           SE           bt 
 4.000000000 13.101363368  1.910350662  0.005338456  0.078819809  1.504500048 
        step    negloglik           mu     sigma.sq           SE           bt 
 5.000000000 13.101363368  1.910350662  0.005338456  0.078819809  1.504500048 
[1] "Now starting analysis"
[1] "Starting with initial values"
       mu  sigma.sq        bt 
2.5961600 0.2160731 1.0000000 
      step  negloglik         mu   sigma.sq         bt 
 1.0000000 32.9663806  2.5961600  0.2160731  1.2596160 
      step  negloglik         mu   sigma.sq         bt 
 2.0000000 32.9663806  2.5961600  0.2160731  1.2596160 
      step  negloglik         mu   sigma.sq         bt 
 3.0000000 32.9663806  2.5961600  0.2160731  1.2596160 
[1] "Now starting analysis"
[1] "Starting with initial values"
       mu  sigma.sq        SE 
2.5961600 0.2160731 0.1080365 
       step   negloglik          mu    sigma.sq          SE 
 1.00000000 16.46461495  2.66537476  0.01342166  0.07353033 
[1] "New improvement found, but slight; taking the best value, but not resetting the step counter"
       step   negloglik          mu    sigma.sq          SE 
 2.00000000 16.45877427  2.72319617  0.01327373  0.07279463 
       step   negloglik          mu    sigma.sq          SE 
 3.00000000 16.45877427  2.72319617  0.01327373  0.07279463 
[1] "Now starting analysis"
[1] "Starting with initial values"
       mu  sigma.sq 
2.5961600 0.2160731 
      step  negloglik         mu   sigma.sq 
 1.0000000 33.0821884  2.8557760  0.2160731 
      step  negloglik         mu   sigma.sq 
 2.0000000 33.0821884  2.8557760  0.2160731 
[1] "New improvement found, but slight; taking the best value, but not resetting the step counter"
      step  negloglik         mu   sigma.sq 
 3.0000000 33.0808259  2.8980407  0.2176443 
