[1] "args"
[1] "66"  "965"
[1] "Now starting analysis"
[1] "Starting with initial values"
         mu    sigma.sq          SE          bt          vh 
1.277334242 0.009624045 0.004812023 1.000000000 0.004812023 
         step     negloglik            mu      sigma.sq            SE 
 1.000000e+00 -3.273691e+01  1.356234e+00  9.877693e-03  6.865522e-06 
           bt            vh 
 8.824822e-01  3.858082e-04 
[1] "New improvement found, resetting step counter"
         step     negloglik            mu      sigma.sq            SE 
 2.000000e+00 -3.286603e+01  1.316640e+00  9.877082e-03  5.067931e-06 
           bt            vh 
 9.362237e-01  2.317342e-04 
         step     negloglik            mu      sigma.sq            SE 
 3.000000e+00 -3.286603e+01  1.316640e+00  9.877082e-03  5.067931e-06 
           bt            vh 
 9.362237e-01  2.317342e-04 
         step     negloglik            mu      sigma.sq            SE 
 4.000000e+00 -3.286603e+01  1.316640e+00  9.877082e-03  5.067931e-06 
           bt            vh 
 9.362237e-01  2.317342e-04 
[1] "Now starting analysis"
[1] "Starting with initial values"
         mu    sigma.sq          bt          vh 
1.277334242 0.009624045 1.000000000 0.004812023 
         step     negloglik            mu      sigma.sq            bt 
  1.000000000 -32.856283249   1.138873761   0.009639968   0.996658260 
           vh 
  0.003274259 
[1] "New improvement found, resetting step counter"
         step     negloglik            mu      sigma.sq            bt 
 2.000000e+00 -3.288184e+01  1.182350e+00  9.554163e-03  9.913288e-01 
           vh 
 3.480184e-05 
         step     negloglik            mu      sigma.sq            bt 
 3.000000e+00 -3.288184e+01  1.182350e+00  9.554163e-03  9.913288e-01 
           vh 
 3.480184e-05 
[1] "New improvement found, but slight; taking the best value, but not resetting the step counter"
         step     negloglik            mu      sigma.sq            bt 
  4.000000000 -32.884807918   1.201362289   0.009739937   0.954898255 
           vh 
  0.001753133 
[1] "Now starting analysis"
[1] "Starting with initial values"
         mu    sigma.sq          SE          vh 
1.277334242 0.009624045 0.004812023 0.004812023 
         step     negloglik            mu      sigma.sq            SE 
 1.000000e+00 -3.245390e+01  1.324036e+00  9.894361e-03  6.077930e-06 
           vh 
 4.347500e-02 
[1] "New improvement found, resetting step counter"
         step     negloglik            mu      sigma.sq            SE 
 2.000000e+00 -3.283397e+01  1.177092e+00  9.896582e-03  1.292231e-05 
           vh 
 1.221172e-03 
         step     negloglik            mu      sigma.sq            SE 
 3.000000e+00 -3.283397e+01  1.177092e+00  9.896582e-03  1.292231e-05 
           vh 
 1.221172e-03 
[1] "New improvement found, resetting step counter"
         step     negloglik            mu      sigma.sq            SE 
 4.000000e+00 -3.286385e+01  1.154702e+00  9.554413e-03  1.744038e-06 
           vh 
 7.450250e-04 
         step     negloglik            mu      sigma.sq            SE 
 5.000000e+00 -3.286385e+01  1.154702e+00  9.554413e-03  1.744038e-06 
           vh 
 7.450250e-04 
         step     negloglik            mu      sigma.sq            SE 
 6.000000e+00 -3.286385e+01  1.154702e+00  9.554413e-03  1.744038e-06 
           vh 
 7.450250e-04 
[1] "Now starting analysis"
[1] "Starting with initial values"
         mu    sigma.sq          vh 
1.277334242 0.009624045 0.004812023 
         step     negloglik            mu      sigma.sq            vh 
 1.000000e+00 -3.287932e+01  1.138737e+00  9.661457e-03  4.819356e-04 
         step     negloglik            mu      sigma.sq            vh 
 2.000000e+00 -3.287932e+01  1.138737e+00  9.661457e-03  4.819356e-04 
         step     negloglik            mu      sigma.sq            vh 
 3.000000e+00 -3.287932e+01  1.138737e+00  9.661457e-03  4.819356e-04 
[1] "Now starting analysis"
[1] "Starting with initial values"
         mu    sigma.sq          SE          bt 
1.277334242 0.009624045 0.004812023 1.000000000 
         step     negloglik            mu      sigma.sq            SE 
 1.000000e+00 -3.285285e+01  1.106639e+00  9.585573e-03  8.055536e-06 
           bt 
 1.003268e+00 
[1] "New improvement found, resetting step counter"
         step     negloglik            mu      sigma.sq            SE 
 2.000000e+00 -3.289307e+01  1.174330e+00  9.583243e-03  1.318670e-06 
           bt 
 9.785586e-01 
         step     negloglik            mu      sigma.sq            SE 
 3.000000e+00 -3.289307e+01  1.174330e+00  9.583243e-03  1.318670e-06 
           bt 
 9.785586e-01 
         step     negloglik            mu      sigma.sq            SE 
 4.000000e+00 -3.289307e+01  1.174330e+00  9.583243e-03  1.318670e-06 
           bt 
 9.785586e-01 
[1] "Now starting analysis"
[1] "Starting with initial values"
         mu    sigma.sq          bt 
1.277334242 0.009624045 1.000000000 
         step     negloglik            mu      sigma.sq            bt 
  1.000000000 -32.898754213   1.228528113   0.009681218   0.948532758 
         step     negloglik            mu      sigma.sq            bt 
  2.000000000 -32.898754213   1.228528113   0.009681218   0.948532758 
         step     negloglik            mu      sigma.sq            bt 
  3.000000000 -32.898754213   1.228528113   0.009681218   0.948532758 
[1] "Now starting analysis"
[1] "Starting with initial values"
         mu    sigma.sq          SE 
1.277334242 0.009624045 0.004812023 
         step     negloglik            mu      sigma.sq            SE 
 1.000000e+00 -3.278257e+01  1.293111e+00  1.001378e-02  3.337139e-06 
[1] "New improvement found, resetting step counter"
         step     negloglik            mu      sigma.sq            SE 
 2.000000e+00 -3.286198e+01  1.127880e+00  1.001375e-02  3.245667e-06 
[1] "New improvement found, resetting step counter"
         step     negloglik            mu      sigma.sq            SE 
 3.000000e+00 -3.287537e+01  1.165346e+00  9.638849e-03  2.321522e-06 
         step     negloglik            mu      sigma.sq            SE 
 4.000000e+00 -3.287537e+01  1.165346e+00  9.638849e-03  2.321522e-06 
         step     negloglik            mu      sigma.sq            SE 
 5.000000e+00 -3.287537e+01  1.165346e+00  9.638849e-03  2.321522e-06 
[1] "Now starting analysis"
[1] "Starting with initial values"
         mu    sigma.sq 
1.277334242 0.009624045 
         step     negloglik            mu      sigma.sq 
  1.000000000 -32.881053675   1.149600818   0.009624045 
         step     negloglik            mu      sigma.sq 
  2.000000000 -32.881053675   1.149600818   0.009624045 
         step     negloglik            mu      sigma.sq 
  3.000000000 -32.881053675   1.149600818   0.009624045 
