[1] "args"
[1] "66"  "165"
[1] "Now starting analysis"
[1] "Starting with initial values"
         mu    sigma.sq          SE          bt          vh 
1.893074423 0.011034996 0.005517498 1.000000000 0.005517498 
         step     negloglik            mu      sigma.sq            SE 
 1.000000e+00 -4.477489e+01  1.716971e+00  1.141180e-02  1.982834e-06 
           bt            vh 
 1.421558e+00  4.448564e-04 
[1] "New improvement found, resetting step counter"
         step     negloglik            mu      sigma.sq            SE 
 2.000000e+00 -4.562276e+01  1.527173e+00  1.141150e-02  2.792392e-06 
           bt            vh 
 1.749806e+00  4.714766e-04 
         step     negloglik            mu      sigma.sq            SE 
 3.000000e+00 -4.562276e+01  1.527173e+00  1.141150e-02  2.792392e-06 
           bt            vh 
 1.749806e+00  4.714766e-04 
         step     negloglik            mu      sigma.sq            SE 
 4.000000e+00 -4.562276e+01  1.527173e+00  1.141150e-02  2.792392e-06 
           bt            vh 
 1.749806e+00  4.714766e-04 
[1] "Now starting analysis"
[1] "Starting with initial values"
         mu    sigma.sq          bt          vh 
1.893074423 0.011034996 1.000000000 0.005517498 
         step     negloglik            mu      sigma.sq            bt 
  1.000000000 -46.090138392   1.588150624   0.009740685   1.756018353 
           vh 
  0.004333660 
[1] "New improvement found, resetting step counter"
         step     negloglik            mu      sigma.sq            bt 
  2.000000000 -46.129073767   1.548542788   0.009641945   1.743017668 
           vh 
  0.001516806 
         step     negloglik            mu      sigma.sq            bt 
  3.000000000 -46.129073767   1.548542788   0.009641945   1.743017668 
           vh 
  0.001516806 
[1] "New improvement found, resetting step counter"
         step     negloglik            mu      sigma.sq            bt 
  4.000000000 -46.140387010   1.513388871   0.010072120   1.751050331 
           vh 
  0.000350029 
         step     negloglik            mu      sigma.sq            bt 
  5.000000000 -46.140387010   1.513388871   0.010072120   1.751050331 
           vh 
  0.000350029 
         step     negloglik            mu      sigma.sq            bt 
  6.000000000 -46.140387010   1.513388871   0.010072120   1.751050331 
           vh 
  0.000350029 
[1] "Now starting analysis"
[1] "Starting with initial values"
         mu    sigma.sq          SE          vh 
1.893074423 0.011034996 0.005517498 0.005517498 
         step     negloglik            mu      sigma.sq            SE 
 1.000000e+00 -4.143694e+01  1.874094e+00  1.005712e-02  1.372295e-06 
           vh 
 2.737974e-01 
[1] "New improvement found, resetting step counter"
         step     negloglik            mu      sigma.sq            SE 
 2.000000e+00 -4.163593e+01  1.660773e+00  1.005743e-02  2.799164e-06 
           vh 
 2.774078e-01 
         step     negloglik            mu      sigma.sq            SE 
 3.000000e+00 -4.163593e+01  1.660773e+00  1.005743e-02  2.799164e-06 
           vh 
 2.774078e-01 
         step     negloglik            mu      sigma.sq            SE 
 4.000000e+00 -4.163593e+01  1.660773e+00  1.005743e-02  2.799164e-06 
           vh 
 2.774078e-01 
[1] "Now starting analysis"
[1] "Starting with initial values"
         mu    sigma.sq          vh 
1.893074423 0.011034996 0.005517498 
         step     negloglik            mu      sigma.sq            vh 
  1.000000000 -41.591189720   1.725932427   0.009978267   0.208810436 
[1] "New improvement found, resetting step counter"
        step    negloglik           mu     sigma.sq           vh 
  2.00000000 -41.63682958   1.66837325   0.01006254   0.23754788 
        step    negloglik           mu     sigma.sq           vh 
  3.00000000 -41.63682958   1.66837325   0.01006254   0.23754788 
        step    negloglik           mu     sigma.sq           vh 
  4.00000000 -41.63682958   1.66837325   0.01006254   0.23754788 
[1] "Now starting analysis"
[1] "Starting with initial values"
         mu    sigma.sq          SE          bt 
1.893074423 0.011034996 0.005517498 1.000000000 
         step     negloglik            mu      sigma.sq            SE 
 1.000000e+00 -4.613719e+01  1.473277e+00  9.713149e-03  1.117061e-06 
           bt 
 1.772844e+00 
[1] "New improvement found, resetting step counter"
         step     negloglik            mu      sigma.sq            SE 
 2.000000e+00 -4.614761e+01  1.535237e+00  9.713419e-03  1.498308e-06 
           bt 
 1.770805e+00 
         step     negloglik            mu      sigma.sq            SE 
 3.000000e+00 -4.614761e+01  1.535237e+00  9.713419e-03  1.498308e-06 
           bt 
 1.770805e+00 
         step     negloglik            mu      sigma.sq            SE 
 4.000000e+00 -4.614761e+01  1.535237e+00  9.713419e-03  1.498308e-06 
           bt 
 1.770805e+00 
[1] "Now starting analysis"
[1] "Starting with initial values"
      mu sigma.sq       bt 
1.893074 0.011035 1.000000 
         step     negloglik            mu      sigma.sq            bt 
  1.000000000 -46.154673114   1.552218777   0.009939467   1.759932074 
         step     negloglik            mu      sigma.sq            bt 
  2.000000000 -46.154673114   1.552218777   0.009939467   1.759932074 
         step     negloglik            mu      sigma.sq            bt 
  3.000000000 -46.154673114   1.552218777   0.009939467   1.759932074 
[1] "Now starting analysis"
[1] "Starting with initial values"
         mu    sigma.sq          SE 
1.893074423 0.011034996 0.005517498 
         step     negloglik            mu      sigma.sq            SE 
 1.000000e+00 -3.946464e+01  1.990511e+00  1.161181e-02  2.996229e-06 
[1] "New improvement found, resetting step counter"
         step     negloglik            mu      sigma.sq            SE 
 2.000000e+00 -3.948485e+01  1.950306e+00  1.161026e-02  5.349256e-07 
         step     negloglik            mu      sigma.sq            SE 
 3.000000e+00 -3.948485e+01  1.950306e+00  1.161026e-02  5.349256e-07 
[1] "New improvement found, resetting step counter"
         step     negloglik            mu      sigma.sq            SE 
 4.000000e+00 -3.949602e+01  1.894520e+00  1.107414e-02  2.304494e-06 
         step     negloglik            mu      sigma.sq            SE 
 5.000000e+00 -3.949602e+01  1.894520e+00  1.107414e-02  2.304494e-06 
         step     negloglik            mu      sigma.sq            SE 
 6.000000e+00 -3.949602e+01  1.894520e+00  1.107414e-02  2.304494e-06 
[1] "Now starting analysis"
[1] "Starting with initial values"
      mu sigma.sq 
1.893074 0.011035 
      step  negloglik         mu   sigma.sq 
  1.000000 -39.500450   1.893074   0.011035 
      step  negloglik         mu   sigma.sq 
  2.000000 -39.500450   1.893074   0.011035 
      step  negloglik         mu   sigma.sq 
  3.000000 -39.500450   1.893074   0.011035 
