[1] "args"
[1] "66"   "1047"
[1] "Now starting analysis"
[1] "Starting with initial values"
        mu   sigma.sq         SE         bt         vh 
1.16277369 0.10901025 0.05450513 1.00000000 0.05450513 
        step    negloglik           mu     sigma.sq           SE           bt 
1.000000e+00 4.413964e+01 1.264776e+00 8.452033e-03 7.483180e-02 8.769778e-01 
          vh 
2.866649e-04 
[1] "New improvement found, resetting step counter"
        step    negloglik           mu     sigma.sq           SE           bt 
2.000000e+00 4.410937e+01 1.335606e+00 8.313762e-03 7.402557e-02 8.627882e-01 
          vh 
2.395364e-04 
        step    negloglik           mu     sigma.sq           SE           bt 
3.000000e+00 4.410937e+01 1.335606e+00 8.313762e-03 7.402557e-02 8.627882e-01 
          vh 
2.395364e-04 
        step    negloglik           mu     sigma.sq           SE           bt 
4.000000e+00 4.410937e+01 1.335606e+00 8.313762e-03 7.402557e-02 8.627882e-01 
          vh 
2.395364e-04 
[1] "Now starting analysis"
[1] "Starting with initial values"
        mu   sigma.sq         bt         vh 
1.16277369 0.10901025 1.00000000 0.05450513 
      step  negloglik         mu   sigma.sq         bt         vh 
 1.0000000 89.6546009  1.3231796  0.1046270  0.8333758  0.0209782 
      step  negloglik         mu   sigma.sq         bt         vh 
 2.0000000 89.6546009  1.3231796  0.1046270  0.8333758  0.0209782 
      step  negloglik         mu   sigma.sq         bt         vh 
 3.0000000 89.6546009  1.3231796  0.1046270  0.8333758  0.0209782 
[1] "Now starting analysis"
[1] "Starting with initial values"
        mu   sigma.sq         SE         vh 
1.16277369 0.10901025 0.05450513 0.05450513 
        step    negloglik           mu     sigma.sq           SE           vh 
 1.000000000 44.598076238  1.036422440  0.008152411  0.077139668  0.002017752 
[1] "New improvement found, resetting step counter"
        step    negloglik           mu     sigma.sq           SE           vh 
 2.000000000 44.543762082  1.140064684  0.008152411  0.077139668  0.002017752 
[1] "New improvement found, resetting step counter"
        step    negloglik           mu     sigma.sq           SE           vh 
 3.000000000 44.514624211  1.151492056  0.008486746  0.075346021  0.001235989 
        step    negloglik           mu     sigma.sq           SE           vh 
 4.000000000 44.514624211  1.151492056  0.008486746  0.075346021  0.001235989 
        step    negloglik           mu     sigma.sq           SE           vh 
 5.000000000 44.514624211  1.151492056  0.008486746  0.075346021  0.001235989 
[1] "Now starting analysis"
[1] "Starting with initial values"
        mu   sigma.sq         vh 
1.16277369 0.10901025 0.05450513 
       step   negloglik          mu    sigma.sq          vh 
 1.00000000 89.79845918  1.16277369  0.10901025  0.05450513 
       step   negloglik          mu    sigma.sq          vh 
 2.00000000 89.79845918  1.16277369  0.10901025  0.05450513 
[1] "New improvement found, resetting step counter"
        step    negloglik           mu     sigma.sq           vh 
3.000000e+00 8.968402e+01 1.215290e+00 1.084001e-01 5.273695e-04 
        step    negloglik           mu     sigma.sq           vh 
4.000000e+00 8.968402e+01 1.215290e+00 1.084001e-01 5.273695e-04 
        step    negloglik           mu     sigma.sq           vh 
5.000000e+00 8.968402e+01 1.215290e+00 1.084001e-01 5.273695e-04 
[1] "Now starting analysis"
[1] "Starting with initial values"
        mu   sigma.sq         SE         bt 
1.16277369 0.10901025 0.05450513 1.00000000 
        step    negloglik           mu     sigma.sq           SE           bt 
 1.000000000 44.953750154  1.147693545  0.008256277  0.086945087  1.032260368 
[1] "New improvement found, resetting step counter"
        step    negloglik           mu     sigma.sq           SE           bt 
 2.000000000 44.075159609  1.373532722  0.008513929  0.074970861  0.826600676 
        step    negloglik           mu     sigma.sq           SE           bt 
 3.000000000 44.075159609  1.373532722  0.008513929  0.074970861  0.826600676 
[1] "New improvement found, but slight; taking the best value, but not resetting the step counter"
        step    negloglik           mu     sigma.sq           SE           bt 
 4.000000000 44.074176666  1.422226647  0.008424512  0.073920346  0.796357159 
[1] "Now starting analysis"
[1] "Starting with initial values"
       mu  sigma.sq        bt 
1.1627737 0.1090103 1.0000000 
      step  negloglik         mu   sigma.sq         bt 
 1.0000000 89.5681613  1.3052942  0.1077990  0.8324475 
      step  negloglik         mu   sigma.sq         bt 
 2.0000000 89.5681613  1.3052942  0.1077990  0.8324475 
      step  negloglik         mu   sigma.sq         bt 
 3.0000000 89.5681613  1.3052942  0.1077990  0.8324475 
[1] "Now starting analysis"
[1] "Starting with initial values"
        mu   sigma.sq         SE 
1.16277369 0.10901025 0.05450513 
       step   negloglik          mu    sigma.sq          SE 
 1.00000000 44.50808896  1.15786335  0.00835929  0.07383116 
[1] "New improvement found, but slight; taking the best value, but not resetting the step counter"
        step    negloglik           mu     sigma.sq           SE 
 2.000000000 44.504598862  1.157444941  0.008813238  0.074214032 
        step    negloglik           mu     sigma.sq           SE 
 3.000000000 44.504598862  1.157444941  0.008813238  0.074214032 
[1] "Now starting analysis"
[1] "Starting with initial values"
       mu  sigma.sq 
1.1627737 0.1090103 
      step  negloglik         mu   sigma.sq 
 1.0000000 89.6801350  1.1627737  0.1090103 
      step  negloglik         mu   sigma.sq 
 2.0000000 89.6801350  1.1627737  0.1090103 
      step  negloglik         mu   sigma.sq 
 3.0000000 89.6801350  1.1627737  0.1090103 
