000 (066.608.000) 07/26 17:14:46 Job submitted from host: <160.36.155.106:9618?addrs=160.36.155.106-9618&noUDP&sock=27742_4872_4>
...
001 (066.608.000) 08/01 20:07:15 Job executing on host: <10.130.210.206:9618?addrs=10.130.210.206-9618&noUDP&sock=76684_6c96_4>
...
006 (066.608.000) 08/01 20:07:24 Image size of job updated: 220580
	216  -  MemoryUsage of job (MB)
	220580  -  ResidentSetSize of job (KB)
...
006 (066.608.000) 08/01 20:12:25 Image size of job updated: 230276
	225  -  MemoryUsage of job (MB)
	230276  -  ResidentSetSize of job (KB)
...
005 (066.608.000) 08/03 15:56:30 Job terminated.
	(1) Normal termination (return value 0)
		Usr 1 19:45:32, Sys 0 00:00:23  -  Run Remote Usage
		Usr 0 00:00:00, Sys 0 00:00:00  -  Run Local Usage
		Usr 1 19:45:32, Sys 0 00:00:23  -  Total Remote Usage
		Usr 0 00:00:00, Sys 0 00:00:00  -  Total Local Usage
	29049  -  Run Bytes Sent By Job
	2422  -  Run Bytes Received By Job
	29049  -  Total Bytes Sent By Job
	2422  -  Total Bytes Received By Job
	Partitionable Resources :    Usage  Request Allocated 
	   Cpus                 :     1.00        1         1 
	   Disk (KB)            :    46           4    813884 
	   Memory (MB)          :   225           1       128 
...
