000 (066.1232.000) 07/26 17:14:46 Job submitted from host: <160.36.155.106:9618?addrs=160.36.155.106-9618&noUDP&sock=27742_4872_4>
...
012 (066.1232.000) 08/03 14:17:03 Job was held.
	via condor_hold (by user bomeara)
	Code 1 Subcode 0
...
013 (066.1232.000) 08/05 22:27:50 Job was released.
	via condor_release (by user bomeara)
...
012 (066.1232.000) 08/09 10:35:53 Job was held.
	via condor_hold (by user bomeara)
	Code 1 Subcode 0
...
013 (066.1232.000) 08/09 13:05:08 Job was released.
	via condor_release (by user bomeara)
...
001 (066.1232.000) 08/30 23:12:34 Job executing on host: <10.130.122.65:9618?addrs=10.130.122.65-9618&noUDP&sock=2440_372c_4>
...
006 (066.1232.000) 08/30 23:12:43 Image size of job updated: 220700
	216  -  MemoryUsage of job (MB)
	220700  -  ResidentSetSize of job (KB)
...
006 (066.1232.000) 08/30 23:17:44 Image size of job updated: 226152
	221  -  MemoryUsage of job (MB)
	226152  -  ResidentSetSize of job (KB)
...
006 (066.1232.000) 08/31 06:13:25 Image size of job updated: 231948
	227  -  MemoryUsage of job (MB)
	231948  -  ResidentSetSize of job (KB)
...
005 (066.1232.000) 08/31 15:50:48 Job terminated.
	(1) Normal termination (return value 0)
		Usr 0 16:36:50, Sys 0 00:00:08  -  Run Remote Usage
		Usr 0 00:00:00, Sys 0 00:00:00  -  Run Local Usage
		Usr 0 16:36:50, Sys 0 00:00:08  -  Total Remote Usage
		Usr 0 00:00:00, Sys 0 00:00:00  -  Total Local Usage
	29771  -  Run Bytes Sent By Job
	2422  -  Run Bytes Received By Job
	29771  -  Total Bytes Sent By Job
	2422  -  Total Bytes Received By Job
	Partitionable Resources :    Usage  Request Allocated 
	   Cpus                 :     1.00        1         1 
	   Disk (KB)            :    47           4    891653 
	   Memory (MB)          :   227           1       128 
...
