[1] "args"
[1] "66"  "413"
[1] "Now starting analysis"
[1] "Starting with initial values"
        mu   sigma.sq         SE         bt         vh 
1.74673895 0.15321152 0.07660576 1.00000000 0.07660576 
        step    negloglik           mu     sigma.sq           SE           bt 
1.000000e+00 4.768312e+01 1.493562e+00 9.660518e-03 8.607475e-02 1.150956e+00 
          vh 
5.371262e-04 
[1] "New improvement found, resetting step counter"
        step    negloglik           mu     sigma.sq           SE           bt 
 2.000000000 46.893679582  1.499407120  0.008703045  0.069447304  1.121222264 
          vh 
 0.001280858 
        step    negloglik           mu     sigma.sq           SE           bt 
 3.000000000 46.893679582  1.499407120  0.008703045  0.069447304  1.121222264 
          vh 
 0.001280858 
        step    negloglik           mu     sigma.sq           SE           bt 
 4.000000000 46.893679582  1.499407120  0.008703045  0.069447304  1.121222264 
          vh 
 0.001280858 
[1] "Now starting analysis"
[1] "Starting with initial values"
        mu   sigma.sq         bt         vh 
1.74673895 0.15321152 1.00000000 0.07660576 
        step    negloglik           mu     sigma.sq           bt           vh 
  1.00000000 110.67484270   1.74673895   0.15321152   1.00000000   0.07660576 
        step    negloglik           mu     sigma.sq           bt           vh 
  2.00000000 110.67484270   1.74673895   0.15321152   1.00000000   0.07660576 
[1] "New improvement found, resetting step counter"
        step    negloglik           mu     sigma.sq           bt           vh 
3.000000e+00 1.105557e+02 1.834945e+00 1.501941e-01 1.005725e+00 3.446681e-03 
[1] "New improvement found, but slight; taking the best value, but not resetting the step counter"
        step    negloglik           mu     sigma.sq           bt           vh 
  4.00000000 110.54721856   1.75752430   0.15227711   1.04752132   0.01121807 
        step    negloglik           mu     sigma.sq           bt           vh 
  5.00000000 110.54721856   1.75752430   0.15227711   1.04752132   0.01121807 
[1] "Now starting analysis"
[1] "Starting with initial values"
        mu   sigma.sq         SE         vh 
1.74673895 0.15321152 0.07660576 0.07660576 
        step    negloglik           mu     sigma.sq           SE           vh 
 1.000000000 48.477992057  1.564958316  0.008803923  0.063639646  0.149979713 
[1] "New improvement found, resetting step counter"
        step    negloglik           mu     sigma.sq           SE           vh 
2.000000e+00 4.713688e+01 1.801103e+00 9.798809e-03 6.728175e-02 5.581865e-04 
[1] "New improvement found, resetting step counter"
        step    negloglik           mu     sigma.sq           SE           vh 
3.000000e+00 4.711368e+01 1.636347e+00 9.187800e-03 7.050650e-02 8.761460e-05 
[1] "New improvement found, resetting step counter"
        step    negloglik           mu     sigma.sq           SE           vh 
4.000000e+00 4.708510e+01 1.733215e+00 9.554098e-03 6.857481e-02 1.073405e-05 
        step    negloglik           mu     sigma.sq           SE           vh 
5.000000e+00 4.708510e+01 1.733215e+00 9.554098e-03 6.857481e-02 1.073405e-05 
        step    negloglik           mu     sigma.sq           SE           vh 
6.000000e+00 4.708510e+01 1.733215e+00 9.554098e-03 6.857481e-02 1.073405e-05 
[1] "Now starting analysis"
[1] "Starting with initial values"
        mu   sigma.sq         vh 
1.74673895 0.15321152 0.07660576 
        step    negloglik           mu     sigma.sq           vh 
  1.00000000 110.67484270   1.74673895   0.15321152   0.07660576 
        step    negloglik           mu     sigma.sq           vh 
  2.00000000 110.67484270   1.74673895   0.15321152   0.07660576 
[1] "New improvement found, resetting step counter"
        step    negloglik           mu     sigma.sq           vh 
  3.00000000 110.57029291   1.76243353   0.15207556   0.01640114 
        step    negloglik           mu     sigma.sq           vh 
  4.00000000 110.57029291   1.76243353   0.15207556   0.01640114 
        step    negloglik           mu     sigma.sq           vh 
  5.00000000 110.57029291   1.76243353   0.15207556   0.01640114 
[1] "Now starting analysis"
[1] "Starting with initial values"
        mu   sigma.sq         SE         bt 
1.74673895 0.15321152 0.07660576 1.00000000 
        step    negloglik           mu     sigma.sq           SE           bt 
 1.000000000 47.977252608  1.742552897  0.009165891  0.075856057  0.927904290 
[1] "New improvement found, resetting step counter"
        step    negloglik           mu     sigma.sq           SE           bt 
 2.000000000 46.795676221  1.620678092  0.008828767  0.069003957  1.081556900 
        step    negloglik           mu     sigma.sq           SE           bt 
 3.000000000 46.795676221  1.620678092  0.008828767  0.069003957  1.081556900 
        step    negloglik           mu     sigma.sq           SE           bt 
 4.000000000 46.795676221  1.620678092  0.008828767  0.069003957  1.081556900 
[1] "Now starting analysis"
[1] "Starting with initial values"
       mu  sigma.sq        bt 
1.7467390 0.1532115 1.0000000 
       step   negloglik          mu    sigma.sq          bt 
  1.0000000 110.5389241   1.7467390   0.1532115   1.0000000 
       step   negloglik          mu    sigma.sq          bt 
  2.0000000 110.5389241   1.7467390   0.1532115   1.0000000 
       step   negloglik          mu    sigma.sq          bt 
  3.0000000 110.5389241   1.7467390   0.1532115   1.0000000 
[1] "Now starting analysis"
[1] "Starting with initial values"
        mu   sigma.sq         SE 
1.74673895 0.15321152 0.07660576 
        step    negloglik           mu     sigma.sq           SE 
 1.000000000 47.182530291  1.674103470  0.008763975  0.064048125 
[1] "New improvement found, resetting step counter"
        step    negloglik           mu     sigma.sq           SE 
 2.000000000 47.085787899  1.717586833  0.009112136  0.066638796 
[1] "New improvement found, resetting step counter"
       step   negloglik          mu    sigma.sq          SE 
 3.00000000 47.06983286  1.71329253  0.00910083  0.06833395 
       step   negloglik          mu    sigma.sq          SE 
 4.00000000 47.06983286  1.71329253  0.00910083  0.06833395 
       step   negloglik          mu    sigma.sq          SE 
 5.00000000 47.06983286  1.71329253  0.00910083  0.06833395 
[1] "Now starting analysis"
[1] "Starting with initial values"
       mu  sigma.sq 
1.7467390 0.1532115 
       step   negloglik          mu    sigma.sq 
  1.0000000 110.5389241   1.7467390   0.1532115 
       step   negloglik          mu    sigma.sq 
  2.0000000 110.5389241   1.7467390   0.1532115 
       step   negloglik          mu    sigma.sq 
  3.0000000 110.5389241   1.7467390   0.1532115 
