[1] "args"
[1] "66"   "1537"
[1] "Now starting analysis"
[1] "Starting with initial values"
         mu    sigma.sq          SE          bt          vh 
1.503312685 0.008713815 0.004356907 1.000000000 0.004356907 
         step     negloglik            mu      sigma.sq            SE 
 1.000000e+00 -3.405851e+01  1.558719e+00  8.663616e-03  5.359150e-07 
           bt            vh 
 9.782249e-01  3.780474e-02 
[1] "New improvement found, resetting step counter"
         step     negloglik            mu      sigma.sq            SE 
 2.000000e+00 -3.419749e+01  1.508061e+00  8.665725e-03  8.505898e-06 
           bt            vh 
 8.629620e-01  1.081315e-03 
         step     negloglik            mu      sigma.sq            SE 
 3.000000e+00 -3.419749e+01  1.508061e+00  8.665725e-03  8.505898e-06 
           bt            vh 
 8.629620e-01  1.081315e-03 
         step     negloglik            mu      sigma.sq            SE 
 4.000000e+00 -3.419749e+01  1.508061e+00  8.665725e-03  8.505898e-06 
           bt            vh 
 8.629620e-01  1.081315e-03 
[1] "Now starting analysis"
[1] "Starting with initial values"
         mu    sigma.sq          bt          vh 
1.503312685 0.008713815 1.000000000 0.004356907 
         step     negloglik            mu      sigma.sq            bt 
  1.000000000 -34.223732821   1.571797658   0.008772138   0.757804079 
           vh 
  0.009167192 
         step     negloglik            mu      sigma.sq            bt 
  2.000000000 -34.223732821   1.571797658   0.008772138   0.757804079 
           vh 
  0.009167192 
[1] "New improvement found, but slight; taking the best value, but not resetting the step counter"
         step     negloglik            mu      sigma.sq            bt 
  3.000000000 -34.228384298   1.573464911   0.008863408   0.725095304 
           vh 
  0.002144488 
[1] "Now starting analysis"
[1] "Starting with initial values"
         mu    sigma.sq          SE          vh 
1.503312685 0.008713815 0.004356907 0.004356907 
         step     negloglik            mu      sigma.sq            SE 
 1.000000e+00 -3.398098e+01  1.572427e+00  8.532683e-03  4.222188e-05 
           vh 
 6.262235e-02 
[1] "New improvement found, resetting step counter"
         step     negloglik            mu      sigma.sq            SE 
 2.000000e+00 -3.407811e+01  1.529871e+00  8.528837e-03  2.853739e-05 
           vh 
 1.300797e-03 
         step     negloglik            mu      sigma.sq            SE 
 3.000000e+00 -3.407811e+01  1.529871e+00  8.528837e-03  2.853739e-05 
           vh 
 1.300797e-03 
         step     negloglik            mu      sigma.sq            SE 
 4.000000e+00 -3.407811e+01  1.529871e+00  8.528837e-03  2.853739e-05 
           vh 
 1.300797e-03 
[1] "Now starting analysis"
[1] "Starting with initial values"
         mu    sigma.sq          vh 
1.503312685 0.008713815 0.004356907 
         step     negloglik            mu      sigma.sq            vh 
  1.000000000 -34.089258727   1.503312685   0.008713815   0.004356907 
         step     negloglik            mu      sigma.sq            vh 
  2.000000000 -34.089258727   1.503312685   0.008713815   0.004356907 
         step     negloglik            mu      sigma.sq            vh 
  3.000000000 -34.089258727   1.503312685   0.008713815   0.004356907 
[1] "Now starting analysis"
[1] "Starting with initial values"
         mu    sigma.sq          SE          bt 
1.503312685 0.008713815 0.004356907 1.000000000 
         step     negloglik            mu      sigma.sq            SE 
 1.000000e+00 -3.414111e+01  1.627116e+00  8.800540e-03  1.685906e-05 
           bt 
 8.792895e-01 
[1] "New improvement found, resetting step counter"
         step     negloglik            mu      sigma.sq            SE 
 2.000000e+00 -3.423513e+01  1.540835e+00  8.796000e-03  2.996743e-06 
           bt 
 7.637940e-01 
         step     negloglik            mu      sigma.sq            SE 
 3.000000e+00 -3.423513e+01  1.540835e+00  8.796000e-03  2.996743e-06 
           bt 
 7.637940e-01 
         step     negloglik            mu      sigma.sq            SE 
 4.000000e+00 -3.423513e+01  1.540835e+00  8.796000e-03  2.996743e-06 
           bt 
 7.637940e-01 
[1] "Now starting analysis"
[1] "Starting with initial values"
         mu    sigma.sq          bt 
1.503312685 0.008713815 1.000000000 
         step     negloglik            mu      sigma.sq            bt 
  1.000000000 -34.243480879   1.557964485   0.008699919   0.751514675 
         step     negloglik            mu      sigma.sq            bt 
  2.000000000 -34.243480879   1.557964485   0.008699919   0.751514675 
         step     negloglik            mu      sigma.sq            bt 
  3.000000000 -34.243480879   1.557964485   0.008699919   0.751514675 
[1] "Now starting analysis"
[1] "Starting with initial values"
         mu    sigma.sq          SE 
1.503312685 0.008713815 0.004356907 
         step     negloglik            mu      sigma.sq            SE 
 1.000000e+00 -3.406764e+01  1.581769e+00  8.662801e-03  1.281001e-05 
[1] "New improvement found, resetting step counter"
         step     negloglik            mu      sigma.sq            SE 
 2.000000e+00 -3.408779e+01  1.549825e+00  8.660342e-03  4.310306e-06 
         step     negloglik            mu      sigma.sq            SE 
 3.000000e+00 -3.408779e+01  1.549825e+00  8.660342e-03  4.310306e-06 
         step     negloglik            mu      sigma.sq            SE 
 4.000000e+00 -3.408779e+01  1.549825e+00  8.660342e-03  4.310306e-06 
[1] "Now starting analysis"
[1] "Starting with initial values"
         mu    sigma.sq 
1.503312685 0.008713815 
         step     negloglik            mu      sigma.sq 
  1.000000000 -34.095149047   1.503312685   0.008713815 
         step     negloglik            mu      sigma.sq 
  2.000000000 -34.095149047   1.503312685   0.008713815 
         step     negloglik            mu      sigma.sq 
  3.000000000 -34.095149047   1.503312685   0.008713815 
