[1] "args"
[1] "66"   "1342"
[1] "Now starting analysis"
[1] "Starting with initial values"
        mu   sigma.sq         SE         bt         vh 
2.16325363 0.06419528 0.03209764 1.00000000 0.03209764 
        step    negloglik           mu     sigma.sq           SE           bt 
1.000000e+00 8.516538e+00 6.963644e-01 5.379918e-05 7.111151e-02 2.379416e+00 
          vh 
1.980019e-02 
[1] "New improvement found, resetting step counter"
        step    negloglik           mu     sigma.sq           SE           bt 
2.000000e+00 8.173351e+00 5.609878e-01 5.799767e-05 6.930892e-02 2.385831e+00 
          vh 
1.680124e-02 
[1] "New improvement found, resetting step counter"
        step    negloglik           mu     sigma.sq           SE           bt 
3.000000e+00 8.025739e+00 4.287502e-01 1.192505e-05 7.055861e-02 2.398063e+00 
          vh 
1.208230e-02 
        step    negloglik           mu     sigma.sq           SE           bt 
4.000000e+00 8.025739e+00 4.287502e-01 1.192505e-05 7.055861e-02 2.398063e+00 
          vh 
1.208230e-02 
        step    negloglik           mu     sigma.sq           SE           bt 
5.000000e+00 8.025739e+00 4.287502e-01 1.192505e-05 7.055861e-02 2.398063e+00 
          vh 
1.208230e-02 
[1] "Now starting analysis"
[1] "Starting with initial values"
        mu   sigma.sq         bt         vh 
2.16325363 0.06419528 1.00000000 0.03209764 
        step    negloglik           mu     sigma.sq           bt           vh 
 1.000000000 19.143635893  0.753828355  0.058404004  2.302530306  0.009312943 
[1] "New improvement found, resetting step counter"
        step    negloglik           mu     sigma.sq           bt           vh 
 2.000000000 19.115149665  0.620068128  0.058789031  2.173351530  0.002684343 
[1] "New improvement found, resetting step counter"
        step    negloglik           mu     sigma.sq           bt           vh 
3.000000e+00 1.910442e+01 4.633056e-01 6.068589e-02 2.280642e+00 4.526808e-04 
        step    negloglik           mu     sigma.sq           bt           vh 
4.000000e+00 1.910442e+01 4.633056e-01 6.068589e-02 2.280642e+00 4.526808e-04 
        step    negloglik           mu     sigma.sq           bt           vh 
5.000000e+00 1.910442e+01 4.633056e-01 6.068589e-02 2.280642e+00 4.526808e-04 
[1] "Now starting analysis"
[1] "Starting with initial values"
        mu   sigma.sq         SE         vh 
2.16325363 0.06419528 0.03209764 0.03209764 
        step    negloglik           mu     sigma.sq           SE           vh 
1.000000e+00 1.568160e+01 1.687311e+00 5.273822e-06 7.789007e-02 8.999746e-01 
[1] "New improvement found, resetting step counter"
        step    negloglik           mu     sigma.sq           SE           vh 
2.000000e+00 1.567150e+01 1.687311e+00 5.273822e-06 7.789007e-02 1.068706e+00 
        step    negloglik           mu     sigma.sq           SE           vh 
3.000000e+00 1.567150e+01 1.687311e+00 5.273822e-06 7.789007e-02 1.068706e+00 
        step    negloglik           mu     sigma.sq           SE           vh 
4.000000e+00 1.567150e+01 1.687311e+00 5.273822e-06 7.789007e-02 1.068706e+00 
[1] "Now starting analysis"
[1] "Starting with initial values"
        mu   sigma.sq         vh 
2.16325363 0.06419528 0.03209764 
       step   negloglik          mu    sigma.sq          vh 
 1.00000000 23.06899388  1.86712972  0.07110237  0.40737243 
[1] "New improvement found, resetting step counter"
       step   negloglik          mu    sigma.sq          vh 
 2.00000000 23.02775801  1.80513517  0.07037303  0.62544735 
[1] "New improvement found, but slight; taking the best value, but not resetting the step counter"
       step   negloglik          mu    sigma.sq          vh 
 3.00000000 23.02580465  1.86528256  0.06796961  0.55973314 
       step   negloglik          mu    sigma.sq          vh 
 4.00000000 23.02580465  1.86528256  0.06796961  0.55973314 
[1] "Now starting analysis"
[1] "Starting with initial values"
        mu   sigma.sq         SE         bt 
2.16325363 0.06419528 0.03209764 1.00000000 
        step    negloglik           mu     sigma.sq           SE           bt 
1.000000e+00 8.104730e+00 3.957703e-01 9.979651e-06 7.571793e-02 2.438653e+00 
[1] "New improvement found, resetting step counter"
        step    negloglik           mu     sigma.sq           SE           bt 
2.000000e+00 8.093637e+00 4.102474e-01 3.624084e-06 7.830100e-02 2.425486e+00 
        step    negloglik           mu     sigma.sq           SE           bt 
3.000000e+00 8.093637e+00 4.102474e-01 3.624084e-06 7.830100e-02 2.425486e+00 
        step    negloglik           mu     sigma.sq           SE           bt 
4.000000e+00 8.093637e+00 4.102474e-01 3.624084e-06 7.830100e-02 2.425486e+00 
[1] "Now starting analysis"
[1] "Starting with initial values"
        mu   sigma.sq         bt 
2.16325363 0.06419528 1.00000000 
       step   negloglik          mu    sigma.sq          bt 
 1.00000000 19.11117579  0.78616914  0.06154804  2.22823733 
[1] "New improvement found, resetting step counter"
       step   negloglik          mu    sigma.sq          bt 
 2.00000000 19.09008882  0.63582545  0.06005438  2.25807826 
       step   negloglik          mu    sigma.sq          bt 
 3.00000000 19.09008882  0.63582545  0.06005438  2.25807826 
       step   negloglik          mu    sigma.sq          bt 
 4.00000000 19.09008882  0.63582545  0.06005438  2.25807826 
[1] "Now starting analysis"
[1] "Starting with initial values"
        mu   sigma.sq         SE 
2.16325363 0.06419528 0.03209764 
       step   negloglik          mu    sigma.sq          SE 
 1.00000000 22.31606315  2.12882685  0.04529185  0.04774618 
[1] "New improvement found, but slight; taking the best value, but not resetting the step counter"
       step   negloglik          mu    sigma.sq          SE 
 2.00000000 22.31040836  2.02245915  0.04597321  0.04691753 
       step   negloglik          mu    sigma.sq          SE 
 3.00000000 22.31040836  2.02245915  0.04597321  0.04691753 
[1] "Now starting analysis"
[1] "Starting with initial values"
        mu   sigma.sq 
2.16325363 0.06419528 
       step   negloglik          mu    sigma.sq 
 1.00000000 23.79147890  1.94016810  0.07771562 
       step   negloglik          mu    sigma.sq 
 2.00000000 23.79147890  1.94016810  0.07771562 
[1] "New improvement found, but slight; taking the best value, but not resetting the step counter"
      step  negloglik         mu   sigma.sq 
 3.0000000 23.7833706  1.9067156  0.0823785 
