000 (066.1457.000) 07/26 17:14:46 Job submitted from host: <160.36.155.106:9618?addrs=160.36.155.106-9618&noUDP&sock=27742_4872_4>
...
012 (066.1457.000) 08/03 14:17:14 Job was held.
	via condor_hold (by user bomeara)
	Code 1 Subcode 0
...
013 (066.1457.000) 08/05 22:28:01 Job was released.
	via condor_release (by user bomeara)
...
012 (066.1457.000) 08/09 10:36:07 Job was held.
	via condor_hold (by user bomeara)
	Code 1 Subcode 0
...
013 (066.1457.000) 08/09 13:05:19 Job was released.
	via condor_release (by user bomeara)
...
001 (066.1457.000) 09/13 13:48:22 Job executing on host: <10.129.213.175:9618?addrs=10.129.213.175-9618&noUDP&sock=2702_ecfc_4>
...
006 (066.1457.000) 09/13 13:48:31 Image size of job updated: 243476
	238  -  MemoryUsage of job (MB)
	243476  -  ResidentSetSize of job (KB)
...
006 (066.1457.000) 09/13 14:08:34 Image size of job updated: 246380
	241  -  MemoryUsage of job (MB)
	246380  -  ResidentSetSize of job (KB)
...
006 (066.1457.000) 09/21 16:08:44 Image size of job updated: 248360
	243  -  MemoryUsage of job (MB)
	248360  -  ResidentSetSize of job (KB)
...
006 (066.1457.000) 09/23 05:47:35 Image size of job updated: 248492
	243  -  MemoryUsage of job (MB)
	248492  -  ResidentSetSize of job (KB)
...
006 (066.1457.000) 09/29 09:57:52 Image size of job updated: 248888
	244  -  MemoryUsage of job (MB)
	248888  -  ResidentSetSize of job (KB)
...
006 (066.1457.000) 10/11 00:27:34 Image size of job updated: 455644
	244  -  MemoryUsage of job (MB)
	248888  -  ResidentSetSize of job (KB)
...
005 (066.1457.000) 10/11 00:27:34 Job terminated.
	(1) Normal termination (return value 0)
		Usr 27 10:21:04, Sys 0 00:01:49  -  Run Remote Usage
		Usr 0 00:00:00, Sys 0 00:00:00  -  Run Local Usage
		Usr 27 10:21:04, Sys 0 00:01:49  -  Total Remote Usage
		Usr 0 00:00:00, Sys 0 00:00:00  -  Total Local Usage
	32683  -  Run Bytes Sent By Job
	2422  -  Run Bytes Received By Job
	32683  -  Total Bytes Sent By Job
	2422  -  Total Bytes Received By Job
	Partitionable Resources :    Usage  Request Allocated 
	   Cpus                 :     1.00        1         1 
	   Disk (KB)            :    50           4   1811553 
	   Memory (MB)          :   244           1       128 
...
