[1] "args"
[1] "66"  "320"
[1] "Now starting analysis"
[1] "Starting with initial values"
         mu    sigma.sq          SE          bt          vh 
2.037248987 0.017018627 0.008509314 1.000000000 0.008509314 
        step    negloglik           mu     sigma.sq           SE           bt 
1.0000000000 7.8764904855 1.7503176481 0.0111288850 0.0001385645 2.0239751736 
          vh 
1.1437156693 
[1] "New improvement found, resetting step counter"
        step    negloglik           mu     sigma.sq           SE           bt 
2.000000e+00 7.125703e+00 1.135847e+00 1.117167e-02 8.748234e-06 1.988643e+00 
          vh 
9.541770e-01 
[1] "New improvement found, resetting step counter"
        step    negloglik           mu     sigma.sq           SE           bt 
3.000000e+00 7.064997e+00 9.852711e-01 1.138000e-02 6.989838e-05 1.941334e+00 
          vh 
5.641867e-01 
[1] "New improvement found, but slight; taking the best value, but not resetting the step counter"
        step    negloglik           mu     sigma.sq           SE           bt 
4.000000e+00 7.061655e+00 1.027739e+00 1.097074e-02 1.193669e-05 1.923791e+00 
          vh 
7.054114e-01 
        step    negloglik           mu     sigma.sq           SE           bt 
5.000000e+00 7.061655e+00 1.027739e+00 1.097074e-02 1.193669e-05 1.923791e+00 
          vh 
7.054114e-01 
[1] "Now starting analysis"
[1] "Starting with initial values"
         mu    sigma.sq          bt          vh 
2.037248987 0.017018627 1.000000000 0.008509314 
     step negloglik        mu  sigma.sq        bt        vh 
1.0000000 7.0659610 1.0705782 0.0113414 1.9473326 0.5390840 
[1] "New improvement found, resetting step counter"
      step  negloglik         mu   sigma.sq         bt         vh 
2.00000000 7.05530325 1.02693187 0.01134384 1.92363038 0.60774821 
      step  negloglik         mu   sigma.sq         bt         vh 
3.00000000 7.05530325 1.02693187 0.01134384 1.92363038 0.60774821 
      step  negloglik         mu   sigma.sq         bt         vh 
4.00000000 7.05530325 1.02693187 0.01134384 1.92363038 0.60774821 
[1] "Now starting analysis"
[1] "Starting with initial values"
         mu    sigma.sq          SE          vh 
2.037248987 0.017018627 0.008509314 0.008509314 
        step    negloglik           mu     sigma.sq           SE           vh 
1.000000e+00 8.616166e+00 1.151358e+00 1.058084e-02 1.344789e-05 2.592791e+00 
[1] "New improvement found, resetting step counter"
        step    negloglik           mu     sigma.sq           SE           vh 
2.000000e+00 8.595271e+00 1.188256e+00 1.059170e-02 8.886001e-05 2.146428e+00 
        step    negloglik           mu     sigma.sq           SE           vh 
3.000000e+00 8.595271e+00 1.188256e+00 1.059170e-02 8.886001e-05 2.146428e+00 
        step    negloglik           mu     sigma.sq           SE           vh 
4.000000e+00 8.595271e+00 1.188256e+00 1.059170e-02 8.886001e-05 2.146428e+00 
[1] "Now starting analysis"
[1] "Starting with initial values"
         mu    sigma.sq          vh 
2.037248987 0.017018627 0.008509314 
      step  negloglik         mu   sigma.sq         vh 
1.00000000 8.68599777 1.14274118 0.01147907 1.53942642 
[1] "New improvement found, resetting step counter"
      step  negloglik         mu   sigma.sq         vh 
2.00000000 8.59379931 1.16446972 0.01112251 1.97103516 
[1] "New improvement found, but slight; taking the best value, but not resetting the step counter"
      step  negloglik         mu   sigma.sq         vh 
3.00000000 8.58605085 1.20940906 0.01080748 2.19478699 
      step  negloglik         mu   sigma.sq         vh 
4.00000000 8.58605085 1.20940906 0.01080748 2.19478699 
[1] "Now starting analysis"
[1] "Starting with initial values"
         mu    sigma.sq          SE          bt 
2.037248987 0.017018627 0.008509314 1.000000000 
        step    negloglik           mu     sigma.sq           SE           bt 
1.000000e+00 7.649364e+00 1.121640e+00 1.309418e-02 2.944541e-05 1.834848e+00 
[1] "New improvement found, resetting step counter"
        step    negloglik           mu     sigma.sq           SE           bt 
2.000000e+00 7.635701e+00 1.101063e+00 1.308844e-02 1.635713e-05 1.817218e+00 
        step    negloglik           mu     sigma.sq           SE           bt 
3.000000e+00 7.635701e+00 1.101063e+00 1.308844e-02 1.635713e-05 1.817218e+00 
        step    negloglik           mu     sigma.sq           SE           bt 
4.000000e+00 7.635701e+00 1.101063e+00 1.308844e-02 1.635713e-05 1.817218e+00 
[1] "Now starting analysis"
[1] "Starting with initial values"
        mu   sigma.sq         bt 
2.03724899 0.01701863 1.00000000 
      step  negloglik         mu   sigma.sq         bt 
1.00000000 7.61603353 1.11125424 0.01401137 1.81896646 
[1] "New improvement found, but slight; taking the best value, but not resetting the step counter"
      step  negloglik         mu   sigma.sq         bt 
2.00000000 7.61150359 1.03619671 0.01370791 1.83296249 
[1] "New improvement found, but slight; taking the best value, but not resetting the step counter"
      step  negloglik         mu   sigma.sq         bt 
3.00000000 7.61133072 1.08897882 0.01389488 1.80929745 
[1] "Now starting analysis"
[1] "Starting with initial values"
         mu    sigma.sq          SE 
2.037248987 0.017018627 0.008509314 
        step    negloglik           mu     sigma.sq           SE 
1.000000e+00 1.459760e+01 2.570216e+00 2.070028e-02 3.315719e-05 
[1] "New improvement found, resetting step counter"
        step    negloglik           mu     sigma.sq           SE 
2.000000e+00 1.457702e+01 2.458868e+00 2.071589e-02 1.037992e-04 
[1] "New improvement found, but slight; taking the best value, but not resetting the step counter"
        step    negloglik           mu     sigma.sq           SE 
3.000000e+00 1.456959e+01 2.421288e+00 2.061706e-02 3.770271e-05 
[1] "New improvement found, resetting step counter"
        step    negloglik           mu     sigma.sq           SE 
4.000000e+00 1.455905e+01 2.463656e+00 2.080230e-02 5.249755e-06 
        step    negloglik           mu     sigma.sq           SE 
5.000000e+00 1.455905e+01 2.463656e+00 2.080230e-02 5.249755e-06 
[1] "New improvement found, resetting step counter"
        step    negloglik           mu     sigma.sq           SE 
6.000000e+00 1.454101e+01 2.436676e+00 2.223609e-02 2.146843e-05 
        step    negloglik           mu     sigma.sq           SE 
7.000000e+00 1.454101e+01 2.436676e+00 2.223609e-02 2.146843e-05 
        step    negloglik           mu     sigma.sq           SE 
8.000000e+00 1.454101e+01 2.436676e+00 2.223609e-02 2.146843e-05 
[1] "Now starting analysis"
[1] "Starting with initial values"
        mu   sigma.sq 
2.03724899 0.01701863 
       step   negloglik          mu    sigma.sq 
 1.00000000 14.54088924  2.38415947  0.02230207 
       step   negloglik          mu    sigma.sq 
 2.00000000 14.54088924  2.38415947  0.02230207 
       step   negloglik          mu    sigma.sq 
 3.00000000 14.54088924  2.38415947  0.02230207 
