000 (066.344.000) 07/26 17:14:46 Job submitted from host: <160.36.155.106:9618?addrs=160.36.155.106-9618&noUDP&sock=27742_4872_4>
...
001 (066.344.000) 07/27 18:08:11 Job executing on host: <10.128.106.188:9618?addrs=10.128.106.188-9618&noUDP&sock=2127_8608_4>
...
006 (066.344.000) 07/27 18:08:20 Image size of job updated: 225708
	221  -  MemoryUsage of job (MB)
	225708  -  ResidentSetSize of job (KB)
...
006 (066.344.000) 07/27 18:13:21 Image size of job updated: 234504
	230  -  MemoryUsage of job (MB)
	234504  -  ResidentSetSize of job (KB)
...
006 (066.344.000) 07/27 19:43:29 Image size of job updated: 235240
	230  -  MemoryUsage of job (MB)
	235240  -  ResidentSetSize of job (KB)
...
006 (066.344.000) 07/27 20:03:31 Image size of job updated: 235592
	231  -  MemoryUsage of job (MB)
	235592  -  ResidentSetSize of job (KB)
...
006 (066.344.000) 07/27 20:18:33 Image size of job updated: 235876
	231  -  MemoryUsage of job (MB)
	235876  -  ResidentSetSize of job (KB)
...
005 (066.344.000) 07/27 21:05:12 Job terminated.
	(1) Normal termination (return value 0)
		Usr 0 02:56:37, Sys 0 00:00:02  -  Run Remote Usage
		Usr 0 00:00:00, Sys 0 00:00:00  -  Run Local Usage
		Usr 0 02:56:37, Sys 0 00:00:02  -  Total Remote Usage
		Usr 0 00:00:00, Sys 0 00:00:00  -  Total Local Usage
	28415  -  Run Bytes Sent By Job
	2422  -  Run Bytes Received By Job
	28415  -  Total Bytes Sent By Job
	2422  -  Total Bytes Received By Job
	Partitionable Resources :    Usage  Request Allocated 
	   Cpus                 :     1.00        1         1 
	   Disk (KB)            :    45           4    892170 
	   Memory (MB)          :   231           1       128 
...
