000 (066.1749.000) 07/26 17:14:46 Job submitted from host: <160.36.155.106:9618?addrs=160.36.155.106-9618&noUDP&sock=27742_4872_4>
...
012 (066.1749.000) 08/03 14:17:29 Job was held.
	via condor_hold (by user bomeara)
	Code 1 Subcode 0
...
013 (066.1749.000) 08/05 22:28:15 Job was released.
	via condor_release (by user bomeara)
...
012 (066.1749.000) 08/09 10:36:27 Job was held.
	via condor_hold (by user bomeara)
	Code 1 Subcode 0
...
013 (066.1749.000) 08/09 13:05:34 Job was released.
	via condor_release (by user bomeara)
...
012 (066.1749.000) 09/23 13:38:02 Job was held.
	via condor_hold (by user bomeara)
	Code 1 Subcode 0
...
013 (066.1749.000) 09/24 14:49:53 Job was released.
	via condor_release (by user bomeara)
...
001 (066.1749.000) 10/01 17:16:06 Job executing on host: <10.130.122.65:9618?addrs=10.130.122.65-9618&noUDP&sock=2405_355c_4>
...
006 (066.1749.000) 10/01 17:16:15 Image size of job updated: 242996
	238  -  MemoryUsage of job (MB)
	242996  -  ResidentSetSize of job (KB)
...
006 (066.1749.000) 10/01 17:21:16 Image size of job updated: 243032
	238  -  MemoryUsage of job (MB)
	243032  -  ResidentSetSize of job (KB)
...
006 (066.1749.000) 10/01 17:31:16 Image size of job updated: 243052
	238  -  MemoryUsage of job (MB)
	243052  -  ResidentSetSize of job (KB)
...
006 (066.1749.000) 10/04 00:16:58 Image size of job updated: 248200
	243  -  MemoryUsage of job (MB)
	248200  -  ResidentSetSize of job (KB)
...
006 (066.1749.000) 10/05 02:09:40 Image size of job updated: 249048
	244  -  MemoryUsage of job (MB)
	249048  -  ResidentSetSize of job (KB)
...
006 (066.1749.000) 10/06 05:57:35 Image size of job updated: 249504
	244  -  MemoryUsage of job (MB)
	249504  -  ResidentSetSize of job (KB)
...
005 (066.1749.000) 10/07 06:38:01 Job terminated.
	(1) Normal termination (return value 0)
		Usr 5 13:10:48, Sys 0 00:01:08  -  Run Remote Usage
		Usr 0 00:00:00, Sys 0 00:00:00  -  Run Local Usage
		Usr 5 13:10:48, Sys 0 00:01:08  -  Total Remote Usage
		Usr 0 00:00:00, Sys 0 00:00:00  -  Total Local Usage
	32006  -  Run Bytes Sent By Job
	2422  -  Run Bytes Received By Job
	32006  -  Total Bytes Sent By Job
	2422  -  Total Bytes Received By Job
	Partitionable Resources :    Usage  Request Allocated 
	   Cpus                 :     1.00        1         1 
	   Disk (KB)            :    49           4    892237 
	   Memory (MB)          :   244           1       128 
...
