[1] "args"
[1] "66"   "1433"
[1] "Now starting analysis"
[1] "Starting with initial values"
        mu   sigma.sq         SE         bt         vh 
2.12346075 0.19012281 0.09506141 1.00000000 0.09506141 
        step    negloglik           mu     sigma.sq           SE           bt 
 1.000000000 49.778193588  2.236699423  0.009853105  0.071098633  0.879437187 
          vh 
 0.407858132 
[1] "New improvement found, resetting step counter"
        step    negloglik           mu     sigma.sq           SE           bt 
 2.000000000 49.471320179  2.426642111  0.009838493  0.070942863  0.797388960 
          vh 
 0.216868773 
        step    negloglik           mu     sigma.sq           SE           bt 
 3.000000000 49.471320179  2.426642111  0.009838493  0.070942863  0.797388960 
          vh 
 0.216868773 
        step    negloglik           mu     sigma.sq           SE           bt 
 4.000000000 49.471320179  2.426642111  0.009838493  0.070942863  0.797388960 
          vh 
 0.216868773 
[1] "Now starting analysis"
[1] "Starting with initial values"
        mu   sigma.sq         bt         vh 
2.12346075 0.19012281 1.00000000 0.09506141 
        step    negloglik           mu     sigma.sq           bt           vh 
1.000000e+00 1.155440e+02 2.227357e+00 1.948065e-01 9.636107e-01 4.710486e-04 
        step    negloglik           mu     sigma.sq           bt           vh 
2.000000e+00 1.155440e+02 2.227357e+00 1.948065e-01 9.636107e-01 4.710486e-04 
        step    negloglik           mu     sigma.sq           bt           vh 
3.000000e+00 1.155440e+02 2.227357e+00 1.948065e-01 9.636107e-01 4.710486e-04 
[1] "Now starting analysis"
[1] "Starting with initial values"
        mu   sigma.sq         SE         vh 
2.12346075 0.19012281 0.09506141 0.09506141 
       step   negloglik          mu    sigma.sq          SE          vh 
 1.00000000 49.95933163  1.98635989  0.01003584  0.07374223  0.38166426 
[1] "New improvement found, resetting step counter"
        step    negloglik           mu     sigma.sq           SE           vh 
 2.000000000 49.717566249  2.255554566  0.009091038  0.072052939  0.250770460 
[1] "New improvement found, but slight; taking the best value, but not resetting the step counter"
        step    negloglik           mu     sigma.sq           SE           vh 
 3.000000000 49.709264731  2.153689600  0.009971502  0.069310345  0.233430984 
[1] "New improvement found, but slight; taking the best value, but not resetting the step counter"
        step    negloglik           mu     sigma.sq           SE           vh 
 4.000000000 49.705118837  2.193661557  0.009586361  0.069421092  0.250063414 
[1] "Now starting analysis"
[1] "Starting with initial values"
        mu   sigma.sq         vh 
2.12346075 0.19012281 0.09506141 
        step    negloglik           mu     sigma.sq           vh 
  1.00000000 115.61986528   2.26281286   0.19675863   0.02206744 
        step    negloglik           mu     sigma.sq           vh 
  2.00000000 115.61986528   2.26281286   0.19675863   0.02206744 
        step    negloglik           mu     sigma.sq           vh 
  3.00000000 115.61986528   2.26281286   0.19675863   0.02206744 
[1] "Now starting analysis"
[1] "Starting with initial values"
        mu   sigma.sq         SE         bt 
2.12346075 0.19012281 0.09506141 1.00000000 
       step   negloglik          mu    sigma.sq          SE          bt 
 1.00000000 51.00929800  2.07263887  0.01268254  0.06784855  0.88462498 
[1] "New improvement found, resetting step counter"
       step   negloglik          mu    sigma.sq          SE          bt 
 2.00000000 50.71119112  2.44387958  0.01237528  0.06971192  0.83871786 
[1] "New improvement found, but slight; taking the best value, but not resetting the step counter"
       step   negloglik          mu    sigma.sq          SE          bt 
 3.00000000 50.71096559  2.57064237  0.01231669  0.07172213  0.79471305 
[1] "New improvement found, resetting step counter"
       step   negloglik          mu    sigma.sq          SE          bt 
 4.00000000 50.69415402  2.46916842  0.01312424  0.06709110  0.82926571 
       step   negloglik          mu    sigma.sq          SE          bt 
 5.00000000 50.69415402  2.46916842  0.01312424  0.06709110  0.82926571 
       step   negloglik          mu    sigma.sq          SE          bt 
 6.00000000 50.69415402  2.46916842  0.01312424  0.06709110  0.82926571 
[1] "Now starting analysis"
[1] "Starting with initial values"
       mu  sigma.sq        bt 
2.1234607 0.1901228 1.0000000 
       step   negloglik          mu    sigma.sq          bt 
  1.0000000 115.5143279   2.2893561   0.1879109   0.8827673 
[1] "New improvement found, resetting step counter"
       step   negloglik          mu    sigma.sq          bt 
  2.0000000 115.4936401   2.4395951   0.1950651   0.8040707 
[1] "New improvement found, but slight; taking the best value, but not resetting the step counter"
       step   negloglik          mu    sigma.sq          bt 
  3.0000000 115.4911665   2.3794586   0.1922863   0.8316895 
[1] "New improvement found, but slight; taking the best value, but not resetting the step counter"
       step   negloglik          mu    sigma.sq          bt 
  4.0000000 115.4862808   2.7353336   0.1885679   0.7137019 
[1] "Now starting analysis"
[1] "Starting with initial values"
        mu   sigma.sq         SE 
2.12346075 0.19012281 0.09506141 
       step   negloglik          mu    sigma.sq          SE 
 1.00000000 51.22704680  2.15202950  0.01261048  0.06544276 
[1] "New improvement found, resetting step counter"
       step   negloglik          mu    sigma.sq          SE 
 2.00000000 51.21679156  2.07689889  0.01333354  0.07151230 
[1] "New improvement found, resetting step counter"
       step   negloglik          mu    sigma.sq          SE 
 3.00000000 51.19540582  2.17056996  0.01248882  0.06972738 
       step   negloglik          mu    sigma.sq          SE 
 4.00000000 51.19540582  2.17056996  0.01248882  0.06972738 
       step   negloglik          mu    sigma.sq          SE 
 5.00000000 51.19540582  2.17056996  0.01248882  0.06972738 
[1] "Now starting analysis"
[1] "Starting with initial values"
       mu  sigma.sq 
2.1234607 0.1901228 
       step   negloglik          mu    sigma.sq 
  1.0000000 115.5564890   2.1234607   0.1901228 
       step   negloglik          mu    sigma.sq 
  2.0000000 115.5564890   2.1234607   0.1901228 
       step   negloglik          mu    sigma.sq 
  3.0000000 115.5564890   2.1234607   0.1901228 
