[1] "args"
[1] "66"   "1707"
[1] "Now starting analysis"
[1] "Starting with initial values"
        mu   sigma.sq         SE         bt         vh 
0.82929247 0.10617759 0.05308879 1.00000000 0.05308879 
        step    negloglik           mu     sigma.sq           SE           bt 
 1.000000000 51.686043106  0.852065306  0.009476946  0.075194588  1.020036659 
          vh 
 0.116238348 
[1] "New improvement found, resetting step counter"
        step    negloglik           mu     sigma.sq           SE           bt 
 2.000000000 50.879577593  0.885375696  0.011276625  0.073507883  0.841074776 
          vh 
 0.001507606 
        step    negloglik           mu     sigma.sq           SE           bt 
 3.000000000 50.879577593  0.885375696  0.011276625  0.073507883  0.841074776 
          vh 
 0.001507606 
        step    negloglik           mu     sigma.sq           SE           bt 
 4.000000000 50.879577593  0.885375696  0.011276625  0.073507883  0.841074776 
          vh 
 0.001507606 
[1] "Now starting analysis"
[1] "Starting with initial values"
        mu   sigma.sq         bt         vh 
0.82929247 0.10617759 1.00000000 0.05308879 
        step    negloglik           mu     sigma.sq           bt           vh 
 1.000000000 90.687493203  1.024721890  0.103525291  0.775477024  0.002442342 
        step    negloglik           mu     sigma.sq           bt           vh 
 2.000000000 90.687493203  1.024721890  0.103525291  0.775477024  0.002442342 
        step    negloglik           mu     sigma.sq           bt           vh 
 3.000000000 90.687493203  1.024721890  0.103525291  0.775477024  0.002442342 
[1] "Now starting analysis"
[1] "Starting with initial values"
        mu   sigma.sq         SE         vh 
0.82929247 0.10617759 0.05308879 0.05308879 
       step   negloglik          mu    sigma.sq          SE          vh 
 1.00000000 51.63616321  0.88426584  0.00979949  0.07374957  0.10735539 
[1] "New improvement found, resetting step counter"
       step   negloglik          mu    sigma.sq          SE          vh 
 2.00000000 51.37684778  0.79017024  0.01029267  0.07606080  0.04385908 
       step   negloglik          mu    sigma.sq          SE          vh 
 3.00000000 51.37684778  0.79017024  0.01029267  0.07606080  0.04385908 
       step   negloglik          mu    sigma.sq          SE          vh 
 4.00000000 51.37684778  0.79017024  0.01029267  0.07606080  0.04385908 
[1] "Now starting analysis"
[1] "Starting with initial values"
        mu   sigma.sq         vh 
0.82929247 0.10617759 0.05308879 
       step   negloglik          mu    sigma.sq          vh 
 1.00000000 90.84533179  0.88846595  0.10680148  0.01704721 
       step   negloglik          mu    sigma.sq          vh 
 2.00000000 90.84533179  0.88846595  0.10680148  0.01704721 
       step   negloglik          mu    sigma.sq          vh 
 3.00000000 90.84533179  0.88846595  0.10680148  0.01704721 
[1] "Now starting analysis"
[1] "Starting with initial values"
        mu   sigma.sq         SE         bt 
0.82929247 0.10617759 0.05308879 1.00000000 
       step   negloglik          mu    sigma.sq          SE          bt 
 1.00000000 51.74361859  0.88071141  0.01200361  0.07500845  1.03214252 
[1] "New improvement found, resetting step counter"
       step   negloglik          mu    sigma.sq          SE          bt 
 2.00000000 50.83604473  0.96219983  0.01045875  0.07462628  0.80585067 
       step   negloglik          mu    sigma.sq          SE          bt 
 3.00000000 50.83604473  0.96219983  0.01045875  0.07462628  0.80585067 
       step   negloglik          mu    sigma.sq          SE          bt 
 4.00000000 50.83604473  0.96219983  0.01045875  0.07462628  0.80585067 
[1] "Now starting analysis"
[1] "Starting with initial values"
       mu  sigma.sq        bt 
0.8292925 0.1061776 1.0000000 
      step  negloglik         mu   sigma.sq         bt 
 1.0000000 90.6907886  0.9063758  0.1082609  0.8437500 
      step  negloglik         mu   sigma.sq         bt 
 2.0000000 90.6907886  0.9063758  0.1082609  0.8437500 
      step  negloglik         mu   sigma.sq         bt 
 3.0000000 90.6907886  0.9063758  0.1082609  0.8437500 
[1] "Now starting analysis"
[1] "Starting with initial values"
        mu   sigma.sq         SE 
0.82929247 0.10617759 0.05308879 
       step   negloglik          mu    sigma.sq          SE 
 1.00000000 51.48214679  0.84144931  0.01028165  0.07843129 
       step   negloglik          mu    sigma.sq          SE 
 2.00000000 51.48214679  0.84144931  0.01028165  0.07843129 
       step   negloglik          mu    sigma.sq          SE 
 3.00000000 51.48214679  0.84144931  0.01028165  0.07843129 
[1] "Now starting analysis"
[1] "Starting with initial values"
       mu  sigma.sq 
0.8292925 0.1061776 
      step  negloglik         mu   sigma.sq 
 1.0000000 90.8036184  0.8292925  0.1061776 
      step  negloglik         mu   sigma.sq 
 2.0000000 90.8036184  0.8292925  0.1061776 
      step  negloglik         mu   sigma.sq 
 3.0000000 90.8036184  0.8292925  0.1061776 
