000 (066.1560.000) 07/26 17:14:46 Job submitted from host: <160.36.155.106:9618?addrs=160.36.155.106-9618&noUDP&sock=27742_4872_4>
...
012 (066.1560.000) 08/03 14:17:19 Job was held.
	via condor_hold (by user bomeara)
	Code 1 Subcode 0
...
013 (066.1560.000) 08/05 22:28:06 Job was released.
	via condor_release (by user bomeara)
...
012 (066.1560.000) 08/09 10:36:14 Job was held.
	via condor_hold (by user bomeara)
	Code 1 Subcode 0
...
013 (066.1560.000) 08/09 13:05:25 Job was released.
	via condor_release (by user bomeara)
...
001 (066.1560.000) 09/19 01:13:25 Job executing on host: <10.129.167.211:9618?addrs=10.129.167.211-9618&noUDP&sock=2505_ccd4_4>
...
006 (066.1560.000) 09/19 01:13:34 Image size of job updated: 229460
	225  -  MemoryUsage of job (MB)
	229460  -  ResidentSetSize of job (KB)
...
006 (066.1560.000) 09/19 01:28:35 Image size of job updated: 229464
	225  -  MemoryUsage of job (MB)
	229464  -  ResidentSetSize of job (KB)
...
006 (066.1560.000) 09/19 01:43:37 Image size of job updated: 232484
	228  -  MemoryUsage of job (MB)
	232484  -  ResidentSetSize of job (KB)
...
005 (066.1560.000) 09/19 01:44:45 Job terminated.
	(1) Normal termination (return value 0)
		Usr 0 00:31:16, Sys 0 00:00:00  -  Run Remote Usage
		Usr 0 00:00:00, Sys 0 00:00:00  -  Run Local Usage
		Usr 0 00:31:16, Sys 0 00:00:00  -  Total Remote Usage
		Usr 0 00:00:00, Sys 0 00:00:00  -  Total Local Usage
	27386  -  Run Bytes Sent By Job
	2422  -  Run Bytes Received By Job
	27386  -  Total Bytes Sent By Job
	2422  -  Total Bytes Received By Job
	Partitionable Resources :    Usage  Request Allocated 
	   Cpus                 :     1.00        1         1 
	   Disk (KB)            :    45           4    892254 
	   Memory (MB)          :   228           1       128 
...
