000 (066.544.000) 07/26 17:14:46 Job submitted from host: <160.36.155.106:9618?addrs=160.36.155.106-9618&noUDP&sock=27742_4872_4>
...
001 (066.544.000) 08/01 16:53:12 Job executing on host: <10.129.169.104:9618?addrs=10.129.169.104-9618&noUDP&sock=60687_d010_4>
...
006 (066.544.000) 08/01 16:53:21 Image size of job updated: 220460
	216  -  MemoryUsage of job (MB)
	220460  -  ResidentSetSize of job (KB)
...
006 (066.544.000) 08/01 16:58:22 Image size of job updated: 224760
	220  -  MemoryUsage of job (MB)
	224760  -  ResidentSetSize of job (KB)
...
006 (066.544.000) 08/02 00:49:16 Image size of job updated: 228704
	224  -  MemoryUsage of job (MB)
	228704  -  ResidentSetSize of job (KB)
...
006 (066.544.000) 08/02 14:55:44 Image size of job updated: 230256
	225  -  MemoryUsage of job (MB)
	230256  -  ResidentSetSize of job (KB)
...
006 (066.544.000) 08/02 17:45:18 Image size of job updated: 436752
	225  -  MemoryUsage of job (MB)
	230256  -  ResidentSetSize of job (KB)
...
005 (066.544.000) 08/02 17:45:18 Job terminated.
	(1) Normal termination (return value 0)
		Usr 1 00:49:41, Sys 0 00:00:09  -  Run Remote Usage
		Usr 0 00:00:00, Sys 0 00:00:00  -  Run Local Usage
		Usr 1 00:49:41, Sys 0 00:00:09  -  Total Remote Usage
		Usr 0 00:00:00, Sys 0 00:00:00  -  Total Local Usage
	28265  -  Run Bytes Sent By Job
	2422  -  Run Bytes Received By Job
	28265  -  Total Bytes Sent By Job
	2422  -  Total Bytes Received By Job
	Partitionable Resources :    Usage  Request Allocated 
	   Cpus                 :     0.99        1         1 
	   Disk (KB)            :    45           4    205772 
	   Memory (MB)          :   225           1       128 
...
