[1] "args"
[1] "66"  "143"
[1] "Now starting analysis"
[1] "Starting with initial values"
       mu  sigma.sq        SE        bt        vh 
1.6624575 0.4367055 0.2183527 1.0000000 0.2183527 
       step   negloglik          mu    sigma.sq          SE          bt 
 1.00000000 53.61291731  1.13744848  0.01194465  0.06631047  1.38783931 
         vh 
 0.35820570 
[1] "New improvement found, resetting step counter"
       step   negloglik          mu    sigma.sq          SE          bt 
 2.00000000 48.80444740  0.61678690  0.01285970  0.06178565  2.64273779 
         vh 
 0.01398223 
[1] "New improvement found, resetting step counter"
       step   negloglik          mu    sigma.sq          SE          bt 
 3.00000000 48.65630978  0.76706862  0.01042899  0.07181166  2.69278752 
         vh 
 0.05075860 
[1] "New improvement found, resetting step counter"
       step   negloglik          mu    sigma.sq          SE          bt 
 4.00000000 48.58016809  0.90458059  0.01313355  0.06231880  2.71651182 
         vh 
 0.05337491 
       step   negloglik          mu    sigma.sq          SE          bt 
 5.00000000 48.58016809  0.90458059  0.01313355  0.06231880  2.71651182 
         vh 
 0.05337491 
[1] "New improvement found, resetting step counter"
       step   negloglik          mu    sigma.sq          SE          bt 
 6.00000000 48.51894964  0.77261274  0.01216661  0.06503699  2.73373652 
         vh 
 0.01827747 
       step   negloglik          mu    sigma.sq          SE          bt 
 7.00000000 48.51894964  0.77261274  0.01216661  0.06503699  2.73373652 
         vh 
 0.01827747 
[1] "New improvement found, resetting step counter"
       step   negloglik          mu    sigma.sq          SE          bt 
 8.00000000 48.50140865  0.84833237  0.01164264  0.06618459  2.77852807 
         vh 
 0.02230359 
       step   negloglik          mu    sigma.sq          SE          bt 
 9.00000000 48.50140865  0.84833237  0.01164264  0.06618459  2.77852807 
         vh 
 0.02230359 
       step   negloglik          mu    sigma.sq          SE          bt 
10.00000000 48.50140865  0.84833237  0.01164264  0.06618459  2.77852807 
         vh 
 0.02230359 
[1] "Now starting analysis"
[1] "Starting with initial values"
       mu  sigma.sq        bt        vh 
1.6624575 0.4367055 1.0000000 0.2183527 
        step    negloglik           mu     sigma.sq           bt           vh 
1.000000e+00 1.532392e+02 1.664624e+00 4.181623e-01 2.618271e+00 6.328093e-04 
        step    negloglik           mu     sigma.sq           bt           vh 
2.000000e+00 1.532392e+02 1.664624e+00 4.181623e-01 2.618271e+00 6.328093e-04 
        step    negloglik           mu     sigma.sq           bt           vh 
3.000000e+00 1.532392e+02 1.664624e+00 4.181623e-01 2.618271e+00 6.328093e-04 
[1] "Now starting analysis"
[1] "Starting with initial values"
       mu  sigma.sq        SE        vh 
1.6624575 0.4367055 0.2183527 0.2183527 
       step   negloglik          mu    sigma.sq          SE          vh 
 1.00000000 57.10928081  1.89445678  0.01303106  0.06331425  0.58298599 
[1] "New improvement found, resetting step counter"
       step   negloglik          mu    sigma.sq          SE          vh 
 2.00000000 56.39549789  1.41999288  0.01148903  0.06366930  0.93130196 
       step   negloglik          mu    sigma.sq          SE          vh 
 3.00000000 56.39549789  1.41999288  0.01148903  0.06366930  0.93130196 
       step   negloglik          mu    sigma.sq          SE          vh 
 4.00000000 56.39549789  1.41999288  0.01148903  0.06366930  0.93130196 
[1] "Now starting analysis"
[1] "Starting with initial values"
       mu  sigma.sq        vh 
1.6624575 0.4367055 0.2183527 
       step   negloglik          mu    sigma.sq          vh 
  1.0000000 156.8471069   1.5724077   0.4297785   0.7932859 
[1] "New improvement found, but slight; taking the best value, but not resetting the step counter"
       step   negloglik          mu    sigma.sq          vh 
  2.0000000 156.8443674   1.7296485   0.4297785   0.7932859 
       step   negloglik          mu    sigma.sq          vh 
  3.0000000 156.8443674   1.7296485   0.4297785   0.7932859 
[1] "Now starting analysis"
[1] "Starting with initial values"
       mu  sigma.sq        SE        bt 
1.6624575 0.4367055 0.2183527 1.0000000 
       step   negloglik          mu    sigma.sq          SE          bt 
 1.00000000 48.60403935  0.72810282  0.01340735  0.06162879  2.85628765 
[1] "New improvement found, resetting step counter"
       step   negloglik          mu    sigma.sq          SE          bt 
 2.00000000 48.58210243  0.81579228  0.01342043  0.06221003  2.76511046 
       step   negloglik          mu    sigma.sq          SE          bt 
 3.00000000 48.58210243  0.81579228  0.01342043  0.06221003  2.76511046 
[1] "New improvement found, but slight; taking the best value, but not resetting the step counter"
       step   negloglik          mu    sigma.sq          SE          bt 
 4.00000000 48.57459501  0.84017083  0.01214035  0.06561145  2.77182721 
[1] "Now starting analysis"
[1] "Starting with initial values"
       mu  sigma.sq        bt 
1.6624575 0.4367055 1.0000000 
       step   negloglik          mu    sigma.sq          bt 
  1.0000000 153.1990969   1.2744620   0.4024605   2.6215485 
       step   negloglik          mu    sigma.sq          bt 
  2.0000000 153.1990969   1.2744620   0.4024605   2.6215485 
       step   negloglik          mu    sigma.sq          bt 
  3.0000000 153.1990969   1.2744620   0.4024605   2.6215485 
[1] "Now starting analysis"
[1] "Starting with initial values"
       mu  sigma.sq        SE 
1.6624575 0.4367055 0.2183527 
       step   negloglik          mu    sigma.sq          SE 
 1.00000000 70.32266752  2.17142663  0.02005776  0.09612596 
[1] "New improvement found, resetting step counter"
       step   negloglik          mu    sigma.sq          SE 
 2.00000000 69.88109950  1.69848139  0.01845812  0.10266454 
       step   negloglik          mu    sigma.sq          SE 
 3.00000000 69.88109950  1.69848139  0.01845812  0.10266454 
       step   negloglik          mu    sigma.sq          SE 
 4.00000000 69.88109950  1.69848139  0.01845812  0.10266454 
[1] "Now starting analysis"
[1] "Starting with initial values"
       mu  sigma.sq 
1.6624575 0.4367055 
       step   negloglik          mu    sigma.sq 
  1.0000000 160.0861752   1.8287032   0.4367055 
       step   negloglik          mu    sigma.sq 
  2.0000000 160.0861752   1.8287032   0.4367055 
[1] "New improvement found, resetting step counter"
       step   negloglik          mu    sigma.sq 
  3.0000000 159.9309339   1.6635287   0.4874282 
       step   negloglik          mu    sigma.sq 
  4.0000000 159.9309339   1.6635287   0.4874282 
       step   negloglik          mu    sigma.sq 
  5.0000000 159.9309339   1.6635287   0.4874282 
