[1] "args"
[1] "66"   "1705"
[1] "Now starting analysis"
[1] "Starting with initial values"
       mu  sigma.sq        SE        bt        vh 
1.3034810 0.2372376 0.1186188 1.0000000 0.1186188 
        step    negloglik           mu     sigma.sq           SE           bt 
 1.000000000 45.732722411  1.253436393  0.006894893  0.080001857  1.234229308 
          vh 
 0.168583673 
[1] "New improvement found, resetting step counter"
        step    negloglik           mu     sigma.sq           SE           bt 
 2.000000000 45.333290177  1.082536511  0.006547896  0.084714966  1.717694012 
          vh 
 0.009561806 
        step    negloglik           mu     sigma.sq           SE           bt 
 3.000000000 45.333290177  1.082536511  0.006547896  0.084714966  1.717694012 
          vh 
 0.009561806 
[1] "New improvement found, resetting step counter"
        step    negloglik           mu     sigma.sq           SE           bt 
 4.000000000 45.313002310  1.151512353  0.006891528  0.079719558  1.900035690 
          vh 
 0.003708932 
        step    negloglik           mu     sigma.sq           SE           bt 
 5.000000000 45.313002310  1.151512353  0.006891528  0.079719558  1.900035690 
          vh 
 0.003708932 
        step    negloglik           mu     sigma.sq           SE           bt 
 6.000000000 45.313002310  1.151512353  0.006891528  0.079719558  1.900035690 
          vh 
 0.003708932 
[1] "Now starting analysis"
[1] "Starting with initial values"
       mu  sigma.sq        bt        vh 
1.3034810 0.2372376 1.0000000 0.1186188 
       step   negloglik          mu    sigma.sq          bt          vh 
  1.0000000 123.8866983   1.3034810   0.2372376   1.1303481   0.1186188 
[1] "New improvement found, but slight; taking the best value, but not resetting the step counter"
       step   negloglik          mu    sigma.sq          bt          vh 
  2.0000000 123.8828153   1.3034810   0.2372376   1.2606962   0.1186188 
       step   negloglik          mu    sigma.sq          bt          vh 
  3.0000000 123.8828153   1.3034810   0.2372376   1.2606962   0.1186188 
[1] "Now starting analysis"
[1] "Starting with initial values"
       mu  sigma.sq        SE        vh 
1.3034810 0.2372376 0.1186188 0.1186188 
        step    negloglik           mu     sigma.sq           SE           vh 
 1.000000000 45.978515589  1.166617295  0.007610074  0.077465406  0.245894698 
[1] "New improvement found, but slight; taking the best value, but not resetting the step counter"
        step    negloglik           mu     sigma.sq           SE           vh 
 2.000000000 45.976299004  1.205600109  0.006889687  0.077899080  0.284877512 
[1] "New improvement found, resetting step counter"
        step    negloglik           mu     sigma.sq           SE           vh 
 3.000000000 45.943280906  1.187038698  0.007180708  0.079924264  0.249812801 
        step    negloglik           mu     sigma.sq           SE           vh 
 4.000000000 45.943280906  1.187038698  0.007180708  0.079924264  0.249812801 
        step    negloglik           mu     sigma.sq           SE           vh 
 5.000000000 45.943280906  1.187038698  0.007180708  0.079924264  0.249812801 
[1] "Now starting analysis"
[1] "Starting with initial values"
       mu  sigma.sq        vh 
1.3034810 0.2372376 0.1186188 
       step   negloglik          mu    sigma.sq          vh 
  1.0000000 123.8924855   1.3034810   0.2372376   0.1186188 
       step   negloglik          mu    sigma.sq          vh 
  2.0000000 123.8924855   1.3034810   0.2372376   0.1186188 
[1] "New improvement found, but slight; taking the best value, but not resetting the step counter"
        step    negloglik           mu     sigma.sq           vh 
  3.00000000 123.89013036   1.41050186   0.23729504   0.02987582 
[1] "Now starting analysis"
[1] "Starting with initial values"
       mu  sigma.sq        SE        bt 
1.3034810 0.2372376 0.1186188 1.0000000 
        step    negloglik           mu     sigma.sq           SE           bt 
 1.000000000 45.578231453  1.214385349  0.007337615  0.077138945  1.271157109 
[1] "New improvement found, resetting step counter"
        step    negloglik           mu     sigma.sq           SE           bt 
 2.000000000 45.269320722  1.107331667  0.006317145  0.083946870  1.983711916 
        step    negloglik           mu     sigma.sq           SE           bt 
 3.000000000 45.269320722  1.107331667  0.006317145  0.083946870  1.983711916 
        step    negloglik           mu     sigma.sq           SE           bt 
 4.000000000 45.269320722  1.107331667  0.006317145  0.083946870  1.983711916 
[1] "Now starting analysis"
[1] "Starting with initial values"
       mu  sigma.sq        bt 
1.3034810 0.2372376 1.0000000 
       step   negloglik          mu    sigma.sq          bt 
  1.0000000 123.8807964   1.3034810   0.2372376   1.1303481 
[1] "New improvement found, but slight; taking the best value, but not resetting the step counter"
       step   negloglik          mu    sigma.sq          bt 
  2.0000000 123.8768665   1.3034810   0.2372376   1.2606962 
       step   negloglik          mu    sigma.sq          bt 
  3.0000000 123.8768665   1.3034810   0.2372376   1.2606962 
[1] "Now starting analysis"
[1] "Starting with initial values"
       mu  sigma.sq        SE 
1.3034810 0.2372376 0.1186188 
        step    negloglik           mu     sigma.sq           SE 
 1.000000000 45.910238301  1.334572719  0.007376883  0.078699506 
[1] "New improvement found, resetting step counter"
        step    negloglik           mu     sigma.sq           SE 
 2.000000000 45.892189079  1.222248560  0.007453847  0.080842075 
        step    negloglik           mu     sigma.sq           SE 
 3.000000000 45.892189079  1.222248560  0.007453847  0.080842075 
        step    negloglik           mu     sigma.sq           SE 
 4.000000000 45.892189079  1.222248560  0.007453847  0.080842075 
[1] "Now starting analysis"
[1] "Starting with initial values"
       mu  sigma.sq 
1.3034810 0.2372376 
       step   negloglik          mu    sigma.sq 
  1.0000000 123.8866536   1.3034810   0.2372376 
       step   negloglik          mu    sigma.sq 
  2.0000000 123.8866536   1.3034810   0.2372376 
       step   negloglik          mu    sigma.sq 
  3.0000000 123.8866536   1.3034810   0.2372376 
