000 (066.981.000) 07/26 17:14:46 Job submitted from host: <160.36.155.106:9618?addrs=160.36.155.106-9618&noUDP&sock=27742_4872_4>
...
012 (066.981.000) 08/03 14:16:50 Job was held.
	via condor_hold (by user bomeara)
	Code 1 Subcode 0
...
013 (066.981.000) 08/05 22:27:36 Job was released.
	via condor_release (by user bomeara)
...
012 (066.981.000) 08/09 10:35:36 Job was held.
	via condor_hold (by user bomeara)
	Code 1 Subcode 0
...
013 (066.981.000) 08/09 13:04:55 Job was released.
	via condor_release (by user bomeara)
...
001 (066.981.000) 08/19 06:50:56 Job executing on host: <10.128.151.149:9618?addrs=10.128.151.149-9618&noUDP&sock=21393_65a7_4>
...
006 (066.981.000) 08/19 06:51:05 Image size of job updated: 242932
	238  -  MemoryUsage of job (MB)
	242932  -  ResidentSetSize of job (KB)
...
006 (066.981.000) 08/19 07:01:05 Image size of job updated: 245836
	241  -  MemoryUsage of job (MB)
	245836  -  ResidentSetSize of job (KB)
...
006 (066.981.000) 08/22 05:38:16 Image size of job updated: 248212
	243  -  MemoryUsage of job (MB)
	248212  -  ResidentSetSize of job (KB)
...
005 (066.981.000) 08/27 08:52:45 Job terminated.
	(1) Normal termination (return value 0)
		Usr 8 01:53:38, Sys 0 00:00:35  -  Run Remote Usage
		Usr 0 00:00:00, Sys 0 00:00:00  -  Run Local Usage
		Usr 8 01:53:38, Sys 0 00:00:35  -  Total Remote Usage
		Usr 0 00:00:00, Sys 0 00:00:00  -  Total Local Usage
	32318  -  Run Bytes Sent By Job
	2422  -  Run Bytes Received By Job
	32318  -  Total Bytes Sent By Job
	2422  -  Total Bytes Received By Job
	Partitionable Resources :    Usage  Request Allocated 
	   Cpus                 :     1.00        1         1 
	   Disk (KB)            :    50           4   1811025 
	   Memory (MB)          :   243           1       128 
...
