000 (066.1278.000) 07/26 17:14:46 Job submitted from host: <160.36.155.106:9618?addrs=160.36.155.106-9618&noUDP&sock=27742_4872_4>
...
012 (066.1278.000) 08/03 14:17:05 Job was held.
	via condor_hold (by user bomeara)
	Code 1 Subcode 0
...
013 (066.1278.000) 08/05 22:27:52 Job was released.
	via condor_release (by user bomeara)
...
012 (066.1278.000) 08/09 10:35:56 Job was held.
	via condor_hold (by user bomeara)
	Code 1 Subcode 0
...
013 (066.1278.000) 08/09 13:05:10 Job was released.
	via condor_release (by user bomeara)
...
001 (066.1278.000) 08/31 23:07:04 Job executing on host: <10.130.122.65:9618?addrs=10.130.122.65-9618&noUDP&sock=2440_372c_4>
...
006 (066.1278.000) 08/31 23:07:12 Image size of job updated: 230356
	225  -  MemoryUsage of job (MB)
	230356  -  ResidentSetSize of job (KB)
...
006 (066.1278.000) 08/31 23:12:13 Image size of job updated: 230372
	225  -  MemoryUsage of job (MB)
	230372  -  ResidentSetSize of job (KB)
...
005 (066.1278.000) 09/01 00:15:52 Job terminated.
	(1) Normal termination (return value 0)
		Usr 0 01:08:41, Sys 0 00:00:00  -  Run Remote Usage
		Usr 0 00:00:00, Sys 0 00:00:00  -  Run Local Usage
		Usr 0 01:08:41, Sys 0 00:00:00  -  Total Remote Usage
		Usr 0 00:00:00, Sys 0 00:00:00  -  Total Local Usage
	28792  -  Run Bytes Sent By Job
	2422  -  Run Bytes Received By Job
	28792  -  Total Bytes Sent By Job
	2422  -  Total Bytes Received By Job
	Partitionable Resources :    Usage  Request Allocated 
	   Cpus                 :     1.00        1         1 
	   Disk (KB)            :    46           4    891653 
	   Memory (MB)          :   225           1       128 
...
