000 (066.885.000) 07/26 17:14:46 Job submitted from host: <160.36.155.106:9618?addrs=160.36.155.106-9618&noUDP&sock=27742_4872_4>
...
012 (066.885.000) 08/03 14:16:45 Job was held.
	via condor_hold (by user bomeara)
	Code 1 Subcode 0
...
013 (066.885.000) 08/05 22:27:31 Job was released.
	via condor_release (by user bomeara)
...
012 (066.885.000) 08/09 10:35:30 Job was held.
	via condor_hold (by user bomeara)
	Code 1 Subcode 0
...
013 (066.885.000) 08/09 13:04:50 Job was released.
	via condor_release (by user bomeara)
...
001 (066.885.000) 08/12 07:20:27 Job executing on host: <10.128.121.58:9618?addrs=10.128.121.58-9618&noUDP&sock=2361_0731_4>
...
006 (066.885.000) 08/12 07:20:36 Image size of job updated: 243308
	238  -  MemoryUsage of job (MB)
	243308  -  ResidentSetSize of job (KB)
...
006 (066.885.000) 08/12 07:25:37 Image size of job updated: 243416
	238  -  MemoryUsage of job (MB)
	243416  -  ResidentSetSize of job (KB)
...
006 (066.885.000) 08/12 15:31:28 Image size of job updated: 250624
	245  -  MemoryUsage of job (MB)
	250624  -  ResidentSetSize of job (KB)
...
005 (066.885.000) 08/13 08:36:57 Job terminated.
	(1) Normal termination (return value 0)
		Usr 1 01:14:29, Sys 0 00:00:05  -  Run Remote Usage
		Usr 0 00:00:00, Sys 0 00:00:00  -  Run Local Usage
		Usr 1 01:14:29, Sys 0 00:00:05  -  Total Remote Usage
		Usr 0 00:00:00, Sys 0 00:00:00  -  Total Local Usage
	32501  -  Run Bytes Sent By Job
	2422  -  Run Bytes Received By Job
	32501  -  Total Bytes Sent By Job
	2422  -  Total Bytes Received By Job
	Partitionable Resources :    Usage  Request Allocated 
	   Cpus                 :     1.00        1         1 
	   Disk (KB)            :    50           4    888433 
	   Memory (MB)          :   245           1       128 
...
