000 (066.739.000) 07/26 17:14:46 Job submitted from host: <160.36.155.106:9618?addrs=160.36.155.106-9618&noUDP&sock=27742_4872_4>
...
012 (066.739.000) 08/03 14:16:38 Job was held.
	via condor_hold (by user bomeara)
	Code 1 Subcode 0
...
013 (066.739.000) 08/05 22:27:24 Job was released.
	via condor_release (by user bomeara)
...
012 (066.739.000) 08/09 10:35:20 Job was held.
	via condor_hold (by user bomeara)
	Code 1 Subcode 0
...
013 (066.739.000) 08/09 13:04:43 Job was released.
	via condor_release (by user bomeara)
...
001 (066.739.000) 08/10 04:54:00 Job executing on host: <10.130.210.206:9618?addrs=10.130.210.206-9618&noUDP&sock=76684_6c96_4>
...
006 (066.739.000) 08/10 04:54:08 Image size of job updated: 233680
	229  -  MemoryUsage of job (MB)
	233680  -  ResidentSetSize of job (KB)
...
006 (066.739.000) 08/10 04:59:08 Image size of job updated: 251376
	246  -  MemoryUsage of job (MB)
	251376  -  ResidentSetSize of job (KB)
...
005 (066.739.000) 08/10 14:59:44 Job terminated.
	(1) Normal termination (return value 1)
		Usr 0 10:04:46, Sys 0 00:00:06  -  Run Remote Usage
		Usr 0 00:00:00, Sys 0 00:00:00  -  Run Local Usage
		Usr 0 10:04:46, Sys 0 00:00:06  -  Total Remote Usage
		Usr 0 00:00:00, Sys 0 00:00:00  -  Total Local Usage
	3752  -  Run Bytes Sent By Job
	2422  -  Run Bytes Received By Job
	3752  -  Total Bytes Sent By Job
	2422  -  Total Bytes Received By Job
	Partitionable Resources :    Usage  Request Allocated 
	   Cpus                 :     1.00        1         1 
	   Disk (KB)            :    22           4    813884 
	   Memory (MB)          :   246           1       128 
...
