000 (066.300.000) 07/26 17:14:46 Job submitted from host: <160.36.155.106:9618?addrs=160.36.155.106-9618&noUDP&sock=27742_4872_4>
...
001 (066.300.000) 07/27 06:23:02 Job executing on host: <160.36.154.249:9618?addrs=160.36.154.249-9618&noUDP&sock=66431_b80f_4>
...
006 (066.300.000) 07/27 06:23:10 Image size of job updated: 230480
	226  -  MemoryUsage of job (MB)
	230480  -  ResidentSetSize of job (KB)
...
006 (066.300.000) 07/27 06:28:10 Image size of job updated: 230492
	226  -  MemoryUsage of job (MB)
	230492  -  ResidentSetSize of job (KB)
...
005 (066.300.000) 07/27 07:33:32 Job terminated.
	(1) Normal termination (return value 1)
		Usr 0 01:10:21, Sys 0 00:00:00  -  Run Remote Usage
		Usr 0 00:00:00, Sys 0 00:00:00  -  Run Local Usage
		Usr 0 01:10:21, Sys 0 00:00:00  -  Total Remote Usage
		Usr 0 00:00:00, Sys 0 00:00:00  -  Total Local Usage
	2285  -  Run Bytes Sent By Job
	2422  -  Run Bytes Received By Job
	2285  -  Total Bytes Sent By Job
	2422  -  Total Bytes Received By Job
	Partitionable Resources :    Usage  Request Allocated 
	   Cpus                 :     1.00        1         1 
	   Disk (KB)            :    20           4    202517 
	   Memory (MB)          :   226           1       128 
...
