[1] "args"
[1] "66"  "352"
[1] "Now starting analysis"
[1] "Starting with initial values"
        mu   sigma.sq         SE         bt         vh 
0.80285294 0.10023533 0.05011766 1.00000000 0.05011766 
        step    negloglik           mu     sigma.sq           SE           bt 
1.000000e+00 2.368054e+01 5.166018e-01 2.007498e-02 6.955764e-02 1.217521e+00 
          vh 
5.287836e-05 
[1] "New improvement found, resetting step counter"
        step    negloglik           mu     sigma.sq           SE           bt 
 2.000000000 23.323558338 -0.083402224  0.016403759  0.089224162  1.424231586 
          vh 
 0.006427344 
        step    negloglik           mu     sigma.sq           SE           bt 
 3.000000000 23.323558338 -0.083402224  0.016403759  0.089224162  1.424231586 
          vh 
 0.006427344 
        step    negloglik           mu     sigma.sq           SE           bt 
 4.000000000 23.323558338 -0.083402224  0.016403759  0.089224162  1.424231586 
          vh 
 0.006427344 
[1] "Now starting analysis"
[1] "Starting with initial values"
        mu   sigma.sq         bt         vh 
0.80285294 0.10023533 1.00000000 0.05011766 
        step    negloglik           mu     sigma.sq           bt           vh 
 1.000000000 31.978514494  0.805852776  0.107488719  1.220937403  0.006015798 
        step    negloglik           mu     sigma.sq           bt           vh 
 2.000000000 31.978514494  0.805852776  0.107488719  1.220937403  0.006015798 
[1] "New improvement found, resetting step counter"
        step    negloglik           mu     sigma.sq           bt           vh 
 3.000000000 31.964480160  0.765732961  0.104889398  1.223341532  0.007197112 
        step    negloglik           mu     sigma.sq           bt           vh 
 4.000000000 31.964480160  0.765732961  0.104889398  1.223341532  0.007197112 
        step    negloglik           mu     sigma.sq           bt           vh 
 5.000000000 31.964480160  0.765732961  0.104889398  1.223341532  0.007197112 
[1] "Now starting analysis"
[1] "Starting with initial values"
        mu   sigma.sq         SE         vh 
0.80285294 0.10023533 0.05011766 0.05011766 
       step   negloglik          mu    sigma.sq          SE          vh 
 1.00000000 24.44613672  0.86727974  0.02120735  0.07536707  0.12795933 
[1] "New improvement found, resetting step counter"
       step   negloglik          mu    sigma.sq          SE          vh 
 2.00000000 24.38447299  0.89168779  0.01888403  0.07764297  0.23367486 
       step   negloglik          mu    sigma.sq          SE          vh 
 3.00000000 24.38447299  0.89168779  0.01888403  0.07764297  0.23367486 
       step   negloglik          mu    sigma.sq          SE          vh 
 4.00000000 24.38447299  0.89168779  0.01888403  0.07764297  0.23367486 
[1] "Now starting analysis"
[1] "Starting with initial values"
        mu   sigma.sq         vh 
0.80285294 0.10023533 0.05011766 
        step    negloglik           mu     sigma.sq           vh 
 1.000000000 32.170885723  0.896500185  0.107698403  0.007010091 
        step    negloglik           mu     sigma.sq           vh 
 2.000000000 32.170885723  0.896500185  0.107698403  0.007010091 
        step    negloglik           mu     sigma.sq           vh 
 3.000000000 32.170885723  0.896500185  0.107698403  0.007010091 
[1] "Now starting analysis"
[1] "Starting with initial values"
        mu   sigma.sq         SE         bt 
0.80285294 0.10023533 0.05011766 1.00000000 
       step   negloglik          mu    sigma.sq          SE          bt 
 1.00000000 23.79655227  0.74727605  0.02037449  0.07380090  1.22323792 
[1] "New improvement found, resetting step counter"
       step   negloglik          mu    sigma.sq          SE          bt 
 2.00000000 23.68598368  0.63067859  0.02263521  0.07107862  1.23677691 
[1] "New improvement found, resetting step counter"
       step   negloglik          mu    sigma.sq          SE          bt 
 3.00000000 23.29989859 -0.07523851  0.01821108  0.08878800  1.41280680 
       step   negloglik          mu    sigma.sq          SE          bt 
 4.00000000 23.29989859 -0.07523851  0.01821108  0.08878800  1.41280680 
       step   negloglik          mu    sigma.sq          SE          bt 
 5.00000000 23.29989859 -0.07523851  0.01821108  0.08878800  1.41280680 
[1] "Now starting analysis"
[1] "Starting with initial values"
       mu  sigma.sq        bt 
0.8028529 0.1002353 1.0000000 
      step  negloglik         mu   sigma.sq         bt 
 1.0000000 31.9509909  0.7855947  0.1026273  1.2037294 
      step  negloglik         mu   sigma.sq         bt 
 2.0000000 31.9509909  0.7855947  0.1026273  1.2037294 
      step  negloglik         mu   sigma.sq         bt 
 3.0000000 31.9509909  0.7855947  0.1026273  1.2037294 
[1] "Now starting analysis"
[1] "Starting with initial values"
        mu   sigma.sq         SE 
0.80285294 0.10023533 0.05011766 
       step   negloglik          mu    sigma.sq          SE 
 1.00000000 24.72833640  0.81727049  0.02604063  0.07370979 
[1] "New improvement found, resetting step counter"
       step   negloglik          mu    sigma.sq          SE 
 2.00000000 24.71392547  0.89899754  0.02604063  0.07370979 
       step   negloglik          mu    sigma.sq          SE 
 3.00000000 24.71392547  0.89899754  0.02604063  0.07370979 
       step   negloglik          mu    sigma.sq          SE 
 4.00000000 24.71392547  0.89899754  0.02604063  0.07370979 
[1] "Now starting analysis"
[1] "Starting with initial values"
       mu  sigma.sq 
0.8028529 0.1002353 
      step  negloglik         mu   sigma.sq 
 1.0000000 32.1701600  0.8379778  0.1102710 
[1] "New improvement found, but slight; taking the best value, but not resetting the step counter"
      step  negloglik         mu   sigma.sq 
 2.0000000 32.1681303  0.9217755  0.1102710 
      step  negloglik         mu   sigma.sq 
 3.0000000 32.1681303  0.9217755  0.1102710 
