Registered S3 method overwritten by 'geiger':
  method            from
  unique.multiPhylo ape 
Error in stats::optim(par = starting.values, fn = TryComputeLikelihood,  : 
  non-finite value supplied by optim
Calls: DoRunTemplated -> <Anonymous> -> OptimizeThoroughly -> <Anonymous>
In addition: Warning messages:
1: In ScaleAllEdges(phy.graph = phy.graph, sigma.sq = sigma.sq, mu = mu,  :
  Some of the edges were negative in length. If this is tiny, don't worry about it; if not, do. The negative edge with largest magnitude was -1.81587393004439. We are converting all of the negative edges to zero length.
2: In ScaleAllEdges(phy.graph = phy.graph, sigma.sq = sigma.sq, mu = mu,  :
  Some of the edges were negative in length. If this is tiny, don't worry about it; if not, do. The negative edge with largest magnitude was -0.775983584532432. We are converting all of the negative edges to zero length.
3: In ScaleAllEdges(phy.graph = phy.graph, sigma.sq = sigma.sq, mu = mu,  :
  Some of the edges were negative in length. If this is tiny, don't worry about it; if not, do. The negative edge with largest magnitude was -0.285635290841025. We are converting all of the negative edges to zero length.
4: In ScaleAllEdges(phy.graph = phy.graph, sigma.sq = sigma.sq, mu = mu,  :
  Some of the edges were negative in length. If this is tiny, don't worry about it; if not, do. The negative edge with largest magnitude was -0.0503561005906921. We are converting all of the negative edges to zero length.
5: In ScaleAllEdges(phy.graph = phy.graph, sigma.sq = sigma.sq, mu = mu,  :
  Some of the edges were negative in length. If this is tiny, don't worry about it; if not, do. The negative edge with largest magnitude was -1.9222945792456. We are converting all of the negative edges to zero length.
6: In ScaleAllEdges(phy.graph = phy.graph, sigma.sq = sigma.sq, mu = mu,  :
  Some of the edges were negative in length. If this is tiny, don't worry about it; if not, do. The negative edge with largest magnitude was -0.830135639632021. We are converting all of the negative edges to zero length.
7: In ScaleAllEdges(phy.graph = phy.graph, sigma.sq = sigma.sq, mu = mu,  :
  Some of the edges were negative in length. If this is tiny, don't worry about it; if not, do. The negative edge with largest magnitude was -0.315140693491155. We are converting all of the negative edges to zero length.
8: In ScaleAllEdges(phy.graph = phy.graph, sigma.sq = sigma.sq, mu = mu,  :
  Some of the edges were negative in length. If this is tiny, don't worry about it; if not, do. The negative edge with largest magnitude was -0.0680355327922763. We are converting all of the negative edges to zero length.
9: In stats::runif(length(starting.values), min = starting.values -  :
  NAs produced
Execution halted
