[1] "args"
[1] "66"  "483"
[1] "Now starting analysis"
[1] "Starting with initial values"
       mu  sigma.sq        SE        bt        vh 
0.6824509 0.2261313 0.1130656 1.0000000 0.1130656 
        step    negloglik           mu     sigma.sq           SE           bt 
 1.000000000 45.933055732  0.730220589  0.002942999  0.098562285  1.173652855 
          vh 
 0.186928348 
[1] "New improvement found, resetting step counter"
        step    negloglik           mu     sigma.sq           SE           bt 
 2.000000000 44.703056793  0.451362630  0.002412193  0.104015335  1.202246369 
          vh 
 0.003451042 
        step    negloglik           mu     sigma.sq           SE           bt 
 3.000000000 44.703056793  0.451362630  0.002412193  0.104015335  1.202246369 
          vh 
 0.003451042 
        step    negloglik           mu     sigma.sq           SE           bt 
 4.000000000 44.703056793  0.451362630  0.002412193  0.104015335  1.202246369 
          vh 
 0.003451042 
[1] "Now starting analysis"
[1] "Starting with initial values"
       mu  sigma.sq        bt        vh 
0.6824509 0.2261313 1.0000000 0.1130656 
       step   negloglik          mu    sigma.sq          bt          vh 
  1.0000000 126.8973399   0.6824509   0.2261313   1.1000000   0.1130656 
[1] "New improvement found, but slight; taking the best value, but not resetting the step counter"
       step   negloglik          mu    sigma.sq          bt          vh 
  2.0000000 126.8933829   0.6824509   0.2261313   1.2100000   0.1130656 
       step   negloglik          mu    sigma.sq          bt          vh 
  3.0000000 126.8933829   0.6824509   0.2261313   1.2100000   0.1130656 
[1] "Now starting analysis"
[1] "Starting with initial values"
       mu  sigma.sq        SE        vh 
0.6824509 0.2261313 0.1130656 0.1130656 
        step    negloglik           mu     sigma.sq           SE           vh 
 1.000000000 45.989696962  0.783976909  0.003268062  0.101167047  0.118506724 
[1] "New improvement found, resetting step counter"
        step    negloglik           mu     sigma.sq           SE           vh 
 2.000000000 45.566108883  0.604593077  0.003153217  0.098836615  0.058199517 
        step    negloglik           mu     sigma.sq           SE           vh 
 3.000000000 45.566108883  0.604593077  0.003153217  0.098836615  0.058199517 
[1] "New improvement found, but slight; taking the best value, but not resetting the step counter"
        step    negloglik           mu     sigma.sq           SE           vh 
 4.000000000 45.557116441  0.623874684  0.003148858  0.101528304  0.035441608 
[1] "Now starting analysis"
[1] "Starting with initial values"
       mu  sigma.sq        vh 
0.6824509 0.2261313 0.1130656 
       step   negloglik          mu    sigma.sq          vh 
  1.0000000 126.9177760   0.6824509   0.2261313   0.1130656 
       step   negloglik          mu    sigma.sq          vh 
  2.0000000 126.9177760   0.6824509   0.2261313   0.1130656 
       step   negloglik          mu    sigma.sq          vh 
  3.0000000 126.9177760   0.6824509   0.2261313   0.1130656 
[1] "Now starting analysis"
[1] "Starting with initial values"
       mu  sigma.sq        SE        bt 
0.6824509 0.2261313 0.1130656 1.0000000 
        step    negloglik           mu     sigma.sq           SE           bt 
 1.000000000 45.502540505  0.730309963  0.003695089  0.098623020  1.238950590 
[1] "New improvement found, resetting step counter"
        step    negloglik           mu     sigma.sq           SE           bt 
 2.000000000 44.706744989  0.379320633  0.002922645  0.102696502  1.205416669 
[1] "New improvement found, resetting step counter"
        step    negloglik           mu     sigma.sq           SE           bt 
 3.000000000 44.654595194  0.469064118  0.002917942  0.100250412  1.196825629 
        step    negloglik           mu     sigma.sq           SE           bt 
 4.000000000 44.654595194  0.469064118  0.002917942  0.100250412  1.196825629 
        step    negloglik           mu     sigma.sq           SE           bt 
 5.000000000 44.654595194  0.469064118  0.002917942  0.100250412  1.196825629 
[1] "Now starting analysis"
[1] "Starting with initial values"
       mu  sigma.sq        bt 
0.6824509 0.2261313 1.0000000 
       step   negloglik          mu    sigma.sq          bt 
  1.0000000 126.8318913   0.6824509   0.2261313   1.1000000 
[1] "New improvement found, but slight; taking the best value, but not resetting the step counter"
       step   negloglik          mu    sigma.sq          bt 
  2.0000000 126.8277450   0.6824509   0.2261313   1.2100000 
       step   negloglik          mu    sigma.sq          bt 
  3.0000000 126.8277450   0.6824509   0.2261313   1.2100000 
[1] "Now starting analysis"
[1] "Starting with initial values"
       mu  sigma.sq        SE 
0.6824509 0.2261313 0.1130656 
        step    negloglik           mu     sigma.sq           SE 
 1.000000000 45.747141582  0.743784528  0.004055745  0.097649609 
[1] "New improvement found, resetting step counter"
        step    negloglik           mu     sigma.sq           SE 
 2.000000000 45.668049224  0.611955661  0.003459867  0.097446499 
        step    negloglik           mu     sigma.sq           SE 
 3.000000000 45.668049224  0.611955661  0.003459867  0.097446499 
        step    negloglik           mu     sigma.sq           SE 
 4.000000000 45.668049224  0.611955661  0.003459867  0.097446499 
[1] "Now starting analysis"
[1] "Starting with initial values"
       mu  sigma.sq 
0.6824509 0.2261313 
       step   negloglik          mu    sigma.sq 
  1.0000000 126.8532066   0.6824509   0.2261313 
       step   negloglik          mu    sigma.sq 
  2.0000000 126.8532066   0.6824509   0.2261313 
       step   negloglik          mu    sigma.sq 
  3.0000000 126.8532066   0.6824509   0.2261313 
