[1] "args"
[1] "66"   "1229"
[1] "Now starting analysis"
[1] "Starting with initial values"
         mu    sigma.sq          SE          bt          vh 
0.731951371 0.011141857 0.005570929 1.000000000 0.005570929 
         step     negloglik            mu      sigma.sq            SE 
 1.000000e+00 -4.112965e+01  7.758992e-01  1.086483e-02  5.643080e-08 
           bt            vh 
 9.318177e-01  1.022756e-01 
[1] "New improvement found, resetting step counter"
         step     negloglik            mu      sigma.sq            SE 
 2.000000e+00 -4.240748e+01  8.714593e-01  1.086762e-02  3.208334e-06 
           bt            vh 
 9.056845e-01  8.967535e-04 
         step     negloglik            mu      sigma.sq            SE 
 3.000000e+00 -4.240748e+01  8.714593e-01  1.086762e-02  3.208334e-06 
           bt            vh 
 9.056845e-01  8.967535e-04 
         step     negloglik            mu      sigma.sq            SE 
 4.000000e+00 -4.240748e+01  8.714593e-01  1.086762e-02  3.208334e-06 
           bt            vh 
 9.056845e-01  8.967535e-04 
[1] "Now starting analysis"
[1] "Starting with initial values"
         mu    sigma.sq          bt          vh 
0.731951371 0.011141857 1.000000000 0.005570929 
         step     negloglik            mu      sigma.sq            bt 
 1.000000e+00 -4.247583e+01  9.586466e-01  1.139429e-02  8.836299e-01 
           vh 
 8.120493e-04 
[1] "New improvement found, resetting step counter"
         step     negloglik            mu      sigma.sq            bt 
 2.000000e+00 -4.248901e+01  1.054511e+00  1.139429e-02  8.836299e-01 
           vh 
 8.120493e-04 
[1] "New improvement found, resetting step counter"
         step     negloglik            mu      sigma.sq            bt 
 3.000000e+00 -4.250016e+01  1.019609e+00  1.095813e-02  8.826630e-01 
           vh 
 7.915585e-04 
[1] "New improvement found, resetting step counter"
         step     negloglik            mu      sigma.sq            bt 
 4.000000e+00 -4.251396e+01  1.023845e+00  1.113412e-02  8.783442e-01 
           vh 
 1.664335e-04 
         step     negloglik            mu      sigma.sq            bt 
 5.000000e+00 -4.251396e+01  1.023845e+00  1.113412e-02  8.783442e-01 
           vh 
 1.664335e-04 
         step     negloglik            mu      sigma.sq            bt 
 6.000000e+00 -4.251396e+01  1.023845e+00  1.113412e-02  8.783442e-01 
           vh 
 1.664335e-04 
[1] "Now starting analysis"
[1] "Starting with initial values"
         mu    sigma.sq          SE          vh 
0.731951371 0.011141857 0.005570929 0.005570929 
         step     negloglik            mu      sigma.sq            SE 
 1.000000e+00 -4.132209e+01  8.238700e-01  1.141162e-02  7.091207e-07 
           vh 
 4.475390e-02 
[1] "New improvement found, resetting step counter"
         step     negloglik            mu      sigma.sq            SE 
 2.000000e+00 -4.162171e+01  7.616018e-01  1.142313e-02  1.834625e-05 
           vh 
 1.418466e-04 
         step     negloglik            mu      sigma.sq            SE 
 3.000000e+00 -4.162171e+01  7.616018e-01  1.142313e-02  1.834625e-05 
           vh 
 1.418466e-04 
         step     negloglik            mu      sigma.sq            SE 
 4.000000e+00 -4.162171e+01  7.616018e-01  1.142313e-02  1.834625e-05 
           vh 
 1.418466e-04 
[1] "Now starting analysis"
[1] "Starting with initial values"
         mu    sigma.sq          vh 
0.731951371 0.011141857 0.005570929 
         step     negloglik            mu      sigma.sq            vh 
  1.000000000 -41.623564727   0.731951371   0.011141857   0.005570929 
         step     negloglik            mu      sigma.sq            vh 
  2.000000000 -41.623564727   0.731951371   0.011141857   0.005570929 
         step     negloglik            mu      sigma.sq            vh 
  3.000000000 -41.623564727   0.731951371   0.011141857   0.005570929 
[1] "Now starting analysis"
[1] "Starting with initial values"
         mu    sigma.sq          SE          bt 
0.731951371 0.011141857 0.005570929 1.000000000 
         step     negloglik            mu      sigma.sq            SE 
 1.000000e+00 -4.181644e+01  6.283646e-01  1.045011e-02  1.602966e-05 
           bt 
 8.802895e-01 
[1] "New improvement found, resetting step counter"
         step     negloglik            mu      sigma.sq            SE 
 2.000000e+00 -4.219542e+01  7.736863e-01  1.044120e-02  1.735265e-06 
           bt 
 8.848269e-01 
[1] "New improvement found, resetting step counter"
         step     negloglik            mu      sigma.sq            SE 
 3.000000e+00 -4.232584e+01  8.539209e-01  1.050791e-02  2.132119e-06 
           bt 
 9.122847e-01 
         step     negloglik            mu      sigma.sq            SE 
 4.000000e+00 -4.232584e+01  8.539209e-01  1.050791e-02  2.132119e-06 
           bt 
 9.122847e-01 
         step     negloglik            mu      sigma.sq            SE 
 5.000000e+00 -4.232584e+01  8.539209e-01  1.050791e-02  2.132119e-06 
           bt 
 9.122847e-01 
[1] "Now starting analysis"
[1] "Starting with initial values"
        mu   sigma.sq         bt 
0.73195137 0.01114186 1.00000000 
        step    negloglik           mu     sigma.sq           bt 
  1.00000000 -42.31288203   0.81046338   0.01171694   0.91740090 
[1] "New improvement found, resetting step counter"
        step    negloglik           mu     sigma.sq           bt 
  2.00000000 -42.44969119   0.93623437   0.01155767   0.88007840 
        step    negloglik           mu     sigma.sq           bt 
  3.00000000 -42.44969119   0.93623437   0.01155767   0.88007840 
[1] "New improvement found, resetting step counter"
        step    negloglik           mu     sigma.sq           bt 
  4.00000000 -42.49184762   0.97101681   0.01100718   0.87454255 
        step    negloglik           mu     sigma.sq           bt 
  5.00000000 -42.49184762   0.97101681   0.01100718   0.87454255 
        step    negloglik           mu     sigma.sq           bt 
  6.00000000 -42.49184762   0.97101681   0.01100718   0.87454255 
[1] "Now starting analysis"
[1] "Starting with initial values"
         mu    sigma.sq          SE 
0.731951371 0.011141857 0.005570929 
         step     negloglik            mu      sigma.sq            SE 
 1.000000e+00 -4.166919e+01  7.689470e-01  1.123237e-02  1.652816e-06 
         step     negloglik            mu      sigma.sq            SE 
 2.000000e+00 -4.166919e+01  7.689470e-01  1.123237e-02  1.652816e-06 
         step     negloglik            mu      sigma.sq            SE 
 3.000000e+00 -4.166919e+01  7.689470e-01  1.123237e-02  1.652816e-06 
[1] "Now starting analysis"
[1] "Starting with initial values"
        mu   sigma.sq 
0.73195137 0.01114186 
        step    negloglik           mu     sigma.sq 
  1.00000000 -41.67045548   0.73195137   0.01114186 
        step    negloglik           mu     sigma.sq 
  2.00000000 -41.67045548   0.73195137   0.01114186 
        step    negloglik           mu     sigma.sq 
  3.00000000 -41.67045548   0.73195137   0.01114186 
