000 (066.1717.000) 07/26 17:14:46 Job submitted from host: <160.36.155.106:9618?addrs=160.36.155.106-9618&noUDP&sock=27742_4872_4>
...
012 (066.1717.000) 08/03 14:17:27 Job was held.
	via condor_hold (by user bomeara)
	Code 1 Subcode 0
...
013 (066.1717.000) 08/05 22:28:14 Job was released.
	via condor_release (by user bomeara)
...
012 (066.1717.000) 08/09 10:36:25 Job was held.
	via condor_hold (by user bomeara)
	Code 1 Subcode 0
...
013 (066.1717.000) 08/09 13:05:33 Job was released.
	via condor_release (by user bomeara)
...
012 (066.1717.000) 09/23 13:38:00 Job was held.
	via condor_hold (by user bomeara)
	Code 1 Subcode 0
...
013 (066.1717.000) 09/24 14:49:49 Job was released.
	via condor_release (by user bomeara)
...
001 (066.1717.000) 10/01 12:03:01 Job executing on host: <10.128.106.188:9618?addrs=10.128.106.188-9618&noUDP&sock=2100_00f9_4>
...
006 (066.1717.000) 10/01 12:03:10 Image size of job updated: 234920
	230  -  MemoryUsage of job (MB)
	234920  -  ResidentSetSize of job (KB)
...
006 (066.1717.000) 10/01 12:08:11 Image size of job updated: 251080
	246  -  MemoryUsage of job (MB)
	251080  -  ResidentSetSize of job (KB)
...
005 (066.1717.000) 10/01 16:56:17 Job terminated.
	(1) Normal termination (return value 0)
		Usr 0 04:52:45, Sys 0 00:00:01  -  Run Remote Usage
		Usr 0 00:00:00, Sys 0 00:00:00  -  Run Local Usage
		Usr 0 04:52:45, Sys 0 00:00:01  -  Total Remote Usage
		Usr 0 00:00:00, Sys 0 00:00:00  -  Total Local Usage
	31204  -  Run Bytes Sent By Job
	2422  -  Run Bytes Received By Job
	31204  -  Total Bytes Sent By Job
	2422  -  Total Bytes Received By Job
	Partitionable Resources :    Usage  Request Allocated 
	   Cpus                 :     1.00        1         1 
	   Disk (KB)            :    48           4    891763 
	   Memory (MB)          :   246           1       128 
...
