[1] "args"
[1] "66"   "1488"
[1] "Now starting analysis"
[1] "Starting with initial values"
        mu   sigma.sq         SE         bt         vh 
2.07267899 0.12741827 0.06370914 1.00000000 0.06370914 
        step    negloglik           mu     sigma.sq           SE           bt 
1.000000e+00 9.431978e-01 1.820454e+00 9.513475e-08 5.513029e-02 1.117218e+00 
          vh 
4.800277e-01 
[1] "New improvement found, resetting step counter"
         step     negloglik            mu      sigma.sq            SE 
 2.000000e+00 -8.646978e-01  1.820455e+00  1.002099e-08  5.512801e-02 
           bt            vh 
 1.658524e+00  6.633670e-05 
         step     negloglik            mu      sigma.sq            SE 
 3.000000e+00 -8.646978e-01  1.820455e+00  1.002099e-08  5.512801e-02 
           bt            vh 
 1.658524e+00  6.633670e-05 
         step     negloglik            mu      sigma.sq            SE 
 4.000000e+00 -8.646978e-01  1.820455e+00  1.002099e-08  5.512801e-02 
           bt            vh 
 1.658524e+00  6.633670e-05 
[1] "Now starting analysis"
[1] "Starting with initial values"
        mu   sigma.sq         bt         vh 
2.07267899 0.12741827 1.00000000 0.06370914 
       step   negloglik          mu    sigma.sq          bt          vh 
 1.00000000 22.92294528  2.07267899  0.12741827  1.20726790  0.06370914 
[1] "New improvement found, but slight; taking the best value, but not resetting the step counter"
       step   negloglik          mu    sigma.sq          bt          vh 
 2.00000000 22.91952627  2.07267899  0.12741827  1.41453580  0.06370914 
       step   negloglik          mu    sigma.sq          bt          vh 
 3.00000000 22.91952627  2.07267899  0.12741827  1.41453580  0.06370914 
[1] "Now starting analysis"
[1] "Starting with initial values"
        mu   sigma.sq         SE         vh 
2.07267899 0.12741827 0.06370914 0.06370914 
        step    negloglik           mu     sigma.sq           SE           vh 
1.000000e+00 9.834036e-01 1.811088e+00 1.203480e-06 5.476348e-02 3.083108e-01 
[1] "New improvement found, resetting step counter"
        step    negloglik           mu     sigma.sq           SE           vh 
2.000000e+00 9.663748e-01 1.811103e+00 2.545779e-08 5.475816e-02 2.477071e-01 
        step    negloglik           mu     sigma.sq           SE           vh 
3.000000e+00 9.663748e-01 1.811103e+00 2.545779e-08 5.475816e-02 2.477071e-01 
        step    negloglik           mu     sigma.sq           SE           vh 
4.000000e+00 9.663748e-01 1.811103e+00 2.545779e-08 5.475816e-02 2.477071e-01 
[1] "Now starting analysis"
[1] "Starting with initial values"
        mu   sigma.sq         vh 
2.07267899 0.12741827 0.06370914 
       step   negloglik          mu    sigma.sq          vh 
 1.00000000 22.93508051  2.07267899  0.12741827  0.06370914 
       step   negloglik          mu    sigma.sq          vh 
 2.00000000 22.93508051  2.07267899  0.12741827  0.06370914 
       step   negloglik          mu    sigma.sq          vh 
 3.00000000 22.93508051  2.07267899  0.12741827  0.06370914 
[1] "Now starting analysis"
[1] "Starting with initial values"
        mu   sigma.sq         SE         bt 
2.07267899 0.12741827 0.06370914 1.00000000 
        step    negloglik           mu     sigma.sq           SE           bt 
1.000000e+00 6.863058e-01 1.860077e+00 3.595194e-07 5.425964e-02 1.298020e+00 
[1] "New improvement found, resetting step counter"
         step     negloglik            mu      sigma.sq            SE 
 2.000000e+00 -5.207738e-01  1.859783e+00  1.617975e-08  5.518880e-02 
           bt 
 1.599532e+00 
         step     negloglik            mu      sigma.sq            SE 
 3.000000e+00 -5.207738e-01  1.859783e+00  1.617975e-08  5.518880e-02 
           bt 
 1.599532e+00 
[1] "New improvement found, resetting step counter"
         step     negloglik            mu      sigma.sq            SE 
 4.000000e+00 -6.730370e-01  1.819915e+00  4.909514e-08  6.198391e-02 
           bt 
 1.614582e+00 
         step     negloglik            mu      sigma.sq            SE 
 5.000000e+00 -6.730370e-01  1.819915e+00  4.909514e-08  6.198391e-02 
           bt 
 1.614582e+00 
[1] "New improvement found, resetting step counter"
         step     negloglik            mu      sigma.sq            SE 
 6.000000e+00 -8.804802e-01  1.809668e+00  5.832823e-07  5.172097e-02 
           bt 
 1.673938e+00 
         step     negloglik            mu      sigma.sq            SE 
 7.000000e+00 -8.804802e-01  1.809668e+00  5.832823e-07  5.172097e-02 
           bt 
 1.673938e+00 
         step     negloglik            mu      sigma.sq            SE 
 8.000000e+00 -8.804802e-01  1.809668e+00  5.832823e-07  5.172097e-02 
           bt 
 1.673938e+00 
[1] "Now starting analysis"
[1] "Starting with initial values"
       mu  sigma.sq        bt 
2.0726790 0.1274183 1.0000000 
      step  negloglik         mu   sigma.sq         bt 
 1.0000000 22.9150663  2.0726790  0.1274183  1.2072679 
[1] "New improvement found, but slight; taking the best value, but not resetting the step counter"
      step  negloglik         mu   sigma.sq         bt 
 2.0000000 22.9115926  2.0726790  0.1274183  1.4145358 
      step  negloglik         mu   sigma.sq         bt 
 3.0000000 22.9115926  2.0726790  0.1274183  1.4145358 
[1] "Now starting analysis"
[1] "Starting with initial values"
        mu   sigma.sq         SE 
2.07267899 0.12741827 0.06370914 
        step    negloglik           mu     sigma.sq           SE 
1.0000000000 3.2864612083 2.0010078270 0.0007827423 0.0566513616 
[1] "New improvement found, resetting step counter"
        step    negloglik           mu     sigma.sq           SE 
2.0000000000 3.2442246291 2.0361050068 0.0009187057 0.0574532944 
        step    negloglik           mu     sigma.sq           SE 
3.0000000000 3.2442246291 2.0361050068 0.0009187057 0.0574532944 
[1] "New improvement found, but slight; taking the best value, but not resetting the step counter"
       step   negloglik          mu    sigma.sq          SE 
4.000000000 3.242165291 2.052894566 0.000963713 0.056710167 
[1] "Now starting analysis"
[1] "Starting with initial values"
       mu  sigma.sq 
2.0726790 0.1274183 
      step  negloglik         mu   sigma.sq 
 1.0000000 22.9273956  2.0726790  0.1274183 
      step  negloglik         mu   sigma.sq 
 2.0000000 22.9273956  2.0726790  0.1274183 
      step  negloglik         mu   sigma.sq 
 3.0000000 22.9273956  2.0726790  0.1274183 
