[1] "args"
[1] "66"  "192"
[1] "Now starting analysis"
[1] "Starting with initial values"
        mu   sigma.sq         SE         bt         vh 
0.35808491 0.08395697 0.04197848 1.00000000 0.04197848 
       step   negloglik          mu    sigma.sq          SE          bt 
1.000000000 9.268138434 0.349080931 0.003173220 0.073734539 0.943014881 
         vh 
0.002223624 
[1] "New improvement found, resetting step counter"
       step   negloglik          mu    sigma.sq          SE          bt 
2.000000000 9.235031169 0.366506497 0.002965619 0.072716032 1.012721192 
         vh 
0.002135822 
[1] "New improvement found, but slight; taking the best value, but not resetting the step counter"
        step    negloglik           mu     sigma.sq           SE           bt 
3.0000000000 9.2270172162 0.3698142816 0.0030039354 0.0732931915 1.0279626589 
          vh 
0.0001968329 
        step    negloglik           mu     sigma.sq           SE           bt 
4.0000000000 9.2270172162 0.3698142816 0.0030039354 0.0732931915 1.0279626589 
          vh 
0.0001968329 
[1] "Now starting analysis"
[1] "Starting with initial values"
        mu   sigma.sq         bt         vh 
0.35808491 0.08395697 1.00000000 0.04197848 
       step   negloglik          mu    sigma.sq          bt          vh 
 1.00000000 23.46419571  0.35808491  0.08395697  1.00000000  0.04197848 
       step   negloglik          mu    sigma.sq          bt          vh 
 2.00000000 23.46419571  0.35808491  0.08395697  1.00000000  0.04197848 
[1] "New improvement found, but slight; taking the best value, but not resetting the step counter"
       step   negloglik          mu    sigma.sq          bt          vh 
 3.00000000 23.46392322  0.34744191  0.08447974  1.01513208  0.03889361 
[1] "Now starting analysis"
[1] "Starting with initial values"
        mu   sigma.sq         SE         vh 
0.35808491 0.08395697 0.04197848 0.04197848 
       step   negloglik          mu    sigma.sq          SE          vh 
1.000000000 9.541783411 0.380205206 0.003268763 0.071490589 0.078101399 
[1] "New improvement found, resetting step counter"
        step    negloglik           mu     sigma.sq           SE           vh 
2.0000000000 9.2473643829 0.4325502854 0.0030749528 0.0715523820 0.0005263602 
[1] "New improvement found, resetting step counter"
       step   negloglik          mu    sigma.sq          SE          vh 
3.000000000 9.222582720 0.414368286 0.002251283 0.077796242 0.000784639 
[1] "New improvement found, but slight; taking the best value, but not resetting the step counter"
        step    negloglik           mu     sigma.sq           SE           vh 
4.0000000000 9.2204558581 0.4161071359 0.0026666636 0.0767475339 0.0003452508 
        step    negloglik           mu     sigma.sq           SE           vh 
5.0000000000 9.2204558581 0.4161071359 0.0026666636 0.0767475339 0.0003452508 
[1] "Now starting analysis"
[1] "Starting with initial values"
        mu   sigma.sq         vh 
0.35808491 0.08395697 0.04197848 
       step   negloglik          mu    sigma.sq          vh 
 1.00000000 23.46419571  0.35808491  0.08395697  0.04197848 
       step   negloglik          mu    sigma.sq          vh 
 2.00000000 23.46419571  0.35808491  0.08395697  0.04197848 
       step   negloglik          mu    sigma.sq          vh 
 3.00000000 23.46419571  0.35808491  0.08395697  0.04197848 
[1] "Now starting analysis"
[1] "Starting with initial values"
        mu   sigma.sq         SE         bt 
0.35808491 0.08395697 0.04197848 1.00000000 
       step   negloglik          mu    sigma.sq          SE          bt 
1.000000000 9.258534449 0.304659895 0.002857641 0.075024359 1.029801794 
[1] "New improvement found, resetting step counter"
       step   negloglik          mu    sigma.sq          SE          bt 
2.000000000 9.214028274 0.411538281 0.002491648 0.075311173 0.991512319 
       step   negloglik          mu    sigma.sq          SE          bt 
3.000000000 9.214028274 0.411538281 0.002491648 0.075311173 0.991512319 
       step   negloglik          mu    sigma.sq          SE          bt 
4.000000000 9.214028274 0.411538281 0.002491648 0.075311173 0.991512319 
[1] "Now starting analysis"
[1] "Starting with initial values"
        mu   sigma.sq         bt 
0.35808491 0.08395697 1.00000000 
       step   negloglik          mu    sigma.sq          bt 
 1.00000000 23.45211100  0.35808491  0.08395697  1.00000000 
       step   negloglik          mu    sigma.sq          bt 
 2.00000000 23.45211100  0.35808491  0.08395697  1.00000000 
       step   negloglik          mu    sigma.sq          bt 
 3.00000000 23.45211100  0.35808491  0.08395697  1.00000000 
[1] "Now starting analysis"
[1] "Starting with initial values"
        mu   sigma.sq         SE 
0.35808491 0.08395697 0.04197848 
       step   negloglik          mu    sigma.sq          SE 
1.000000000 9.211182911 0.390909144 0.002581864 0.075570957 
       step   negloglik          mu    sigma.sq          SE 
2.000000000 9.211182911 0.390909144 0.002581864 0.075570957 
       step   negloglik          mu    sigma.sq          SE 
3.000000000 9.211182911 0.390909144 0.002581864 0.075570957 
[1] "Now starting analysis"
[1] "Starting with initial values"
        mu   sigma.sq 
0.35808491 0.08395697 
       step   negloglik          mu    sigma.sq 
 1.00000000 23.45211100  0.35808491  0.08395697 
       step   negloglik          mu    sigma.sq 
 2.00000000 23.45211100  0.35808491  0.08395697 
       step   negloglik          mu    sigma.sq 
 3.00000000 23.45211100  0.35808491  0.08395697 
