000 (066.398.000) 07/26 17:14:46 Job submitted from host: <160.36.155.106:9618?addrs=160.36.155.106-9618&noUDP&sock=27742_4872_4>
...
001 (066.398.000) 07/29 13:05:07 Job executing on host: <10.128.106.188:9618?addrs=10.128.106.188-9618&noUDP&sock=2127_8608_4>
...
006 (066.398.000) 07/29 13:05:15 Image size of job updated: 226372
	222  -  MemoryUsage of job (MB)
	226372  -  ResidentSetSize of job (KB)
...
006 (066.398.000) 07/29 13:10:15 Image size of job updated: 232816
	228  -  MemoryUsage of job (MB)
	232816  -  ResidentSetSize of job (KB)
...
006 (066.398.000) 07/29 17:10:42 Image size of job updated: 236512
	231  -  MemoryUsage of job (MB)
	236512  -  ResidentSetSize of job (KB)
...
005 (066.398.000) 07/29 23:36:11 Job terminated.
	(1) Normal termination (return value 0)
		Usr 0 10:29:41, Sys 0 00:00:08  -  Run Remote Usage
		Usr 0 00:00:00, Sys 0 00:00:00  -  Run Local Usage
		Usr 0 10:29:41, Sys 0 00:00:08  -  Total Remote Usage
		Usr 0 00:00:00, Sys 0 00:00:00  -  Total Local Usage
	28452  -  Run Bytes Sent By Job
	2422  -  Run Bytes Received By Job
	28452  -  Total Bytes Sent By Job
	2422  -  Total Bytes Received By Job
	Partitionable Resources :    Usage  Request Allocated 
	   Cpus                 :     0.99        1         1 
	   Disk (KB)            :    46           4    892170 
	   Memory (MB)          :   231           1       128 
...
