[1] "args"
[1] "66"  "988"
[1] "Now starting analysis"
[1] "Starting with initial values"
        mu   sigma.sq         SE         bt         vh 
0.30040085 0.19592317 0.09796159 1.00000000 0.09796159 
        step    negloglik           mu     sigma.sq           SE           bt 
 1.000000000 13.170885048  0.047183705  0.005078696  0.058640697  1.129021591 
          vh 
 0.282333649 
[1] "New improvement found, resetting step counter"
        step    negloglik           mu     sigma.sq           SE           bt 
 2.000000000 13.097472188 -0.308540988  0.005136054  0.059872184  1.309211171 
          vh 
 0.308697055 
        step    negloglik           mu     sigma.sq           SE           bt 
 3.000000000 13.097472188 -0.308540988  0.005136054  0.059872184  1.309211171 
          vh 
 0.308697055 
        step    negloglik           mu     sigma.sq           SE           bt 
 4.000000000 13.097472188 -0.308540988  0.005136054  0.059872184  1.309211171 
          vh 
 0.308697055 
[1] "Now starting analysis"
[1] "Starting with initial values"
        mu   sigma.sq         bt         vh 
0.30040085 0.19592317 1.00000000 0.09796159 
        step    negloglik           mu     sigma.sq           bt           vh 
 1.000000000 31.571173758  0.349502871  0.197488723  1.109258270  0.008855598 
        step    negloglik           mu     sigma.sq           bt           vh 
 2.000000000 31.571173758  0.349502871  0.197488723  1.109258270  0.008855598 
        step    negloglik           mu     sigma.sq           bt           vh 
 3.000000000 31.571173758  0.349502871  0.197488723  1.109258270  0.008855598 
[1] "Now starting analysis"
[1] "Starting with initial values"
        mu   sigma.sq         SE         vh 
0.30040085 0.19592317 0.09796159 0.09796159 
        step    negloglik           mu     sigma.sq           SE           vh 
 1.000000000 13.531238850  0.350776934  0.006004206  0.057058988  0.193079092 
[1] "New improvement found, resetting step counter"
        step    negloglik           mu     sigma.sq           SE           vh 
 2.000000000 13.311969843  0.250713445  0.004864321  0.060781748  0.343090842 
[1] "New improvement found, but slight; taking the best value, but not resetting the step counter"
        step    negloglik           mu     sigma.sq           SE           vh 
 3.000000000 13.306592034  0.281572655  0.004725254  0.062039805  0.334696994 
[1] "New improvement found, but slight; taking the best value, but not resetting the step counter"
        step    negloglik           mu     sigma.sq           SE           vh 
 4.000000000 13.301727710  0.343851597  0.004909331  0.059572903  0.325553207 
[1] "Now starting analysis"
[1] "Starting with initial values"
        mu   sigma.sq         vh 
0.30040085 0.19592317 0.09796159 
       step   negloglik          mu    sigma.sq          vh 
 1.00000000 31.65123889  0.33044094  0.19592317  0.09796159 
[1] "New improvement found, but slight; taking the best value, but not resetting the step counter"
       step   negloglik          mu    sigma.sq          vh 
 2.00000000 31.65114011  0.36348503  0.19592317  0.09796159 
       step   negloglik          mu    sigma.sq          vh 
 3.00000000 31.65114011  0.36348503  0.19592317  0.09796159 
[1] "Now starting analysis"
[1] "Starting with initial values"
        mu   sigma.sq         SE         bt 
0.30040085 0.19592317 0.09796159 1.00000000 
       step   negloglik          mu    sigma.sq          SE          bt 
 1.00000000 14.87933755  0.38633338  0.01771061  0.05163962  1.20996688 
[1] "New improvement found, resetting step counter"
       step   negloglik          mu    sigma.sq          SE          bt 
 2.00000000 14.52291775 -0.28378592  0.01588091  0.05276867  1.28917555 
[1] "New improvement found, but slight; taking the best value, but not resetting the step counter"
       step   negloglik          mu    sigma.sq          SE          bt 
 3.00000000 14.52224889 -0.30165586  0.01574037  0.05153371  1.30673099 
       step   negloglik          mu    sigma.sq          SE          bt 
 4.00000000 14.52224889 -0.30165586  0.01574037  0.05153371  1.30673099 
[1] "Now starting analysis"
[1] "Starting with initial values"
       mu  sigma.sq        bt 
0.3004009 0.1959232 1.0000000 
      step  negloglik         mu   sigma.sq         bt 
 1.0000000 31.5625625  0.3004009  0.1959232  1.1000000 
      step  negloglik         mu   sigma.sq         bt 
 2.0000000 31.5625625  0.3004009  0.1959232  1.1000000 
      step  negloglik         mu   sigma.sq         bt 
 3.0000000 31.5625625  0.3004009  0.1959232  1.1000000 
[1] "Now starting analysis"
[1] "Starting with initial values"
        mu   sigma.sq         SE 
0.30040085 0.19592317 0.09796159 
       step   negloglik          mu    sigma.sq          SE 
 1.00000000 14.88230140  0.46833327  0.01703864  0.05277108 
[1] "New improvement found, but slight; taking the best value, but not resetting the step counter"
       step   negloglik          mu    sigma.sq          SE 
 2.00000000 14.88044383  0.45432799  0.01775008  0.04884797 
[1] "New improvement found, but slight; taking the best value, but not resetting the step counter"
       step   negloglik          mu    sigma.sq          SE 
 3.00000000 14.87256001  0.43856281  0.01728772  0.05197170 
[1] "Now starting analysis"
[1] "Starting with initial values"
       mu  sigma.sq 
0.3004009 0.1959232 
      step  negloglik         mu   sigma.sq 
 1.0000000 31.5775087  0.3304409  0.1959232 
[1] "New improvement found, but slight; taking the best value, but not resetting the step counter"
      step  negloglik         mu   sigma.sq 
 2.0000000 31.5774265  0.3634850  0.1959232 
      step  negloglik         mu   sigma.sq 
 3.0000000 31.5774265  0.3634850  0.1959232 
