000 (066.1491.000) 07/26 17:14:46 Job submitted from host: <160.36.155.106:9618?addrs=160.36.155.106-9618&noUDP&sock=27742_4872_4>
...
012 (066.1491.000) 08/03 14:17:16 Job was held.
	via condor_hold (by user bomeara)
	Code 1 Subcode 0
...
013 (066.1491.000) 08/05 22:28:02 Job was released.
	via condor_release (by user bomeara)
...
012 (066.1491.000) 08/09 10:36:10 Job was held.
	via condor_hold (by user bomeara)
	Code 1 Subcode 0
...
013 (066.1491.000) 08/09 13:05:21 Job was released.
	via condor_release (by user bomeara)
...
001 (066.1491.000) 09/15 19:24:14 Job executing on host: <10.129.213.175:9618?addrs=10.129.213.175-9618&noUDP&sock=2702_ecfc_4>
...
006 (066.1491.000) 09/15 19:24:23 Image size of job updated: 243680
	238  -  MemoryUsage of job (MB)
	243680  -  ResidentSetSize of job (KB)
...
006 (066.1491.000) 09/15 19:29:24 Image size of job updated: 248828
	243  -  MemoryUsage of job (MB)
	248828  -  ResidentSetSize of job (KB)
...
005 (066.1491.000) 09/18 09:57:29 Job terminated.
	(1) Normal termination (return value 0)
		Usr 2 14:30:39, Sys 0 00:00:14  -  Run Remote Usage
		Usr 0 00:00:00, Sys 0 00:00:00  -  Run Local Usage
		Usr 2 14:30:39, Sys 0 00:00:14  -  Total Remote Usage
		Usr 0 00:00:00, Sys 0 00:00:00  -  Total Local Usage
	32177  -  Run Bytes Sent By Job
	2422  -  Run Bytes Received By Job
	32177  -  Total Bytes Sent By Job
	2422  -  Total Bytes Received By Job
	Partitionable Resources :    Usage  Request Allocated 
	   Cpus                 :     1.00        1         1 
	   Disk (KB)            :    49           4   1811553 
	   Memory (MB)          :   243           1       128 
...
