[1] "args"
[1] "66"   "1785"
[1] "Now starting analysis"
[1] "Starting with initial values"
        mu   sigma.sq         SE         bt         vh 
1.43938601 0.19175738 0.09587869 1.00000000 0.09587869 
        step    negloglik           mu     sigma.sq           SE           bt 
 1.000000000 47.051680563  0.825445601  0.009381847  0.076124987  1.523230898 
          vh 
 0.392380296 
[1] "New improvement found, resetting step counter"
        step    negloglik           mu     sigma.sq           SE           bt 
 2.000000000 46.224310479  0.863630194  0.009602272  0.071349883  1.871065365 
          vh 
 0.096356298 
        step    negloglik           mu     sigma.sq           SE           bt 
 3.000000000 46.224310479  0.863630194  0.009602272  0.071349883  1.871065365 
          vh 
 0.096356298 
        step    negloglik           mu     sigma.sq           SE           bt 
 4.000000000 46.224310479  0.863630194  0.009602272  0.071349883  1.871065365 
          vh 
 0.096356298 
[1] "Now starting analysis"
[1] "Starting with initial values"
        mu   sigma.sq         bt         vh 
1.43938601 0.19175738 1.00000000 0.09587869 
        step    negloglik           mu     sigma.sq           bt           vh 
  1.00000000 105.06010710   1.43938601   0.19175738   1.14393860   0.09587869 
[1] "New improvement found, resetting step counter"
        step    negloglik           mu     sigma.sq           bt           vh 
  2.00000000 105.00389733   1.43938601   0.19175738   1.28787720   0.09587869 
[1] "New improvement found, but slight; taking the best value, but not resetting the step counter"
        step    negloglik           mu     sigma.sq           bt           vh 
  3.00000000 104.99878262   1.48966636   0.19753265   1.40602034   0.08849181 
        step    negloglik           mu     sigma.sq           bt           vh 
  4.00000000 104.99878262   1.48966636   0.19753265   1.40602034   0.08849181 
[1] "Now starting analysis"
[1] "Starting with initial values"
        mu   sigma.sq         SE         vh 
1.43938601 0.19175738 0.09587869 0.09587869 
       step   negloglik          mu    sigma.sq          SE          vh 
 1.00000000 49.01010844  1.68982991  0.01296449  0.06172220  0.20344439 
[1] "New improvement found, resetting step counter"
       step   negloglik          mu    sigma.sq          SE          vh 
 2.00000000 48.64283535  1.12291405  0.01207426  0.06340958  0.43621315 
[1] "New improvement found, resetting step counter"
       step   negloglik          mu    sigma.sq          SE          vh 
 3.00000000 48.56867944  1.28109927  0.01070095  0.06780518  0.36131694 
[1] "New improvement found, but slight; taking the best value, but not resetting the step counter"
       step   negloglik          mu    sigma.sq          SE          vh 
 4.00000000 48.56331343  1.19145759  0.01046464  0.07047377  0.44372091 
[1] "New improvement found, but slight; taking the best value, but not resetting the step counter"
       step   negloglik          mu    sigma.sq          SE          vh 
 5.00000000 48.55553412  1.17502755  0.01065843  0.06802801  0.40744814 
[1] "Now starting analysis"
[1] "Starting with initial values"
        mu   sigma.sq         vh 
1.43938601 0.19175738 0.09587869 
        step    negloglik           mu     sigma.sq           vh 
  1.00000000 105.14833215   1.58332461   0.19175738   0.09587869 
        step    negloglik           mu     sigma.sq           vh 
  2.00000000 105.14833215   1.58332461   0.19175738   0.09587869 
        step    negloglik           mu     sigma.sq           vh 
  3.00000000 105.14833215   1.58332461   0.19175738   0.09587869 
[1] "Now starting analysis"
[1] "Starting with initial values"
        mu   sigma.sq         SE         bt 
1.43938601 0.19175738 0.09587869 1.00000000 
       step   negloglik          mu    sigma.sq          SE          bt 
 1.00000000 47.92692345  1.43691569  0.01238381  0.06241371  1.27570368 
[1] "New improvement found, resetting step counter"
       step   negloglik          mu    sigma.sq          SE          bt 
 2.00000000 46.85774174  0.99766656  0.01351170  0.05814579  1.76166988 
[1] "New improvement found, resetting step counter"
       step   negloglik          mu    sigma.sq          SE          bt 
 3.00000000 46.65276381  0.85852041  0.01242002  0.06364445  1.80413029 
       step   negloglik          mu    sigma.sq          SE          bt 
 4.00000000 46.65276381  0.85852041  0.01242002  0.06364445  1.80413029 
       step   negloglik          mu    sigma.sq          SE          bt 
 5.00000000 46.65276381  0.85852041  0.01242002  0.06364445  1.80413029 
[1] "Now starting analysis"
[1] "Starting with initial values"
       mu  sigma.sq        bt 
1.4393860 0.1917574 1.0000000 
       step   negloglik          mu    sigma.sq          bt 
  1.0000000 104.9977709   1.4393860   0.1917574   1.1439386 
[1] "New improvement found, resetting step counter"
       step   negloglik          mu    sigma.sq          bt 
  2.0000000 104.9403058   1.4393860   0.1917574   1.2878772 
       step   negloglik          mu    sigma.sq          bt 
  3.0000000 104.9403058   1.4393860   0.1917574   1.2878772 
       step   negloglik          mu    sigma.sq          bt 
  4.0000000 104.9403058   1.4393860   0.1917574   1.2878772 
[1] "Now starting analysis"
[1] "Starting with initial values"
        mu   sigma.sq         SE 
1.43938601 0.19175738 0.09587869 
       step   negloglik          mu    sigma.sq          SE 
 1.00000000 49.70345245  1.70094366  0.01567675  0.06058411 
[1] "New improvement found, resetting step counter"
       step   negloglik          mu    sigma.sq          SE 
 2.00000000 49.67141664  1.59709075  0.01555357  0.06052000 
       step   negloglik          mu    sigma.sq          SE 
 3.00000000 49.67141664  1.59709075  0.01555357  0.06052000 
       step   negloglik          mu    sigma.sq          SE 
 4.00000000 49.67141664  1.59709075  0.01555357  0.06052000 
[1] "Now starting analysis"
[1] "Starting with initial values"
       mu  sigma.sq 
1.4393860 0.1917574 
       step   negloglik          mu    sigma.sq 
  1.0000000 105.0877095   1.5833246   0.1917574 
       step   negloglik          mu    sigma.sq 
  2.0000000 105.0877095   1.5833246   0.1917574 
       step   negloglik          mu    sigma.sq 
  3.0000000 105.0877095   1.5833246   0.1917574 
