000 (066.1502.000) 07/26 17:14:46 Job submitted from host: <160.36.155.106:9618?addrs=160.36.155.106-9618&noUDP&sock=27742_4872_4>
...
012 (066.1502.000) 08/03 14:17:16 Job was held.
	via condor_hold (by user bomeara)
	Code 1 Subcode 0
...
013 (066.1502.000) 08/05 22:28:03 Job was released.
	via condor_release (by user bomeara)
...
012 (066.1502.000) 08/09 10:36:10 Job was held.
	via condor_hold (by user bomeara)
	Code 1 Subcode 0
...
013 (066.1502.000) 08/09 13:05:21 Job was released.
	via condor_release (by user bomeara)
...
001 (066.1502.000) 09/16 05:39:22 Job executing on host: <10.128.151.149:9618?addrs=10.128.151.149-9618&noUDP&sock=2702_ecfc_4>
...
006 (066.1502.000) 09/16 05:39:30 Image size of job updated: 220516
	216  -  MemoryUsage of job (MB)
	220516  -  ResidentSetSize of job (KB)
...
006 (066.1502.000) 09/16 05:44:30 Image size of job updated: 225268
	220  -  MemoryUsage of job (MB)
	225268  -  ResidentSetSize of job (KB)
...
006 (066.1502.000) 09/16 17:40:47 Image size of job updated: 229096
	224  -  MemoryUsage of job (MB)
	229096  -  ResidentSetSize of job (KB)
...
006 (066.1502.000) 09/16 19:00:55 Image size of job updated: 230020
	225  -  MemoryUsage of job (MB)
	230020  -  ResidentSetSize of job (KB)
...
006 (066.1502.000) 09/17 23:19:00 Image size of job updated: 431760
	225  -  MemoryUsage of job (MB)
	230020  -  ResidentSetSize of job (KB)
...
005 (066.1502.000) 09/17 23:19:00 Job terminated.
	(1) Normal termination (return value 0)
		Usr 1 17:37:56, Sys 0 00:00:09  -  Run Remote Usage
		Usr 0 00:00:00, Sys 0 00:00:00  -  Run Local Usage
		Usr 1 17:37:56, Sys 0 00:00:09  -  Total Remote Usage
		Usr 0 00:00:00, Sys 0 00:00:00  -  Total Local Usage
	28406  -  Run Bytes Sent By Job
	2422  -  Run Bytes Received By Job
	28406  -  Total Bytes Sent By Job
	2422  -  Total Bytes Received By Job
	Partitionable Resources :    Usage  Request Allocated 
	   Cpus                 :     1.00        1         1 
	   Disk (KB)            :    46           4   1811004 
	   Memory (MB)          :   225           1       128 
...
