000 (066.1340.000) 07/26 17:14:46 Job submitted from host: <160.36.155.106:9618?addrs=160.36.155.106-9618&noUDP&sock=27742_4872_4>
...
012 (066.1340.000) 08/03 14:17:08 Job was held.
	via condor_hold (by user bomeara)
	Code 1 Subcode 0
...
013 (066.1340.000) 08/05 22:27:55 Job was released.
	via condor_release (by user bomeara)
...
012 (066.1340.000) 08/09 10:36:00 Job was held.
	via condor_hold (by user bomeara)
	Code 1 Subcode 0
...
013 (066.1340.000) 08/09 13:05:13 Job was released.
	via condor_release (by user bomeara)
...
001 (066.1340.000) 09/03 10:49:10 Job executing on host: <10.128.151.149:9618?addrs=10.128.151.149-9618&noUDP&sock=21393_65a7_4>
...
006 (066.1340.000) 09/03 10:49:18 Image size of job updated: 220276
	216  -  MemoryUsage of job (MB)
	220276  -  ResidentSetSize of job (KB)
...
006 (066.1340.000) 09/03 10:54:18 Image size of job updated: 228064
	223  -  MemoryUsage of job (MB)
	228064  -  ResidentSetSize of job (KB)
...
006 (066.1340.000) 09/03 14:24:40 Image size of job updated: 228968
	224  -  MemoryUsage of job (MB)
	228968  -  ResidentSetSize of job (KB)
...
006 (066.1340.000) 09/03 16:29:54 Image size of job updated: 231608
	227  -  MemoryUsage of job (MB)
	231608  -  ResidentSetSize of job (KB)
...
005 (066.1340.000) 09/03 20:13:30 Job terminated.
	(1) Normal termination (return value 0)
		Usr 0 09:23:49, Sys 0 00:00:02  -  Run Remote Usage
		Usr 0 00:00:00, Sys 0 00:00:00  -  Run Local Usage
		Usr 0 09:23:49, Sys 0 00:00:02  -  Total Remote Usage
		Usr 0 00:00:00, Sys 0 00:00:00  -  Total Local Usage
	28611  -  Run Bytes Sent By Job
	2422  -  Run Bytes Received By Job
	28611  -  Total Bytes Sent By Job
	2422  -  Total Bytes Received By Job
	Partitionable Resources :    Usage  Request Allocated 
	   Cpus                 :     1.00        1         1 
	   Disk (KB)            :    46           4   1811025 
	   Memory (MB)          :   227           1       128 
...
