000 (066.1224.000) 07/26 17:14:46 Job submitted from host: <160.36.155.106:9618?addrs=160.36.155.106-9618&noUDP&sock=27742_4872_4>
...
012 (066.1224.000) 08/03 14:17:02 Job was held.
	via condor_hold (by user bomeara)
	Code 1 Subcode 0
...
013 (066.1224.000) 08/05 22:27:49 Job was released.
	via condor_release (by user bomeara)
...
012 (066.1224.000) 08/09 10:35:52 Job was held.
	via condor_hold (by user bomeara)
	Code 1 Subcode 0
...
013 (066.1224.000) 08/09 13:05:07 Job was released.
	via condor_release (by user bomeara)
...
001 (066.1224.000) 08/30 18:28:29 Job executing on host: <10.129.169.104:9618?addrs=10.129.169.104-9618&noUDP&sock=2319_3837_4>
...
006 (066.1224.000) 08/30 18:28:37 Image size of job updated: 227604
	223  -  MemoryUsage of job (MB)
	227604  -  ResidentSetSize of job (KB)
...
006 (066.1224.000) 08/30 18:43:39 Image size of job updated: 228748
	224  -  MemoryUsage of job (MB)
	228748  -  ResidentSetSize of job (KB)
...
006 (066.1224.000) 08/30 18:48:39 Image size of job updated: 231144
	226  -  MemoryUsage of job (MB)
	231144  -  ResidentSetSize of job (KB)
...
005 (066.1224.000) 08/30 19:16:28 Job terminated.
	(1) Normal termination (return value 0)
		Usr 0 00:47:54, Sys 0 00:00:00  -  Run Remote Usage
		Usr 0 00:00:00, Sys 0 00:00:00  -  Run Local Usage
		Usr 0 00:47:54, Sys 0 00:00:00  -  Total Remote Usage
		Usr 0 00:00:00, Sys 0 00:00:00  -  Total Local Usage
	27561  -  Run Bytes Sent By Job
	2422  -  Run Bytes Received By Job
	27561  -  Total Bytes Sent By Job
	2422  -  Total Bytes Received By Job
	Partitionable Resources :    Usage  Request Allocated 
	   Cpus                 :     1.00        1         1 
	   Disk (KB)            :    45           4    206228 
	   Memory (MB)          :   226           1       128 
...
