[1] "args"
[1] "66"  "217"
[1] "Now starting analysis"
[1] "Starting with initial values"
         mu    sigma.sq          SE          bt          vh 
1.159558073 0.009378965 0.004689483 1.000000000 0.004689483 
         step     negloglik            mu      sigma.sq            SE 
 1.000000e+00 -3.845754e+01  9.739937e-01  9.199916e-03  3.009343e-05 
           bt            vh 
 1.045027e+00  1.153519e-01 
[1] "New improvement found, resetting step counter"
         step     negloglik            mu      sigma.sq            SE 
 2.000000e+00 -3.887149e+01  1.161722e+00  9.210439e-03  5.487547e-05 
           bt            vh 
 8.517812e-01  1.699224e-03 
[1] "New improvement found, but slight; taking the best value, but not resetting the step counter"
         step     negloglik            mu      sigma.sq            SE 
 3.000000e+00 -3.888125e+01  1.214627e+00  9.602230e-03  2.894698e-05 
           bt            vh 
 8.276878e-01  2.819674e-03 
[1] "New improvement found, resetting step counter"
         step     negloglik            mu      sigma.sq            SE 
 4.000000e+00 -3.890039e+01  1.294433e+00  9.135852e-03  3.748412e-05 
           bt            vh 
 7.866671e-01  6.475299e-03 
         step     negloglik            mu      sigma.sq            SE 
 5.000000e+00 -3.890039e+01  1.294433e+00  9.135852e-03  3.748412e-05 
           bt            vh 
 7.866671e-01  6.475299e-03 
         step     negloglik            mu      sigma.sq            SE 
 6.000000e+00 -3.890039e+01  1.294433e+00  9.135852e-03  3.748412e-05 
           bt            vh 
 7.866671e-01  6.475299e-03 
[1] "Now starting analysis"
[1] "Starting with initial values"
         mu    sigma.sq          bt          vh 
1.159558073 0.009378965 1.000000000 0.004689483 
         step     negloglik            mu      sigma.sq            bt 
  1.000000000 -38.847442535   1.238657862   0.009219299   0.849792651 
           vh 
  0.004104157 
         step     negloglik            mu      sigma.sq            bt 
  2.000000000 -38.847442535   1.238657862   0.009219299   0.849792651 
           vh 
  0.004104157 
         step     negloglik            mu      sigma.sq            bt 
  3.000000000 -38.847442535   1.238657862   0.009219299   0.849792651 
           vh 
  0.004104157 
[1] "Now starting analysis"
[1] "Starting with initial values"
         mu    sigma.sq          SE          vh 
1.159558073 0.009378965 0.004689483 0.004689483 
         step     negloglik            mu      sigma.sq            SE 
 1.000000e+00 -3.865176e+01  1.327993e+00  9.040030e-03  2.859540e-05 
           vh 
 5.583579e-03 
[1] "New improvement found, resetting step counter"
         step     negloglik            mu      sigma.sq            SE 
 2.000000e+00 -3.867671e+01  1.303306e+00  9.042218e-03  3.534965e-05 
           vh 
 1.487473e-02 
         step     negloglik            mu      sigma.sq            SE 
 3.000000e+00 -3.867671e+01  1.303306e+00  9.042218e-03  3.534965e-05 
           vh 
 1.487473e-02 
         step     negloglik            mu      sigma.sq            SE 
 4.000000e+00 -3.867671e+01  1.303306e+00  9.042218e-03  3.534965e-05 
           vh 
 1.487473e-02 
[1] "Now starting analysis"
[1] "Starting with initial values"
         mu    sigma.sq          vh 
1.159558073 0.009378965 0.004689483 
         step     negloglik            mu      sigma.sq            vh 
  1.000000000 -38.779666856   1.159558073   0.009378965   0.004689483 
         step     negloglik            mu      sigma.sq            vh 
  2.000000000 -38.779666856   1.159558073   0.009378965   0.004689483 
         step     negloglik            mu      sigma.sq            vh 
  3.000000000 -38.779666856   1.159558073   0.009378965   0.004689483 
[1] "Now starting analysis"
[1] "Starting with initial values"
         mu    sigma.sq          SE          bt 
1.159558073 0.009378965 0.004689483 1.000000000 
         step     negloglik            mu      sigma.sq            SE 
 1.000000e+00 -3.847034e+01  1.069002e+00  8.851889e-03  3.441978e-05 
           bt 
 1.299519e+00 
[1] "New improvement found, resetting step counter"
         step     negloglik            mu      sigma.sq            SE 
 2.000000e+00 -3.884474e+01  1.237576e+00  8.847887e-03  2.136055e-05 
           bt 
 7.448168e-01 
[1] "New improvement found, resetting step counter"
         step     negloglik            mu      sigma.sq            SE 
 3.000000e+00 -3.890701e+01  1.267101e+00  9.010195e-03  4.090646e-05 
           bt 
 7.769096e-01 
[1] "New improvement found, but slight; taking the best value, but not resetting the step counter"
         step     negloglik            mu      sigma.sq            SE 
 4.000000e+00 -3.890891e+01  1.249022e+00  9.488153e-03  2.504176e-05 
           bt 
 8.406623e-01 
         step     negloglik            mu      sigma.sq            SE 
 5.000000e+00 -3.890891e+01  1.249022e+00  9.488153e-03  2.504176e-05 
           bt 
 8.406623e-01 
[1] "Now starting analysis"
[1] "Starting with initial values"
         mu    sigma.sq          bt 
1.159558073 0.009378965 1.000000000 
         step     negloglik            mu      sigma.sq            bt 
  1.000000000 -38.861073311   1.225462643   0.009219593   0.842582275 
[1] "New improvement found, but slight; taking the best value, but not resetting the step counter"
        step    negloglik           mu     sigma.sq           bt 
  2.00000000 -38.86979446   1.24586707   0.00927943   0.80171357 
        step    negloglik           mu     sigma.sq           bt 
  3.00000000 -38.86979446   1.24586707   0.00927943   0.80171357 
[1] "Now starting analysis"
[1] "Starting with initial values"
         mu    sigma.sq          SE 
1.159558073 0.009378965 0.004689483 
         step     negloglik            mu      sigma.sq            SE 
 1.000000e+00 -3.880527e+01  1.200119e+00  9.243647e-03  5.528842e-05 
[1] "New improvement found, resetting step counter"
         step     negloglik            mu      sigma.sq            SE 
 2.000000e+00 -3.884598e+01  1.153468e+00  9.234681e-03  2.388578e-05 
         step     negloglik            mu      sigma.sq            SE 
 3.000000e+00 -3.884598e+01  1.153468e+00  9.234681e-03  2.388578e-05 
         step     negloglik            mu      sigma.sq            SE 
 4.000000e+00 -3.884598e+01  1.153468e+00  9.234681e-03  2.388578e-05 
[1] "Now starting analysis"
[1] "Starting with initial values"
         mu    sigma.sq 
1.159558073 0.009378965 
         step     negloglik            mu      sigma.sq 
  1.000000000 -38.791633101   1.159558073   0.009378965 
         step     negloglik            mu      sigma.sq 
  2.000000000 -38.791633101   1.159558073   0.009378965 
         step     negloglik            mu      sigma.sq 
  3.000000000 -38.791633101   1.159558073   0.009378965 
