000 (066.1653.000) 07/26 17:14:46 Job submitted from host: <160.36.155.106:9618?addrs=160.36.155.106-9618&noUDP&sock=27742_4872_4>
...
012 (066.1653.000) 08/03 14:17:24 Job was held.
	via condor_hold (by user bomeara)
	Code 1 Subcode 0
...
013 (066.1653.000) 08/05 22:28:11 Job was released.
	via condor_release (by user bomeara)
...
012 (066.1653.000) 08/09 10:36:21 Job was held.
	via condor_hold (by user bomeara)
	Code 1 Subcode 0
...
013 (066.1653.000) 08/09 13:05:29 Job was released.
	via condor_release (by user bomeara)
...
012 (066.1653.000) 09/23 13:38:13 Job was held.
	via condor_hold (by user bomeara)
	Code 1 Subcode 0
...
013 (066.1653.000) 09/24 14:50:04 Job was released.
	via condor_release (by user bomeara)
...
001 (066.1653.000) 09/27 08:09:13 Job executing on host: <10.128.147.77:9618?addrs=10.128.147.77-9618&noUDP&sock=2387_dca7_4>
...
006 (066.1653.000) 09/27 08:09:21 Image size of job updated: 243008
	238  -  MemoryUsage of job (MB)
	243008  -  ResidentSetSize of job (KB)
...
006 (066.1653.000) 09/27 08:14:21 Image size of job updated: 249936
	245  -  MemoryUsage of job (MB)
	249936  -  ResidentSetSize of job (KB)
...
005 (066.1653.000) 09/28 17:18:47 Job terminated.
	(1) Normal termination (return value 0)
		Usr 1 09:06:57, Sys 0 00:00:09  -  Run Remote Usage
		Usr 0 00:00:00, Sys 0 00:00:00  -  Run Local Usage
		Usr 1 09:06:57, Sys 0 00:00:09  -  Total Remote Usage
		Usr 0 00:00:00, Sys 0 00:00:00  -  Total Local Usage
	32547  -  Run Bytes Sent By Job
	2422  -  Run Bytes Received By Job
	32547  -  Total Bytes Sent By Job
	2422  -  Total Bytes Received By Job
	Partitionable Resources :    Usage  Request Allocated 
	   Cpus                 :     1.00        1         1 
	   Disk (KB)            :    50           4    888593 
	   Memory (MB)          :   245           1       128 
...
