000 (066.880.000) 07/26 17:14:46 Job submitted from host: <160.36.155.106:9618?addrs=160.36.155.106-9618&noUDP&sock=27742_4872_4>
...
012 (066.880.000) 08/03 14:16:45 Job was held.
	via condor_hold (by user bomeara)
	Code 1 Subcode 0
...
013 (066.880.000) 08/05 22:27:31 Job was released.
	via condor_release (by user bomeara)
...
012 (066.880.000) 08/09 10:35:29 Job was held.
	via condor_hold (by user bomeara)
	Code 1 Subcode 0
...
013 (066.880.000) 08/09 13:04:50 Job was released.
	via condor_release (by user bomeara)
...
001 (066.880.000) 08/12 02:30:27 Job executing on host: <10.128.121.58:9618?addrs=10.128.121.58-9618&noUDP&sock=2361_0731_4>
...
006 (066.880.000) 08/12 02:30:36 Image size of job updated: 221312
	217  -  MemoryUsage of job (MB)
	221312  -  ResidentSetSize of job (KB)
...
006 (066.880.000) 08/12 02:45:37 Image size of job updated: 228472
	224  -  MemoryUsage of job (MB)
	228472  -  ResidentSetSize of job (KB)
...
006 (066.880.000) 08/12 03:10:41 Image size of job updated: 228484
	224  -  MemoryUsage of job (MB)
	228484  -  ResidentSetSize of job (KB)
...
022 (066.880.000) 08/14 14:07:46 Job disconnected, attempting to reconnect
    Local schedd and job shadow died, schedd now running again
    Trying to reconnect to slot1_22@omearaclustere <10.128.121.58:9618?addrs=10.128.121.58-9618&noUDP&sock=2361_0731_4>
...
023 (066.880.000) 08/14 14:07:52 Job reconnected to slot1_22@omearaclustere
    startd address: <10.128.121.58:9618?addrs=10.128.121.58-9618&noUDP&sock=2361_0731_4>
    starter address: <10.128.121.58:9618?addrs=10.128.121.58-9618&noUDP&sock=2696_5367_37>
...
005 (066.880.000) 08/25 16:16:40 Job terminated.
	(1) Normal termination (return value 0)
		Usr 13 13:18:20, Sys 0 00:02:10  -  Run Remote Usage
		Usr 0 00:00:00, Sys 0 00:00:00  -  Run Local Usage
		Usr 13 13:18:20, Sys 0 00:02:10  -  Total Remote Usage
		Usr 0 00:00:00, Sys 0 00:00:00  -  Total Local Usage
	28314  -  Run Bytes Sent By Job
	0  -  Run Bytes Received By Job
	28314  -  Total Bytes Sent By Job
	2422  -  Total Bytes Received By Job
	Partitionable Resources :    Usage  Request Allocated 
	   Cpus                 :     1.00        1         1 
	   Disk (KB)            :    46          46    888433 
	   Memory (MB)          :   245         245       128 
...
