000 (066.649.000) 07/26 17:14:46 Job submitted from host: <160.36.155.106:9618?addrs=160.36.155.106-9618&noUDP&sock=27742_4872_4>
...
001 (066.649.000) 08/02 09:06:28 Job executing on host: <10.128.121.58:9618?addrs=10.128.121.58-9618&noUDP&sock=2263_cee9_4>
...
006 (066.649.000) 08/02 09:06:37 Image size of job updated: 234100
	229  -  MemoryUsage of job (MB)
	234100  -  ResidentSetSize of job (KB)
...
006 (066.649.000) 08/02 09:11:38 Image size of job updated: 236096
	231  -  MemoryUsage of job (MB)
	236096  -  ResidentSetSize of job (KB)
...
006 (066.649.000) 08/02 13:02:01 Image size of job updated: 243568
	238  -  MemoryUsage of job (MB)
	243568  -  ResidentSetSize of job (KB)
...
006 (066.649.000) 08/02 15:17:14 Image size of job updated: 247652
	242  -  MemoryUsage of job (MB)
	247652  -  ResidentSetSize of job (KB)
...
022 (066.649.000) 08/02 16:23:52 Job disconnected, attempting to reconnect
    Socket between submit and execute hosts closed unexpectedly
    Trying to reconnect to slot1_5@omearaclustere <10.128.121.58:9618?addrs=10.128.121.58-9618&noUDP&sock=2263_cee9_4>
...
024 (066.649.000) 08/02 17:03:54 Job reconnection failed
    Job disconnected too long: JobLeaseDuration (2400 seconds) expired
    Can not reconnect to slot1_5@omearaclustere, rescheduling job
...
012 (066.649.000) 08/03 14:17:33 Job was held.
	via condor_hold (by user bomeara)
	Code 1 Subcode 0
...
013 (066.649.000) 08/05 22:28:20 Job was released.
	via condor_release (by user bomeara)
...
001 (066.649.000) 08/06 05:43:46 Job executing on host: <10.130.122.65:9618?addrs=10.130.122.65-9618&noUDP&sock=77628_edfd_4>
...
006 (066.649.000) 08/06 05:48:54 Image size of job updated: 251608
	246  -  MemoryUsage of job (MB)
	251608  -  ResidentSetSize of job (KB)
...
006 (066.649.000) 08/07 00:01:15 Image size of job updated: 251624
	246  -  MemoryUsage of job (MB)
	251608  -  ResidentSetSize of job (KB)
...
005 (066.649.000) 08/07 00:01:15 Job terminated.
	(1) Normal termination (return value 0)
		Usr 0 18:15:45, Sys 0 00:00:11  -  Run Remote Usage
		Usr 0 00:00:00, Sys 0 00:00:00  -  Run Local Usage
		Usr 0 18:15:45, Sys 0 00:00:11  -  Total Remote Usage
		Usr 0 00:00:00, Sys 0 00:00:00  -  Total Local Usage
	32177  -  Run Bytes Sent By Job
	2422  -  Run Bytes Received By Job
	32177  -  Total Bytes Sent By Job
	4844  -  Total Bytes Received By Job
	Partitionable Resources :    Usage  Request Allocated 
	   Cpus                 :     1.00        1         1 
	   Disk (KB)            :    50          75    891678 
	   Memory (MB)          :   246         245       256 
...
