000 (066.169.000) 07/26 17:14:46 Job submitted from host: <160.36.155.106:9618?addrs=160.36.155.106-9618&noUDP&sock=27742_4872_4>
...
001 (066.169.000) 07/26 17:17:48 Job executing on host: <160.36.154.249:9618?addrs=160.36.154.249-9618&noUDP&sock=66431_b80f_4>
...
006 (066.169.000) 07/26 17:17:57 Image size of job updated: 233528
	228  -  MemoryUsage of job (MB)
	233304  -  ResidentSetSize of job (KB)
...
006 (066.169.000) 07/26 17:22:58 Image size of job updated: 247808
	242  -  MemoryUsage of job (MB)
	247584  -  ResidentSetSize of job (KB)
...
006 (066.169.000) 07/26 22:08:30 Image size of job updated: 248684
	243  -  MemoryUsage of job (MB)
	248460  -  ResidentSetSize of job (KB)
...
006 (066.169.000) 07/26 23:13:37 Image size of job updated: 249796
	244  -  MemoryUsage of job (MB)
	249572  -  ResidentSetSize of job (KB)
...
006 (066.169.000) 07/27 03:59:05 Image size of job updated: 249976
	244  -  MemoryUsage of job (MB)
	249752  -  ResidentSetSize of job (KB)
...
006 (066.169.000) 07/27 05:29:13 Image size of job updated: 250004
	244  -  MemoryUsage of job (MB)
	249780  -  ResidentSetSize of job (KB)
...
005 (066.169.000) 07/27 05:41:48 Job terminated.
	(1) Normal termination (return value 0)
		Usr 0 12:22:19, Sys 0 00:00:12  -  Run Remote Usage
		Usr 0 00:00:00, Sys 0 00:00:00  -  Run Local Usage
		Usr 0 12:22:19, Sys 0 00:00:12  -  Total Remote Usage
		Usr 0 00:00:00, Sys 0 00:00:00  -  Total Local Usage
	32683  -  Run Bytes Sent By Job
	2422  -  Run Bytes Received By Job
	32683  -  Total Bytes Sent By Job
	2422  -  Total Bytes Received By Job
	Partitionable Resources :    Usage  Request Allocated 
	   Cpus                 :     1.00        1         1 
	   Disk (KB)            :    50           4    202517 
	   Memory (MB)          :   244           1       128 
...
