[1] "args"
[1] "66"  "911"
[1] "Now starting analysis"
[1] "Starting with initial values"
        mu   sigma.sq         SE         bt         vh 
1.96128584 0.09010536 0.04505268 1.00000000 0.04505268 
        step    negloglik           mu     sigma.sq           SE           bt 
1.000000e+00 4.461625e+01 1.679737e+00 9.725569e-03 5.644693e-02 1.233195e+00 
          vh 
1.339106e-04 
[1] "New improvement found, resetting step counter"
        step    negloglik           mu     sigma.sq           SE           bt 
 2.000000000 42.135982778  1.169054326  0.009435254  0.053160011  1.772057839 
          vh 
 0.001270469 
[1] "New improvement found, resetting step counter"
        step    negloglik           mu     sigma.sq           SE           bt 
 3.000000000 41.998624263  0.882119363  0.007896072  0.056122209  1.858245921 
          vh 
 0.001287386 
        step    negloglik           mu     sigma.sq           SE           bt 
 4.000000000 41.998624263  0.882119363  0.007896072  0.056122209  1.858245921 
          vh 
 0.001287386 
        step    negloglik           mu     sigma.sq           SE           bt 
 5.000000000 41.998624263  0.882119363  0.007896072  0.056122209  1.858245921 
          vh 
 0.001287386 
[1] "Now starting analysis"
[1] "Starting with initial values"
        mu   sigma.sq         bt         vh 
1.96128584 0.09010536 1.00000000 0.04505268 
        step    negloglik           mu     sigma.sq           bt           vh 
 1.000000000 88.153489669  1.371797748  0.090800261  1.788665653  0.003070804 
        step    negloglik           mu     sigma.sq           bt           vh 
 2.000000000 88.153489669  1.371797748  0.090800261  1.788665653  0.003070804 
        step    negloglik           mu     sigma.sq           bt           vh 
 3.000000000 88.153489669  1.371797748  0.090800261  1.788665653  0.003070804 
[1] "Now starting analysis"
[1] "Starting with initial values"
        mu   sigma.sq         SE         vh 
1.96128584 0.09010536 0.04505268 0.04505268 
        step    negloglik           mu     sigma.sq           SE           vh 
1.000000e+00 4.841589e+01 2.180575e+00 1.314719e-02 4.746584e-02 6.572027e-04 
[1] "New improvement found, resetting step counter"
        step    negloglik           mu     sigma.sq           SE           vh 
 2.000000000 47.918909980  1.841264024  0.012763706  0.053995881  0.009065876 
[1] "New improvement found, resetting step counter"
       step   negloglik          mu    sigma.sq          SE          vh 
 3.00000000 47.83276468  1.71997492  0.01196930  0.05176978  0.08186968 
[1] "New improvement found, resetting step counter"
       step   negloglik          mu    sigma.sq          SE          vh 
 4.00000000 47.75920723  1.68094193  0.01109869  0.05536701  0.12129971 
       step   negloglik          mu    sigma.sq          SE          vh 
 5.00000000 47.75920723  1.68094193  0.01109869  0.05536701  0.12129971 
       step   negloglik          mu    sigma.sq          SE          vh 
 6.00000000 47.75920723  1.68094193  0.01109869  0.05536701  0.12129971 
[1] "Now starting analysis"
[1] "Starting with initial values"
        mu   sigma.sq         vh 
1.96128584 0.09010536 0.04505268 
       step   negloglik          mu    sigma.sq          vh 
 1.00000000 88.86617231  1.90345742  0.08925410  0.00901632 
       step   negloglik          mu    sigma.sq          vh 
 2.00000000 88.86617231  1.90345742  0.08925410  0.00901632 
       step   negloglik          mu    sigma.sq          vh 
 3.00000000 88.86617231  1.90345742  0.08925410  0.00901632 
[1] "Now starting analysis"
[1] "Starting with initial values"
        mu   sigma.sq         SE         bt 
1.96128584 0.09010536 0.04505268 1.00000000 
        step    negloglik           mu     sigma.sq           SE           bt 
 1.000000000 41.909657878  1.124245336  0.007563322  0.057545025  1.863530802 
[1] "New improvement found, resetting step counter"
        step    negloglik           mu     sigma.sq           SE           bt 
 2.000000000 41.773244563  1.101830634  0.007956041  0.058955832  1.816970086 
[1] "New improvement found, resetting step counter"
        step    negloglik           mu     sigma.sq           SE           bt 
 3.000000000 41.714353263  1.042494483  0.007429605  0.063059235  1.773956916 
        step    negloglik           mu     sigma.sq           SE           bt 
 4.000000000 41.714353263  1.042494483  0.007429605  0.063059235  1.773956916 
        step    negloglik           mu     sigma.sq           SE           bt 
 5.000000000 41.714353263  1.042494483  0.007429605  0.063059235  1.773956916 
[1] "Now starting analysis"
[1] "Starting with initial values"
        mu   sigma.sq         bt 
1.96128584 0.09010536 1.00000000 
       step   negloglik          mu    sigma.sq          bt 
 1.00000000 88.08070289  1.07486081  0.08832718  1.66565426 
[1] "New improvement found, but slight; taking the best value, but not resetting the step counter"
       step   negloglik          mu    sigma.sq          bt 
 2.00000000 88.07930405  1.24142624  0.08832718  1.66565426 
       step   negloglik          mu    sigma.sq          bt 
 3.00000000 88.07930405  1.24142624  0.08832718  1.66565426 
[1] "Now starting analysis"
[1] "Starting with initial values"
        mu   sigma.sq         SE 
1.96128584 0.09010536 0.04505268 
       step   negloglik          mu    sigma.sq          SE 
 1.00000000 48.05734098  2.01005681  0.01319058  0.05049269 
[1] "New improvement found, resetting step counter"
      step  negloglik         mu   sigma.sq         SE 
 2.0000000 47.9514342  1.9371667  0.0119099  0.0536235 
[1] "New improvement found, resetting step counter"
       step   negloglik          mu    sigma.sq          SE 
 3.00000000 47.93875075  1.94104110  0.01232525  0.05445407 
       step   negloglik          mu    sigma.sq          SE 
 4.00000000 47.93875075  1.94104110  0.01232525  0.05445407 
       step   negloglik          mu    sigma.sq          SE 
 5.00000000 47.93875075  1.94104110  0.01232525  0.05445407 
[1] "Now starting analysis"
[1] "Starting with initial values"
        mu   sigma.sq 
1.96128584 0.09010536 
       step   negloglik          mu    sigma.sq 
 1.00000000 88.84053114  1.96128584  0.09010536 
       step   negloglik          mu    sigma.sq 
 2.00000000 88.84053114  1.96128584  0.09010536 
       step   negloglik          mu    sigma.sq 
 3.00000000 88.84053114  1.96128584  0.09010536 
