000 (066.946.000) 07/26 17:14:46 Job submitted from host: <160.36.155.106:9618?addrs=160.36.155.106-9618&noUDP&sock=27742_4872_4>
...
012 (066.946.000) 08/03 14:16:48 Job was held.
	via condor_hold (by user bomeara)
	Code 1 Subcode 0
...
013 (066.946.000) 08/05 22:27:34 Job was released.
	via condor_release (by user bomeara)
...
012 (066.946.000) 08/09 10:35:34 Job was held.
	via condor_hold (by user bomeara)
	Code 1 Subcode 0
...
013 (066.946.000) 08/09 13:04:53 Job was released.
	via condor_release (by user bomeara)
...
001 (066.946.000) 08/16 21:55:56 Job executing on host: <10.130.122.65:9618?addrs=10.130.122.65-9618&noUDP&sock=77628_edfd_4>
...
006 (066.946.000) 08/16 21:56:05 Image size of job updated: 221292
	217  -  MemoryUsage of job (MB)
	221292  -  ResidentSetSize of job (KB)
...
006 (066.946.000) 08/16 22:51:12 Image size of job updated: 229968
	225  -  MemoryUsage of job (MB)
	229968  -  ResidentSetSize of job (KB)
...
006 (066.946.000) 08/17 00:31:22 Image size of job updated: 229984
	225  -  MemoryUsage of job (MB)
	229984  -  ResidentSetSize of job (KB)
...
022 (066.946.000) 08/26 11:26:22 Job disconnected, attempting to reconnect
    Socket between submit and execute hosts closed unexpectedly
    Trying to reconnect to slot1_13@omearaclusterg <10.130.122.65:9618?addrs=10.130.122.65-9618&noUDP&sock=77628_edfd_4>
...
024 (066.946.000) 08/26 12:06:23 Job reconnection failed
    Job disconnected too long: JobLeaseDuration (2400 seconds) expired
    Can not reconnect to slot1_13@omearaclusterg, rescheduling job
...
001 (066.946.000) 08/28 04:08:19 Job executing on host: <10.128.78.255:9618?addrs=10.128.78.255-9618&noUDP&sock=2316_296e_4>
...
005 (066.946.000) 09/03 00:33:02 Job terminated.
	(1) Normal termination (return value 0)
		Usr 5 20:12:29, Sys 0 00:00:55  -  Run Remote Usage
		Usr 0 00:00:00, Sys 0 00:00:00  -  Run Local Usage
		Usr 5 20:12:29, Sys 0 00:00:55  -  Total Remote Usage
		Usr 0 00:00:00, Sys 0 00:00:00  -  Total Local Usage
	29793  -  Run Bytes Sent By Job
	2422  -  Run Bytes Received By Job
	29793  -  Total Bytes Sent By Job
	4844  -  Total Bytes Received By Job
	Partitionable Resources :    Usage  Request Allocated 
	   Cpus                 :     1.00        1         1 
	   Disk (KB)            :    48          75    893021 
	   Memory (MB)          :   245         245       256 
...
