000 (066.1485.000) 07/26 17:14:46 Job submitted from host: <160.36.155.106:9618?addrs=160.36.155.106-9618&noUDP&sock=27742_4872_4>
...
012 (066.1485.000) 08/03 14:17:15 Job was held.
	via condor_hold (by user bomeara)
	Code 1 Subcode 0
...
013 (066.1485.000) 08/05 22:28:02 Job was released.
	via condor_release (by user bomeara)
...
012 (066.1485.000) 08/09 10:36:09 Job was held.
	via condor_hold (by user bomeara)
	Code 1 Subcode 0
...
013 (066.1485.000) 08/09 13:05:20 Job was released.
	via condor_release (by user bomeara)
...
001 (066.1485.000) 09/15 07:18:02 Job executing on host: <10.128.78.255:9618?addrs=10.128.78.255-9618&noUDP&sock=2386_2d0f_4>
...
006 (066.1485.000) 09/15 07:18:11 Image size of job updated: 242988
	238  -  MemoryUsage of job (MB)
	242988  -  ResidentSetSize of job (KB)
...
006 (066.1485.000) 09/15 21:14:38 Image size of job updated: 248380
	243  -  MemoryUsage of job (MB)
	248380  -  ResidentSetSize of job (KB)
...
005 (066.1485.000) 09/16 11:30:47 Job terminated.
	(1) Normal termination (return value 0)
		Usr 1 04:10:19, Sys 0 00:00:20  -  Run Remote Usage
		Usr 0 00:00:00, Sys 0 00:00:00  -  Run Local Usage
		Usr 1 04:10:19, Sys 0 00:00:20  -  Total Remote Usage
		Usr 0 00:00:00, Sys 0 00:00:00  -  Total Local Usage
	32748  -  Run Bytes Sent By Job
	2422  -  Run Bytes Received By Job
	32748  -  Total Bytes Sent By Job
	2422  -  Total Bytes Received By Job
	Partitionable Resources :    Usage  Request Allocated 
	   Cpus                 :     1.00        1         1 
	   Disk (KB)            :    50           4    892794 
	   Memory (MB)          :   243           1       128 
...
