000 (066.008.000) 07/26 17:14:45 Job submitted from host: <160.36.155.106:9618?addrs=160.36.155.106-9618&noUDP&sock=27742_4872_4>
...
001 (066.008.000) 07/26 17:14:47 Job executing on host: <10.128.147.77:9618?addrs=10.128.147.77-9618&noUDP&sock=69960_51c7_4>
...
006 (066.008.000) 07/26 17:14:56 Image size of job updated: 220632
	216  -  MemoryUsage of job (MB)
	220632  -  ResidentSetSize of job (KB)
...
006 (066.008.000) 07/26 17:19:56 Image size of job updated: 225096
	220  -  MemoryUsage of job (MB)
	225096  -  ResidentSetSize of job (KB)
...
005 (066.008.000) 07/26 19:25:55 Job terminated.
	(1) Normal termination (return value 1)
		Usr 0 02:10:56, Sys 0 00:00:02  -  Run Remote Usage
		Usr 0 00:00:00, Sys 0 00:00:00  -  Run Local Usage
		Usr 0 02:10:56, Sys 0 00:00:02  -  Total Remote Usage
		Usr 0 00:00:00, Sys 0 00:00:00  -  Total Local Usage
	1017  -  Run Bytes Sent By Job
	2422  -  Run Bytes Received By Job
	1017  -  Total Bytes Sent By Job
	2422  -  Total Bytes Received By Job
	Partitionable Resources :    Usage  Request Allocated 
	   Cpus                 :     1.00        1         1 
	   Disk (KB)            :    19           4    888417 
	   Memory (MB)          :   220           1       128 
...
