[1] "args"
[1] "66"  "449"
[1] "Now starting analysis"
[1] "Starting with initial values"
         mu    sigma.sq          SE          bt          vh 
0.905630843 0.014212662 0.007106331 1.000000000 0.007106331 
         step     negloglik            mu      sigma.sq            SE 
 1.000000e+00 -2.548397e+01  1.171996e+00  1.103191e-02  1.329793e-04 
           bt            vh 
 8.847252e-01  4.016776e-04 
[1] "New improvement found, resetting step counter"
         step     negloglik            mu      sigma.sq            SE 
 2.000000e+00 -2.550942e+01  1.160078e+00  1.101834e-02  8.242485e-05 
           bt            vh 
 8.763715e-01  2.611772e-04 
         step     negloglik            mu      sigma.sq            SE 
 3.000000e+00 -2.550942e+01  1.160078e+00  1.101834e-02  8.242485e-05 
           bt            vh 
 8.763715e-01  2.611772e-04 
         step     negloglik            mu      sigma.sq            SE 
 4.000000e+00 -2.550942e+01  1.160078e+00  1.101834e-02  8.242485e-05 
           bt            vh 
 8.763715e-01  2.611772e-04 
[1] "Now starting analysis"
[1] "Starting with initial values"
         mu    sigma.sq          bt          vh 
0.905630843 0.014212662 1.000000000 0.007106331 
         step     negloglik            mu      sigma.sq            bt 
 1.000000e+00 -2.541798e+01  9.016529e-01  1.052081e-02  9.094825e-01 
           vh 
 1.766342e-04 
[1] "New improvement found, resetting step counter"
         step     negloglik            mu      sigma.sq            bt 
 2.000000e+00 -2.554438e+01  1.061111e+00  1.051975e-02  9.095820e-01 
           vh 
 9.160257e-06 
         step     negloglik            mu      sigma.sq            bt 
 3.000000e+00 -2.554438e+01  1.061111e+00  1.051975e-02  9.095820e-01 
           vh 
 9.160257e-06 
         step     negloglik            mu      sigma.sq            bt 
 4.000000e+00 -2.554438e+01  1.061111e+00  1.051975e-02  9.095820e-01 
           vh 
 9.160257e-06 
[1] "Now starting analysis"
[1] "Starting with initial values"
         mu    sigma.sq          SE          vh 
0.905630843 0.014212662 0.007106331 0.007106331 
         step     negloglik            mu      sigma.sq            SE 
 1.000000e+00 -2.416064e+01  1.049482e+00  1.101863e-02  1.712850e-05 
           vh 
 7.897452e-03 
[1] "New improvement found, resetting step counter"
         step     negloglik            mu      sigma.sq            SE 
 2.000000e+00 -2.425913e+01  9.051049e-01  1.102314e-02  3.371798e-05 
           vh 
 1.000471e-03 
         step     negloglik            mu      sigma.sq            SE 
 3.000000e+00 -2.425913e+01  9.051049e-01  1.102314e-02  3.371798e-05 
           vh 
 1.000471e-03 
         step     negloglik            mu      sigma.sq            SE 
 4.000000e+00 -2.425913e+01  9.051049e-01  1.102314e-02  3.371798e-05 
           vh 
 1.000471e-03 
[1] "Now starting analysis"
[1] "Starting with initial values"
         mu    sigma.sq          vh 
0.905630843 0.014212662 0.007106331 
         step     negloglik            mu      sigma.sq            vh 
  1.000000000 -24.210622189   1.007597056   0.010682730   0.006475987 
[1] "New improvement found, resetting step counter"
         step     negloglik            mu      sigma.sq            vh 
  2.000000000 -24.256182050   0.890775610   0.010972393   0.004723237 
[1] "New improvement found, but slight; taking the best value, but not resetting the step counter"
         step     negloglik            mu      sigma.sq            vh 
  3.000000000 -24.261266668   0.900860107   0.010836974   0.004627409 
         step     negloglik            mu      sigma.sq            vh 
  4.000000000 -24.261266668   0.900860107   0.010836974   0.004627409 
[1] "Now starting analysis"
[1] "Starting with initial values"
         mu    sigma.sq          SE          bt 
0.905630843 0.014212662 0.007106331 1.000000000 
         step     negloglik            mu      sigma.sq            SE 
 1.000000e+00 -2.543787e+01  9.051923e-01  1.043806e-02  6.307628e-05 
           bt 
 9.058390e-01 
[1] "New improvement found, resetting step counter"
         step     negloglik            mu      sigma.sq            SE 
 2.000000e+00 -2.557977e+01  1.038105e+00  1.043091e-02  5.430457e-05 
           bt 
 8.978041e-01 
         step     negloglik            mu      sigma.sq            SE 
 3.000000e+00 -2.557977e+01  1.038105e+00  1.043091e-02  5.430457e-05 
           bt 
 8.978041e-01 
         step     negloglik            mu      sigma.sq            SE 
 4.000000e+00 -2.557977e+01  1.038105e+00  1.043091e-02  5.430457e-05 
           bt 
 8.978041e-01 
[1] "Now starting analysis"
[1] "Starting with initial values"
        mu   sigma.sq         bt 
0.90563084 0.01421266 1.00000000 
        step    negloglik           mu     sigma.sq           bt 
  1.00000000 -25.54921030   1.01784012   0.01080422   0.88601296 
[1] "New improvement found, resetting step counter"
        step    negloglik           mu     sigma.sq           bt 
  2.00000000 -25.58470828   1.11962413   0.01080422   0.88601296 
        step    negloglik           mu     sigma.sq           bt 
  3.00000000 -25.58470828   1.11962413   0.01080422   0.88601296 
[1] "New improvement found, but slight; taking the best value, but not resetting the step counter"
        step    negloglik           mu     sigma.sq           bt 
  4.00000000 -25.59308133   1.10742369   0.01050031   0.88961712 
[1] "Now starting analysis"
[1] "Starting with initial values"
         mu    sigma.sq          SE 
0.905630843 0.014212662 0.007106331 
         step     negloglik            mu      sigma.sq            SE 
 1.000000e+00 -2.397641e+01  7.855174e-01  9.850571e-03  2.423717e-04 
[1] "New improvement found, resetting step counter"
         step     negloglik            mu      sigma.sq            SE 
 2.000000e+00 -2.405403e+01  9.120903e-01  9.843464e-03  2.150054e-04 
[1] "New improvement found, resetting step counter"
         step     negloglik            mu      sigma.sq            SE 
 3.000000e+00 -2.423604e+01  9.323223e-01  1.047750e-02  8.118369e-05 
[1] "New improvement found, but slight; taking the best value, but not resetting the step counter"
         step     negloglik            mu      sigma.sq            SE 
 4.000000e+00 -2.424283e+01  8.966644e-01  1.121719e-02  1.010305e-05 
         step     negloglik            mu      sigma.sq            SE 
 5.000000e+00 -2.424283e+01  8.966644e-01  1.121719e-02  1.010305e-05 
[1] "Now starting analysis"
[1] "Starting with initial values"
        mu   sigma.sq 
0.90563084 0.01421266 
        step    negloglik           mu     sigma.sq 
  1.00000000 -24.25974486   0.88546088   0.01103986 
        step    negloglik           mu     sigma.sq 
  2.00000000 -24.25974486   0.88546088   0.01103986 
        step    negloglik           mu     sigma.sq 
  3.00000000 -24.25974486   0.88546088   0.01103986 
