000 (066.1410.000) 07/26 17:14:46 Job submitted from host: <160.36.155.106:9618?addrs=160.36.155.106-9618&noUDP&sock=27742_4872_4>
...
012 (066.1410.000) 08/03 14:17:12 Job was held.
	via condor_hold (by user bomeara)
	Code 1 Subcode 0
...
013 (066.1410.000) 08/05 22:27:58 Job was released.
	via condor_release (by user bomeara)
...
012 (066.1410.000) 08/09 10:36:04 Job was held.
	via condor_hold (by user bomeara)
	Code 1 Subcode 0
...
013 (066.1410.000) 08/09 13:05:17 Job was released.
	via condor_release (by user bomeara)
...
001 (066.1410.000) 09/11 08:07:26 Job executing on host: <10.128.78.255:9618?addrs=10.128.78.255-9618&noUDP&sock=2386_2d0f_4>
...
006 (066.1410.000) 09/11 08:07:34 Image size of job updated: 229148
	224  -  MemoryUsage of job (MB)
	229148  -  ResidentSetSize of job (KB)
...
006 (066.1410.000) 09/11 08:12:34 Image size of job updated: 229164
	224  -  MemoryUsage of job (MB)
	229164  -  ResidentSetSize of job (KB)
...
006 (066.1410.000) 09/11 08:44:31 Image size of job updated: 437648
	224  -  MemoryUsage of job (MB)
	229164  -  ResidentSetSize of job (KB)
...
005 (066.1410.000) 09/11 08:44:31 Job terminated.
	(1) Normal termination (return value 0)
		Usr 0 00:36:59, Sys 0 00:00:01  -  Run Remote Usage
		Usr 0 00:00:00, Sys 0 00:00:00  -  Run Local Usage
		Usr 0 00:36:59, Sys 0 00:00:01  -  Total Remote Usage
		Usr 0 00:00:00, Sys 0 00:00:00  -  Total Local Usage
	28651  -  Run Bytes Sent By Job
	2422  -  Run Bytes Received By Job
	28651  -  Total Bytes Sent By Job
	2422  -  Total Bytes Received By Job
	Partitionable Resources :    Usage  Request Allocated 
	   Cpus                 :     1.00        1         1 
	   Disk (KB)            :    46           4    892794 
	   Memory (MB)          :   224           1       128 
...
