[1] "args"
[1] "66"  "282"
[1] "Now starting analysis"
[1] "Starting with initial values"
        mu   sigma.sq         SE         bt         vh 
1.31338710 0.07300362 0.03650181 1.00000000 0.03650181 
        step    negloglik           mu     sigma.sq           SE           bt 
 1.000000000 11.288187995  1.357010476  0.004299872  0.057558070  0.956918513 
          vh 
 0.086538785 
[1] "New improvement found, resetting step counter"
        step    negloglik           mu     sigma.sq           SE           bt 
2.000000e+00 1.036878e+01 1.612577e+00 6.347847e-04 8.706602e-02 5.749021e-01 
          vh 
4.640441e-04 
        step    negloglik           mu     sigma.sq           SE           bt 
3.000000e+00 1.036878e+01 1.612577e+00 6.347847e-04 8.706602e-02 5.749021e-01 
          vh 
4.640441e-04 
        step    negloglik           mu     sigma.sq           SE           bt 
4.000000e+00 1.036878e+01 1.612577e+00 6.347847e-04 8.706602e-02 5.749021e-01 
          vh 
4.640441e-04 
[1] "Now starting analysis"
[1] "Starting with initial values"
        mu   sigma.sq         bt         vh 
1.31338710 0.07300362 1.00000000 0.03650181 
       step   negloglik          mu    sigma.sq          bt          vh 
 1.00000000 26.55304410  1.31338710  0.07300362  1.00000000  0.03650181 
       step   negloglik          mu    sigma.sq          bt          vh 
 2.00000000 26.55304410  1.31338710  0.07300362  1.00000000  0.03650181 
[1] "New improvement found, resetting step counter"
       step   negloglik          mu    sigma.sq          bt          vh 
 3.00000000 26.53571995  1.45610567  0.07096989  0.72172591  0.04606989 
[1] "New improvement found, resetting step counter"
       step   negloglik          mu    sigma.sq          bt          vh 
 4.00000000 26.52363758  1.67233924  0.07275959  0.57935807  0.01990879 
       step   negloglik          mu    sigma.sq          bt          vh 
 5.00000000 26.52363758  1.67233924  0.07275959  0.57935807  0.01990879 
       step   negloglik          mu    sigma.sq          bt          vh 
 6.00000000 26.52363758  1.67233924  0.07275959  0.57935807  0.01990879 
[1] "Now starting analysis"
[1] "Starting with initial values"
        mu   sigma.sq         SE         vh 
1.31338710 0.07300362 0.03650181 0.03650181 
        step    negloglik           mu     sigma.sq           SE           vh 
 1.000000000 11.249476108  1.339012920  0.004525959  0.060683998  0.032057776 
[1] "New improvement found, resetting step counter"
        step    negloglik           mu     sigma.sq           SE           vh 
2.000000e+00 1.118032e+01 1.281933e+00 4.583503e-03 5.819664e-02 5.219997e-04 
        step    negloglik           mu     sigma.sq           SE           vh 
3.000000e+00 1.118032e+01 1.281933e+00 4.583503e-03 5.819664e-02 5.219997e-04 
        step    negloglik           mu     sigma.sq           SE           vh 
4.000000e+00 1.118032e+01 1.281933e+00 4.583503e-03 5.819664e-02 5.219997e-04 
[1] "Now starting analysis"
[1] "Starting with initial values"
        mu   sigma.sq         vh 
1.31338710 0.07300362 0.03650181 
       step   negloglik          mu    sigma.sq          vh 
 1.00000000 26.55304410  1.31338710  0.07300362  0.03650181 
       step   negloglik          mu    sigma.sq          vh 
 2.00000000 26.55304410  1.31338710  0.07300362  0.03650181 
       step   negloglik          mu    sigma.sq          vh 
 3.00000000 26.55304410  1.31338710  0.07300362  0.03650181 
[1] "Now starting analysis"
[1] "Starting with initial values"
        mu   sigma.sq         SE         bt 
1.31338710 0.07300362 0.03650181 1.00000000 
        step    negloglik           mu     sigma.sq           SE           bt 
 1.000000000 10.587502027  1.421176049  0.002290172  0.072939281  0.700138649 
[1] "New improvement found, resetting step counter"
       step   negloglik          mu    sigma.sq          SE          bt 
 2.00000000 10.46707744  1.52406287  0.00205411  0.07862058  0.63619747 
[1] "New improvement found, resetting step counter"
        step    negloglik           mu     sigma.sq           SE           bt 
3.000000e+00 1.013503e+01 1.570820e+00 3.767162e-07 1.036166e-01 6.293268e-01 
[1] "New improvement found, resetting step counter"
        step    negloglik           mu     sigma.sq           SE           bt 
4.000000e+00 1.001158e+01 1.582932e+00 1.908732e-06 1.068684e-01 5.842009e-01 
        step    negloglik           mu     sigma.sq           SE           bt 
5.000000e+00 1.001158e+01 1.582932e+00 1.908732e-06 1.068684e-01 5.842009e-01 
        step    negloglik           mu     sigma.sq           SE           bt 
6.000000e+00 1.001158e+01 1.582932e+00 1.908732e-06 1.068684e-01 5.842009e-01 
[1] "Now starting analysis"
[1] "Starting with initial values"
        mu   sigma.sq         bt 
1.31338710 0.07300362 1.00000000 
       step   negloglik          mu    sigma.sq          bt 
 1.00000000 26.53995066  1.31338710  0.07300362  1.00000000 
       step   negloglik          mu    sigma.sq          bt 
 2.00000000 26.53995066  1.31338710  0.07300362  1.00000000 
       step   negloglik          mu    sigma.sq          bt 
 3.00000000 26.53995066  1.31338710  0.07300362  1.00000000 
[1] "Now starting analysis"
[1] "Starting with initial values"
        mu   sigma.sq         SE 
1.31338710 0.07300362 0.03650181 
        step    negloglik           mu     sigma.sq           SE 
 1.000000000 11.777913314  1.391249873  0.001995484  0.101970296 
[1] "New improvement found, resetting step counter"
        step    negloglik           mu     sigma.sq           SE 
 2.000000000 11.173799850  1.264391392  0.004336754  0.061367202 
        step    negloglik           mu     sigma.sq           SE 
 3.000000000 11.173799850  1.264391392  0.004336754  0.061367202 
        step    negloglik           mu     sigma.sq           SE 
 4.000000000 11.173799850  1.264391392  0.004336754  0.061367202 
[1] "Now starting analysis"
[1] "Starting with initial values"
        mu   sigma.sq 
1.31338710 0.07300362 
       step   negloglik          mu    sigma.sq 
 1.00000000 26.53995066  1.31338710  0.07300362 
       step   negloglik          mu    sigma.sq 
 2.00000000 26.53995066  1.31338710  0.07300362 
       step   negloglik          mu    sigma.sq 
 3.00000000 26.53995066  1.31338710  0.07300362 
