[1] "args"
[1] "66"  "893"
[1] "Now starting analysis"
[1] "Starting with initial values"
        mu   sigma.sq         SE         bt         vh 
1.78321194 0.01403484 0.00701742 1.00000000 0.00701742 
         step     negloglik            mu      sigma.sq            SE 
  1.000000000 -10.074189964   1.959119956   0.011720622   0.001742711 
           bt            vh 
  0.922324830   0.014756273 
[1] "New improvement found, resetting step counter"
         step     negloglik            mu      sigma.sq            SE 
  2.000000000 -10.229529963   1.744621258   0.011682412   0.001696542 
           bt            vh 
  0.942915732   0.016038038 
[1] "New improvement found, resetting step counter"
         step     negloglik            mu      sigma.sq            SE 
  3.000000000 -10.250213989   1.751144967   0.011911181   0.001705835 
           bt            vh 
  0.938243391   0.012785256 
         step     negloglik            mu      sigma.sq            SE 
  4.000000000 -10.250213989   1.751144967   0.011911181   0.001705835 
           bt            vh 
  0.938243391   0.012785256 
         step     negloglik            mu      sigma.sq            SE 
  5.000000000 -10.250213989   1.751144967   0.011911181   0.001705835 
           bt            vh 
  0.938243391   0.012785256 
[1] "Now starting analysis"
[1] "Starting with initial values"
        mu   sigma.sq         bt         vh 
1.78321194 0.01403484 1.00000000 0.00701742 
        step    negloglik           mu     sigma.sq           bt           vh 
 1.000000000 -9.534471803  1.721398222  0.014279571  0.923919752  0.006960167 
[1] "New improvement found, but slight; taking the best value, but not resetting the step counter"
       step   negloglik          mu    sigma.sq          bt          vh 
 2.00000000 -9.54015776  1.78644257  0.01432502  0.92239847  0.01014185 
       step   negloglik          mu    sigma.sq          bt          vh 
 3.00000000 -9.54015776  1.78644257  0.01432502  0.92239847  0.01014185 
[1] "Now starting analysis"
[1] "Starting with initial values"
        mu   sigma.sq         SE         vh 
1.78321194 0.01403484 0.00701742 0.00701742 
        step    negloglik           mu     sigma.sq           SE           vh 
 1.000000000 -9.814187360  1.967997301  0.011948009  0.001571683  0.027853999 
[1] "New improvement found, resetting step counter"
         step     negloglik            mu      sigma.sq            SE 
  2.000000000 -10.105701514   1.652143164   0.011907291   0.001546814 
           vh 
  0.020453621 
         step     negloglik            mu      sigma.sq            SE 
  3.000000000 -10.105701514   1.652143164   0.011907291   0.001546814 
           vh 
  0.020453621 
         step     negloglik            mu      sigma.sq            SE 
  4.000000000 -10.105701514   1.652143164   0.011907291   0.001546814 
           vh 
  0.020453621 
[1] "Now starting analysis"
[1] "Starting with initial values"
        mu   sigma.sq         vh 
1.78321194 0.01403484 0.00701742 
       step   negloglik          mu    sigma.sq          vh 
 1.00000000 -9.31443377  1.71787295  0.01425628  0.01911932 
[1] "New improvement found, but slight; taking the best value, but not resetting the step counter"
       step   negloglik          mu    sigma.sq          vh 
 2.00000000 -9.32043890  1.66602725  0.01411943  0.02273832 
       step   negloglik          mu    sigma.sq          vh 
 3.00000000 -9.32043890  1.66602725  0.01411943  0.02273832 
[1] "Now starting analysis"
[1] "Starting with initial values"
        mu   sigma.sq         SE         bt 
1.78321194 0.01403484 0.00701742 1.00000000 
         step     negloglik            mu      sigma.sq            SE 
  1.000000000 -10.138511144   1.815782693   0.012342537   0.001511264 
           bt 
  0.910574169 
         step     negloglik            mu      sigma.sq            SE 
  2.000000000 -10.138511144   1.815782693   0.012342537   0.001511264 
           bt 
  0.910574169 
         step     negloglik            mu      sigma.sq            SE 
  3.000000000 -10.138511144   1.815782693   0.012342537   0.001511264 
           bt 
  0.910574169 
[1] "Now starting analysis"
[1] "Starting with initial values"
        mu   sigma.sq         bt 
1.78321194 0.01403484 1.00000000 
       step   negloglik          mu    sigma.sq          bt 
 1.00000000 -9.48495909  1.83308595  0.01461524  0.88538097 
[1] "New improvement found, but slight; taking the best value, but not resetting the step counter"
      step  negloglik         mu   sigma.sq         bt 
 2.0000000 -9.4858049  1.8228051  0.0143893  0.8908929 
[1] "New improvement found, but slight; taking the best value, but not resetting the step counter"
       step   negloglik          mu    sigma.sq          bt 
 3.00000000 -9.48685497  1.82803749  0.01456595  0.89417705 
[1] "Now starting analysis"
[1] "Starting with initial values"
        mu   sigma.sq         SE 
1.78321194 0.01403484 0.00701742 
        step    negloglik           mu     sigma.sq           SE 
 1.000000000 -9.351796418  1.669557480  0.012146263  0.002082351 
[1] "New improvement found, but slight; taking the best value, but not resetting the step counter"
        step    negloglik           mu     sigma.sq           SE 
 2.000000000 -9.351902904  1.669583147  0.012115101  0.002062181 
        step    negloglik           mu     sigma.sq           SE 
 3.000000000 -9.351902904  1.669583147  0.012115101  0.002062181 
[1] "Now starting analysis"
[1] "Starting with initial values"
        mu   sigma.sq 
1.78321194 0.01403484 
       step   negloglik          mu    sigma.sq 
 1.00000000 -8.30102452  1.66196844  0.01481304 
       step   negloglik          mu    sigma.sq 
 2.00000000 -8.30102452  1.66196844  0.01481304 
       step   negloglik          mu    sigma.sq 
 3.00000000 -8.30102452  1.66196844  0.01481304 
