000 (066.510.000) 07/26 17:14:46 Job submitted from host: <160.36.155.106:9618?addrs=160.36.155.106-9618&noUDP&sock=27742_4872_4>
...
001 (066.510.000) 08/01 16:52:24 Job executing on host: <10.128.151.149:9618?addrs=10.128.151.149-9618&noUDP&sock=21393_65a7_4>
...
006 (066.510.000) 08/01 16:52:32 Image size of job updated: 230196
	225  -  MemoryUsage of job (MB)
	230196  -  ResidentSetSize of job (KB)
...
005 (066.510.000) 08/01 19:05:42 Job terminated.
	(1) Normal termination (return value 0)
		Usr 0 02:13:16, Sys 0 00:00:01  -  Run Remote Usage
		Usr 0 00:00:00, Sys 0 00:00:00  -  Run Local Usage
		Usr 0 02:13:16, Sys 0 00:00:01  -  Total Remote Usage
		Usr 0 00:00:00, Sys 0 00:00:00  -  Total Local Usage
	28697  -  Run Bytes Sent By Job
	2422  -  Run Bytes Received By Job
	28697  -  Total Bytes Sent By Job
	2422  -  Total Bytes Received By Job
	Partitionable Resources :    Usage  Request Allocated 
	   Cpus                 :     1.00        1         1 
	   Disk (KB)            :    46           4   1811025 
	   Memory (MB)          :   225           1       128 
...
