[1] "args"
[1] "66"   "1430"
[1] "Now starting analysis"
[1] "Starting with initial values"
       mu  sigma.sq        SE        bt        vh 
0.9231526 0.0466130 0.0233065 1.0000000 0.0233065 
       step   negloglik          mu    sigma.sq          SE          bt 
1.000000000 9.486424197 1.095469395 0.010791440 0.030358165 0.813871207 
         vh 
0.000678827 
[1] "New improvement found, resetting step counter"
        step    negloglik           mu     sigma.sq           SE           bt 
2.0000000000 9.2005562064 1.5423285538 0.0094954169 0.0292367204 0.7150169297 
          vh 
0.0001098942 
[1] "New improvement found, resetting step counter"
       step   negloglik          mu    sigma.sq          SE          bt 
3.000000000 9.188530230 1.902838620 0.011767431 0.025569484 0.656630145 
         vh 
0.001077064 
[1] "New improvement found, resetting step counter"
       step   negloglik          mu    sigma.sq          SE          bt 
4.000000000 9.117211341 1.945076439 0.011012570 0.029415202 0.637574412 
         vh 
0.002107505 
[1] "New improvement found, resetting step counter"
        step    negloglik           mu     sigma.sq           SE           bt 
5.000000e+00 9.105421e+00 2.029371e+00 1.078650e-02 2.819173e-02 6.146892e-01 
          vh 
6.394789e-05 
[1] "New improvement found, resetting step counter"
        step    negloglik           mu     sigma.sq           SE           bt 
6.0000000000 9.0900010341 1.8879712990 0.0102072554 0.0305666204 0.6452278581 
          vh 
0.0006772391 
        step    negloglik           mu     sigma.sq           SE           bt 
7.0000000000 9.0900010341 1.8879712990 0.0102072554 0.0305666204 0.6452278581 
          vh 
0.0006772391 
        step    negloglik           mu     sigma.sq           SE           bt 
8.0000000000 9.0900010341 1.8879712990 0.0102072554 0.0305666204 0.6452278581 
          vh 
0.0006772391 
[1] "Now starting analysis"
[1] "Starting with initial values"
       mu  sigma.sq        bt        vh 
0.9231526 0.0466130 1.0000000 0.0233065 
        step    negloglik           mu     sigma.sq           bt           vh 
 1.000000000 17.771305408  1.118335121  0.046074766  0.825346082  0.004227379 
[1] "New improvement found, resetting step counter"
        step    negloglik           mu     sigma.sq           bt           vh 
 2.000000000 17.744777327  1.230168634  0.046074766  0.825346082  0.004227379 
        step    negloglik           mu     sigma.sq           bt           vh 
 3.000000000 17.744777327  1.230168634  0.046074766  0.825346082  0.004227379 
[1] "New improvement found, but slight; taking the best value, but not resetting the step counter"
        step    negloglik           mu     sigma.sq           bt           vh 
 4.000000000 17.738856293  1.249613382  0.047201738  0.809896395  0.002050899 
[1] "Now starting analysis"
[1] "Starting with initial values"
       mu  sigma.sq        SE        vh 
0.9231526 0.0466130 0.0233065 0.0233065 
        step    negloglik           mu     sigma.sq           SE           vh 
1.0000000000 9.6749606143 1.0275625713 0.0104292121 0.0307769713 0.0001183879 
[1] "New improvement found, but slight; taking the best value, but not resetting the step counter"
        step    negloglik           mu     sigma.sq           SE           vh 
2.0000000000 9.6693388983 1.0026916352 0.0104498720 0.0309567229 0.0002709409 
        step    negloglik           mu     sigma.sq           SE           vh 
3.0000000000 9.6693388983 1.0026916352 0.0104498720 0.0309567229 0.0002709409 
[1] "Now starting analysis"
[1] "Starting with initial values"
       mu  sigma.sq        vh 
0.9231526 0.0466130 0.0233065 
        step    negloglik           mu     sigma.sq           vh 
 1.000000000 17.819452576  0.903199054  0.046639708  0.001643397 
[1] "New improvement found, but slight; taking the best value, but not resetting the step counter"
        step    negloglik           mu     sigma.sq           vh 
 2.000000000 17.817431796  0.993518960  0.046639708  0.001643397 
        step    negloglik           mu     sigma.sq           vh 
 3.000000000 17.817431796  0.993518960  0.046639708  0.001643397 
[1] "Now starting analysis"
[1] "Starting with initial values"
       mu  sigma.sq        SE        bt 
0.9231526 0.0466130 0.0233065 1.0000000 
      step  negloglik         mu   sigma.sq         SE         bt 
1.00000000 9.08837144 1.94579224 0.01033255 0.03136784 0.63329383 
[1] "New improvement found, but slight; taking the best value, but not resetting the step counter"
      step  negloglik         mu   sigma.sq         SE         bt 
2.00000000 9.08385812 1.95255651 0.01004983 0.03012976 0.63419883 
[1] "New improvement found, but slight; taking the best value, but not resetting the step counter"
       step   negloglik          mu    sigma.sq          SE          bt 
3.000000000 9.083666114 1.982407306 0.009871881 0.031714789 0.622022111 
[1] "Now starting analysis"
[1] "Starting with initial values"
       mu  sigma.sq        bt 
0.9231526 0.0466130 1.0000000 
       step   negloglik          mu    sigma.sq          bt 
 1.00000000 17.77397965  1.07118502  0.04696022  0.83692130 
[1] "New improvement found, resetting step counter"
       step   negloglik          mu    sigma.sq          bt 
 2.00000000 17.74636821  1.17830352  0.04696022  0.83692130 
[1] "New improvement found, but slight; taking the best value, but not resetting the step counter"
       step   negloglik          mu    sigma.sq          bt 
 3.00000000 17.73809274  1.23709396  0.04715481  0.80910511 
[1] "New improvement found, resetting step counter"
       step   negloglik          mu    sigma.sq          bt 
 4.00000000 17.71718875  1.40287715  0.04656099  0.74390155 
       step   negloglik          mu    sigma.sq          bt 
 5.00000000 17.71718875  1.40287715  0.04656099  0.74390155 
       step   negloglik          mu    sigma.sq          bt 
 6.00000000 17.71718875  1.40287715  0.04656099  0.74390155 
[1] "Now starting analysis"
[1] "Starting with initial values"
       mu  sigma.sq        SE 
0.9231526 0.0466130 0.0233065 
      step  negloglik         mu   sigma.sq         SE 
1.00000000 9.66439617 0.94116855 0.01063240 0.02891083 
[1] "New improvement found, but slight; taking the best value, but not resetting the step counter"
      step  negloglik         mu   sigma.sq         SE 
2.00000000 9.66055252 0.98699087 0.01117867 0.03083677 
      step  negloglik         mu   sigma.sq         SE 
3.00000000 9.66055252 0.98699087 0.01117867 0.03083677 
[1] "Now starting analysis"
[1] "Starting with initial values"
       mu  sigma.sq 
0.9231526 0.0466130 
      step  negloglik         mu   sigma.sq 
 1.0000000 17.8155795  0.9231526  0.0466130 
      step  negloglik         mu   sigma.sq 
 2.0000000 17.8155795  0.9231526  0.0466130 
      step  negloglik         mu   sigma.sq 
 3.0000000 17.8155795  0.9231526  0.0466130 
