000 (066.1757.000) 07/26 17:14:46 Job submitted from host: <160.36.155.106:9618?addrs=160.36.155.106-9618&noUDP&sock=27742_4872_4>
...
012 (066.1757.000) 08/03 14:17:29 Job was held.
	via condor_hold (by user bomeara)
	Code 1 Subcode 0
...
013 (066.1757.000) 08/05 22:28:16 Job was released.
	via condor_release (by user bomeara)
...
012 (066.1757.000) 08/09 10:36:27 Job was held.
	via condor_hold (by user bomeara)
	Code 1 Subcode 0
...
013 (066.1757.000) 08/09 13:05:35 Job was released.
	via condor_release (by user bomeara)
...
012 (066.1757.000) 09/23 13:38:03 Job was held.
	via condor_hold (by user bomeara)
	Code 1 Subcode 0
...
013 (066.1757.000) 09/24 14:49:54 Job was released.
	via condor_release (by user bomeara)
...
001 (066.1757.000) 10/01 23:08:10 Job executing on host: <10.131.171.171:9618?addrs=10.131.171.171-9618&noUDP&sock=2227_1d80_4>
...
006 (066.1757.000) 10/01 23:08:18 Image size of job updated: 243592
	238  -  MemoryUsage of job (MB)
	243592  -  ResidentSetSize of job (KB)
...
006 (066.1757.000) 10/01 23:28:20 Image size of job updated: 245576
	240  -  MemoryUsage of job (MB)
	245576  -  ResidentSetSize of job (KB)
...
006 (066.1757.000) 10/01 23:58:24 Image size of job updated: 245588
	240  -  MemoryUsage of job (MB)
	245588  -  ResidentSetSize of job (KB)
...
022 (066.1757.000) 10/04 13:16:09 Job disconnected, attempting to reconnect
    Socket between submit and execute hosts closed unexpectedly
    Trying to reconnect to slot1_6@omearaclusterb <10.131.171.171:9618?addrs=10.131.171.171-9618&noUDP&sock=2227_1d80_4>
...
024 (066.1757.000) 10/04 13:56:10 Job reconnection failed
    Job disconnected too long: JobLeaseDuration (2400 seconds) expired
    Can not reconnect to slot1_6@omearaclusterb, rescheduling job
...
001 (066.1757.000) 10/06 14:11:31 Job executing on host: <10.128.147.77:9618?addrs=10.128.147.77-9618&noUDP&sock=2387_dca7_4>
...
005 (066.1757.000) 10/16 03:13:22 Job terminated.
	(1) Normal termination (return value 0)
		Usr 9 12:51:45, Sys 0 00:01:22  -  Run Remote Usage
		Usr 0 00:00:00, Sys 0 00:00:00  -  Run Local Usage
		Usr 9 12:51:45, Sys 0 00:01:22  -  Total Remote Usage
		Usr 0 00:00:00, Sys 0 00:00:00  -  Total Local Usage
	32023  -  Run Bytes Sent By Job
	2422  -  Run Bytes Received By Job
	32023  -  Total Bytes Sent By Job
	4844  -  Total Bytes Received By Job
	Partitionable Resources :    Usage  Request Allocated 
	   Cpus                 :     1.00        1         1 
	   Disk (KB)            :    50          75    888593 
	   Memory (MB)          :   245         245       256 
...
