[1] "args"
[1] "66"  "986"
[1] "Now starting analysis"
[1] "Starting with initial values"
       mu  sigma.sq        SE        bt        vh 
0.9346044 0.5651667 0.2825834 1.0000000 0.2825834 
        step    negloglik           mu     sigma.sq           SE           bt 
 1.000000000 16.451007817  1.373967312  0.007329583  0.076740241  0.902929235 
          vh 
 0.280365949 
[1] "New improvement found, resetting step counter"
        step    negloglik           mu     sigma.sq           SE           bt 
 2.000000000 15.466320246  1.476478262  0.007021384  0.085562550  0.740952972 
          vh 
 0.002352833 
        step    negloglik           mu     sigma.sq           SE           bt 
 3.000000000 15.466320246  1.476478262  0.007021384  0.085562550  0.740952972 
          vh 
 0.002352833 
[1] "New improvement found, resetting step counter"
        step    negloglik           mu     sigma.sq           SE           bt 
 4.000000000 15.418564465  1.511784459  0.008113173  0.077481461  0.721560723 
          vh 
 0.001175349 
        step    negloglik           mu     sigma.sq           SE           bt 
 5.000000000 15.418564465  1.511784459  0.008113173  0.077481461  0.721560723 
          vh 
 0.001175349 
        step    negloglik           mu     sigma.sq           SE           bt 
 6.000000000 15.418564465  1.511784459  0.008113173  0.077481461  0.721560723 
          vh 
 0.001175349 
[1] "Now starting analysis"
[1] "Starting with initial values"
       mu  sigma.sq        bt        vh 
0.9346044 0.5651667 1.0000000 0.2825834 
       step   negloglik          mu    sigma.sq          bt          vh 
 1.00000000 53.05920208  1.24602353  0.54420489  0.70216574  0.01289785 
[1] "New improvement found, but slight; taking the best value, but not resetting the step counter"
       step   negloglik          mu    sigma.sq          bt          vh 
 2.00000000 53.05547951  1.37062588  0.54420489  0.70216574  0.01289785 
       step   negloglik          mu    sigma.sq          bt          vh 
 3.00000000 53.05547951  1.37062588  0.54420489  0.70216574  0.01289785 
[1] "Now starting analysis"
[1] "Starting with initial values"
       mu  sigma.sq        SE        vh 
0.9346044 0.5651667 0.2825834 0.2825834 
        step    negloglik           mu     sigma.sq           SE           vh 
 1.000000000 17.415467555  1.350896609  0.006631001  0.081973138  0.671113272 
[1] "New improvement found, resetting step counter"
        step    negloglik           mu     sigma.sq           SE           vh 
 2.000000000 16.420147620  0.977001724  0.007120654  0.080601909  0.139286915 
[1] "New improvement found, but slight; taking the best value, but not resetting the step counter"
       step   negloglik          mu    sigma.sq          SE          vh 
 3.00000000 16.41144871  0.92795422  0.00662492  0.08305539  0.15313207 
       step   negloglik          mu    sigma.sq          SE          vh 
 4.00000000 16.41144871  0.92795422  0.00662492  0.08305539  0.15313207 
[1] "Now starting analysis"
[1] "Starting with initial values"
       mu  sigma.sq        vh 
0.9346044 0.5651667 0.2825834 
      step  negloglik         mu   sigma.sq         vh 
 1.0000000 53.2524500  0.9346044  0.5651667  0.2825834 
      step  negloglik         mu   sigma.sq         vh 
 2.0000000 53.2524500  0.9346044  0.5651667  0.2825834 
      step  negloglik         mu   sigma.sq         vh 
 3.0000000 53.2524500  0.9346044  0.5651667  0.2825834 
[1] "Now starting analysis"
[1] "Starting with initial values"
       mu  sigma.sq        SE        bt 
0.9346044 0.5651667 0.2825834 1.0000000 
        step    negloglik           mu     sigma.sq           SE           bt 
 1.000000000 15.592390968  1.281715800  0.007177937  0.083691694  0.739398706 
[1] "New improvement found, resetting step counter"
        step    negloglik           mu     sigma.sq           SE           bt 
 2.000000000 15.449679852  1.428809307  0.008154043  0.078348939  0.738595857 
[1] "New improvement found, resetting step counter"
        step    negloglik           mu     sigma.sq           SE           bt 
 3.000000000 15.414873800  1.552820765  0.008416865  0.077872434  0.729628060 
[1] "New improvement found, but slight; taking the best value, but not resetting the step counter"
        step    negloglik           mu     sigma.sq           SE           bt 
 4.000000000 15.410679759  1.579135539  0.008687419  0.077517861  0.720320578 
        step    negloglik           mu     sigma.sq           SE           bt 
 5.000000000 15.410679759  1.579135539  0.008687419  0.077517861  0.720320578 
[1] "Now starting analysis"
[1] "Starting with initial values"
       mu  sigma.sq        bt 
0.9346044 0.5651667 1.0000000 
      step  negloglik         mu   sigma.sq         bt 
 1.0000000 53.0714838  1.0475673  0.5373889  0.7685185 
[1] "New improvement found, but slight; taking the best value, but not resetting the step counter"
      step  negloglik         mu   sigma.sq         bt 
 2.0000000 53.0679927  1.1523241  0.5373889  0.7685185 
      step  negloglik         mu   sigma.sq         bt 
 3.0000000 53.0679927  1.1523241  0.5373889  0.7685185 
[1] "Now starting analysis"
[1] "Starting with initial values"
       mu  sigma.sq        SE 
0.9346044 0.5651667 0.2825834 
       step   negloglik          mu    sigma.sq          SE 
 1.00000000 18.28917817  1.10341773  0.00990861  0.08973228 
[1] "New improvement found, resetting step counter"
       step   negloglik          mu    sigma.sq          SE 
 2.00000000 18.23922800  0.97248008  0.01056319  0.09235365 
[1] "New improvement found, but slight; taking the best value, but not resetting the step counter"
       step   negloglik          mu    sigma.sq          SE 
 3.00000000 18.23451873  0.97081367  0.01014506  0.09430281 
       step   negloglik          mu    sigma.sq          SE 
 4.00000000 18.23451873  0.97081367  0.01014506  0.09430281 
[1] "Now starting analysis"
[1] "Starting with initial values"
       mu  sigma.sq 
0.9346044 0.5651667 
      step  negloglik         mu   sigma.sq 
 1.0000000 53.1572212  0.9346044  0.5651667 
      step  negloglik         mu   sigma.sq 
 2.0000000 53.1572212  0.9346044  0.5651667 
      step  negloglik         mu   sigma.sq 
 3.0000000 53.1572212  0.9346044  0.5651667 
