000 (066.1207.000) 07/26 17:14:46 Job submitted from host: <160.36.155.106:9618?addrs=160.36.155.106-9618&noUDP&sock=27742_4872_4>
...
012 (066.1207.000) 08/03 14:17:01 Job was held.
	via condor_hold (by user bomeara)
	Code 1 Subcode 0
...
013 (066.1207.000) 08/05 22:27:48 Job was released.
	via condor_release (by user bomeara)
...
012 (066.1207.000) 08/09 10:35:51 Job was held.
	via condor_hold (by user bomeara)
	Code 1 Subcode 0
...
013 (066.1207.000) 08/09 13:05:06 Job was released.
	via condor_release (by user bomeara)
...
001 (066.1207.000) 08/30 15:09:28 Job executing on host: <10.129.169.104:9618?addrs=10.129.169.104-9618&noUDP&sock=2319_3837_4>
...
006 (066.1207.000) 08/30 15:09:36 Image size of job updated: 233940
	229  -  MemoryUsage of job (MB)
	233940  -  ResidentSetSize of job (KB)
...
006 (066.1207.000) 08/30 15:14:36 Image size of job updated: 247460
	242  -  MemoryUsage of job (MB)
	247460  -  ResidentSetSize of job (KB)
...
006 (066.1207.000) 08/30 17:04:46 Image size of job updated: 249324
	244  -  MemoryUsage of job (MB)
	249324  -  ResidentSetSize of job (KB)
...
005 (066.1207.000) 08/30 20:27:35 Job terminated.
	(1) Normal termination (return value 0)
		Usr 0 05:17:34, Sys 0 00:00:03  -  Run Remote Usage
		Usr 0 00:00:00, Sys 0 00:00:00  -  Run Local Usage
		Usr 0 05:17:34, Sys 0 00:00:03  -  Total Remote Usage
		Usr 0 00:00:00, Sys 0 00:00:00  -  Total Local Usage
	31224  -  Run Bytes Sent By Job
	2422  -  Run Bytes Received By Job
	31224  -  Total Bytes Sent By Job
	2422  -  Total Bytes Received By Job
	Partitionable Resources :    Usage  Request Allocated 
	   Cpus                 :     1.00        1         1 
	   Disk (KB)            :    48           4    206228 
	   Memory (MB)          :   244           1       128 
...
