[1] "args"
[1] "66"   "1205"
[1] "Now starting analysis"
[1] "Starting with initial values"
        mu   sigma.sq         SE         bt         vh 
0.83426094 0.13831794 0.06915897 1.00000000 0.06915897 
       step   negloglik          mu    sigma.sq          SE          bt 
 1.00000000 50.60156420  0.85323620  0.01112432  0.07407224  1.06754894 
         vh 
 0.12551141 
[1] "New improvement found, resetting step counter"
        step    negloglik           mu     sigma.sq           SE           bt 
 2.000000000 49.552117618  0.906992434  0.011827138  0.072465399  1.028146286 
          vh 
 0.002022145 
[1] "New improvement found, resetting step counter"
        step    negloglik           mu     sigma.sq           SE           bt 
3.000000e+00 4.950304e+01 9.085901e-01 1.108416e-02 7.032684e-02 9.859679e-01 
          vh 
8.811286e-04 
        step    negloglik           mu     sigma.sq           SE           bt 
4.000000e+00 4.950304e+01 9.085901e-01 1.108416e-02 7.032684e-02 9.859679e-01 
          vh 
8.811286e-04 
        step    negloglik           mu     sigma.sq           SE           bt 
5.000000e+00 4.950304e+01 9.085901e-01 1.108416e-02 7.032684e-02 9.859679e-01 
          vh 
8.811286e-04 
[1] "Now starting analysis"
[1] "Starting with initial values"
        mu   sigma.sq         bt         vh 
0.83426094 0.13831794 1.00000000 0.06915897 
        step    negloglik           mu     sigma.sq           bt           vh 
 1.000000000 92.784946849  0.829990392  0.133870945  1.012950519  0.004676284 
        step    negloglik           mu     sigma.sq           bt           vh 
 2.000000000 92.784946849  0.829990392  0.133870945  1.012950519  0.004676284 
        step    negloglik           mu     sigma.sq           bt           vh 
 3.000000000 92.784946849  0.829990392  0.133870945  1.012950519  0.004676284 
[1] "Now starting analysis"
[1] "Starting with initial values"
        mu   sigma.sq         SE         vh 
0.83426094 0.13831794 0.06915897 0.06915897 
       step   negloglik          mu    sigma.sq          SE          vh 
 1.00000000 50.24091370  0.83236255  0.01126825  0.06912292  0.09177047 
[1] "New improvement found, resetting step counter"
        step    negloglik           mu     sigma.sq           SE           vh 
2.000000e+00 4.947107e+01 8.886307e-01 1.107597e-02 7.243534e-02 3.724757e-04 
        step    negloglik           mu     sigma.sq           SE           vh 
3.000000e+00 4.947107e+01 8.886307e-01 1.107597e-02 7.243534e-02 3.724757e-04 
        step    negloglik           mu     sigma.sq           SE           vh 
4.000000e+00 4.947107e+01 8.886307e-01 1.107597e-02 7.243534e-02 3.724757e-04 
[1] "Now starting analysis"
[1] "Starting with initial values"
        mu   sigma.sq         vh 
0.83426094 0.13831794 0.06915897 
        step    negloglik           mu     sigma.sq           vh 
 1.000000000 92.791429519  0.899776426  0.136775695  0.003870577 
        step    negloglik           mu     sigma.sq           vh 
 2.000000000 92.791429519  0.899776426  0.136775695  0.003870577 
        step    negloglik           mu     sigma.sq           vh 
 3.000000000 92.791429519  0.899776426  0.136775695  0.003870577 
[1] "Now starting analysis"
[1] "Starting with initial values"
        mu   sigma.sq         SE         bt 
0.83426094 0.13831794 0.06915897 1.00000000 
       step   negloglik          mu    sigma.sq          SE          bt 
 1.00000000 49.56735064  0.87590470  0.01190084  0.07016383  1.04587431 
[1] "New improvement found, resetting step counter"
       step   negloglik          mu    sigma.sq          SE          bt 
 2.00000000 49.49769437  0.90523921  0.01173028  0.07077442  1.01536340 
[1] "New improvement found, resetting step counter"
       step   negloglik          mu    sigma.sq          SE          bt 
 3.00000000 49.46462304  0.78110228  0.01147576  0.07166765  0.99935368 
       step   negloglik          mu    sigma.sq          SE          bt 
 4.00000000 49.46462304  0.78110228  0.01147576  0.07166765  0.99935368 
       step   negloglik          mu    sigma.sq          SE          bt 
 5.00000000 49.46462304  0.78110228  0.01147576  0.07166765  0.99935368 
[1] "Now starting analysis"
[1] "Starting with initial values"
       mu  sigma.sq        bt 
0.8342609 0.1383179 1.0000000 
      step  negloglik         mu   sigma.sq         bt 
 1.0000000 92.7717456  0.8696776  0.1320679  1.0354167 
      step  negloglik         mu   sigma.sq         bt 
 2.0000000 92.7717456  0.8696776  0.1320679  1.0354167 
[1] "New improvement found, but slight; taking the best value, but not resetting the step counter"
      step  negloglik         mu   sigma.sq         bt 
 3.0000000 92.7628938  0.8553252  0.1335627  1.0215324 
[1] "Now starting analysis"
[1] "Starting with initial values"
        mu   sigma.sq         SE 
0.83426094 0.13831794 0.06915897 
       step   negloglik          mu    sigma.sq          SE 
 1.00000000 49.48330993  0.89976602  0.01077520  0.07171439 
       step   negloglik          mu    sigma.sq          SE 
 2.00000000 49.48330993  0.89976602  0.01077520  0.07171439 
[1] "New improvement found, but slight; taking the best value, but not resetting the step counter"
       step   negloglik          mu    sigma.sq          SE 
 3.00000000 49.47623341  0.85694265  0.01071711  0.07447223 
[1] "Now starting analysis"
[1] "Starting with initial values"
       mu  sigma.sq 
0.8342609 0.1383179 
      step  negloglik         mu   sigma.sq 
 1.0000000 92.7832198  0.8342609  0.1383179 
      step  negloglik         mu   sigma.sq 
 2.0000000 92.7832198  0.8342609  0.1383179 
      step  negloglik         mu   sigma.sq 
 3.0000000 92.7832198  0.8342609  0.1383179 
