[1] "args"
[1] "66"  "350"
[1] "Now starting analysis"
[1] "Starting with initial values"
        mu   sigma.sq         SE         bt         vh 
0.20371405 0.06035077 0.03017538 1.00000000 0.03017538 
        step    negloglik           mu     sigma.sq           SE           bt 
 1.000000000 14.668500950  0.255300147  0.009083202  0.045446274  1.068739158 
          vh 
 0.500594073 
[1] "New improvement found, but slight; taking the best value, but not resetting the step counter"
        step    negloglik           mu     sigma.sq           SE           bt 
 2.000000000 14.664384223  0.255300147  0.009083202  0.045446274  1.068739158 
          vh 
 0.607467989 
        step    negloglik           mu     sigma.sq           SE           bt 
 3.000000000 14.664384223  0.255300147  0.009083202  0.045446274  1.068739158 
          vh 
 0.607467989 
[1] "Now starting analysis"
[1] "Starting with initial values"
        mu   sigma.sq         bt         vh 
0.20371405 0.06035077 1.00000000 0.03017538 
        step    negloglik           mu     sigma.sq           bt           vh 
 1.000000000 21.961715292 -0.219110443  0.063105262  1.213985483  0.009276227 
        step    negloglik           mu     sigma.sq           bt           vh 
 2.000000000 21.961715292 -0.219110443  0.063105262  1.213985483  0.009276227 
