[1] "args"
[1] "66"   "1281"
[1] "Now starting analysis"
[1] "Starting with initial values"
        mu   sigma.sq         SE         bt         vh 
2.05321148 0.08650177 0.04325088 1.00000000 0.04325088 
        step    negloglik           mu     sigma.sq           SE           bt 
 1.000000000 46.642642029  1.841171603  0.010197612  0.076983152  1.399808867 
          vh 
 0.009336742 
[1] "New improvement found, resetting step counter"
        step    negloglik           mu     sigma.sq           SE           bt 
2.000000e+00 4.610892e+01 1.446585e+00 8.938401e-03 7.970699e-02 1.375170e+00 
          vh 
4.796536e-04 
[1] "New improvement found, resetting step counter"
        step    negloglik           mu     sigma.sq           SE           bt 
 3.000000000 46.093621588  1.452008463  0.008999547  0.080835042  1.421018781 
          vh 
 0.001474227 
        step    negloglik           mu     sigma.sq           SE           bt 
 4.000000000 46.093621588  1.452008463  0.008999547  0.080835042  1.421018781 
          vh 
 0.001474227 
        step    negloglik           mu     sigma.sq           SE           bt 
 5.000000000 46.093621588  1.452008463  0.008999547  0.080835042  1.421018781 
          vh 
 0.001474227 
[1] "Now starting analysis"
[1] "Starting with initial values"
        mu   sigma.sq         bt         vh 
2.05321148 0.08650177 1.00000000 0.04325088 
       step   negloglik          mu    sigma.sq          bt          vh 
 1.00000000 71.84270278  2.05321148  0.08650177  1.20532115  0.04325088 
       step   negloglik          mu    sigma.sq          bt          vh 
 2.00000000 71.84270278  2.05321148  0.08650177  1.20532115  0.04325088 
[1] "New improvement found, resetting step counter"
       step   negloglik          mu    sigma.sq          bt          vh 
 3.00000000 71.75237717  1.40424025  0.08747886  1.56240596  0.02168355 
       step   negloglik          mu    sigma.sq          bt          vh 
 4.00000000 71.75237717  1.40424025  0.08747886  1.56240596  0.02168355 
       step   negloglik          mu    sigma.sq          bt          vh 
 5.00000000 71.75237717  1.40424025  0.08747886  1.56240596  0.02168355 
[1] "Now starting analysis"
[1] "Starting with initial values"
        mu   sigma.sq         SE         vh 
2.05321148 0.08650177 0.04325088 0.04325088 
        step    negloglik           mu     sigma.sq           SE           vh 
1.000000e+00 4.814891e+01 2.480909e+00 1.129798e-02 6.279737e-02 1.034709e-04 
[1] "New improvement found, resetting step counter"
        step    negloglik           mu     sigma.sq           SE           vh 
 2.000000000 47.396083687  2.155782087  0.009241585  0.076629623  0.045813059 
[1] "New improvement found, resetting step counter"
        step    negloglik           mu     sigma.sq           SE           vh 
3.000000e+00 4.714239e+01 2.022280e+00 1.016777e-02 7.907041e-02 8.743971e-05 
        step    negloglik           mu     sigma.sq           SE           vh 
4.000000e+00 4.714239e+01 2.022280e+00 1.016777e-02 7.907041e-02 8.743971e-05 
        step    negloglik           mu     sigma.sq           SE           vh 
5.000000e+00 4.714239e+01 2.022280e+00 1.016777e-02 7.907041e-02 8.743971e-05 
[1] "Now starting analysis"
[1] "Starting with initial values"
        mu   sigma.sq         vh 
2.05321148 0.08650177 0.04325088 
       step   negloglik          mu    sigma.sq          vh 
 1.00000000 71.89476243  2.05321148  0.08650177  0.04325088 
       step   negloglik          mu    sigma.sq          vh 
 2.00000000 71.89476243  2.05321148  0.08650177  0.04325088 
       step   negloglik          mu    sigma.sq          vh 
 3.00000000 71.89476243  2.05321148  0.08650177  0.04325088 
[1] "Now starting analysis"
[1] "Starting with initial values"
        mu   sigma.sq         SE         bt 
2.05321148 0.08650177 0.04325088 1.00000000 
        step    negloglik           mu     sigma.sq           SE           bt 
 1.000000000 46.727832859  2.024061174  0.008511589  0.083163346  1.188805525 
[1] "New improvement found, resetting step counter"
        step    negloglik           mu     sigma.sq           SE           bt 
 2.000000000 46.035218373  1.163369552  0.008980505  0.078438368  1.587959756 
        step    negloglik           mu     sigma.sq           SE           bt 
 3.000000000 46.035218373  1.163369552  0.008980505  0.078438368  1.587959756 
        step    negloglik           mu     sigma.sq           SE           bt 
 4.000000000 46.035218373  1.163369552  0.008980505  0.078438368  1.587959756 
[1] "Now starting analysis"
[1] "Starting with initial values"
        mu   sigma.sq         bt 
2.05321148 0.08650177 1.00000000 
       step   negloglik          mu    sigma.sq          bt 
 1.00000000 71.79452469  2.05321148  0.08650177  1.20532115 
       step   negloglik          mu    sigma.sq          bt 
 2.00000000 71.79452469  2.05321148  0.08650177  1.20532115 
       step   negloglik          mu    sigma.sq          bt 
 3.00000000 71.79452469  2.05321148  0.08650177  1.20532115 
[1] "Now starting analysis"
[1] "Starting with initial values"
        mu   sigma.sq         SE 
2.05321148 0.08650177 0.04325088 
        step    negloglik           mu     sigma.sq           SE 
 1.000000000 47.141601851  1.991654773  0.009671107  0.078510287 
        step    negloglik           mu     sigma.sq           SE 
 2.000000000 47.141601851  1.991654773  0.009671107  0.078510287 
        step    negloglik           mu     sigma.sq           SE 
 3.000000000 47.141601851  1.991654773  0.009671107  0.078510287 
[1] "Now starting analysis"
[1] "Starting with initial values"
        mu   sigma.sq 
2.05321148 0.08650177 
       step   negloglik          mu    sigma.sq 
 1.00000000 71.84696564  2.05321148  0.08650177 
       step   negloglik          mu    sigma.sq 
 2.00000000 71.84696564  2.05321148  0.08650177 
       step   negloglik          mu    sigma.sq 
 3.00000000 71.84696564  2.05321148  0.08650177 
