[1] "args"
[1] "66"   "1107"
[1] "Now starting analysis"
[1] "Starting with initial values"
         mu    sigma.sq          SE          bt          vh 
0.063291103 0.009210301 0.004605150 1.000000000 0.004605150 
         step     negloglik            mu      sigma.sq            SE 
 1.000000e+00 -4.578361e+01  7.235485e-01  7.077338e-03  1.497476e-04 
           bt            vh 
 4.916592e-01  5.179349e-01 
[1] "New improvement found, resetting step counter"
         step     negloglik            mu      sigma.sq            SE 
 2.000000e+00 -4.682019e+01  2.037812e+00  7.044272e-03  1.276827e-04 
           bt            vh 
 2.339400e-01  1.170625e-01 
         step     negloglik            mu      sigma.sq            SE 
 3.000000e+00 -4.682019e+01  2.037812e+00  7.044272e-03  1.276827e-04 
           bt            vh 
 2.339400e-01  1.170625e-01 
[1] "New improvement found, but slight; taking the best value, but not resetting the step counter"
         step     negloglik            mu      sigma.sq            SE 
 4.000000e+00 -4.682328e+01  1.941429e+00  7.105505e-03  1.796912e-04 
           bt            vh 
 2.403970e-01  1.398560e-01 
[1] "Now starting analysis"
[1] "Starting with initial values"
         mu    sigma.sq          bt          vh 
0.063291103 0.009210301 1.000000000 0.004605150 
         step     negloglik            mu      sigma.sq            bt 
  1.000000000 -46.706439496   1.677448673   0.007647636   0.298339761 
           vh 
  0.130165443 
[1] "New improvement found, resetting step counter"
         step     negloglik            mu      sigma.sq            bt 
  2.000000000 -46.762549422   1.802874957   0.007292177   0.276483558 
           vh 
  0.176730958 
[1] "New improvement found, resetting step counter"
         step     negloglik            mu      sigma.sq            bt 
  3.000000000 -46.772770044   1.815971881   0.007425366   0.280791676 
           vh 
  0.153383996 
         step     negloglik            mu      sigma.sq            bt 
  4.000000000 -46.772770044   1.815971881   0.007425366   0.280791676 
           vh 
  0.153383996 
         step     negloglik            mu      sigma.sq            bt 
  5.000000000 -46.772770044   1.815971881   0.007425366   0.280791676 
           vh 
  0.153383996 
[1] "Now starting analysis"
[1] "Starting with initial values"
         mu    sigma.sq          SE          vh 
0.063291103 0.009210301 0.004605150 0.004605150 
         step     negloglik            mu      sigma.sq            SE 
 1.000000e+00 -4.457391e+01  7.646404e-01  7.275469e-03  5.605590e-05 
           vh 
 3.498030e-01 
[1] "New improvement found, resetting step counter"
         step     negloglik            mu      sigma.sq            SE 
 2.000000e+00 -4.488858e+01  5.840449e-01  7.273291e-03  5.416854e-05 
           vh 
 5.920783e-01 
[1] "New improvement found, resetting step counter"
         step     negloglik            mu      sigma.sq            SE 
 3.000000e+00 -4.490035e+01  5.620201e-01  7.286880e-03  9.251493e-05 
           vh 
 6.045491e-01 
         step     negloglik            mu      sigma.sq            SE 
 4.000000e+00 -4.490035e+01  5.620201e-01  7.286880e-03  9.251493e-05 
           vh 
 6.045491e-01 
         step     negloglik            mu      sigma.sq            SE 
 5.000000e+00 -4.490035e+01  5.620201e-01  7.286880e-03  9.251493e-05 
           vh 
 6.045491e-01 
[1] "Now starting analysis"
[1] "Starting with initial values"
         mu    sigma.sq          vh 
0.063291103 0.009210301 0.004605150 
         step     negloglik            mu      sigma.sq            vh 
  1.000000000 -44.785617016  -0.101793190   0.007276406   0.513922718 
[1] "New improvement found, resetting step counter"
         step     negloglik            mu      sigma.sq            vh 
  2.000000000 -44.817182607  -0.050400918   0.007276406   0.513922718 
