[1] "args"
[1] "66"  "936"
[1] "Now starting analysis"
[1] "Starting with initial values"
         mu    sigma.sq          SE          bt          vh 
1.623674806 0.007893648 0.003946824 1.000000000 0.003946824 
         step     negloglik            mu      sigma.sq            SE 
 1.000000e+00 -1.194033e+01  1.640254e+00  8.166973e-03  7.996042e-07 
           bt            vh 
 9.954317e-01  2.787156e-02 
[1] "New improvement found, resetting step counter"
         step     negloglik            mu      sigma.sq            SE 
 2.000000e+00 -1.199382e+01  1.656305e+00  8.167993e-03  4.126443e-06 
           bt            vh 
 9.694456e-01  1.039602e-03 
[1] "New improvement found, resetting step counter"
         step     negloglik            mu      sigma.sq            SE 
 3.000000e+00 -1.201123e+01  1.668362e+00  7.831692e-03  5.648883e-07 
           bt            vh 
 9.462423e-01  1.158809e-03 
         step     negloglik            mu      sigma.sq            SE 
 4.000000e+00 -1.201123e+01  1.668362e+00  7.831692e-03  5.648883e-07 
           bt            vh 
 9.462423e-01  1.158809e-03 
         step     negloglik            mu      sigma.sq            SE 
 5.000000e+00 -1.201123e+01  1.668362e+00  7.831692e-03  5.648883e-07 
           bt            vh 
 9.462423e-01  1.158809e-03 
[1] "Now starting analysis"
[1] "Starting with initial values"
         mu    sigma.sq          bt          vh 
1.623674806 0.007893648 1.000000000 0.003946824 
         step     negloglik            mu      sigma.sq            bt 
  1.000000000 -12.020506667   1.607737552   0.007844468   0.986828279 
           vh 
  0.001033264 
         step     negloglik            mu      sigma.sq            bt 
  2.000000000 -12.020506667   1.607737552   0.007844468   0.986828279 
           vh 
  0.001033264 
         step     negloglik            mu      sigma.sq            bt 
  3.000000000 -12.020506667   1.607737552   0.007844468   0.986828279 
           vh 
  0.001033264 
[1] "Now starting analysis"
[1] "Starting with initial values"
         mu    sigma.sq          SE          vh 
1.623674806 0.007893648 0.003946824 0.003946824 
         step     negloglik            mu      sigma.sq            SE 
 1.000000e+00 -1.188757e+01  1.656765e+00  8.313983e-03  1.125963e-06 
           vh 
 4.473886e-02 
[1] "New improvement found, resetting step counter"
         step     negloglik            mu      sigma.sq            SE 
 2.000000e+00 -1.199263e+01  1.566306e+00  8.313804e-03  5.498429e-07 
           vh 
 2.194547e-03 
[1] "New improvement found, resetting step counter"
         step     negloglik            mu      sigma.sq            SE 
 3.000000e+00 -1.200525e+01  1.605402e+00  7.730698e-03  2.164721e-06 
           vh 
 2.512698e-03 
         step     negloglik            mu      sigma.sq            SE 
 4.000000e+00 -1.200525e+01  1.605402e+00  7.730698e-03  2.164721e-06 
           vh 
 2.512698e-03 
         step     negloglik            mu      sigma.sq            SE 
 5.000000e+00 -1.200525e+01  1.605402e+00  7.730698e-03  2.164721e-06 
           vh 
 2.512698e-03 
[1] "Now starting analysis"
[1] "Starting with initial values"
         mu    sigma.sq          vh 
1.623674806 0.007893648 0.003946824 
         step     negloglik            mu      sigma.sq            vh 
 1.000000e+00 -1.201921e+01  1.589209e+00  7.840016e-03  7.130003e-04 
         step     negloglik            mu      sigma.sq            vh 
 2.000000e+00 -1.201921e+01  1.589209e+00  7.840016e-03  7.130003e-04 
         step     negloglik            mu      sigma.sq            vh 
 3.000000e+00 -1.201921e+01  1.589209e+00  7.840016e-03  7.130003e-04 
[1] "Now starting analysis"
[1] "Starting with initial values"
         mu    sigma.sq          SE          bt 
1.623674806 0.007893648 0.003946824 1.000000000 
         step     negloglik            mu      sigma.sq            SE 
 1.000000e+00 -1.160210e+01  1.636518e+00  6.381864e-03  1.961519e-07 
           bt 
 1.066929e+00 
[1] "New improvement found, resetting step counter"
         step     negloglik            mu      sigma.sq            SE 
 2.000000e+00 -1.166005e+01  1.612287e+00  6.382207e-03  1.523575e-06 
           bt 
 9.454730e-01 
         step     negloglik            mu      sigma.sq            SE 
 3.000000e+00 -1.166005e+01  1.612287e+00  6.382207e-03  1.523575e-06 
           bt 
 9.454730e-01 
         step     negloglik            mu      sigma.sq            SE 
 4.000000e+00 -1.166005e+01  1.612287e+00  6.382207e-03  1.523575e-06 
           bt 
 9.454730e-01 
[1] "Now starting analysis"
[1] "Starting with initial values"
         mu    sigma.sq          bt 
1.623674806 0.007893648 1.000000000 
         step     negloglik            mu      sigma.sq            bt 
  1.000000000 -12.024799816   1.641698019   0.007946502   0.909778226 
         step     negloglik            mu      sigma.sq            bt 
  2.000000000 -12.024799816   1.641698019   0.007946502   0.909778226 
         step     negloglik            mu      sigma.sq            bt 
  3.000000000 -12.024799816   1.641698019   0.007946502   0.909778226 
[1] "Now starting analysis"
[1] "Starting with initial values"
         mu    sigma.sq          SE 
1.623674806 0.007893648 0.003946824 
         step     negloglik            mu      sigma.sq            SE 
 1.000000e+00 -1.191281e+01  1.690723e+00  7.211511e-03  1.549130e-07 
[1] "New improvement found, resetting step counter"
         step     negloglik            mu      sigma.sq            SE 
 2.000000e+00 -1.193631e+01  1.632745e+00  7.212276e-03  5.649932e-06 
         step     negloglik            mu      sigma.sq            SE 
 3.000000e+00 -1.193631e+01  1.632745e+00  7.212276e-03  5.649932e-06 
         step     negloglik            mu      sigma.sq            SE 
 4.000000e+00 -1.193631e+01  1.632745e+00  7.212276e-03  5.649932e-06 
[1] "Now starting analysis"
[1] "Starting with initial values"
         mu    sigma.sq 
1.623674806 0.007893648 
         step     negloglik            mu      sigma.sq 
  1.000000000 -12.018913225   1.567841164   0.007933288 
         step     negloglik            mu      sigma.sq 
  2.000000000 -12.018913225   1.567841164   0.007933288 
         step     negloglik            mu      sigma.sq 
  3.000000000 -12.018913225   1.567841164   0.007933288 
