000 (066.1728.000) 07/26 17:14:46 Job submitted from host: <160.36.155.106:9618?addrs=160.36.155.106-9618&noUDP&sock=27742_4872_4>
...
012 (066.1728.000) 08/03 14:17:28 Job was held.
	via condor_hold (by user bomeara)
	Code 1 Subcode 0
...
013 (066.1728.000) 08/05 22:28:15 Job was released.
	via condor_release (by user bomeara)
...
012 (066.1728.000) 08/09 10:36:26 Job was held.
	via condor_hold (by user bomeara)
	Code 1 Subcode 0
...
013 (066.1728.000) 08/09 13:05:33 Job was released.
	via condor_release (by user bomeara)
...
012 (066.1728.000) 09/23 13:38:01 Job was held.
	via condor_hold (by user bomeara)
	Code 1 Subcode 0
...
013 (066.1728.000) 09/24 14:49:51 Job was released.
	via condor_release (by user bomeara)
...
001 (066.1728.000) 10/01 16:26:07 Job executing on host: <10.130.122.65:9618?addrs=10.130.122.65-9618&noUDP&sock=2405_355c_4>
...
006 (066.1728.000) 10/01 16:26:15 Image size of job updated: 220228
	215  -  MemoryUsage of job (MB)
	219500  -  ResidentSetSize of job (KB)
...
006 (066.1728.000) 10/01 16:31:15 Image size of job updated: 227788
	222  -  MemoryUsage of job (MB)
	227056  -  ResidentSetSize of job (KB)
...
006 (066.1728.000) 10/01 16:41:16 Image size of job updated: 230500
	225  -  MemoryUsage of job (MB)
	229768  -  ResidentSetSize of job (KB)
...
005 (066.1728.000) 10/01 17:09:43 Job terminated.
	(1) Normal termination (return value 0)
		Usr 0 00:43:16, Sys 0 00:00:00  -  Run Remote Usage
		Usr 0 00:00:00, Sys 0 00:00:00  -  Run Local Usage
		Usr 0 00:43:16, Sys 0 00:00:00  -  Total Remote Usage
		Usr 0 00:00:00, Sys 0 00:00:00  -  Total Local Usage
	27565  -  Run Bytes Sent By Job
	2422  -  Run Bytes Received By Job
	27565  -  Total Bytes Sent By Job
	2422  -  Total Bytes Received By Job
	Partitionable Resources :    Usage  Request Allocated 
	   Cpus                 :     1.00        1         1 
	   Disk (KB)            :    45           4    892237 
	   Memory (MB)          :   225           1       128 
...
