000 (066.721.000) 07/26 17:14:46 Job submitted from host: <160.36.155.106:9618?addrs=160.36.155.106-9618&noUDP&sock=27742_4872_4>
...
012 (066.721.000) 08/03 14:16:37 Job was held.
	via condor_hold (by user bomeara)
	Code 1 Subcode 0
...
013 (066.721.000) 08/05 22:27:23 Job was released.
	via condor_release (by user bomeara)
...
012 (066.721.000) 08/09 10:35:19 Job was held.
	via condor_hold (by user bomeara)
	Code 1 Subcode 0
...
013 (066.721.000) 08/09 13:04:41 Job was released.
	via condor_release (by user bomeara)
...
001 (066.721.000) 08/09 17:11:09 Job executing on host: <10.129.213.175:9618?addrs=10.129.213.175-9618&noUDP&sock=2691_6172_4>
...
006 (066.721.000) 08/09 17:11:17 Image size of job updated: 233536
	229  -  MemoryUsage of job (MB)
	233536  -  ResidentSetSize of job (KB)
...
006 (066.721.000) 08/09 17:16:17 Image size of job updated: 245152
	240  -  MemoryUsage of job (MB)
	245152  -  ResidentSetSize of job (KB)
...
006 (066.721.000) 08/09 21:56:46 Image size of job updated: 245688
	240  -  MemoryUsage of job (MB)
	245688  -  ResidentSetSize of job (KB)
...
006 (066.721.000) 08/10 01:27:08 Image size of job updated: 248128
	243  -  MemoryUsage of job (MB)
	248128  -  ResidentSetSize of job (KB)
...
005 (066.721.000) 08/10 06:59:03 Job terminated.
	(1) Normal termination (return value 0)
		Usr 0 13:47:30, Sys 0 00:00:02  -  Run Remote Usage
		Usr 0 00:00:00, Sys 0 00:00:00  -  Run Local Usage
		Usr 0 13:47:30, Sys 0 00:00:02  -  Total Remote Usage
		Usr 0 00:00:00, Sys 0 00:00:00  -  Total Local Usage
	31808  -  Run Bytes Sent By Job
	2422  -  Run Bytes Received By Job
	31808  -  Total Bytes Sent By Job
	2422  -  Total Bytes Received By Job
	Partitionable Resources :    Usage  Request Allocated 
	   Cpus                 :     1.00        1         1 
	   Disk (KB)            :    49           4   1811513 
	   Memory (MB)          :   243           1       128 
...
