[1] "args"
[1] "66"   "1074"
[1] "Now starting analysis"
[1] "Starting with initial values"
        mu   sigma.sq         SE         bt         vh 
0.20045577 0.04401767 0.02200884 1.00000000 0.02200884 
        step    negloglik           mu     sigma.sq           SE           bt 
1.0000000000 8.0636793474 0.1902016168 0.0031890498 0.0559926050 0.8432401331 
          vh 
0.0001880137 
[1] "New improvement found, resetting step counter"
        step    negloglik           mu     sigma.sq           SE           bt 
2.0000000000 7.8732631206 0.2255753309 0.0032434000 0.0606505267 0.9683319913 
          vh 
0.0002625138 
        step    negloglik           mu     sigma.sq           SE           bt 
3.0000000000 7.8732631206 0.2255753309 0.0032434000 0.0606505267 0.9683319913 
          vh 
0.0002625138 
[1] "New improvement found, resetting step counter"
       step   negloglik          mu    sigma.sq          SE          bt 
4.000000000 7.781089940 0.193932205 0.001508556 0.073929920 0.932309039 
         vh 
0.000611034 
[1] "New improvement found, but slight; taking the best value, but not resetting the step counter"
       step   negloglik          mu    sigma.sq          SE          bt 
5.000000000 7.772394184 0.230289301 0.001330211 0.077627281 0.914604960 
         vh 
0.000238825 
[1] "New improvement found, resetting step counter"
        step    negloglik           mu     sigma.sq           SE           bt 
6.0000000000 7.7608340056 0.2330191803 0.0016987948 0.0702551302 0.9584884758 
          vh 
0.0004743042 
[1] "New improvement found, but slight; taking the best value, but not resetting the step counter"
        step    negloglik           mu     sigma.sq           SE           bt 
7.0000000000 7.7601478163 0.2333823217 0.0015835639 0.0714271302 0.9543963465 
          vh 
0.0007130296 
        step    negloglik           mu     sigma.sq           SE           bt 
8.0000000000 7.7601478163 0.2333823217 0.0015835639 0.0714271302 0.9543963465 
          vh 
0.0007130296 
[1] "Now starting analysis"
[1] "Starting with initial values"
        mu   sigma.sq         bt         vh 
0.20045577 0.04401767 1.00000000 0.02200884 
        step    negloglik           mu     sigma.sq           bt           vh 
 1.000000000 15.754496518  0.226240990  0.044780203  0.977371566  0.001758638 
        step    negloglik           mu     sigma.sq           bt           vh 
 2.000000000 15.754496518  0.226240990  0.044780203  0.977371566  0.001758638 
        step    negloglik           mu     sigma.sq           bt           vh 
 3.000000000 15.754496518  0.226240990  0.044780203  0.977371566  0.001758638 
[1] "Now starting analysis"
[1] "Starting with initial values"
        mu   sigma.sq         SE         vh 
0.20045577 0.04401767 0.02200884 0.02200884 
        step    negloglik           mu     sigma.sq           SE           vh 
1.000000e+00 7.787249e+00 2.108089e-01 1.695531e-03 6.963214e-02 9.463245e-05 
[1] "New improvement found, but slight; taking the best value, but not resetting the step counter"
        step    negloglik           mu     sigma.sq           SE           vh 
2.000000e+00 7.784511e+00 2.318898e-01 1.695531e-03 6.963214e-02 9.463245e-05 
        step    negloglik           mu     sigma.sq           SE           vh 
3.000000e+00 7.784511e+00 2.318898e-01 1.695531e-03 6.963214e-02 9.463245e-05 
[1] "Now starting analysis"
[1] "Starting with initial values"
        mu   sigma.sq         vh 
0.20045577 0.04401767 0.02200884 
        step    negloglik           mu     sigma.sq           vh 
1.000000e+00 1.574997e+01 2.046010e-01 4.420328e-02 1.690567e-04 
        step    negloglik           mu     sigma.sq           vh 
2.000000e+00 1.574997e+01 2.046010e-01 4.420328e-02 1.690567e-04 
        step    negloglik           mu     sigma.sq           vh 
3.000000e+00 1.574997e+01 2.046010e-01 4.420328e-02 1.690567e-04 
[1] "Now starting analysis"
[1] "Starting with initial values"
        mu   sigma.sq         SE         bt 
0.20045577 0.04401767 0.02200884 1.00000000 
       step   negloglik          mu    sigma.sq          SE          bt 
1.000000000 8.541079410 0.484592685 0.005626502 0.047639305 1.012283306 
[1] "New improvement found, resetting step counter"
      step  negloglik         mu   sigma.sq         SE         bt 
2.00000000 8.06698844 0.15030780 0.00451944 0.05541226 1.01653498 
[1] "New improvement found, resetting step counter"
       step   negloglik          mu    sigma.sq          SE          bt 
3.000000000 7.869983041 0.201268410 0.002725978 0.059144613 0.976228478 
[1] "New improvement found, resetting step counter"
       step   negloglik          mu    sigma.sq          SE          bt 
4.000000000 7.757241574 0.230862430 0.001788978 0.071858191 0.933860039 
       step   negloglik          mu    sigma.sq          SE          bt 
5.000000000 7.757241574 0.230862430 0.001788978 0.071858191 0.933860039 
[1] "New improvement found, but slight; taking the best value, but not resetting the step counter"
       step   negloglik          mu    sigma.sq          SE          bt 
6.000000000 7.754863279 0.233000142 0.001717767 0.072191143 0.942230613 
[1] "Now starting analysis"
[1] "Starting with initial values"
        mu   sigma.sq         bt 
0.20045577 0.04401767 1.00000000 
       step   negloglik          mu    sigma.sq          bt 
 1.00000000 15.74948147  0.20045577  0.04401767  1.00000000 
       step   negloglik          mu    sigma.sq          bt 
 2.00000000 15.74948147  0.20045577  0.04401767  1.00000000 
       step   negloglik          mu    sigma.sq          bt 
 3.00000000 15.74948147  0.20045577  0.04401767  1.00000000 
[1] "Now starting analysis"
[1] "Starting with initial values"
        mu   sigma.sq         SE 
0.20045577 0.04401767 0.02200884 
       step   negloglik          mu    sigma.sq          SE 
1.000000000 7.787409478 0.206766903 0.001877202 0.069216937 
[1] "New improvement found, but slight; taking the best value, but not resetting the step counter"
       step   negloglik          mu    sigma.sq          SE 
2.000000000 7.783302280 0.216337949 0.001594512 0.071034224 
[1] "New improvement found, but slight; taking the best value, but not resetting the step counter"
       step   negloglik          mu    sigma.sq          SE 
3.000000000 7.781753307 0.222940705 0.001699996 0.070174247 
[1] "Now starting analysis"
[1] "Starting with initial values"
        mu   sigma.sq 
0.20045577 0.04401767 
       step   negloglik          mu    sigma.sq 
 1.00000000 15.74948147  0.20045577  0.04401767 
       step   negloglik          mu    sigma.sq 
 2.00000000 15.74948147  0.20045577  0.04401767 
       step   negloglik          mu    sigma.sq 
 3.00000000 15.74948147  0.20045577  0.04401767 
