[1] "args"
[1] "66"   "1782"
[1] "Now starting analysis"
[1] "Starting with initial values"
        mu   sigma.sq         SE         bt         vh 
1.28909997 0.14549528 0.07274764 1.00000000 0.07274764 
        step    negloglik           mu     sigma.sq           SE           bt 
 1.000000000 16.838358407  1.292107670  0.004925468  0.111590646  1.049223158 
          vh 
 0.193611867 
[1] "New improvement found, resetting step counter"
        step    negloglik           mu     sigma.sq           SE           bt 
 2.000000000 16.514041036  1.290900121  0.004447483  0.107075837  1.208571077 
          vh 
 0.001231055 
[1] "New improvement found, resetting step counter"
        step    negloglik           mu     sigma.sq           SE           bt 
3.000000e+00 1.646618e+01 1.251288e+00 4.635609e-03 1.112146e-01 1.349282e+00 
          vh 
9.531243e-04 
        step    negloglik           mu     sigma.sq           SE           bt 
4.000000e+00 1.646618e+01 1.251288e+00 4.635609e-03 1.112146e-01 1.349282e+00 
          vh 
9.531243e-04 
        step    negloglik           mu     sigma.sq           SE           bt 
5.000000e+00 1.646618e+01 1.251288e+00 4.635609e-03 1.112146e-01 1.349282e+00 
          vh 
9.531243e-04 
[1] "Now starting analysis"
[1] "Starting with initial values"
        mu   sigma.sq         bt         vh 
1.28909997 0.14549528 1.00000000 0.07274764 
       step   negloglik          mu    sigma.sq          bt          vh 
 1.00000000 29.94239663  1.28909997  0.14549528  1.12891000  0.07274764 
[1] "New improvement found, but slight; taking the best value, but not resetting the step counter"
       step   negloglik          mu    sigma.sq          bt          vh 
 2.00000000 29.93968842  1.28909997  0.14549528  1.25781999  0.07274764 
       step   negloglik          mu    sigma.sq          bt          vh 
 3.00000000 29.93968842  1.28909997  0.14549528  1.25781999  0.07274764 
[1] "Now starting analysis"
[1] "Starting with initial values"
        mu   sigma.sq         SE         vh 
1.28909997 0.14549528 0.07274764 0.07274764 
        step    negloglik           mu     sigma.sq           SE           vh 
 1.000000000 16.828519959  1.343492388  0.004998964  0.102120402  0.104368624 
[1] "New improvement found, resetting step counter"
        step    negloglik           mu     sigma.sq           SE           vh 
 2.000000000 16.667185735  1.318733171  0.004738948  0.106197707  0.007309220 
[1] "New improvement found, resetting step counter"
        step    negloglik           mu     sigma.sq           SE           vh 
3.000000e+00 1.664751e+01 1.305690e+00 4.555768e-03 1.117880e-01 2.698245e-04 
        step    negloglik           mu     sigma.sq           SE           vh 
4.000000e+00 1.664751e+01 1.305690e+00 4.555768e-03 1.117880e-01 2.698245e-04 
[1] "New improvement found, but slight; taking the best value, but not resetting the step counter"
        step    negloglik           mu     sigma.sq           SE           vh 
5.000000e+00 1.664732e+01 1.288124e+00 4.776894e-03 1.116109e-01 2.955716e-04 
[1] "Now starting analysis"
[1] "Starting with initial values"
        mu   sigma.sq         vh 
1.28909997 0.14549528 0.07274764 
       step   negloglik          mu    sigma.sq          vh 
 1.00000000 29.94752377  1.28909997  0.14549528  0.07274764 
       step   negloglik          mu    sigma.sq          vh 
 2.00000000 29.94752377  1.28909997  0.14549528  0.07274764 
       step   negloglik          mu    sigma.sq          vh 
 3.00000000 29.94752377  1.28909997  0.14549528  0.07274764 
[1] "Now starting analysis"
[1] "Starting with initial values"
        mu   sigma.sq         SE         bt 
1.28909997 0.14549528 0.07274764 1.00000000 
        step    negloglik           mu     sigma.sq           SE           bt 
 1.000000000 16.562509158  1.319278678  0.004352023  0.106778157  1.135538016 
[1] "New improvement found, resetting step counter"
        step    negloglik           mu     sigma.sq           SE           bt 
 2.000000000 16.449005216  1.197032767  0.004051274  0.111144821  1.408772251 
        step    negloglik           mu     sigma.sq           SE           bt 
 3.000000000 16.449005216  1.197032767  0.004051274  0.111144821  1.408772251 
        step    negloglik           mu     sigma.sq           SE           bt 
 4.000000000 16.449005216  1.197032767  0.004051274  0.111144821  1.408772251 
[1] "Now starting analysis"
[1] "Starting with initial values"
       mu  sigma.sq        bt 
1.2891000 0.1454953 1.0000000 
      step  negloglik         mu   sigma.sq         bt 
 1.0000000 29.9369399  1.2891000  0.1454953  1.1289100 
[1] "New improvement found, but slight; taking the best value, but not resetting the step counter"
      step  negloglik         mu   sigma.sq         bt 
 2.0000000 29.9342017  1.2891000  0.1454953  1.2578200 
[1] "New improvement found, but slight; taking the best value, but not resetting the step counter"
      step  negloglik         mu   sigma.sq         bt 
 3.0000000 29.9336732  1.2927459  0.1447134  1.3571700 
[1] "Now starting analysis"
[1] "Starting with initial values"
        mu   sigma.sq         SE 
1.28909997 0.14549528 0.07274764 
        step    negloglik           mu     sigma.sq           SE 
 1.000000000 16.648711643  1.270372518  0.004777685  0.109486162 
        step    negloglik           mu     sigma.sq           SE 
 2.000000000 16.648711643  1.270372518  0.004777685  0.109486162 
        step    negloglik           mu     sigma.sq           SE 
 3.000000000 16.648711643  1.270372518  0.004777685  0.109486162 
[1] "Now starting analysis"
[1] "Starting with initial values"
       mu  sigma.sq 
1.2891000 0.1454953 
      step  negloglik         mu   sigma.sq 
 1.0000000 29.9421237  1.2891000  0.1454953 
      step  negloglik         mu   sigma.sq 
 2.0000000 29.9421237  1.2891000  0.1454953 
      step  negloglik         mu   sigma.sq 
 3.0000000 29.9421237  1.2891000  0.1454953 
