[1] "args"
[1] "66"  "498"
[1] "Now starting analysis"
[1] "Starting with initial values"
       mu  sigma.sq        SE        bt        vh 
1.4657169 0.1277484 0.0638742 1.0000000 0.0638742 
        step    negloglik           mu     sigma.sq           SE           bt 
 1.000000000 12.688700118  0.717976516  0.009256125  0.053461833  1.299312104 
          vh 
 0.809480970 
[1] "New improvement found, resetting step counter"
        step    negloglik           mu     sigma.sq           SE           bt 
 2.000000000 10.789116179  0.634937373  0.006688986  0.048299282  6.985914771 
          vh 
 0.001347031 
[1] "New improvement found, resetting step counter"
        step    negloglik           mu     sigma.sq           SE           bt 
 3.000000000 10.738924771  0.692864314  0.008686043  0.054944472  5.232293702 
          vh 
 0.000956460 
[1] "New improvement found, resetting step counter"
        step    negloglik           mu     sigma.sq           SE           bt 
 4.000000000 10.625186179  0.601740829  0.007369885  0.056995470  6.851590996 
          vh 
 0.002793087 
        step    negloglik           mu     sigma.sq           SE           bt 
 5.000000000 10.625186179  0.601740829  0.007369885  0.056995470  6.851590996 
          vh 
 0.002793087 
        step    negloglik           mu     sigma.sq           SE           bt 
 6.000000000 10.625186179  0.601740829  0.007369885  0.056995470  6.851590996 
          vh 
 0.002793087 
[1] "Now starting analysis"
[1] "Starting with initial values"
       mu  sigma.sq        bt        vh 
1.4657169 0.1277484 1.0000000 0.0638742 
        step    negloglik           mu     sigma.sq           bt           vh 
 1.000000000 23.355400654  0.488882105  0.124194418  4.528562284  0.002948543 
[1] "New improvement found, resetting step counter"
        step    negloglik           mu     sigma.sq           bt           vh 
 2.000000000 23.324826599  0.941738334  0.124194418  4.528562284  0.002948543 
        step    negloglik           mu     sigma.sq           bt           vh 
 3.000000000 23.324826599  0.941738334  0.124194418  4.528562284  0.002948543 
        step    negloglik           mu     sigma.sq           bt           vh 
 4.000000000 23.324826599  0.941738334  0.124194418  4.528562284  0.002948543 
[1] "Now starting analysis"
[1] "Starting with initial values"
       mu  sigma.sq        SE        vh 
1.4657169 0.1277484 0.0638742 0.0638742 
       step   negloglik          mu    sigma.sq          SE          vh 
 1.00000000 14.09999529  1.48164716  0.01525157  0.05245736  0.20838450 
[1] "New improvement found, resetting step counter"
       step   negloglik          mu    sigma.sq          SE          vh 
 2.00000000 12.70774883  0.80559738  0.01035169  0.05655938  1.65910290 
[1] "New improvement found, resetting step counter"
        step    negloglik           mu     sigma.sq           SE           vh 
 3.000000000 12.623109074  0.772771308  0.008188192  0.059905700  2.238732005 
[1] "New improvement found, resetting step counter"
        step    negloglik           mu     sigma.sq           SE           vh 
 4.000000000 12.597289102  0.682305482  0.008707181  0.052311777  2.926391531 
[1] "New improvement found, but slight; taking the best value, but not resetting the step counter"
        step    negloglik           mu     sigma.sq           SE           vh 
 5.000000000 12.587884296  0.688357313  0.008686533  0.056372663  2.700250656 
[1] "New improvement found, but slight; taking the best value, but not resetting the step counter"
       step   negloglik          mu    sigma.sq          SE          vh 
 6.00000000 12.57824065  0.72212750  0.00865327  0.05376260  3.17742746 
[1] "Now starting analysis"
[1] "Starting with initial values"
       mu  sigma.sq        vh 
1.4657169 0.1277484 0.0638742 
      step  negloglik         mu   sigma.sq         vh 
 1.0000000 23.7406613  1.6122886  0.1277484  0.0638742 
      step  negloglik         mu   sigma.sq         vh 
 2.0000000 23.7406613  1.6122886  0.1277484  0.0638742 
      step  negloglik         mu   sigma.sq         vh 
 3.0000000 23.7406613  1.6122886  0.1277484  0.0638742 
[1] "Now starting analysis"
[1] "Starting with initial values"
       mu  sigma.sq        SE        bt 
1.4657169 0.1277484 0.0638742 1.0000000 
        step    negloglik           mu     sigma.sq           SE           bt 
 1.000000000 10.822345328  0.552380010  0.008359174  0.056480628  5.407805307 
[1] "New improvement found, resetting step counter"
        step    negloglik           mu     sigma.sq           SE           bt 
 2.000000000 10.640134146  0.704666278  0.007534004  0.053974769  5.835413975 
[1] "New improvement found, resetting step counter"
        step    negloglik           mu     sigma.sq           SE           bt 
 3.000000000 10.627354941  0.703899313  0.007101825  0.055685231  6.088710172 
        step    negloglik           mu     sigma.sq           SE           bt 
 4.000000000 10.627354941  0.703899313  0.007101825  0.055685231  6.088710172 
        step    negloglik           mu     sigma.sq           SE           bt 
 5.000000000 10.627354941  0.703899313  0.007101825  0.055685231  6.088710172 
[1] "Now starting analysis"
[1] "Starting with initial values"
       mu  sigma.sq        bt 
1.4657169 0.1277484 1.0000000 
      step  negloglik         mu   sigma.sq         bt 
 1.0000000 23.3888818  0.6208940  0.1216412  3.5263260 
[1] "New improvement found, resetting step counter"
      step  negloglik         mu   sigma.sq         bt 
 2.0000000 23.3425710  0.9318963  0.1289878  3.8373284 
[1] "New improvement found, but slight; taking the best value, but not resetting the step counter"
      step  negloglik         mu   sigma.sq         bt 
 3.0000000 23.3386573  0.9000576  0.1232432  3.8757268 
[1] "New improvement found, but slight; taking the best value, but not resetting the step counter"
      step  negloglik         mu   sigma.sq         bt 
 4.0000000 23.3324774  1.0402364  0.1245037  4.3325796 
[1] "Now starting analysis"
[1] "Starting with initial values"
       mu  sigma.sq        SE 
1.4657169 0.1277484 0.0638742 
       step   negloglik          mu    sigma.sq          SE 
 1.00000000 14.71902542  1.67641365  0.01927707  0.04673380 
[1] "New improvement found, but slight; taking the best value, but not resetting the step counter"
       step   negloglik          mu    sigma.sq          SE 
 2.00000000 14.71734800  1.59290420  0.01901216  0.04637625 
[1] "New improvement found, but slight; taking the best value, but not resetting the step counter"
       step   negloglik          mu    sigma.sq          SE 
 3.00000000 14.71300202  1.60732704  0.01949356  0.04835274 
[1] "Now starting analysis"
[1] "Starting with initial values"
       mu  sigma.sq 
1.4657169 0.1277484 
      step  negloglik         mu   sigma.sq 
 1.0000000 23.7351999  1.6122886  0.1277484 
      step  negloglik         mu   sigma.sq 
 2.0000000 23.7351999  1.6122886  0.1277484 
      step  negloglik         mu   sigma.sq 
 3.0000000 23.7351999  1.6122886  0.1277484 
