000 (066.985.000) 07/26 17:14:46 Job submitted from host: <160.36.155.106:9618?addrs=160.36.155.106-9618&noUDP&sock=27742_4872_4>
...
012 (066.985.000) 08/03 14:16:50 Job was held.
	via condor_hold (by user bomeara)
	Code 1 Subcode 0
...
013 (066.985.000) 08/05 22:27:36 Job was released.
	via condor_release (by user bomeara)
...
012 (066.985.000) 08/09 10:35:36 Job was held.
	via condor_hold (by user bomeara)
	Code 1 Subcode 0
...
013 (066.985.000) 08/09 13:04:55 Job was released.
	via condor_release (by user bomeara)
...
001 (066.985.000) 08/19 07:51:01 Job executing on host: <10.128.151.149:9618?addrs=10.128.151.149-9618&noUDP&sock=21393_65a7_4>
...
006 (066.985.000) 08/19 07:51:09 Image size of job updated: 234076
	229  -  MemoryUsage of job (MB)
	234076  -  ResidentSetSize of job (KB)
...
006 (066.985.000) 08/19 07:56:09 Image size of job updated: 247804
	242  -  MemoryUsage of job (MB)
	247804  -  ResidentSetSize of job (KB)
...
006 (066.985.000) 08/19 14:16:49 Image size of job updated: 248728
	243  -  MemoryUsage of job (MB)
	248728  -  ResidentSetSize of job (KB)
...
005 (066.985.000) 08/19 19:48:13 Job terminated.
	(1) Normal termination (return value 0)
		Usr 0 11:56:56, Sys 0 00:00:05  -  Run Remote Usage
		Usr 0 00:00:00, Sys 0 00:00:00  -  Run Local Usage
		Usr 0 11:56:56, Sys 0 00:00:05  -  Total Remote Usage
		Usr 0 00:00:00, Sys 0 00:00:00  -  Total Local Usage
	30637  -  Run Bytes Sent By Job
	2422  -  Run Bytes Received By Job
	30637  -  Total Bytes Sent By Job
	2422  -  Total Bytes Received By Job
	Partitionable Resources :    Usage  Request Allocated 
	   Cpus                 :     1.00        1         1 
	   Disk (KB)            :    48           4   1811025 
	   Memory (MB)          :   243           1       128 
...
