000 (066.777.000) 07/26 17:14:46 Job submitted from host: <160.36.155.106:9618?addrs=160.36.155.106-9618&noUDP&sock=27742_4872_4>
...
012 (066.777.000) 08/03 14:16:40 Job was held.
	via condor_hold (by user bomeara)
	Code 1 Subcode 0
...
013 (066.777.000) 08/05 22:27:26 Job was released.
	via condor_release (by user bomeara)
...
012 (066.777.000) 08/09 10:35:22 Job was held.
	via condor_hold (by user bomeara)
	Code 1 Subcode 0
...
013 (066.777.000) 08/09 13:04:45 Job was released.
	via condor_release (by user bomeara)
...
001 (066.777.000) 08/11 05:12:19 Job executing on host: <10.129.213.175:9618?addrs=10.129.213.175-9618&noUDP&sock=2691_6172_4>
...
006 (066.777.000) 08/11 05:12:28 Image size of job updated: 243280
	238  -  MemoryUsage of job (MB)
	243280  -  ResidentSetSize of job (KB)
...
006 (066.777.000) 08/11 05:17:28 Image size of job updated: 243428
	238  -  MemoryUsage of job (MB)
	243428  -  ResidentSetSize of job (KB)
...
006 (066.777.000) 08/11 14:58:28 Image size of job updated: 248708
	243  -  MemoryUsage of job (MB)
	248708  -  ResidentSetSize of job (KB)
...
005 (066.777.000) 08/12 17:04:43 Job terminated.
	(1) Normal termination (return value 0)
		Usr 1 11:51:35, Sys 0 00:00:05  -  Run Remote Usage
		Usr 0 00:00:00, Sys 0 00:00:00  -  Run Local Usage
		Usr 1 11:51:35, Sys 0 00:00:05  -  Total Remote Usage
		Usr 0 00:00:00, Sys 0 00:00:00  -  Total Local Usage
	32248  -  Run Bytes Sent By Job
	2422  -  Run Bytes Received By Job
	32248  -  Total Bytes Sent By Job
	2422  -  Total Bytes Received By Job
	Partitionable Resources :    Usage  Request Allocated 
	   Cpus                 :     1.00        1         1 
	   Disk (KB)            :    49           4   1811513 
	   Memory (MB)          :   243           1       128 
...
