[1] "args"
[1] "66"   "1383"
[1] "Now starting analysis"
[1] "Starting with initial values"
         mu    sigma.sq          SE          bt          vh 
0.356515639 0.009716083 0.004858042 1.000000000 0.004858042 
         step     negloglik            mu      sigma.sq            SE 
 1.000000e+00 -4.633469e+01  4.176456e-01  9.611473e-03  8.177643e-07 
           bt            vh 
 9.788880e-01  1.369743e-02 
         step     negloglik            mu      sigma.sq            SE 
 2.000000e+00 -4.633469e+01  4.176456e-01  9.611473e-03  8.177643e-07 
           bt            vh 
 9.788880e-01  1.369743e-02 
         step     negloglik            mu      sigma.sq            SE 
 3.000000e+00 -4.633469e+01  4.176456e-01  9.611473e-03  8.177643e-07 
           bt            vh 
 9.788880e-01  1.369743e-02 
[1] "Now starting analysis"
[1] "Starting with initial values"
         mu    sigma.sq          bt          vh 
0.356515639 0.009716083 1.000000000 0.004858042 
         step     negloglik            mu      sigma.sq            bt 
 1.000000e+00 -4.672158e+01  2.534429e-01  9.071376e-03  8.803327e-01 
           vh 
 5.553511e-04 
[1] "New improvement found, resetting step counter"
         step     negloglik            mu      sigma.sq            bt 
 2.000000e+00 -4.691514e+01  4.998691e-01  9.066580e-03  8.815745e-01 
           vh 
 2.828527e-04 
[1] "New improvement found, resetting step counter"
         step     negloglik            mu      sigma.sq            bt 
 3.000000e+00 -4.692832e+01  4.276468e-01  9.175614e-03  8.752029e-01 
           vh 
 1.537196e-04 
         step     negloglik            mu      sigma.sq            bt 
 4.000000e+00 -4.692832e+01  4.276468e-01  9.175614e-03  8.752029e-01 
           vh 
 1.537196e-04 
         step     negloglik            mu      sigma.sq            bt 
 5.000000e+00 -4.692832e+01  4.276468e-01  9.175614e-03  8.752029e-01 
           vh 
 1.537196e-04 
[1] "Now starting analysis"
[1] "Starting with initial values"
         mu    sigma.sq          SE          vh 
0.356515639 0.009716083 0.004858042 0.004858042 
         step     negloglik            mu      sigma.sq            SE 
 1.000000e+00 -4.625150e+01  3.650166e-01  9.078500e-03  2.073225e-05 
           vh 
 2.409317e-02 
[1] "New improvement found, resetting step counter"
         step     negloglik            mu      sigma.sq            SE 
 2.000000e+00 -4.627254e+01  3.869489e-01  9.068085e-03  5.028325e-06 
           vh 
 1.675631e-02 
         step     negloglik            mu      sigma.sq            SE 
 3.000000e+00 -4.627254e+01  3.869489e-01  9.068085e-03  5.028325e-06 
           vh 
 1.675631e-02 
         step     negloglik            mu      sigma.sq            SE 
 4.000000e+00 -4.627254e+01  3.869489e-01  9.068085e-03  5.028325e-06 
           vh 
 1.675631e-02 
[1] "Now starting analysis"
[1] "Starting with initial values"
         mu    sigma.sq          vh 
0.356515639 0.009716083 0.004858042 
         step     negloglik            mu      sigma.sq            vh 
  1.000000000 -46.274448402   0.367712630   0.009355888   0.018365782 
         step     negloglik            mu      sigma.sq            vh 
  2.000000000 -46.274448402   0.367712630   0.009355888   0.018365782 
         step     negloglik            mu      sigma.sq            vh 
  3.000000000 -46.274448402   0.367712630   0.009355888   0.018365782 
[1] "Now starting analysis"
[1] "Starting with initial values"
         mu    sigma.sq          SE          bt 
0.356515639 0.009716083 0.004858042 1.000000000 
         step     negloglik            mu      sigma.sq            SE 
 1.000000e+00 -4.695737e+01  4.787512e-01  9.173537e-03  5.546839e-06 
           bt 
 8.605661e-01 
         step     negloglik            mu      sigma.sq            SE 
 2.000000e+00 -4.695737e+01  4.787512e-01  9.173537e-03  5.546839e-06 
           bt 
 8.605661e-01 
         step     negloglik            mu      sigma.sq            SE 
 3.000000e+00 -4.695737e+01  4.787512e-01  9.173537e-03  5.546839e-06 
           bt 
 8.605661e-01 
[1] "Now starting analysis"
[1] "Starting with initial values"
         mu    sigma.sq          bt 
0.356515639 0.009716083 1.000000000 
         step     negloglik            mu      sigma.sq            bt 
  1.000000000 -46.942333378   0.468275180   0.008953923   0.857335672 
[1] "New improvement found, but slight; taking the best value, but not resetting the step counter"
         step     negloglik            mu      sigma.sq            bt 
  2.000000000 -46.948193788   0.509662836   0.009422158   0.859825692 
         step     negloglik            mu      sigma.sq            bt 
  3.000000000 -46.948193788   0.509662836   0.009422158   0.859825692 
[1] "Now starting analysis"
[1] "Starting with initial values"
         mu    sigma.sq          SE 
0.356515639 0.009716083 0.004858042 
         step     negloglik            mu      sigma.sq            SE 
 1.000000e+00 -4.567112e+01  3.005334e-01  9.458077e-03  4.158192e-05 
[1] "New improvement found, resetting step counter"
         step     negloglik            mu      sigma.sq            SE 
 2.000000e+00 -4.572856e+01  3.155932e-01  9.432152e-03  1.329576e-06 
         step     negloglik            mu      sigma.sq            SE 
 3.000000e+00 -4.572856e+01  3.155932e-01  9.432152e-03  1.329576e-06 
         step     negloglik            mu      sigma.sq            SE 
 4.000000e+00 -4.572856e+01  3.155932e-01  9.432152e-03  1.329576e-06 
[1] "Now starting analysis"
[1] "Starting with initial values"
         mu    sigma.sq 
0.356515639 0.009716083 
         step     negloglik            mu      sigma.sq 
  1.000000000 -45.728091569   0.374619949   0.009159028 
         step     negloglik            mu      sigma.sq 
  2.000000000 -45.728091569   0.374619949   0.009159028 
[1] "New improvement found, resetting step counter"
         step     negloglik            mu      sigma.sq 
  3.000000000 -45.740415472   0.388656098   0.009254561 
         step     negloglik            mu      sigma.sq 
  4.000000000 -45.740415472   0.388656098   0.009254561 
         step     negloglik            mu      sigma.sq 
  5.000000000 -45.740415472   0.388656098   0.009254561 
