[1] "args"
[1] "66"   "1477"
[1] "Now starting analysis"
[1] "Starting with initial values"
        mu   sigma.sq         SE         bt         vh 
1.29016354 0.15347478 0.07673739 1.00000000 0.07673739 
        step    negloglik           mu     sigma.sq           SE           bt 
 1.000000000 51.802401380  1.303879665  0.004933198  0.102914443  1.053638834 
          vh 
 0.165570599 
[1] "New improvement found, resetting step counter"
        step    negloglik           mu     sigma.sq           SE           bt 
2.000000e+00 5.140898e+01 1.357352e+00 4.984512e-03 1.049103e-01 1.068748e+00 
          vh 
3.760596e-05 
[1] "New improvement found, resetting step counter"
        step    negloglik           mu     sigma.sq           SE           bt 
 3.000000000 51.361802357  1.287833937  0.004403640  0.104012788  1.103820933 
          vh 
 0.001086588 
        step    negloglik           mu     sigma.sq           SE           bt 
 4.000000000 51.361802357  1.287833937  0.004403640  0.104012788  1.103820933 
          vh 
 0.001086588 
        step    negloglik           mu     sigma.sq           SE           bt 
 5.000000000 51.361802357  1.287833937  0.004403640  0.104012788  1.103820933 
          vh 
 0.001086588 
[1] "Now starting analysis"
[1] "Starting with initial values"
        mu   sigma.sq         bt         vh 
1.29016354 0.15347478 1.00000000 0.07673739 
        step    negloglik           mu     sigma.sq           bt           vh 
  1.00000000 109.64924184   1.29016354   0.15347478   1.00000000   0.07673739 
        step    negloglik           mu     sigma.sq           bt           vh 
  2.00000000 109.64924184   1.29016354   0.15347478   1.00000000   0.07673739 
        step    negloglik           mu     sigma.sq           bt           vh 
  3.00000000 109.64924184   1.29016354   0.15347478   1.00000000   0.07673739 
[1] "Now starting analysis"
[1] "Starting with initial values"
        mu   sigma.sq         SE         vh 
1.29016354 0.15347478 0.07673739 0.07673739 
       step   negloglik          mu    sigma.sq          SE          vh 
 1.00000000 51.79382960  1.35985288  0.00464949  0.09961644  0.13152004 
[1] "New improvement found, resetting step counter"
        step    negloglik           mu     sigma.sq           SE           vh 
 2.000000000 51.352095983  1.314842463  0.005017169  0.099792002  0.001251935 
[1] "New improvement found, but slight; taking the best value, but not resetting the step counter"
        step    negloglik           mu     sigma.sq           SE           vh 
 3.000000000 51.344995779  1.338198987  0.004729913  0.105006309  0.000811598 
        step    negloglik           mu     sigma.sq           SE           vh 
 4.000000000 51.344995779  1.338198987  0.004729913  0.105006309  0.000811598 
[1] "Now starting analysis"
[1] "Starting with initial values"
        mu   sigma.sq         vh 
1.29016354 0.15347478 0.07673739 
        step    negloglik           mu     sigma.sq           vh 
  1.00000000 109.64924184   1.29016354   0.15347478   0.07673739 
        step    negloglik           mu     sigma.sq           vh 
  2.00000000 109.64924184   1.29016354   0.15347478   0.07673739 
        step    negloglik           mu     sigma.sq           vh 
  3.00000000 109.64924184   1.29016354   0.15347478   0.07673739 
[1] "Now starting analysis"
[1] "Starting with initial values"
        mu   sigma.sq         SE         bt 
1.29016354 0.15347478 0.07673739 1.00000000 
        step    negloglik           mu     sigma.sq           SE           bt 
 1.000000000 51.393046613  1.340965182  0.004397564  0.100770424  1.079735827 
[1] "New improvement found, resetting step counter"
        step    negloglik           mu     sigma.sq           SE           bt 
 2.000000000 51.353817557  1.322085240  0.004690954  0.106548296  1.055955356 
        step    negloglik           mu     sigma.sq           SE           bt 
 3.000000000 51.353817557  1.322085240  0.004690954  0.106548296  1.055955356 
[1] "New improvement found, resetting step counter"
        step    negloglik           mu     sigma.sq           SE           bt 
 4.000000000 51.328379380  1.253389971  0.004733737  0.103047005  1.027260251 
        step    negloglik           mu     sigma.sq           SE           bt 
 5.000000000 51.328379380  1.253389971  0.004733737  0.103047005  1.027260251 
        step    negloglik           mu     sigma.sq           SE           bt 
 6.000000000 51.328379380  1.253389971  0.004733737  0.103047005  1.027260251 
[1] "Now starting analysis"
[1] "Starting with initial values"
       mu  sigma.sq        bt 
1.2901635 0.1534748 1.0000000 
       step   negloglik          mu    sigma.sq          bt 
  1.0000000 109.6321452   1.2901635   0.1534748   1.0000000 
       step   negloglik          mu    sigma.sq          bt 
  2.0000000 109.6321452   1.2901635   0.1534748   1.0000000 
       step   negloglik          mu    sigma.sq          bt 
  3.0000000 109.6321452   1.2901635   0.1534748   1.0000000 
[1] "Now starting analysis"
[1] "Starting with initial values"
        mu   sigma.sq         SE 
1.29016354 0.15347478 0.07673739 
        step    negloglik           mu     sigma.sq           SE 
 1.000000000 51.321820984  1.269767891  0.004740291  0.102817056 
        step    negloglik           mu     sigma.sq           SE 
 2.000000000 51.321820984  1.269767891  0.004740291  0.102817056 
        step    negloglik           mu     sigma.sq           SE 
 3.000000000 51.321820984  1.269767891  0.004740291  0.102817056 
[1] "Now starting analysis"
[1] "Starting with initial values"
       mu  sigma.sq 
1.2901635 0.1534748 
       step   negloglik          mu    sigma.sq 
  1.0000000 109.6321452   1.2901635   0.1534748 
       step   negloglik          mu    sigma.sq 
  2.0000000 109.6321452   1.2901635   0.1534748 
       step   negloglik          mu    sigma.sq 
  3.0000000 109.6321452   1.2901635   0.1534748 
