000 (066.1350.000) 07/26 17:14:46 Job submitted from host: <160.36.155.106:9618?addrs=160.36.155.106-9618&noUDP&sock=27742_4872_4>
...
012 (066.1350.000) 08/03 14:17:09 Job was held.
	via condor_hold (by user bomeara)
	Code 1 Subcode 0
...
013 (066.1350.000) 08/05 22:27:55 Job was released.
	via condor_release (by user bomeara)
...
012 (066.1350.000) 08/09 10:36:00 Job was held.
	via condor_hold (by user bomeara)
	Code 1 Subcode 0
...
013 (066.1350.000) 08/09 13:05:14 Job was released.
	via condor_release (by user bomeara)
...
001 (066.1350.000) 09/03 20:19:20 Job executing on host: <10.128.151.149:9618?addrs=10.128.151.149-9618&noUDP&sock=21393_65a7_4>
...
006 (066.1350.000) 09/03 20:19:29 Image size of job updated: 232840
	228  -  MemoryUsage of job (MB)
	232840  -  ResidentSetSize of job (KB)
...
005 (066.1350.000) 09/03 20:53:30 Job terminated.
	(1) Normal termination (return value 0)
		Usr 0 00:34:08, Sys 0 00:00:00  -  Run Remote Usage
		Usr 0 00:00:00, Sys 0 00:00:00  -  Run Local Usage
		Usr 0 00:34:08, Sys 0 00:00:00  -  Total Remote Usage
		Usr 0 00:00:00, Sys 0 00:00:00  -  Total Local Usage
	27250  -  Run Bytes Sent By Job
	2422  -  Run Bytes Received By Job
	27250  -  Total Bytes Sent By Job
	2422  -  Total Bytes Received By Job
	Partitionable Resources :    Usage  Request Allocated 
	   Cpus                 :     1.00        1         1 
	   Disk (KB)            :    45           4   1811025 
	   Memory (MB)          :   228           1       128 
...
