[1] "args"
[1] "66"   "1767"
[1] "Now starting analysis"
[1] "Starting with initial values"
        mu   sigma.sq         SE         bt         vh 
1.32625438 0.12790110 0.06395055 1.00000000 0.06395055 
        step    negloglik           mu     sigma.sq           SE           bt 
 1.000000000 41.742990279  1.357517180  0.005995223  0.079280595  1.027202174 
          vh 
 0.214718360 
[1] "New improvement found, resetting step counter"
        step    negloglik           mu     sigma.sq           SE           bt 
 2.000000000 41.214483725  1.293062485  0.007868590  0.074042877  1.168873733 
          vh 
 0.004444214 
        step    negloglik           mu     sigma.sq           SE           bt 
 3.000000000 41.214483725  1.293062485  0.007868590  0.074042877  1.168873733 
          vh 
 0.004444214 
[1] "New improvement found, resetting step counter"
        step    negloglik           mu     sigma.sq           SE           bt 
 4.000000000 41.181651391  1.211771475  0.007142359  0.075221507  1.200921338 
          vh 
 0.003209876 
        step    negloglik           mu     sigma.sq           SE           bt 
 5.000000000 41.181651391  1.211771475  0.007142359  0.075221507  1.200921338 
          vh 
 0.003209876 
[1] "New improvement found, resetting step counter"
        step    negloglik           mu     sigma.sq           SE           bt 
6.000000e+00 4.115624e+01 1.223120e+00 7.440290e-03 7.336641e-02 1.186123e+00 
          vh 
2.351209e-04 
        step    negloglik           mu     sigma.sq           SE           bt 
7.000000e+00 4.115624e+01 1.223120e+00 7.440290e-03 7.336641e-02 1.186123e+00 
          vh 
2.351209e-04 
        step    negloglik           mu     sigma.sq           SE           bt 
8.000000e+00 4.115624e+01 1.223120e+00 7.440290e-03 7.336641e-02 1.186123e+00 
          vh 
2.351209e-04 
[1] "Now starting analysis"
[1] "Starting with initial values"
        mu   sigma.sq         bt         vh 
1.32625438 0.12790110 1.00000000 0.06395055 
       step   negloglik          mu    sigma.sq          bt          vh 
 1.00000000 88.45881819  1.32625438  0.12790110  1.13262544  0.06395055 
       step   negloglik          mu    sigma.sq          bt          vh 
 2.00000000 88.45881819  1.32625438  0.12790110  1.13262544  0.06395055 
[1] "New improvement found, but slight; taking the best value, but not resetting the step counter"
       step   negloglik          mu    sigma.sq          bt          vh 
 3.00000000 88.45725031  1.20956003  0.12701437  1.20225392  0.06745555 
[1] "Now starting analysis"
[1] "Starting with initial values"
        mu   sigma.sq         SE         vh 
1.32625438 0.12790110 0.06395055 0.06395055 
       step   negloglik          mu    sigma.sq          SE          vh 
 1.00000000 42.29427095  1.14680729  0.00714581  0.07994491  0.35893418 
[1] "New improvement found, resetting step counter"
        step    negloglik           mu     sigma.sq           SE           vh 
 2.000000000 41.523788914  1.457163037  0.007640512  0.073447407  0.047932838 
[1] "New improvement found, resetting step counter"
        step    negloglik           mu     sigma.sq           SE           vh 
 3.000000000 41.442823535  1.398991616  0.007884138  0.073130909  0.000562759 
[1] "New improvement found, but slight; taking the best value, but not resetting the step counter"
        step    negloglik           mu     sigma.sq           SE           vh 
 4.000000000 41.440264904  1.379102525  0.007969662  0.071644538  0.001322941 
        step    negloglik           mu     sigma.sq           SE           vh 
 5.000000000 41.440264904  1.379102525  0.007969662  0.071644538  0.001322941 
[1] "Now starting analysis"
[1] "Starting with initial values"
        mu   sigma.sq         vh 
1.32625438 0.12790110 0.06395055 
       step   negloglik          mu    sigma.sq          vh 
 1.00000000 88.46655199  1.32625438  0.12790110  0.06395055 
       step   negloglik          mu    sigma.sq          vh 
 2.00000000 88.46655199  1.32625438  0.12790110  0.06395055 
[1] "New improvement found, but slight; taking the best value, but not resetting the step counter"
       step   negloglik          mu    sigma.sq          vh 
 3.00000000 88.46542808  1.35520652  0.12810721  0.06108065 
[1] "Now starting analysis"
[1] "Starting with initial values"
        mu   sigma.sq         SE         bt 
1.32625438 0.12790110 0.06395055 1.00000000 
        step    negloglik           mu     sigma.sq           SE           bt 
 1.000000000 41.167287347  1.094774043  0.007646087  0.072185961  1.141520828 
[1] "New improvement found, resetting step counter"
        step    negloglik           mu     sigma.sq           SE           bt 
 2.000000000 41.135485094  1.131794087  0.008228229  0.074695768  1.178540873 
[1] "New improvement found, resetting step counter"
        step    negloglik           mu     sigma.sq           SE           bt 
 3.000000000 41.120469854  1.149838862  0.007409941  0.073160410  1.178627542 
[1] "New improvement found, but slight; taking the best value, but not resetting the step counter"
        step    negloglik           mu     sigma.sq           SE           bt 
 4.000000000 41.117691525  1.155321910  0.007826077  0.071724317  1.176746135 
        step    negloglik           mu     sigma.sq           SE           bt 
 5.000000000 41.117691525  1.155321910  0.007826077  0.071724317  1.176746135 
[1] "Now starting analysis"
[1] "Starting with initial values"
       mu  sigma.sq        bt 
1.3262544 0.1279011 1.0000000 
      step  negloglik         mu   sigma.sq         bt 
 1.0000000 88.4156282  1.3262544  0.1279011  1.1326254 
      step  negloglik         mu   sigma.sq         bt 
 2.0000000 88.4156282  1.3262544  0.1279011  1.1326254 
      step  negloglik         mu   sigma.sq         bt 
 3.0000000 88.4156282  1.3262544  0.1279011  1.1326254 
[1] "Now starting analysis"
[1] "Starting with initial values"
        mu   sigma.sq         SE 
1.32625438 0.12790110 0.06395055 
        step    negloglik           mu     sigma.sq           SE 
 1.000000000 41.475367536  1.245997443  0.007829475  0.073558448 
[1] "New improvement found, resetting step counter"
        step    negloglik           mu     sigma.sq           SE 
 2.000000000 41.432702136  1.370597187  0.007829475  0.073558448 
        step    negloglik           mu     sigma.sq           SE 
 3.000000000 41.432702136  1.370597187  0.007829475  0.073558448 
        step    negloglik           mu     sigma.sq           SE 
 4.000000000 41.432702136  1.370597187  0.007829475  0.073558448 
[1] "Now starting analysis"
[1] "Starting with initial values"
       mu  sigma.sq 
1.3262544 0.1279011 
      step  negloglik         mu   sigma.sq 
 1.0000000 88.4228681  1.3262544  0.1279011 
      step  negloglik         mu   sigma.sq 
 2.0000000 88.4228681  1.3262544  0.1279011 
      step  negloglik         mu   sigma.sq 
 3.0000000 88.4228681  1.3262544  0.1279011 
