000 (066.468.000) 07/26 17:14:46 Job submitted from host: <160.36.155.106:9618?addrs=160.36.155.106-9618&noUDP&sock=27742_4872_4>
...
001 (066.468.000) 07/31 07:19:50 Job executing on host: <10.128.147.77:9618?addrs=10.128.147.77-9618&noUDP&sock=69960_51c7_4>
...
006 (066.468.000) 07/31 07:19:59 Image size of job updated: 231836
	227  -  MemoryUsage of job (MB)
	231836  -  ResidentSetSize of job (KB)
...
006 (066.468.000) 07/31 07:25:00 Image size of job updated: 231852
	227  -  MemoryUsage of job (MB)
	231852  -  ResidentSetSize of job (KB)
...
005 (066.468.000) 07/31 07:36:48 Job terminated.
	(1) Normal termination (return value 1)
		Usr 0 00:16:56, Sys 0 00:00:00  -  Run Remote Usage
		Usr 0 00:00:00, Sys 0 00:00:00  -  Run Local Usage
		Usr 0 00:16:56, Sys 0 00:00:00  -  Total Remote Usage
		Usr 0 00:00:00, Sys 0 00:00:00  -  Total Local Usage
	2064  -  Run Bytes Sent By Job
	2422  -  Run Bytes Received By Job
	2064  -  Total Bytes Sent By Job
	2422  -  Total Bytes Received By Job
	Partitionable Resources :    Usage  Request Allocated 
	   Cpus                 :     1.00        1         1 
	   Disk (KB)            :    20           4    888417 
	   Memory (MB)          :   227           1       128 
...
