000 (066.795.000) 07/26 17:14:46 Job submitted from host: <160.36.155.106:9618?addrs=160.36.155.106-9618&noUDP&sock=27742_4872_4>
...
012 (066.795.000) 08/03 14:16:41 Job was held.
	via condor_hold (by user bomeara)
	Code 1 Subcode 0
...
013 (066.795.000) 08/05 22:27:27 Job was released.
	via condor_release (by user bomeara)
...
012 (066.795.000) 08/09 10:35:23 Job was held.
	via condor_hold (by user bomeara)
	Code 1 Subcode 0
...
013 (066.795.000) 08/09 13:04:46 Job was released.
	via condor_release (by user bomeara)
...
001 (066.795.000) 08/11 05:35:22 Job executing on host: <10.128.121.58:9618?addrs=10.128.121.58-9618&noUDP&sock=2361_0731_4>
...
006 (066.795.000) 08/11 05:35:30 Image size of job updated: 243200
	238  -  MemoryUsage of job (MB)
	243200  -  ResidentSetSize of job (KB)
...
006 (066.795.000) 08/11 05:45:30 Image size of job updated: 246320
	241  -  MemoryUsage of job (MB)
	246320  -  ResidentSetSize of job (KB)
...
006 (066.795.000) 08/11 06:00:31 Image size of job updated: 246336
	241  -  MemoryUsage of job (MB)
	246336  -  ResidentSetSize of job (KB)
...
006 (066.795.000) 08/14 08:18:16 Image size of job updated: 248336
	243  -  MemoryUsage of job (MB)
	248336  -  ResidentSetSize of job (KB)
...
022 (066.795.000) 08/14 14:07:46 Job disconnected, attempting to reconnect
    Local schedd and job shadow died, schedd now running again
    Trying to reconnect to slot1_18@omearaclustere <10.128.121.58:9618?addrs=10.128.121.58-9618&noUDP&sock=2361_0731_4>
...
023 (066.795.000) 08/14 14:07:49 Job reconnected to slot1_18@omearaclustere
    startd address: <10.128.121.58:9618?addrs=10.128.121.58-9618&noUDP&sock=2361_0731_4>
    starter address: <10.128.121.58:9618?addrs=10.128.121.58-9618&noUDP&sock=2696_5367_21>
...
005 (066.795.000) 08/23 13:22:49 Job terminated.
	(1) Normal termination (return value 0)
		Usr 12 07:22:28, Sys 0 00:01:52  -  Run Remote Usage
		Usr 0 00:00:00, Sys 0 00:00:00  -  Run Local Usage
		Usr 12 07:22:28, Sys 0 00:01:52  -  Total Remote Usage
		Usr 0 00:00:00, Sys 0 00:00:00  -  Total Local Usage
	31654  -  Run Bytes Sent By Job
	0  -  Run Bytes Received By Job
	31654  -  Total Bytes Sent By Job
	2422  -  Total Bytes Received By Job
	Partitionable Resources :    Usage  Request Allocated 
	   Cpus                 :     1.00        1         1 
	   Disk (KB)            :    49          49    888433 
	   Memory (MB)          :   245         245       128 
...
