000 (066.1510.000) 07/26 17:14:46 Job submitted from host: <160.36.155.106:9618?addrs=160.36.155.106-9618&noUDP&sock=27742_4872_4>
...
012 (066.1510.000) 08/03 14:17:17 Job was held.
	via condor_hold (by user bomeara)
	Code 1 Subcode 0
...
013 (066.1510.000) 08/05 22:28:03 Job was released.
	via condor_release (by user bomeara)
...
012 (066.1510.000) 08/09 10:36:11 Job was held.
	via condor_hold (by user bomeara)
	Code 1 Subcode 0
...
013 (066.1510.000) 08/09 13:05:22 Job was released.
	via condor_release (by user bomeara)
...
001 (066.1510.000) 09/16 15:52:27 Job executing on host: <10.129.167.211:9618?addrs=10.129.167.211-9618&noUDP&sock=2505_ccd4_4>
...
006 (066.1510.000) 09/16 15:52:35 Image size of job updated: 224588
	220  -  MemoryUsage of job (MB)
	224588  -  ResidentSetSize of job (KB)
...
006 (066.1510.000) 09/16 18:57:52 Image size of job updated: 232924
	228  -  MemoryUsage of job (MB)
	232924  -  ResidentSetSize of job (KB)
...
006 (066.1510.000) 09/17 00:58:28 Image size of job updated: 232940
	228  -  MemoryUsage of job (MB)
	232940  -  ResidentSetSize of job (KB)
...
022 (066.1510.000) 09/20 13:18:55 Job disconnected, attempting to reconnect
    Socket between submit and execute hosts closed unexpectedly
    Trying to reconnect to slot1_21@omearaclusterc <10.129.167.211:9618?addrs=10.129.167.211-9618&noUDP&sock=2505_ccd4_4>
...
024 (066.1510.000) 09/20 13:58:57 Job reconnection failed
    Job disconnected too long: JobLeaseDuration (2400 seconds) expired
    Can not reconnect to slot1_21@omearaclusterc, rescheduling job
...
012 (066.1510.000) 09/23 13:38:08 Job was held.
	via condor_hold (by user bomeara)
	Code 1 Subcode 0
...
001 (066.1510.000) 09/24 14:49:54 Job executing on host: <10.129.199.164:9618?addrs=10.129.199.164-9618&noUDP&sock=2250_e42e_4>
...
013 (066.1510.000) 09/24 14:50:00 Job was released.
	via condor_release (by user bomeara)
...
022 (066.1510.000) 10/04 13:15:59 Job disconnected, attempting to reconnect
    Socket between submit and execute hosts closed unexpectedly
    Trying to reconnect to slot1_13@omearaclusteri <10.129.199.164:9618?addrs=10.129.199.164-9618&noUDP&sock=2250_e42e_4>
...
024 (066.1510.000) 10/04 13:55:59 Job reconnection failed
    Job disconnected too long: JobLeaseDuration (2400 seconds) expired
    Can not reconnect to slot1_13@omearaclusteri, rescheduling job
...
001 (066.1510.000) 10/04 13:56:23 Job executing on host: <10.129.199.164:9618?addrs=10.129.199.164-9618&noUDP&sock=2337_90eb_4>
...
005 (066.1510.000) 10/09 12:27:35 Job terminated.
	(1) Normal termination (return value 0)
		Usr 4 22:17:22, Sys 0 00:00:45  -  Run Remote Usage
		Usr 0 00:00:00, Sys 0 00:00:00  -  Run Local Usage
		Usr 4 22:17:22, Sys 0 00:00:45  -  Total Remote Usage
		Usr 0 00:00:00, Sys 0 00:00:00  -  Total Local Usage
	28348  -  Run Bytes Sent By Job
	2422  -  Run Bytes Received By Job
	28348  -  Total Bytes Sent By Job
	7266  -  Total Bytes Received By Job
	Partitionable Resources :    Usage  Request Allocated 
	   Cpus                 :     1.00        1         1 
	   Disk (KB)            :    46          75    889942 
	   Memory (MB)          :   245         245       256 
...
