000 (066.953.000) 07/26 17:14:46 Job submitted from host: <160.36.155.106:9618?addrs=160.36.155.106-9618&noUDP&sock=27742_4872_4>
...
012 (066.953.000) 08/03 14:16:48 Job was held.
	via condor_hold (by user bomeara)
	Code 1 Subcode 0
...
013 (066.953.000) 08/05 22:27:34 Job was released.
	via condor_release (by user bomeara)
...
012 (066.953.000) 08/09 10:35:34 Job was held.
	via condor_hold (by user bomeara)
	Code 1 Subcode 0
...
013 (066.953.000) 08/09 13:04:54 Job was released.
	via condor_release (by user bomeara)
...
001 (066.953.000) 08/17 07:00:02 Job executing on host: <160.36.154.249:9618?addrs=160.36.154.249-9618&noUDP&sock=66431_b80f_4>
...
006 (066.953.000) 08/17 07:00:11 Image size of job updated: 243288
	238  -  MemoryUsage of job (MB)
	243288  -  ResidentSetSize of job (KB)
...
006 (066.953.000) 08/17 07:05:11 Image size of job updated: 245896
	241  -  MemoryUsage of job (MB)
	245896  -  ResidentSetSize of job (KB)
...
006 (066.953.000) 08/17 17:41:20 Image size of job updated: 247760
	242  -  MemoryUsage of job (MB)
	247760  -  ResidentSetSize of job (KB)
...
006 (066.953.000) 08/18 01:52:15 Image size of job updated: 249348
	244  -  MemoryUsage of job (MB)
	249348  -  ResidentSetSize of job (KB)
...
006 (066.953.000) 08/18 12:03:23 Image size of job updated: 249384
	244  -  MemoryUsage of job (MB)
	249384  -  ResidentSetSize of job (KB)
...
005 (066.953.000) 08/19 19:30:11 Job terminated.
	(1) Normal termination (return value 0)
		Usr 2 12:21:51, Sys 0 00:00:47  -  Run Remote Usage
		Usr 0 00:00:00, Sys 0 00:00:00  -  Run Local Usage
		Usr 2 12:21:51, Sys 0 00:00:47  -  Total Remote Usage
		Usr 0 00:00:00, Sys 0 00:00:00  -  Total Local Usage
	33452  -  Run Bytes Sent By Job
	2422  -  Run Bytes Received By Job
	33452  -  Total Bytes Sent By Job
	2422  -  Total Bytes Received By Job
	Partitionable Resources :    Usage  Request Allocated 
	   Cpus                 :     1.00        1         1 
	   Disk (KB)            :    51           4    202517 
	   Memory (MB)          :   244           1       128 
...
