000 (066.1328.000) 07/26 17:14:46 Job submitted from host: <160.36.155.106:9618?addrs=160.36.155.106-9618&noUDP&sock=27742_4872_4>
...
012 (066.1328.000) 08/03 14:17:07 Job was held.
	via condor_hold (by user bomeara)
	Code 1 Subcode 0
...
013 (066.1328.000) 08/05 22:27:54 Job was released.
	via condor_release (by user bomeara)
...
012 (066.1328.000) 08/09 10:35:59 Job was held.
	via condor_hold (by user bomeara)
	Code 1 Subcode 0
...
013 (066.1328.000) 08/09 13:05:12 Job was released.
	via condor_release (by user bomeara)
...
001 (066.1328.000) 09/03 00:39:01 Job executing on host: <10.128.78.255:9618?addrs=10.128.78.255-9618&noUDP&sock=2316_296e_4>
...
006 (066.1328.000) 09/03 00:39:10 Image size of job updated: 220532
	216  -  MemoryUsage of job (MB)
	220532  -  ResidentSetSize of job (KB)
...
006 (066.1328.000) 09/03 00:44:11 Image size of job updated: 228752
	224  -  MemoryUsage of job (MB)
	228752  -  ResidentSetSize of job (KB)
...
006 (066.1328.000) 09/03 06:14:45 Image size of job updated: 229064
	224  -  MemoryUsage of job (MB)
	229064  -  ResidentSetSize of job (KB)
...
006 (066.1328.000) 09/03 06:51:46 Image size of job updated: 435488
	224  -  MemoryUsage of job (MB)
	229064  -  ResidentSetSize of job (KB)
...
005 (066.1328.000) 09/03 06:51:46 Job terminated.
	(1) Normal termination (return value 0)
		Usr 0 06:12:10, Sys 0 00:00:02  -  Run Remote Usage
		Usr 0 00:00:00, Sys 0 00:00:00  -  Run Local Usage
		Usr 0 06:12:10, Sys 0 00:00:02  -  Total Remote Usage
		Usr 0 00:00:00, Sys 0 00:00:00  -  Total Local Usage
	29686  -  Run Bytes Sent By Job
	2422  -  Run Bytes Received By Job
	29686  -  Total Bytes Sent By Job
	2422  -  Total Bytes Received By Job
	Partitionable Resources :    Usage  Request Allocated 
	   Cpus                 :     1.00        1         1 
	   Disk (KB)            :    47           4    893021 
	   Memory (MB)          :   224           1       128 
...
