[1] "args"
[1] "66"  "681"
[1] "Now starting analysis"
[1] "Starting with initial values"
         mu    sigma.sq          SE          bt          vh 
1.039801123 0.014778710 0.007389355 1.000000000 0.007389355 
         step     negloglik            mu      sigma.sq            SE 
 1.000000e+00 -2.142785e+01  9.826163e-01  1.148658e-02  8.428251e-08 
           bt            vh 
 1.086544e+00  1.087253e-01 
[1] "New improvement found, resetting step counter"
         step     negloglik            mu      sigma.sq            SE 
 2.000000e+00 -2.604079e+01  2.836558e-01  1.151147e-02  2.764413e-07 
           bt            vh 
 2.050077e+00  8.583242e-02 
         step     negloglik            mu      sigma.sq            SE 
 3.000000e+00 -2.604079e+01  2.836558e-01  1.151147e-02  2.764413e-07 
           bt            vh 
 2.050077e+00  8.583242e-02 
         step     negloglik            mu      sigma.sq            SE 
 4.000000e+00 -2.604079e+01  2.836558e-01  1.151147e-02  2.764413e-07 
           bt            vh 
 2.050077e+00  8.583242e-02 
[1] "Now starting analysis"
[1] "Starting with initial values"
         mu    sigma.sq          bt          vh 
1.039801123 0.014778710 1.000000000 0.007389355 
        step    negloglik           mu     sigma.sq           bt           vh 
  1.00000000 -24.24524191   0.38682777   0.01159011   1.34049895   0.26931045 
[1] "New improvement found, resetting step counter"
         step     negloglik            mu      sigma.sq            bt 
 2.000000e+00 -2.808067e+01  7.047119e-01  1.197164e-02  3.028396e+00 
           vh 
 3.106941e-05 
[1] "New improvement found, resetting step counter"
         step     negloglik            mu      sigma.sq            bt 
 3.000000e+00 -2.818812e+01  5.365957e-01  1.141177e-02  2.984139e+00 
           vh 
 9.169709e-05 
[1] "New improvement found, resetting step counter"
         step     negloglik            mu      sigma.sq            bt 
 4.000000e+00 -2.820798e+01  5.640534e-01  1.147020e-02  3.001334e+00 
           vh 
 5.188536e-05 
         step     negloglik            mu      sigma.sq            bt 
 5.000000e+00 -2.820798e+01  5.640534e-01  1.147020e-02  3.001334e+00 
           vh 
 5.188536e-05 
         step     negloglik            mu      sigma.sq            bt 
 6.000000e+00 -2.820798e+01  5.640534e-01  1.147020e-02  3.001334e+00 
           vh 
 5.188536e-05 
[1] "Now starting analysis"
[1] "Starting with initial values"
         mu    sigma.sq          SE          vh 
1.039801123 0.014778710 0.007389355 0.007389355 
         step     negloglik            mu      sigma.sq            SE 
 1.000000e+00 -2.304138e+01  1.003476e+00  1.229028e-02  2.140572e-07 
           vh 
 3.711466e-01 
[1] "New improvement found, resetting step counter"
         step     negloglik            mu      sigma.sq            SE 
 2.000000e+00 -2.326653e+01  8.138771e-01  1.229071e-02  1.072775e-06 
           vh 
 4.746337e-01 
[1] "New improvement found, resetting step counter"
         step     negloglik            mu      sigma.sq            SE 
 3.000000e+00 -2.342411e+01  7.770682e-01  1.108605e-02  4.642263e-08 
           vh 
 5.474988e-01 
         step     negloglik            mu      sigma.sq            SE 
 4.000000e+00 -2.342411e+01  7.770682e-01  1.108605e-02  4.642263e-08 
           vh 
 5.474988e-01 
         step     negloglik            mu      sigma.sq            SE 
 5.000000e+00 -2.342411e+01  7.770682e-01  1.108605e-02  4.642263e-08 
           vh 
 5.474988e-01 
[1] "Now starting analysis"
[1] "Starting with initial values"
         mu    sigma.sq          vh 
1.039801123 0.014778710 0.007389355 
        step    negloglik           mu     sigma.sq           vh 
  1.00000000 -23.27870724   0.65675723   0.01157112   0.37924429 
[1] "New improvement found, resetting step counter"
        step    negloglik           mu     sigma.sq           vh 
  2.00000000 -23.43953993   0.74804477   0.01135733   0.50336969 
        step    negloglik           mu     sigma.sq           vh 
  3.00000000 -23.43953993   0.74804477   0.01135733   0.50336969 
        step    negloglik           mu     sigma.sq           vh 
  4.00000000 -23.43953993   0.74804477   0.01135733   0.50336969 
[1] "Now starting analysis"
[1] "Starting with initial values"
         mu    sigma.sq          SE          bt 
1.039801123 0.014778710 0.007389355 1.000000000 
         step     negloglik            mu      sigma.sq            SE 
 1.000000e+00 -2.815958e+01  4.372835e-01  1.145806e-02  1.228947e-07 
           bt 
 3.013036e+00 
[1] "New improvement found, resetting step counter"
         step     negloglik            mu      sigma.sq            SE 
 2.000000e+00 -2.821507e+01  5.416471e-01  1.145806e-02  1.083300e-07 
           bt 
 3.011455e+00 
         step     negloglik            mu      sigma.sq            SE 
 3.000000e+00 -2.821507e+01  5.416471e-01  1.145806e-02  1.083300e-07 
           bt 
 3.011455e+00 
         step     negloglik            mu      sigma.sq            SE 
 4.000000e+00 -2.821507e+01  5.416471e-01  1.145806e-02  1.083300e-07 
           bt 
 3.011455e+00 
[1] "Now starting analysis"
[1] "Starting with initial values"
        mu   sigma.sq         bt 
1.03980112 0.01477871 1.00000000 
       step   negloglik          mu    sigma.sq          bt 
  1.0000000 -14.2194681  -1.0564416   0.0152207   2.5499854 
[1] "New improvement found, resetting step counter"
        step    negloglik           mu     sigma.sq           bt 
  2.00000000 -28.20639394   0.52043539   0.01171474   3.01552054 
