000 (066.254.000) 07/26 17:14:46 Job submitted from host: <160.36.155.106:9618?addrs=160.36.155.106-9618&noUDP&sock=27742_4872_4>
...
001 (066.254.000) 07/26 22:12:55 Job executing on host: <10.128.106.188:9618?addrs=10.128.106.188-9618&noUDP&sock=2127_8608_4>
...
006 (066.254.000) 07/26 22:13:04 Image size of job updated: 225484
	221  -  MemoryUsage of job (MB)
	225484  -  ResidentSetSize of job (KB)
...
006 (066.254.000) 07/26 22:18:05 Image size of job updated: 230628
	226  -  MemoryUsage of job (MB)
	230628  -  ResidentSetSize of job (KB)
...
006 (066.254.000) 07/27 04:38:46 Image size of job updated: 231108
	226  -  MemoryUsage of job (MB)
	231108  -  ResidentSetSize of job (KB)
...
006 (066.254.000) 07/27 11:34:30 Image size of job updated: 233436
	228  -  MemoryUsage of job (MB)
	233436  -  ResidentSetSize of job (KB)
...
005 (066.254.000) 07/27 18:03:54 Job terminated.
	(1) Normal termination (return value 0)
		Usr 0 19:48:33, Sys 0 00:00:11  -  Run Remote Usage
		Usr 0 00:00:00, Sys 0 00:00:00  -  Run Local Usage
		Usr 0 19:48:33, Sys 0 00:00:11  -  Total Remote Usage
		Usr 0 00:00:00, Sys 0 00:00:00  -  Total Local Usage
	27808  -  Run Bytes Sent By Job
	2422  -  Run Bytes Received By Job
	27808  -  Total Bytes Sent By Job
	2422  -  Total Bytes Received By Job
	Partitionable Resources :    Usage  Request Allocated 
	   Cpus                 :     1.00        1         1 
	   Disk (KB)            :    45           4    892170 
	   Memory (MB)          :   228           1       128 
...
