[1] "args"
[1] "66" "26"
[1] "Now starting analysis"
[1] "Starting with initial values"
         mu    sigma.sq          SE          bt          vh 
1.987988746 0.010112450 0.005056225 1.000000000 0.005056225 
         step     negloglik            mu      sigma.sq            SE 
 1.000000e+00 -1.408220e+01  1.787820e+00  7.068206e-03  3.811866e-06 
           bt            vh 
 1.042494e+00  1.248467e-01 
[1] "New improvement found, resetting step counter"
         step     negloglik            mu      sigma.sq            SE 
 2.000000e+00 -1.438517e+01  1.714090e+00  7.069330e-03  4.453112e-06 
           bt            vh 
 1.230421e+00  2.111056e-01 
         step     negloglik            mu      sigma.sq            SE 
 3.000000e+00 -1.438517e+01  1.714090e+00  7.069330e-03  4.453112e-06 
           bt            vh 
 1.230421e+00  2.111056e-01 
         step     negloglik            mu      sigma.sq            SE 
 4.000000e+00 -1.438517e+01  1.714090e+00  7.069330e-03  4.453112e-06 
           bt            vh 
 1.230421e+00  2.111056e-01 
[1] "Now starting analysis"
[1] "Starting with initial values"
         mu    sigma.sq          bt          vh 
1.987988746 0.010112450 1.000000000 0.005056225 
         step     negloglik            mu      sigma.sq            bt 
  1.000000000 -14.461358126   1.615955815   0.007917648   1.300660608 
           vh 
  0.185639585 
[1] "New improvement found, but slight; taking the best value, but not resetting the step counter"
         step     negloglik            mu      sigma.sq            bt 
  2.000000000 -14.462549050   1.659750825   0.007913942   1.286426589 
           vh 
  0.160260979 
[1] "New improvement found, but slight; taking the best value, but not resetting the step counter"
         step     negloglik            mu      sigma.sq            bt 
  3.000000000 -14.465115673   1.636001494   0.007884662   1.279960903 
           vh 
  0.160091826 
[1] "Now starting analysis"
[1] "Starting with initial values"
         mu    sigma.sq          SE          vh 
1.987988746 0.010112450 0.005056225 0.005056225 
         step     negloglik            mu      sigma.sq            SE 
 1.000000e+00 -1.421827e+01  1.830727e+00  7.847539e-03  1.074873e-06 
           vh 
 2.102956e-01 
[1] "New improvement found, resetting step counter"
         step     negloglik            mu      sigma.sq            SE 
 2.000000e+00 -1.422971e+01  1.886528e+00  7.847373e-03  4.805804e-07 
           vh 
 2.308138e-01 
         step     negloglik            mu      sigma.sq            SE 
 3.000000e+00 -1.422971e+01  1.886528e+00  7.847373e-03  4.805804e-07 
           vh 
 2.308138e-01 
         step     negloglik            mu      sigma.sq            SE 
 4.000000e+00 -1.422971e+01  1.886528e+00  7.847373e-03  4.805804e-07 
           vh 
 2.308138e-01 
[1] "Now starting analysis"
[1] "Starting with initial values"
         mu    sigma.sq          vh 
1.987988746 0.010112450 0.005056225 
         step     negloglik            mu      sigma.sq            vh 
  1.000000000 -14.224821622   1.883965845   0.007995756   0.243698908 
[1] "New improvement found, but slight; taking the best value, but not resetting the step counter"
         step     negloglik            mu      sigma.sq            vh 
  2.000000000 -14.228899363   1.874796321   0.007593724   0.241507035 
         step     negloglik            mu      sigma.sq            vh 
  3.000000000 -14.228899363   1.874796321   0.007593724   0.241507035 
[1] "Now starting analysis"
[1] "Starting with initial values"
         mu    sigma.sq          SE          bt 
1.987988746 0.010112450 0.005056225 1.000000000 
         step     negloglik            mu      sigma.sq            SE 
 1.000000e+00 -1.373357e+01  1.385661e+00  8.454155e-03  3.173029e-07 
           bt 
 1.295489e+00 
[1] "New improvement found, resetting step counter"
         step     negloglik            mu      sigma.sq            SE 
 2.000000e+00 -1.378602e+01  1.524227e+00  8.454155e-03  3.173029e-07 
           bt 
 1.295489e+00 
         step     negloglik            mu      sigma.sq            SE 
 3.000000e+00 -1.378602e+01  1.524227e+00  8.454155e-03  3.173029e-07 
           bt 
 1.295489e+00 
         step     negloglik            mu      sigma.sq            SE 
 4.000000e+00 -1.378602e+01  1.524227e+00  8.454155e-03  3.173029e-07 
           bt 
 1.295489e+00 
[1] "Now starting analysis"
[1] "Starting with initial values"
        mu   sigma.sq         bt 
1.98798875 0.01011245 1.00000000 
         step     negloglik            mu      sigma.sq            bt 
  1.000000000 -13.883678231   1.501512094   0.009498124   1.289621270 
[1] "New improvement found, but slight; taking the best value, but not resetting the step counter"
         step     negloglik            mu      sigma.sq            bt 
  2.000000000 -13.884790200   1.491129731   0.009363711   1.310520408 
         step     negloglik            mu      sigma.sq            bt 
  3.000000000 -13.884790200   1.491129731   0.009363711   1.310520408 
[1] "Now starting analysis"
[1] "Starting with initial values"
         mu    sigma.sq          SE 
1.987988746 0.010112450 0.005056225 
         step     negloglik            mu      sigma.sq            SE 
 1.000000e+00 -1.269159e+01  1.928681e+00  8.266267e-03  1.236246e-06 
[1] "New improvement found, but slight; taking the best value, but not resetting the step counter"
         step     negloglik            mu      sigma.sq            SE 
 2.000000e+00 -1.269851e+01  1.900845e+00  8.265950e-03  1.344087e-07 
[1] "New improvement found, resetting step counter"
         step     negloglik            mu      sigma.sq            SE 
 3.000000e+00 -1.281432e+01  1.926540e+00  8.632001e-03  1.221854e-06 
         step     negloglik            mu      sigma.sq            SE 
 4.000000e+00 -1.281432e+01  1.926540e+00  8.632001e-03  1.221854e-06 
[1] "New improvement found, resetting step counter"
         step     negloglik            mu      sigma.sq            SE 
 5.000000e+00 -1.284767e+01  1.869348e+00  8.738607e-03  6.477660e-07 
         step     negloglik            mu      sigma.sq            SE 
 6.000000e+00 -1.284767e+01  1.869348e+00  8.738607e-03  6.477660e-07 
         step     negloglik            mu      sigma.sq            SE 
 7.000000e+00 -1.284767e+01  1.869348e+00  8.738607e-03  6.477660e-07 
[1] "Now starting analysis"
[1] "Starting with initial values"
        mu   sigma.sq 
1.98798875 0.01011245 
        step    negloglik           mu     sigma.sq 
  1.00000000 -12.99812083   1.86383652   0.00991831 
[1] "New improvement found, but slight; taking the best value, but not resetting the step counter"
        step    negloglik           mu     sigma.sq 
  2.00000000 -12.99996654   1.90601287   0.01002069 
        step    negloglik           mu     sigma.sq 
  3.00000000 -12.99996654   1.90601287   0.01002069 
