000 (066.1563.000) 07/26 17:14:46 Job submitted from host: <160.36.155.106:9618?addrs=160.36.155.106-9618&noUDP&sock=27742_4872_4>
...
012 (066.1563.000) 08/03 14:17:19 Job was held.
	via condor_hold (by user bomeara)
	Code 1 Subcode 0
...
013 (066.1563.000) 08/05 22:28:06 Job was released.
	via condor_release (by user bomeara)
...
012 (066.1563.000) 08/09 10:36:15 Job was held.
	via condor_hold (by user bomeara)
	Code 1 Subcode 0
...
013 (066.1563.000) 08/09 13:05:25 Job was released.
	via condor_release (by user bomeara)
...
001 (066.1563.000) 09/19 02:15:32 Job executing on host: <10.129.213.175:9618?addrs=10.129.213.175-9618&noUDP&sock=2702_ecfc_4>
...
006 (066.1563.000) 09/19 02:15:40 Image size of job updated: 243344
	238  -  MemoryUsage of job (MB)
	243344  -  ResidentSetSize of job (KB)
...
006 (066.1563.000) 09/19 02:20:40 Image size of job updated: 248360
	243  -  MemoryUsage of job (MB)
	248360  -  ResidentSetSize of job (KB)
...
005 (066.1563.000) 09/23 01:49:23 Job terminated.
	(1) Normal termination (return value 0)
		Usr 3 23:30:30, Sys 0 00:00:23  -  Run Remote Usage
		Usr 0 00:00:00, Sys 0 00:00:00  -  Run Local Usage
		Usr 3 23:30:30, Sys 0 00:00:23  -  Total Remote Usage
		Usr 0 00:00:00, Sys 0 00:00:00  -  Total Local Usage
	31962  -  Run Bytes Sent By Job
	2422  -  Run Bytes Received By Job
	31962  -  Total Bytes Sent By Job
	2422  -  Total Bytes Received By Job
	Partitionable Resources :    Usage  Request Allocated 
	   Cpus                 :     1.00        1         1 
	   Disk (KB)            :    49           4   1811553 
	   Memory (MB)          :   243           1       128 
...
