[1] "args"
[1] "66"  "307"
[1] "Now starting analysis"
[1] "Starting with initial values"
         mu    sigma.sq          SE          bt          vh 
1.146066215 0.009828808 0.004914404 1.000000000 0.004914404 
         step     negloglik            mu      sigma.sq            SE 
 1.000000e+00 -2.275458e+01  1.266658e+00  8.823713e-03  7.248054e-04 
           bt            vh 
 9.948687e-01  2.455618e-02 
[1] "New improvement found, resetting step counter"
         step     negloglik            mu      sigma.sq            SE 
 2.000000e+00 -2.288631e+01  1.206844e+00  8.813892e-03  7.243146e-04 
           bt            vh 
 9.048302e-01  1.429971e-03 
         step     negloglik            mu      sigma.sq            SE 
 3.000000e+00 -2.288631e+01  1.206844e+00  8.813892e-03  7.243146e-04 
           bt            vh 
 9.048302e-01  1.429971e-03 
         step     negloglik            mu      sigma.sq            SE 
 4.000000e+00 -2.288631e+01  1.206844e+00  8.813892e-03  7.243146e-04 
           bt            vh 
 9.048302e-01  1.429971e-03 
[1] "Now starting analysis"
[1] "Starting with initial values"
         mu    sigma.sq          bt          vh 
1.146066215 0.009828808 1.000000000 0.004914404 
         step     negloglik            mu      sigma.sq            bt 
  1.000000000 -22.377381538   1.146066215   0.009828808   1.000000000 
           vh 
  0.004914404 
         step     negloglik            mu      sigma.sq            bt 
  2.000000000 -22.377381538   1.146066215   0.009828808   1.000000000 
           vh 
  0.004914404 
[1] "New improvement found, resetting step counter"
         step     negloglik            mu      sigma.sq            bt 
  3.000000000 -22.421493828   1.225930812   0.009394945   0.903468361 
           vh 
  0.002543023 
         step     negloglik            mu      sigma.sq            bt 
  4.000000000 -22.421493828   1.225930812   0.009394945   0.903468361 
           vh 
  0.002543023 
         step     negloglik            mu      sigma.sq            bt 
  5.000000000 -22.421493828   1.225930812   0.009394945   0.903468361 
           vh 
  0.002543023 
[1] "Now starting analysis"
[1] "Starting with initial values"
         mu    sigma.sq          SE          vh 
1.146066215 0.009828808 0.004914404 0.004914404 
         step     negloglik            mu      sigma.sq            SE 
 1.000000e+00 -2.275387e+01  1.191283e+00  8.809847e-03  6.845963e-04 
           vh 
 3.585239e-02 
[1] "New improvement found, resetting step counter"
         step     negloglik            mu      sigma.sq            SE 
 2.000000e+00 -2.283211e+01  1.203155e+00  8.800382e-03  6.673901e-04 
           vh 
 5.620147e-03 
         step     negloglik            mu      sigma.sq            SE 
 3.000000e+00 -2.283211e+01  1.203155e+00  8.800382e-03  6.673901e-04 
           vh 
 5.620147e-03 
         step     negloglik            mu      sigma.sq            SE 
 4.000000e+00 -2.283211e+01  1.203155e+00  8.800382e-03  6.673901e-04 
           vh 
 5.620147e-03 
[1] "Now starting analysis"
[1] "Starting with initial values"
         mu    sigma.sq          vh 
1.146066215 0.009828808 0.004914404 
         step     negloglik            mu      sigma.sq            vh 
  1.000000000 -22.377381538   1.146066215   0.009828808   0.004914404 
         step     negloglik            mu      sigma.sq            vh 
  2.000000000 -22.377381538   1.146066215   0.009828808   0.004914404 
[1] "New improvement found, resetting step counter"
         step     negloglik            mu      sigma.sq            vh 
  3.000000000 -22.398162700   1.226268903   0.009722721   0.002757430 
         step     negloglik            mu      sigma.sq            vh 
  4.000000000 -22.398162700   1.226268903   0.009722721   0.002757430 
         step     negloglik            mu      sigma.sq            vh 
  5.000000000 -22.398162700   1.226268903   0.009722721   0.002757430 
[1] "Now starting analysis"
[1] "Starting with initial values"
         mu    sigma.sq          SE          bt 
1.146066215 0.009828808 0.004914404 1.000000000 
         step     negloglik            mu      sigma.sq            SE 
 1.000000e+00 -2.283504e+01  1.214375e+00  8.501479e-03  8.024434e-04 
           bt 
 9.817562e-01 
[1] "New improvement found, resetting step counter"
         step     negloglik            mu      sigma.sq            SE 
 2.000000e+00 -2.286385e+01  1.210427e+00  8.517717e-03  8.752967e-04 
           bt 
 9.114339e-01 
         step     negloglik            mu      sigma.sq            SE 
 3.000000e+00 -2.286385e+01  1.210427e+00  8.517717e-03  8.752967e-04 
           bt 
 9.114339e-01 
         step     negloglik            mu      sigma.sq            SE 
 4.000000e+00 -2.286385e+01  1.210427e+00  8.517717e-03  8.752967e-04 
           bt 
 9.114339e-01 
[1] "Now starting analysis"
[1] "Starting with initial values"
         mu    sigma.sq          bt 
1.146066215 0.009828808 1.000000000 
         step     negloglik            mu      sigma.sq            bt 
  1.000000000 -22.438745603   1.248000946   0.009642274   0.872721487 
[1] "New improvement found, but slight; taking the best value, but not resetting the step counter"
         step     negloglik            mu      sigma.sq            bt 
  2.000000000 -22.441684980   1.192507154   0.009723524   0.858827727 
[1] "New improvement found, but slight; taking the best value, but not resetting the step counter"
         step     negloglik            mu      sigma.sq            bt 
  3.000000000 -22.443955641   1.181083032   0.009565949   0.892319570 
[1] "Now starting analysis"
[1] "Starting with initial values"
         mu    sigma.sq          SE 
1.146066215 0.009828808 0.004914404 
         step     negloglik            mu      sigma.sq            SE 
 1.000000e+00 -2.285027e+01  1.200936e+00  8.770191e-03  7.290749e-04 
         step     negloglik            mu      sigma.sq            SE 
 2.000000e+00 -2.285027e+01  1.200936e+00  8.770191e-03  7.290749e-04 
         step     negloglik            mu      sigma.sq            SE 
 3.000000e+00 -2.285027e+01  1.200936e+00  8.770191e-03  7.290749e-04 
[1] "Now starting analysis"
[1] "Starting with initial values"
         mu    sigma.sq 
1.146066215 0.009828808 
         step     negloglik            mu      sigma.sq 
  1.000000000 -22.391830971   1.203593367   0.009381126 
[1] "New improvement found, resetting step counter"
         step     negloglik            mu      sigma.sq 
  2.000000000 -22.410828108   1.188372143   0.009733741 
         step     negloglik            mu      sigma.sq 
  3.000000000 -22.410828108   1.188372143   0.009733741 
         step     negloglik            mu      sigma.sq 
  4.000000000 -22.410828108   1.188372143   0.009733741 
