000 (066.801.000) 07/26 17:14:46 Job submitted from host: <160.36.155.106:9618?addrs=160.36.155.106-9618&noUDP&sock=27742_4872_4>
...
012 (066.801.000) 08/03 14:16:41 Job was held.
	via condor_hold (by user bomeara)
	Code 1 Subcode 0
...
013 (066.801.000) 08/05 22:27:27 Job was released.
	via condor_release (by user bomeara)
...
012 (066.801.000) 08/09 10:35:24 Job was held.
	via condor_hold (by user bomeara)
	Code 1 Subcode 0
...
013 (066.801.000) 08/09 13:04:46 Job was released.
	via condor_release (by user bomeara)
...
001 (066.801.000) 08/11 05:35:23 Job executing on host: <10.128.121.58:9618?addrs=10.128.121.58-9618&noUDP&sock=2361_0731_4>
...
006 (066.801.000) 08/11 05:35:31 Image size of job updated: 243028
	238  -  MemoryUsage of job (MB)
	243028  -  ResidentSetSize of job (KB)
...
006 (066.801.000) 08/11 05:45:32 Image size of job updated: 246752
	241  -  MemoryUsage of job (MB)
	246752  -  ResidentSetSize of job (KB)
...
006 (066.801.000) 08/11 06:05:35 Image size of job updated: 246768
	241  -  MemoryUsage of job (MB)
	246768  -  ResidentSetSize of job (KB)
...
006 (066.801.000) 08/13 08:59:43 Image size of job updated: 453152
	241  -  MemoryUsage of job (MB)
	246768  -  ResidentSetSize of job (KB)
...
005 (066.801.000) 08/13 08:59:43 Job terminated.
	(1) Normal termination (return value 1)
		Usr 2 03:20:08, Sys 0 00:00:16  -  Run Remote Usage
		Usr 0 00:00:00, Sys 0 00:00:00  -  Run Local Usage
		Usr 2 03:20:08, Sys 0 00:00:16  -  Total Remote Usage
		Usr 0 00:00:00, Sys 0 00:00:00  -  Total Local Usage
	3753  -  Run Bytes Sent By Job
	2422  -  Run Bytes Received By Job
	3753  -  Total Bytes Sent By Job
	2422  -  Total Bytes Received By Job
	Partitionable Resources :    Usage  Request Allocated 
	   Cpus                 :     1.00        1         1 
	   Disk (KB)            :    21           4    888433 
	   Memory (MB)          :   241           1       128 
...
