[1] "args"
[1] "66"   "1272"
[1] "Now starting analysis"
[1] "Starting with initial values"
       mu  sigma.sq        SE        bt        vh 
1.0187966 0.2561131 0.1280565 1.0000000 0.1280565 
        step    negloglik           mu     sigma.sq           SE           bt 
1.0000000000 3.9728454687 1.0403848627 0.0004947834 0.0600933485 1.0237775404 
          vh 
0.2474684257 
[1] "New improvement found, resetting step counter"
        step    negloglik           mu     sigma.sq           SE           bt 
2.0000000000 2.8796303755 0.9931754052 0.0003959425 0.0559046029 0.8999102458 
          vh 
0.0004252609 
        step    negloglik           mu     sigma.sq           SE           bt 
3.0000000000 2.8796303755 0.9931754052 0.0003959425 0.0559046029 0.8999102458 
          vh 
0.0004252609 
[1] "New improvement found, resetting step counter"
        step    negloglik           mu     sigma.sq           SE           bt 
4.000000e+00 2.818157e+00 1.029819e+00 3.112252e-04 5.667919e-02 8.670801e-01 
          vh 
9.098640e-07 
        step    negloglik           mu     sigma.sq           SE           bt 
5.000000e+00 2.818157e+00 1.029819e+00 3.112252e-04 5.667919e-02 8.670801e-01 
          vh 
9.098640e-07 
[1] "New improvement found, but slight; taking the best value, but not resetting the step counter"
        step    negloglik           mu     sigma.sq           SE           bt 
6.000000e+00 2.814752e+00 1.033260e+00 3.512333e-04 6.031894e-02 8.659760e-01 
          vh 
1.152347e-05 
[1] "Now starting analysis"
[1] "Starting with initial values"
       mu  sigma.sq        bt        vh 
1.0187966 0.2561131 1.0000000 0.1280565 
      step  negloglik         mu   sigma.sq         bt         vh 
 1.0000000 40.8201834  1.0187966  0.2561131  1.0000000  0.1280565 
      step  negloglik         mu   sigma.sq         bt         vh 
 2.0000000 40.8201834  1.0187966  0.2561131  1.0000000  0.1280565 
      step  negloglik         mu   sigma.sq         bt         vh 
 3.0000000 40.8201834  1.0187966  0.2561131  1.0000000  0.1280565 
[1] "Now starting analysis"
[1] "Starting with initial values"
       mu  sigma.sq        SE        vh 
1.0187966 0.2561131 0.1280565 0.1280565 
        step    negloglik           mu     sigma.sq           SE           vh 
1.0000000000 4.0040296516 1.0577373472 0.0005224407 0.0554936467 0.2667070848 
[1] "New improvement found, resetting step counter"
        step    negloglik           mu     sigma.sq           SE           vh 
2.0000000000 3.1620203431 1.0224108196 0.0005075438 0.0530962735 0.0002166828 
[1] "New improvement found, but slight; taking the best value, but not resetting the step counter"
        step    negloglik           mu     sigma.sq           SE           vh 
3.0000000000 3.1557663415 1.0192811052 0.0006485361 0.0546761276 0.0001365931 
        step    negloglik           mu     sigma.sq           SE           vh 
4.0000000000 3.1557663415 1.0192811052 0.0006485361 0.0546761276 0.0001365931 
[1] "Now starting analysis"
[1] "Starting with initial values"
       mu  sigma.sq        vh 
1.0187966 0.2561131 0.1280565 
      step  negloglik         mu   sigma.sq         vh 
 1.0000000 40.8201834  1.0187966  0.2561131  0.1280565 
      step  negloglik         mu   sigma.sq         vh 
 2.0000000 40.8201834  1.0187966  0.2561131  0.1280565 
      step  negloglik         mu   sigma.sq         vh 
 3.0000000 40.8201834  1.0187966  0.2561131  0.1280565 
[1] "Now starting analysis"
[1] "Starting with initial values"
       mu  sigma.sq        SE        bt 
1.0187966 0.2561131 0.1280565 1.0000000 
        step    negloglik           mu     sigma.sq           SE           bt 
1.0000000000 3.9732149956 1.0585473020 0.0008613855 0.0530191487 1.1304977105 
[1] "New improvement found, resetting step counter"
        step    negloglik           mu     sigma.sq           SE           bt 
2.0000000000 2.8240621755 1.0419466651 0.0004409072 0.0560502414 0.8641378814 
[1] "New improvement found, resetting step counter"
        step    negloglik           mu     sigma.sq           SE           bt 
3.0000000000 2.8070229090 1.0269317694 0.0003420959 0.0586676376 0.8620646797 
        step    negloglik           mu     sigma.sq           SE           bt 
4.0000000000 2.8070229090 1.0269317694 0.0003420959 0.0586676376 0.8620646797 
[1] "New improvement found, but slight; taking the best value, but not resetting the step counter"
        step    negloglik           mu     sigma.sq           SE           bt 
5.0000000000 2.8068906348 1.0285867075 0.0003496979 0.0579943219 0.8653301350 
[1] "Now starting analysis"
[1] "Starting with initial values"
       mu  sigma.sq        bt 
1.0187966 0.2561131 1.0000000 
      step  negloglik         mu   sigma.sq         bt 
 1.0000000 40.8118222  1.0187966  0.2561131  1.0000000 
      step  negloglik         mu   sigma.sq         bt 
 2.0000000 40.8118222  1.0187966  0.2561131  1.0000000 
      step  negloglik         mu   sigma.sq         bt 
 3.0000000 40.8118222  1.0187966  0.2561131  1.0000000 
[1] "Now starting analysis"
[1] "Starting with initial values"
       mu  sigma.sq        SE 
1.0187966 0.2561131 0.1280565 
        step    negloglik           mu     sigma.sq           SE 
1.0000000000 3.4009409647 1.0789588124 0.0007746915 0.0515391753 
[1] "New improvement found, resetting step counter"
        step    negloglik           mu     sigma.sq           SE 
2.0000000000 3.0800346061 0.9847751146 0.0004069573 0.0590607603 
[1] "New improvement found, but slight; taking the best value, but not resetting the step counter"
        step    negloglik           mu     sigma.sq           SE 
3.0000000000 3.0793617900 0.9859594059 0.0003646101 0.0587622466 
        step    negloglik           mu     sigma.sq           SE 
4.0000000000 3.0793617900 0.9859594059 0.0003646101 0.0587622466 
[1] "Now starting analysis"
[1] "Starting with initial values"
       mu  sigma.sq 
1.0187966 0.2561131 
      step  negloglik         mu   sigma.sq 
 1.0000000 40.8118222  1.0187966  0.2561131 
      step  negloglik         mu   sigma.sq 
 2.0000000 40.8118222  1.0187966  0.2561131 
      step  negloglik         mu   sigma.sq 
 3.0000000 40.8118222  1.0187966  0.2561131 
