[1] "args"
[1] "66"   "1340"
[1] "Now starting analysis"
[1] "Starting with initial values"
       mu  sigma.sq        SE        bt        vh 
2.1569435 1.4270434 0.7135217 1.0000000 0.7135217 
       step   negloglik          mu    sigma.sq          SE          bt 
 1.00000000 16.82349371  2.84865319  0.01235110  0.06343458  1.71144843 
         vh 
 0.12821999 
[1] "New improvement found, resetting step counter"
        step    negloglik           mu     sigma.sq           SE           bt 
2.000000e+00 4.557459e+00 1.241822e+00 4.580020e-06 5.771296e-02 1.884303e+00 
          vh 
1.631741e-04 
        step    negloglik           mu     sigma.sq           SE           bt 
3.000000e+00 4.557459e+00 1.241822e+00 4.580020e-06 5.771296e-02 1.884303e+00 
          vh 
1.631741e-04 
[1] "New improvement found, but slight; taking the best value, but not resetting the step counter"
        step    negloglik           mu     sigma.sq           SE           bt 
4.000000e+00 4.555499e+00 1.271459e+00 8.135893e-07 8.539160e-02 1.868556e+00 
          vh 
7.678216e-04 
[1] "Now starting analysis"
[1] "Starting with initial values"
       mu  sigma.sq        bt        vh 
2.1569435 1.4270434 1.0000000 0.7135217 
      step  negloglik         mu   sigma.sq         bt         vh 
 1.0000000 62.7134763  2.1569435  1.4270434  1.2156943  0.7135217 
[1] "New improvement found, resetting step counter"
      step  negloglik         mu   sigma.sq         bt         vh 
 2.0000000 62.6904468  2.1569435  1.4270434  1.4313887  0.7135217 
[1] "New improvement found, resetting step counter"
      step  negloglik         mu   sigma.sq         bt         vh 
 3.0000000 62.6615157  2.5470292  1.4680474  1.4921580  0.2758982 
      step  negloglik         mu   sigma.sq         bt         vh 
 4.0000000 62.6615157  2.5470292  1.4680474  1.4921580  0.2758982 
      step  negloglik         mu   sigma.sq         bt         vh 
 5.0000000 62.6615157  2.5470292  1.4680474  1.4921580  0.2758982 
[1] "Now starting analysis"
[1] "Starting with initial values"
       mu  sigma.sq        SE        vh 
2.1569435 1.4270434 0.7135217 0.7135217 
        step    negloglik           mu     sigma.sq           SE           vh 
1.000000e+00 1.020104e+01 1.227839e+00 2.708539e-05 7.651481e-02 1.433131e+00 
[1] "New improvement found, resetting step counter"
        step    negloglik           mu     sigma.sq           SE           vh 
2.000000e+00 9.936462e+00 1.218631e+00 9.711882e-07 7.556287e-02 8.611366e-01 
        step    negloglik           mu     sigma.sq           SE           vh 
3.000000e+00 9.936462e+00 1.218631e+00 9.711882e-07 7.556287e-02 8.611366e-01 
        step    negloglik           mu     sigma.sq           SE           vh 
4.000000e+00 9.936462e+00 1.218631e+00 9.711882e-07 7.556287e-02 8.611366e-01 
[1] "Now starting analysis"
[1] "Starting with initial values"
       mu  sigma.sq        vh 
2.1569435 1.4270434 0.7135217 
      step  negloglik         mu   sigma.sq         vh 
 1.0000000 62.7567469  2.1569435  1.4270434  0.7135217 
      step  negloglik         mu   sigma.sq         vh 
 2.0000000 62.7567469  2.1569435  1.4270434  0.7135217 
[1] "New improvement found, resetting step counter"
      step  negloglik         mu   sigma.sq         vh 
 3.0000000 62.7325370  2.3526838  1.4490530  0.4229051 
[1] "New improvement found, but slight; taking the best value, but not resetting the step counter"
      step  negloglik         mu   sigma.sq         vh 
 4.0000000 62.7249060  2.2324783  1.4813974  0.2653279 
      step  negloglik         mu   sigma.sq         vh 
 5.0000000 62.7249060  2.2324783  1.4813974  0.2653279 
[1] "Now starting analysis"
[1] "Starting with initial values"
       mu  sigma.sq        SE        bt 
2.1569435 1.4270434 0.7135217 1.0000000 
        step    negloglik           mu     sigma.sq           SE           bt 
1.000000e+00 9.257634e+00 1.266093e+00 7.353821e-07 1.860782e-01 1.973098e+00 
[1] "New improvement found, resetting step counter"
        step    negloglik           mu     sigma.sq           SE           bt 
2.000000e+00 3.868641e+00 1.187164e+00 1.597905e-06 7.180193e-02 2.007524e+00 
        step    negloglik           mu     sigma.sq           SE           bt 
3.000000e+00 3.868641e+00 1.187164e+00 1.597905e-06 7.180193e-02 2.007524e+00 
        step    negloglik           mu     sigma.sq           SE           bt 
4.000000e+00 3.868641e+00 1.187164e+00 1.597905e-06 7.180193e-02 2.007524e+00 
[1] "Now starting analysis"
[1] "Starting with initial values"
      mu sigma.sq       bt 
2.156943 1.427043 1.000000 
     step negloglik        mu  sigma.sq        bt 
 1.000000 62.646106  2.156943  1.427043  1.215694 
[1] "New improvement found, resetting step counter"
     step negloglik        mu  sigma.sq        bt 
 2.000000 62.620471  2.156943  1.427043  1.431389 
     step negloglik        mu  sigma.sq        bt 
 3.000000 62.620471  2.156943  1.427043  1.431389 
     step negloglik        mu  sigma.sq        bt 
 4.000000 62.620471  2.156943  1.427043  1.431389 
[1] "Now starting analysis"
[1] "Starting with initial values"
       mu  sigma.sq        SE 
2.1569435 1.4270434 0.7135217 
       step   negloglik          mu    sigma.sq          SE 
 1.00000000 20.79575117  2.83834714  0.02587113  0.06264458 
[1] "New improvement found, resetting step counter"
       step   negloglik          mu    sigma.sq          SE 
 2.00000000 20.15286310  2.18254944  0.02054944  0.06551207 
       step   negloglik          mu    sigma.sq          SE 
 3.00000000 20.15286310  2.18254944  0.02054944  0.06551207 
[1] "New improvement found, resetting step counter"
       step   negloglik          mu    sigma.sq          SE 
 4.00000000 20.13815760  2.18392634  0.01944600  0.07528686 
       step   negloglik          mu    sigma.sq          SE 
 5.00000000 20.13815760  2.18392634  0.01944600  0.07528686 
       step   negloglik          mu    sigma.sq          SE 
 6.00000000 20.13815760  2.18392634  0.01944600  0.07528686 
[1] "Now starting analysis"
[1] "Starting with initial values"
      mu sigma.sq 
2.156943 1.427043 
     step negloglik        mu  sigma.sq 
 1.000000 62.693871  2.156943  1.427043 
     step negloglik        mu  sigma.sq 
 2.000000 62.693871  2.156943  1.427043 
     step negloglik        mu  sigma.sq 
 3.000000 62.693871  2.156943  1.427043 
