[1] "args"
[1] "66"  "722"
[1] "Now starting analysis"
[1] "Starting with initial values"
          mu     sigma.sq           SE           bt           vh 
-0.077878559  0.017256811  0.008628405  1.000000000  0.008628405 
         step     negloglik            mu      sigma.sq            SE 
 1.000000e+00 -6.711581e+00  1.394093e-01  1.114438e-02  7.449893e-04 
           bt            vh 
 7.939775e-01  2.574762e-05 
[1] "New improvement found, resetting step counter"
         step     negloglik            mu      sigma.sq            SE 
 2.000000e+00 -6.768057e+00  2.725438e-01  1.109824e-02  6.868297e-04 
           bt            vh 
 7.912669e-01  4.823158e-05 
[1] "New improvement found, but slight; taking the best value, but not resetting the step counter"
         step     negloglik            mu      sigma.sq            SE 
 3.0000000000 -6.7717369941  0.3250627638  0.0115109108  0.0006077901 
           bt            vh 
 0.7696988603  0.0018812191 
         step     negloglik            mu      sigma.sq            SE 
 4.0000000000 -6.7717369941  0.3250627638  0.0115109108  0.0006077901 
           bt            vh 
 0.7696988603  0.0018812191 
[1] "Now starting analysis"
[1] "Starting with initial values"
          mu     sigma.sq           bt           vh 
-0.077878559  0.017256811  1.000000000  0.008628405 
         step     negloglik            mu      sigma.sq            bt 
 1.000000e+00 -6.351664e+00  3.138346e-01  1.363374e-02  7.459190e-01 
           vh 
 8.611751e-05 
[1] "New improvement found, resetting step counter"
         step     negloglik            mu      sigma.sq            bt 
 2.0000000000 -6.3710956343  0.3595603621  0.0135626662  0.7552078681 
           vh 
 0.0002323652 
         step     negloglik            mu      sigma.sq            bt 
 3.0000000000 -6.3710956343  0.3595603621  0.0135626662  0.7552078681 
           vh 
 0.0002323652 
[1] "New improvement found, resetting step counter"
         step     negloglik            mu      sigma.sq            bt 
 4.0000000000 -6.3877409388  0.4242575866  0.0131874256  0.7441311888 
           vh 
 0.0001201528 
         step     negloglik            mu      sigma.sq            bt 
 5.0000000000 -6.3877409388  0.4242575866  0.0131874256  0.7441311888 
           vh 
 0.0001201528 
         step     negloglik            mu      sigma.sq            bt 
 6.0000000000 -6.3877409388  0.4242575866  0.0131874256  0.7441311888 
           vh 
 0.0001201528 
[1] "Now starting analysis"
[1] "Starting with initial values"
          mu     sigma.sq           SE           vh 
-0.077878559  0.017256811  0.008628405  0.008628405 
         step     negloglik            mu      sigma.sq            SE 
 1.0000000000 -5.7765586367 -0.0736524858  0.0123406423  0.0005975643 
           vh 
 0.0176025109 
[1] "New improvement found, resetting step counter"
         step     negloglik            mu      sigma.sq            SE 
 2.0000000000 -5.8058490669 -0.0681064472  0.0120973848  0.0005443514 
           vh 
 0.0031242799 
