000 (066.1753.000) 07/26 17:14:46 Job submitted from host: <160.36.155.106:9618?addrs=160.36.155.106-9618&noUDP&sock=27742_4872_4>
...
012 (066.1753.000) 08/03 14:17:29 Job was held.
	via condor_hold (by user bomeara)
	Code 1 Subcode 0
...
013 (066.1753.000) 08/05 22:28:16 Job was released.
	via condor_release (by user bomeara)
...
012 (066.1753.000) 08/09 10:36:27 Job was held.
	via condor_hold (by user bomeara)
	Code 1 Subcode 0
...
013 (066.1753.000) 08/09 13:05:34 Job was released.
	via condor_release (by user bomeara)
...
012 (066.1753.000) 09/23 13:38:02 Job was held.
	via condor_hold (by user bomeara)
	Code 1 Subcode 0
...
013 (066.1753.000) 09/24 14:49:53 Job was released.
	via condor_release (by user bomeara)
...
001 (066.1753.000) 10/01 17:56:06 Job executing on host: <10.129.167.211:9618?addrs=10.129.167.211-9618&noUDP&sock=2357_48d0_4>
...
006 (066.1753.000) 10/01 17:56:14 Image size of job updated: 232840
	228  -  MemoryUsage of job (MB)
	232840  -  ResidentSetSize of job (KB)
...
006 (066.1753.000) 10/01 18:01:14 Image size of job updated: 251548
	246  -  MemoryUsage of job (MB)
	251548  -  ResidentSetSize of job (KB)
...
005 (066.1753.000) 10/02 02:47:48 Job terminated.
	(1) Normal termination (return value 0)
		Usr 0 08:51:00, Sys 0 00:00:03  -  Run Remote Usage
		Usr 0 00:00:00, Sys 0 00:00:00  -  Run Local Usage
		Usr 0 08:51:00, Sys 0 00:00:03  -  Total Remote Usage
		Usr 0 00:00:00, Sys 0 00:00:00  -  Total Local Usage
	32114  -  Run Bytes Sent By Job
	2422  -  Run Bytes Received By Job
	32114  -  Total Bytes Sent By Job
	2422  -  Total Bytes Received By Job
	Partitionable Resources :    Usage  Request Allocated 
	   Cpus                 :     0.99        1         1 
	   Disk (KB)            :    49           4    891850 
	   Memory (MB)          :   246           1       128 
...
