[1] "args"
[1] "66"  "132"
[1] "Now starting analysis"
[1] "Starting with initial values"
        mu   sigma.sq         SE         bt         vh 
0.87855154 0.07396645 0.03698322 1.00000000 0.03698322 
       step   negloglik          mu    sigma.sq          SE          bt 
 1.00000000 20.04235360  0.90392265  0.01340937  0.07912158  1.06613688 
         vh 
 0.03914312 
[1] "New improvement found, resetting step counter"
        step    negloglik           mu     sigma.sq           SE           bt 
 2.000000000 19.485225569  0.920514231  0.010981942  0.088668564  0.615275882 
          vh 
 0.001449125 
        step    negloglik           mu     sigma.sq           SE           bt 
 3.000000000 19.485225569  0.920514231  0.010981942  0.088668564  0.615275882 
          vh 
 0.001449125 
        step    negloglik           mu     sigma.sq           SE           bt 
 4.000000000 19.485225569  0.920514231  0.010981942  0.088668564  0.615275882 
          vh 
 0.001449125 
[1] "Now starting analysis"
[1] "Starting with initial values"
        mu   sigma.sq         bt         vh 
0.87855154 0.07396645 1.00000000 0.03698322 
       step   negloglik          mu    sigma.sq          bt          vh 
 1.00000000 23.72185824  0.87855154  0.07396645  1.00000000  0.03698322 
       step   negloglik          mu    sigma.sq          bt          vh 
 2.00000000 23.72185824  0.87855154  0.07396645  1.00000000  0.03698322 
[1] "New improvement found, resetting step counter"
       step   negloglik          mu    sigma.sq          bt          vh 
 3.00000000 23.69475343  0.93418289  0.07282657  0.76854322  0.12173102 
[1] "New improvement found, resetting step counter"
       step   negloglik          mu    sigma.sq          bt          vh 
 4.00000000 23.65275040  0.92735538  0.07380228  0.58209897  0.04404643 
       step   negloglik          mu    sigma.sq          bt          vh 
 5.00000000 23.65275040  0.92735538  0.07380228  0.58209897  0.04404643 
[1] "New improvement found, but slight; taking the best value, but not resetting the step counter"
        step    negloglik           mu     sigma.sq           bt           vh 
 6.000000000 23.647210753  1.073294045  0.073157970  0.636801662  0.004184913 
[1] "Now starting analysis"
[1] "Starting with initial values"
        mu   sigma.sq         SE         vh 
0.87855154 0.07396645 0.03698322 0.03698322 
       step   negloglik          mu    sigma.sq          SE          vh 
 1.00000000 20.13126851  0.94389171  0.01500594  0.06414314  0.08335710 
[1] "New improvement found, resetting step counter"
       step   negloglik          mu    sigma.sq          SE          vh 
 2.00000000 19.88363705  0.85773901  0.01213465  0.08610554  0.00296347 
       step   negloglik          mu    sigma.sq          SE          vh 
 3.00000000 19.88363705  0.85773901  0.01213465  0.08610554  0.00296347 
       step   negloglik          mu    sigma.sq          SE          vh 
 4.00000000 19.88363705  0.85773901  0.01213465  0.08610554  0.00296347 
[1] "Now starting analysis"
[1] "Starting with initial values"
        mu   sigma.sq         vh 
0.87855154 0.07396645 0.03698322 
       step   negloglik          mu    sigma.sq          vh 
 1.00000000 23.72185824  0.87855154  0.07396645  0.03698322 
       step   negloglik          mu    sigma.sq          vh 
 2.00000000 23.72185824  0.87855154  0.07396645  0.03698322 
       step   negloglik          mu    sigma.sq          vh 
 3.00000000 23.72185824  0.87855154  0.07396645  0.03698322 
[1] "Now starting analysis"
[1] "Starting with initial values"
        mu   sigma.sq         SE         bt 
0.87855154 0.07396645 0.03698322 1.00000000 
        step    negloglik           mu     sigma.sq           SE           bt 
 1.000000000 19.719004912  1.113515853  0.009170626  0.100915861  0.659152685 
[1] "New improvement found, resetting step counter"
        step    negloglik           mu     sigma.sq           SE           bt 
 2.000000000 19.491586153  0.973456112  0.009613315  0.088509378  0.618944799 
[1] "New improvement found, but slight; taking the best value, but not resetting the step counter"
       step   negloglik          mu    sigma.sq          SE          bt 
 3.00000000 19.49102427  0.98859027  0.01051056  0.09172393  0.60715639 
[1] "New improvement found, but slight; taking the best value, but not resetting the step counter"
       step   negloglik          mu    sigma.sq          SE          bt 
 4.00000000 19.48490023  0.93871601  0.01056804  0.08533178  0.63645615 
[1] "Now starting analysis"
[1] "Starting with initial values"
        mu   sigma.sq         bt 
0.87855154 0.07396645 1.00000000 
       step   negloglik          mu    sigma.sq          bt 
 1.00000000 23.63442751  0.97855154  0.07396645  0.60000000 
       step   negloglik          mu    sigma.sq          bt 
 2.00000000 23.63442751  0.97855154  0.07396645  0.60000000 
       step   negloglik          mu    sigma.sq          bt 
 3.00000000 23.63442751  0.97855154  0.07396645  0.60000000 
[1] "Now starting analysis"
[1] "Starting with initial values"
        mu   sigma.sq         SE 
0.87855154 0.07396645 0.03698322 
       step   negloglik          mu    sigma.sq          SE 
 1.00000000 19.87488949  0.82885974  0.01250470  0.08384058 
[1] "New improvement found, but slight; taking the best value, but not resetting the step counter"
       step   negloglik          mu    sigma.sq          SE 
 2.00000000 19.87372954  0.82906584  0.01181443  0.08411863 
       step   negloglik          mu    sigma.sq          SE 
 3.00000000 19.87372954  0.82906584  0.01181443  0.08411863 
[1] "Now starting analysis"
[1] "Starting with initial values"
        mu   sigma.sq 
0.87855154 0.07396645 
       step   negloglik          mu    sigma.sq 
 1.00000000 23.71044427  0.87855154  0.07396645 
       step   negloglik          mu    sigma.sq 
 2.00000000 23.71044427  0.87855154  0.07396645 
       step   negloglik          mu    sigma.sq 
 3.00000000 23.71044427  0.87855154  0.07396645 
