000 (066.086.000) 07/26 17:14:45 Job submitted from host: <160.36.155.106:9618?addrs=160.36.155.106-9618&noUDP&sock=27742_4872_4>
...
001 (066.086.000) 07/26 17:14:52 Job executing on host: <10.128.121.58:9618?addrs=10.128.121.58-9618&noUDP&sock=2263_cee9_4>
...
006 (066.086.000) 07/26 17:15:01 Image size of job updated: 221700
	217  -  MemoryUsage of job (MB)
	221700  -  ResidentSetSize of job (KB)
...
006 (066.086.000) 07/26 17:20:02 Image size of job updated: 224812
	220  -  MemoryUsage of job (MB)
	224812  -  ResidentSetSize of job (KB)
...
006 (066.086.000) 07/27 07:36:30 Image size of job updated: 226064
	221  -  MemoryUsage of job (MB)
	226064  -  ResidentSetSize of job (KB)
...
006 (066.086.000) 07/28 07:44:08 Image size of job updated: 228852
	224  -  MemoryUsage of job (MB)
	228852  -  ResidentSetSize of job (KB)
...
005 (066.086.000) 07/28 14:07:42 Job terminated.
	(1) Normal termination (return value 0)
		Usr 1 20:49:20, Sys 0 00:00:18  -  Run Remote Usage
		Usr 0 00:00:00, Sys 0 00:00:00  -  Run Local Usage
		Usr 1 20:49:20, Sys 0 00:00:18  -  Total Remote Usage
		Usr 0 00:00:00, Sys 0 00:00:00  -  Total Local Usage
	28343  -  Run Bytes Sent By Job
	2422  -  Run Bytes Received By Job
	28343  -  Total Bytes Sent By Job
	2422  -  Total Bytes Received By Job
	Partitionable Resources :    Usage  Request Allocated 
	   Cpus                 :     1.00        1         1 
	   Disk (KB)            :    45           4    888081 
	   Memory (MB)          :   224           1       128 
...
