[1] "args"
[1] "66" "2" 
[1] "Now starting analysis"
[1] "Starting with initial values"
         mu    sigma.sq          SE          bt          vh 
1.321668273 0.013744327 0.006872164 1.000000000 0.006872164 
         step     negloglik            mu      sigma.sq            SE 
 1.000000e+00 -7.222299e-01  1.395590e+00  1.296020e-02  2.471031e-07 
           bt            vh 
 8.584479e-01  3.247012e-02 
[1] "New improvement found, resetting step counter"
         step     negloglik            mu      sigma.sq            SE 
 2.000000e+00 -9.741935e-01  1.785881e+00  1.296232e-02  6.657074e-07 
           bt            vh 
 8.165033e-01  1.140389e-04 
         step     negloglik            mu      sigma.sq            SE 
 3.000000e+00 -9.741935e-01  1.785881e+00  1.296232e-02  6.657074e-07 
           bt            vh 
 8.165033e-01  1.140389e-04 
         step     negloglik            mu      sigma.sq            SE 
 4.000000e+00 -9.741935e-01  1.785881e+00  1.296232e-02  6.657074e-07 
           bt            vh 
 8.165033e-01  1.140389e-04 
[1] "Now starting analysis"
[1] "Starting with initial values"
         mu    sigma.sq          bt          vh 
1.321668273 0.013744327 1.000000000 0.006872164 
         step     negloglik            mu      sigma.sq            bt 
 1.000000e+00 -9.808039e-01  1.779926e+00  1.336080e-02  8.162541e-01 
           vh 
 1.875126e-05 
         step     negloglik            mu      sigma.sq            bt 
 2.000000e+00 -9.808039e-01  1.779926e+00  1.336080e-02  8.162541e-01 
           vh 
 1.875126e-05 
         step     negloglik            mu      sigma.sq            bt 
 3.000000e+00 -9.808039e-01  1.779926e+00  1.336080e-02  8.162541e-01 
           vh 
 1.875126e-05 
[1] "Now starting analysis"
[1] "Starting with initial values"
         mu    sigma.sq          SE          vh 
1.321668273 0.013744327 0.006872164 0.006872164 
         step     negloglik            mu      sigma.sq            SE 
 1.000000e+00 -1.385060e-01  1.359115e+00  1.393785e-02  3.906394e-06 
           vh 
 7.085445e-02 
[1] "New improvement found, but slight; taking the best value, but not resetting the step counter"
         step     negloglik            mu      sigma.sq            SE 
 2.000000e+00 -1.474130e-01  1.263596e+00  1.393685e-02  1.373160e-08 
           vh 
 2.062344e-02 
         step     negloglik            mu      sigma.sq            SE 
 3.000000e+00 -1.474130e-01  1.263596e+00  1.393685e-02  1.373160e-08 
           vh 
 2.062344e-02 
[1] "Now starting analysis"
[1] "Starting with initial values"
         mu    sigma.sq          vh 
1.321668273 0.013744327 0.006872164 
        step    negloglik           mu     sigma.sq           vh 
 1.000000000 -0.147912043  1.240770154  0.014049398  0.009259006 
[1] "New improvement found, but slight; taking the best value, but not resetting the step counter"
       step   negloglik          mu    sigma.sq          vh 
 2.00000000 -0.14791644  1.24004455  0.01408265  0.01177762 
[1] "New improvement found, but slight; taking the best value, but not resetting the step counter"
       step   negloglik          mu    sigma.sq          vh 
 3.00000000 -0.14791845  1.25151232  0.01403818  0.01518751 
[1] "Now starting analysis"
[1] "Starting with initial values"
         mu    sigma.sq          SE          bt 
1.321668273 0.013744327 0.006872164 1.000000000 
         step     negloglik            mu      sigma.sq            SE 
 1.000000e+00 -8.095255e-01  1.381150e+00  1.294332e-02  5.187495e-07 
           bt 
 8.625159e-01 
[1] "New improvement found, resetting step counter"
         step     negloglik            mu      sigma.sq            SE 
 2.000000e+00 -9.085718e-01  1.615582e+00  1.294315e-02  2.366071e-07 
           bt 
 8.627844e-01 
         step     negloglik            mu      sigma.sq            SE 
 3.000000e+00 -9.085718e-01  1.615582e+00  1.294315e-02  2.366071e-07 
           bt 
 8.627844e-01 
[1] "New improvement found, but slight; taking the best value, but not resetting the step counter"
         step     negloglik            mu      sigma.sq            SE 
 4.000000e+00 -9.172561e-01  1.769492e+00  1.217566e-02  1.172443e-07 
           bt 
 8.197969e-01 
[1] "Now starting analysis"
[1] "Starting with initial values"
        mu   sigma.sq         bt 
1.32166827 0.01374433 1.00000000 
       step   negloglik          mu    sigma.sq          bt 
 1.00000000 -0.98078776  1.77281326  0.01327726  0.81715019 
[1] "New improvement found, but slight; taking the best value, but not resetting the step counter"
       step   negloglik          mu    sigma.sq          bt 
 2.00000000 -0.98078847  1.76747498  0.01334606  0.81806289 
       step   negloglik          mu    sigma.sq          bt 
 3.00000000 -0.98078847  1.76747498  0.01334606  0.81806289 
[1] "Now starting analysis"
[1] "Starting with initial values"
         mu    sigma.sq          SE 
1.321668273 0.013744327 0.006872164 
         step     negloglik            mu      sigma.sq            SE 
 1.000000e+00 -1.290537e-01  1.322490e+00  1.425218e-02  1.308290e-06 
[1] "New improvement found, resetting step counter"
         step     negloglik            mu      sigma.sq            SE 
 2.000000e+00 -1.466420e-01  1.216544e+00  1.425185e-02  4.410567e-09 
         step     negloglik            mu      sigma.sq            SE 
 3.000000e+00 -1.466420e-01  1.216544e+00  1.425185e-02  4.410567e-09 
         step     negloglik            mu      sigma.sq            SE 
 4.000000e+00 -1.466420e-01  1.216544e+00  1.425185e-02  4.410567e-09 
[1] "Now starting analysis"
[1] "Starting with initial values"
        mu   sigma.sq 
1.32166827 0.01374433 
       step   negloglik          mu    sigma.sq 
 1.00000000 -0.14761978  1.21506967  0.01407825 
       step   negloglik          mu    sigma.sq 
 2.00000000 -0.14761978  1.21506967  0.01407825 
       step   negloglik          mu    sigma.sq 
 3.00000000 -0.14761978  1.21506967  0.01407825 
