000 (066.277.000) 07/26 17:14:46 Job submitted from host: <160.36.155.106:9618?addrs=160.36.155.106-9618&noUDP&sock=27742_4872_4>
...
001 (066.277.000) 07/27 02:19:57 Job executing on host: <10.128.213.253:9618?addrs=10.128.213.253-9618&noUDP&sock=68980_1ef7_4>
...
006 (066.277.000) 07/27 02:20:05 Image size of job updated: 233520
	229  -  MemoryUsage of job (MB)
	233520  -  ResidentSetSize of job (KB)
...
006 (066.277.000) 07/27 02:25:05 Image size of job updated: 247536
	242  -  MemoryUsage of job (MB)
	247536  -  ResidentSetSize of job (KB)
...
006 (066.277.000) 07/27 04:45:19 Image size of job updated: 249224
	244  -  MemoryUsage of job (MB)
	249224  -  ResidentSetSize of job (KB)
...
006 (066.277.000) 07/27 06:40:31 Image size of job updated: 249912
	245  -  MemoryUsage of job (MB)
	249912  -  ResidentSetSize of job (KB)
...
006 (066.277.000) 07/27 06:50:33 Image size of job updated: 250120
	245  -  MemoryUsage of job (MB)
	250120  -  ResidentSetSize of job (KB)
...
006 (066.277.000) 07/27 09:00:45 Image size of job updated: 250200
	245  -  MemoryUsage of job (MB)
	250200  -  ResidentSetSize of job (KB)
...
005 (066.277.000) 07/27 09:50:35 Job terminated.
	(1) Normal termination (return value 0)
		Usr 0 07:29:52, Sys 0 00:00:04  -  Run Remote Usage
		Usr 0 00:00:00, Sys 0 00:00:00  -  Run Local Usage
		Usr 0 07:29:52, Sys 0 00:00:04  -  Total Remote Usage
		Usr 0 00:00:00, Sys 0 00:00:00  -  Total Local Usage
	31706  -  Run Bytes Sent By Job
	2422  -  Run Bytes Received By Job
	31706  -  Total Bytes Sent By Job
	2422  -  Total Bytes Received By Job
	Partitionable Resources :    Usage  Request Allocated 
	   Cpus                 :     0.99        1         1 
	   Disk (KB)            :    49           4    892965 
	   Memory (MB)          :   245           1       128 
...
