[1] "args"
[1] "66"   "1744"
[1] "Now starting analysis"
[1] "Starting with initial values"
         mu    sigma.sq          SE          bt          vh 
1.031821518 0.006784668 0.003392334 1.000000000 0.003392334 
         step     negloglik            mu      sigma.sq            SE 
 1.0000000000 -6.1223928482  0.7214993940  0.0059846136  0.0001711241 
           bt            vh 
 1.1436513801  0.0006369286 
[1] "New improvement found, but slight; taking the best value, but not resetting the step counter"
         step     negloglik            mu      sigma.sq            SE 
 2.0000000000 -6.1255322342  0.7051636593  0.0059815793  0.0001376395 
           bt            vh 
 1.1450212709  0.0005359272 
[1] "New improvement found, resetting step counter"
         step     negloglik            mu      sigma.sq            SE 
 3.000000e+00 -6.220540e+00  7.053321e-01  6.464193e-03  8.535664e-05 
           bt            vh 
 1.153566e+00  1.953875e-04 
         step     negloglik            mu      sigma.sq            SE 
 4.000000e+00 -6.220540e+00  7.053321e-01  6.464193e-03  8.535664e-05 
           bt            vh 
 1.153566e+00  1.953875e-04 
         step     negloglik            mu      sigma.sq            SE 
 5.000000e+00 -6.220540e+00  7.053321e-01  6.464193e-03  8.535664e-05 
           bt            vh 
 1.153566e+00  1.953875e-04 
[1] "Now starting analysis"
[1] "Starting with initial values"
         mu    sigma.sq          bt          vh 
1.031821518 0.006784668 1.000000000 0.003392334 
        step    negloglik           mu     sigma.sq           bt           vh 
 1.000000000 -6.232154626  0.713506792  0.007036859  1.147446510  0.001882227 
[1] "New improvement found, resetting step counter"
         step     negloglik            mu      sigma.sq            bt 
 2.000000e+00 -6.252331e+00  7.153999e-01  6.917909e-03  1.145988e+00 
           vh 
 9.458398e-05 
         step     negloglik            mu      sigma.sq            bt 
 3.000000e+00 -6.252331e+00  7.153999e-01  6.917909e-03  1.145988e+00 
           vh 
 9.458398e-05 
         step     negloglik            mu      sigma.sq            bt 
 4.000000e+00 -6.252331e+00  7.153999e-01  6.917909e-03  1.145988e+00 
           vh 
 9.458398e-05 
[1] "Now starting analysis"
[1] "Starting with initial values"
         mu    sigma.sq          SE          vh 
1.031821518 0.006784668 0.003392334 0.003392334 
         step     negloglik            mu      sigma.sq            SE 
 1.000000e+00 -5.237202e+00  9.222463e-01  6.809550e-03  9.001706e-06 
           vh 
 4.297012e-03 
[1] "New improvement found, resetting step counter"
         step     negloglik            mu      sigma.sq            SE 
 2.000000e+00 -5.299696e+00  9.983887e-01  6.811962e-03  2.358276e-05 
           vh 
 2.320307e-04 
[1] "New improvement found, but slight; taking the best value, but not resetting the step counter"
         step     negloglik            mu      sigma.sq            SE 
 3.000000e+00 -5.309033e+00  9.768857e-01  6.905897e-03  1.092589e-05 
           vh 
 2.308929e-04 
         step     negloglik            mu      sigma.sq            SE 
 4.000000e+00 -5.309033e+00  9.768857e-01  6.905897e-03  1.092589e-05 
           vh 
 2.308929e-04 
[1] "Now starting analysis"
[1] "Starting with initial values"
         mu    sigma.sq          vh 
1.031821518 0.006784668 0.003392334 
         step     negloglik            mu      sigma.sq            vh 
 1.0000000000 -5.3033340467  0.9434501894  0.0070143234  0.0007041284 
[1] "New improvement found, resetting step counter"
         step     negloglik            mu      sigma.sq            vh 
 2.0000000000 -5.3255868826  1.0118528124  0.0069935862  0.0001957581 
         step     negloglik            mu      sigma.sq            vh 
 3.0000000000 -5.3255868826  1.0118528124  0.0069935862  0.0001957581 
[1] "New improvement found, resetting step counter"
         step     negloglik            mu      sigma.sq            vh 
 4.000000e+00 -5.339616e+00  1.005636e+00  7.227275e-03  5.993215e-06 
         step     negloglik            mu      sigma.sq            vh 
 5.000000e+00 -5.339616e+00  1.005636e+00  7.227275e-03  5.993215e-06 
         step     negloglik            mu      sigma.sq            vh 
 6.000000e+00 -5.339616e+00  1.005636e+00  7.227275e-03  5.993215e-06 
[1] "Now starting analysis"
[1] "Starting with initial values"
         mu    sigma.sq          SE          bt 
1.031821518 0.006784668 0.003392334 1.000000000 
        step    negloglik           mu     sigma.sq           SE           bt 
 1.000000000 -5.809802919  0.967504351  0.005847967  0.000194553  1.132061811 
[1] "New improvement found, resetting step counter"
         step     negloglik            mu      sigma.sq            SE 
 2.0000000000 -6.0814865336  0.7087671880  0.0058528808  0.0001666629 
           bt 
 1.1455704882 
[1] "New improvement found, resetting step counter"
         step     negloglik            mu      sigma.sq            SE 
 3.000000e+00 -6.213125e+00  6.902146e-01  6.367742e-03  7.315407e-05 
           bt 
 1.142051e+00 
[1] "New improvement found, resetting step counter"
         step     negloglik            mu      sigma.sq            SE 
 4.0000000000 -6.2506825884  0.7044616054  0.0069804105  0.0000126845 
           bt 
 1.1442809167 
         step     negloglik            mu      sigma.sq            SE 
 5.0000000000 -6.2506825884  0.7044616054  0.0069804105  0.0000126845 
           bt 
 1.1442809167 
         step     negloglik            mu      sigma.sq            SE 
 6.0000000000 -6.2506825884  0.7044616054  0.0069804105  0.0000126845 
           bt 
 1.1442809167 
[1] "Now starting analysis"
[1] "Starting with initial values"
         mu    sigma.sq          bt 
1.031821518 0.006784668 1.000000000 
        step    negloglik           mu     sigma.sq           bt 
 1.000000000 -6.251581143  0.716419492  0.006753696  1.146038954 
[1] "New improvement found, but slight; taking the best value, but not resetting the step counter"
        step    negloglik           mu     sigma.sq           bt 
 2.000000000 -6.253061997  0.697679078  0.006833619  1.150013722 
        step    negloglik           mu     sigma.sq           bt 
 3.000000000 -6.253061997  0.697679078  0.006833619  1.150013722 
[1] "Now starting analysis"
[1] "Starting with initial values"
         mu    sigma.sq          SE 
1.031821518 0.006784668 0.003392334 
         step     negloglik            mu      sigma.sq            SE 
 1.000000e+00 -5.317471e+00  1.090984e+00  7.242859e-03  1.023835e-05 
[1] "New improvement found, resetting step counter"
         step     negloglik            mu      sigma.sq            SE 
 2.000000e+00 -5.337625e+00  1.037689e+00  7.241954e-03  4.540119e-06 
         step     negloglik            mu      sigma.sq            SE 
 3.000000e+00 -5.337625e+00  1.037689e+00  7.241954e-03  4.540119e-06 
         step     negloglik            mu      sigma.sq            SE 
 4.000000e+00 -5.337625e+00  1.037689e+00  7.241954e-03  4.540119e-06 
[1] "Now starting analysis"
[1] "Starting with initial values"
         mu    sigma.sq 
1.031821518 0.006784668 
        step    negloglik           mu     sigma.sq 
 1.000000000 -5.340121749  1.008214444  0.007244403 
[1] "New improvement found, but slight; taking the best value, but not resetting the step counter"
        step    negloglik           mu     sigma.sq 
 2.000000000 -5.340160310  1.014267331  0.007347477 
        step    negloglik           mu     sigma.sq 
 3.000000000 -5.340160310  1.014267331  0.007347477 
