[1] "args"
[1] "66"   "1481"
[1] "Now starting analysis"
[1] "Starting with initial values"
       mu  sigma.sq        SE        bt        vh 
0.7229121 0.2455372 0.1227686 1.0000000 0.1227686 
        step    negloglik           mu     sigma.sq           SE           bt 
 1.000000000 49.289159517  0.899034064  0.005853142  0.085841372  1.050766935 
          vh 
 0.191602995 
[1] "New improvement found, resetting step counter"
        step    negloglik           mu     sigma.sq           SE           bt 
 2.000000000 49.043594090  1.042960128  0.005057381  0.087414249  0.926142493 
          vh 
 0.190973958 
        step    negloglik           mu     sigma.sq           SE           bt 
 3.000000000 49.043594090  1.042960128  0.005057381  0.087414249  0.926142493 
          vh 
 0.190973958 
[1] "New improvement found, but slight; taking the best value, but not resetting the step counter"
       step   negloglik          mu    sigma.sq          SE          bt 
 4.00000000 49.03655560  1.05031251  0.00500584  0.08457863  0.94351362 
         vh 
 0.20655701 
[1] "Now starting analysis"
[1] "Starting with initial values"
       mu  sigma.sq        bt        vh 
0.7229121 0.2455372 1.0000000 0.1227686 
       step   negloglik          mu    sigma.sq          bt          vh 
  1.0000000 135.0560456   0.7229121   0.2455372   1.1000000   0.1227686 
       step   negloglik          mu    sigma.sq          bt          vh 
  2.0000000 135.0560456   0.7229121   0.2455372   1.1000000   0.1227686 
       step   negloglik          mu    sigma.sq          bt          vh 
  3.0000000 135.0560456   0.7229121   0.2455372   1.1000000   0.1227686 
[1] "Now starting analysis"
[1] "Starting with initial values"
       mu  sigma.sq        SE        vh 
0.7229121 0.2455372 0.1227686 0.1227686 
        step    negloglik           mu     sigma.sq           SE           vh 
 1.000000000 49.103077789  0.956416471  0.005072248  0.087830452  0.194588541 
        step    negloglik           mu     sigma.sq           SE           vh 
 2.000000000 49.103077789  0.956416471  0.005072248  0.087830452  0.194588541 
        step    negloglik           mu     sigma.sq           SE           vh 
 3.000000000 49.103077789  0.956416471  0.005072248  0.087830452  0.194588541 
[1] "Now starting analysis"
[1] "Starting with initial values"
       mu  sigma.sq        vh 
0.7229121 0.2455372 0.1227686 
       step   negloglik          mu    sigma.sq          vh 
  1.0000000 135.0564000   0.7952033   0.2455372   0.1227686 
       step   negloglik          mu    sigma.sq          vh 
  2.0000000 135.0564000   0.7952033   0.2455372   0.1227686 
       step   negloglik          mu    sigma.sq          vh 
  3.0000000 135.0564000   0.7952033   0.2455372   0.1227686 
[1] "Now starting analysis"
[1] "Starting with initial values"
       mu  sigma.sq        SE        bt 
0.7229121 0.2455372 0.1227686 1.0000000 
        step    negloglik           mu     sigma.sq           SE           bt 
 1.000000000 52.323493597  0.731802977  0.008099422  0.092281094  1.264980724 
[1] "New improvement found, resetting step counter"
       step   negloglik          mu    sigma.sq          SE          bt 
 2.00000000 49.99507874  0.79088547  0.00732266  0.08330947  1.00991146 
       step   negloglik          mu    sigma.sq          SE          bt 
 3.00000000 49.99507874  0.79088547  0.00732266  0.08330947  1.00991146 
       step   negloglik          mu    sigma.sq          SE          bt 
 4.00000000 49.99507874  0.79088547  0.00732266  0.08330947  1.00991146 
[1] "Now starting analysis"
[1] "Starting with initial values"
       mu  sigma.sq        bt 
0.7229121 0.2455372 1.0000000 
       step   negloglik          mu    sigma.sq          bt 
  1.0000000 134.9170355   0.7229121   0.2455372   1.1000000 
       step   negloglik          mu    sigma.sq          bt 
  2.0000000 134.9170355   0.7229121   0.2455372   1.1000000 
       step   negloglik          mu    sigma.sq          bt 
  3.0000000 134.9170355   0.7229121   0.2455372   1.1000000 
[1] "Now starting analysis"
[1] "Starting with initial values"
       mu  sigma.sq        SE 
0.7229121 0.2455372 0.1227686 
        step    negloglik           mu     sigma.sq           SE 
 1.000000000 56.122818494  0.891591557  0.004566502  0.170962734 
[1] "New improvement found, resetting step counter"
        step    negloglik           mu     sigma.sq           SE 
 2.000000000 50.027552807  0.896394166  0.007272297  0.085181793 
        step    negloglik           mu     sigma.sq           SE 
 3.000000000 50.027552807  0.896394166  0.007272297  0.085181793 
        step    negloglik           mu     sigma.sq           SE 
 4.000000000 50.027552807  0.896394166  0.007272297  0.085181793 
[1] "Now starting analysis"
[1] "Starting with initial values"
       mu  sigma.sq 
0.7229121 0.2455372 
       step   negloglik          mu    sigma.sq 
  1.0000000 134.9192399   0.7952033   0.2455372 
       step   negloglik          mu    sigma.sq 
  2.0000000 134.9192399   0.7952033   0.2455372 
       step   negloglik          mu    sigma.sq 
  3.0000000 134.9192399   0.7952033   0.2455372 
