000 (066.351.000) 07/26 17:14:46 Job submitted from host: <160.36.155.106:9618?addrs=160.36.155.106-9618&noUDP&sock=27742_4872_4>
...
001 (066.351.000) 07/27 20:59:16 Job executing on host: <10.129.199.164:9618?addrs=10.129.199.164-9618&noUDP&sock=2256_01bf_4>
...
006 (066.351.000) 07/27 20:59:24 Image size of job updated: 243204
	238  -  MemoryUsage of job (MB)
	243204  -  ResidentSetSize of job (KB)
...
006 (066.351.000) 07/27 21:04:24 Image size of job updated: 246292
	241  -  MemoryUsage of job (MB)
	246292  -  ResidentSetSize of job (KB)
...
006 (066.351.000) 07/27 21:09:25 Image size of job updated: 246304
	241  -  MemoryUsage of job (MB)
	246304  -  ResidentSetSize of job (KB)
...
006 (066.351.000) 07/28 16:26:24 Image size of job updated: 247924
	243  -  MemoryUsage of job (MB)
	247924  -  ResidentSetSize of job (KB)
...
006 (066.351.000) 07/28 22:42:05 Image size of job updated: 248056
	243  -  MemoryUsage of job (MB)
	247924  -  ResidentSetSize of job (KB)
...
006 (066.351.000) 07/28 22:52:05 Image size of job updated: 248060
	243  -  MemoryUsage of job (MB)
	247924  -  ResidentSetSize of job (KB)
...
006 (066.351.000) 07/29 04:37:39 Image size of job updated: 248492
	243  -  MemoryUsage of job (MB)
	248356  -  ResidentSetSize of job (KB)
...
005 (066.351.000) 07/30 00:50:30 Job terminated.
	(1) Normal termination (return value 0)
		Usr 2 03:43:37, Sys 0 00:00:22  -  Run Remote Usage
		Usr 0 00:00:00, Sys 0 00:00:00  -  Run Local Usage
		Usr 2 03:43:37, Sys 0 00:00:22  -  Total Remote Usage
		Usr 0 00:00:00, Sys 0 00:00:00  -  Total Local Usage
	31272  -  Run Bytes Sent By Job
	2422  -  Run Bytes Received By Job
	31272  -  Total Bytes Sent By Job
	2422  -  Total Bytes Received By Job
	Partitionable Resources :    Usage  Request Allocated 
	   Cpus                 :     1.00        1         1 
	   Disk (KB)            :    48           4    889814 
	   Memory (MB)          :   243           1       128 
...
