[1] "args"
[1] "66"  "851"
[1] "Now starting analysis"
[1] "Starting with initial values"
       mu  sigma.sq        SE        bt        vh 
1.8354856 0.4738072 0.2369036 1.0000000 0.2369036 
       step   negloglik          mu    sigma.sq          SE          bt 
 1.00000000 66.06838148  1.93994201  0.01325823  0.09346269  1.40162544 
         vh 
 0.20741147 
[1] "New improvement found, resetting step counter"
       step   negloglik          mu    sigma.sq          SE          bt 
 2.00000000 63.96929659  0.97100127  0.01451122  0.09212581  1.91556711 
         vh 
 0.05957756 
[1] "New improvement found, resetting step counter"
       step   negloglik          mu    sigma.sq          SE          bt 
 3.00000000 63.91471535  1.01403352  0.01287448  0.09093543  1.88457229 
         vh 
 0.10068950 
       step   negloglik          mu    sigma.sq          SE          bt 
 4.00000000 63.91471535  1.01403352  0.01287448  0.09093543  1.88457229 
         vh 
 0.10068950 
       step   negloglik          mu    sigma.sq          SE          bt 
 5.00000000 63.91471535  1.01403352  0.01287448  0.09093543  1.88457229 
         vh 
 0.10068950 
[1] "Now starting analysis"
[1] "Starting with initial values"
       mu  sigma.sq        bt        vh 
1.8354856 0.4738072 1.0000000 0.2369036 
        step    negloglik           mu     sigma.sq           bt           vh 
  1.00000000 163.53637442   1.47475624   0.45973330   1.72339493   0.01226625 
[1] "New improvement found, but slight; taking the best value, but not resetting the step counter"
        step    negloglik           mu     sigma.sq           bt           vh 
  2.00000000 163.53207208   1.47475624   0.45973330   1.89573442   0.01226625 
[1] "New improvement found, resetting step counter"
        step    negloglik           mu     sigma.sq           bt           vh 
  3.00000000 163.51395703   1.40517462   0.47335760   1.80294160   0.01180096 
        step    negloglik           mu     sigma.sq           bt           vh 
  4.00000000 163.51395703   1.40517462   0.47335760   1.80294160   0.01180096 
        step    negloglik           mu     sigma.sq           bt           vh 
  5.00000000 163.51395703   1.40517462   0.47335760   1.80294160   0.01180096 
[1] "Now starting analysis"
[1] "Starting with initial values"
       mu  sigma.sq        SE        vh 
1.8354856 0.4738072 0.2369036 0.2369036 
       step   negloglik          mu    sigma.sq          SE          vh 
 1.00000000 67.97069713  2.02448404  0.01423347  0.09348558  0.38482077 
[1] "New improvement found, resetting step counter"
       step   negloglik          mu    sigma.sq          SE          vh 
 2.00000000 67.12362360  1.35485051  0.01144010  0.09774126  0.48650590 
       step   negloglik          mu    sigma.sq          SE          vh 
 3.00000000 67.12362360  1.35485051  0.01144010  0.09774126  0.48650590 
       step   negloglik          mu    sigma.sq          SE          vh 
 4.00000000 67.12362360  1.35485051  0.01144010  0.09774126  0.48650590 
[1] "Now starting analysis"
[1] "Starting with initial values"
       mu  sigma.sq        vh 
1.8354856 0.4738072 0.2369036 
        step    negloglik           mu     sigma.sq           vh 
  1.00000000 164.21468181   1.99354133   0.48910287   0.08904502 
        step    negloglik           mu     sigma.sq           vh 
  2.00000000 164.21468181   1.99354133   0.48910287   0.08904502 
[1] "New improvement found, resetting step counter"
        step    negloglik           mu     sigma.sq           vh 
  3.00000000 164.19024169   1.91829672   0.47874324   0.08587677 
        step    negloglik           mu     sigma.sq           vh 
  4.00000000 164.19024169   1.91829672   0.47874324   0.08587677 
        step    negloglik           mu     sigma.sq           vh 
  5.00000000 164.19024169   1.91829672   0.47874324   0.08587677 
[1] "Now starting analysis"
[1] "Starting with initial values"
       mu  sigma.sq        SE        bt 
1.8354856 0.4738072 0.2369036 1.0000000 
       step   negloglik          mu    sigma.sq          SE          bt 
 1.00000000 66.66774085  1.97414583  0.01687496  0.08761833  1.41867350 
[1] "New improvement found, resetting step counter"
       step   negloglik          mu    sigma.sq          SE          bt 
 2.00000000 64.06148701  1.04141698  0.01508454  0.09008482  1.91434517 
       step   negloglik          mu    sigma.sq          SE          bt 
 3.00000000 64.06148701  1.04141698  0.01508454  0.09008482  1.91434517 
[1] "New improvement found, but slight; taking the best value, but not resetting the step counter"
       step   negloglik          mu    sigma.sq          SE          bt 
 4.00000000 64.05873842  0.99235490  0.01534007  0.09073369  1.91093453 
[1] "Now starting analysis"
[1] "Starting with initial values"
       mu  sigma.sq        bt 
1.8354856 0.4738072 1.0000000 
       step   negloglik          mu    sigma.sq          bt 
  1.0000000 163.4997005   1.4012573   0.4712579   1.9525830 
       step   negloglik          mu    sigma.sq          bt 
  2.0000000 163.4997005   1.4012573   0.4712579   1.9525830 
[1] "New improvement found, but slight; taking the best value, but not resetting the step counter"
       step   negloglik          mu    sigma.sq          bt 
  3.0000000 163.4928593   1.3309820   0.4638185   1.8993874 
[1] "Now starting analysis"
[1] "Starting with initial values"
       mu  sigma.sq        SE 
1.8354856 0.4738072 0.2369036 
       step   negloglik          mu    sigma.sq          SE 
 1.00000000 70.51364785  2.04740757  0.01779653  0.09560555 
[1] "New improvement found, resetting step counter"
      step  negloglik         mu   sigma.sq         SE 
 2.0000000 70.2332578  1.7145013  0.0174512  0.1020432 
      step  negloglik         mu   sigma.sq         SE 
 3.0000000 70.2332578  1.7145013  0.0174512  0.1020432 
      step  negloglik         mu   sigma.sq         SE 
 4.0000000 70.2332578  1.7145013  0.0174512  0.1020432 
[1] "Now starting analysis"
[1] "Starting with initial values"
       mu  sigma.sq 
1.8354856 0.4738072 
       step   negloglik          mu    sigma.sq 
  1.0000000 164.1037262   1.8354856   0.4738072 
       step   negloglik          mu    sigma.sq 
  2.0000000 164.1037262   1.8354856   0.4738072 
       step   negloglik          mu    sigma.sq 
  3.0000000 164.1037262   1.8354856   0.4738072 
