[1] "args"
[1] "66"   "1092"
[1] "Now starting analysis"
[1] "Starting with initial values"
         mu    sigma.sq          SE          bt          vh 
1.309005734 0.005801291 0.002900646 1.000000000 0.002900646 
         step     negloglik            mu      sigma.sq            SE 
 1.000000e+00 -2.327850e+01  1.294001e+00  4.952807e-03  4.462059e-05 
           bt            vh 
 9.951335e-01  7.818063e-02 
[1] "New improvement found, resetting step counter"
         step     negloglik            mu      sigma.sq            SE 
 2.000000e+00 -2.352830e+01  1.340748e+00  4.949410e-03  4.053194e-05 
           bt            vh 
 1.022629e+00  9.083010e-04 
[1] "New improvement found, but slight; taking the best value, but not resetting the step counter"
         step     negloglik            mu      sigma.sq            SE 
 3.000000e+00 -2.352916e+01  1.302897e+00  4.907581e-03  5.373415e-05 
           bt            vh 
 1.004347e+00  4.889399e-04 
         step     negloglik            mu      sigma.sq            SE 
 4.000000e+00 -2.352916e+01  1.302897e+00  4.907581e-03  5.373415e-05 
           bt            vh 
 1.004347e+00  4.889399e-04 
[1] "Now starting analysis"
[1] "Starting with initial values"
         mu    sigma.sq          bt          vh 
1.309005734 0.005801291 1.000000000 0.002900646 
         step     negloglik            mu      sigma.sq            bt 
 1.000000e+00 -2.304134e+01  1.310099e+00  5.729488e-03  9.797760e-01 
           vh 
 5.339554e-04 
         step     negloglik            mu      sigma.sq            bt 
 2.000000e+00 -2.304134e+01  1.310099e+00  5.729488e-03  9.797760e-01 
           vh 
 5.339554e-04 
         step     negloglik            mu      sigma.sq            bt 
 3.000000e+00 -2.304134e+01  1.310099e+00  5.729488e-03  9.797760e-01 
           vh 
 5.339554e-04 
[1] "Now starting analysis"
[1] "Starting with initial values"
         mu    sigma.sq          SE          vh 
1.309005734 0.005801291 0.002900646 0.002900646 
         step     negloglik            mu      sigma.sq            SE 
 1.000000e+00 -2.337124e+01  1.506689e+00  5.088442e-03  4.737452e-05 
           vh 
 2.090126e-03 
[1] "New improvement found, resetting step counter"
         step     negloglik            mu      sigma.sq            SE 
 2.000000e+00 -2.354287e+01  1.295176e+00  5.084495e-03  3.460458e-05 
           vh 
 2.019767e-03 
         step     negloglik            mu      sigma.sq            SE 
 3.000000e+00 -2.354287e+01  1.295176e+00  5.084495e-03  3.460458e-05 
           vh 
 2.019767e-03 
[1] "New improvement found, but slight; taking the best value, but not resetting the step counter"
         step     negloglik            mu      sigma.sq            SE 
 4.000000e+00 -2.355019e+01  1.317032e+00  5.056391e-03  5.019443e-05 
           vh 
 2.188579e-04 
[1] "Now starting analysis"
[1] "Starting with initial values"
         mu    sigma.sq          vh 
1.309005734 0.005801291 0.002900646 
         step     negloglik            mu      sigma.sq            vh 
  1.000000000 -23.035966634   1.284490374   0.005703173   0.001123705 
[1] "New improvement found, but slight; taking the best value, but not resetting the step counter"
         step     negloglik            mu      sigma.sq            vh 
 2.000000e+00 -2.303967e+01  1.322196e+00  5.687772e-03  2.606946e-04 
         step     negloglik            mu      sigma.sq            vh 
 3.000000e+00 -2.303967e+01  1.322196e+00  5.687772e-03  2.606946e-04 
[1] "Now starting analysis"
[1] "Starting with initial values"
         mu    sigma.sq          SE          bt 
1.309005734 0.005801291 0.002900646 1.000000000 
         step     negloglik            mu      sigma.sq            SE 
 1.000000e+00 -2.352473e+01  1.280337e+00  4.977925e-03  3.854757e-05 
           bt 
 1.077418e+00 
[1] "New improvement found, resetting step counter"
         step     negloglik            mu      sigma.sq            SE 
 2.000000e+00 -2.353800e+01  1.282463e+00  4.980635e-03  4.765402e-05 
           bt 
 1.049273e+00 
         step     negloglik            mu      sigma.sq            SE 
 3.000000e+00 -2.353800e+01  1.282463e+00  4.980635e-03  4.765402e-05 
           bt 
 1.049273e+00 
[1] "New improvement found, resetting step counter"
         step     negloglik            mu      sigma.sq            SE 
 4.000000e+00 -2.355702e+01  1.330355e+00  5.254866e-03  4.449069e-05 
           bt 
 1.001662e+00 
         step     negloglik            mu      sigma.sq            SE 
 5.000000e+00 -2.355702e+01  1.330355e+00  5.254866e-03  4.449069e-05 
           bt 
 1.001662e+00 
         step     negloglik            mu      sigma.sq            SE 
 6.000000e+00 -2.355702e+01  1.330355e+00  5.254866e-03  4.449069e-05 
           bt 
 1.001662e+00 
[1] "Now starting analysis"
[1] "Starting with initial values"
         mu    sigma.sq          bt 
1.309005734 0.005801291 1.000000000 
         step     negloglik            mu      sigma.sq            bt 
  1.000000000 -23.044554176   1.309005734   0.005801291   1.000000000 
         step     negloglik            mu      sigma.sq            bt 
  2.000000000 -23.044554176   1.309005734   0.005801291   1.000000000 
         step     negloglik            mu      sigma.sq            bt 
  3.000000000 -23.044554176   1.309005734   0.005801291   1.000000000 
[1] "Now starting analysis"
[1] "Starting with initial values"
         mu    sigma.sq          SE 
1.309005734 0.005801291 0.002900646 
         step     negloglik            mu      sigma.sq            SE 
 1.000000e+00 -2.354244e+01  1.371447e+00  5.186613e-03  4.512390e-05 
[1] "New improvement found, resetting step counter"
         step     negloglik            mu      sigma.sq            SE 
 2.000000e+00 -2.355469e+01  1.302871e+00  5.187993e-03  4.999668e-05 
         step     negloglik            mu      sigma.sq            SE 
 3.000000e+00 -2.355469e+01  1.302871e+00  5.187993e-03  4.999668e-05 
         step     negloglik            mu      sigma.sq            SE 
 4.000000e+00 -2.355469e+01  1.302871e+00  5.187993e-03  4.999668e-05 
[1] "Now starting analysis"
[1] "Starting with initial values"
         mu    sigma.sq 
1.309005734 0.005801291 
         step     negloglik            mu      sigma.sq 
  1.000000000 -23.044554176   1.309005734   0.005801291 
         step     negloglik            mu      sigma.sq 
  2.000000000 -23.044554176   1.309005734   0.005801291 
         step     negloglik            mu      sigma.sq 
  3.000000000 -23.044554176   1.309005734   0.005801291 
