000 (066.061.000) 07/26 17:14:45 Job submitted from host: <160.36.155.106:9618?addrs=160.36.155.106-9618&noUDP&sock=27742_4872_4>
...
001 (066.061.000) 07/26 17:14:50 Job executing on host: <10.128.121.58:9618?addrs=10.128.121.58-9618&noUDP&sock=2263_cee9_4>
...
006 (066.061.000) 07/26 17:14:59 Image size of job updated: 233996
	229  -  MemoryUsage of job (MB)
	233996  -  ResidentSetSize of job (KB)
...
006 (066.061.000) 07/26 17:20:00 Image size of job updated: 246764
	241  -  MemoryUsage of job (MB)
	246764  -  ResidentSetSize of job (KB)
...
006 (066.061.000) 07/27 01:10:47 Image size of job updated: 247200
	242  -  MemoryUsage of job (MB)
	247200  -  ResidentSetSize of job (KB)
...
006 (066.061.000) 07/27 02:00:53 Image size of job updated: 248180
	243  -  MemoryUsage of job (MB)
	248180  -  ResidentSetSize of job (KB)
...
006 (066.061.000) 07/27 06:06:18 Image size of job updated: 248856
	244  -  MemoryUsage of job (MB)
	248856  -  ResidentSetSize of job (KB)
...
006 (066.061.000) 07/27 07:01:24 Image size of job updated: 248924
	244  -  MemoryUsage of job (MB)
	248924  -  ResidentSetSize of job (KB)
...
006 (066.061.000) 07/27 13:02:03 Image size of job updated: 249000
	244  -  MemoryUsage of job (MB)
	249000  -  ResidentSetSize of job (KB)
...
005 (066.061.000) 07/27 17:24:20 Job terminated.
	(1) Normal termination (return value 0)
		Usr 1 00:07:41, Sys 0 00:00:07  -  Run Remote Usage
		Usr 0 00:00:00, Sys 0 00:00:00  -  Run Local Usage
		Usr 1 00:07:41, Sys 0 00:00:07  -  Total Remote Usage
		Usr 0 00:00:00, Sys 0 00:00:00  -  Total Local Usage
	30662  -  Run Bytes Sent By Job
	2422  -  Run Bytes Received By Job
	30662  -  Total Bytes Sent By Job
	2422  -  Total Bytes Received By Job
	Partitionable Resources :    Usage  Request Allocated 
	   Cpus                 :     1.00        1         1 
	   Disk (KB)            :    47           4    888081 
	   Memory (MB)          :   244           1       128 
...
