[1] "args"
[1] "66"  "720"
[1] "Now starting analysis"
[1] "Starting with initial values"
         mu    sigma.sq          SE          bt          vh 
1.493258247 0.009717169 0.004858584 1.000000000 0.004858584 
         step     negloglik            mu      sigma.sq            SE 
 1.0000000000 -9.1810020297  1.4908379711  0.0090895343  0.0001368994 
           bt            vh 
 1.1417767588  0.0002393166 
[1] "New improvement found, resetting step counter"
         step     negloglik            mu      sigma.sq            SE 
 2.000000e+00 -9.282176e+00  1.497420e+00  9.073842e-03  1.205340e-04 
           bt            vh 
 9.881756e-01  1.871074e-05 
         step     negloglik            mu      sigma.sq            SE 
 3.000000e+00 -9.282176e+00  1.497420e+00  9.073842e-03  1.205340e-04 
           bt            vh 
 9.881756e-01  1.871074e-05 
         step     negloglik            mu      sigma.sq            SE 
 4.000000e+00 -9.282176e+00  1.497420e+00  9.073842e-03  1.205340e-04 
           bt            vh 
 9.881756e-01  1.871074e-05 
[1] "Now starting analysis"
[1] "Starting with initial values"
         mu    sigma.sq          bt          vh 
1.493258247 0.009717169 1.000000000 0.004858584 
         step     negloglik            mu      sigma.sq            bt 
 1.0000000000 -9.1960240886  1.4982509814  0.0096959702  0.9969633000 
           vh 
 0.0008419448 
[1] "New improvement found, but slight; taking the best value, but not resetting the step counter"
         step     negloglik            mu      sigma.sq            bt 
 2.000000e+00 -9.199257e+00  1.499863e+00  9.665664e-03  9.670233e-01 
           vh 
 3.128977e-05 
         step     negloglik            mu      sigma.sq            bt 
 3.000000e+00 -9.199257e+00  1.499863e+00  9.665664e-03  9.670233e-01 
           vh 
 3.128977e-05 
[1] "Now starting analysis"
[1] "Starting with initial values"
         mu    sigma.sq          SE          vh 
1.493258247 0.009717169 0.004858584 0.004858584 
         step     negloglik            mu      sigma.sq            SE 
 1.000000e+00 -9.169035e+00  1.661529e+00  9.273727e-03  4.510777e-05 
           vh 
 2.655148e-03 
[1] "New improvement found, resetting step counter"
         step     negloglik            mu      sigma.sq            SE 
 2.0000000000 -9.2773996140  1.4869741895  0.0093008770  0.0001216115 
           vh 
 0.0006234381 
         step     negloglik            mu      sigma.sq            SE 
 3.0000000000 -9.2773996140  1.4869741895  0.0093008770  0.0001216115 
           vh 
 0.0006234381 
         step     negloglik            mu      sigma.sq            SE 
 4.0000000000 -9.2773996140  1.4869741895  0.0093008770  0.0001216115 
           vh 
 0.0006234381 
[1] "Now starting analysis"
[1] "Starting with initial values"
         mu    sigma.sq          vh 
1.493258247 0.009717169 0.004858584 
         step     negloglik            mu      sigma.sq            vh 
 1.0000000000 -9.1920021079  1.4579293538  0.0096847454  0.0008858819 
[1] "New improvement found, but slight; taking the best value, but not resetting the step counter"
         step     negloglik            mu      sigma.sq            vh 
 2.000000e+00 -9.198566e+00  1.500642e+00  9.678504e-03  6.228766e-05 
         step     negloglik            mu      sigma.sq            vh 
 3.000000e+00 -9.198566e+00  1.500642e+00  9.678504e-03  6.228766e-05 
[1] "Now starting analysis"
[1] "Starting with initial values"
         mu    sigma.sq          SE          bt 
1.493258247 0.009717169 0.004858584 1.000000000 
        step    negloglik           mu     sigma.sq           SE           bt 
 1.000000000 -9.254845918  1.585618686  0.009047915  0.000112662  1.001707394 
[1] "New improvement found, resetting step counter"
         step     negloglik            mu      sigma.sq            SE 
 2.0000000000 -9.2812089710  1.5012617491  0.0090459207  0.0001023857 
           bt 
 0.9789913082 
         step     negloglik            mu      sigma.sq            SE 
 3.0000000000 -9.2812089710  1.5012617491  0.0090459207  0.0001023857 
           bt 
 0.9789913082 
         step     negloglik            mu      sigma.sq            SE 
 4.0000000000 -9.2812089710  1.5012617491  0.0090459207  0.0001023857 
           bt 
 0.9789913082 
[1] "Now starting analysis"
[1] "Starting with initial values"
         mu    sigma.sq          bt 
1.493258247 0.009717169 1.000000000 
        step    negloglik           mu     sigma.sq           bt 
 1.000000000 -9.199097054  1.493258247  0.009717169  1.000000000 
        step    negloglik           mu     sigma.sq           bt 
 2.000000000 -9.199097054  1.493258247  0.009717169  1.000000000 
[1] "New improvement found, but slight; taking the best value, but not resetting the step counter"
        step    negloglik           mu     sigma.sq           bt 
 3.000000000 -9.199433104  1.485256954  0.009609685  0.981503256 
[1] "Now starting analysis"
[1] "Starting with initial values"
         mu    sigma.sq          SE 
1.493258247 0.009717169 0.004858584 
         step     negloglik            mu      sigma.sq            SE 
 1.0000000000 -9.2648293247  1.5709998137  0.0092183820  0.0001033259 
[1] "New improvement found, resetting step counter"
         step     negloglik            mu      sigma.sq            SE 
 2.000000e+00 -9.281924e+00  1.487000e+00  9.217080e-03  9.429132e-05 
         step     negloglik            mu      sigma.sq            SE 
 3.000000e+00 -9.281924e+00  1.487000e+00  9.217080e-03  9.429132e-05 
         step     negloglik            mu      sigma.sq            SE 
 4.000000e+00 -9.281924e+00  1.487000e+00  9.217080e-03  9.429132e-05 
[1] "Now starting analysis"
[1] "Starting with initial values"
         mu    sigma.sq 
1.493258247 0.009717169 
        step    negloglik           mu     sigma.sq 
 1.000000000 -9.199097054  1.493258247  0.009717169 
        step    negloglik           mu     sigma.sq 
 2.000000000 -9.199097054  1.493258247  0.009717169 
        step    negloglik           mu     sigma.sq 
 3.000000000 -9.199097054  1.493258247  0.009717169 
