[1] "args"
[1] "66"   "1159"
[1] "Now starting analysis"
[1] "Starting with initial values"
         mu    sigma.sq          SE          bt          vh 
0.938137876 0.010517796 0.005258898 1.000000000 0.005258898 
         step     negloglik            mu      sigma.sq            SE 
 1.000000e+00 -2.744619e+01  7.000238e-01  9.930048e-03  6.453542e-07 
           bt            vh 
 1.175891e+00  4.774313e-01 
[1] "New improvement found, resetting step counter"
         step     negloglik            mu      sigma.sq            SE 
 2.000000e+00 -2.878848e+01  8.289765e-01  1.001970e-02  1.486283e-04 
           bt            vh 
 3.206582e+00  1.654837e-03 
         step     negloglik            mu      sigma.sq            SE 
 3.000000e+00 -2.878848e+01  8.289765e-01  1.001970e-02  1.486283e-04 
           bt            vh 
 3.206582e+00  1.654837e-03 
[1] "New improvement found, resetting step counter"
         step     negloglik            mu      sigma.sq            SE 
 4.000000e+00 -2.892224e+01  8.354502e-01  1.046575e-02  4.760245e-05 
           bt            vh 
 3.077709e+00  3.884333e-03 
         step     negloglik            mu      sigma.sq            SE 
 5.000000e+00 -2.892224e+01  8.354502e-01  1.046575e-02  4.760245e-05 
           bt            vh 
 3.077709e+00  3.884333e-03 
         step     negloglik            mu      sigma.sq            SE 
 6.000000e+00 -2.892224e+01  8.354502e-01  1.046575e-02  4.760245e-05 
           bt            vh 
 3.077709e+00  3.884333e-03 
[1] "Now starting analysis"
[1] "Starting with initial values"
         mu    sigma.sq          bt          vh 
0.938137876 0.010517796 1.000000000 0.005258898 
         step     negloglik            mu      sigma.sq            bt 
  1.000000000 -28.831675923   0.879479287   0.009622441   2.476188194 
           vh 
  0.004634616 
[1] "New improvement found, resetting step counter"
         step     negloglik            mu      sigma.sq            bt 
  2.000000000 -29.061069292   0.884322111   0.009931705   3.070558467 
           vh 
  0.012692926 
[1] "New improvement found, resetting step counter"
         step     negloglik            mu      sigma.sq            bt 
 3.000000e+00 -2.907742e+01  8.391337e-01  1.031471e-02  3.315869e+00 
           vh 
 7.682996e-04 
         step     negloglik            mu      sigma.sq            bt 
 4.000000e+00 -2.907742e+01  8.391337e-01  1.031471e-02  3.315869e+00 
           vh 
 7.682996e-04 
[1] "New improvement found, resetting step counter"
         step     negloglik            mu      sigma.sq            bt 
 5.000000e+00 -2.909284e+01  7.824303e-01  1.017217e-02  3.356457e+00 
           vh 
 4.840217e-04 
[1] "New improvement found, but slight; taking the best value, but not resetting the step counter"
         step     negloglik            mu      sigma.sq            bt 
  6.000000000 -29.094078771   0.864349343   0.010170672   3.196197256 
           vh 
  0.001908877 
         step     negloglik            mu      sigma.sq            bt 
  7.000000000 -29.094078771   0.864349343   0.010170672   3.196197256 
           vh 
  0.001908877 
[1] "Now starting analysis"
[1] "Starting with initial values"
         mu    sigma.sq          SE          vh 
0.938137876 0.010517796 0.005258898 0.005258898 
         step     negloglik            mu      sigma.sq            SE 
 1.000000e+00 -2.672419e+01  6.274363e-01  1.020493e-02  1.203503e-05 
           vh 
 3.061716e-01 
[1] "New improvement found, resetting step counter"
         step     negloglik            mu      sigma.sq            SE 
 2.000000e+00 -2.745217e+01  8.511854e-01  1.020251e-02  4.558316e-06 
           vh 
 9.895085e-01 
         step     negloglik            mu      sigma.sq            SE 
 3.000000e+00 -2.745217e+01  8.511854e-01  1.020251e-02  4.558316e-06 
           vh 
 9.895085e-01 
         step     negloglik            mu      sigma.sq            SE 
 4.000000e+00 -2.745217e+01  8.511854e-01  1.020251e-02  4.558316e-06 
           vh 
 9.895085e-01 
[1] "Now starting analysis"
[1] "Starting with initial values"
         mu    sigma.sq          vh 
0.938137876 0.010517796 0.005258898 
         step     negloglik            mu      sigma.sq            vh 
  1.000000000 -27.471702915   0.844280732   0.009811392   1.150412929 
[1] "New improvement found, but slight; taking the best value, but not resetting the step counter"
        step    negloglik           mu     sigma.sq           vh 
  2.00000000 -27.47483672   0.80585874   0.01003608   1.22703223 
[1] "New improvement found, but slight; taking the best value, but not resetting the step counter"
        step    negloglik           mu     sigma.sq           vh 
  3.00000000 -27.47634089   0.85285071   0.01010887   1.13679457 
[1] "Now starting analysis"
[1] "Starting with initial values"
         mu    sigma.sq          SE          bt 
0.938137876 0.010517796 0.005258898 1.000000000 
         step     negloglik            mu      sigma.sq            SE 
 1.000000e+00 -2.759010e+01  4.289771e-01  1.021822e-02  3.627304e-06 
           bt 
 2.104085e+00 
[1] "New improvement found, resetting step counter"
         step     negloglik            mu      sigma.sq            SE 
 2.000000e+00 -2.908950e+01  8.507079e-01  1.021960e-02  7.030270e-07 
           bt 
 3.097589e+00 
[1] "New improvement found, resetting step counter"
         step     negloglik            mu      sigma.sq            SE 
 3.000000e+00 -2.910512e+01  8.177506e-01  9.740056e-03  7.576520e-06 
           bt 
 3.334592e+00 
         step     negloglik            mu      sigma.sq            SE 
 4.000000e+00 -2.910512e+01  8.177506e-01  9.740056e-03  7.576520e-06 
           bt 
 3.334592e+00 
[1] "New improvement found, resetting step counter"
         step     negloglik            mu      sigma.sq            SE 
 5.000000e+00 -2.911686e+01  8.350429e-01  9.955486e-03  2.094133e-06 
           bt 
 3.349901e+00 
         step     negloglik            mu      sigma.sq            SE 
 6.000000e+00 -2.911686e+01  8.350429e-01  9.955486e-03  2.094133e-06 
           bt 
 3.349901e+00 
         step     negloglik            mu      sigma.sq            SE 
 7.000000e+00 -2.911686e+01  8.350429e-01  9.955486e-03  2.094133e-06 
           bt 
 3.349901e+00 
[1] "Now starting analysis"
[1] "Starting with initial values"
       mu  sigma.sq        bt 
0.9381379 0.0105178 1.0000000 
         step     negloglik            mu      sigma.sq            bt 
  1.000000000 -29.123594426   0.830732478   0.009894483   3.312810651 
         step     negloglik            mu      sigma.sq            bt 
  2.000000000 -29.123594426   0.830732478   0.009894483   3.312810651 
         step     negloglik            mu      sigma.sq            bt 
  3.000000000 -29.123594426   0.830732478   0.009894483   3.312810651 
[1] "Now starting analysis"
[1] "Starting with initial values"
         mu    sigma.sq          SE 
0.938137876 0.010517796 0.005258898 
         step     negloglik            mu      sigma.sq            SE 
 1.000000e+00 -2.441699e+01  8.710290e-01  1.063959e-02  3.733937e-06 
[1] "New improvement found, resetting step counter"
         step     negloglik            mu      sigma.sq            SE 
 2.000000e+00 -2.445551e+01  9.581319e-01  1.063959e-02  3.733937e-06 
         step     negloglik            mu      sigma.sq            SE 
 3.000000e+00 -2.445551e+01  9.581319e-01  1.063959e-02  3.733937e-06 
         step     negloglik            mu      sigma.sq            SE 
 4.000000e+00 -2.445551e+01  9.581319e-01  1.063959e-02  3.733937e-06 
[1] "Now starting analysis"
[1] "Starting with initial values"
       mu  sigma.sq 
0.9381379 0.0105178 
       step   negloglik          mu    sigma.sq 
  1.0000000 -24.4446832   0.9381379   0.0105178 
       step   negloglik          mu    sigma.sq 
  2.0000000 -24.4446832   0.9381379   0.0105178 
[1] "New improvement found, resetting step counter"
        step    negloglik           mu     sigma.sq 
  3.00000000 -24.47027100   0.95043209   0.01074942 
        step    negloglik           mu     sigma.sq 
  4.00000000 -24.47027100   0.95043209   0.01074942 
[1] "New improvement found, but slight; taking the best value, but not resetting the step counter"
        step    negloglik           mu     sigma.sq 
  5.00000000 -24.47362103   0.97060824   0.01090864 
