000 (066.408.000) 07/26 17:14:46 Job submitted from host: <160.36.155.106:9618?addrs=160.36.155.106-9618&noUDP&sock=27742_4872_4>
...
001 (066.408.000) 07/29 16:27:10 Job executing on host: <10.130.107.8:9618?addrs=10.130.107.8-9618&noUDP&sock=69199_5635_4>
...
006 (066.408.000) 07/29 16:27:19 Image size of job updated: 227484
	223  -  MemoryUsage of job (MB)
	227484  -  ResidentSetSize of job (KB)
...
006 (066.408.000) 07/29 16:32:20 Image size of job updated: 227500
	223  -  MemoryUsage of job (MB)
	227500  -  ResidentSetSize of job (KB)
...
006 (066.408.000) 07/29 17:02:22 Image size of job updated: 229104
	224  -  MemoryUsage of job (MB)
	229104  -  ResidentSetSize of job (KB)
...
006 (066.408.000) 07/29 17:26:40 Image size of job updated: 230616
	224  -  MemoryUsage of job (MB)
	229104  -  ResidentSetSize of job (KB)
...
005 (066.408.000) 07/29 17:26:40 Job terminated.
	(1) Normal termination (return value 0)
		Usr 0 00:59:22, Sys 0 00:00:00  -  Run Remote Usage
		Usr 0 00:00:00, Sys 0 00:00:00  -  Run Local Usage
		Usr 0 00:59:22, Sys 0 00:00:00  -  Total Remote Usage
		Usr 0 00:00:00, Sys 0 00:00:00  -  Total Local Usage
	28180  -  Run Bytes Sent By Job
	2422  -  Run Bytes Received By Job
	28180  -  Total Bytes Sent By Job
	2422  -  Total Bytes Received By Job
	Partitionable Resources :    Usage  Request Allocated 
	   Cpus                 :     1.00        1         1 
	   Disk (KB)            :    45           4    888358 
	   Memory (MB)          :   224           1       128 
...
