000 (066.1045.000) 07/26 17:14:46 Job submitted from host: <160.36.155.106:9618?addrs=160.36.155.106-9618&noUDP&sock=27742_4872_4>
...
012 (066.1045.000) 08/03 14:16:53 Job was held.
	via condor_hold (by user bomeara)
	Code 1 Subcode 0
...
013 (066.1045.000) 08/05 22:27:39 Job was released.
	via condor_release (by user bomeara)
...
012 (066.1045.000) 08/09 10:35:40 Job was held.
	via condor_hold (by user bomeara)
	Code 1 Subcode 0
...
013 (066.1045.000) 08/09 13:04:58 Job was released.
	via condor_release (by user bomeara)
...
001 (066.1045.000) 08/21 06:31:51 Job executing on host: <10.128.151.149:9618?addrs=10.128.151.149-9618&noUDP&sock=21393_65a7_4>
...
006 (066.1045.000) 08/21 06:32:00 Image size of job updated: 235824
	231  -  MemoryUsage of job (MB)
	235824  -  ResidentSetSize of job (KB)
...
006 (066.1045.000) 08/21 06:37:01 Image size of job updated: 243876
	239  -  MemoryUsage of job (MB)
	243876  -  ResidentSetSize of job (KB)
...
006 (066.1045.000) 08/21 11:02:25 Image size of job updated: 246120
	241  -  MemoryUsage of job (MB)
	246120  -  ResidentSetSize of job (KB)
...
006 (066.1045.000) 08/21 15:57:55 Image size of job updated: 246996
	242  -  MemoryUsage of job (MB)
	246996  -  ResidentSetSize of job (KB)
...
005 (066.1045.000) 08/21 21:39:20 Job terminated.
	(1) Normal termination (return value 0)
		Usr 0 15:06:42, Sys 0 00:00:03  -  Run Remote Usage
		Usr 0 00:00:00, Sys 0 00:00:00  -  Run Local Usage
		Usr 0 15:06:42, Sys 0 00:00:03  -  Total Remote Usage
		Usr 0 00:00:00, Sys 0 00:00:00  -  Total Local Usage
	31195  -  Run Bytes Sent By Job
	2422  -  Run Bytes Received By Job
	31195  -  Total Bytes Sent By Job
	2422  -  Total Bytes Received By Job
	Partitionable Resources :    Usage  Request Allocated 
	   Cpus                 :     1.00        1         1 
	   Disk (KB)            :    48           4   1811025 
	   Memory (MB)          :   242           1       128 
...
