[1] "args"
[1] "66" "64"
[1] "Now starting analysis"
[1] "Starting with initial values"
        mu   sigma.sq         SE         bt         vh 
1.64826434 0.04791505 0.02395752 1.00000000 0.02395752 
        step    negloglik           mu     sigma.sq           SE           bt 
 1.000000000 12.318103792  2.124612525  0.015294598  0.034424429  0.738496182 
          vh 
 0.001064397 
[1] "New improvement found, resetting step counter"
        step    negloglik           mu     sigma.sq           SE           bt 
2.000000e+00 1.159461e+01 2.903616e+00 1.501471e-02 3.346560e-02 6.596879e-01 
          vh 
4.000491e-04 
        step    negloglik           mu     sigma.sq           SE           bt 
3.000000e+00 1.159461e+01 2.903616e+00 1.501471e-02 3.346560e-02 6.596879e-01 
          vh 
4.000491e-04 
        step    negloglik           mu     sigma.sq           SE           bt 
4.000000e+00 1.159461e+01 2.903616e+00 1.501471e-02 3.346560e-02 6.596879e-01 
          vh 
4.000491e-04 
[1] "Now starting analysis"
[1] "Starting with initial values"
        mu   sigma.sq         bt         vh 
1.64826434 0.04791505 1.00000000 0.02395752 
        step    negloglik           mu     sigma.sq           bt           vh 
1.000000e+00 1.292914e+01 3.668298e+00 3.753681e-02 5.943196e-01 6.031195e-05 
[1] "New improvement found, resetting step counter"
        step    negloglik           mu     sigma.sq           bt           vh 
2.000000e+00 1.279200e+01 3.197395e+00 3.981996e-02 6.112640e-01 9.138492e-04 
[1] "New improvement found, resetting step counter"
        step    negloglik           mu     sigma.sq           bt           vh 
 3.000000000 12.777066422  3.144055757  0.037320720  0.624339687  0.001480571 
        step    negloglik           mu     sigma.sq           bt           vh 
 4.000000000 12.777066422  3.144055757  0.037320720  0.624339687  0.001480571 
        step    negloglik           mu     sigma.sq           bt           vh 
 5.000000000 12.777066422  3.144055757  0.037320720  0.624339687  0.001480571 
[1] "Now starting analysis"
[1] "Starting with initial values"
        mu   sigma.sq         SE         vh 
1.64826434 0.04791505 0.02395752 0.02395752 
        step    negloglik           mu     sigma.sq           SE           vh 
 1.000000000 13.336473743  1.552204797  0.009735723  0.049158585  0.112685915 
[1] "New improvement found, resetting step counter"
      step  negloglik         mu   sigma.sq         SE         vh 
 2.0000000 13.3096411  1.7413476  0.0101760  0.0507522  0.1204175 
      step  negloglik         mu   sigma.sq         SE         vh 
 3.0000000 13.3096411  1.7413476  0.0101760  0.0507522  0.1204175 
[1] "New improvement found, but slight; taking the best value, but not resetting the step counter"
       step   negloglik          mu    sigma.sq          SE          vh 
 4.00000000 13.30623402  1.66980829  0.01054057  0.05064558  0.12517751 
[1] "Now starting analysis"
[1] "Starting with initial values"
        mu   sigma.sq         vh 
1.64826434 0.04791505 0.02395752 
       step   negloglik          mu    sigma.sq          vh 
 1.00000000 14.70612405  1.61449781  0.03933034  0.20995958 
[1] "New improvement found, but slight; taking the best value, but not resetting the step counter"
       step   negloglik          mu    sigma.sq          vh 
 2.00000000 14.70147907  1.77594760  0.03933034  0.20995958 
[1] "New improvement found, but slight; taking the best value, but not resetting the step counter"
       step   negloglik          mu    sigma.sq          vh 
 3.00000000 14.70002806  1.71192029  0.04003982  0.22554982 
[1] "Now starting analysis"
[1] "Starting with initial values"
        mu   sigma.sq         SE         bt 
1.64826434 0.04791505 0.02395752 1.00000000 
       step   negloglik          mu    sigma.sq          SE          bt 
 1.00000000 11.57574899  2.92678909  0.01319766  0.04012351  0.67093514 
[1] "New improvement found, but slight; taking the best value, but not resetting the step counter"
      step  negloglik         mu   sigma.sq         SE         bt 
 2.0000000 11.5700616  2.9517737  0.0135472  0.0372922  0.6616804 
      step  negloglik         mu   sigma.sq         SE         bt 
 3.0000000 11.5700616  2.9517737  0.0135472  0.0372922  0.6616804 
[1] "Now starting analysis"
[1] "Starting with initial values"
        mu   sigma.sq         bt 
1.64826434 0.04791505 1.00000000 
       step   negloglik          mu    sigma.sq          bt 
 1.00000000 12.76522287  3.19892811  0.03758375  0.61235634 
[1] "New improvement found, but slight; taking the best value, but not resetting the step counter"
       step   negloglik          mu    sigma.sq          bt 
 2.00000000 12.76412076  3.11648130  0.03801619  0.61687113 
       step   negloglik          mu    sigma.sq          bt 
 3.00000000 12.76412076  3.11648130  0.03801619  0.61687113 
[1] "Now starting analysis"
[1] "Starting with initial values"
        mu   sigma.sq         SE 
1.64826434 0.04791505 0.02395752 
        step    negloglik           mu     sigma.sq           SE 
1.000000e+00 1.311312e+01 1.590501e+00 2.096127e-05 1.232959e-01 
[1] "New improvement found, but slight; taking the best value, but not resetting the step counter"
        step    negloglik           mu     sigma.sq           SE 
2.000000e+00 1.310389e+01 1.599432e+00 3.611002e-06 1.210327e-01 
        step    negloglik           mu     sigma.sq           SE 
3.000000e+00 1.310389e+01 1.599432e+00 3.611002e-06 1.210327e-01 
[1] "Now starting analysis"
[1] "Starting with initial values"
        mu   sigma.sq 
1.64826434 0.04791505 
       step   negloglik          mu    sigma.sq 
 1.00000000 16.26393951  1.64826434  0.04791505 
       step   negloglik          mu    sigma.sq 
 2.00000000 16.26393951  1.64826434  0.04791505 
       step   negloglik          mu    sigma.sq 
 3.00000000 16.26393951  1.64826434  0.04791505 
