000 (066.332.000) 07/26 17:14:46 Job submitted from host: <160.36.155.106:9618?addrs=160.36.155.106-9618&noUDP&sock=27742_4872_4>
...
001 (066.332.000) 07/27 13:20:10 Job executing on host: <10.128.213.253:9618?addrs=10.128.213.253-9618&noUDP&sock=68980_1ef7_4>
...
006 (066.332.000) 07/27 13:20:18 Image size of job updated: 220800
	216  -  MemoryUsage of job (MB)
	220800  -  ResidentSetSize of job (KB)
...
006 (066.332.000) 07/27 13:25:18 Image size of job updated: 231132
	226  -  MemoryUsage of job (MB)
	231132  -  ResidentSetSize of job (KB)
...
005 (066.332.000) 07/28 02:37:01 Job terminated.
	(1) Normal termination (return value 0)
		Usr 0 13:15:43, Sys 0 00:00:05  -  Run Remote Usage
		Usr 0 00:00:00, Sys 0 00:00:00  -  Run Local Usage
		Usr 0 13:15:43, Sys 0 00:00:05  -  Total Remote Usage
		Usr 0 00:00:00, Sys 0 00:00:00  -  Total Local Usage
	28074  -  Run Bytes Sent By Job
	2422  -  Run Bytes Received By Job
	28074  -  Total Bytes Sent By Job
	2422  -  Total Bytes Received By Job
	Partitionable Resources :    Usage  Request Allocated 
	   Cpus                 :     1.00        1         1 
	   Disk (KB)            :    45           4    892965 
	   Memory (MB)          :   226           1       128 
...
