000 (066.276.000) 07/26 17:14:46 Job submitted from host: <160.36.155.106:9618?addrs=160.36.155.106-9618&noUDP&sock=27742_4872_4>
...
001 (066.276.000) 07/27 02:17:57 Job executing on host: <10.130.210.206:9618?addrs=10.130.210.206-9618&noUDP&sock=76684_6c96_4>
...
006 (066.276.000) 07/27 02:18:06 Image size of job updated: 226512
	222  -  MemoryUsage of job (MB)
	226512  -  ResidentSetSize of job (KB)
...
006 (066.276.000) 07/27 02:23:07 Image size of job updated: 226528
	222  -  MemoryUsage of job (MB)
	226528  -  ResidentSetSize of job (KB)
...
006 (066.276.000) 07/27 03:08:10 Image size of job updated: 227848
	223  -  MemoryUsage of job (MB)
	227848  -  ResidentSetSize of job (KB)
...
006 (066.276.000) 07/27 03:23:11 Image size of job updated: 231956
	227  -  MemoryUsage of job (MB)
	231956  -  ResidentSetSize of job (KB)
...
006 (066.276.000) 07/27 03:58:02 Image size of job updated: 438388
	227  -  MemoryUsage of job (MB)
	231956  -  ResidentSetSize of job (KB)
...
005 (066.276.000) 07/27 03:58:02 Job terminated.
	(1) Normal termination (return value 0)
		Usr 0 01:39:52, Sys 0 00:00:01  -  Run Remote Usage
		Usr 0 00:00:00, Sys 0 00:00:00  -  Run Local Usage
		Usr 0 01:39:52, Sys 0 00:00:01  -  Total Remote Usage
		Usr 0 00:00:00, Sys 0 00:00:00  -  Total Local Usage
	28823  -  Run Bytes Sent By Job
	2422  -  Run Bytes Received By Job
	28823  -  Total Bytes Sent By Job
	2422  -  Total Bytes Received By Job
	Partitionable Resources :    Usage  Request Allocated 
	   Cpus                 :     0.99        1         1 
	   Disk (KB)            :    46           4    813884 
	   Memory (MB)          :   227           1       128 
...
