000 (066.1525.000) 07/26 17:14:46 Job submitted from host: <160.36.155.106:9618?addrs=160.36.155.106-9618&noUDP&sock=27742_4872_4>
...
012 (066.1525.000) 08/03 14:17:17 Job was held.
	via condor_hold (by user bomeara)
	Code 1 Subcode 0
...
013 (066.1525.000) 08/05 22:28:04 Job was released.
	via condor_release (by user bomeara)
...
012 (066.1525.000) 08/09 10:36:12 Job was held.
	via condor_hold (by user bomeara)
	Code 1 Subcode 0
...
013 (066.1525.000) 08/09 13:05:23 Job was released.
	via condor_release (by user bomeara)
...
001 (066.1525.000) 09/17 05:44:31 Job executing on host: <10.128.151.149:9618?addrs=10.128.151.149-9618&noUDP&sock=2702_ecfc_4>
...
006 (066.1525.000) 09/17 05:44:40 Image size of job updated: 233524
	229  -  MemoryUsage of job (MB)
	233524  -  ResidentSetSize of job (KB)
...
006 (066.1525.000) 09/17 05:49:40 Image size of job updated: 249892
	245  -  MemoryUsage of job (MB)
	249892  -  ResidentSetSize of job (KB)
...
005 (066.1525.000) 09/18 00:59:45 Job terminated.
	(1) Normal termination (return value 0)
		Usr 0 19:14:52, Sys 0 00:00:01  -  Run Remote Usage
		Usr 0 00:00:00, Sys 0 00:00:00  -  Run Local Usage
		Usr 0 19:14:52, Sys 0 00:00:01  -  Total Remote Usage
		Usr 0 00:00:00, Sys 0 00:00:00  -  Total Local Usage
	31907  -  Run Bytes Sent By Job
	2422  -  Run Bytes Received By Job
	31907  -  Total Bytes Sent By Job
	2422  -  Total Bytes Received By Job
	Partitionable Resources :    Usage  Request Allocated 
	   Cpus                 :     1.00        1         1 
	   Disk (KB)            :    49           4   1811004 
	   Memory (MB)          :   245           1       128 
...
