000 (066.1095.000) 07/26 17:14:46 Job submitted from host: <160.36.155.106:9618?addrs=160.36.155.106-9618&noUDP&sock=27742_4872_4>
...
012 (066.1095.000) 08/03 14:16:56 Job was held.
	via condor_hold (by user bomeara)
	Code 1 Subcode 0
...
013 (066.1095.000) 08/05 22:27:43 Job was released.
	via condor_release (by user bomeara)
...
012 (066.1095.000) 08/09 10:35:44 Job was held.
	via condor_hold (by user bomeara)
	Code 1 Subcode 0
...
013 (066.1095.000) 08/09 13:05:01 Job was released.
	via condor_release (by user bomeara)
...
001 (066.1095.000) 08/25 03:42:52 Job executing on host: <10.128.151.149:9618?addrs=10.128.151.149-9618&noUDP&sock=21393_65a7_4>
...
006 (066.1095.000) 08/25 03:43:00 Image size of job updated: 243260
	238  -  MemoryUsage of job (MB)
	243260  -  ResidentSetSize of job (KB)
...
006 (066.1095.000) 08/25 03:48:00 Image size of job updated: 246560
	241  -  MemoryUsage of job (MB)
	246560  -  ResidentSetSize of job (KB)
...
006 (066.1095.000) 08/26 09:31:06 Image size of job updated: 248540
	243  -  MemoryUsage of job (MB)
	248540  -  ResidentSetSize of job (KB)
...
006 (066.1095.000) 08/26 21:57:26 Image size of job updated: 248672
	243  -  MemoryUsage of job (MB)
	248672  -  ResidentSetSize of job (KB)
...
005 (066.1095.000) 08/29 00:23:38 Job terminated.
	(1) Normal termination (return value 0)
		Usr 3 20:36:39, Sys 0 00:00:17  -  Run Remote Usage
		Usr 0 00:00:00, Sys 0 00:00:00  -  Run Local Usage
		Usr 3 20:36:39, Sys 0 00:00:17  -  Total Remote Usage
		Usr 0 00:00:00, Sys 0 00:00:00  -  Total Local Usage
	32862  -  Run Bytes Sent By Job
	2422  -  Run Bytes Received By Job
	32862  -  Total Bytes Sent By Job
	2422  -  Total Bytes Received By Job
	Partitionable Resources :    Usage  Request Allocated 
	   Cpus                 :     1.00        1         1 
	   Disk (KB)            :    50           4   1811025 
	   Memory (MB)          :   243           1       128 
...
