000 (066.1214.000) 07/26 17:14:46 Job submitted from host: <160.36.155.106:9618?addrs=160.36.155.106-9618&noUDP&sock=27742_4872_4>
...
012 (066.1214.000) 08/03 14:17:02 Job was held.
	via condor_hold (by user bomeara)
	Code 1 Subcode 0
...
013 (066.1214.000) 08/05 22:27:49 Job was released.
	via condor_release (by user bomeara)
...
012 (066.1214.000) 08/09 10:35:52 Job was held.
	via condor_hold (by user bomeara)
	Code 1 Subcode 0
...
013 (066.1214.000) 08/09 13:05:07 Job was released.
	via condor_release (by user bomeara)
...
001 (066.1214.000) 08/30 15:38:28 Job executing on host: <10.128.147.77:9618?addrs=10.128.147.77-9618&noUDP&sock=69960_51c7_4>
...
006 (066.1214.000) 08/30 15:38:36 Image size of job updated: 220584
	216  -  MemoryUsage of job (MB)
	220584  -  ResidentSetSize of job (KB)
...
006 (066.1214.000) 08/30 15:43:36 Image size of job updated: 226556
	222  -  MemoryUsage of job (MB)
	226556  -  ResidentSetSize of job (KB)
...
005 (066.1214.000) 08/30 16:51:34 Job terminated.
	(1) Normal termination (return value 1)
		Usr 0 01:13:00, Sys 0 00:00:00  -  Run Remote Usage
		Usr 0 00:00:00, Sys 0 00:00:00  -  Run Local Usage
		Usr 0 01:13:00, Sys 0 00:00:00  -  Total Remote Usage
		Usr 0 00:00:00, Sys 0 00:00:00  -  Total Local Usage
	965  -  Run Bytes Sent By Job
	2422  -  Run Bytes Received By Job
	965  -  Total Bytes Sent By Job
	2422  -  Total Bytes Received By Job
	Partitionable Resources :    Usage  Request Allocated 
	   Cpus                 :     1.00        1         1 
	   Disk (KB)            :    19           4    888417 
	   Memory (MB)          :   222           1       128 
...
