000 (066.560.000) 07/26 17:14:46 Job submitted from host: <160.36.155.106:9618?addrs=160.36.155.106-9618&noUDP&sock=27742_4872_4>
...
001 (066.560.000) 08/01 16:56:12 Job executing on host: <10.128.121.58:9618?addrs=10.128.121.58-9618&noUDP&sock=2263_cee9_4>
...
006 (066.560.000) 08/01 16:56:21 Image size of job updated: 220600
	216  -  MemoryUsage of job (MB)
	220600  -  ResidentSetSize of job (KB)
...
006 (066.560.000) 08/01 17:01:22 Image size of job updated: 227100
	222  -  MemoryUsage of job (MB)
	227100  -  ResidentSetSize of job (KB)
...
006 (066.560.000) 08/02 06:02:42 Image size of job updated: 229948
	225  -  MemoryUsage of job (MB)
	229948  -  ResidentSetSize of job (KB)
...
006 (066.560.000) 08/02 10:04:37 Image size of job updated: 436376
	225  -  MemoryUsage of job (MB)
	229948  -  ResidentSetSize of job (KB)
...
005 (066.560.000) 08/02 10:04:37 Job terminated.
	(1) Normal termination (return value 1)
		Usr 0 17:07:03, Sys 0 00:00:06  -  Run Remote Usage
		Usr 0 00:00:00, Sys 0 00:00:00  -  Run Local Usage
		Usr 0 17:07:03, Sys 0 00:00:06  -  Total Remote Usage
		Usr 0 00:00:00, Sys 0 00:00:00  -  Total Local Usage
	7633  -  Run Bytes Sent By Job
	2422  -  Run Bytes Received By Job
	7633  -  Total Bytes Sent By Job
	2422  -  Total Bytes Received By Job
	Partitionable Resources :    Usage  Request Allocated 
	   Cpus                 :     1.00        1         1 
	   Disk (KB)            :    25           4    888081 
	   Memory (MB)          :   225           1       128 
...
