000 (066.594.000) 07/26 17:14:46 Job submitted from host: <160.36.155.106:9618?addrs=160.36.155.106-9618&noUDP&sock=27742_4872_4>
...
001 (066.594.000) 08/01 17:52:13 Job executing on host: <10.129.199.164:9618?addrs=10.129.199.164-9618&noUDP&sock=2256_01bf_4>
...
006 (066.594.000) 08/01 17:52:21 Image size of job updated: 225744
	221  -  MemoryUsage of job (MB)
	225744  -  ResidentSetSize of job (KB)
...
006 (066.594.000) 08/01 17:57:21 Image size of job updated: 225760
	221  -  MemoryUsage of job (MB)
	225760  -  ResidentSetSize of job (KB)
...
006 (066.594.000) 08/01 18:32:24 Image size of job updated: 227400
	223  -  MemoryUsage of job (MB)
	227400  -  ResidentSetSize of job (KB)
...
006 (066.594.000) 08/01 18:42:25 Image size of job updated: 231228
	226  -  MemoryUsage of job (MB)
	231228  -  ResidentSetSize of job (KB)
...
005 (066.594.000) 08/01 18:51:43 Job terminated.
	(1) Normal termination (return value 0)
		Usr 0 00:59:25, Sys 0 00:00:00  -  Run Remote Usage
		Usr 0 00:00:00, Sys 0 00:00:00  -  Run Local Usage
		Usr 0 00:59:25, Sys 0 00:00:00  -  Total Remote Usage
		Usr 0 00:00:00, Sys 0 00:00:00  -  Total Local Usage
	29125  -  Run Bytes Sent By Job
	2422  -  Run Bytes Received By Job
	29125  -  Total Bytes Sent By Job
	2422  -  Total Bytes Received By Job
	Partitionable Resources :    Usage  Request Allocated 
	   Cpus                 :     1.00        1         1 
	   Disk (KB)            :    46           4    889814 
	   Memory (MB)          :   226           1       128 
...
