[1] "args"
[1] "66"   "1407"
[1] "Now starting analysis"
[1] "Starting with initial values"
       mu  sigma.sq        SE        bt        vh 
1.3286895 0.2626536 0.1313268 1.0000000 0.1313268 
       step   negloglik          mu    sigma.sq          SE          bt 
 1.00000000 64.33471889  1.43274537  0.01261598  0.10278465  1.28724025 
         vh 
 0.09667635 
[1] "New improvement found, resetting step counter"
       step   negloglik          mu    sigma.sq          SE          bt 
 2.00000000 63.64938594  1.16010966  0.01250364  0.10177689  1.18548409 
         vh 
 0.01207427 
       step   negloglik          mu    sigma.sq          SE          bt 
 3.00000000 63.64938594  1.16010966  0.01250364  0.10177689  1.18548409 
         vh 
 0.01207427 
       step   negloglik          mu    sigma.sq          SE          bt 
 4.00000000 63.64938594  1.16010966  0.01250364  0.10177689  1.18548409 
         vh 
 0.01207427 
[1] "Now starting analysis"
[1] "Starting with initial values"
       mu  sigma.sq        bt        vh 
1.3286895 0.2626536 1.0000000 0.1313268 
       step   negloglik          mu    sigma.sq          bt          vh 
  1.0000000 125.2468069   1.3286895   0.2626536   1.1328689   0.1313268 
       step   negloglik          mu    sigma.sq          bt          vh 
  2.0000000 125.2468069   1.3286895   0.2626536   1.1328689   0.1313268 
       step   negloglik          mu    sigma.sq          bt          vh 
  3.0000000 125.2468069   1.3286895   0.2626536   1.1328689   0.1313268 
[1] "Now starting analysis"
[1] "Starting with initial values"
       mu  sigma.sq        SE        vh 
1.3286895 0.2626536 0.1313268 0.1313268 
       step   negloglik          mu    sigma.sq          SE          vh 
 1.00000000 64.29007584  1.36284565  0.01383876  0.10355950  0.19739597 
[1] "New improvement found, resetting step counter"
        step    negloglik           mu     sigma.sq           SE           vh 
 2.000000000 63.784177181  1.296001657  0.013090591  0.104523062  0.006087958 
        step    negloglik           mu     sigma.sq           SE           vh 
 3.000000000 63.784177181  1.296001657  0.013090591  0.104523062  0.006087958 
        step    negloglik           mu     sigma.sq           SE           vh 
 4.000000000 63.784177181  1.296001657  0.013090591  0.104523062  0.006087958 
[1] "Now starting analysis"
[1] "Starting with initial values"
       mu  sigma.sq        vh 
1.3286895 0.2626536 0.1313268 
       step   negloglik          mu    sigma.sq          vh 
  1.0000000 125.2510323   1.3286895   0.2626536   0.1313268 
       step   negloglik          mu    sigma.sq          vh 
  2.0000000 125.2510323   1.3286895   0.2626536   0.1313268 
[1] "New improvement found, resetting step counter"
        step    negloglik           mu     sigma.sq           vh 
  3.00000000 125.21811939   1.31400617   0.26479921   0.03817017 
        step    negloglik           mu     sigma.sq           vh 
  4.00000000 125.21811939   1.31400617   0.26479921   0.03817017 
        step    negloglik           mu     sigma.sq           vh 
  5.00000000 125.21811939   1.31400617   0.26479921   0.03817017 
[1] "Now starting analysis"
[1] "Starting with initial values"
       mu  sigma.sq        SE        bt 
1.3286895 0.2626536 0.1313268 1.0000000 
       step   negloglik          mu    sigma.sq          SE          bt 
 1.00000000 64.12921670  1.40749440  0.01394022  0.10576954  1.30525293 
[1] "New improvement found, resetting step counter"
       step   negloglik          mu    sigma.sq          SE          bt 
 2.00000000 63.60396962  1.12025470  0.01234148  0.10555664  1.16141223 
       step   negloglik          mu    sigma.sq          SE          bt 
 3.00000000 63.60396962  1.12025470  0.01234148  0.10555664  1.16141223 
       step   negloglik          mu    sigma.sq          SE          bt 
 4.00000000 63.60396962  1.12025470  0.01234148  0.10555664  1.16141223 
[1] "Now starting analysis"
[1] "Starting with initial values"
       mu  sigma.sq        bt 
1.3286895 0.2626536 1.0000000 
       step   negloglik          mu    sigma.sq          bt 
  1.0000000 125.1985175   1.3286895   0.2626536   1.1328689 
       step   negloglik          mu    sigma.sq          bt 
  2.0000000 125.1985175   1.3286895   0.2626536   1.1328689 
[1] "New improvement found, but slight; taking the best value, but not resetting the step counter"
       step   negloglik          mu    sigma.sq          bt 
  3.0000000 125.1945501   1.1120547   0.2610027   1.1731374 
[1] "Now starting analysis"
[1] "Starting with initial values"
       mu  sigma.sq        SE 
1.3286895 0.2626536 0.1313268 
       step   negloglik          mu    sigma.sq          SE 
 1.00000000 63.77780182  1.32275744  0.01322532  0.10472511 
       step   negloglik          mu    sigma.sq          SE 
 2.00000000 63.77780182  1.32275744  0.01322532  0.10472511 
       step   negloglik          mu    sigma.sq          SE 
 3.00000000 63.77780182  1.32275744  0.01322532  0.10472511 
[1] "Now starting analysis"
[1] "Starting with initial values"
       mu  sigma.sq 
1.3286895 0.2626536 
       step   negloglik          mu    sigma.sq 
  1.0000000 125.2030264   1.3286895   0.2626536 
       step   negloglik          mu    sigma.sq 
  2.0000000 125.2030264   1.3286895   0.2626536 
       step   negloglik          mu    sigma.sq 
  3.0000000 125.2030264   1.3286895   0.2626536 
