000 (066.989.000) 07/26 17:14:46 Job submitted from host: <160.36.155.106:9618?addrs=160.36.155.106-9618&noUDP&sock=27742_4872_4>
...
012 (066.989.000) 08/03 14:16:50 Job was held.
	via condor_hold (by user bomeara)
	Code 1 Subcode 0
...
013 (066.989.000) 08/05 22:27:36 Job was released.
	via condor_release (by user bomeara)
...
012 (066.989.000) 08/09 10:35:36 Job was held.
	via condor_hold (by user bomeara)
	Code 1 Subcode 0
...
013 (066.989.000) 08/09 13:04:56 Job was released.
	via condor_release (by user bomeara)
...
001 (066.989.000) 08/19 10:00:02 Job executing on host: <160.36.154.249:9618?addrs=160.36.154.249-9618&noUDP&sock=66431_b80f_4>
...
006 (066.989.000) 08/19 10:00:11 Image size of job updated: 243360
	238  -  MemoryUsage of job (MB)
	243360  -  ResidentSetSize of job (KB)
...
006 (066.989.000) 08/19 10:15:13 Image size of job updated: 249004
	244  -  MemoryUsage of job (MB)
	249004  -  ResidentSetSize of job (KB)
...
006 (066.989.000) 08/19 10:40:15 Image size of job updated: 249020
	244  -  MemoryUsage of job (MB)
	249020  -  ResidentSetSize of job (KB)
...
006 (066.989.000) 08/23 05:04:21 Image size of job updated: 249152
	244  -  MemoryUsage of job (MB)
	249152  -  ResidentSetSize of job (KB)
...
005 (066.989.000) 08/30 17:08:01 Job terminated.
	(1) Normal termination (return value 0)
		Usr 11 06:30:21, Sys 0 00:03:13  -  Run Remote Usage
		Usr 0 00:00:00, Sys 0 00:00:00  -  Run Local Usage
		Usr 11 06:30:21, Sys 0 00:03:13  -  Total Remote Usage
		Usr 0 00:00:00, Sys 0 00:00:00  -  Total Local Usage
	32585  -  Run Bytes Sent By Job
	2422  -  Run Bytes Received By Job
	32585  -  Total Bytes Sent By Job
	2422  -  Total Bytes Received By Job
	Partitionable Resources :    Usage  Request Allocated 
	   Cpus                 :     1.00        1         1 
	   Disk (KB)            :    50           4    202517 
	   Memory (MB)          :   244           1       128 
...
