[1] "args"
[1] "66"  "472"
[1] "Now starting analysis"
[1] "Starting with initial values"
        mu   sigma.sq         SE         bt         vh 
0.43700722 0.14324043 0.07162022 1.00000000 0.07162022 
        step    negloglik           mu     sigma.sq           SE           bt 
1.000000e+00 2.044029e+01 1.291530e-01 1.246190e-02 1.070246e-01 1.285143e+00 
          vh 
3.837521e-04 
[1] "New improvement found, resetting step counter"
         step     negloglik            mu      sigma.sq            SE 
 2.0000000000 20.0565727997 -0.7070403633  0.0114187112  0.1061306814 
           bt            vh 
 1.6059360937  0.0007098418 
         step     negloglik            mu      sigma.sq            SE 
 3.0000000000 20.0565727997 -0.7070403633  0.0114187112  0.1061306814 
           bt            vh 
 1.6059360937  0.0007098418 
         step     negloglik            mu      sigma.sq            SE 
 4.0000000000 20.0565727997 -0.7070403633  0.0114187112  0.1061306814 
           bt            vh 
 1.6059360937  0.0007098418 
[1] "Now starting analysis"
[1] "Starting with initial values"
        mu   sigma.sq         bt         vh 
0.43700722 0.14324043 1.00000000 0.07162022 
        step    negloglik           mu     sigma.sq           bt           vh 
1.000000e+00 3.072664e+01 4.568269e-01 1.424287e-01 1.169820e+00 4.730593e-04 
        step    negloglik           mu     sigma.sq           bt           vh 
2.000000e+00 3.072664e+01 4.568269e-01 1.424287e-01 1.169820e+00 4.730593e-04 
        step    negloglik           mu     sigma.sq           bt           vh 
3.000000e+00 3.072664e+01 4.568269e-01 1.424287e-01 1.169820e+00 4.730593e-04 
[1] "Now starting analysis"
[1] "Starting with initial values"
        mu   sigma.sq         SE         vh 
0.43700722 0.14324043 0.07162022 0.07162022 
       step   negloglik          mu    sigma.sq          SE          vh 
 1.00000000 21.37106916  0.51321985  0.01292033  0.10710994  0.08252345 
[1] "New improvement found, resetting step counter"
        step    negloglik           mu     sigma.sq           SE           vh 
2.000000e+00 2.092691e+01 4.840089e-01 1.329229e-02 1.170639e-01 5.806601e-05 
        step    negloglik           mu     sigma.sq           SE           vh 
3.000000e+00 2.092691e+01 4.840089e-01 1.329229e-02 1.170639e-01 5.806601e-05 
        step    negloglik           mu     sigma.sq           SE           vh 
4.000000e+00 2.092691e+01 4.840089e-01 1.329229e-02 1.170639e-01 5.806601e-05 
[1] "Now starting analysis"
[1] "Starting with initial values"
        mu   sigma.sq         vh 
0.43700722 0.14324043 0.07162022 
       step   negloglik          mu    sigma.sq          vh 
 1.00000000 30.78704501  0.49547717  0.14425202  0.01193636 
[1] "New improvement found, but slight; taking the best value, but not resetting the step counter"
       step   negloglik          mu    sigma.sq          vh 
 2.00000000 30.78562642  0.54502489  0.14425202  0.01193636 
       step   negloglik          mu    sigma.sq          vh 
 3.00000000 30.78562642  0.54502489  0.14425202  0.01193636 
[1] "Now starting analysis"
[1] "Starting with initial values"
        mu   sigma.sq         SE         bt 
0.43700722 0.14324043 0.07162022 1.00000000 
       step   negloglik          mu    sigma.sq          SE          bt 
 1.00000000 20.00347352 -0.87830606  0.01011466  0.11843618  1.83864021 
[1] "New improvement found, resetting step counter"
       step   negloglik          mu    sigma.sq          SE          bt 
 2.00000000 19.97256811 -0.92986909  0.01014661  0.11480463  1.80333810 
