000 (066.1467.000) 07/26 17:14:46 Job submitted from host: <160.36.155.106:9618?addrs=160.36.155.106-9618&noUDP&sock=27742_4872_4>
...
012 (066.1467.000) 08/03 14:17:14 Job was held.
	via condor_hold (by user bomeara)
	Code 1 Subcode 0
...
013 (066.1467.000) 08/05 22:28:01 Job was released.
	via condor_release (by user bomeara)
...
012 (066.1467.000) 08/09 10:36:08 Job was held.
	via condor_hold (by user bomeara)
	Code 1 Subcode 0
...
013 (066.1467.000) 08/09 13:05:19 Job was released.
	via condor_release (by user bomeara)
...
001 (066.1467.000) 09/14 03:42:42 Job executing on host: <10.129.167.211:9618?addrs=10.129.167.211-9618&noUDP&sock=2505_ccd4_4>
...
006 (066.1467.000) 09/14 03:42:51 Image size of job updated: 243204
	238  -  MemoryUsage of job (MB)
	243204  -  ResidentSetSize of job (KB)
...
006 (066.1467.000) 09/14 03:52:51 Image size of job updated: 243292
	238  -  MemoryUsage of job (MB)
	243292  -  ResidentSetSize of job (KB)
...
006 (066.1467.000) 09/14 04:12:54 Image size of job updated: 243304
	238  -  MemoryUsage of job (MB)
	243304  -  ResidentSetSize of job (KB)
...
006 (066.1467.000) 09/20 07:38:05 Image size of job updated: 249348
	244  -  MemoryUsage of job (MB)
	249348  -  ResidentSetSize of job (KB)
...
022 (066.1467.000) 09/20 13:15:05 Job disconnected, attempting to reconnect
    Socket between submit and execute hosts closed unexpectedly
    Trying to reconnect to slot1_3@omearaclusterc <10.129.167.211:9618?addrs=10.129.167.211-9618&noUDP&sock=2505_ccd4_4>
...
024 (066.1467.000) 09/20 13:55:06 Job reconnection failed
    Job disconnected too long: JobLeaseDuration (2400 seconds) expired
    Can not reconnect to slot1_3@omearaclusterc, rescheduling job
...
012 (066.1467.000) 09/23 13:38:08 Job was held.
	via condor_hold (by user bomeara)
	Code 1 Subcode 0
...
001 (066.1467.000) 09/24 14:49:54 Job executing on host: <10.129.199.164:9618?addrs=10.129.199.164-9618&noUDP&sock=2250_e42e_4>
...
013 (066.1467.000) 09/24 14:49:59 Job was released.
	via condor_release (by user bomeara)
...
006 (066.1467.000) 09/27 11:28:44 Image size of job updated: 449876
	245  -  MemoryUsage of job (MB)
	250000  -  ResidentSetSize of job (KB)
...
005 (066.1467.000) 09/27 11:28:45 Job terminated.
	(1) Normal termination (return value 0)
		Usr 2 20:33:14, Sys 0 00:00:27  -  Run Remote Usage
		Usr 0 00:00:00, Sys 0 00:00:00  -  Run Local Usage
		Usr 2 20:33:14, Sys 0 00:00:27  -  Total Remote Usage
		Usr 0 00:00:00, Sys 0 00:00:00  -  Total Local Usage
	32282  -  Run Bytes Sent By Job
	2422  -  Run Bytes Received By Job
	32282  -  Total Bytes Sent By Job
	4844  -  Total Bytes Received By Job
	Partitionable Resources :    Usage  Request Allocated 
	   Cpus                 :     1.00        1         1 
	   Disk (KB)            :    50          75    889393 
	   Memory (MB)          :   245         245       256 
...
