[1] "args"
[1] "66"   "1404"
[1] "Now starting analysis"
[1] "Starting with initial values"
        mu   sigma.sq         SE         bt         vh 
0.83033955 0.12917467 0.06458734 1.00000000 0.06458734 
       step   negloglik          mu    sigma.sq          SE          bt 
 1.00000000 15.71889744  0.89994134  0.01316374  0.05302865  1.03842116 
         vh 
 0.18582082 
[1] "New improvement found, resetting step counter"
        step    negloglik           mu     sigma.sq           SE           bt 
 2.000000000 15.234739522  0.932317334  0.011146506  0.058105111  0.739542105 
          vh 
 0.002873916 
[1] "New improvement found, resetting step counter"
        step    negloglik           mu     sigma.sq           SE           bt 
 3.000000000 15.199120989  0.887770903  0.013617056  0.052534794  0.726644309 
          vh 
 0.001780392 
        step    negloglik           mu     sigma.sq           SE           bt 
 4.000000000 15.199120989  0.887770903  0.013617056  0.052534794  0.726644309 
          vh 
 0.001780392 
        step    negloglik           mu     sigma.sq           SE           bt 
 5.000000000 15.199120989  0.887770903  0.013617056  0.052534794  0.726644309 
          vh 
 0.001780392 
[1] "Now starting analysis"
[1] "Starting with initial values"
        mu   sigma.sq         bt         vh 
0.83033955 0.12917467 1.00000000 0.06458734 
       step   negloglik          mu    sigma.sq          bt          vh 
 1.00000000 32.46836847  0.83033955  0.12917467  1.00000000  0.06458734 
       step   negloglik          mu    sigma.sq          bt          vh 
 2.00000000 32.46836847  0.83033955  0.12917467  1.00000000  0.06458734 
[1] "New improvement found, resetting step counter"
       step   negloglik          mu    sigma.sq          bt          vh 
 3.00000000 32.42057585  0.92692432  0.12749783  0.75066820  0.05445208 
[1] "New improvement found, resetting step counter"
       step   negloglik          mu    sigma.sq          bt          vh 
 4.00000000 32.39880516  0.98420699  0.12731461  0.74857827  0.01128354 
       step   negloglik          mu    sigma.sq          bt          vh 
 5.00000000 32.39880516  0.98420699  0.12731461  0.74857827  0.01128354 
       step   negloglik          mu    sigma.sq          bt          vh 
 6.00000000 32.39880516  0.98420699  0.12731461  0.74857827  0.01128354 
[1] "Now starting analysis"
[1] "Starting with initial values"
        mu   sigma.sq         SE         vh 
0.83033955 0.12917467 0.06458734 0.06458734 
      step  negloglik         mu   sigma.sq         SE         vh 
 1.0000000 15.6610276  0.8206877  0.0144067  0.0483029  0.1736564 
[1] "New improvement found, resetting step counter"
        step    negloglik           mu     sigma.sq           SE           vh 
 2.000000000 15.415221831  0.844411388  0.012562678  0.054790814  0.002279278 
[1] "New improvement found, but slight; taking the best value, but not resetting the step counter"
        step    negloglik           mu     sigma.sq           SE           vh 
 3.000000000 15.414885359  0.853486889  0.013620171  0.049933424  0.003895541 
        step    negloglik           mu     sigma.sq           SE           vh 
 4.000000000 15.414885359  0.853486889  0.013620171  0.049933424  0.003895541 
[1] "Now starting analysis"
[1] "Starting with initial values"
        mu   sigma.sq         vh 
0.83033955 0.12917467 0.06458734 
       step   negloglik          mu    sigma.sq          vh 
 1.00000000 32.46836847  0.83033955  0.12917467  0.06458734 
       step   negloglik          mu    sigma.sq          vh 
 2.00000000 32.46836847  0.83033955  0.12917467  0.06458734 
[1] "New improvement found, resetting step counter"
        step    negloglik           mu     sigma.sq           vh 
 3.000000000 32.444262195  0.981063791  0.131774681  0.003001875 
        step    negloglik           mu     sigma.sq           vh 
 4.000000000 32.444262195  0.981063791  0.131774681  0.003001875 
        step    negloglik           mu     sigma.sq           vh 
 5.000000000 32.444262195  0.981063791  0.131774681  0.003001875 
[1] "Now starting analysis"
[1] "Starting with initial values"
        mu   sigma.sq         SE         bt 
0.83033955 0.12917467 0.06458734 1.00000000 
       step   negloglik          mu    sigma.sq          SE          bt 
 1.00000000 15.53200764  0.90111074  0.01758228  0.04232117  1.01403321 
[1] "New improvement found, resetting step counter"
       step   negloglik          mu    sigma.sq          SE          bt 
 2.00000000 15.16742073  0.85356443  0.01294632  0.05083795  0.75909630 
       step   negloglik          mu    sigma.sq          SE          bt 
 3.00000000 15.16742073  0.85356443  0.01294632  0.05083795  0.75909630 
       step   negloglik          mu    sigma.sq          SE          bt 
 4.00000000 15.16742073  0.85356443  0.01294632  0.05083795  0.75909630 
[1] "Now starting analysis"
[1] "Starting with initial values"
       mu  sigma.sq        bt 
0.8303396 0.1291747 1.0000000 
      step  negloglik         mu   sigma.sq         bt 
 1.0000000 32.3907828  0.8997840  0.1319525  0.7916667 
      step  negloglik         mu   sigma.sq         bt 
 2.0000000 32.3907828  0.8997840  0.1319525  0.7916667 
[1] "New improvement found, but slight; taking the best value, but not resetting the step counter"
      step  negloglik         mu   sigma.sq         bt 
 3.0000000 32.3893203  0.8685064  0.1323454  0.7478570 
[1] "Now starting analysis"
[1] "Starting with initial values"
        mu   sigma.sq         SE 
0.83033955 0.12917467 0.06458734 
       step   negloglik          mu    sigma.sq          SE 
 1.00000000 15.42649648  0.91188459  0.01338943  0.04963582 
[1] "New improvement found, resetting step counter"
       step   negloglik          mu    sigma.sq          SE 
 2.00000000 15.40715147  0.83455953  0.01338283  0.05231176 
[1] "New improvement found, but slight; taking the best value, but not resetting the step counter"
       step   negloglik          mu    sigma.sq          SE 
 3.00000000 15.40615436  0.81290835  0.01280073  0.05205992 
[1] "New improvement found, but slight; taking the best value, but not resetting the step counter"
       step   negloglik          mu    sigma.sq          SE 
 4.00000000 15.40592727  0.79905068  0.01318262  0.05088144 
[1] "Now starting analysis"
[1] "Starting with initial values"
       mu  sigma.sq 
0.8303396 0.1291747 
      step  negloglik         mu   sigma.sq 
 1.0000000 32.4341659  0.8303396  0.1291747 
      step  negloglik         mu   sigma.sq 
 2.0000000 32.4341659  0.8303396  0.1291747 
      step  negloglik         mu   sigma.sq 
 3.0000000 32.4341659  0.8303396  0.1291747 
