[1] "args"
[1] "66"   "1379"
[1] "Now starting analysis"
[1] "Starting with initial values"
        mu   sigma.sq         SE         bt         vh 
2.08193270 0.01270450 0.00635225 1.00000000 0.00635225 
         step     negloglik            mu      sigma.sq            SE 
 1.000000e+00 -3.775872e+01  8.780250e-01  8.448542e-03  2.868404e-05 
           bt            vh 
 2.200831e+00  1.911648e-02 
         step     negloglik            mu      sigma.sq            SE 
 2.000000e+00 -3.775872e+01  8.780250e-01  8.448542e-03  2.868404e-05 
           bt            vh 
 2.200831e+00  1.911648e-02 
         step     negloglik            mu      sigma.sq            SE 
 3.000000e+00 -3.775872e+01  8.780250e-01  8.448542e-03  2.868404e-05 
           bt            vh 
 2.200831e+00  1.911648e-02 
[1] "Now starting analysis"
[1] "Starting with initial values"
        mu   sigma.sq         bt         vh 
2.08193270 0.01270450 1.00000000 0.00635225 
         step     negloglik            mu      sigma.sq            bt 
  1.000000000 -37.741468407   0.910889296   0.008447935   2.202321987 
           vh 
  0.018394433 
         step     negloglik            mu      sigma.sq            bt 
  2.000000000 -37.741468407   0.910889296   0.008447935   2.202321987 
           vh 
  0.018394433 
[1] "New improvement found, but slight; taking the best value, but not resetting the step counter"
         step     negloglik            mu      sigma.sq            bt 
  3.000000000 -37.746634975   0.855876937   0.008437163   2.220196154 
           vh 
  0.020039707 
[1] "Now starting analysis"
[1] "Starting with initial values"
        mu   sigma.sq         SE         vh 
2.08193270 0.01270450 0.00635225 0.00635225 
         step     negloglik            mu      sigma.sq            SE 
 1.000000e+00 -2.925642e+01  1.730827e+00  8.593394e-03  2.739908e-05 
           vh 
 5.528823e-01 
[1] "New improvement found, but slight; taking the best value, but not resetting the step counter"
         step     negloglik            mu      sigma.sq            SE 
 2.000000e+00 -2.925969e+01  1.808815e+00  8.585557e-03  2.014083e-06 
           vh 
 5.700214e-01 
         step     negloglik            mu      sigma.sq            SE 
 3.000000e+00 -2.925969e+01  1.808815e+00  8.585557e-03  2.014083e-06 
           vh 
 5.700214e-01 
[1] "Now starting analysis"
[1] "Starting with initial values"
        mu   sigma.sq         vh 
2.08193270 0.01270450 0.00635225 
         step     negloglik            mu      sigma.sq            vh 
  1.000000000 -29.252188019   1.860962333   0.008559005   0.539539821 
[1] "New improvement found, but slight; taking the best value, but not resetting the step counter"
         step     negloglik            mu      sigma.sq            vh 
  2.000000000 -29.253398314   1.771343616   0.008609487   0.532630541 
         step     negloglik            mu      sigma.sq            vh 
  3.000000000 -29.253398314   1.771343616   0.008609487   0.532630541 
[1] "Now starting analysis"
[1] "Starting with initial values"
        mu   sigma.sq         SE         bt 
2.08193270 0.01270450 0.00635225 1.00000000 
         step     negloglik            mu      sigma.sq            SE 
 1.000000e+00 -3.669962e+01  1.066033e+00  8.113359e-03  4.028386e-04 
           bt 
 2.120432e+00 
[1] "New improvement found, resetting step counter"
         step     negloglik            mu      sigma.sq            SE 
 2.000000e+00 -3.738984e+01  8.844814e-01  8.006838e-03  8.103148e-05 
           bt 
 2.148571e+00 
[1] "New improvement found, resetting step counter"
         step     negloglik            mu      sigma.sq            SE 
 3.000000e+00 -3.750250e+01  9.302796e-01  8.409051e-03  4.874131e-05 
           bt 
 2.147517e+00 
         step     negloglik            mu      sigma.sq            SE 
 4.000000e+00 -3.750250e+01  9.302796e-01  8.409051e-03  4.874131e-05 
           bt 
 2.147517e+00 
         step     negloglik            mu      sigma.sq            SE 
 5.000000e+00 -3.750250e+01  9.302796e-01  8.409051e-03  4.874131e-05 
           bt 
 2.147517e+00 
[1] "Now starting analysis"
[1] "Starting with initial values"
       mu  sigma.sq        bt 
2.0819327 0.0127045 1.0000000 
         step     negloglik            mu      sigma.sq            bt 
  1.000000000 -37.507603298   0.909951153   0.008494351   2.149116056 
         step     negloglik            mu      sigma.sq            bt 
  2.000000000 -37.507603298   0.909951153   0.008494351   2.149116056 
         step     negloglik            mu      sigma.sq            bt 
  3.000000000 -37.507603298   0.909951153   0.008494351   2.149116056 
[1] "Now starting analysis"
[1] "Starting with initial values"
        mu   sigma.sq         SE 
2.08193270 0.01270450 0.00635225 
         step     negloglik            mu      sigma.sq            SE 
 1.000000e+00 -7.885679e+00  2.183774e+00  1.539552e-02  8.691351e-08 
[1] "New improvement found, resetting step counter"
         step     negloglik            mu      sigma.sq            SE 
 2.000000e+00 -7.902522e+00  2.124042e+00  1.539562e-02  4.617915e-07 
         step     negloglik            mu      sigma.sq            SE 
 3.000000e+00 -7.902522e+00  2.124042e+00  1.539562e-02  4.617915e-07 
         step     negloglik            mu      sigma.sq            SE 
 4.000000e+00 -7.902522e+00  2.124042e+00  1.539562e-02  4.617915e-07 
[1] "Now starting analysis"
[1] "Starting with initial values"
       mu  sigma.sq 
2.0819327 0.0127045 
       step   negloglik          mu    sigma.sq 
 1.00000000 -7.91119587  2.09999933  0.01571549 
       step   negloglik          mu    sigma.sq 
 2.00000000 -7.91119587  2.09999933  0.01571549 
       step   negloglik          mu    sigma.sq 
 3.00000000 -7.91119587  2.09999933  0.01571549 
