[1] "args"
[1] "66" "3" 
[1] "Now starting analysis"
[1] "Starting with initial values"
         mu    sigma.sq          SE          bt          vh 
0.922159554 0.010213676 0.005106838 1.000000000 0.005106838 
         step     negloglik            mu      sigma.sq            SE 
 1.000000e+00 -2.898372e+01  7.157560e-01  9.229568e-03  5.059306e-04 
           bt            vh 
 1.306137e+00  8.550593e-03 
[1] "New improvement found, resetting step counter"
         step     negloglik            mu      sigma.sq            SE 
 2.000000e+00 -2.906598e+01  6.463319e-01  9.224779e-03  5.013973e-04 
           bt            vh 
 1.406335e+00  6.782418e-04 
         step     negloglik            mu      sigma.sq            SE 
 3.000000e+00 -2.906598e+01  6.463319e-01  9.224779e-03  5.013973e-04 
           bt            vh 
 1.406335e+00  6.782418e-04 
         step     negloglik            mu      sigma.sq            SE 
 4.000000e+00 -2.906598e+01  6.463319e-01  9.224779e-03  5.013973e-04 
           bt            vh 
 1.406335e+00  6.782418e-04 
[1] "Now starting analysis"
[1] "Starting with initial values"
         mu    sigma.sq          bt          vh 
0.922159554 0.010213676 1.000000000 0.005106838 
         step     negloglik            mu      sigma.sq            bt 
  1.000000000 -27.224981825   0.585910521   0.010222917   1.391104879 
           vh 
  0.003369261 
[1] "New improvement found, resetting step counter"
         step     negloglik            mu      sigma.sq            bt 
  2.000000000 -27.248795105   0.635146425   0.010207479   1.385220401 
           vh 
  0.001001827 
         step     negloglik            mu      sigma.sq            bt 
  3.000000000 -27.248795105   0.635146425   0.010207479   1.385220401 
           vh 
  0.001001827 
         step     negloglik            mu      sigma.sq            bt 
  4.000000000 -27.248795105   0.635146425   0.010207479   1.385220401 
           vh 
  0.001001827 
[1] "Now starting analysis"
[1] "Starting with initial values"
         mu    sigma.sq          SE          vh 
0.922159554 0.010213676 0.005106838 0.005106838 
         step     negloglik            mu      sigma.sq            SE 
 1.000000e+00 -2.771531e+01  9.682942e-01  9.326977e-03  5.442286e-04 
           vh 
 3.025966e-04 
         step     negloglik            mu      sigma.sq            SE 
 2.000000e+00 -2.771531e+01  9.682942e-01  9.326977e-03  5.442286e-04 
           vh 
 3.025966e-04 
         step     negloglik            mu      sigma.sq            SE 
 3.000000e+00 -2.771531e+01  9.682942e-01  9.326977e-03  5.442286e-04 
           vh 
 3.025966e-04 
[1] "Now starting analysis"
[1] "Starting with initial values"
         mu    sigma.sq          vh 
0.922159554 0.010213676 0.005106838 
         step     negloglik            mu      sigma.sq            vh 
  1.000000000 -25.993431408   0.922159554   0.010213676   0.005106838 
         step     negloglik            mu      sigma.sq            vh 
  2.000000000 -25.993431408   0.922159554   0.010213676   0.005106838 
         step     negloglik            mu      sigma.sq            vh 
  3.000000000 -25.993431408   0.922159554   0.010213676   0.005106838 
[1] "Now starting analysis"
[1] "Starting with initial values"
         mu    sigma.sq          SE          bt 
0.922159554 0.010213676 0.005106838 1.000000000 
         step     negloglik            mu      sigma.sq            SE 
 1.000000e+00 -2.901964e+01  8.110626e-01  8.719340e-03  6.989473e-04 
           bt 
 1.355052e+00 
[1] "New improvement found, resetting step counter"
         step     negloglik            mu      sigma.sq            SE 
 2.000000e+00 -2.912837e+01  6.386996e-01  8.701764e-03  5.735764e-04 
           bt 
 1.364466e+00 
         step     negloglik            mu      sigma.sq            SE 
 3.000000e+00 -2.912837e+01  6.386996e-01  8.701764e-03  5.735764e-04 
           bt 
 1.364466e+00 
         step     negloglik            mu      sigma.sq            SE 
 4.000000e+00 -2.912837e+01  6.386996e-01  8.701764e-03  5.735764e-04 
           bt 
 1.364466e+00 
[1] "Now starting analysis"
[1] "Starting with initial values"
        mu   sigma.sq         bt 
0.92215955 0.01021368 1.00000000 
        step    negloglik           mu     sigma.sq           bt 
  1.00000000 -27.24889749   0.62215955   0.01021368   1.40000000 
[1] "New improvement found, but slight; taking the best value, but not resetting the step counter"
        step    negloglik           mu     sigma.sq           bt 
  2.00000000 -27.24929037   0.60663438   0.01012253   1.33780816 
[1] "New improvement found, resetting step counter"
         step     negloglik            mu      sigma.sq            bt 
  3.000000000 -27.259396397   0.657538927   0.009890684   1.355454458 
         step     negloglik            mu      sigma.sq            bt 
  4.000000000 -27.259396397   0.657538927   0.009890684   1.355454458 
[1] "New improvement found, but slight; taking the best value, but not resetting the step counter"
        step    negloglik           mu     sigma.sq           bt 
  5.00000000 -27.26388744   0.64293792   0.01011097   1.37295358 
[1] "Now starting analysis"
[1] "Starting with initial values"
         mu    sigma.sq          SE 
0.922159554 0.010213676 0.005106838 
         step     negloglik            mu      sigma.sq            SE 
 1.000000e+00 -2.772438e+01  9.487655e-01  9.008298e-03  5.780306e-04 
         step     negloglik            mu      sigma.sq            SE 
 2.000000e+00 -2.772438e+01  9.487655e-01  9.008298e-03  5.780306e-04 
         step     negloglik            mu      sigma.sq            SE 
 3.000000e+00 -2.772438e+01  9.487655e-01  9.008298e-03  5.780306e-04 
[1] "Now starting analysis"
[1] "Starting with initial values"
        mu   sigma.sq 
0.92215955 0.01021368 
        step    negloglik           mu     sigma.sq 
  1.00000000 -26.02090473   0.92215955   0.01021368 
        step    negloglik           mu     sigma.sq 
  2.00000000 -26.02090473   0.92215955   0.01021368 
[1] "New improvement found, but slight; taking the best value, but not resetting the step counter"
        step    negloglik           mu     sigma.sq 
  3.00000000 -26.02210962   0.94859998   0.01017899 
