000 (066.1169.000) 07/26 17:14:46 Job submitted from host: <160.36.155.106:9618?addrs=160.36.155.106-9618&noUDP&sock=27742_4872_4>
...
012 (066.1169.000) 08/03 14:16:59 Job was held.
	via condor_hold (by user bomeara)
	Code 1 Subcode 0
...
013 (066.1169.000) 08/05 22:27:46 Job was released.
	via condor_release (by user bomeara)
...
012 (066.1169.000) 08/09 10:35:48 Job was held.
	via condor_hold (by user bomeara)
	Code 1 Subcode 0
...
013 (066.1169.000) 08/09 13:05:05 Job was released.
	via condor_release (by user bomeara)
...
001 (066.1169.000) 08/30 14:17:30 Job executing on host: <10.130.122.65:9618?addrs=10.130.122.65-9618&noUDP&sock=2440_372c_4>
...
006 (066.1169.000) 08/30 14:17:39 Image size of job updated: 243552
	238  -  MemoryUsage of job (MB)
	243232  -  ResidentSetSize of job (KB)
...
006 (066.1169.000) 08/30 14:42:41 Image size of job updated: 243576
	238  -  MemoryUsage of job (MB)
	243256  -  ResidentSetSize of job (KB)
...
006 (066.1169.000) 08/30 15:27:47 Image size of job updated: 243588
	238  -  MemoryUsage of job (MB)
	243272  -  ResidentSetSize of job (KB)
...
006 (066.1169.000) 09/01 06:41:50 Image size of job updated: 243592
	238  -  MemoryUsage of job (MB)
	243272  -  ResidentSetSize of job (KB)
...
001 (066.1169.000) 09/06 16:47:30 Job executing on host: <10.130.107.8:9618?addrs=10.130.107.8-9618&noUDP&sock=2504_1d3c_4>
...
006 (066.1169.000) 09/06 17:07:40 Image size of job updated: 250868
	245  -  MemoryUsage of job (MB)
	250052  -  ResidentSetSize of job (KB)
...
006 (066.1169.000) 09/06 17:47:44 Image size of job updated: 250880
	245  -  MemoryUsage of job (MB)
	250064  -  ResidentSetSize of job (KB)
...
022 (066.1169.000) 09/08 08:38:16 Job disconnected, attempting to reconnect
    Socket between submit and execute hosts closed unexpectedly
    Trying to reconnect to slot1_3@omearaclusterj <10.130.107.8:9618?addrs=10.130.107.8-9618&noUDP&sock=2504_1d3c_4>
...
023 (066.1169.000) 09/08 08:41:36 Job reconnected to slot1_3@omearaclusterj
    startd address: <10.130.107.8:9618?addrs=10.130.107.8-9618&noUDP&sock=2504_1d3c_4>
    starter address: <10.130.107.8:9618?addrs=10.130.107.8-9618&noUDP&sock=3105_80d7_5>
...
006 (066.1169.000) 09/13 05:48:44 Image size of job updated: 250884
	245  -  MemoryUsage of job (MB)
	250064  -  ResidentSetSize of job (KB)
...
006 (066.1169.000) 10/13 22:40:10 Image size of job updated: 251480
	245  -  MemoryUsage of job (MB)
	250664  -  ResidentSetSize of job (KB)
...
005 (066.1169.000) 10/14 14:28:15 Job terminated.
	(1) Normal termination (return value 0)
		Usr 37 20:26:08, Sys 0 00:08:26  -  Run Remote Usage
		Usr 0 00:00:00, Sys 0 00:00:00  -  Run Local Usage
		Usr 37 20:26:08, Sys 0 00:08:26  -  Total Remote Usage
		Usr 0 00:00:00, Sys 0 00:00:00  -  Total Local Usage
	34337  -  Run Bytes Sent By Job
	2422  -  Run Bytes Received By Job
	34337  -  Total Bytes Sent By Job
	4844  -  Total Bytes Received By Job
	Partitionable Resources :    Usage  Request Allocated 
	   Cpus                 :     1.00        1         1 
	   Disk (KB)            :    52          75    888417 
	   Memory (MB)          :   245         245       256 
...
