[1] "args"
[1] "66"   "1562"
[1] "Now starting analysis"
[1] "Starting with initial values"
        mu   sigma.sq         SE         bt         vh 
1.53721847 0.08112450 0.04056225 1.00000000 0.04056225 
        step    negloglik           mu     sigma.sq           SE           bt 
1.000000e+00 1.663388e+01 1.398426e+00 2.687884e-02 5.813244e-02 1.278855e+00 
          vh 
5.682006e-04 
[1] "New improvement found, resetting step counter"
        step    negloglik           mu     sigma.sq           SE           bt 
 2.000000000 16.620159559  1.337914770  0.026222294  0.055367219  1.331002144 
          vh 
 0.001267234 
[1] "New improvement found, resetting step counter"
        step    negloglik           mu     sigma.sq           SE           bt 
3.000000e+00 1.659999e+01 1.256903e+00 2.523998e-02 5.905970e-02 1.342965e+00 
          vh 
3.776194e-04 
        step    negloglik           mu     sigma.sq           SE           bt 
4.000000e+00 1.659999e+01 1.256903e+00 2.523998e-02 5.905970e-02 1.342965e+00 
          vh 
3.776194e-04 
        step    negloglik           mu     sigma.sq           SE           bt 
5.000000e+00 1.659999e+01 1.256903e+00 2.523998e-02 5.905970e-02 1.342965e+00 
          vh 
3.776194e-04 
[1] "Now starting analysis"
[1] "Starting with initial values"
        mu   sigma.sq         bt         vh 
1.53721847 0.08112450 1.00000000 0.04056225 
        step    negloglik           mu     sigma.sq           bt           vh 
1.000000e+00 1.892933e+01 1.205524e+00 8.226638e-02 1.454054e+00 6.252563e-04 
        step    negloglik           mu     sigma.sq           bt           vh 
2.000000e+00 1.892933e+01 1.205524e+00 8.226638e-02 1.454054e+00 6.252563e-04 
        step    negloglik           mu     sigma.sq           bt           vh 
3.000000e+00 1.892933e+01 1.205524e+00 8.226638e-02 1.454054e+00 6.252563e-04 
[1] "Now starting analysis"
[1] "Starting with initial values"
        mu   sigma.sq         SE         vh 
1.53721847 0.08112450 0.04056225 0.04056225 
       step   negloglik          mu    sigma.sq          SE          vh 
 1.00000000 17.06826766  1.58452754  0.01916323  0.06784605  0.17166632 
[1] "New improvement found, resetting step counter"
       step   negloglik          mu    sigma.sq          SE          vh 
 2.00000000 17.05413533  1.60758456  0.01954116  0.06626376  0.13665994 
[1] "New improvement found, but slight; taking the best value, but not resetting the step counter"
       step   negloglik          mu    sigma.sq          SE          vh 
 3.00000000 17.05388149  1.62911091  0.01992731  0.06481165  0.12278741 
[1] "New improvement found, but slight; taking the best value, but not resetting the step counter"
       step   negloglik          mu    sigma.sq          SE          vh 
 4.00000000 17.04734790  1.55676484  0.02128287  0.06441694  0.10225442 
[1] "Now starting analysis"
[1] "Starting with initial values"
        mu   sigma.sq         vh 
1.53721847 0.08112450 0.04056225 
       step   negloglik          mu    sigma.sq          vh 
 1.00000000 19.37996223  1.62795706  0.08219202  0.01173941 
       step   negloglik          mu    sigma.sq          vh 
 2.00000000 19.37996223  1.62795706  0.08219202  0.01173941 
       step   negloglik          mu    sigma.sq          vh 
 3.00000000 19.37996223  1.62795706  0.08219202  0.01173941 
[1] "Now starting analysis"
[1] "Starting with initial values"
        mu   sigma.sq         SE         bt 
1.53721847 0.08112450 0.04056225 1.00000000 
       step   negloglik          mu    sigma.sq          SE          bt 
 1.00000000 16.59640480  1.21822669  0.02567865  0.05644179  1.34266459 
       step   negloglik          mu    sigma.sq          SE          bt 
 2.00000000 16.59640480  1.21822669  0.02567865  0.05644179  1.34266459 
       step   negloglik          mu    sigma.sq          SE          bt 
 3.00000000 16.59640480  1.21822669  0.02567865  0.05644179  1.34266459 
[1] "Now starting analysis"
[1] "Starting with initial values"
       mu  sigma.sq        bt 
1.5372185 0.0811245 1.0000000 
       step   negloglik          mu    sigma.sq          bt 
 1.00000000 18.92316798  1.25646260  0.08076867  1.40245234 
       step   negloglik          mu    sigma.sq          bt 
 2.00000000 18.92316798  1.25646260  0.08076867  1.40245234 
       step   negloglik          mu    sigma.sq          bt 
 3.00000000 18.92316798  1.25646260  0.08076867  1.40245234 
[1] "Now starting analysis"
[1] "Starting with initial values"
        mu   sigma.sq         SE 
1.53721847 0.08112450 0.04056225 
       step   negloglik          mu    sigma.sq          SE 
 1.00000000 17.29468737  1.74793944  0.02562982  0.06145497 
[1] "New improvement found, but slight; taking the best value, but not resetting the step counter"
       step   negloglik          mu    sigma.sq          SE 
 2.00000000 17.28524898  1.64161662  0.02556262  0.06053077 
[1] "New improvement found, but slight; taking the best value, but not resetting the step counter"
       step   negloglik          mu    sigma.sq          SE 
 3.00000000 17.28322999  1.57085783  0.02666617  0.06104145 
[1] "Now starting analysis"
[1] "Starting with initial values"
       mu  sigma.sq 
1.5372185 0.0811245 
       step   negloglik          mu    sigma.sq 
 1.00000000 19.36765511  1.61167749  0.08592831 
       step   negloglik          mu    sigma.sq 
 2.00000000 19.36765511  1.61167749  0.08592831 
       step   negloglik          mu    sigma.sq 
 3.00000000 19.36765511  1.61167749  0.08592831 
