000 (066.356.000) 07/26 17:14:46 Job submitted from host: <160.36.155.106:9618?addrs=160.36.155.106-9618&noUDP&sock=27742_4872_4>
...
001 (066.356.000) 07/28 04:14:21 Job executing on host: <10.128.213.253:9618?addrs=10.128.213.253-9618&noUDP&sock=68980_1ef7_4>
...
006 (066.356.000) 07/28 04:14:30 Image size of job updated: 221180
	216  -  MemoryUsage of job (MB)
	221180  -  ResidentSetSize of job (KB)
...
006 (066.356.000) 07/28 04:19:30 Image size of job updated: 223332
	219  -  MemoryUsage of job (MB)
	223332  -  ResidentSetSize of job (KB)
...
006 (066.356.000) 07/28 04:24:30 Image size of job updated: 223348
	219  -  MemoryUsage of job (MB)
	223348  -  ResidentSetSize of job (KB)
...
006 (066.356.000) 07/29 01:21:43 Image size of job updated: 230240
	225  -  MemoryUsage of job (MB)
	230240  -  ResidentSetSize of job (KB)
...
006 (066.356.000) 07/29 11:02:45 Image size of job updated: 230276
	225  -  MemoryUsage of job (MB)
	230240  -  ResidentSetSize of job (KB)
...
006 (066.356.000) 07/29 11:28:16 Image size of job updated: 230424
	225  -  MemoryUsage of job (MB)
	230240  -  ResidentSetSize of job (KB)
...
005 (066.356.000) 07/31 01:52:54 Job terminated.
	(1) Normal termination (return value 0)
		Usr 2 21:31:52, Sys 0 00:00:28  -  Run Remote Usage
		Usr 0 00:00:00, Sys 0 00:00:00  -  Run Local Usage
		Usr 2 21:31:52, Sys 0 00:00:28  -  Total Remote Usage
		Usr 0 00:00:00, Sys 0 00:00:00  -  Total Local Usage
	28562  -  Run Bytes Sent By Job
	2422  -  Run Bytes Received By Job
	28562  -  Total Bytes Sent By Job
	2422  -  Total Bytes Received By Job
	Partitionable Resources :    Usage  Request Allocated 
	   Cpus                 :     1.00        1         1 
	   Disk (KB)            :    46           4    892965 
	   Memory (MB)          :   225           1       128 
...
