[1] "args"
[1] "66"  "489"
[1] "Now starting analysis"
[1] "Starting with initial values"
        mu   sigma.sq         SE         bt         vh 
1.72930859 0.14763803 0.07381901 1.00000000 0.07381901 
       step   negloglik          mu    sigma.sq          SE          bt 
 1.00000000 46.09488524  1.64321571  0.01305073  0.06622037  1.35872964 
         vh 
 0.02691240 
[1] "New improvement found, resetting step counter"
       step   negloglik          mu    sigma.sq          SE          bt 
 2.00000000 44.74109403  0.99672323  0.01027471  0.06566063  2.05231524 
         vh 
 0.17539188 
       step   negloglik          mu    sigma.sq          SE          bt 
 3.00000000 44.74109403  0.99672323  0.01027471  0.06566063  2.05231524 
         vh 
 0.17539188 
       step   negloglik          mu    sigma.sq          SE          bt 
 4.00000000 44.74109403  0.99672323  0.01027471  0.06566063  2.05231524 
         vh 
 0.17539188 
[1] "Now starting analysis"
[1] "Starting with initial values"
        mu   sigma.sq         bt         vh 
1.72930859 0.14763803 1.00000000 0.07381901 
       step   negloglik          mu    sigma.sq          bt          vh 
 1.00000000 95.58732797  1.30759487  0.14249839  1.62448420  0.02246221 
[1] "New improvement found, but slight; taking the best value, but not resetting the step counter"
       step   negloglik          mu    sigma.sq          bt          vh 
 2.00000000 95.57740456  1.30759487  0.14249839  1.78693262  0.02246221 
       step   negloglik          mu    sigma.sq          bt          vh 
 3.00000000 95.57740456  1.30759487  0.14249839  1.78693262  0.02246221 
[1] "Now starting analysis"
[1] "Starting with initial values"
        mu   sigma.sq         SE         vh 
1.72930859 0.14763803 0.07381901 0.07381901 
       step   negloglik          mu    sigma.sq          SE          vh 
 1.00000000 46.48966408  1.32717319  0.01086979  0.06559444  0.58347756 
[1] "New improvement found, resetting step counter"
       step   negloglik          mu    sigma.sq          SE          vh 
 2.00000000 46.46639658  1.25683506  0.01072614  0.06730795  0.68422035 
       step   negloglik          mu    sigma.sq          SE          vh 
 3.00000000 46.46639658  1.25683506  0.01072614  0.06730795  0.68422035 
       step   negloglik          mu    sigma.sq          SE          vh 
 4.00000000 46.46639658  1.25683506  0.01072614  0.06730795  0.68422035 
[1] "Now starting analysis"
[1] "Starting with initial values"
        mu   sigma.sq         vh 
1.72930859 0.14763803 0.07381901 
       step   negloglik          mu    sigma.sq          vh 
 1.00000000 95.87715715  1.72930859  0.14763803  0.07381901 
       step   negloglik          mu    sigma.sq          vh 
 2.00000000 95.87715715  1.72930859  0.14763803  0.07381901 
       step   negloglik          mu    sigma.sq          vh 
 3.00000000 95.87715715  1.72930859  0.14763803  0.07381901 
[1] "Now starting analysis"
[1] "Starting with initial values"
        mu   sigma.sq         SE         bt 
1.72930859 0.14763803 0.07381901 1.00000000 
       step   negloglik          mu    sigma.sq          SE          bt 
 1.00000000 45.51257395  1.48578681  0.01377481  0.06275041  1.66150709 
[1] "New improvement found, resetting step counter"
       step   negloglik          mu    sigma.sq          SE          bt 
 2.00000000 45.14716754  1.12424350  0.01260201  0.06463050  2.02966393 
       step   negloglik          mu    sigma.sq          SE          bt 
 3.00000000 45.14716754  1.12424350  0.01260201  0.06463050  2.02966393 
[1] "New improvement found, resetting step counter"
       step   negloglik          mu    sigma.sq          SE          bt 
 4.00000000 45.12606405  1.06663176  0.01168062  0.06319431  1.98241028 
       step   negloglik          mu    sigma.sq          SE          bt 
 5.00000000 45.12606405  1.06663176  0.01168062  0.06319431  1.98241028 
       step   negloglik          mu    sigma.sq          SE          bt 
 6.00000000 45.12606405  1.06663176  0.01168062  0.06319431  1.98241028 
[1] "Now starting analysis"
[1] "Starting with initial values"
      mu sigma.sq       bt 
1.729309 0.147638 1.000000 
      step  negloglik         mu   sigma.sq         bt 
 1.0000000 95.5527038  1.2781672  0.1432347  1.8234231 
      step  negloglik         mu   sigma.sq         bt 
 2.0000000 95.5527038  1.2781672  0.1432347  1.8234231 
[1] "New improvement found, resetting step counter"
      step  negloglik         mu   sigma.sq         bt 
 3.0000000 95.5394807  1.1851896  0.1469301  1.8484284 
      step  negloglik         mu   sigma.sq         bt 
 4.0000000 95.5394807  1.1851896  0.1469301  1.8484284 
      step  negloglik         mu   sigma.sq         bt 
 5.0000000 95.5394807  1.1851896  0.1469301  1.8484284 
[1] "Now starting analysis"
[1] "Starting with initial values"
        mu   sigma.sq         SE 
1.72930859 0.14763803 0.07381901 
       step   negloglik          mu    sigma.sq          SE 
 1.00000000 48.07110302  1.59191547  0.01608367  0.05824369 
[1] "New improvement found, resetting step counter"
       step   negloglik          mu    sigma.sq          SE 
 2.00000000 48.03372051  1.75110701  0.01608367  0.05824369 
       step   negloglik          mu    sigma.sq          SE 
 3.00000000 48.03372051  1.75110701  0.01608367  0.05824369 
       step   negloglik          mu    sigma.sq          SE 
 4.00000000 48.03372051  1.75110701  0.01608367  0.05824369 
[1] "Now starting analysis"
[1] "Starting with initial values"
      mu sigma.sq 
1.729309 0.147638 
     step negloglik        mu  sigma.sq 
 1.000000 95.830578  1.729309  0.147638 
     step negloglik        mu  sigma.sq 
 2.000000 95.830578  1.729309  0.147638 
     step negloglik        mu  sigma.sq 
 3.000000 95.830578  1.729309  0.147638 
