[1] "args"
[1] "66"   "1320"
[1] "Now starting analysis"
[1] "Starting with initial values"
         mu    sigma.sq          SE          bt          vh 
1.037141285 0.010279969 0.005139984 1.000000000 0.005139984 
         step     negloglik            mu      sigma.sq            SE 
 1.000000e+00 -1.237624e+01  9.728957e-01  9.700415e-03  2.872595e-06 
           bt            vh 
 7.428514e-01  3.006470e-01 
[1] "New improvement found, resetting step counter"
         step     negloglik            mu      sigma.sq            SE 
 2.000000e+00 -1.340294e+01  1.363754e+00  9.703177e-03  3.719835e-06 
           bt            vh 
 4.799872e-01  8.180211e-03 
         step     negloglik            mu      sigma.sq            SE 
 3.000000e+00 -1.340294e+01  1.363754e+00  9.703177e-03  3.719835e-06 
           bt            vh 
 4.799872e-01  8.180211e-03 
[1] "New improvement found, resetting step counter"
         step     negloglik            mu      sigma.sq            SE 
 4.000000e+00 -1.346433e+01  1.357607e+00  9.551628e-03  2.136932e-07 
           bt            vh 
 4.560409e-01  2.146883e-03 
         step     negloglik            mu      sigma.sq            SE 
 5.000000e+00 -1.346433e+01  1.357607e+00  9.551628e-03  2.136932e-07 
           bt            vh 
 4.560409e-01  2.146883e-03 
         step     negloglik            mu      sigma.sq            SE 
 6.000000e+00 -1.346433e+01  1.357607e+00  9.551628e-03  2.136932e-07 
           bt            vh 
 4.560409e-01  2.146883e-03 
[1] "Now starting analysis"
[1] "Starting with initial values"
         mu    sigma.sq          bt          vh 
1.037141285 0.010279969 1.000000000 0.005139984 
         step     negloglik            mu      sigma.sq            bt 
 1.000000e+00 -1.348473e+01  1.319152e+00  9.068770e-03  4.418389e-01 
           vh 
 4.875576e-04 
         step     negloglik            mu      sigma.sq            bt 
 2.000000e+00 -1.348473e+01  1.319152e+00  9.068770e-03  4.418389e-01 
           vh 
 4.875576e-04 
         step     negloglik            mu      sigma.sq            bt 
 3.000000e+00 -1.348473e+01  1.319152e+00  9.068770e-03  4.418389e-01 
           vh 
 4.875576e-04 
[1] "Now starting analysis"
[1] "Starting with initial values"
         mu    sigma.sq          SE          vh 
1.037141285 0.010279969 0.005139984 0.005139984 
         step     negloglik            mu      sigma.sq            SE 
 1.000000e+00 -1.187493e+01  9.163986e-01  9.463946e-03  2.493280e-07 
           vh 
 1.971358e-01 
[1] "New improvement found, resetting step counter"
         step     negloglik            mu      sigma.sq            SE 
 2.000000e+00 -1.217152e+01  1.265689e+00  9.465040e-03  2.426862e-07 
           vh 
 4.399853e-01 
         step     negloglik            mu      sigma.sq            SE 
 3.000000e+00 -1.217152e+01  1.265689e+00  9.465040e-03  2.426862e-07 
           vh 
 4.399853e-01 
         step     negloglik            mu      sigma.sq            SE 
 4.000000e+00 -1.217152e+01  1.265689e+00  9.465040e-03  2.426862e-07 
           vh 
 4.399853e-01 
[1] "Now starting analysis"
[1] "Starting with initial values"
         mu    sigma.sq          vh 
1.037141285 0.010279969 0.005139984 
        step    negloglik           mu     sigma.sq           vh 
  1.00000000 -12.17413417   1.25859103   0.00950909   0.48059331 
        step    negloglik           mu     sigma.sq           vh 
  2.00000000 -12.17413417   1.25859103   0.00950909   0.48059331 
        step    negloglik           mu     sigma.sq           vh 
  3.00000000 -12.17413417   1.25859103   0.00950909   0.48059331 
[1] "Now starting analysis"
[1] "Starting with initial values"
         mu    sigma.sq          SE          bt 
1.037141285 0.010279969 0.005139984 1.000000000 
         step     negloglik            mu      sigma.sq            SE 
 1.000000e+00 -1.333961e+01  1.209212e+00  9.129567e-03  6.399845e-05 
           bt 
 4.724025e-01 
[1] "New improvement found, resetting step counter"
         step     negloglik            mu      sigma.sq            SE 
 2.000000e+00 -1.347773e+01  1.329313e+00  9.112140e-03  2.596549e-06 
           bt 
 4.279275e-01 
         step     negloglik            mu      sigma.sq            SE 
 3.000000e+00 -1.347773e+01  1.329313e+00  9.112140e-03  2.596549e-06 
           bt 
 4.279275e-01 
         step     negloglik            mu      sigma.sq            SE 
 4.000000e+00 -1.347773e+01  1.329313e+00  9.112140e-03  2.596549e-06 
           bt 
 4.279275e-01 
[1] "Now starting analysis"
[1] "Starting with initial values"
        mu   sigma.sq         bt 
1.03714128 0.01027997 1.00000000 
        step    negloglik           mu     sigma.sq           bt 
  1.00000000 -13.48028817   1.29112053   0.00915703   0.43893160 
        step    negloglik           mu     sigma.sq           bt 
  2.00000000 -13.48028817   1.29112053   0.00915703   0.43893160 
[1] "New improvement found, but slight; taking the best value, but not resetting the step counter"
         step     negloglik            mu      sigma.sq            bt 
  3.000000000 -13.488569115   1.361586412   0.009080834   0.443817261 
[1] "Now starting analysis"
[1] "Starting with initial values"
         mu    sigma.sq          SE 
1.037141285 0.010279969 0.005139984 
         step     negloglik            mu      sigma.sq            SE 
 1.000000e+00 -1.127586e+01  1.087433e+00  1.058794e-02  4.676672e-06 
[1] "New improvement found, resetting step counter"
         step     negloglik            mu      sigma.sq            SE 
 2.000000e+00 -1.129577e+01  9.968136e-01  1.058784e-02  4.530604e-06 
         step     negloglik            mu      sigma.sq            SE 
 3.000000e+00 -1.129577e+01  9.968136e-01  1.058784e-02  4.530604e-06 
         step     negloglik            mu      sigma.sq            SE 
 4.000000e+00 -1.129577e+01  9.968136e-01  1.058784e-02  4.530604e-06 
[1] "Now starting analysis"
[1] "Starting with initial values"
        mu   sigma.sq 
1.03714128 0.01027997 
        step    negloglik           mu     sigma.sq 
  1.00000000 -11.29861474   1.00146423   0.01033061 
[1] "New improvement found, but slight; taking the best value, but not resetting the step counter"
        step    negloglik           mu     sigma.sq 
  2.00000000 -11.29917800   0.96701445   0.01037951 
        step    negloglik           mu     sigma.sq 
  3.00000000 -11.29917800   0.96701445   0.01037951 
