[1] "args"
[1] "66"  "443"
[1] "Now starting analysis"
[1] "Starting with initial values"
         mu    sigma.sq          SE          bt          vh 
1.569164709 0.009182427 0.004591213 1.000000000 0.004591213 
         step     negloglik            mu      sigma.sq            SE 
 1.000000e+00 -3.609804e+01  1.885788e+00  7.820519e-03  9.087698e-05 
           bt            vh 
 1.391681e+00  8.698437e-02 
[1] "New improvement found, resetting step counter"
         step     negloglik            mu      sigma.sq            SE 
 2.000000e+00 -5.150879e+01  3.060894e-01  6.945543e-03  3.709829e-05 
           bt            vh 
 2.300681e+00  2.545647e-04 
         step     negloglik            mu      sigma.sq            SE 
 3.000000e+00 -5.150879e+01  3.060894e-01  6.945543e-03  3.709829e-05 
           bt            vh 
 2.300681e+00  2.545647e-04 
         step     negloglik            mu      sigma.sq            SE 
 4.000000e+00 -5.150879e+01  3.060894e-01  6.945543e-03  3.709829e-05 
           bt            vh 
 2.300681e+00  2.545647e-04 
[1] "Now starting analysis"
[1] "Starting with initial values"
         mu    sigma.sq          bt          vh 
1.569164709 0.009182427 1.000000000 0.004591213 
         step     negloglik            mu      sigma.sq            bt 
 1.000000e+00 -5.150652e+01  3.883073e-01  6.462708e-03  2.298404e+00 
           vh 
 3.357161e-04 
[1] "New improvement found, resetting step counter"
         step     negloglik            mu      sigma.sq            bt 
 2.000000e+00 -5.154540e+01  3.341549e-01  6.473193e-03  2.300646e+00 
           vh 
 1.901494e-06 
         step     negloglik            mu      sigma.sq            bt 
 3.000000e+00 -5.154540e+01  3.341549e-01  6.473193e-03  2.300646e+00 
           vh 
 1.901494e-06 
         step     negloglik            mu      sigma.sq            bt 
 4.000000e+00 -5.154540e+01  3.341549e-01  6.473193e-03  2.300646e+00 
           vh 
 1.901494e-06 
[1] "Now starting analysis"
[1] "Starting with initial values"
         mu    sigma.sq          SE          vh 
1.569164709 0.009182427 0.004591213 0.004591213 
         step     negloglik            mu      sigma.sq            SE 
  1.000000000 -36.838984323   1.096824324   0.006874207   0.000163047 
           vh 
  1.926083169 
[1] "New improvement found, resetting step counter"
         step     negloglik            mu      sigma.sq            SE 
 2.000000e+00 -3.839200e+01  6.858650e-01  6.873208e-03  1.181193e-04 
           vh 
 9.926817e-01 
[1] "New improvement found, resetting step counter"
         step     negloglik            mu      sigma.sq            SE 
 3.000000e+00 -3.840327e+01  6.764359e-01  6.382366e-03  2.474301e-04 
           vh 
 1.009068e+00 
         step     negloglik            mu      sigma.sq            SE 
 4.000000e+00 -3.840327e+01  6.764359e-01  6.382366e-03  2.474301e-04 
           vh 
 1.009068e+00 
         step     negloglik            mu      sigma.sq            SE 
 5.000000e+00 -3.840327e+01  6.764359e-01  6.382366e-03  2.474301e-04 
           vh 
 1.009068e+00 
[1] "Now starting analysis"
[1] "Starting with initial values"
         mu    sigma.sq          vh 
1.569164709 0.009182427 0.004591213 
         step     negloglik            mu      sigma.sq            vh 
  1.000000000 -38.142402048   0.666149804   0.006775937   0.872296958 
[1] "New improvement found, resetting step counter"
         step     negloglik            mu      sigma.sq            vh 
  2.000000000 -38.209533642   0.743611591   0.007003098   0.949758746 
         step     negloglik            mu      sigma.sq            vh 
  3.000000000 -38.209533642   0.743611591   0.007003098   0.949758746 
         step     negloglik            mu      sigma.sq            vh 
  4.000000000 -38.209533642   0.743611591   0.007003098   0.949758746 
[1] "Now starting analysis"
[1] "Starting with initial values"
         mu    sigma.sq          SE          bt 
1.569164709 0.009182427 0.004591213 1.000000000 
         step     negloglik            mu      sigma.sq            SE 
 1.000000e+00 -5.010866e+01  8.134366e-01  6.402856e-03  2.229365e-04 
           bt 
 2.277663e+00 
[1] "New improvement found, resetting step counter"
         step     negloglik            mu      sigma.sq            SE 
 2.000000e+00 -5.181286e+01  3.026420e-01  6.388844e-03  1.590789e-04 
           bt 
 2.331464e+00 
         step     negloglik            mu      sigma.sq            SE 
 3.000000e+00 -5.181286e+01  3.026420e-01  6.388844e-03  1.590789e-04 
           bt 
 2.331464e+00 
         step     negloglik            mu      sigma.sq            SE 
 4.000000e+00 -5.181286e+01  3.026420e-01  6.388844e-03  1.590789e-04 
           bt 
 2.331464e+00 
[1] "Now starting analysis"
[1] "Starting with initial values"
         mu    sigma.sq          bt 
1.569164709 0.009182427 1.000000000 
         step     negloglik            mu      sigma.sq            bt 
  1.000000000 -50.563099218   0.005233170   0.006750973   2.325108904 
[1] "New improvement found, resetting step counter"
         step     negloglik            mu      sigma.sq            bt 
  2.000000000 -51.544816299   0.327709788   0.006501836   2.300433846 
[1] "New improvement found, but slight; taking the best value, but not resetting the step counter"
         step     negloglik            mu      sigma.sq            bt 
  3.000000000 -51.548567629   0.340941829   0.006735642   2.307880250 
         step     negloglik            mu      sigma.sq            bt 
  4.000000000 -51.548567629   0.340941829   0.006735642   2.307880250 
[1] "Now starting analysis"
[1] "Starting with initial values"
         mu    sigma.sq          SE 
1.569164709 0.009182427 0.004591213 
       step   negloglik          mu    sigma.sq          SE 
 1.00000000 13.92693983  1.68210202  0.01182845  0.01663099 
[1] "New improvement found, resetting step counter"
       step   negloglik          mu    sigma.sq          SE 
 2.00000000 13.86806278  1.80392358  0.01218965  0.01559697 
[1] "New improvement found, resetting step counter"
       step   negloglik          mu    sigma.sq          SE 
 3.00000000 13.85428572  1.77440956  0.01170400  0.01580986 
[1] "New improvement found, but slight; taking the best value, but not resetting the step counter"
       step   negloglik          mu    sigma.sq          SE 
 4.00000000 13.85162217  1.78773631  0.01183183  0.01582372 
       step   negloglik          mu    sigma.sq          SE 
 5.00000000 13.85162217  1.78773631  0.01183183  0.01582372 
[1] "Now starting analysis"
[1] "Starting with initial values"
         mu    sigma.sq 
1.569164709 0.009182427 
       step   negloglik          mu    sigma.sq 
 1.00000000 30.05365452  1.95311395  0.03326006 
[1] "New improvement found, resetting step counter"
       step   negloglik          mu    sigma.sq 
 2.00000000 30.01728139  1.75780256  0.03326006 
[1] "New improvement found, but slight; taking the best value, but not resetting the step counter"
       step   negloglik          mu    sigma.sq 
 3.00000000 30.01553502  1.81533616  0.03318892 
[1] "New improvement found, but slight; taking the best value, but not resetting the step counter"
       step   negloglik          mu    sigma.sq 
 4.00000000 30.01437570  1.82003599  0.03396921 
