000 (066.726.000) 07/26 17:14:46 Job submitted from host: <160.36.155.106:9618?addrs=160.36.155.106-9618&noUDP&sock=27742_4872_4>
...
012 (066.726.000) 08/03 14:16:37 Job was held.
	via condor_hold (by user bomeara)
	Code 1 Subcode 0
...
013 (066.726.000) 08/05 22:27:23 Job was released.
	via condor_release (by user bomeara)
...
012 (066.726.000) 08/09 10:35:19 Job was held.
	via condor_hold (by user bomeara)
	Code 1 Subcode 0
...
013 (066.726.000) 08/09 13:04:42 Job was released.
	via condor_release (by user bomeara)
...
001 (066.726.000) 08/09 20:55:55 Job executing on host: <10.130.28.84:9618?addrs=10.130.28.84-9618&noUDP&sock=69176_8f87_4>
...
006 (066.726.000) 08/09 20:56:04 Image size of job updated: 228460
	224  -  MemoryUsage of job (MB)
	228460  -  ResidentSetSize of job (KB)
...
006 (066.726.000) 08/09 21:01:04 Image size of job updated: 228476
	224  -  MemoryUsage of job (MB)
	228476  -  ResidentSetSize of job (KB)
...
006 (066.726.000) 08/09 21:21:06 Image size of job updated: 231368
	226  -  MemoryUsage of job (MB)
	231368  -  ResidentSetSize of job (KB)
...
005 (066.726.000) 08/09 22:11:21 Job terminated.
	(1) Normal termination (return value 0)
		Usr 0 01:15:14, Sys 0 00:00:02  -  Run Remote Usage
		Usr 0 00:00:00, Sys 0 00:00:00  -  Run Local Usage
		Usr 0 01:15:14, Sys 0 00:00:02  -  Total Remote Usage
		Usr 0 00:00:00, Sys 0 00:00:00  -  Total Local Usage
	28382  -  Run Bytes Sent By Job
	2422  -  Run Bytes Received By Job
	28382  -  Total Bytes Sent By Job
	2422  -  Total Bytes Received By Job
	Partitionable Resources :    Usage  Request Allocated 
	   Cpus                 :     1.00        1         1 
	   Disk (KB)            :    46           4    891527 
	   Memory (MB)          :   226           1       128 
...
