000 (066.1461.000) 07/26 17:14:46 Job submitted from host: <160.36.155.106:9618?addrs=160.36.155.106-9618&noUDP&sock=27742_4872_4>
...
012 (066.1461.000) 08/03 14:17:14 Job was held.
	via condor_hold (by user bomeara)
	Code 1 Subcode 0
...
013 (066.1461.000) 08/05 22:28:01 Job was released.
	via condor_release (by user bomeara)
...
012 (066.1461.000) 08/09 10:36:08 Job was held.
	via condor_hold (by user bomeara)
	Code 1 Subcode 0
...
013 (066.1461.000) 08/09 13:05:19 Job was released.
	via condor_release (by user bomeara)
...
001 (066.1461.000) 09/13 19:11:32 Job executing on host: <10.131.171.171:9618?addrs=10.131.171.171-9618&noUDP&sock=2284_3666_4>
...
006 (066.1461.000) 09/13 19:11:40 Image size of job updated: 243176
	238  -  MemoryUsage of job (MB)
	243176  -  ResidentSetSize of job (KB)
...
006 (066.1461.000) 09/13 19:16:40 Image size of job updated: 247184
	242  -  MemoryUsage of job (MB)
	247184  -  ResidentSetSize of job (KB)
...
006 (066.1461.000) 09/13 19:21:41 Image size of job updated: 247196
	242  -  MemoryUsage of job (MB)
	247196  -  ResidentSetSize of job (KB)
...
006 (066.1461.000) 09/14 15:03:46 Image size of job updated: 248720
	243  -  MemoryUsage of job (MB)
	248720  -  ResidentSetSize of job (KB)
...
006 (066.1461.000) 09/15 17:51:30 Image size of job updated: 248924
	244  -  MemoryUsage of job (MB)
	248924  -  ResidentSetSize of job (KB)
...
005 (066.1461.000) 09/17 01:06:13 Job terminated.
	(1) Normal termination (return value 0)
		Usr 3 05:45:54, Sys 0 00:00:50  -  Run Remote Usage
		Usr 0 00:00:00, Sys 0 00:00:00  -  Run Local Usage
		Usr 3 05:45:54, Sys 0 00:00:50  -  Total Remote Usage
		Usr 0 00:00:00, Sys 0 00:00:00  -  Total Local Usage
	31952  -  Run Bytes Sent By Job
	2422  -  Run Bytes Received By Job
	31952  -  Total Bytes Sent By Job
	2422  -  Total Bytes Received By Job
	Partitionable Resources :    Usage  Request Allocated 
	   Cpus                 :     1.00        1         1 
	   Disk (KB)            :    49           4    890573 
	   Memory (MB)          :   244           1       128 
...
