[1] "args"
[1] "66"   "1022"
[1] "Now starting analysis"
[1] "Starting with initial values"
         mu    sigma.sq          SE          bt          vh 
0.320684401 0.010639374 0.005319687 1.000000000 0.005319687 
         step     negloglik            mu      sigma.sq            SE 
 1.0000000000 -7.2280100271  0.4099686995  0.0062667628  0.0056000210 
           bt            vh 
 0.8256993348  0.0002436302 
[1] "New improvement found, resetting step counter"
         step     negloglik            mu      sigma.sq            SE 
 2.000000e+00 -7.491506e+00  6.665690e-01  6.212580e-03  5.525001e-03 
           bt            vh 
 8.101282e-01  9.196012e-05 
[1] "New improvement found, resetting step counter"
        step    negloglik           mu     sigma.sq           SE           bt 
 3.000000000 -7.608480509  0.692334477  0.005538117  0.007203871  0.798905565 
          vh 
 0.000198527 
        step    negloglik           mu     sigma.sq           SE           bt 
 4.000000000 -7.608480509  0.692334477  0.005538117  0.007203871  0.798905565 
          vh 
 0.000198527 
        step    negloglik           mu     sigma.sq           SE           bt 
 5.000000000 -7.608480509  0.692334477  0.005538117  0.007203871  0.798905565 
          vh 
 0.000198527 
[1] "Now starting analysis"
[1] "Starting with initial values"
         mu    sigma.sq          bt          vh 
0.320684401 0.010639374 1.000000000 0.005319687 
         step     negloglik            mu      sigma.sq            bt 
 1.0000000000 -6.1745594707  0.4462063935  0.0106020084  0.8251474109 
           vh 
 0.0001002256 
[1] "New improvement found, resetting step counter"
         step     negloglik            mu      sigma.sq            bt 
 2.0000000000 -6.2942583014  0.6592176511  0.0105045897  0.8170784625 
           vh 
 0.0002243252 
         step     negloglik            mu      sigma.sq            bt 
 3.0000000000 -6.2942583014  0.6592176511  0.0105045897  0.8170784625 
           vh 
 0.0002243252 
         step     negloglik            mu      sigma.sq            bt 
 4.0000000000 -6.2942583014  0.6592176511  0.0105045897  0.8170784625 
           vh 
 0.0002243252 
[1] "Now starting analysis"
[1] "Starting with initial values"
         mu    sigma.sq          SE          vh 
0.320684401 0.010639374 0.005319687 0.005319687 
         step     negloglik            mu      sigma.sq            SE 
 1.0000000000 -6.2326985996  0.1883635746  0.0004587236  0.0223049360 
           vh 
 0.1626590308 
[1] "New improvement found, resetting step counter"
         step     negloglik            mu      sigma.sq            SE 
 2.0000000000 -6.2650516833  0.2905333537  0.0004978419  0.0220482013 
           vh 
 0.1489696567 
         step     negloglik            mu      sigma.sq            SE 
 3.0000000000 -6.2650516833  0.2905333537  0.0004978419  0.0220482013 
           vh 
 0.1489696567 
         step     negloglik            mu      sigma.sq            SE 
 4.0000000000 -6.2650516833  0.2905333537  0.0004978419  0.0220482013 
           vh 
 0.1489696567 
[1] "Now starting analysis"
[1] "Starting with initial values"
         mu    sigma.sq          vh 
0.320684401 0.010639374 0.005319687 
       step   negloglik          mu    sigma.sq          vh 
 1.00000000 -5.19707442  0.30770995  0.01125875  0.04044790 
[1] "New improvement found, but slight; taking the best value, but not resetting the step counter"
       step   negloglik          mu    sigma.sq          vh 
 2.00000000 -5.19831307  0.33848095  0.01125875  0.04044790 
       step   negloglik          mu    sigma.sq          vh 
 3.00000000 -5.19831307  0.33848095  0.01125875  0.04044790 
[1] "Now starting analysis"
[1] "Starting with initial values"
         mu    sigma.sq          SE          bt 
0.320684401 0.010639374 0.005319687 1.000000000 
        step    negloglik           mu     sigma.sq           SE           bt 
 1.000000000 -7.843999767  0.669311774  0.002568194  0.014489208  0.808847992 
[1] "New improvement found, resetting step counter"
        step    negloglik           mu     sigma.sq           SE           bt 
 2.000000000 -7.855882948  0.692506191  0.002623332  0.014624506  0.801003909 
        step    negloglik           mu     sigma.sq           SE           bt 
 3.000000000 -7.855882948  0.692506191  0.002623332  0.014624506  0.801003909 
        step    negloglik           mu     sigma.sq           SE           bt 
 4.000000000 -7.855882948  0.692506191  0.002623332  0.014624506  0.801003909 
[1] "Now starting analysis"
[1] "Starting with initial values"
        mu   sigma.sq         bt 
0.32068440 0.01063937 1.00000000 
       step   negloglik          mu    sigma.sq          bt 
 1.00000000 -6.30242113  0.70060377  0.01047649  0.80989271 
       step   negloglik          mu    sigma.sq          bt 
 2.00000000 -6.30242113  0.70060377  0.01047649  0.80989271 
       step   negloglik          mu    sigma.sq          bt 
 3.00000000 -6.30242113  0.70060377  0.01047649  0.80989271 
[1] "Now starting analysis"
[1] "Starting with initial values"
         mu    sigma.sq          SE 
0.320684401 0.010639374 0.005319687 
        step    negloglik           mu     sigma.sq           SE 
 1.000000000 -5.622071617  0.327480993  0.008248894  0.004320857 
[1] "New improvement found, but slight; taking the best value, but not resetting the step counter"
        step    negloglik           mu     sigma.sq           SE 
 2.000000000 -5.626833373  0.295365085  0.008179744  0.004338518 
        step    negloglik           mu     sigma.sq           SE 
 3.000000000 -5.626833373  0.295365085  0.008179744  0.004338518 
[1] "Now starting analysis"
[1] "Starting with initial values"
        mu   sigma.sq 
0.32068440 0.01063937 
       step   negloglik          mu    sigma.sq 
 1.00000000 -5.11300121  0.30414911  0.01164151 
       step   negloglik          mu    sigma.sq 
 2.00000000 -5.11300121  0.30414911  0.01164151 
[1] "New improvement found, but slight; taking the best value, but not resetting the step counter"
       step   negloglik          mu    sigma.sq 
 3.00000000 -5.11581649  0.29982556  0.01129481 
