[1] "args"
[1] "66"  "523"
[1] "Now starting analysis"
[1] "Starting with initial values"
         mu    sigma.sq          SE          bt          vh 
1.154776441 0.010219168 0.005109584 1.000000000 0.005109584 
         step     negloglik            mu      sigma.sq            SE 
 1.000000e+00 -3.893008e+01  1.097905e+00  1.014651e-02  1.512180e-07 
           bt            vh 
 1.115267e+00  7.467582e-02 
[1] "New improvement found, resetting step counter"
         step     negloglik            mu      sigma.sq            SE 
 2.000000e+00 -3.930868e+01  8.277976e-01  1.014862e-02  3.425071e-06 
           bt            vh 
 1.845987e+00  3.480763e-02 
         step     negloglik            mu      sigma.sq            SE 
 3.000000e+00 -3.930868e+01  8.277976e-01  1.014862e-02  3.425071e-06 
           bt            vh 
 1.845987e+00  3.480763e-02 
[1] "New improvement found, resetting step counter"
         step     negloglik            mu      sigma.sq            SE 
 4.000000e+00 -3.937303e+01  8.193068e-01  1.025780e-02  1.092869e-06 
           bt            vh 
 1.921938e+00  1.752937e-02 
         step     negloglik            mu      sigma.sq            SE 
 5.000000e+00 -3.937303e+01  8.193068e-01  1.025780e-02  1.092869e-06 
           bt            vh 
 1.921938e+00  1.752937e-02 
         step     negloglik            mu      sigma.sq            SE 
 6.000000e+00 -3.937303e+01  8.193068e-01  1.025780e-02  1.092869e-06 
           bt            vh 
 1.921938e+00  1.752937e-02 
[1] "Now starting analysis"
[1] "Starting with initial values"
         mu    sigma.sq          bt          vh 
1.154776441 0.010219168 1.000000000 0.005109584 
         step     negloglik            mu      sigma.sq            bt 
  1.000000000 -39.401466196   0.841445398   0.010052948   1.842331006 
           vh 
  0.004021806 
[1] "New improvement found, resetting step counter"
         step     negloglik            mu      sigma.sq            bt 
  2.000000000 -39.428951741   0.841445398   0.010052948   2.026564107 
           vh 
  0.004021806 
         step     negloglik            mu      sigma.sq            bt 
  3.000000000 -39.428951741   0.841445398   0.010052948   2.026564107 
           vh 
  0.004021806 
         step     negloglik            mu      sigma.sq            bt 
  4.000000000 -39.428951741   0.841445398   0.010052948   2.026564107 
           vh 
  0.004021806 
[1] "Now starting analysis"
[1] "Starting with initial values"
         mu    sigma.sq          SE          vh 
1.154776441 0.010219168 0.005109584 0.005109584 
         step     negloglik            mu      sigma.sq            SE 
 1.000000e+00 -3.873429e+01  1.319159e+00  1.021857e-02  1.679997e-07 
           vh 
 2.630429e-02 
[1] "New improvement found, resetting step counter"
         step     negloglik            mu      sigma.sq            SE 
 2.000000e+00 -3.876443e+01  1.151215e+00  1.021890e-02  1.291841e-06 
           vh 
 5.256245e-02 
         step     negloglik            mu      sigma.sq            SE 
 3.000000e+00 -3.876443e+01  1.151215e+00  1.021890e-02  1.291841e-06 
           vh 
 5.256245e-02 
         step     negloglik            mu      sigma.sq            SE 
 4.000000e+00 -3.876443e+01  1.151215e+00  1.021890e-02  1.291841e-06 
           vh 
 5.256245e-02 
[1] "Now starting analysis"
[1] "Starting with initial values"
         mu    sigma.sq          vh 
1.154776441 0.010219168 0.005109584 
         step     negloglik            mu      sigma.sq            vh 
  1.000000000 -38.781194511   1.154776441   0.010219168   0.005109584 
         step     negloglik            mu      sigma.sq            vh 
  2.000000000 -38.781194511   1.154776441   0.010219168   0.005109584 
         step     negloglik            mu      sigma.sq            vh 
  3.000000000 -38.781194511   1.154776441   0.010219168   0.005109584 
[1] "Now starting analysis"
[1] "Starting with initial values"
         mu    sigma.sq          SE          bt 
1.154776441 0.010219168 0.005109584 1.000000000 
         step     negloglik            mu      sigma.sq            SE 
 1.000000e+00 -3.881347e+01  1.146873e+00  9.993275e-03  1.333893e-07 
           bt 
 1.029464e+00 
[1] "New improvement found, resetting step counter"
         step     negloglik            mu      sigma.sq            SE 
 2.000000e+00 -3.939585e+01  9.179747e-01  9.994214e-03  3.262562e-06 
           bt 
 2.096777e+00 
[1] "New improvement found, resetting step counter"
         step     negloglik            mu      sigma.sq            SE 
 3.000000e+00 -3.941294e+01  9.075098e-01  9.954360e-03  1.735521e-06 
           bt 
 2.087178e+00 
         step     negloglik            mu      sigma.sq            SE 
 4.000000e+00 -3.941294e+01  9.075098e-01  9.954360e-03  1.735521e-06 
           bt 
 2.087178e+00 
[1] "New improvement found, resetting step counter"
         step     negloglik            mu      sigma.sq            SE 
 5.000000e+00 -3.943322e+01  8.795785e-01  1.013190e-02  7.231974e-07 
           bt 
 1.964359e+00 
         step     negloglik            mu      sigma.sq            SE 
 6.000000e+00 -3.943322e+01  8.795785e-01  1.013190e-02  7.231974e-07 
           bt 
 1.964359e+00 
         step     negloglik            mu      sigma.sq            SE 
 7.000000e+00 -3.943322e+01  8.795785e-01  1.013190e-02  7.231974e-07 
           bt 
 1.964359e+00 
[1] "Now starting analysis"
[1] "Starting with initial values"
        mu   sigma.sq         bt 
1.15477644 0.01021917 1.00000000 
         step     negloglik            mu      sigma.sq            bt 
  1.000000000 -39.426136043   0.839785772   0.009985272   1.972371215 
[1] "New improvement found, but slight; taking the best value, but not resetting the step counter"
       step   negloglik          mu    sigma.sq          bt 
  2.0000000 -39.4350416   0.9054031   0.0103705   2.0379885 
       step   negloglik          mu    sigma.sq          bt 
  3.0000000 -39.4350416   0.9054031   0.0103705   2.0379885 
[1] "Now starting analysis"
[1] "Starting with initial values"
         mu    sigma.sq          SE 
1.154776441 0.010219168 0.005109584 
         step     negloglik            mu      sigma.sq            SE 
 1.000000e+00 -3.876232e+01  1.211202e+00  1.051118e-02  9.178033e-07 
         step     negloglik            mu      sigma.sq            SE 
 2.000000e+00 -3.876232e+01  1.211202e+00  1.051118e-02  9.178033e-07 
         step     negloglik            mu      sigma.sq            SE 
 3.000000e+00 -3.876232e+01  1.211202e+00  1.051118e-02  9.178033e-07 
[1] "Now starting analysis"
[1] "Starting with initial values"
        mu   sigma.sq 
1.15477644 0.01021917 
        step    negloglik           mu     sigma.sq 
  1.00000000 -38.78048789   1.15477644   0.01021917 
        step    negloglik           mu     sigma.sq 
  2.00000000 -38.78048789   1.15477644   0.01021917 
        step    negloglik           mu     sigma.sq 
  3.00000000 -38.78048789   1.15477644   0.01021917 
