[1] "args"
[1] "66" "43"
[1] "Now starting analysis"
[1] "Starting with initial values"
       mu  sigma.sq        SE        bt        vh 
1.3410352 0.2190972 0.1095486 1.0000000 0.1095486 
       step   negloglik          mu    sigma.sq          SE          bt 
 1.00000000 45.59338700  1.38590183  0.01137685  0.06700970  1.34668582 
         vh 
 0.13625441 
[1] "New improvement found, resetting step counter"
        step    negloglik           mu     sigma.sq           SE           bt 
 2.000000000 44.989978106  1.338695741  0.011791151  0.063095881  1.784472197 
          vh 
 0.005777703 
[1] "New improvement found, resetting step counter"
        step    negloglik           mu     sigma.sq           SE           bt 
3.000000e+00 4.496660e+01 1.316525e+00 1.057777e-02 6.854567e-02 1.828421e+00 
          vh 
2.368686e-04 
[1] "New improvement found, resetting step counter"
        step    negloglik           mu     sigma.sq           SE           bt 
 4.000000000 44.901434026  1.327288759  0.010274469  0.069874840  2.147448478 
          vh 
 0.001708509 
        step    negloglik           mu     sigma.sq           SE           bt 
 5.000000000 44.901434026  1.327288759  0.010274469  0.069874840  2.147448478 
          vh 
 0.001708509 
        step    negloglik           mu     sigma.sq           SE           bt 
 6.000000000 44.901434026  1.327288759  0.010274469  0.069874840  2.147448478 
          vh 
 0.001708509 
[1] "Now starting analysis"
[1] "Starting with initial values"
       mu  sigma.sq        bt        vh 
1.3410352 0.2190972 1.0000000 0.1095486 
       step   negloglik          mu    sigma.sq          bt          vh 
  1.0000000 115.2640604   1.3410352   0.2190972   1.1341035   0.1095486 
[1] "New improvement found, resetting step counter"
       step   negloglik          mu    sigma.sq          bt          vh 
  2.0000000 115.2319193   1.3410352   0.2190972   1.2682070   0.1095486 
[1] "New improvement found, resetting step counter"
        step    negloglik           mu     sigma.sq           bt           vh 
  3.00000000 115.21594856   1.38597129   0.21935109   1.34455696   0.09891366 
        step    negloglik           mu     sigma.sq           bt           vh 
  4.00000000 115.21594856   1.38597129   0.21935109   1.34455696   0.09891366 
        step    negloglik           mu     sigma.sq           bt           vh 
  5.00000000 115.21594856   1.38597129   0.21935109   1.34455696   0.09891366 
[1] "Now starting analysis"
[1] "Starting with initial values"
       mu  sigma.sq        SE        vh 
1.3410352 0.2190972 0.1095486 0.1095486 
       step   negloglik          mu    sigma.sq          SE          vh 
 1.00000000 46.30584143  1.36538944  0.01104581  0.06538091  0.11632646 
[1] "New improvement found, resetting step counter"
       step   negloglik          mu    sigma.sq          SE          vh 
 2.00000000 46.05777224  1.26192999  0.01167842  0.06505140  0.37444646 
       step   negloglik          mu    sigma.sq          SE          vh 
 3.00000000 46.05777224  1.26192999  0.01167842  0.06505140  0.37444646 
       step   negloglik          mu    sigma.sq          SE          vh 
 4.00000000 46.05777224  1.26192999  0.01167842  0.06505140  0.37444646 
[1] "Now starting analysis"
[1] "Starting with initial values"
       mu  sigma.sq        vh 
1.3410352 0.2190972 0.1095486 
       step   negloglik          mu    sigma.sq          vh 
  1.0000000 115.3066601   1.3410352   0.2190972   0.1095486 
       step   negloglik          mu    sigma.sq          vh 
  2.0000000 115.3066601   1.3410352   0.2190972   0.1095486 
       step   negloglik          mu    sigma.sq          vh 
  3.0000000 115.3066601   1.3410352   0.2190972   0.1095486 
[1] "Now starting analysis"
[1] "Starting with initial values"
       mu  sigma.sq        SE        bt 
1.3410352 0.2190972 0.1095486 1.0000000 
       step   negloglik          mu    sigma.sq          SE          bt 
 1.00000000 45.78118461  1.35184477  0.01039770  0.07310697  1.34644642 
[1] "New improvement found, resetting step counter"
       step   negloglik          mu    sigma.sq          SE          bt 
 2.00000000 44.83471373  1.35996992  0.01124586  0.06505208  2.10576032 
[1] "New improvement found, but slight; taking the best value, but not resetting the step counter"
       step   negloglik          mu    sigma.sq          SE          bt 
 3.00000000 44.83455937  1.31200847  0.01125707  0.06307683  2.24250687 
       step   negloglik          mu    sigma.sq          SE          bt 
 4.00000000 44.83455937  1.31200847  0.01125707  0.06307683  2.24250687 
[1] "Now starting analysis"
[1] "Starting with initial values"
       mu  sigma.sq        bt 
1.3410352 0.2190972 1.0000000 
       step   negloglik          mu    sigma.sq          bt 
  1.0000000 115.2455877   1.3410352   0.2190972   1.1341035 
[1] "New improvement found, resetting step counter"
       step   negloglik          mu    sigma.sq          bt 
  2.0000000 115.2118628   1.3410352   0.2190972   1.2682070 
       step   negloglik          mu    sigma.sq          bt 
  3.0000000 115.2118628   1.3410352   0.2190972   1.2682070 
       step   negloglik          mu    sigma.sq          bt 
  4.0000000 115.2118628   1.3410352   0.2190972   1.2682070 
[1] "Now starting analysis"
[1] "Starting with initial values"
       mu  sigma.sq        SE 
1.3410352 0.2190972 0.1095486 
       step   negloglik          mu    sigma.sq          SE 
 1.00000000 46.97995613  1.57136939  0.01276284  0.06330615 
[1] "New improvement found, resetting step counter"
       step   negloglik          mu    sigma.sq          SE 
 2.00000000 46.88226765  1.36191903  0.01200362  0.06393425 
[1] "New improvement found, resetting step counter"
       step   negloglik          mu    sigma.sq          SE 
 3.00000000 46.86815242  1.37354771  0.01267881  0.06581838 
[1] "New improvement found, but slight; taking the best value, but not resetting the step counter"
       step   negloglik          mu    sigma.sq          SE 
 4.00000000 46.86486439  1.39086137  0.01264829  0.06324096 
       step   negloglik          mu    sigma.sq          SE 
 5.00000000 46.86486439  1.39086137  0.01264829  0.06324096 
[1] "Now starting analysis"
[1] "Starting with initial values"
       mu  sigma.sq 
1.3410352 0.2190972 
       step   negloglik          mu    sigma.sq 
  1.0000000 115.2902866   1.3410352   0.2190972 
       step   negloglik          mu    sigma.sq 
  2.0000000 115.2902866   1.3410352   0.2190972 
       step   negloglik          mu    sigma.sq 
  3.0000000 115.2902866   1.3410352   0.2190972 
