[1] "args"
[1] "66"  "334"
[1] "Now starting analysis"
[1] "Starting with initial values"
        mu   sigma.sq         SE         bt         vh 
3.60440345 0.06709478 0.03354739 1.00000000 0.03354739 
       step   negloglik          mu    sigma.sq          SE          bt 
 1.00000000 13.90570063  1.96330404  0.02092459  0.01952216  2.05837053 
         vh 
 0.57539269 
[1] "New improvement found, resetting step counter"
       step   negloglik          mu    sigma.sq          SE          bt 
 2.00000000 12.46420437  0.75864596  0.02080627  0.02075303  2.03919692 
         vh 
 0.03432428 
       step   negloglik          mu    sigma.sq          SE          bt 
 3.00000000 12.46420437  0.75864596  0.02080627  0.02075303  2.03919692 
         vh 
 0.03432428 
       step   negloglik          mu    sigma.sq          SE          bt 
 4.00000000 12.46420437  0.75864596  0.02080627  0.02075303  2.03919692 
         vh 
 0.03432428 
[1] "Now starting analysis"
[1] "Starting with initial values"
        mu   sigma.sq         bt         vh 
3.60440345 0.06709478 1.00000000 0.03354739 
        step    negloglik           mu     sigma.sq           bt           vh 
 1.000000000 18.608866812  0.321187811  0.051459305  2.124278397  0.002003928 
[1] "New improvement found, resetting step counter"
        step    negloglik           mu     sigma.sq           bt           vh 
 2.000000000 18.588690902  0.533615650  0.051459305  2.124278397  0.002003928 
        step    negloglik           mu     sigma.sq           bt           vh 
 3.000000000 18.588690902  0.533615650  0.051459305  2.124278397  0.002003928 
[1] "New improvement found, but slight; taking the best value, but not resetting the step counter"
        step    negloglik           mu     sigma.sq           bt           vh 
 4.000000000 18.581598178  0.451432889  0.055338893  2.129411080  0.001866539 
[1] "Now starting analysis"
[1] "Starting with initial values"
        mu   sigma.sq         SE         vh 
3.60440345 0.06709478 0.03354739 0.03354739 
       step   negloglik          mu    sigma.sq          SE          vh 
 1.00000000 16.61956572  1.61916702  0.02326795  0.01664911  1.28540547 
[1] "New improvement found, resetting step counter"
       step   negloglik          mu    sigma.sq          SE          vh 
 2.00000000 16.47771516  1.89099065  0.02219349  0.01704556  1.76832167 
       step   negloglik          mu    sigma.sq          SE          vh 
 3.00000000 16.47771516  1.89099065  0.02219349  0.01704556  1.76832167 
       step   negloglik          mu    sigma.sq          SE          vh 
 4.00000000 16.47771516  1.89099065  0.02219349  0.01704556  1.76832167 
[1] "Now starting analysis"
[1] "Starting with initial values"
        mu   sigma.sq         vh 
3.60440345 0.06709478 0.03354739 
       step   negloglik          mu    sigma.sq          vh 
 1.00000000 22.26679608  2.45749013  0.05667407  1.59828019 
       step   negloglik          mu    sigma.sq          vh 
 2.00000000 22.26679608  2.45749013  0.05667407  1.59828019 
       step   negloglik          mu    sigma.sq          vh 
 3.00000000 22.26679608  2.45749013  0.05667407  1.59828019 
[1] "Now starting analysis"
[1] "Starting with initial values"
        mu   sigma.sq         SE         bt 
3.60440345 0.06709478 0.03354739 1.00000000 
       step   negloglik          mu    sigma.sq          SE          bt 
 1.00000000 12.44496394  0.64142820  0.02475322  0.01654336  2.10039703 
[1] "New improvement found, but slight; taking the best value, but not resetting the step counter"
       step   negloglik          mu    sigma.sq          SE          bt 
 2.00000000 12.43546342  0.71318187  0.02375678  0.01596111  2.08543574 
[1] "New improvement found, but slight; taking the best value, but not resetting the step counter"
       step   negloglik          mu    sigma.sq          SE          bt 
 3.00000000 12.43537789  0.71829481  0.02344014  0.01691787  2.05639332 
[1] "Now starting analysis"
[1] "Starting with initial values"
        mu   sigma.sq         bt 
3.60440345 0.06709478 1.00000000 
       step   negloglik          mu    sigma.sq          bt 
 1.00000000 18.57743924  0.63946693  0.05522071  2.06937486 
[1] "New improvement found, but slight; taking the best value, but not resetting the step counter"
       step   negloglik          mu    sigma.sq          bt 
 2.00000000 18.57605920  0.73233731  0.05252621  2.09326608 
[1] "New improvement found, but slight; taking the best value, but not resetting the step counter"
       step   negloglik          mu    sigma.sq          bt 
 3.00000000 18.57137903  0.67160382  0.05284419  2.08578171 
[1] "Now starting analysis"
[1] "Starting with initial values"
        mu   sigma.sq         SE 
3.60440345 0.06709478 0.03354739 
       step   negloglik          mu    sigma.sq          SE 
 1.00000000 24.47543714  3.90879416  0.07108128  0.01150116 
[1] "New improvement found, but slight; taking the best value, but not resetting the step counter"
       step   negloglik          mu    sigma.sq          SE 
 2.00000000 24.47006488  3.90983812  0.07033972  0.01015480 
[1] "New improvement found, but slight; taking the best value, but not resetting the step counter"
        step    negloglik           mu     sigma.sq           SE 
 3.000000000 24.469101589  3.933367652  0.069336583  0.009977753 
[1] "Now starting analysis"
[1] "Starting with initial values"
        mu   sigma.sq 
3.60440345 0.06709478 
       step   negloglik          mu    sigma.sq 
 1.00000000 26.32986202  3.90643504  0.09274624 
[1] "New improvement found, but slight; taking the best value, but not resetting the step counter"
       step   negloglik          mu    sigma.sq 
 2.00000000 26.32950095  3.85989353  0.08816838 
[1] "New improvement found, but slight; taking the best value, but not resetting the step counter"
       step   negloglik          mu    sigma.sq 
 3.00000000 26.32646045  3.85901014  0.09159233 
