000 (066.1063.000) 07/26 17:14:46 Job submitted from host: <160.36.155.106:9618?addrs=160.36.155.106-9618&noUDP&sock=27742_4872_4>
...
012 (066.1063.000) 08/03 14:16:54 Job was held.
	via condor_hold (by user bomeara)
	Code 1 Subcode 0
...
013 (066.1063.000) 08/05 22:27:41 Job was released.
	via condor_release (by user bomeara)
...
012 (066.1063.000) 08/09 10:35:41 Job was held.
	via condor_hold (by user bomeara)
	Code 1 Subcode 0
...
013 (066.1063.000) 08/09 13:04:59 Job was released.
	via condor_release (by user bomeara)
...
001 (066.1063.000) 08/23 18:49:05 Job executing on host: <10.128.213.253:9618?addrs=10.128.213.253-9618&noUDP&sock=2256_01bf_4>
...
006 (066.1063.000) 08/23 18:49:14 Image size of job updated: 233700
	229  -  MemoryUsage of job (MB)
	233700  -  ResidentSetSize of job (KB)
...
006 (066.1063.000) 08/23 18:54:15 Image size of job updated: 235684
	231  -  MemoryUsage of job (MB)
	235684  -  ResidentSetSize of job (KB)
...
006 (066.1063.000) 08/23 23:34:41 Image size of job updated: 246856
	242  -  MemoryUsage of job (MB)
	246856  -  ResidentSetSize of job (KB)
...
006 (066.1063.000) 08/24 06:55:29 Image size of job updated: 247064
	242  -  MemoryUsage of job (MB)
	247064  -  ResidentSetSize of job (KB)
...
006 (066.1063.000) 08/24 09:20:44 Image size of job updated: 248900
	244  -  MemoryUsage of job (MB)
	248900  -  ResidentSetSize of job (KB)
...
005 (066.1063.000) 08/24 09:48:17 Job terminated.
	(1) Normal termination (return value 0)
		Usr 0 14:57:59, Sys 0 00:00:05  -  Run Remote Usage
		Usr 0 00:00:00, Sys 0 00:00:00  -  Run Local Usage
		Usr 0 14:57:59, Sys 0 00:00:05  -  Total Remote Usage
		Usr 0 00:00:00, Sys 0 00:00:00  -  Total Local Usage
	31292  -  Run Bytes Sent By Job
	2422  -  Run Bytes Received By Job
	31292  -  Total Bytes Sent By Job
	2422  -  Total Bytes Received By Job
	Partitionable Resources :    Usage  Request Allocated 
	   Cpus                 :     1.00        1         1 
	   Disk (KB)            :    49           4    892992 
	   Memory (MB)          :   244           1       128 
...
