000 (066.1652.000) 07/26 17:14:46 Job submitted from host: <160.36.155.106:9618?addrs=160.36.155.106-9618&noUDP&sock=27742_4872_4>
...
012 (066.1652.000) 08/03 14:17:24 Job was held.
	via condor_hold (by user bomeara)
	Code 1 Subcode 0
...
013 (066.1652.000) 08/05 22:28:11 Job was released.
	via condor_release (by user bomeara)
...
012 (066.1652.000) 08/09 10:36:21 Job was held.
	via condor_hold (by user bomeara)
	Code 1 Subcode 0
...
013 (066.1652.000) 08/09 13:05:29 Job was released.
	via condor_release (by user bomeara)
...
012 (066.1652.000) 09/23 13:38:13 Job was held.
	via condor_hold (by user bomeara)
	Code 1 Subcode 0
...
013 (066.1652.000) 09/24 14:50:04 Job was released.
	via condor_release (by user bomeara)
...
001 (066.1652.000) 09/27 06:41:13 Job executing on host: <10.129.199.164:9618?addrs=10.129.199.164-9618&noUDP&sock=2250_e42e_4>
...
006 (066.1652.000) 09/27 06:41:22 Image size of job updated: 220656
	216  -  MemoryUsage of job (MB)
	220656  -  ResidentSetSize of job (KB)
...
006 (066.1652.000) 09/27 06:46:23 Image size of job updated: 225012
	220  -  MemoryUsage of job (MB)
	225012  -  ResidentSetSize of job (KB)
...
006 (066.1652.000) 09/27 10:51:48 Image size of job updated: 230776
	226  -  MemoryUsage of job (MB)
	230776  -  ResidentSetSize of job (KB)
...
006 (066.1652.000) 09/27 17:37:33 Image size of job updated: 230996
	226  -  MemoryUsage of job (MB)
	230996  -  ResidentSetSize of job (KB)
...
006 (066.1652.000) 09/27 18:07:36 Image size of job updated: 231256
	226  -  MemoryUsage of job (MB)
	231256  -  ResidentSetSize of job (KB)
...
005 (066.1652.000) 09/27 19:41:58 Job terminated.
	(1) Normal termination (return value 0)
		Usr 0 12:59:43, Sys 0 00:00:05  -  Run Remote Usage
		Usr 0 00:00:00, Sys 0 00:00:00  -  Run Local Usage
		Usr 0 12:59:43, Sys 0 00:00:05  -  Total Remote Usage
		Usr 0 00:00:00, Sys 0 00:00:00  -  Total Local Usage
	28729  -  Run Bytes Sent By Job
	2422  -  Run Bytes Received By Job
	28729  -  Total Bytes Sent By Job
	2422  -  Total Bytes Received By Job
	Partitionable Resources :    Usage  Request Allocated 
	   Cpus                 :     1.00        1         1 
	   Disk (KB)            :    46           4    889393 
	   Memory (MB)          :   226           1       128 
...
