[1] "args"
[1] "66"  "474"
[1] "Now starting analysis"
[1] "Starting with initial values"
        mu   sigma.sq         SE         bt         vh 
0.38005956 0.04596643 0.02298321 1.00000000 0.02298321 
        step    negloglik           mu     sigma.sq           SE           bt 
1.0000000000 9.9437804888 0.2504035982 0.0049766698 0.0651039556 1.1769526337 
          vh 
0.0000202686 
[1] "New improvement found, resetting step counter"
        step    negloglik           mu     sigma.sq           SE           bt 
2.0000000000 9.8186003090 0.2097958582 0.0048207047 0.0632513590 1.3816901610 
          vh 
0.0001504445 
        step    negloglik           mu     sigma.sq           SE           bt 
3.0000000000 9.8186003090 0.2097958582 0.0048207047 0.0632513590 1.3816901610 
          vh 
0.0001504445 
[1] "New improvement found, but slight; taking the best value, but not resetting the step counter"
        step    negloglik           mu     sigma.sq           SE           bt 
4.0000000000 9.8145656662 0.2495787957 0.0047644831 0.0658126779 1.4179637967 
          vh 
0.0003788131 
[1] "Now starting analysis"
[1] "Starting with initial values"
        mu   sigma.sq         bt         vh 
0.38005956 0.04596643 1.00000000 0.02298321 
        step    negloglik           mu     sigma.sq           bt           vh 
 1.000000000 13.002849035  0.367318362  0.046489101  1.174758801  0.004434138 
[1] "New improvement found, but slight; taking the best value, but not resetting the step counter"
        step    negloglik           mu     sigma.sq           bt           vh 
 2.000000000 13.002214516  0.367318362  0.046489101  1.292234681  0.004434138 
        step    negloglik           mu     sigma.sq           bt           vh 
 3.000000000 13.002214516  0.367318362  0.046489101  1.292234681  0.004434138 
[1] "Now starting analysis"
[1] "Starting with initial values"
        mu   sigma.sq         SE         vh 
0.38005956 0.04596643 0.02298321 0.02298321 
        step    negloglik           mu     sigma.sq           SE           vh 
1.000000e+00 1.016875e+01 3.436880e-01 6.282972e-03 6.014293e-02 6.430528e-04 
[1] "New improvement found, resetting step counter"
        step    negloglik           mu     sigma.sq           SE           vh 
 2.000000000 10.143090076  0.432576187  0.006187139  0.060413382  0.002054183 
        step    negloglik           mu     sigma.sq           SE           vh 
 3.000000000 10.143090076  0.432576187  0.006187139  0.060413382  0.002054183 
        step    negloglik           mu     sigma.sq           SE           vh 
 4.000000000 10.143090076  0.432576187  0.006187139  0.060413382  0.002054183 
[1] "Now starting analysis"
[1] "Starting with initial values"
        mu   sigma.sq         vh 
0.38005956 0.04596643 0.02298321 
        step    negloglik           mu     sigma.sq           vh 
 1.000000000 13.027867407  0.409883680  0.045174637  0.002132724 
[1] "New improvement found, but slight; taking the best value, but not resetting the step counter"
        step    negloglik           mu     sigma.sq           vh 
 2.000000000 13.027069328  0.450872048  0.045174637  0.002132724 
        step    negloglik           mu     sigma.sq           vh 
 3.000000000 13.027069328  0.450872048  0.045174637  0.002132724 
[1] "Now starting analysis"
[1] "Starting with initial values"
        mu   sigma.sq         SE         bt 
0.38005956 0.04596643 0.02298321 1.00000000 
        step    negloglik           mu     sigma.sq           SE           bt 
 1.000000000 10.073219633  0.470848747  0.006503043  0.058198369  1.069247167 
[1] "New improvement found, resetting step counter"
       step   negloglik          mu    sigma.sq          SE          bt 
2.000000000 9.812369166 0.220150884 0.004994588 0.062115639 1.415037909 
       step   negloglik          mu    sigma.sq          SE          bt 
3.000000000 9.812369166 0.220150884 0.004994588 0.062115639 1.415037909 
[1] "New improvement found, but slight; taking the best value, but not resetting the step counter"
      step  negloglik         mu   sigma.sq         SE         bt 
4.00000000 9.81228865 0.22514113 0.00514554 0.06235776 1.39883147 
[1] "Now starting analysis"
[1] "Starting with initial values"
        mu   sigma.sq         bt 
0.38005956 0.04596643 1.00000000 
       step   negloglik          mu    sigma.sq          bt 
 1.00000000 12.99544822  0.22446060  0.04609664  1.28884549 
       step   negloglik          mu    sigma.sq          bt 
 2.00000000 12.99544822  0.22446060  0.04609664  1.28884549 
       step   negloglik          mu    sigma.sq          bt 
 3.00000000 12.99544822  0.22446060  0.04609664  1.28884549 
[1] "Now starting analysis"
[1] "Starting with initial values"
        mu   sigma.sq         SE 
0.38005956 0.04596643 0.02298321 
        step    negloglik           mu     sigma.sq           SE 
 1.000000000 10.159173719  0.355962571  0.005634006  0.062261464 
[1] "New improvement found, resetting step counter"
       step   negloglik          mu    sigma.sq          SE 
 2.00000000 10.14376310  0.40399503  0.00631122  0.06044268 
       step   negloglik          mu    sigma.sq          SE 
 3.00000000 10.14376310  0.40399503  0.00631122  0.06044268 
[1] "New improvement found, but slight; taking the best value, but not resetting the step counter"
        step    negloglik           mu     sigma.sq           SE 
 4.000000000 10.137917164  0.420104551  0.006043669  0.062115485 
[1] "Now starting analysis"
[1] "Starting with initial values"
        mu   sigma.sq 
0.38005956 0.04596643 
       step   negloglik          mu    sigma.sq 
 1.00000000 13.02362453  0.41806552  0.04596643 
[1] "New improvement found, but slight; taking the best value, but not resetting the step counter"
       step   negloglik          mu    sigma.sq 
 2.00000000 13.02316444  0.45987207  0.04596643 
       step   negloglik          mu    sigma.sq 
 3.00000000 13.02316444  0.45987207  0.04596643 
