000 (066.111.000) 07/26 17:14:45 Job submitted from host: <160.36.155.106:9618?addrs=160.36.155.106-9618&noUDP&sock=27742_4872_4>
...
001 (066.111.000) 07/26 17:14:53 Job executing on host: <10.130.107.8:9618?addrs=10.130.107.8-9618&noUDP&sock=69199_5635_4>
...
006 (066.111.000) 07/26 17:15:02 Image size of job updated: 243040
	238  -  MemoryUsage of job (MB)
	243032  -  ResidentSetSize of job (KB)
...
006 (066.111.000) 07/26 17:20:03 Image size of job updated: 243168
	238  -  MemoryUsage of job (MB)
	243160  -  ResidentSetSize of job (KB)
...
006 (066.111.000) 07/26 20:35:21 Image size of job updated: 247400
	242  -  MemoryUsage of job (MB)
	247392  -  ResidentSetSize of job (KB)
...
006 (066.111.000) 07/27 03:31:02 Image size of job updated: 248040
	243  -  MemoryUsage of job (MB)
	248032  -  ResidentSetSize of job (KB)
...
005 (066.111.000) 07/27 06:25:34 Job terminated.
	(1) Normal termination (return value 0)
		Usr 0 13:09:21, Sys 0 00:00:09  -  Run Remote Usage
		Usr 0 00:00:00, Sys 0 00:00:00  -  Run Local Usage
		Usr 0 13:09:21, Sys 0 00:00:09  -  Total Remote Usage
		Usr 0 00:00:00, Sys 0 00:00:00  -  Total Local Usage
	31813  -  Run Bytes Sent By Job
	2422  -  Run Bytes Received By Job
	31813  -  Total Bytes Sent By Job
	2422  -  Total Bytes Received By Job
	Partitionable Resources :    Usage  Request Allocated 
	   Cpus                 :     1.00        1         1 
	   Disk (KB)            :    49           4    888358 
	   Memory (MB)          :   243           1       128 
...
