000 (066.357.000) 07/26 17:14:46 Job submitted from host: <160.36.155.106:9618?addrs=160.36.155.106-9618&noUDP&sock=27742_4872_4>
...
001 (066.357.000) 07/28 04:15:42 Job executing on host: <160.36.154.249:9618?addrs=160.36.154.249-9618&noUDP&sock=66431_b80f_4>
...
006 (066.357.000) 07/28 04:15:51 Image size of job updated: 243008
	238  -  MemoryUsage of job (MB)
	243008  -  ResidentSetSize of job (KB)
...
006 (066.357.000) 07/28 04:20:52 Image size of job updated: 247852
	243  -  MemoryUsage of job (MB)
	247852  -  ResidentSetSize of job (KB)
...
006 (066.357.000) 07/28 04:25:52 Image size of job updated: 247864
	243  -  MemoryUsage of job (MB)
	247864  -  ResidentSetSize of job (KB)
...
006 (066.357.000) 07/28 19:02:26 Image size of job updated: 248416
	243  -  MemoryUsage of job (MB)
	248416  -  ResidentSetSize of job (KB)
...
006 (066.357.000) 07/29 05:53:32 Image size of job updated: 248744
	243  -  MemoryUsage of job (MB)
	248744  -  ResidentSetSize of job (KB)
...
006 (066.357.000) 07/29 18:19:45 Image size of job updated: 248996
	244  -  MemoryUsage of job (MB)
	248996  -  ResidentSetSize of job (KB)
...
006 (066.357.000) 07/29 23:40:15 Image size of job updated: 249380
	244  -  MemoryUsage of job (MB)
	249380  -  ResidentSetSize of job (KB)
...
005 (066.357.000) 07/30 01:32:53 Job terminated.
	(1) Normal termination (return value 0)
		Usr 1 21:10:41, Sys 0 00:00:36  -  Run Remote Usage
		Usr 0 00:00:00, Sys 0 00:00:00  -  Run Local Usage
		Usr 1 21:10:41, Sys 0 00:00:36  -  Total Remote Usage
		Usr 0 00:00:00, Sys 0 00:00:00  -  Total Local Usage
	31667  -  Run Bytes Sent By Job
	2422  -  Run Bytes Received By Job
	31667  -  Total Bytes Sent By Job
	2422  -  Total Bytes Received By Job
	Partitionable Resources :    Usage  Request Allocated 
	   Cpus                 :        0        1         1 
	   Disk (KB)            :       49        4    202517 
	   Memory (MB)          :      244        1       128 
...
