000 (066.456.000) 07/26 17:14:46 Job submitted from host: <160.36.155.106:9618?addrs=160.36.155.106-9618&noUDP&sock=27742_4872_4>
...
001 (066.456.000) 07/31 01:48:42 Job executing on host: <10.130.210.206:9618?addrs=10.130.210.206-9618&noUDP&sock=76684_6c96_4>
...
006 (066.456.000) 07/31 01:48:51 Image size of job updated: 226548
	222  -  MemoryUsage of job (MB)
	226548  -  ResidentSetSize of job (KB)
...
005 (066.456.000) 07/31 02:15:20 Job terminated.
	(1) Normal termination (return value 1)
		Usr 0 00:26:35, Sys 0 00:00:00  -  Run Remote Usage
		Usr 0 00:00:00, Sys 0 00:00:00  -  Run Local Usage
		Usr 0 00:26:35, Sys 0 00:00:00  -  Total Remote Usage
		Usr 0 00:00:00, Sys 0 00:00:00  -  Total Local Usage
	1946  -  Run Bytes Sent By Job
	2422  -  Run Bytes Received By Job
	1946  -  Total Bytes Sent By Job
	2422  -  Total Bytes Received By Job
	Partitionable Resources :    Usage  Request Allocated 
	   Cpus                 :     1.00        1         1 
	   Disk (KB)            :    20           4    813884 
	   Memory (MB)          :   222           1       128 
...
