000 (066.848.000) 07/26 17:14:46 Job submitted from host: <160.36.155.106:9618?addrs=160.36.155.106-9618&noUDP&sock=27742_4872_4>
...
012 (066.848.000) 08/03 14:16:43 Job was held.
	via condor_hold (by user bomeara)
	Code 1 Subcode 0
...
013 (066.848.000) 08/05 22:27:29 Job was released.
	via condor_release (by user bomeara)
...
012 (066.848.000) 08/09 10:35:27 Job was held.
	via condor_hold (by user bomeara)
	Code 1 Subcode 0
...
013 (066.848.000) 08/09 13:04:48 Job was released.
	via condor_release (by user bomeara)
...
001 (066.848.000) 08/11 12:14:22 Job executing on host: <10.130.122.65:9618?addrs=10.130.122.65-9618&noUDP&sock=77628_edfd_4>
...
006 (066.848.000) 08/11 12:14:30 Image size of job updated: 220696
	216  -  MemoryUsage of job (MB)
	220696  -  ResidentSetSize of job (KB)
...
006 (066.848.000) 08/11 12:19:30 Image size of job updated: 225132
	220  -  MemoryUsage of job (MB)
	225132  -  ResidentSetSize of job (KB)
...
006 (066.848.000) 08/11 12:24:30 Image size of job updated: 225144
	220  -  MemoryUsage of job (MB)
	225144  -  ResidentSetSize of job (KB)
...
006 (066.848.000) 08/14 06:36:21 Image size of job updated: 227904
	223  -  MemoryUsage of job (MB)
	227904  -  ResidentSetSize of job (KB)
...
022 (066.848.000) 08/14 14:07:46 Job disconnected, attempting to reconnect
    Local schedd and job shadow died, schedd now running again
    Trying to reconnect to slot1_15@omearaclusterg <10.130.122.65:9618?addrs=10.130.122.65-9618&noUDP&sock=77628_edfd_4>
...
023 (066.848.000) 08/14 14:07:51 Job reconnected to slot1_15@omearaclusterg
    startd address: <10.130.122.65:9618?addrs=10.130.122.65-9618&noUDP&sock=77628_edfd_4>
    starter address: <10.130.122.65:9618?addrs=10.130.122.65-9618&noUDP&sock=77741_5132_184>
...
005 (066.848.000) 08/15 19:13:41 Job terminated.
	(1) Normal termination (return value 0)
		Usr 4 06:49:07, Sys 0 00:01:08  -  Run Remote Usage
		Usr 0 00:00:00, Sys 0 00:00:00  -  Run Local Usage
		Usr 4 06:49:07, Sys 0 00:01:08  -  Total Remote Usage
		Usr 0 00:00:00, Sys 0 00:00:00  -  Total Local Usage
	29846  -  Run Bytes Sent By Job
	0  -  Run Bytes Received By Job
	29846  -  Total Bytes Sent By Job
	2422  -  Total Bytes Received By Job
	Partitionable Resources :    Usage  Request Allocated 
	   Cpus                 :     1.00        1         1 
	   Disk (KB)            :    47          47    891678 
	   Memory (MB)          :   245         245       128 
...
