000 (066.1599.000) 07/26 17:14:46 Job submitted from host: <160.36.155.106:9618?addrs=160.36.155.106-9618&noUDP&sock=27742_4872_4>
...
012 (066.1599.000) 08/03 14:17:21 Job was held.
	via condor_hold (by user bomeara)
	Code 1 Subcode 0
...
013 (066.1599.000) 08/05 22:28:08 Job was released.
	via condor_release (by user bomeara)
...
012 (066.1599.000) 08/09 10:36:17 Job was held.
	via condor_hold (by user bomeara)
	Code 1 Subcode 0
...
013 (066.1599.000) 08/09 13:05:27 Job was released.
	via condor_release (by user bomeara)
...
012 (066.1599.000) 09/23 13:38:09 Job was held.
	via condor_hold (by user bomeara)
	Code 1 Subcode 0
...
001 (066.1599.000) 09/24 14:49:57 Job executing on host: <10.129.199.164:9618?addrs=10.129.199.164-9618&noUDP&sock=2250_e42e_4>
...
013 (066.1599.000) 09/24 14:50:01 Job was released.
	via condor_release (by user bomeara)
...
006 (066.1599.000) 09/24 14:50:05 Image size of job updated: 243260
	238  -  MemoryUsage of job (MB)
	243260  -  ResidentSetSize of job (KB)
...
006 (066.1599.000) 09/24 14:55:05 Image size of job updated: 246188
	241  -  MemoryUsage of job (MB)
	246188  -  ResidentSetSize of job (KB)
...
006 (066.1599.000) 09/25 07:26:50 Image size of job updated: 246664
	241  -  MemoryUsage of job (MB)
	246664  -  ResidentSetSize of job (KB)
...
006 (066.1599.000) 09/26 15:20:12 Image size of job updated: 248116
	243  -  MemoryUsage of job (MB)
	248116  -  ResidentSetSize of job (KB)
...
005 (066.1599.000) 09/27 01:12:18 Job terminated.
	(1) Normal termination (return value 0)
		Usr 2 10:17:10, Sys 0 00:00:28  -  Run Remote Usage
		Usr 0 00:00:00, Sys 0 00:00:00  -  Run Local Usage
		Usr 2 10:17:10, Sys 0 00:00:28  -  Total Remote Usage
		Usr 0 00:00:00, Sys 0 00:00:00  -  Total Local Usage
	32126  -  Run Bytes Sent By Job
	2422  -  Run Bytes Received By Job
	32126  -  Total Bytes Sent By Job
	2422  -  Total Bytes Received By Job
	Partitionable Resources :    Usage  Request Allocated 
	   Cpus                 :     1.00        1         1 
	   Disk (KB)            :    49           4    889393 
	   Memory (MB)          :   243           1       128 
...
