[1] "args"
[1] "66"  "551"
[1] "Now starting analysis"
[1] "Starting with initial values"
       mu  sigma.sq        SE        bt        vh 
2.5748134 0.3948450 0.1974225 1.0000000 0.1974225 
        step    negloglik           mu     sigma.sq           SE           bt 
 1.000000000 51.177151991  2.581164160  0.002941437  0.103998487  1.566636158 
          vh 
 0.325706704 
[1] "New improvement found, resetting step counter"
        step    negloglik           mu     sigma.sq           SE           bt 
 2.000000000 45.649573798  1.040213238  0.002660072  0.102308278  2.028978439 
          vh 
 0.004018583 
        step    negloglik           mu     sigma.sq           SE           bt 
 3.000000000 45.649573798  1.040213238  0.002660072  0.102308278  2.028978439 
          vh 
 0.004018583 
[1] "New improvement found, resetting step counter"
        step    negloglik           mu     sigma.sq           SE           bt 
 4.000000000 45.592513865  0.998942297  0.002315063  0.103721160  2.047341223 
          vh 
 0.010789426 
        step    negloglik           mu     sigma.sq           SE           bt 
 5.000000000 45.592513865  0.998942297  0.002315063  0.103721160  2.047341223 
          vh 
 0.010789426 
        step    negloglik           mu     sigma.sq           SE           bt 
 6.000000000 45.592513865  0.998942297  0.002315063  0.103721160  2.047341223 
          vh 
 0.010789426 
[1] "Now starting analysis"
[1] "Starting with initial values"
       mu  sigma.sq        bt        vh 
2.5748134 0.3948450 1.0000000 0.1974225 
        step    negloglik           mu     sigma.sq           bt           vh 
  1.00000000 142.71726858   2.70587990   0.38352988   1.13106655   0.07301927 
[1] "New improvement found, resetting step counter"
        step    negloglik           mu     sigma.sq           bt           vh 
  2.00000000 142.67575298   2.70587990   0.38352988   1.40165454   0.07301927 
        step    negloglik           mu     sigma.sq           bt           vh 
  3.00000000 142.67575298   2.70587990   0.38352988   1.40165454   0.07301927 
        step    negloglik           mu     sigma.sq           bt           vh 
  4.00000000 142.67575298   2.70587990   0.38352988   1.40165454   0.07301927 
[1] "Now starting analysis"
[1] "Starting with initial values"
       mu  sigma.sq        SE        vh 
2.5748134 0.3948450 0.1974225 0.1974225 
       step   negloglik          mu    sigma.sq          SE          vh 
 1.00000000 53.34417128  2.72287790  0.00239914  0.10942236  0.56784774 
[1] "New improvement found, resetting step counter"
        step    negloglik           mu     sigma.sq           SE           vh 
 2.000000000 52.663798184  2.001403405  0.003255637  0.106051208  0.459734422 
        step    negloglik           mu     sigma.sq           SE           vh 
 3.000000000 52.663798184  2.001403405  0.003255637  0.106051208  0.459734422 
[1] "New improvement found, resetting step counter"
        step    negloglik           mu     sigma.sq           SE           vh 
 4.000000000 52.636372858  1.908517209  0.002419165  0.106451906  0.386080898 
        step    negloglik           mu     sigma.sq           SE           vh 
 5.000000000 52.636372858  1.908517209  0.002419165  0.106451906  0.386080898 
        step    negloglik           mu     sigma.sq           SE           vh 
 6.000000000 52.636372858  1.908517209  0.002419165  0.106451906  0.386080898 
[1] "Now starting analysis"
[1] "Starting with initial values"
       mu  sigma.sq        vh 
2.5748134 0.3948450 0.1974225 
       step   negloglik          mu    sigma.sq          vh 
  1.0000000 142.8398759   2.5748134   0.3948450   0.1974225 
       step   negloglik          mu    sigma.sq          vh 
  2.0000000 142.8398759   2.5748134   0.3948450   0.1974225 
       step   negloglik          mu    sigma.sq          vh 
  3.0000000 142.8398759   2.5748134   0.3948450   0.1974225 
[1] "Now starting analysis"
[1] "Starting with initial values"
       mu  sigma.sq        SE        bt 
2.5748134 0.3948450 0.1974225 1.0000000 
       step   negloglik          mu    sigma.sq          SE          bt 
 1.00000000 54.17960490  2.90280380  0.01137836  0.08397387  1.12953658 
[1] "New improvement found, resetting step counter"
        step    negloglik           mu     sigma.sq           SE           bt 
 2.000000000 46.182793238  0.936686732  0.003987216  0.094303307  1.998200055 
[1] "New improvement found, resetting step counter"
       step   negloglik          mu    sigma.sq          SE          bt 
 3.00000000 45.87698959  0.92414118  0.00260816  0.09649620  2.12841453 
[1] "New improvement found, resetting step counter"
        step    negloglik           mu     sigma.sq           SE           bt 
 4.000000000 45.603545255  0.971200018  0.001943827  0.110452791  2.023154037 
[1] "New improvement found, resetting step counter"
        step    negloglik           mu     sigma.sq           SE           bt 
 5.000000000 45.591820427  1.052670051  0.001838221  0.111224922  2.036899348 
        step    negloglik           mu     sigma.sq           SE           bt 
 6.000000000 45.591820427  1.052670051  0.001838221  0.111224922  2.036899348 
        step    negloglik           mu     sigma.sq           SE           bt 
 7.000000000 45.591820427  1.052670051  0.001838221  0.111224922  2.036899348 
[1] "Now starting analysis"
[1] "Starting with initial values"
      mu sigma.sq       bt 
2.574813 0.394845 1.000000 
      step  negloglik         mu   sigma.sq         bt 
  1.000000 142.599506   2.574813   0.394845   1.257481 
[1] "New improvement found, resetting step counter"
      step  negloglik         mu   sigma.sq         bt 
  2.000000 142.581244   2.574813   0.394845   1.514963 
      step  negloglik         mu   sigma.sq         bt 
  3.000000 142.581244   2.574813   0.394845   1.514963 
      step  negloglik         mu   sigma.sq         bt 
  4.000000 142.581244   2.574813   0.394845   1.514963 
[1] "Now starting analysis"
[1] "Starting with initial values"
       mu  sigma.sq        SE 
2.5748134 0.3948450 0.1974225 
       step   negloglik          mu    sigma.sq          SE 
 1.00000000 55.20001227  2.74635265  0.01128692  0.08577712 
[1] "New improvement found, resetting step counter"
       step   negloglik          mu    sigma.sq          SE 
 2.00000000 55.10510957  2.46789707  0.01152411  0.08639945 
[1] "New improvement found, but slight; taking the best value, but not resetting the step counter"
       step   negloglik          mu    sigma.sq          SE 
 3.00000000 55.10385793  2.60719103  0.01123634  0.08611366 
       step   negloglik          mu    sigma.sq          SE 
 4.00000000 55.10385793  2.60719103  0.01123634  0.08611366 
[1] "Now starting analysis"
[1] "Starting with initial values"
      mu sigma.sq 
2.574813 0.394845 
      step  negloglik         mu   sigma.sq 
  1.000000 142.691090   2.574813   0.394845 
      step  negloglik         mu   sigma.sq 
  2.000000 142.691090   2.574813   0.394845 
      step  negloglik         mu   sigma.sq 
  3.000000 142.691090   2.574813   0.394845 
