000 (066.942.000) 07/26 17:14:46 Job submitted from host: <160.36.155.106:9618?addrs=160.36.155.106-9618&noUDP&sock=27742_4872_4>
...
012 (066.942.000) 08/03 14:16:48 Job was held.
	via condor_hold (by user bomeara)
	Code 1 Subcode 0
...
013 (066.942.000) 08/05 22:27:34 Job was released.
	via condor_release (by user bomeara)
...
012 (066.942.000) 08/09 10:35:33 Job was held.
	via condor_hold (by user bomeara)
	Code 1 Subcode 0
...
013 (066.942.000) 08/09 13:04:53 Job was released.
	via condor_release (by user bomeara)
...
001 (066.942.000) 08/16 19:30:55 Job executing on host: <10.130.122.65:9618?addrs=10.130.122.65-9618&noUDP&sock=77628_edfd_4>
...
006 (066.942.000) 08/16 19:31:03 Image size of job updated: 233248
	228  -  MemoryUsage of job (MB)
	233248  -  ResidentSetSize of job (KB)
...
005 (066.942.000) 08/16 20:28:35 Job terminated.
	(1) Normal termination (return value 0)
		Usr 0 00:57:32, Sys 0 00:00:00  -  Run Remote Usage
		Usr 0 00:00:00, Sys 0 00:00:00  -  Run Local Usage
		Usr 0 00:57:32, Sys 0 00:00:00  -  Total Remote Usage
		Usr 0 00:00:00, Sys 0 00:00:00  -  Total Local Usage
	28300  -  Run Bytes Sent By Job
	2422  -  Run Bytes Received By Job
	28300  -  Total Bytes Sent By Job
	2422  -  Total Bytes Received By Job
	Partitionable Resources :    Usage  Request Allocated 
	   Cpus                 :     1.00        1         1 
	   Disk (KB)            :    46           4    891678 
	   Memory (MB)          :   228           1       128 
...
