[1] "args"
[1] "66"   "1531"
[1] "Now starting analysis"
[1] "Starting with initial values"
         mu    sigma.sq          SE          bt          vh 
1.185239024 0.013958508 0.006979254 1.000000000 0.006979254 
         step     negloglik            mu      sigma.sq            SE 
 1.000000e+00 -3.476405e+01  1.059423e+00  1.372956e-02  7.161082e-07 
           bt            vh 
 1.035585e+00  2.783597e-01 
[1] "New improvement found, resetting step counter"
         step     negloglik            mu      sigma.sq            SE 
 2.000000e+00 -3.667718e+01  5.141270e-01  1.367569e-02  5.308762e-07 
           bt            vh 
 6.461527e+00  6.013159e-03 
[1] "New improvement found, resetting step counter"
         step     negloglik            mu      sigma.sq            SE 
 3.000000e+00 -3.676413e+01  9.163569e-01  1.261248e-02  9.856401e-07 
           bt            vh 
 3.624149e+00  4.199820e-04 
[1] "New improvement found, resetting step counter"
         step     negloglik            mu      sigma.sq            SE 
 4.000000e+00 -3.690372e+01  7.276885e-01  1.281622e-02  9.501251e-06 
           bt            vh 
 5.331670e+00  2.654772e-03 
         step     negloglik            mu      sigma.sq            SE 
 5.000000e+00 -3.690372e+01  7.276885e-01  1.281622e-02  9.501251e-06 
           bt            vh 
 5.331670e+00  2.654772e-03 
         step     negloglik            mu      sigma.sq            SE 
 6.000000e+00 -3.690372e+01  7.276885e-01  1.281622e-02  9.501251e-06 
           bt            vh 
 5.331670e+00  2.654772e-03 
[1] "Now starting analysis"
[1] "Starting with initial values"
         mu    sigma.sq          bt          vh 
1.185239024 0.013958508 1.000000000 0.006979254 
       step   negloglik          mu    sigma.sq          bt          vh 
  1.0000000 -36.0788865   0.8239758   0.0129867   2.7497126   1.3859907 
[1] "New improvement found, resetting step counter"
         step     negloglik            mu      sigma.sq            bt 
 2.000000e+00 -3.686837e+01  7.961704e-01  1.330519e-02  4.056520e+00 
           vh 
 9.505038e-04 
[1] "New improvement found, resetting step counter"
        step    negloglik           mu     sigma.sq           bt           vh 
  3.00000000 -36.90913728   0.87220740   0.01331919   4.42229336   0.02632566 
[1] "New improvement found, but slight; taking the best value, but not resetting the step counter"
        step    negloglik           mu     sigma.sq           bt           vh 
  4.00000000 -36.91727313   0.81869721   0.01290620   4.34795220   0.00568371 
[1] "New improvement found, resetting step counter"
         step     negloglik            mu      sigma.sq            bt 
  5.000000000 -36.948453094   0.864576310   0.013231993   4.476329752 
           vh 
  0.001241608 
         step     negloglik            mu      sigma.sq            bt 
  6.000000000 -36.948453094   0.864576310   0.013231993   4.476329752 
           vh 
  0.001241608 
         step     negloglik            mu      sigma.sq            bt 
  7.000000000 -36.948453094   0.864576310   0.013231993   4.476329752 
           vh 
  0.001241608 
[1] "Now starting analysis"
[1] "Starting with initial values"
         mu    sigma.sq          SE          vh 
1.185239024 0.013958508 0.006979254 0.006979254 
         step     negloglik            mu      sigma.sq            SE 
 1.000000e+00 -3.449428e+01  8.460633e-01  1.324511e-02  3.639828e-05 
           vh 
 3.120358e-01 
[1] "New improvement found, resetting step counter"
         step     negloglik            mu      sigma.sq            SE 
 2.000000e+00 -3.546219e+01  8.396427e-01  1.321156e-02  3.109513e-06 
           vh 
 2.019211e+00 
         step     negloglik            mu      sigma.sq            SE 
 3.000000e+00 -3.546219e+01  8.396427e-01  1.321156e-02  3.109513e-06 
           vh 
 2.019211e+00 
         step     negloglik            mu      sigma.sq            SE 
 4.000000e+00 -3.546219e+01  8.396427e-01  1.321156e-02  3.109513e-06 
           vh 
 2.019211e+00 
[1] "Now starting analysis"
[1] "Starting with initial values"
         mu    sigma.sq          vh 
1.185239024 0.013958508 0.006979254 
        step    negloglik           mu     sigma.sq           vh 
  1.00000000 -35.33878104   0.98034757   0.01358877   1.03239277 
[1] "New improvement found, resetting step counter"
       step   negloglik          mu    sigma.sq          vh 
  2.0000000 -35.3833975   0.9295942   0.0129017   1.1957653 
[1] "New improvement found, resetting step counter"
        step    negloglik           mu     sigma.sq           vh 
  3.00000000 -35.39853193   0.91527965   0.01320386   1.18683998 
[1] "New improvement found, but slight; taking the best value, but not resetting the step counter"
       step   negloglik          mu    sigma.sq          vh 
  4.0000000 -35.4046795   0.9002706   0.0135345   1.2760424 
       step   negloglik          mu    sigma.sq          vh 
  5.0000000 -35.4046795   0.9002706   0.0135345   1.2760424 
[1] "Now starting analysis"
[1] "Starting with initial values"
         mu    sigma.sq          SE          bt 
1.185239024 0.013958508 0.006979254 1.000000000 
         step     negloglik            mu      sigma.sq            SE 
 1.000000e+00 -3.360612e+01  1.142652e+00  1.306711e-02  4.502893e-08 
           bt 
 1.012884e+00 
[1] "New improvement found, resetting step counter"
         step     negloglik            mu      sigma.sq            SE 
 2.000000e+00 -3.695212e+01  7.864024e-01  1.309684e-02  3.233118e-06 
           bt 
 4.857105e+00 
[1] "New improvement found, but slight; taking the best value, but not resetting the step counter"
         step     negloglik            mu      sigma.sq            SE 
 3.000000e+00 -3.695893e+01  8.201753e-01  1.271028e-02  1.855059e-06 
           bt 
 5.324037e+00 
         step     negloglik            mu      sigma.sq            SE 
 4.000000e+00 -3.695893e+01  8.201753e-01  1.271028e-02  1.855059e-06 
           bt 
 5.324037e+00 
[1] "Now starting analysis"
[1] "Starting with initial values"
        mu   sigma.sq         bt 
1.18523902 0.01395851 1.00000000 
        step    negloglik           mu     sigma.sq           bt 
  1.00000000 -36.98283409   0.80315391   0.01322275   5.31542035 
        step    negloglik           mu     sigma.sq           bt 
  2.00000000 -36.98283409   0.80315391   0.01322275   5.31542035 
        step    negloglik           mu     sigma.sq           bt 
  3.00000000 -36.98283409   0.80315391   0.01322275   5.31542035 
[1] "Now starting analysis"
[1] "Starting with initial values"
         mu    sigma.sq          SE 
1.185239024 0.013958508 0.006979254 
         step     negloglik            mu      sigma.sq            SE 
 1.000000e+00 -3.366944e+01  1.234442e+00  1.399654e-02  3.257112e-07 
         step     negloglik            mu      sigma.sq            SE 
 2.000000e+00 -3.366944e+01  1.234442e+00  1.399654e-02  3.257112e-07 
         step     negloglik            mu      sigma.sq            SE 
 3.000000e+00 -3.366944e+01  1.234442e+00  1.399654e-02  3.257112e-07 
[1] "Now starting analysis"
[1] "Starting with initial values"
        mu   sigma.sq 
1.18523902 0.01395851 
        step    negloglik           mu     sigma.sq 
  1.00000000 -33.67681150   1.18523902   0.01395851 
        step    negloglik           mu     sigma.sq 
  2.00000000 -33.67681150   1.18523902   0.01395851 
        step    negloglik           mu     sigma.sq 
  3.00000000 -33.67681150   1.18523902   0.01395851 
