000 (066.1531.000) 07/26 17:14:46 Job submitted from host: <160.36.155.106:9618?addrs=160.36.155.106-9618&noUDP&sock=27742_4872_4>
...
012 (066.1531.000) 08/03 14:17:18 Job was held.
	via condor_hold (by user bomeara)
	Code 1 Subcode 0
...
013 (066.1531.000) 08/05 22:28:05 Job was released.
	via condor_release (by user bomeara)
...
012 (066.1531.000) 08/09 10:36:12 Job was held.
	via condor_hold (by user bomeara)
	Code 1 Subcode 0
...
013 (066.1531.000) 08/09 13:05:23 Job was released.
	via condor_release (by user bomeara)
...
001 (066.1531.000) 09/17 13:34:34 Job executing on host: <10.128.151.149:9618?addrs=10.128.151.149-9618&noUDP&sock=2702_ecfc_4>
...
006 (066.1531.000) 09/17 13:34:42 Image size of job updated: 234156
	229  -  MemoryUsage of job (MB)
	234156  -  ResidentSetSize of job (KB)
...
006 (066.1531.000) 09/17 13:39:42 Image size of job updated: 236232
	231  -  MemoryUsage of job (MB)
	236232  -  ResidentSetSize of job (KB)
...
006 (066.1531.000) 09/18 01:25:56 Image size of job updated: 249696
	244  -  MemoryUsage of job (MB)
	249696  -  ResidentSetSize of job (KB)
...
006 (066.1531.000) 09/18 11:46:59 Image size of job updated: 249828
	244  -  MemoryUsage of job (MB)
	249828  -  ResidentSetSize of job (KB)
...
005 (066.1531.000) 09/18 20:27:29 Job terminated.
	(1) Normal termination (return value 0)
		Usr 1 06:52:00, Sys 0 00:00:05  -  Run Remote Usage
		Usr 0 00:00:00, Sys 0 00:00:00  -  Run Local Usage
		Usr 1 06:52:00, Sys 0 00:00:05  -  Total Remote Usage
		Usr 0 00:00:00, Sys 0 00:00:00  -  Total Local Usage
	32868  -  Run Bytes Sent By Job
	2422  -  Run Bytes Received By Job
	32868  -  Total Bytes Sent By Job
	2422  -  Total Bytes Received By Job
	Partitionable Resources :    Usage  Request Allocated 
	   Cpus                 :     1.00        1         1 
	   Disk (KB)            :    50           4   1811004 
	   Memory (MB)          :   244           1       128 
...
