[1] "args"
[1] "66"  "129"
[1] "Now starting analysis"
[1] "Starting with initial values"
       mu  sigma.sq        SE        bt        vh 
1.9227682 0.2645965 0.1322983 1.0000000 0.1322983 
      step  negloglik         mu   sigma.sq         SE         bt         vh 
 1.0000000 69.8392458  1.9796175  0.0126811  0.1216572  1.2081489  0.2876703 
[1] "New improvement found, resetting step counter"
        step    negloglik           mu     sigma.sq           SE           bt 
 2.000000000 68.219152090  1.480993941  0.009613068  0.120542114  1.551644584 
          vh 
 0.001348935 
        step    negloglik           mu     sigma.sq           SE           bt 
 3.000000000 68.219152090  1.480993941  0.009613068  0.120542114  1.551644584 
          vh 
 0.001348935 
        step    negloglik           mu     sigma.sq           SE           bt 
 4.000000000 68.219152090  1.480993941  0.009613068  0.120542114  1.551644584 
          vh 
 0.001348935 
[1] "Now starting analysis"
[1] "Starting with initial values"
       mu  sigma.sq        bt        vh 
1.9227682 0.2645965 1.0000000 0.1322983 
       step   negloglik          mu    sigma.sq          bt          vh 
  1.0000000 133.0950615   1.9227682   0.2645965   1.1922768   0.1322983 
       step   negloglik          mu    sigma.sq          bt          vh 
  2.0000000 133.0950615   1.9227682   0.2645965   1.1922768   0.1322983 
       step   negloglik          mu    sigma.sq          bt          vh 
  3.0000000 133.0950615   1.9227682   0.2645965   1.1922768   0.1322983 
[1] "Now starting analysis"
[1] "Starting with initial values"
       mu  sigma.sq        SE        vh 
1.9227682 0.2645965 0.1322983 0.1322983 
       step   negloglik          mu    sigma.sq          SE          vh 
 1.00000000 69.96786208  1.85010647  0.01140511  0.12309150  0.37547264 
[1] "New improvement found, resetting step counter"
        step    negloglik           mu     sigma.sq           SE           vh 
 2.000000000 68.812974324  1.898718595  0.011801034  0.123363912  0.005336678 
[1] "New improvement found, resetting step counter"
        step    negloglik           mu     sigma.sq           SE           vh 
 3.000000000 68.798976096  1.936358326  0.012019805  0.121620377  0.000320974 
        step    negloglik           mu     sigma.sq           SE           vh 
 4.000000000 68.798976096  1.936358326  0.012019805  0.121620377  0.000320974 
        step    negloglik           mu     sigma.sq           SE           vh 
 5.000000000 68.798976096  1.936358326  0.012019805  0.121620377  0.000320974 
[1] "Now starting analysis"
[1] "Starting with initial values"
       mu  sigma.sq        vh 
1.9227682 0.2645965 0.1322983 
       step   negloglik          mu    sigma.sq          vh 
  1.0000000 133.1059884   1.9227682   0.2645965   0.1322983 
       step   negloglik          mu    sigma.sq          vh 
  2.0000000 133.1059884   1.9227682   0.2645965   0.1322983 
       step   negloglik          mu    sigma.sq          vh 
  3.0000000 133.1059884   1.9227682   0.2645965   0.1322983 
[1] "Now starting analysis"
[1] "Starting with initial values"
       mu  sigma.sq        SE        bt 
1.9227682 0.2645965 0.1322983 1.0000000 
       step   negloglik          mu    sigma.sq          SE          bt 
 1.00000000 69.19012056  2.14304140  0.01103513  0.13284928  1.23040101 
[1] "New improvement found, resetting step counter"
        step    negloglik           mu     sigma.sq           SE           bt 
 2.000000000 68.136693929  1.410079416  0.009804017  0.126069542  1.567718840 
        step    negloglik           mu     sigma.sq           SE           bt 
 3.000000000 68.136693929  1.410079416  0.009804017  0.126069542  1.567718840 
        step    negloglik           mu     sigma.sq           SE           bt 
 4.000000000 68.136693929  1.410079416  0.009804017  0.126069542  1.567718840 
[1] "Now starting analysis"
[1] "Starting with initial values"
       mu  sigma.sq        bt 
1.9227682 0.2645965 1.0000000 
       step   negloglik          mu    sigma.sq          bt 
  1.0000000 133.0442021   1.9227682   0.2645965   1.1922768 
       step   negloglik          mu    sigma.sq          bt 
  2.0000000 133.0442021   1.9227682   0.2645965   1.1922768 
       step   negloglik          mu    sigma.sq          bt 
  3.0000000 133.0442021   1.9227682   0.2645965   1.1922768 
[1] "Now starting analysis"
[1] "Starting with initial values"
       mu  sigma.sq        SE 
1.9227682 0.2645965 0.1322983 
      step  negloglik         mu   sigma.sq         SE 
 1.0000000 68.7645638  1.9001437  0.0107813  0.1273555 
      step  negloglik         mu   sigma.sq         SE 
 2.0000000 68.7645638  1.9001437  0.0107813  0.1273555 
      step  negloglik         mu   sigma.sq         SE 
 3.0000000 68.7645638  1.9001437  0.0107813  0.1273555 
[1] "Now starting analysis"
[1] "Starting with initial values"
       mu  sigma.sq 
1.9227682 0.2645965 
       step   negloglik          mu    sigma.sq 
  1.0000000 133.0556189   1.9227682   0.2645965 
       step   negloglik          mu    sigma.sq 
  2.0000000 133.0556189   1.9227682   0.2645965 
       step   negloglik          mu    sigma.sq 
  3.0000000 133.0556189   1.9227682   0.2645965 
