000 (066.1532.000) 07/26 17:14:46 Job submitted from host: <160.36.155.106:9618?addrs=160.36.155.106-9618&noUDP&sock=27742_4872_4>
...
012 (066.1532.000) 08/03 14:17:18 Job was held.
	via condor_hold (by user bomeara)
	Code 1 Subcode 0
...
013 (066.1532.000) 08/05 22:28:05 Job was released.
	via condor_release (by user bomeara)
...
012 (066.1532.000) 08/09 10:36:12 Job was held.
	via condor_hold (by user bomeara)
	Code 1 Subcode 0
...
013 (066.1532.000) 08/09 13:05:23 Job was released.
	via condor_release (by user bomeara)
...
001 (066.1532.000) 09/17 13:38:34 Job executing on host: <10.128.121.58:9618?addrs=10.128.121.58-9618&noUDP&sock=2350_7ba6_4>
...
006 (066.1532.000) 09/17 13:38:42 Image size of job updated: 220968
	216  -  MemoryUsage of job (MB)
	220968  -  ResidentSetSize of job (KB)
...
006 (066.1532.000) 09/17 13:48:43 Image size of job updated: 223596
	219  -  MemoryUsage of job (MB)
	223596  -  ResidentSetSize of job (KB)
...
006 (066.1532.000) 09/17 14:08:45 Image size of job updated: 223612
	219  -  MemoryUsage of job (MB)
	223612  -  ResidentSetSize of job (KB)
...
022 (066.1532.000) 09/20 13:17:49 Job disconnected, attempting to reconnect
    Socket between submit and execute hosts closed unexpectedly
    Trying to reconnect to slot1_18@omearaclustere <10.128.121.58:9618?addrs=10.128.121.58-9618&noUDP&sock=2350_7ba6_4>
...
024 (066.1532.000) 09/20 13:57:51 Job reconnection failed
    Job disconnected too long: JobLeaseDuration (2400 seconds) expired
    Can not reconnect to slot1_18@omearaclustere, rescheduling job
...
012 (066.1532.000) 09/23 13:38:08 Job was held.
	via condor_hold (by user bomeara)
	Code 1 Subcode 0
...
001 (066.1532.000) 09/24 14:49:55 Job executing on host: <10.129.199.164:9618?addrs=10.129.199.164-9618&noUDP&sock=2250_e42e_4>
...
013 (066.1532.000) 09/24 14:50:00 Job was released.
	via condor_release (by user bomeara)
...
006 (066.1532.000) 09/24 14:55:05 Image size of job updated: 225712
	221  -  MemoryUsage of job (MB)
	225712  -  ResidentSetSize of job (KB)
...
006 (066.1532.000) 09/25 04:56:33 Image size of job updated: 228876
	224  -  MemoryUsage of job (MB)
	228876  -  ResidentSetSize of job (KB)
...
005 (066.1532.000) 09/26 16:34:37 Job terminated.
	(1) Normal termination (return value 0)
		Usr 2 01:40:54, Sys 0 00:00:15  -  Run Remote Usage
		Usr 0 00:00:00, Sys 0 00:00:00  -  Run Local Usage
		Usr 2 01:40:54, Sys 0 00:00:15  -  Total Remote Usage
		Usr 0 00:00:00, Sys 0 00:00:00  -  Total Local Usage
	28583  -  Run Bytes Sent By Job
	2422  -  Run Bytes Received By Job
	28583  -  Total Bytes Sent By Job
	4844  -  Total Bytes Received By Job
	Partitionable Resources :    Usage  Request Allocated 
	   Cpus                 :     1.00        1         1 
	   Disk (KB)            :    46          75    889393 
	   Memory (MB)          :   224         220       256 
...
