[1] "args"
[1] "66"  "901"
[1] "Now starting analysis"
[1] "Starting with initial values"
       mu  sigma.sq        SE        bt        vh 
0.6324014 0.2906642 0.1453321 1.0000000 0.1453321 
        step    negloglik           mu     sigma.sq           SE           bt 
 1.000000000 45.343998075  0.704752216  0.007964348  0.081599744  1.117262355 
          vh 
 0.273754930 
[1] "New improvement found, resetting step counter"
        step    negloglik           mu     sigma.sq           SE           bt 
 2.000000000 43.983067927  1.193408897  0.007113462  0.081083794  0.316984003 
          vh 
 0.007343809 
        step    negloglik           mu     sigma.sq           SE           bt 
 3.000000000 43.983067927  1.193408897  0.007113462  0.081083794  0.316984003 
          vh 
 0.007343809 
        step    negloglik           mu     sigma.sq           SE           bt 
 4.000000000 43.983067927  1.193408897  0.007113462  0.081083794  0.316984003 
          vh 
 0.007343809 
[1] "Now starting analysis"
[1] "Starting with initial values"
       mu  sigma.sq        bt        vh 
0.6324014 0.2906642 1.0000000 0.1453321 
       step   negloglik          mu    sigma.sq          bt          vh 
  1.0000000 125.5650291   0.6324014   0.2906642   1.0000000   0.1453321 
       step   negloglik          mu    sigma.sq          bt          vh 
  2.0000000 125.5650291   0.6324014   0.2906642   1.0000000   0.1453321 
       step   negloglik          mu    sigma.sq          bt          vh 
  3.0000000 125.5650291   0.6324014   0.2906642   1.0000000   0.1453321 
[1] "Now starting analysis"
[1] "Starting with initial values"
       mu  sigma.sq        SE        vh 
0.6324014 0.2906642 0.1453321 0.1453321 
        step    negloglik           mu     sigma.sq           SE           vh 
 1.000000000 45.231317862  0.711059463  0.008577818  0.083362384  0.315016931 
[1] "New improvement found, resetting step counter"
        step    negloglik           mu     sigma.sq           SE           vh 
 2.000000000 45.137419090  0.832620962  0.007743252  0.080597338  0.253258412 
        step    negloglik           mu     sigma.sq           SE           vh 
 3.000000000 45.137419090  0.832620962  0.007743252  0.080597338  0.253258412 
        step    negloglik           mu     sigma.sq           SE           vh 
 4.000000000 45.137419090  0.832620962  0.007743252  0.080597338  0.253258412 
[1] "Now starting analysis"
[1] "Starting with initial values"
       mu  sigma.sq        vh 
0.6324014 0.2906642 0.1453321 
       step   negloglik          mu    sigma.sq          vh 
  1.0000000 125.5650291   0.6324014   0.2906642   0.1453321 
       step   negloglik          mu    sigma.sq          vh 
  2.0000000 125.5650291   0.6324014   0.2906642   0.1453321 
       step   negloglik          mu    sigma.sq          vh 
  3.0000000 125.5650291   0.6324014   0.2906642   0.1453321 
[1] "Now starting analysis"
[1] "Starting with initial values"
       mu  sigma.sq        SE        bt 
0.6324014 0.2906642 0.1453321 1.0000000 
        step    negloglik           mu     sigma.sq           SE           bt 
 1.000000000 45.611716806  0.769293770  0.008225866  0.086001489  1.117577545 
[1] "New improvement found, resetting step counter"
        step    negloglik           mu     sigma.sq           SE           bt 
 2.000000000 43.954072106  1.119387855  0.006786809  0.084786957  0.383005414 
        step    negloglik           mu     sigma.sq           SE           bt 
 3.000000000 43.954072106  1.119387855  0.006786809  0.084786957  0.383005414 
        step    negloglik           mu     sigma.sq           SE           bt 
 4.000000000 43.954072106  1.119387855  0.006786809  0.084786957  0.383005414 
[1] "Now starting analysis"
[1] "Starting with initial values"
       mu  sigma.sq        bt 
0.6324014 0.2906642 1.0000000 
       step   negloglik          mu    sigma.sq          bt 
  1.0000000 125.5572886   0.6324014   0.2906642   1.0000000 
       step   negloglik          mu    sigma.sq          bt 
  2.0000000 125.5572886   0.6324014   0.2906642   1.0000000 
       step   negloglik          mu    sigma.sq          bt 
  3.0000000 125.5572886   0.6324014   0.2906642   1.0000000 
[1] "Now starting analysis"
[1] "Starting with initial values"
       mu  sigma.sq        SE 
0.6324014 0.2906642 0.1453321 
        step    negloglik           mu     sigma.sq           SE 
 1.000000000 45.336674882  0.681552905  0.009814633  0.081356525 
[1] "New improvement found, resetting step counter"
        step    negloglik           mu     sigma.sq           SE 
 2.000000000 45.245403684  0.659117262  0.008206653  0.082398931 
        step    negloglik           mu     sigma.sq           SE 
 3.000000000 45.245403684  0.659117262  0.008206653  0.082398931 
[1] "New improvement found, but slight; taking the best value, but not resetting the step counter"
        step    negloglik           mu     sigma.sq           SE 
 4.000000000 45.245006461  0.690334527  0.008094716  0.080772473 
[1] "Now starting analysis"
[1] "Starting with initial values"
       mu  sigma.sq 
0.6324014 0.2906642 
       step   negloglik          mu    sigma.sq 
  1.0000000 125.5572886   0.6324014   0.2906642 
       step   negloglik          mu    sigma.sq 
  2.0000000 125.5572886   0.6324014   0.2906642 
       step   negloglik          mu    sigma.sq 
  3.0000000 125.5572886   0.6324014   0.2906642 
