000 (066.1101.000) 07/26 17:14:46 Job submitted from host: <160.36.155.106:9618?addrs=160.36.155.106-9618&noUDP&sock=27742_4872_4>
...
012 (066.1101.000) 08/03 14:16:56 Job was held.
	via condor_hold (by user bomeara)
	Code 1 Subcode 0
...
013 (066.1101.000) 08/05 22:27:43 Job was released.
	via condor_release (by user bomeara)
...
012 (066.1101.000) 08/09 10:35:44 Job was held.
	via condor_hold (by user bomeara)
	Code 1 Subcode 0
...
013 (066.1101.000) 08/09 13:05:01 Job was released.
	via condor_release (by user bomeara)
...
001 (066.1101.000) 08/25 13:32:59 Job executing on host: <10.128.151.149:9618?addrs=10.128.151.149-9618&noUDP&sock=21393_65a7_4>
...
006 (066.1101.000) 08/25 13:33:08 Image size of job updated: 242824
	238  -  MemoryUsage of job (MB)
	242824  -  ResidentSetSize of job (KB)
...
006 (066.1101.000) 08/25 13:38:09 Image size of job updated: 245332
	240  -  MemoryUsage of job (MB)
	245332  -  ResidentSetSize of job (KB)
...
006 (066.1101.000) 08/28 10:55:08 Image size of job updated: 248500
	243  -  MemoryUsage of job (MB)
	248500  -  ResidentSetSize of job (KB)
...
006 (066.1101.000) 09/03 14:05:33 Image size of job updated: 248632
	243  -  MemoryUsage of job (MB)
	248632  -  ResidentSetSize of job (KB)
...
005 (066.1101.000) 09/03 19:15:34 Job terminated.
	(1) Normal termination (return value 0)
		Usr 9 05:34:04, Sys 0 00:00:21  -  Run Remote Usage
		Usr 0 00:00:00, Sys 0 00:00:00  -  Run Local Usage
		Usr 9 05:34:04, Sys 0 00:00:21  -  Total Remote Usage
		Usr 0 00:00:00, Sys 0 00:00:00  -  Total Local Usage
	31657  -  Run Bytes Sent By Job
	2422  -  Run Bytes Received By Job
	31657  -  Total Bytes Sent By Job
	2422  -  Total Bytes Received By Job
	Partitionable Resources :    Usage  Request Allocated 
	   Cpus                 :     1.00        1         1 
	   Disk (KB)            :    49           4   1811025 
	   Memory (MB)          :   243           1       128 
...
