000 (066.307.000) 07/26 17:14:46 Job submitted from host: <160.36.155.106:9618?addrs=160.36.155.106-9618&noUDP&sock=27742_4872_4>
...
001 (066.307.000) 07/27 07:30:28 Job executing on host: <10.129.199.164:9618?addrs=10.129.199.164-9618&noUDP&sock=2256_01bf_4>
...
006 (066.307.000) 07/27 07:30:37 Image size of job updated: 232740
	228  -  MemoryUsage of job (MB)
	232740  -  ResidentSetSize of job (KB)
...
006 (066.307.000) 07/27 07:35:38 Image size of job updated: 248092
	243  -  MemoryUsage of job (MB)
	248092  -  ResidentSetSize of job (KB)
...
006 (066.307.000) 07/27 09:40:52 Image size of job updated: 249092
	244  -  MemoryUsage of job (MB)
	249092  -  ResidentSetSize of job (KB)
...
006 (066.307.000) 07/27 12:21:09 Image size of job updated: 249684
	244  -  MemoryUsage of job (MB)
	249684  -  ResidentSetSize of job (KB)
...
006 (066.307.000) 07/27 13:11:14 Image size of job updated: 249896
	245  -  MemoryUsage of job (MB)
	249896  -  ResidentSetSize of job (KB)
...
005 (066.307.000) 07/27 16:32:29 Job terminated.
	(1) Normal termination (return value 0)
		Usr 0 09:01:13, Sys 0 00:00:03  -  Run Remote Usage
		Usr 0 00:00:00, Sys 0 00:00:00  -  Run Local Usage
		Usr 0 09:01:13, Sys 0 00:00:03  -  Total Remote Usage
		Usr 0 00:00:00, Sys 0 00:00:00  -  Total Local Usage
	32268  -  Run Bytes Sent By Job
	2422  -  Run Bytes Received By Job
	32268  -  Total Bytes Sent By Job
	2422  -  Total Bytes Received By Job
	Partitionable Resources :    Usage  Request Allocated 
	   Cpus                 :     0.99        1         1 
	   Disk (KB)            :    49           4    889814 
	   Memory (MB)          :   245           1       128 
...
