[1] "args"
[1] "66"  "932"
[1] "Now starting analysis"
[1] "Starting with initial values"
       mu  sigma.sq        SE        bt        vh 
3.5763949 0.1523718 0.0761859 1.0000000 0.0761859 
       step   negloglik          mu    sigma.sq          SE          bt 
 1.00000000 13.93182325  2.69249349  0.01188810  0.04898128  1.69506350 
         vh 
 0.01419079 
[1] "New improvement found, resetting step counter"
        step    negloglik           mu     sigma.sq           SE           bt 
2.000000e+00 1.187126e+01 1.673311e+00 8.126735e-05 8.616680e-02 2.462355e+00 
          vh 
5.907583e-01 
        step    negloglik           mu     sigma.sq           SE           bt 
3.000000e+00 1.187126e+01 1.673311e+00 8.126735e-05 8.616680e-02 2.462355e+00 
          vh 
5.907583e-01 
        step    negloglik           mu     sigma.sq           SE           bt 
4.000000e+00 1.187126e+01 1.673311e+00 8.126735e-05 8.616680e-02 2.462355e+00 
          vh 
5.907583e-01 
[1] "Now starting analysis"
[1] "Starting with initial values"
       mu  sigma.sq        bt        vh 
3.5763949 0.1523718 1.0000000 0.0761859 
        step    negloglik           mu     sigma.sq           bt           vh 
 1.000000000 35.093556020  2.453987968  0.153507165  2.204102111  0.009206998 
        step    negloglik           mu     sigma.sq           bt           vh 
 2.000000000 35.093556020  2.453987968  0.153507165  2.204102111  0.009206998 
        step    negloglik           mu     sigma.sq           bt           vh 
 3.000000000 35.093556020  2.453987968  0.153507165  2.204102111  0.009206998 
[1] "Now starting analysis"
[1] "Starting with initial values"
       mu  sigma.sq        SE        vh 
3.5763949 0.1523718 0.0761859 0.0761859 
        step    negloglik           mu     sigma.sq           SE           vh 
1.000000e+00 1.437740e+01 3.957350e+00 6.421697e-04 8.138257e-02 1.056656e+00 
[1] "New improvement found, resetting step counter"
       step   negloglik          mu    sigma.sq          SE          vh 
 2.00000000 13.33795370  2.81198818  0.00101838  0.07750693  1.42108437 
       step   negloglik          mu    sigma.sq          SE          vh 
 3.00000000 13.33795370  2.81198818  0.00101838  0.07750693  1.42108437 
[1] "New improvement found, but slight; taking the best value, but not resetting the step counter"
        step    negloglik           mu     sigma.sq           SE           vh 
4.000000e+00 1.333514e+01 2.985305e+00 2.555817e-04 8.738841e-02 1.098882e+00 
[1] "Now starting analysis"
[1] "Starting with initial values"
       mu  sigma.sq        vh 
3.5763949 0.1523718 0.0761859 
      step  negloglik         mu   sigma.sq         vh 
 1.0000000 35.6270236  3.5763949  0.1523718  0.0761859 
      step  negloglik         mu   sigma.sq         vh 
 2.0000000 35.6270236  3.5763949  0.1523718  0.0761859 
[1] "New improvement found, but slight; taking the best value, but not resetting the step counter"
       step   negloglik          mu    sigma.sq          vh 
 3.00000000 35.62176122  3.32528318  0.15836307  0.01722853 
[1] "Now starting analysis"
[1] "Starting with initial values"
       mu  sigma.sq        SE        bt 
3.5763949 0.1523718 0.0761859 1.0000000 
        step    negloglik           mu     sigma.sq           SE           bt 
 1.000000000 12.787691455  2.105222498  0.008832044  0.064965953  2.419927301 
        step    negloglik           mu     sigma.sq           SE           bt 
 2.000000000 12.787691455  2.105222498  0.008832044  0.064965953  2.419927301 
        step    negloglik           mu     sigma.sq           SE           bt 
 3.000000000 12.787691455  2.105222498  0.008832044  0.064965953  2.419927301 
[1] "Now starting analysis"
[1] "Starting with initial values"
       mu  sigma.sq        bt 
3.5763949 0.1523718 1.0000000 
      step  negloglik         mu   sigma.sq         bt 
 1.0000000 35.1007502  2.4835105  0.1483295  2.0145230 
[1] "New improvement found, but slight; taking the best value, but not resetting the step counter"
      step  negloglik         mu   sigma.sq         bt 
 2.0000000 35.0924884  2.4835105  0.1483295  2.2628741 
[1] "New improvement found, resetting step counter"
      step  negloglik         mu   sigma.sq         bt 
 3.0000000 35.0737094  2.2253745  0.1506723  2.3608274 
      step  negloglik         mu   sigma.sq         bt 
 4.0000000 35.0737094  2.2253745  0.1506723  2.3608274 
[1] "New improvement found, but slight; taking the best value, but not resetting the step counter"
      step  negloglik         mu   sigma.sq         bt 
 5.0000000 35.0724264  2.1051990  0.1497242  2.4959452 
[1] "Now starting analysis"
[1] "Starting with initial values"
       mu  sigma.sq        SE 
3.5763949 0.1523718 0.0761859 
       step   negloglik          mu    sigma.sq          SE 
 1.00000000 17.62252221  3.60176777  0.02243850  0.04911198 
       step   negloglik          mu    sigma.sq          SE 
 2.00000000 17.62252221  3.60176777  0.02243850  0.04911198 
       step   negloglik          mu    sigma.sq          SE 
 3.00000000 17.62252221  3.60176777  0.02243850  0.04911198 
[1] "Now starting analysis"
[1] "Starting with initial values"
       mu  sigma.sq 
3.5763949 0.1523718 
      step  negloglik         mu   sigma.sq 
 1.0000000 35.6093095  3.5763949  0.1523718 
      step  negloglik         mu   sigma.sq 
 2.0000000 35.6093095  3.5763949  0.1523718 
[1] "New improvement found, but slight; taking the best value, but not resetting the step counter"
      step  negloglik         mu   sigma.sq 
 3.0000000 35.6061983  3.6095375  0.1543272 
