[1] "args"
[1] "66"  "664"
[1] "Now starting analysis"
[1] "Starting with initial values"
        mu   sigma.sq         SE         bt         vh 
0.89913469 0.00893026 0.00446513 1.00000000 0.00446513 
         step     negloglik            mu      sigma.sq            SE 
 1.000000e+00 -3.331496e+00  7.116027e-01  7.608291e-03  6.763126e-04 
           bt            vh 
 1.065038e+00  5.124271e-06 
         step     negloglik            mu      sigma.sq            SE 
 2.000000e+00 -3.331496e+00  7.116027e-01  7.608291e-03  6.763126e-04 
           bt            vh 
 1.065038e+00  5.124271e-06 
         step     negloglik            mu      sigma.sq            SE 
 3.000000e+00 -3.331496e+00  7.116027e-01  7.608291e-03  6.763126e-04 
           bt            vh 
 1.065038e+00  5.124271e-06 
[1] "Now starting analysis"
[1] "Starting with initial values"
        mu   sigma.sq         bt         vh 
0.89913469 0.00893026 1.00000000 0.00446513 
         step     negloglik            mu      sigma.sq            bt 
 1.000000e+00 -3.077321e+00  6.676341e-01  8.372837e-03  1.055623e+00 
           vh 
 2.795432e-06 
[1] "New improvement found, resetting step counter"
         step     negloglik            mu      sigma.sq            bt 
 2.000000e+00 -3.095243e+00  7.211745e-01  8.372968e-03  1.061999e+00 
           vh 
 9.927090e-06 
         step     negloglik            mu      sigma.sq            bt 
 3.000000e+00 -3.095243e+00  7.211745e-01  8.372968e-03  1.061999e+00 
           vh 
 9.927090e-06 
[1] "New improvement found, but slight; taking the best value, but not resetting the step counter"
         step     negloglik            mu      sigma.sq            bt 
 4.000000e+00 -3.096176e+00  7.254865e-01  8.203838e-03  1.065450e+00 
           vh 
 3.874477e-05 
[1] "Now starting analysis"
[1] "Starting with initial values"
        mu   sigma.sq         SE         vh 
0.89913469 0.00893026 0.00446513 0.00446513 
         step     negloglik            mu      sigma.sq            SE 
 1.000000e+00 -3.067830e+00  8.522458e-01  8.004888e-03  6.810654e-04 
           vh 
 3.435805e-06 
[1] "New improvement found, but slight; taking the best value, but not resetting the step counter"
         step     negloglik            mu      sigma.sq            SE 
 2.000000e+00 -3.068473e+00  8.352072e-01  7.996205e-03  6.629059e-04 
           vh 
 1.900543e-06 
         step     negloglik            mu      sigma.sq            SE 
 3.000000e+00 -3.068473e+00  8.352072e-01  7.996205e-03  6.629059e-04 
           vh 
 1.900543e-06 
[1] "Now starting analysis"
[1] "Starting with initial values"
        mu   sigma.sq         vh 
0.89913469 0.00893026 0.00446513 
         step     negloglik            mu      sigma.sq            vh 
 1.000000e+00 -2.878478e+00  8.330201e-01  8.167159e-03  1.078964e-05 
         step     negloglik            mu      sigma.sq            vh 
 2.000000e+00 -2.878478e+00  8.330201e-01  8.167159e-03  1.078964e-05 
         step     negloglik            mu      sigma.sq            vh 
 3.000000e+00 -2.878478e+00  8.330201e-01  8.167159e-03  1.078964e-05 
[1] "Now starting analysis"
[1] "Starting with initial values"
        mu   sigma.sq         SE         bt 
0.89913469 0.00893026 0.00446513 1.00000000 
         step     negloglik            mu      sigma.sq            SE 
 1.0000000000 -3.3275093456  0.7451199595  0.0075148137  0.0006656784 
           bt 
 1.0610630823 
[1] "New improvement found, but slight; taking the best value, but not resetting the step counter"
         step     negloglik            mu      sigma.sq            SE 
 2.0000000000 -3.3348147692  0.7135081603  0.0075499061  0.0007546981 
           bt 
 1.0652015127 
         step     negloglik            mu      sigma.sq            SE 
 3.0000000000 -3.3348147692  0.7135081603  0.0075499061  0.0007546981 
           bt 
 1.0652015127 
[1] "Now starting analysis"
[1] "Starting with initial values"
        mu   sigma.sq         bt 
0.89913469 0.00893026 1.00000000 
        step    negloglik           mu     sigma.sq           bt 
 1.000000000 -3.101595051  0.725917901  0.008197276  1.058994745 
[1] "New improvement found, but slight; taking the best value, but not resetting the step counter"
        step    negloglik           mu     sigma.sq           bt 
 2.000000000 -3.101676958  0.721055396  0.008160799  1.062137516 
        step    negloglik           mu     sigma.sq           bt 
 3.000000000 -3.101676958  0.721055396  0.008160799  1.062137516 
[1] "Now starting analysis"
[1] "Starting with initial values"
        mu   sigma.sq         SE 
0.89913469 0.00893026 0.00446513 
         step     negloglik            mu      sigma.sq            SE 
 1.0000000000 -3.0800732094  0.8575482430  0.0076585467  0.0006721671 
[1] "New improvement found, but slight; taking the best value, but not resetting the step counter"
         step     negloglik            mu      sigma.sq            SE 
 2.0000000000 -3.0807737034  0.8438131432  0.0076739533  0.0007330579 
         step     negloglik            mu      sigma.sq            SE 
 3.0000000000 -3.0807737034  0.8438131432  0.0076739533  0.0007330579 
[1] "Now starting analysis"
[1] "Starting with initial values"
        mu   sigma.sq 
0.89913469 0.00893026 
        step    negloglik           mu     sigma.sq 
 1.000000000 -2.877452593  0.861675087  0.008424002 
[1] "New improvement found, but slight; taking the best value, but not resetting the step counter"
       step   negloglik          mu    sigma.sq 
 2.00000000 -2.88014957  0.84901608  0.00816104 
[1] "New improvement found, but slight; taking the best value, but not resetting the step counter"
        step    negloglik           mu     sigma.sq 
 3.000000000 -2.880710676  0.843231025  0.008192999 
