000 (066.535.000) 07/26 17:14:46 Job submitted from host: <160.36.155.106:9618?addrs=160.36.155.106-9618&noUDP&sock=27742_4872_4>
...
022 (066.535.000) 08/01 10:56:23 Job disconnected, attempting to reconnect
    Local schedd and job shadow died, schedd now running again
    Trying to reconnect to slot1_1@omearaclustere <10.128.121.58:9618?addrs=10.128.121.58-9618&noUDP&sock=2263_cee9_4>
...
024 (066.535.000) 08/01 11:20:38 Job reconnection failed
    Job disconnected too long: JobLeaseDuration (2400 seconds) expired
    Can not reconnect to slot1_1@omearaclustere, rescheduling job
...
001 (066.535.000) 08/01 16:52:24 Job executing on host: <10.128.213.253:9618?addrs=10.128.213.253-9618&noUDP&sock=68980_1ef7_4>
...
006 (066.535.000) 08/01 16:52:32 Image size of job updated: 233972
	229  -  MemoryUsage of job (MB)
	233972  -  ResidentSetSize of job (KB)
...
006 (066.535.000) 08/01 16:57:32 Image size of job updated: 246168
	241  -  MemoryUsage of job (MB)
	246168  -  ResidentSetSize of job (KB)
...
006 (066.535.000) 08/02 05:13:48 Image size of job updated: 248060
	243  -  MemoryUsage of job (MB)
	248060  -  ResidentSetSize of job (KB)
...
006 (066.535.000) 08/02 09:24:13 Image size of job updated: 248752
	243  -  MemoryUsage of job (MB)
	248752  -  ResidentSetSize of job (KB)
...
022 (066.535.000) 08/02 16:21:25 Job disconnected, attempting to reconnect
    Socket between submit and execute hosts closed unexpectedly
    Trying to reconnect to slot1_22@omearaclusterh <10.128.213.253:9618?addrs=10.128.213.253-9618&noUDP&sock=68980_1ef7_4>
...
024 (066.535.000) 08/02 17:01:27 Job reconnection failed
    Job disconnected too long: JobLeaseDuration (2400 seconds) expired
    Can not reconnect to slot1_22@omearaclusterh, rescheduling job
...
012 (066.535.000) 08/03 14:17:32 Job was held.
	via condor_hold (by user bomeara)
	Code 1 Subcode 0
...
013 (066.535.000) 08/05 22:28:18 Job was released.
	via condor_release (by user bomeara)
...
001 (066.535.000) 08/05 22:32:41 Job executing on host: <10.129.167.211:9618?addrs=10.129.167.211-9618&noUDP&sock=2276_b9a4_4>
...
006 (066.535.000) 08/05 22:37:49 Image size of job updated: 250960
	246  -  MemoryUsage of job (MB)
	250960  -  ResidentSetSize of job (KB)
...
005 (066.535.000) 08/06 14:53:54 Job terminated.
	(1) Normal termination (return value 0)
		Usr 0 16:18:48, Sys 0 00:00:06  -  Run Remote Usage
		Usr 0 00:00:00, Sys 0 00:00:00  -  Run Local Usage
		Usr 0 16:18:48, Sys 0 00:00:06  -  Total Remote Usage
		Usr 0 00:00:00, Sys 0 00:00:00  -  Total Local Usage
	31544  -  Run Bytes Sent By Job
	2422  -  Run Bytes Received By Job
	31544  -  Total Bytes Sent By Job
	4844  -  Total Bytes Received By Job
	Partitionable Resources :    Usage  Request Allocated 
	   Cpus                 :     1.00        1         1 
	   Disk (KB)            :    49          75    892167 
	   Memory (MB)          :   246         245       256 
...
