000 (066.512.000) 07/26 17:14:46 Job submitted from host: <160.36.155.106:9618?addrs=160.36.155.106-9618&noUDP&sock=27742_4872_4>
...
001 (066.512.000) 08/01 16:52:24 Job executing on host: <10.130.122.65:9618?addrs=10.130.122.65-9618&noUDP&sock=77628_edfd_4>
...
006 (066.512.000) 08/01 16:52:32 Image size of job updated: 220592
	216  -  MemoryUsage of job (MB)
	220592  -  ResidentSetSize of job (KB)
...
006 (066.512.000) 08/01 16:57:32 Image size of job updated: 228744
	224  -  MemoryUsage of job (MB)
	228744  -  ResidentSetSize of job (KB)
...
006 (066.512.000) 08/01 20:37:56 Image size of job updated: 228848
	224  -  MemoryUsage of job (MB)
	228848  -  ResidentSetSize of job (KB)
...
006 (066.512.000) 08/02 03:23:37 Image size of job updated: 229216
	224  -  MemoryUsage of job (MB)
	229216  -  ResidentSetSize of job (KB)
...
005 (066.512.000) 08/02 05:05:42 Job terminated.
	(1) Normal termination (return value 0)
		Usr 0 12:12:11, Sys 0 00:00:08  -  Run Remote Usage
		Usr 0 00:00:00, Sys 0 00:00:00  -  Run Local Usage
		Usr 0 12:12:11, Sys 0 00:00:08  -  Total Remote Usage
		Usr 0 00:00:00, Sys 0 00:00:00  -  Total Local Usage
	29662  -  Run Bytes Sent By Job
	2422  -  Run Bytes Received By Job
	29662  -  Total Bytes Sent By Job
	2422  -  Total Bytes Received By Job
	Partitionable Resources :    Usage  Request Allocated 
	   Cpus                 :     0.99        1         1 
	   Disk (KB)            :    47           4    891678 
	   Memory (MB)          :   224           1       128 
...
