000 (066.704.000) 07/26 17:14:46 Job submitted from host: <160.36.155.106:9618?addrs=160.36.155.106-9618&noUDP&sock=27742_4872_4>
...
012 (066.704.000) 08/03 14:16:36 Job was held.
	via condor_hold (by user bomeara)
	Code 1 Subcode 0
...
013 (066.704.000) 08/05 22:27:22 Job was released.
	via condor_release (by user bomeara)
...
012 (066.704.000) 08/09 10:35:18 Job was held.
	via condor_hold (by user bomeara)
	Code 1 Subcode 0
...
013 (066.704.000) 08/09 13:04:40 Job was released.
	via condor_release (by user bomeara)
...
001 (066.704.000) 08/09 16:51:47 Job executing on host: <10.129.213.175:9618?addrs=10.129.213.175-9618&noUDP&sock=2691_6172_4>
...
006 (066.704.000) 08/09 16:51:56 Image size of job updated: 220716
	216  -  MemoryUsage of job (MB)
	220716  -  ResidentSetSize of job (KB)
...
006 (066.704.000) 08/09 16:56:56 Image size of job updated: 227448
	223  -  MemoryUsage of job (MB)
	227448  -  ResidentSetSize of job (KB)
...
006 (066.704.000) 08/10 20:54:50 Image size of job updated: 229032
	224  -  MemoryUsage of job (MB)
	229032  -  ResidentSetSize of job (KB)
...
005 (066.704.000) 08/11 06:06:02 Job terminated.
	(1) Normal termination (return value 1)
		Usr 1 13:12:52, Sys 0 00:00:08  -  Run Remote Usage
		Usr 0 00:00:00, Sys 0 00:00:00  -  Run Local Usage
		Usr 1 13:12:52, Sys 0 00:00:08  -  Total Remote Usage
		Usr 0 00:00:00, Sys 0 00:00:00  -  Total Local Usage
	5366  -  Run Bytes Sent By Job
	2422  -  Run Bytes Received By Job
	5366  -  Total Bytes Sent By Job
	2422  -  Total Bytes Received By Job
	Partitionable Resources :    Usage  Request Allocated 
	   Cpus                 :     1.00        1         1 
	   Disk (KB)            :    23           4   1811513 
	   Memory (MB)          :   224           1       128 
...
