[1] "args"
[1] "66"  "548"
[1] "Now starting analysis"
[1] "Starting with initial values"
       mu  sigma.sq        SE        bt        vh 
1.7990547 0.2437188 0.1218594 1.0000000 0.1218594 
        step    negloglik           mu     sigma.sq           SE           bt 
 1.000000000 17.907458143  1.900495193  0.008802804  0.088170294  1.242091198 
          vh 
 0.211018671 
[1] "New improvement found, resetting step counter"
        step    negloglik           mu     sigma.sq           SE           bt 
 2.000000000 16.893240085  1.440180112  0.009140428  0.092849176  1.451720124 
          vh 
 0.001365534 
[1] "New improvement found, resetting step counter"
        step    negloglik           mu     sigma.sq           SE           bt 
3.000000e+00 1.685873e+01 1.523813e+00 9.543118e-03 8.396601e-02 1.351510e+00 
          vh 
1.396866e-04 
        step    negloglik           mu     sigma.sq           SE           bt 
4.000000e+00 1.685873e+01 1.523813e+00 9.543118e-03 8.396601e-02 1.351510e+00 
          vh 
1.396866e-04 
        step    negloglik           mu     sigma.sq           SE           bt 
5.000000e+00 1.685873e+01 1.523813e+00 9.543118e-03 8.396601e-02 1.351510e+00 
          vh 
1.396866e-04 
[1] "Now starting analysis"
[1] "Starting with initial values"
       mu  sigma.sq        bt        vh 
1.7990547 0.2437188 1.0000000 0.1218594 
        step    negloglik           mu     sigma.sq           bt           vh 
 1.000000000 40.105634084  1.568523358  0.238382213  1.264208706  0.009215324 
        step    negloglik           mu     sigma.sq           bt           vh 
 2.000000000 40.105634084  1.568523358  0.238382213  1.264208706  0.009215324 
[1] "New improvement found, but slight; taking the best value, but not resetting the step counter"
        step    negloglik           mu     sigma.sq           bt           vh 
 3.000000000 40.102477028  1.488732896  0.247817016  1.380691168  0.009196539 
[1] "Now starting analysis"
[1] "Starting with initial values"
       mu  sigma.sq        SE        vh 
1.7990547 0.2437188 0.1218594 0.1218594 
        step    negloglik           mu     sigma.sq           SE           vh 
 1.000000000 17.261054092  2.031441810  0.009736031  0.082151793  0.004598842 
[1] "New improvement found, resetting step counter"
        step    negloglik           mu     sigma.sq           SE           vh 
 2.000000000 17.124576795  1.828678289  0.009936866  0.086797932  0.003821720 
        step    negloglik           mu     sigma.sq           SE           vh 
 3.000000000 17.124576795  1.828678289  0.009936866  0.086797932  0.003821720 
        step    negloglik           mu     sigma.sq           SE           vh 
 4.000000000 17.124576795  1.828678289  0.009936866  0.086797932  0.003821720 
[1] "Now starting analysis"
[1] "Starting with initial values"
       mu  sigma.sq        vh 
1.7990547 0.2437188 0.1218594 
       step   negloglik          mu    sigma.sq          vh 
 1.00000000 40.13283293  1.92697359  0.24642568  0.04322015 
       step   negloglik          mu    sigma.sq          vh 
 2.00000000 40.13283293  1.92697359  0.24642568  0.04322015 
       step   negloglik          mu    sigma.sq          vh 
 3.00000000 40.13283293  1.92697359  0.24642568  0.04322015 
[1] "Now starting analysis"
[1] "Starting with initial values"
       mu  sigma.sq        SE        bt 
1.7990547 0.2437188 0.1218594 1.0000000 
       step   negloglik          mu    sigma.sq          SE          bt 
 1.00000000 16.86238890  1.52395382  0.00934025  0.08511116  1.29955370 
[1] "New improvement found, resetting step counter"
        step    negloglik           mu     sigma.sq           SE           bt 
 2.000000000 16.851669151  1.444259511  0.008933592  0.084101792  1.416306559 
        step    negloglik           mu     sigma.sq           SE           bt 
 3.000000000 16.851669151  1.444259511  0.008933592  0.084101792  1.416306559 
        step    negloglik           mu     sigma.sq           SE           bt 
 4.000000000 16.851669151  1.444259511  0.008933592  0.084101792  1.416306559 
[1] "Now starting analysis"
[1] "Starting with initial values"
       mu  sigma.sq        bt 
1.7990547 0.2437188 1.0000000 
      step  negloglik         mu   sigma.sq         bt 
 1.0000000 40.1007179  1.7990547  0.2437188  1.1799055 
      step  negloglik         mu   sigma.sq         bt 
 2.0000000 40.1007179  1.7990547  0.2437188  1.1799055 
      step  negloglik         mu   sigma.sq         bt 
 3.0000000 40.1007179  1.7990547  0.2437188  1.1799055 
[1] "Now starting analysis"
[1] "Starting with initial values"
       mu  sigma.sq        SE 
1.7990547 0.2437188 0.1218594 
        step    negloglik           mu     sigma.sq           SE 
 1.000000000 17.110525139  1.830342526  0.009631059  0.082965879 
        step    negloglik           mu     sigma.sq           SE 
 2.000000000 17.110525139  1.830342526  0.009631059  0.082965879 
        step    negloglik           mu     sigma.sq           SE 
 3.000000000 17.110525139  1.830342526  0.009631059  0.082965879 
[1] "Now starting analysis"
[1] "Starting with initial values"
       mu  sigma.sq 
1.7990547 0.2437188 
      step  negloglik         mu   sigma.sq 
 1.0000000 40.1133230  1.7990547  0.2437188 
      step  negloglik         mu   sigma.sq 
 2.0000000 40.1133230  1.7990547  0.2437188 
      step  negloglik         mu   sigma.sq 
 3.0000000 40.1133230  1.7990547  0.2437188 
