[1] "args"
[1] "66"  "555"
[1] "Now starting analysis"
[1] "Starting with initial values"
        mu   sigma.sq         SE         bt         vh 
0.49534477 0.19936925 0.09968462 1.00000000 0.09968462 
        step    negloglik           mu     sigma.sq           SE           bt 
 1.000000000 37.538136220  0.604956316  0.007751594  0.066382032  1.240712610 
          vh 
 0.029255563 
[1] "New improvement found, resetting step counter"
        step    negloglik           mu     sigma.sq           SE           bt 
2.000000e+00 3.674017e+01 3.579788e-01 5.894264e-03 6.987947e-02 1.146828e+00 
          vh 
6.968395e-04 
[1] "New improvement found, but slight; taking the best value, but not resetting the step counter"
        step    negloglik           mu     sigma.sq           SE           bt 
 3.000000000 36.734246324  0.210985259  0.007663070  0.063927740  1.231312615 
          vh 
 0.000529743 
        step    negloglik           mu     sigma.sq           SE           bt 
 4.000000000 36.734246324  0.210985259  0.007663070  0.063927740  1.231312615 
          vh 
 0.000529743 
[1] "Now starting analysis"
[1] "Starting with initial values"
        mu   sigma.sq         bt         vh 
0.49534477 0.19936925 1.00000000 0.09968462 
        step    negloglik           mu     sigma.sq           bt           vh 
  1.00000000 108.72771252   0.49534477   0.19936925   1.10000000   0.09968462 
        step    negloglik           mu     sigma.sq           bt           vh 
  2.00000000 108.72771252   0.49534477   0.19936925   1.10000000   0.09968462 
        step    negloglik           mu     sigma.sq           bt           vh 
  3.00000000 108.72771252   0.49534477   0.19936925   1.10000000   0.09968462 
[1] "Now starting analysis"
[1] "Starting with initial values"
        mu   sigma.sq         SE         vh 
0.49534477 0.19936925 0.09968462 0.09968462 
        step    negloglik           mu     sigma.sq           SE           vh 
 1.000000000 37.704636272  0.534102958  0.006367144  0.068318001  0.156526043 
[1] "New improvement found, resetting step counter"
        step    negloglik           mu     sigma.sq           SE           vh 
 2.000000000 36.893359443  0.547103306  0.007045882  0.065364987  0.002214265 
        step    negloglik           mu     sigma.sq           SE           vh 
 3.000000000 36.893359443  0.547103306  0.007045882  0.065364987  0.002214265 
[1] "New improvement found, but slight; taking the best value, but not resetting the step counter"
        step    negloglik           mu     sigma.sq           SE           vh 
4.000000e+00 3.689144e+01 5.327305e-01 7.512135e-03 6.592345e-02 5.407028e-04 
[1] "Now starting analysis"
[1] "Starting with initial values"
        mu   sigma.sq         vh 
0.49534477 0.19936925 0.09968462 
        step    negloglik           mu     sigma.sq           vh 
  1.00000000 108.72952900   0.49534477   0.19936925   0.09968462 
        step    negloglik           mu     sigma.sq           vh 
  2.00000000 108.72952900   0.49534477   0.19936925   0.09968462 
[1] "New improvement found, resetting step counter"
        step    negloglik           mu     sigma.sq           vh 
  3.00000000 108.70683894   0.55215007   0.19664150   0.04811261 
        step    negloglik           mu     sigma.sq           vh 
  4.00000000 108.70683894   0.55215007   0.19664150   0.04811261 
        step    negloglik           mu     sigma.sq           vh 
  5.00000000 108.70683894   0.55215007   0.19664150   0.04811261 
[1] "Now starting analysis"
[1] "Starting with initial values"
        mu   sigma.sq         SE         bt 
0.49534477 0.19936925 0.09968462 1.00000000 
        step    negloglik           mu     sigma.sq           SE           bt 
 1.000000000 37.185620595  0.557723015  0.007903388  0.069500125  1.170904552 
[1] "New improvement found, resetting step counter"
        step    negloglik           mu     sigma.sq           SE           bt 
 2.000000000 36.664357306  0.148362985  0.006633647  0.067522601  1.278179853 
        step    negloglik           mu     sigma.sq           SE           bt 
 3.000000000 36.664357306  0.148362985  0.006633647  0.067522601  1.278179853 
        step    negloglik           mu     sigma.sq           SE           bt 
 4.000000000 36.664357306  0.148362985  0.006633647  0.067522601  1.278179853 
[1] "Now starting analysis"
[1] "Starting with initial values"
       mu  sigma.sq        bt 
0.4953448 0.1993692 1.0000000 
       step   negloglik          mu    sigma.sq          bt 
  1.0000000 108.6726505   0.4953448   0.1993692   1.1000000 
       step   negloglik          mu    sigma.sq          bt 
  2.0000000 108.6726505   0.4953448   0.1993692   1.1000000 
       step   negloglik          mu    sigma.sq          bt 
  3.0000000 108.6726505   0.4953448   0.1993692   1.1000000 
[1] "Now starting analysis"
[1] "Starting with initial values"
        mu   sigma.sq         SE 
0.49534477 0.19936925 0.09968462 
        step    negloglik           mu     sigma.sq           SE 
 1.000000000 38.570534651  0.577998585  0.004602665  0.098937709 
[1] "New improvement found, resetting step counter"
        step    negloglik           mu     sigma.sq           SE 
 2.000000000 36.931213924  0.594457725  0.006575023  0.068027501 
[1] "New improvement found, resetting step counter"
        step    negloglik           mu     sigma.sq           SE 
 3.000000000 36.907952829  0.549497255  0.006268699  0.070285698 
        step    negloglik           mu     sigma.sq           SE 
 4.000000000 36.907952829  0.549497255  0.006268699  0.070285698 
[1] "New improvement found, resetting step counter"
        step    negloglik           mu     sigma.sq           SE 
 5.000000000 36.893196248  0.538406787  0.006832238  0.069699124 
        step    negloglik           mu     sigma.sq           SE 
 6.000000000 36.893196248  0.538406787  0.006832238  0.069699124 
        step    negloglik           mu     sigma.sq           SE 
 7.000000000 36.893196248  0.538406787  0.006832238  0.069699124 
[1] "Now starting analysis"
[1] "Starting with initial values"
       mu  sigma.sq 
0.4953448 0.1993692 
       step   negloglik          mu    sigma.sq 
  1.0000000 108.6744104   0.4953448   0.1993692 
       step   negloglik          mu    sigma.sq 
  2.0000000 108.6744104   0.4953448   0.1993692 
       step   negloglik          mu    sigma.sq 
  3.0000000 108.6744104   0.4953448   0.1993692 
