000 (066.864.000) 07/26 17:14:46 Job submitted from host: <160.36.155.106:9618?addrs=160.36.155.106-9618&noUDP&sock=27742_4872_4>
...
012 (066.864.000) 08/03 14:16:44 Job was held.
	via condor_hold (by user bomeara)
	Code 1 Subcode 0
...
013 (066.864.000) 08/05 22:27:30 Job was released.
	via condor_release (by user bomeara)
...
012 (066.864.000) 08/09 10:35:28 Job was held.
	via condor_hold (by user bomeara)
	Code 1 Subcode 0
...
013 (066.864.000) 08/09 13:04:49 Job was released.
	via condor_release (by user bomeara)
...
001 (066.864.000) 08/11 19:50:25 Job executing on host: <10.129.167.211:9618?addrs=10.129.167.211-9618&noUDP&sock=2331_7359_4>
...
006 (066.864.000) 08/11 19:50:34 Image size of job updated: 227644
	223  -  MemoryUsage of job (MB)
	227644  -  ResidentSetSize of job (KB)
...
006 (066.864.000) 08/11 19:55:34 Image size of job updated: 227660
	223  -  MemoryUsage of job (MB)
	227660  -  ResidentSetSize of job (KB)
...
006 (066.864.000) 08/11 21:15:43 Image size of job updated: 231964
	227  -  MemoryUsage of job (MB)
	231964  -  ResidentSetSize of job (KB)
...
005 (066.864.000) 08/11 21:35:53 Job terminated.
	(1) Normal termination (return value 0)
		Usr 0 01:45:20, Sys 0 00:00:00  -  Run Remote Usage
		Usr 0 00:00:00, Sys 0 00:00:00  -  Run Local Usage
		Usr 0 01:45:20, Sys 0 00:00:00  -  Total Remote Usage
		Usr 0 00:00:00, Sys 0 00:00:00  -  Total Local Usage
	27696  -  Run Bytes Sent By Job
	2422  -  Run Bytes Received By Job
	27696  -  Total Bytes Sent By Job
	2422  -  Total Bytes Received By Job
	Partitionable Resources :    Usage  Request Allocated 
	   Cpus                 :     1.00        1         1 
	   Disk (KB)            :    45           4    891902 
	   Memory (MB)          :   227           1       128 
...
