[1] "args"
[1] "66"  "861"
[1] "Now starting analysis"
[1] "Starting with initial values"
       mu  sigma.sq        SE        bt        vh 
3.0299590 0.3421242 0.1710621 1.0000000 0.1710621 
       step   negloglik          mu    sigma.sq          SE          bt 
 1.00000000 47.16680637  3.01168499  0.01052197  0.07684525  1.07782245 
         vh 
 0.58628443 
[1] "New improvement found, resetting step counter"
        step    negloglik           mu     sigma.sq           SE           bt 
 2.000000000 44.384041681  2.168458889  0.009556316  0.074392967  1.884356645 
          vh 
 0.003241627 
        step    negloglik           mu     sigma.sq           SE           bt 
 3.000000000 44.384041681  2.168458889  0.009556316  0.074392967  1.884356645 
          vh 
 0.003241627 
        step    negloglik           mu     sigma.sq           SE           bt 
 4.000000000 44.384041681  2.168458889  0.009556316  0.074392967  1.884356645 
          vh 
 0.003241627 
[1] "Now starting analysis"
[1] "Starting with initial values"
       mu  sigma.sq        bt        vh 
3.0299590 0.3421242 1.0000000 0.1710621 
        step    negloglik           mu     sigma.sq           bt           vh 
  1.00000000 128.88562417   3.07994666   0.33746388   1.33404632   0.02575945 
[1] "New improvement found, but slight; taking the best value, but not resetting the step counter"
        step    negloglik           mu     sigma.sq           bt           vh 
  2.00000000 128.88048820   3.07994666   0.33746388   1.64204099   0.02575945 
        step    negloglik           mu     sigma.sq           bt           vh 
  3.00000000 128.88048820   3.07994666   0.33746388   1.64204099   0.02575945 
[1] "Now starting analysis"
[1] "Starting with initial values"
       mu  sigma.sq        SE        vh 
3.0299590 0.3421242 0.1710621 0.1710621 
        step    negloglik           mu     sigma.sq           SE           vh 
 1.000000000 46.943663636  2.954016309  0.009446557  0.082488711  0.375768772 
[1] "New improvement found, resetting step counter"
       step   negloglik          mu    sigma.sq          SE          vh 
 2.00000000 46.51800962  2.91792330  0.01094285  0.07628350  0.11251190 
       step   negloglik          mu    sigma.sq          SE          vh 
 3.00000000 46.51800962  2.91792330  0.01094285  0.07628350  0.11251190 
       step   negloglik          mu    sigma.sq          SE          vh 
 4.00000000 46.51800962  2.91792330  0.01094285  0.07628350  0.11251190 
[1] "Now starting analysis"
[1] "Starting with initial values"
       mu  sigma.sq        vh 
3.0299590 0.3421242 0.1710621 
       step   negloglik          mu    sigma.sq          vh 
  1.0000000 129.1975566   3.0299590   0.3421242   0.1710621 
       step   negloglik          mu    sigma.sq          vh 
  2.0000000 129.1975566   3.0299590   0.3421242   0.1710621 
       step   negloglik          mu    sigma.sq          vh 
  3.0000000 129.1975566   3.0299590   0.3421242   0.1710621 
[1] "Now starting analysis"
[1] "Starting with initial values"
       mu  sigma.sq        SE        bt 
3.0299590 0.3421242 0.1710621 1.0000000 
       step   negloglik          mu    sigma.sq          SE          bt 
 1.00000000 46.20635600  3.20749699  0.01363542  0.07007766  1.65663288 
[1] "New improvement found, resetting step counter"
      step  negloglik         mu   sigma.sq         SE         bt 
 2.0000000 44.4808887  1.9115092  0.0116518  0.0719763  1.9817471 
[1] "New improvement found, resetting step counter"
       step   negloglik          mu    sigma.sq          SE          bt 
 3.00000000 44.31593966  1.98592258  0.01029339  0.07094293  1.82006288 
       step   negloglik          mu    sigma.sq          SE          bt 
 4.00000000 44.31593966  1.98592258  0.01029339  0.07094293  1.82006288 
       step   negloglik          mu    sigma.sq          SE          bt 
 5.00000000 44.31593966  1.98592258  0.01029339  0.07094293  1.82006288 
[1] "Now starting analysis"
[1] "Starting with initial values"
       mu  sigma.sq        bt 
3.0299590 0.3421242 1.0000000 
       step   negloglik          mu    sigma.sq          bt 
  1.0000000 128.8086253   2.7269631   0.3421242   1.5049932 
       step   negloglik          mu    sigma.sq          bt 
  2.0000000 128.8086253   2.7269631   0.3421242   1.5049932 
[1] "New improvement found, but slight; taking the best value, but not resetting the step counter"
       step   negloglik          mu    sigma.sq          bt 
  3.0000000 128.8076817   2.7217322   0.3411023   1.5057685 
[1] "Now starting analysis"
[1] "Starting with initial values"
       mu  sigma.sq        SE 
3.0299590 0.3421242 0.1710621 
       step   negloglik          mu    sigma.sq          SE 
 1.00000000 46.93465029  3.00683670  0.01012191  0.07836237 
[1] "New improvement found, resetting step counter"
       step   negloglik          mu    sigma.sq          SE 
 2.00000000 46.91389881  3.07955004  0.01089624  0.07693500 
[1] "New improvement found, but slight; taking the best value, but not resetting the step counter"
       step   negloglik          mu    sigma.sq          SE 
 3.00000000 46.91083092  2.88370103  0.01076943  0.07933525 
       step   negloglik          mu    sigma.sq          SE 
 4.00000000 46.91083092  2.88370103  0.01076943  0.07933525 
[1] "Now starting analysis"
[1] "Starting with initial values"
       mu  sigma.sq 
3.0299590 0.3421242 
       step   negloglik          mu    sigma.sq 
  1.0000000 129.0592626   3.0299590   0.3421242 
       step   negloglik          mu    sigma.sq 
  2.0000000 129.0592626   3.0299590   0.3421242 
       step   negloglik          mu    sigma.sq 
  3.0000000 129.0592626   3.0299590   0.3421242 
