000 (066.181.000) 07/26 17:14:46 Job submitted from host: <160.36.155.106:9618?addrs=160.36.155.106-9618&noUDP&sock=27742_4872_4>
...
001 (066.181.000) 07/26 17:19:48 Job executing on host: <10.129.199.164:9618?addrs=10.129.199.164-9618&noUDP&sock=2256_01bf_4>
...
006 (066.181.000) 07/26 17:19:57 Image size of job updated: 233508
	229  -  MemoryUsage of job (MB)
	233508  -  ResidentSetSize of job (KB)
...
006 (066.181.000) 07/26 17:24:58 Image size of job updated: 248300
	243  -  MemoryUsage of job (MB)
	248300  -  ResidentSetSize of job (KB)
...
006 (066.181.000) 07/26 19:50:11 Image size of job updated: 248956
	244  -  MemoryUsage of job (MB)
	248956  -  ResidentSetSize of job (KB)
...
005 (066.181.000) 07/27 01:45:24 Job terminated.
	(1) Normal termination (return value 0)
		Usr 0 08:24:59, Sys 0 00:00:02  -  Run Remote Usage
		Usr 0 00:00:00, Sys 0 00:00:00  -  Run Local Usage
		Usr 0 08:24:59, Sys 0 00:00:02  -  Total Remote Usage
		Usr 0 00:00:00, Sys 0 00:00:00  -  Total Local Usage
	31466  -  Run Bytes Sent By Job
	2422  -  Run Bytes Received By Job
	31466  -  Total Bytes Sent By Job
	2422  -  Total Bytes Received By Job
	Partitionable Resources :    Usage  Request Allocated 
	   Cpus                 :     0.99        1         1 
	   Disk (KB)            :    48           4    889814 
	   Memory (MB)          :   244           1       128 
...
