000 (066.906.000) 07/26 17:14:46 Job submitted from host: <160.36.155.106:9618?addrs=160.36.155.106-9618&noUDP&sock=27742_4872_4>
...
012 (066.906.000) 08/03 14:16:46 Job was held.
	via condor_hold (by user bomeara)
	Code 1 Subcode 0
...
013 (066.906.000) 08/05 22:27:32 Job was released.
	via condor_release (by user bomeara)
...
012 (066.906.000) 08/09 10:35:31 Job was held.
	via condor_hold (by user bomeara)
	Code 1 Subcode 0
...
013 (066.906.000) 08/09 13:04:51 Job was released.
	via condor_release (by user bomeara)
...
001 (066.906.000) 08/12 21:35:03 Job executing on host: <10.128.151.149:9618?addrs=10.128.151.149-9618&noUDP&sock=21393_65a7_4>
...
006 (066.906.000) 08/12 21:35:12 Image size of job updated: 230472
	226  -  MemoryUsage of job (MB)
	230472  -  ResidentSetSize of job (KB)
...
006 (066.906.000) 08/12 22:09:43 Image size of job updated: 437052
	226  -  MemoryUsage of job (MB)
	230472  -  ResidentSetSize of job (KB)
...
005 (066.906.000) 08/12 22:09:43 Job terminated.
	(1) Normal termination (return value 0)
		Usr 0 00:34:37, Sys 0 00:00:00  -  Run Remote Usage
		Usr 0 00:00:00, Sys 0 00:00:00  -  Run Local Usage
		Usr 0 00:34:37, Sys 0 00:00:00  -  Total Remote Usage
		Usr 0 00:00:00, Sys 0 00:00:00  -  Total Local Usage
	27806  -  Run Bytes Sent By Job
	2422  -  Run Bytes Received By Job
	27806  -  Total Bytes Sent By Job
	2422  -  Total Bytes Received By Job
	Partitionable Resources :    Usage  Request Allocated 
	   Cpus                 :     1.00        1         1 
	   Disk (KB)            :    45           4   1811025 
	   Memory (MB)          :   226           1       128 
...
