000 (066.570.000) 07/26 17:14:46 Job submitted from host: <160.36.155.106:9618?addrs=160.36.155.106-9618&noUDP&sock=27742_4872_4>
...
001 (066.570.000) 08/01 16:56:14 Job executing on host: <10.128.121.58:9618?addrs=10.128.121.58-9618&noUDP&sock=2263_cee9_4>
...
006 (066.570.000) 08/01 16:56:22 Image size of job updated: 217524
	213  -  MemoryUsage of job (MB)
	217524  -  ResidentSetSize of job (KB)
...
006 (066.570.000) 08/01 17:01:22 Image size of job updated: 234444
	229  -  MemoryUsage of job (MB)
	234444  -  ResidentSetSize of job (KB)
...
005 (066.570.000) 08/01 18:13:46 Job terminated.
	(1) Normal termination (return value 0)
		Usr 0 01:17:17, Sys 0 00:00:01  -  Run Remote Usage
		Usr 0 00:00:00, Sys 0 00:00:00  -  Run Local Usage
		Usr 0 01:17:17, Sys 0 00:00:01  -  Total Remote Usage
		Usr 0 00:00:00, Sys 0 00:00:00  -  Total Local Usage
	27188  -  Run Bytes Sent By Job
	2422  -  Run Bytes Received By Job
	27188  -  Total Bytes Sent By Job
	2422  -  Total Bytes Received By Job
	Partitionable Resources :    Usage  Request Allocated 
	   Cpus                 :     0.99        1         1 
	   Disk (KB)            :    44           4    888081 
	   Memory (MB)          :   229           1       128 
...
