000 (066.012.000) 07/26 17:14:45 Job submitted from host: <160.36.155.106:9618?addrs=160.36.155.106-9618&noUDP&sock=27742_4872_4>
...
001 (066.012.000) 07/26 17:14:48 Job executing on host: <10.128.121.58:9618?addrs=10.128.121.58-9618&noUDP&sock=2263_cee9_4>
...
006 (066.012.000) 07/26 17:14:56 Image size of job updated: 232692
	227  -  MemoryUsage of job (MB)
	231988  -  ResidentSetSize of job (KB)
...
006 (066.012.000) 07/26 17:19:56 Image size of job updated: 233224
	227  -  MemoryUsage of job (MB)
	232000  -  ResidentSetSize of job (KB)
...
006 (066.012.000) 07/26 17:54:59 Image size of job updated: 233228
	227  -  MemoryUsage of job (MB)
	232000  -  ResidentSetSize of job (KB)
...
006 (066.012.000) 07/26 18:05:01 Image size of job updated: 233232
	227  -  MemoryUsage of job (MB)
	232000  -  ResidentSetSize of job (KB)
...
005 (066.012.000) 07/26 18:48:43 Job terminated.
	(1) Normal termination (return value 0)
		Usr 0 01:33:47, Sys 0 00:00:01  -  Run Remote Usage
		Usr 0 00:00:00, Sys 0 00:00:00  -  Run Local Usage
		Usr 0 01:33:47, Sys 0 00:00:01  -  Total Remote Usage
		Usr 0 00:00:00, Sys 0 00:00:00  -  Total Local Usage
	28213  -  Run Bytes Sent By Job
	2422  -  Run Bytes Received By Job
	28213  -  Total Bytes Sent By Job
	2422  -  Total Bytes Received By Job
	Partitionable Resources :    Usage  Request Allocated 
	   Cpus                 :     1.00        1         1 
	   Disk (KB)            :    45           4    888081 
	   Memory (MB)          :   227           1       128 
...
