[1] "args"
[1] "66"   "1314"
[1] "Now starting analysis"
[1] "Starting with initial values"
         mu    sigma.sq          SE          bt          vh 
0.432786505 0.008660267 0.004330133 1.000000000 0.004330133 
         step     negloglik            mu      sigma.sq            SE 
 1.000000e+00 -1.140673e+01  2.376059e-01  8.913736e-03  2.164116e-05 
           bt            vh 
 1.282255e+00  7.060079e-02 
[1] "New improvement found, resetting step counter"
         step     negloglik            mu      sigma.sq            SE 
 2.000000e+00 -1.179854e+01  1.334348e-01  8.924433e-03  6.106888e-05 
           bt            vh 
 2.248567e+00  7.250930e-03 
[1] "New improvement found, resetting step counter"
         step     negloglik            mu      sigma.sq            SE 
 3.000000e+00 -1.183376e+01  1.752022e-01  8.336566e-03  4.160628e-05 
           bt            vh 
 2.236188e+00  6.689389e-03 
         step     negloglik            mu      sigma.sq            SE 
 4.000000e+00 -1.183376e+01  1.752022e-01  8.336566e-03  4.160628e-05 
           bt            vh 
 2.236188e+00  6.689389e-03 
         step     negloglik            mu      sigma.sq            SE 
 5.000000e+00 -1.183376e+01  1.752022e-01  8.336566e-03  4.160628e-05 
           bt            vh 
 2.236188e+00  6.689389e-03 
[1] "Now starting analysis"
[1] "Starting with initial values"
         mu    sigma.sq          bt          vh 
0.432786505 0.008660267 1.000000000 0.004330133 
         step     negloglik            mu      sigma.sq            bt 
 1.000000e+00 -1.187636e+01  1.143284e-02  8.276041e-03  2.599768e+00 
           vh 
 9.943351e-05 
         step     negloglik            mu      sigma.sq            bt 
 2.000000e+00 -1.187636e+01  1.143284e-02  8.276041e-03  2.599768e+00 
           vh 
 9.943351e-05 
         step     negloglik            mu      sigma.sq            bt 
 3.000000e+00 -1.187636e+01  1.143284e-02  8.276041e-03  2.599768e+00 
           vh 
 9.943351e-05 
[1] "Now starting analysis"
[1] "Starting with initial values"
         mu    sigma.sq          SE          vh 
0.432786505 0.008660267 0.004330133 0.004330133 
         step     negloglik            mu      sigma.sq            SE 
 1.000000e+00 -1.114549e+01  4.089315e-01  8.646124e-03  3.038963e-06 
           vh 
 4.512023e-02 
         step     negloglik            mu      sigma.sq            SE 
 2.000000e+00 -1.114549e+01  4.089315e-01  8.646124e-03  3.038963e-06 
           vh 
 4.512023e-02 
         step     negloglik            mu      sigma.sq            SE 
 3.000000e+00 -1.114549e+01  4.089315e-01  8.646124e-03  3.038963e-06 
           vh 
 4.512023e-02 
[1] "Now starting analysis"
[1] "Starting with initial values"
         mu    sigma.sq          vh 
0.432786505 0.008660267 0.004330133 
         step     negloglik            mu      sigma.sq            vh 
  1.000000000 -11.152237792   0.432786505   0.008660267   0.004330133 
         step     negloglik            mu      sigma.sq            vh 
  2.000000000 -11.152237792   0.432786505   0.008660267   0.004330133 
         step     negloglik            mu      sigma.sq            vh 
  3.000000000 -11.152237792   0.432786505   0.008660267   0.004330133 
[1] "Now starting analysis"
[1] "Starting with initial values"
         mu    sigma.sq          SE          bt 
0.432786505 0.008660267 0.004330133 1.000000000 
         step     negloglik            mu      sigma.sq            SE 
 1.000000e+00 -1.142775e+01  5.377961e-01  8.373560e-03  3.138543e-06 
           bt 
 1.393011e+00 
[1] "New improvement found, resetting step counter"
         step     negloglik            mu      sigma.sq            SE 
 2.000000e+00 -1.185911e+01  8.057210e-02  8.353974e-03  2.535318e-05 
           bt 
 2.233288e+00 
         step     negloglik            mu      sigma.sq            SE 
 3.000000e+00 -1.185911e+01  8.057210e-02  8.353974e-03  2.535318e-05 
           bt 
 2.233288e+00 
         step     negloglik            mu      sigma.sq            SE 
 4.000000e+00 -1.185911e+01  8.057210e-02  8.353974e-03  2.535318e-05 
           bt 
 2.233288e+00 
[1] "Now starting analysis"
[1] "Starting with initial values"
         mu    sigma.sq          bt 
0.432786505 0.008660267 1.000000000 
         step     negloglik            mu      sigma.sq            bt 
  1.000000000 -11.877884678   0.037247346   0.008240706   2.567423804 
         step     negloglik            mu      sigma.sq            bt 
  2.000000000 -11.877884678   0.037247346   0.008240706   2.567423804 
         step     negloglik            mu      sigma.sq            bt 
  3.000000000 -11.877884678   0.037247346   0.008240706   2.567423804 
[1] "Now starting analysis"
[1] "Starting with initial values"
         mu    sigma.sq          SE 
0.432786505 0.008660267 0.004330133 
         step     negloglik            mu      sigma.sq            SE 
 1.000000e+00 -1.114866e+01  4.192212e-01  8.608280e-03  5.036063e-06 
[1] "New improvement found, but slight; taking the best value, but not resetting the step counter"
         step     negloglik            mu      sigma.sq            SE 
 2.000000e+00 -1.115069e+01  4.611433e-01  8.608280e-03  5.036063e-06 
         step     negloglik            mu      sigma.sq            SE 
 3.000000e+00 -1.115069e+01  4.611433e-01  8.608280e-03  5.036063e-06 
[1] "Now starting analysis"
[1] "Starting with initial values"
         mu    sigma.sq 
0.432786505 0.008660267 
         step     negloglik            mu      sigma.sq 
  1.000000000 -11.152596460   0.432786505   0.008660267 
         step     negloglik            mu      sigma.sq 
  2.000000000 -11.152596460   0.432786505   0.008660267 
[1] "New improvement found, but slight; taking the best value, but not resetting the step counter"
         step     negloglik            mu      sigma.sq 
  3.000000000 -11.153314670   0.460731655   0.008686852 
