[1] "args"
[1] "66"  "715"
[1] "Now starting analysis"
[1] "Starting with initial values"
       mu  sigma.sq        SE        bt        vh 
1.5290058 0.2784528 0.1392264 1.0000000 0.1392264 
        step    negloglik           mu     sigma.sq           SE           bt 
 1.000000000 44.229639067  1.161333862  0.007266528  0.078791342  1.580243696 
          vh 
 0.213663004 
[1] "New improvement found, resetting step counter"
        step    negloglik           mu     sigma.sq           SE           bt 
 2.000000000 43.082448102  1.196159616  0.007143934  0.072414112  3.216663178 
          vh 
 0.037904908 
[1] "New improvement found, resetting step counter"
        step    negloglik           mu     sigma.sq           SE           bt 
 3.000000000 42.977447539  1.256217364  0.006531181  0.075521886  3.199647745 
          vh 
 0.009718427 
        step    negloglik           mu     sigma.sq           SE           bt 
 4.000000000 42.977447539  1.256217364  0.006531181  0.075521886  3.199647745 
          vh 
 0.009718427 
[1] "New improvement found, resetting step counter"
        step    negloglik           mu     sigma.sq           SE           bt 
 5.000000000 42.890037070  1.210354207  0.006226851  0.081146641  3.596487722 
          vh 
 0.003044223 
[1] "New improvement found, resetting step counter"
        step    negloglik           mu     sigma.sq           SE           bt 
 6.000000000 42.854350802  1.281796533  0.006837914  0.076916549  4.038887150 
          vh 
 0.001755013 
        step    negloglik           mu     sigma.sq           SE           bt 
 7.000000000 42.854350802  1.281796533  0.006837914  0.076916549  4.038887150 
          vh 
 0.001755013 
        step    negloglik           mu     sigma.sq           SE           bt 
 8.000000000 42.854350802  1.281796533  0.006837914  0.076916549  4.038887150 
          vh 
 0.001755013 
[1] "Now starting analysis"
[1] "Starting with initial values"
       mu  sigma.sq        bt        vh 
1.5290058 0.2784528 1.0000000 0.1392264 
       step   negloglik          mu    sigma.sq          bt          vh 
  1.0000000 126.4954862   1.5290058   0.2784528   1.1529006   0.1392264 
[1] "New improvement found, resetting step counter"
       step   negloglik          mu    sigma.sq          bt          vh 
  2.0000000 126.4785320   1.5290058   0.2784528   1.3058012   0.1392264 
       step   negloglik          mu    sigma.sq          bt          vh 
  3.0000000 126.4785320   1.5290058   0.2784528   1.3058012   0.1392264 
[1] "New improvement found, but slight; taking the best value, but not resetting the step counter"
        step    negloglik           mu     sigma.sq           bt           vh 
  4.00000000 126.47601846   1.47465438   0.27615768   1.31299704   0.07944116 
[1] "Now starting analysis"
[1] "Starting with initial values"
       mu  sigma.sq        SE        vh 
1.5290058 0.2784528 0.1392264 0.1392264 
       step   negloglik          mu    sigma.sq          SE          vh 
 1.00000000 45.23507533  1.48839877  0.00756421  0.07522447  0.23788908 
[1] "New improvement found, resetting step counter"
        step    negloglik           mu     sigma.sq           SE           vh 
 2.000000000 44.584094020  1.155536956  0.007118316  0.074346354  0.873570243 
[1] "New improvement found, resetting step counter"
        step    negloglik           mu     sigma.sq           SE           vh 
 3.000000000 44.419589861  1.202645004  0.006854287  0.077899071  1.930872059 
        step    negloglik           mu     sigma.sq           SE           vh 
 4.000000000 44.419589861  1.202645004  0.006854287  0.077899071  1.930872059 
        step    negloglik           mu     sigma.sq           SE           vh 
 5.000000000 44.419589861  1.202645004  0.006854287  0.077899071  1.930872059 
[1] "Now starting analysis"
[1] "Starting with initial values"
       mu  sigma.sq        vh 
1.5290058 0.2784528 0.1392264 
       step   negloglik          mu    sigma.sq          vh 
  1.0000000 126.5173307   1.5290058   0.2784528   0.1392264 
       step   negloglik          mu    sigma.sq          vh 
  2.0000000 126.5173307   1.5290058   0.2784528   0.1392264 
       step   negloglik          mu    sigma.sq          vh 
  3.0000000 126.5173307   1.5290058   0.2784528   0.1392264 
[1] "Now starting analysis"
[1] "Starting with initial values"
       mu  sigma.sq        SE        bt 
1.5290058 0.2784528 0.1392264 1.0000000 
        step    negloglik           mu     sigma.sq           SE           bt 
 1.000000000 45.047671268  1.606106858  0.008500398  0.080492375  1.444163741 
[1] "New improvement found, resetting step counter"
        step    negloglik           mu     sigma.sq           SE           bt 
 2.000000000 43.051283461  1.135410940  0.006930428  0.081747471  3.196617305 
[1] "New improvement found, resetting step counter"
        step    negloglik           mu     sigma.sq           SE           bt 
 3.000000000 42.824715977  1.227472110  0.006689622  0.079139173  3.988688229 
        step    negloglik           mu     sigma.sq           SE           bt 
 4.000000000 42.824715977  1.227472110  0.006689622  0.079139173  3.988688229 
        step    negloglik           mu     sigma.sq           SE           bt 
 5.000000000 42.824715977  1.227472110  0.006689622  0.079139173  3.988688229 
[1] "Now starting analysis"
[1] "Starting with initial values"
       mu  sigma.sq        bt 
1.5290058 0.2784528 1.0000000 
       step   negloglik          mu    sigma.sq          bt 
  1.0000000 126.4878033   1.5290058   0.2784528   1.1529006 
[1] "New improvement found, resetting step counter"
       step   negloglik          mu    sigma.sq          bt 
  2.0000000 126.4705357   1.5290058   0.2784528   1.3058012 
       step   negloglik          mu    sigma.sq          bt 
  3.0000000 126.4705357   1.5290058   0.2784528   1.3058012 
       step   negloglik          mu    sigma.sq          bt 
  4.0000000 126.4705357   1.5290058   0.2784528   1.3058012 
[1] "Now starting analysis"
[1] "Starting with initial values"
       mu  sigma.sq        SE 
1.5290058 0.2784528 0.1392264 
        step    negloglik           mu     sigma.sq           SE 
 1.000000000 46.349532122  1.570310427  0.009802048  0.073274632 
[1] "New improvement found, resetting step counter"
        step    negloglik           mu     sigma.sq           SE 
 2.000000000 46.332419415  1.491259630  0.009572366  0.074574866 
        step    negloglik           mu     sigma.sq           SE 
 3.000000000 46.332419415  1.491259630  0.009572366  0.074574866 
        step    negloglik           mu     sigma.sq           SE 
 4.000000000 46.332419415  1.491259630  0.009572366  0.074574866 
[1] "Now starting analysis"
[1] "Starting with initial values"
       mu  sigma.sq 
1.5290058 0.2784528 
       step   negloglik          mu    sigma.sq 
  1.0000000 126.5100517   1.5290058   0.2784528 
       step   negloglik          mu    sigma.sq 
  2.0000000 126.5100517   1.5290058   0.2784528 
       step   negloglik          mu    sigma.sq 
  3.0000000 126.5100517   1.5290058   0.2784528 
