000 (066.715.000) 07/26 17:14:46 Job submitted from host: <160.36.155.106:9618?addrs=160.36.155.106-9618&noUDP&sock=27742_4872_4>
...
012 (066.715.000) 08/03 14:16:37 Job was held.
	via condor_hold (by user bomeara)
	Code 1 Subcode 0
...
013 (066.715.000) 08/05 22:27:23 Job was released.
	via condor_release (by user bomeara)
...
012 (066.715.000) 08/09 10:35:18 Job was held.
	via condor_hold (by user bomeara)
	Code 1 Subcode 0
...
013 (066.715.000) 08/09 13:04:41 Job was released.
	via condor_release (by user bomeara)
...
001 (066.715.000) 08/09 16:51:48 Job executing on host: <10.129.213.175:9618?addrs=10.129.213.175-9618&noUDP&sock=2691_6172_4>
...
006 (066.715.000) 08/09 16:51:57 Image size of job updated: 234008
	229  -  MemoryUsage of job (MB)
	234008  -  ResidentSetSize of job (KB)
...
006 (066.715.000) 08/09 16:56:57 Image size of job updated: 247472
	242  -  MemoryUsage of job (MB)
	247472  -  ResidentSetSize of job (KB)
...
006 (066.715.000) 08/10 01:17:51 Image size of job updated: 248000
	243  -  MemoryUsage of job (MB)
	248000  -  ResidentSetSize of job (KB)
...
006 (066.715.000) 08/10 01:47:55 Image size of job updated: 248660
	243  -  MemoryUsage of job (MB)
	248660  -  ResidentSetSize of job (KB)
...
006 (066.715.000) 08/10 04:33:11 Image size of job updated: 248924
	244  -  MemoryUsage of job (MB)
	248924  -  ResidentSetSize of job (KB)
...
006 (066.715.000) 08/10 10:38:51 Image size of job updated: 249716
	244  -  MemoryUsage of job (MB)
	249716  -  ResidentSetSize of job (KB)
...
005 (066.715.000) 08/10 10:51:01 Job terminated.
	(1) Normal termination (return value 0)
		Usr 0 17:58:55, Sys 0 00:00:02  -  Run Remote Usage
		Usr 0 00:00:00, Sys 0 00:00:00  -  Run Local Usage
		Usr 0 17:58:55, Sys 0 00:00:02  -  Total Remote Usage
		Usr 0 00:00:00, Sys 0 00:00:00  -  Total Local Usage
	32395  -  Run Bytes Sent By Job
	2422  -  Run Bytes Received By Job
	32395  -  Total Bytes Sent By Job
	2422  -  Total Bytes Received By Job
	Partitionable Resources :    Usage  Request Allocated 
	   Cpus                 :     1.00        1         1 
	   Disk (KB)            :    49           4   1811513 
	   Memory (MB)          :   244           1       128 
...
