000 (066.186.000) 07/26 17:14:46 Job submitted from host: <160.36.155.106:9618?addrs=160.36.155.106-9618&noUDP&sock=27742_4872_4>
...
001 (066.186.000) 07/26 17:19:49 Job executing on host: <10.129.199.164:9618?addrs=10.129.199.164-9618&noUDP&sock=2256_01bf_4>
...
006 (066.186.000) 07/26 17:19:58 Image size of job updated: 219348
	215  -  MemoryUsage of job (MB)
	219336  -  ResidentSetSize of job (KB)
...
006 (066.186.000) 07/26 17:24:59 Image size of job updated: 229384
	224  -  MemoryUsage of job (MB)
	229372  -  ResidentSetSize of job (KB)
...
006 (066.186.000) 07/26 18:40:07 Image size of job updated: 230012
	225  -  MemoryUsage of job (MB)
	230000  -  ResidentSetSize of job (KB)
...
006 (066.186.000) 07/26 18:49:02 Image size of job updated: 230548
	225  -  MemoryUsage of job (MB)
	230000  -  ResidentSetSize of job (KB)
...
005 (066.186.000) 07/26 18:49:02 Job terminated.
	(1) Normal termination (return value 0)
		Usr 0 01:29:03, Sys 0 00:00:01  -  Run Remote Usage
		Usr 0 00:00:00, Sys 0 00:00:00  -  Run Local Usage
		Usr 0 01:29:03, Sys 0 00:00:01  -  Total Remote Usage
		Usr 0 00:00:00, Sys 0 00:00:00  -  Total Local Usage
	28558  -  Run Bytes Sent By Job
	2422  -  Run Bytes Received By Job
	28558  -  Total Bytes Sent By Job
	2422  -  Total Bytes Received By Job
	Partitionable Resources :    Usage  Request Allocated 
	   Cpus                 :     1.00        1         1 
	   Disk (KB)            :    45           4    889814 
	   Memory (MB)          :   225           1       128 
...
