000 (066.004.000) 07/26 17:14:45 Job submitted from host: <160.36.155.106:9618?addrs=160.36.155.106-9618&noUDP&sock=27742_4872_4>
...
001 (066.004.000) 07/26 17:14:47 Job executing on host: <10.128.147.77:9618?addrs=10.128.147.77-9618&noUDP&sock=69960_51c7_4>
...
006 (066.004.000) 07/26 17:14:56 Image size of job updated: 220404
	216  -  MemoryUsage of job (MB)
	220388  -  ResidentSetSize of job (KB)
...
006 (066.004.000) 07/26 17:19:57 Image size of job updated: 226192
	221  -  MemoryUsage of job (MB)
	226176  -  ResidentSetSize of job (KB)
...
006 (066.004.000) 07/26 17:24:57 Image size of job updated: 226204
	221  -  MemoryUsage of job (MB)
	226188  -  ResidentSetSize of job (KB)
...
006 (066.004.000) 07/27 22:32:52 Image size of job updated: 229496
	225  -  MemoryUsage of job (MB)
	229480  -  ResidentSetSize of job (KB)
...
006 (066.004.000) 07/28 02:18:16 Image size of job updated: 230084
	225  -  MemoryUsage of job (MB)
	229480  -  ResidentSetSize of job (KB)
...
005 (066.004.000) 07/31 14:47:55 Job terminated.
	(1) Normal termination (return value 0)
		Usr 4 21:21:23, Sys 0 00:00:53  -  Run Remote Usage
		Usr 0 00:00:00, Sys 0 00:00:00  -  Run Local Usage
		Usr 4 21:21:23, Sys 0 00:00:53  -  Total Remote Usage
		Usr 0 00:00:00, Sys 0 00:00:00  -  Total Local Usage
	28955  -  Run Bytes Sent By Job
	2422  -  Run Bytes Received By Job
	28955  -  Total Bytes Sent By Job
	2422  -  Total Bytes Received By Job
	Partitionable Resources :    Usage  Request Allocated 
	   Cpus                 :     1.00        1         1 
	   Disk (KB)            :    46           4    888417 
	   Memory (MB)          :   225           1       128 
...
