[1] "args"
[1] "66"   "1776"
[1] "Now starting analysis"
[1] "Starting with initial values"
       mu  sigma.sq        SE        bt        vh 
0.5970311 0.3058300 0.1529150 1.0000000 0.1529150 
       step   negloglik          mu    sigma.sq          SE          bt 
 1.00000000 16.28553983  0.71975317  0.00668071  0.07260845  1.10912094 
         vh 
 0.11262971 
[1] "New improvement found, resetting step counter"
        step    negloglik           mu     sigma.sq           SE           bt 
 2.000000000 15.688041927  0.589496615  0.006306301  0.074951845  0.819510624 
          vh 
 0.000433357 
[1] "New improvement found, resetting step counter"
       step   negloglik          mu    sigma.sq          SE          bt 
 3.00000000 15.67281884  0.61862494  0.00607508  0.07553451  0.75521915 
         vh 
 0.00199500 
       step   negloglik          mu    sigma.sq          SE          bt 
 4.00000000 15.67281884  0.61862494  0.00607508  0.07553451  0.75521915 
         vh 
 0.00199500 
       step   negloglik          mu    sigma.sq          SE          bt 
 5.00000000 15.67281884  0.61862494  0.00607508  0.07553451  0.75521915 
         vh 
 0.00199500 
[1] "Now starting analysis"
[1] "Starting with initial values"
       mu  sigma.sq        bt        vh 
0.5970311 0.3058300 1.0000000 0.1529150 
      step  negloglik         mu   sigma.sq         bt         vh 
 1.0000000 49.8653055  0.5970311  0.3058300  1.0000000  0.1529150 
      step  negloglik         mu   sigma.sq         bt         vh 
 2.0000000 49.8653055  0.5970311  0.3058300  1.0000000  0.1529150 
      step  negloglik         mu   sigma.sq         bt         vh 
 3.0000000 49.8653055  0.5970311  0.3058300  1.0000000  0.1529150 
[1] "Now starting analysis"
[1] "Starting with initial values"
       mu  sigma.sq        SE        vh 
0.5970311 0.3058300 0.1529150 0.1529150 
        step    negloglik           mu     sigma.sq           SE           vh 
 1.000000000 16.260623377  0.674394669  0.006578888  0.081257643  0.253680889 
[1] "New improvement found, resetting step counter"
        step    negloglik           mu     sigma.sq           SE           vh 
2.000000e+00 1.591718e+01 6.391999e-01 6.573386e-03 8.089054e-02 9.587584e-04 
        step    negloglik           mu     sigma.sq           SE           vh 
3.000000e+00 1.591718e+01 6.391999e-01 6.573386e-03 8.089054e-02 9.587584e-04 
        step    negloglik           mu     sigma.sq           SE           vh 
4.000000e+00 1.591718e+01 6.391999e-01 6.573386e-03 8.089054e-02 9.587584e-04 
[1] "Now starting analysis"
[1] "Starting with initial values"
       mu  sigma.sq        vh 
0.5970311 0.3058300 0.1529150 
      step  negloglik         mu   sigma.sq         vh 
 1.0000000 49.8653055  0.5970311  0.3058300  0.1529150 
      step  negloglik         mu   sigma.sq         vh 
 2.0000000 49.8653055  0.5970311  0.3058300  0.1529150 
      step  negloglik         mu   sigma.sq         vh 
 3.0000000 49.8653055  0.5970311  0.3058300  0.1529150 
[1] "Now starting analysis"
[1] "Starting with initial values"
       mu  sigma.sq        SE        bt 
0.5970311 0.3058300 0.1529150 1.0000000 
        step    negloglik           mu     sigma.sq           SE           bt 
 1.000000000 16.239364613  0.657145572  0.005661601  0.073673549  1.143564516 
[1] "New improvement found, resetting step counter"
        step    negloglik           mu     sigma.sq           SE           bt 
 2.000000000 15.769105595  0.529808454  0.005359406  0.085004389  0.823762413 
        step    negloglik           mu     sigma.sq           SE           bt 
 3.000000000 15.769105595  0.529808454  0.005359406  0.085004389  0.823762413 
[1] "New improvement found, resetting step counter"
        step    negloglik           mu     sigma.sq           SE           bt 
 4.000000000 15.733238915  0.707955285  0.005908404  0.074647908  0.773760864 
[1] "New improvement found, resetting step counter"
        step    negloglik           mu     sigma.sq           SE           bt 
 5.000000000 15.669379797  0.589978256  0.006133795  0.078429233  0.775149266 
[1] "New improvement found, but slight; taking the best value, but not resetting the step counter"
        step    negloglik           mu     sigma.sq           SE           bt 
 6.000000000 15.669346862  0.612847712  0.006153443  0.075729802  0.787903960 
        step    negloglik           mu     sigma.sq           SE           bt 
 7.000000000 15.669346862  0.612847712  0.006153443  0.075729802  0.787903960 
[1] "Now starting analysis"
[1] "Starting with initial values"
       mu  sigma.sq        bt 
0.5970311 0.3058300 1.0000000 
      step  negloglik         mu   sigma.sq         bt 
 1.0000000 49.8412427  0.5970311  0.3058300  1.0000000 
      step  negloglik         mu   sigma.sq         bt 
 2.0000000 49.8412427  0.5970311  0.3058300  1.0000000 
      step  negloglik         mu   sigma.sq         bt 
 3.0000000 49.8412427  0.5970311  0.3058300  1.0000000 
[1] "Now starting analysis"
[1] "Starting with initial values"
       mu  sigma.sq        SE 
0.5970311 0.3058300 0.1529150 
        step    negloglik           mu     sigma.sq           SE 
 1.000000000 16.310446577  0.867006282  0.007035668  0.079444932 
[1] "New improvement found, resetting step counter"
        step    negloglik           mu     sigma.sq           SE 
 2.000000000 15.889458047  0.608315541  0.005968774  0.077689540 
        step    negloglik           mu     sigma.sq           SE 
 3.000000000 15.889458047  0.608315541  0.005968774  0.077689540 
        step    negloglik           mu     sigma.sq           SE 
 4.000000000 15.889458047  0.608315541  0.005968774  0.077689540 
[1] "Now starting analysis"
[1] "Starting with initial values"
       mu  sigma.sq 
0.5970311 0.3058300 
      step  negloglik         mu   sigma.sq 
 1.0000000 49.8412427  0.5970311  0.3058300 
      step  negloglik         mu   sigma.sq 
 2.0000000 49.8412427  0.5970311  0.3058300 
      step  negloglik         mu   sigma.sq 
 3.0000000 49.8412427  0.5970311  0.3058300 
