[1] "args"
[1] "66"   "1497"
[1] "Now starting analysis"
[1] "Starting with initial values"
       mu  sigma.sq        SE        bt        vh 
1.1713412 0.1411264 0.0705632 1.0000000 0.0705632 
       step   negloglik          mu    sigma.sq          SE          bt 
 1.00000000 41.28640293  1.19237307  0.01467138  0.04377376  1.05810030 
         vh 
 0.22759288 
[1] "New improvement found, resetting step counter"
        step    negloglik           mu     sigma.sq           SE           bt 
 2.000000000 39.178668194  0.786678551  0.014185366  0.045621626  1.815101846 
          vh 
 0.005818189 
[1] "New improvement found, but slight; taking the best value, but not resetting the step counter"
       step   negloglik          mu    sigma.sq          SE          bt 
 3.00000000 39.17068005  0.88746852  0.01448960  0.04683381  1.85604302 
         vh 
 0.03370609 
       step   negloglik          mu    sigma.sq          SE          bt 
 4.00000000 39.17068005  0.88746852  0.01448960  0.04683381  1.85604302 
         vh 
 0.03370609 
[1] "Now starting analysis"
[1] "Starting with initial values"
       mu  sigma.sq        bt        vh 
1.1713412 0.1411264 1.0000000 0.0705632 
       step   negloglik          mu    sigma.sq          bt          vh 
 1.00000000 91.53769247  0.65370738  0.14112721  1.83858291  0.01550072 
[1] "New improvement found, resetting step counter"
       step   negloglik          mu    sigma.sq          bt          vh 
 2.00000000 91.51334768  0.65370738  0.14112721  2.02244120  0.01550072 
       step   negloglik          mu    sigma.sq          bt          vh 
 3.00000000 91.51334768  0.65370738  0.14112721  2.02244120  0.01550072 
       step   negloglik          mu    sigma.sq          bt          vh 
 4.00000000 91.51334768  0.65370738  0.14112721  2.02244120  0.01550072 
[1] "Now starting analysis"
[1] "Starting with initial values"
       mu  sigma.sq        SE        vh 
1.1713412 0.1411264 0.0705632 0.0705632 
       step   negloglik          mu    sigma.sq          SE          vh 
 1.00000000 41.60605227  1.12430914  0.01541864  0.04582271  0.22267502 
[1] "New improvement found, resetting step counter"
       step   negloglik          mu    sigma.sq          SE          vh 
 2.00000000 41.45833961  1.05679514  0.01472378  0.04527854  0.37255674 
       step   negloglik          mu    sigma.sq          SE          vh 
 3.00000000 41.45833961  1.05679514  0.01472378  0.04527854  0.37255674 
       step   negloglik          mu    sigma.sq          SE          vh 
 4.00000000 41.45833961  1.05679514  0.01472378  0.04527854  0.37255674 
[1] "Now starting analysis"
[1] "Starting with initial values"
       mu  sigma.sq        vh 
1.1713412 0.1411264 0.0705632 
      step  negloglik         mu   sigma.sq         vh 
 1.0000000 92.4011984  1.1713412  0.1411264  0.0705632 
      step  negloglik         mu   sigma.sq         vh 
 2.0000000 92.4011984  1.1713412  0.1411264  0.0705632 
      step  negloglik         mu   sigma.sq         vh 
 3.0000000 92.4011984  1.1713412  0.1411264  0.0705632 
[1] "Now starting analysis"
[1] "Starting with initial values"
       mu  sigma.sq        SE        bt 
1.1713412 0.1411264 0.0705632 1.0000000 
       step   negloglik          mu    sigma.sq          SE          bt 
 1.00000000 39.13295184  0.79097820  0.01480237  0.04483973  1.97913737 
       step   negloglik          mu    sigma.sq          SE          bt 
 2.00000000 39.13295184  0.79097820  0.01480237  0.04483973  1.97913737 
       step   negloglik          mu    sigma.sq          SE          bt 
 3.00000000 39.13295184  0.79097820  0.01480237  0.04483973  1.97913737 
[1] "Now starting analysis"
[1] "Starting with initial values"
       mu  sigma.sq        bt 
1.1713412 0.1411264 1.0000000 
      step  negloglik         mu   sigma.sq         bt 
 1.0000000 91.5884730  0.8939611  0.1403130  1.6076333 
[1] "New improvement found, resetting step counter"
      step  negloglik         mu   sigma.sq         bt 
 2.0000000 91.5232716  0.8939611  0.1403130  1.7683966 
      step  negloglik         mu   sigma.sq         bt 
 3.0000000 91.5232716  0.8939611  0.1403130  1.7683966 
      step  negloglik         mu   sigma.sq         bt 
 4.0000000 91.5232716  0.8939611  0.1403130  1.7683966 
[1] "Now starting analysis"
[1] "Starting with initial values"
       mu  sigma.sq        SE 
1.1713412 0.1411264 0.0705632 
       step   negloglik          mu    sigma.sq          SE 
 1.00000000 44.39185431  1.16577569  0.01744477  0.04767871 
[1] "New improvement found, but slight; taking the best value, but not resetting the step counter"
       step   negloglik          mu    sigma.sq          SE 
 2.00000000 44.38431884  1.12725903  0.01786296  0.04657545 
       step   negloglik          mu    sigma.sq          SE 
 3.00000000 44.38431884  1.12725903  0.01786296  0.04657545 
[1] "Now starting analysis"
[1] "Starting with initial values"
       mu  sigma.sq 
1.1713412 0.1411264 
      step  negloglik         mu   sigma.sq 
 1.0000000 92.3878381  1.1713412  0.1411264 
      step  negloglik         mu   sigma.sq 
 2.0000000 92.3878381  1.1713412  0.1411264 
      step  negloglik         mu   sigma.sq 
 3.0000000 92.3878381  1.1713412  0.1411264 
