000 (066.1615.000) 07/26 17:14:46 Job submitted from host: <160.36.155.106:9618?addrs=160.36.155.106-9618&noUDP&sock=27742_4872_4>
...
012 (066.1615.000) 08/03 14:17:22 Job was held.
	via condor_hold (by user bomeara)
	Code 1 Subcode 0
...
013 (066.1615.000) 08/05 22:28:09 Job was released.
	via condor_release (by user bomeara)
...
012 (066.1615.000) 08/09 10:36:18 Job was held.
	via condor_hold (by user bomeara)
	Code 1 Subcode 0
...
013 (066.1615.000) 08/09 13:05:28 Job was released.
	via condor_release (by user bomeara)
...
012 (066.1615.000) 09/23 13:38:10 Job was held.
	via condor_hold (by user bomeara)
	Code 1 Subcode 0
...
013 (066.1615.000) 09/24 14:50:02 Job was released.
	via condor_release (by user bomeara)
...
001 (066.1615.000) 09/24 18:26:09 Job executing on host: <10.129.199.164:9618?addrs=10.129.199.164-9618&noUDP&sock=2250_e42e_4>
...
006 (066.1615.000) 09/24 18:26:18 Image size of job updated: 234764
	230  -  MemoryUsage of job (MB)
	234764  -  ResidentSetSize of job (KB)
...
006 (066.1615.000) 09/24 18:31:19 Image size of job updated: 247124
	242  -  MemoryUsage of job (MB)
	247124  -  ResidentSetSize of job (KB)
...
006 (066.1615.000) 09/25 12:58:16 Image size of job updated: 248944
	244  -  MemoryUsage of job (MB)
	248944  -  ResidentSetSize of job (KB)
...
006 (066.1615.000) 09/25 22:54:19 Image size of job updated: 249056
	244  -  MemoryUsage of job (MB)
	249056  -  ResidentSetSize of job (KB)
...
005 (066.1615.000) 09/27 05:31:19 Job terminated.
	(1) Normal termination (return value 0)
		Usr 2 11:00:43, Sys 0 00:00:18  -  Run Remote Usage
		Usr 0 00:00:00, Sys 0 00:00:00  -  Run Local Usage
		Usr 2 11:00:43, Sys 0 00:00:18  -  Total Remote Usage
		Usr 0 00:00:00, Sys 0 00:00:00  -  Total Local Usage
	32838  -  Run Bytes Sent By Job
	2422  -  Run Bytes Received By Job
	32838  -  Total Bytes Sent By Job
	2422  -  Total Bytes Received By Job
	Partitionable Resources :    Usage  Request Allocated 
	   Cpus                 :     1.00        1         1 
	   Disk (KB)            :    50           4    889393 
	   Memory (MB)          :   244           1       128 
...
