[1] "args"
[1] "66"   "1196"
[1] "Now starting analysis"
[1] "Starting with initial values"
        mu   sigma.sq         SE         bt         vh 
2.19845962 0.10887715 0.05443858 1.00000000 0.05443858 
        step    negloglik           mu     sigma.sq           SE           bt 
 1.000000000 15.588323875  2.223022918  0.007248254  0.071207802  1.057430543 
          vh 
 0.211642782 
[1] "New improvement found, resetting step counter"
        step    negloglik           mu     sigma.sq           SE           bt 
2.000000e+00 1.395639e+01 1.612506e+00 5.523448e-03 8.558531e-02 1.424028e+00 
          vh 
3.741478e-04 
        step    negloglik           mu     sigma.sq           SE           bt 
3.000000e+00 1.395639e+01 1.612506e+00 5.523448e-03 8.558531e-02 1.424028e+00 
          vh 
3.741478e-04 
        step    negloglik           mu     sigma.sq           SE           bt 
4.000000e+00 1.395639e+01 1.612506e+00 5.523448e-03 8.558531e-02 1.424028e+00 
          vh 
3.741478e-04 
[1] "Now starting analysis"
[1] "Starting with initial values"
        mu   sigma.sq         bt         vh 
2.19845962 0.10887715 1.00000000 0.05443858 
       step   negloglik          mu    sigma.sq          bt          vh 
 1.00000000 25.97438074  1.74220300  0.11344952  1.57877988  0.01926501 
[1] "New improvement found, resetting step counter"
        step    negloglik           mu     sigma.sq           bt           vh 
 2.000000000 25.947233338  1.550117271  0.111921624  1.703829545  0.004973287 
        step    negloglik           mu     sigma.sq           bt           vh 
 3.000000000 25.947233338  1.550117271  0.111921624  1.703829545  0.004973287 
        step    negloglik           mu     sigma.sq           bt           vh 
 4.000000000 25.947233338  1.550117271  0.111921624  1.703829545  0.004973287 
[1] "Now starting analysis"
[1] "Starting with initial values"
        mu   sigma.sq         SE         vh 
2.19845962 0.10887715 0.05443858 0.05443858 
        step    negloglik           mu     sigma.sq           SE           vh 
 1.000000000 15.719936680  2.258015813  0.006511445  0.077900547  0.261911985 
[1] "New improvement found, resetting step counter"
        step    negloglik           mu     sigma.sq           SE           vh 
 2.000000000 15.172030375  2.115264093  0.007435008  0.083269362  0.009865070 
        step    negloglik           mu     sigma.sq           SE           vh 
 3.000000000 15.172030375  2.115264093  0.007435008  0.083269362  0.009865070 
[1] "New improvement found, resetting step counter"
        step    negloglik           mu     sigma.sq           SE           vh 
4.000000e+00 1.505281e+01 2.194591e+00 4.469228e-03 9.898061e-02 6.614975e-04 
        step    negloglik           mu     sigma.sq           SE           vh 
5.000000e+00 1.505281e+01 2.194591e+00 4.469228e-03 9.898061e-02 6.614975e-04 
        step    negloglik           mu     sigma.sq           SE           vh 
6.000000e+00 1.505281e+01 2.194591e+00 4.469228e-03 9.898061e-02 6.614975e-04 
[1] "Now starting analysis"
[1] "Starting with initial values"
        mu   sigma.sq         vh 
2.19845962 0.10887715 0.05443858 
        step    negloglik           mu     sigma.sq           vh 
 1.000000000 26.139229245  2.150940835  0.108940765  0.002848566 
        step    negloglik           mu     sigma.sq           vh 
 2.000000000 26.139229245  2.150940835  0.108940765  0.002848566 
        step    negloglik           mu     sigma.sq           vh 
 3.000000000 26.139229245  2.150940835  0.108940765  0.002848566 
[1] "Now starting analysis"
[1] "Starting with initial values"
        mu   sigma.sq         SE         bt 
2.19845962 0.10887715 0.05443858 1.00000000 
        step    negloglik           mu     sigma.sq           SE           bt 
 1.000000000 14.058093031  1.831253744  0.003880989  0.103986266  1.305736382 
[1] "New improvement found, resetting step counter"
        step    negloglik           mu     sigma.sq           SE           bt 
 2.000000000 13.919534639  1.720937861  0.004361901  0.092025668  1.420265437 
[1] "New improvement found, resetting step counter"
       step   negloglik          mu    sigma.sq          SE          bt 
 3.00000000 13.90492169  1.65458840  0.00433501  0.09151238  1.42589927 
[1] "New improvement found, but slight; taking the best value, but not resetting the step counter"
        step    negloglik           mu     sigma.sq           SE           bt 
 4.000000000 13.904499497  1.637388266  0.004410114  0.093347532  1.463282714 
        step    negloglik           mu     sigma.sq           SE           bt 
 5.000000000 13.904499497  1.637388266  0.004410114  0.093347532  1.463282714 
[1] "Now starting analysis"
[1] "Starting with initial values"
       mu  sigma.sq        bt 
2.1984596 0.1088772 1.0000000 
      step  negloglik         mu   sigma.sq         bt 
 1.0000000 25.9500576  1.8162737  0.1073504  1.5949072 
[1] "New improvement found, resetting step counter"
      step  negloglik         mu   sigma.sq         bt 
 2.0000000 25.9399549  1.7960929  0.1073504  1.4940032 
[1] "New improvement found, resetting step counter"
      step  negloglik         mu   sigma.sq         bt 
 3.0000000 25.9267033  1.5253683  0.1092562  1.6194792 
      step  negloglik         mu   sigma.sq         bt 
 4.0000000 25.9267033  1.5253683  0.1092562  1.6194792 
      step  negloglik         mu   sigma.sq         bt 
 5.0000000 25.9267033  1.5253683  0.1092562  1.6194792 
[1] "Now starting analysis"
[1] "Starting with initial values"
        mu   sigma.sq         SE 
2.19845962 0.10887715 0.05443858 
        step    negloglik           mu     sigma.sq           SE 
 1.000000000 15.193971431  2.006710112  0.006376386  0.084838800 
[1] "New improvement found, resetting step counter"
       step   negloglik          mu    sigma.sq          SE 
 2.00000000 15.08918279  2.09331909  0.00590965  0.09046180 
[1] "New improvement found, resetting step counter"
        step    negloglik           mu     sigma.sq           SE 
 3.000000000 15.044633582  2.138281230  0.004340163  0.099868727 
        step    negloglik           mu     sigma.sq           SE 
 4.000000000 15.044633582  2.138281230  0.004340163  0.099868727 
        step    negloglik           mu     sigma.sq           SE 
 5.000000000 15.044633582  2.138281230  0.004340163  0.099868727 
[1] "Now starting analysis"
[1] "Starting with initial values"
       mu  sigma.sq 
2.1984596 0.1088772 
      step  negloglik         mu   sigma.sq 
 1.0000000 26.1362831  2.1984596  0.1088772 
      step  negloglik         mu   sigma.sq 
 2.0000000 26.1362831  2.1984596  0.1088772 
      step  negloglik         mu   sigma.sq 
 3.0000000 26.1362831  2.1984596  0.1088772 
