000 (066.474.000) 07/26 17:14:46 Job submitted from host: <160.36.155.106:9618?addrs=160.36.155.106-9618&noUDP&sock=27742_4872_4>
...
001 (066.474.000) 07/31 14:38:59 Job executing on host: <10.130.210.206:9618?addrs=10.130.210.206-9618&noUDP&sock=76684_6c96_4>
...
006 (066.474.000) 07/31 14:39:08 Image size of job updated: 237068
	232  -  MemoryUsage of job (MB)
	237068  -  ResidentSetSize of job (KB)
...
006 (066.474.000) 07/31 14:44:09 Image size of job updated: 237088
	232  -  MemoryUsage of job (MB)
	237088  -  ResidentSetSize of job (KB)
...
005 (066.474.000) 07/31 15:16:39 Job terminated.
	(1) Normal termination (return value 0)
		Usr 0 00:37:33, Sys 0 00:00:01  -  Run Remote Usage
		Usr 0 00:00:00, Sys 0 00:00:00  -  Run Local Usage
		Usr 0 00:37:33, Sys 0 00:00:01  -  Total Remote Usage
		Usr 0 00:00:00, Sys 0 00:00:00  -  Total Local Usage
	28104  -  Run Bytes Sent By Job
	2422  -  Run Bytes Received By Job
	28104  -  Total Bytes Sent By Job
	2422  -  Total Bytes Received By Job
	Partitionable Resources :    Usage  Request Allocated 
	   Cpus                 :     1.00        1         1 
	   Disk (KB)            :    45           4    813884 
	   Memory (MB)          :   232           1       128 
...
