Registered S3 method overwritten by 'geiger':
  method            from
  unique.multiPhylo ape 
Error in stats::optim(par = starting.values, fn = TryComputeLikelihood,  : 
  non-finite value supplied by optim
Calls: DoRunTemplated -> <Anonymous> -> OptimizeThoroughly -> <Anonymous>
In addition: Warning messages:
1: In ScaleAllEdges(phy.graph = phy.graph, sigma.sq = sigma.sq, mu = mu,  :
  Some of the edges were negative in length. If this is tiny, don't worry about it; if not, do. The negative edge with largest magnitude was -2.03068348244915. We are converting all of the negative edges to zero length.
2: In ScaleAllEdges(phy.graph = phy.graph, sigma.sq = sigma.sq, mu = mu,  :
  Some of the edges were negative in length. If this is tiny, don't worry about it; if not, do. The negative edge with largest magnitude was -0.90186534930172. We are converting all of the negative edges to zero length.
3: In ScaleAllEdges(phy.graph = phy.graph, sigma.sq = sigma.sq, mu = mu,  :
  Some of the edges were negative in length. If this is tiny, don't worry about it; if not, do. The negative edge with largest magnitude was -0.314879920065055. We are converting all of the negative edges to zero length.
4: In ScaleAllEdges(phy.graph = phy.graph, sigma.sq = sigma.sq, mu = mu,  :
  Some of the edges were negative in length. If this is tiny, don't worry about it; if not, do. The negative edge with largest magnitude was -0.0380937138173038. We are converting all of the negative edges to zero length.
5: In ScaleAllEdges(phy.graph = phy.graph, sigma.sq = sigma.sq, mu = mu,  :
  Some of the edges were negative in length. If this is tiny, don't worry about it; if not, do. The negative edge with largest magnitude was -1.81272580163379. We are converting all of the negative edges to zero length.
6: In ScaleAllEdges(phy.graph = phy.graph, sigma.sq = sigma.sq, mu = mu,  :
  Some of the edges were negative in length. If this is tiny, don't worry about it; if not, do. The negative edge with largest magnitude was -0.749337152150135. We are converting all of the negative edges to zero length.
7: In ScaleAllEdges(phy.graph = phy.graph, sigma.sq = sigma.sq, mu = mu,  :
  Some of the edges were negative in length. If this is tiny, don't worry about it; if not, do. The negative edge with largest magnitude was -0.247908504355148. We are converting all of the negative edges to zero length.
8: In ScaleAllEdges(phy.graph = phy.graph, sigma.sq = sigma.sq, mu = mu,  :
  Some of the edges were negative in length. If this is tiny, don't worry about it; if not, do. The negative edge with largest magnitude was -0.00731273245312667. We are converting all of the negative edges to zero length.
9: In stats::runif(length(starting.values), min = starting.values -  :
  NAs produced
Execution halted
