000 (066.1058.000) 07/26 17:14:46 Job submitted from host: <160.36.155.106:9618?addrs=160.36.155.106-9618&noUDP&sock=27742_4872_4>
...
012 (066.1058.000) 08/03 14:16:54 Job was held.
	via condor_hold (by user bomeara)
	Code 1 Subcode 0
...
013 (066.1058.000) 08/05 22:27:40 Job was released.
	via condor_release (by user bomeara)
...
012 (066.1058.000) 08/09 10:35:41 Job was held.
	via condor_hold (by user bomeara)
	Code 1 Subcode 0
...
013 (066.1058.000) 08/09 13:04:59 Job was released.
	via condor_release (by user bomeara)
...
001 (066.1058.000) 08/23 13:27:59 Job executing on host: <10.128.121.58:9618?addrs=10.128.121.58-9618&noUDP&sock=2361_0731_4>
...
006 (066.1058.000) 08/23 13:28:08 Image size of job updated: 220580
	216  -  MemoryUsage of job (MB)
	220580  -  ResidentSetSize of job (KB)
...
006 (066.1058.000) 08/23 13:33:09 Image size of job updated: 227284
	222  -  MemoryUsage of job (MB)
	227284  -  ResidentSetSize of job (KB)
...
006 (066.1058.000) 08/23 19:03:41 Image size of job updated: 228196
	223  -  MemoryUsage of job (MB)
	228196  -  ResidentSetSize of job (KB)
...
006 (066.1058.000) 08/23 20:58:53 Image size of job updated: 229280
	224  -  MemoryUsage of job (MB)
	229280  -  ResidentSetSize of job (KB)
...
006 (066.1058.000) 08/24 03:24:31 Image size of job updated: 232036
	227  -  MemoryUsage of job (MB)
	232036  -  ResidentSetSize of job (KB)
...
005 (066.1058.000) 08/24 14:38:04 Job terminated.
	(1) Normal termination (return value 0)
		Usr 1 01:07:51, Sys 0 00:00:11  -  Run Remote Usage
		Usr 0 00:00:00, Sys 0 00:00:00  -  Run Local Usage
		Usr 1 01:07:51, Sys 0 00:00:11  -  Total Remote Usage
		Usr 0 00:00:00, Sys 0 00:00:00  -  Total Local Usage
	28308  -  Run Bytes Sent By Job
	2422  -  Run Bytes Received By Job
	28308  -  Total Bytes Sent By Job
	2422  -  Total Bytes Received By Job
	Partitionable Resources :    Usage  Request Allocated 
	   Cpus                 :     1.00        1         1 
	   Disk (KB)            :    46           4    888433 
	   Memory (MB)          :   227           1       128 
...
