[1] "args"
[1] "66"   "1653"
[1] "Now starting analysis"
[1] "Starting with initial values"
        mu   sigma.sq         SE         bt         vh 
1.88530231 0.08184449 0.04092224 1.00000000 0.04092224 
        step    negloglik           mu     sigma.sq           SE           bt 
 1.000000000 38.819235202  1.765429576  0.006112523  0.070680265  1.222386003 
          vh 
 0.084480587 
[1] "New improvement found, resetting step counter"
        step    negloglik           mu     sigma.sq           SE           bt 
 2.000000000 38.572229066  1.687597280  0.006298284  0.074634132  1.357121925 
          vh 
 0.011857777 
[1] "New improvement found, resetting step counter"
        step    negloglik           mu     sigma.sq           SE           bt 
 3.000000000 38.443999748  1.586034797  0.005748769  0.076469846  1.373681828 
          vh 
 0.022129236 
[1] "New improvement found, resetting step counter"
       step   negloglik          mu    sigma.sq          SE          bt 
 4.00000000 38.41988891  1.56241750  0.00560864  0.07697169  1.36509036 
         vh 
 0.03071678 
       step   negloglik          mu    sigma.sq          SE          bt 
 5.00000000 38.41988891  1.56241750  0.00560864  0.07697169  1.36509036 
         vh 
 0.03071678 
       step   negloglik          mu    sigma.sq          SE          bt 
 6.00000000 38.41988891  1.56241750  0.00560864  0.07697169  1.36509036 
         vh 
 0.03071678 
[1] "Now starting analysis"
[1] "Starting with initial values"
        mu   sigma.sq         bt         vh 
1.88530231 0.08184449 1.00000000 0.04092224 
        step    negloglik           mu     sigma.sq           bt           vh 
1.000000e+00 6.832876e+01 1.961818e+00 8.140722e-02 1.076516e+00 3.429058e-04 
        step    negloglik           mu     sigma.sq           bt           vh 
2.000000e+00 6.832876e+01 1.961818e+00 8.140722e-02 1.076516e+00 3.429058e-04 
        step    negloglik           mu     sigma.sq           bt           vh 
3.000000e+00 6.832876e+01 1.961818e+00 8.140722e-02 1.076516e+00 3.429058e-04 
[1] "Now starting analysis"
[1] "Starting with initial values"
        mu   sigma.sq         SE         vh 
1.88530231 0.08184449 0.04092224 0.04092224 
        step    negloglik           mu     sigma.sq           SE           vh 
 1.000000000 39.583957012  1.908781787  0.006247527  0.072706846  0.104489207 
[1] "New improvement found, resetting step counter"
        step    negloglik           mu     sigma.sq           SE           vh 
 2.000000000 39.427661983  1.679007308  0.005870111  0.071729619  0.177925811 
        step    negloglik           mu     sigma.sq           SE           vh 
 3.000000000 39.427661983  1.679007308  0.005870111  0.071729619  0.177925811 
[1] "New improvement found, resetting step counter"
        step    negloglik           mu     sigma.sq           SE           vh 
 4.000000000 39.358504660  1.506582127  0.005299058  0.076369752  0.200681453 
        step    negloglik           mu     sigma.sq           SE           vh 
 5.000000000 39.358504660  1.506582127  0.005299058  0.076369752  0.200681453 
        step    negloglik           mu     sigma.sq           SE           vh 
 6.000000000 39.358504660  1.506582127  0.005299058  0.076369752  0.200681453 
[1] "Now starting analysis"
[1] "Starting with initial values"
        mu   sigma.sq         vh 
1.88530231 0.08184449 0.04092224 
       step   negloglik          mu    sigma.sq          vh 
 1.00000000 68.41121712  2.07383255  0.08184449  0.04092224 
[1] "New improvement found, resetting step counter"
       step   negloglik          mu    sigma.sq          vh 
 2.00000000 68.38195681  2.19327594  0.08067435  0.01058884 
       step   negloglik          mu    sigma.sq          vh 
 3.00000000 68.38195681  2.19327594  0.08067435  0.01058884 
       step   negloglik          mu    sigma.sq          vh 
 4.00000000 68.38195681  2.19327594  0.08067435  0.01058884 
[1] "Now starting analysis"
[1] "Starting with initial values"
        mu   sigma.sq         SE         bt 
1.88530231 0.08184449 0.04092224 1.00000000 
        step    negloglik           mu     sigma.sq           SE           bt 
 1.000000000 39.889991458  1.208784187  0.008384342  0.059788015  1.337383646 
[1] "New improvement found, resetting step counter"
        step    negloglik           mu     sigma.sq           SE           bt 
 2.000000000 38.502504883  1.602312781  0.005949897  0.078039700  1.356785294 
[1] "New improvement found, resetting step counter"
        step    negloglik           mu     sigma.sq           SE           bt 
 3.000000000 38.474551389  1.469703978  0.004640184  0.080390763  1.425191465 
[1] "New improvement found, but slight; taking the best value, but not resetting the step counter"
        step    negloglik           mu     sigma.sq           SE           bt 
 4.000000000 38.465558453  1.495672813  0.004679594  0.082611865  1.437409843 
        step    negloglik           mu     sigma.sq           SE           bt 
 5.000000000 38.465558453  1.495672813  0.004679594  0.082611865  1.437409843 
[1] "Now starting analysis"
[1] "Starting with initial values"
        mu   sigma.sq         bt 
1.88530231 0.08184449 1.00000000 
       step   negloglik          mu    sigma.sq          bt 
 1.00000000 68.32719809  1.88530231  0.08184449  1.18853023 
[1] "New improvement found, but slight; taking the best value, but not resetting the step counter"
      step  negloglik         mu   sigma.sq         bt 
 2.0000000 68.3249848  2.0119711  0.0788987  1.1266687 
      step  negloglik         mu   sigma.sq         bt 
 3.0000000 68.3249848  2.0119711  0.0788987  1.1266687 
[1] "Now starting analysis"
[1] "Starting with initial values"
        mu   sigma.sq         SE 
1.88530231 0.08184449 0.04092224 
        step    negloglik           mu     sigma.sq           SE 
 1.000000000 40.140470939  2.025608679  0.007822872  0.071335483 
[1] "New improvement found, resetting step counter"
        step    negloglik           mu     sigma.sq           SE 
 2.000000000 40.066406643  1.867648510  0.006750184  0.073233825 
        step    negloglik           mu     sigma.sq           SE 
 3.000000000 40.066406643  1.867648510  0.006750184  0.073233825 
        step    negloglik           mu     sigma.sq           SE 
 4.000000000 40.066406643  1.867648510  0.006750184  0.073233825 
[1] "Now starting analysis"
[1] "Starting with initial values"
        mu   sigma.sq 
1.88530231 0.08184449 
       step   negloglik          mu    sigma.sq 
 1.00000000 68.37106567  2.07383255  0.08184449 
       step   negloglik          mu    sigma.sq 
 2.00000000 68.37106567  2.07383255  0.08184449 
       step   negloglik          mu    sigma.sq 
 3.00000000 68.37106567  2.07383255  0.08184449 
