[1] "args"
[1] "66"  "768"
[1] "Now starting analysis"
[1] "Starting with initial values"
       mu  sigma.sq        SE        bt        vh 
0.4808305 0.1760358 0.0880179 1.0000000 0.0880179 
        step    negloglik           mu     sigma.sq           SE           bt 
 1.000000000 14.397336030  0.469794719  0.002656929  0.108370174  0.972898466 
          vh 
 0.234482777 
[1] "New improvement found, resetting step counter"
        step    negloglik           mu     sigma.sq           SE           bt 
2.000000e+00 1.399692e+01 5.537031e-01 2.982417e-03 1.066113e-01 8.536120e-01 
          vh 
3.684825e-04 
[1] "New improvement found, resetting step counter"
        step    negloglik           mu     sigma.sq           SE           bt 
3.000000e+00 1.395831e+01 4.275914e-01 2.333718e-03 1.130706e-01 9.110035e-01 
          vh 
3.387508e-04 
        step    negloglik           mu     sigma.sq           SE           bt 
4.000000e+00 1.395831e+01 4.275914e-01 2.333718e-03 1.130706e-01 9.110035e-01 
          vh 
3.387508e-04 
        step    negloglik           mu     sigma.sq           SE           bt 
5.000000e+00 1.395831e+01 4.275914e-01 2.333718e-03 1.130706e-01 9.110035e-01 
          vh 
3.387508e-04 
[1] "Now starting analysis"
[1] "Starting with initial values"
       mu  sigma.sq        bt        vh 
0.4808305 0.1760358 1.0000000 0.0880179 
      step  negloglik         mu   sigma.sq         bt         vh 
 1.0000000 36.1234478  0.4808305  0.1760358  1.0000000  0.0880179 
      step  negloglik         mu   sigma.sq         bt         vh 
 2.0000000 36.1234478  0.4808305  0.1760358  1.0000000  0.0880179 
      step  negloglik         mu   sigma.sq         bt         vh 
 3.0000000 36.1234478  0.4808305  0.1760358  1.0000000  0.0880179 
[1] "Now starting analysis"
[1] "Starting with initial values"
       mu  sigma.sq        SE        vh 
0.4808305 0.1760358 0.0880179 0.0880179 
        step    negloglik           mu     sigma.sq           SE           vh 
 1.000000000 14.354862656  0.493863749  0.002787299  0.103929139  0.170691932 
[1] "New improvement found, resetting step counter"
        step    negloglik           mu     sigma.sq           SE           vh 
 2.000000000 14.043858695  0.454909621  0.002753733  0.106552250  0.004730309 
        step    negloglik           mu     sigma.sq           SE           vh 
 3.000000000 14.043858695  0.454909621  0.002753733  0.106552250  0.004730309 
        step    negloglik           mu     sigma.sq           SE           vh 
 4.000000000 14.043858695  0.454909621  0.002753733  0.106552250  0.004730309 
[1] "Now starting analysis"
[1] "Starting with initial values"
       mu  sigma.sq        vh 
0.4808305 0.1760358 0.0880179 
      step  negloglik         mu   sigma.sq         vh 
 1.0000000 36.1234478  0.4808305  0.1760358  0.0880179 
      step  negloglik         mu   sigma.sq         vh 
 2.0000000 36.1234478  0.4808305  0.1760358  0.0880179 
[1] "New improvement found, resetting step counter"
       step   negloglik          mu    sigma.sq          vh 
 3.00000000 36.11007608  0.53278111  0.17723969  0.04719408 
       step   negloglik          mu    sigma.sq          vh 
 4.00000000 36.11007608  0.53278111  0.17723969  0.04719408 
[1] "New improvement found, but slight; taking the best value, but not resetting the step counter"
       step   negloglik          mu    sigma.sq          vh 
 5.00000000 36.10968587  0.53136505  0.17534154  0.04598814 
[1] "Now starting analysis"
[1] "Starting with initial values"
       mu  sigma.sq        SE        bt 
0.4808305 0.1760358 0.0880179 1.0000000 
        step    negloglik           mu     sigma.sq           SE           bt 
 1.000000000 14.072629912  0.445131497  0.002328841  0.105292091  1.021283426 
[1] "New improvement found, resetting step counter"
       step   negloglik          mu    sigma.sq          SE          bt 
 2.00000000 13.91855260  0.45542859  0.00235969  0.11006252  0.86020074 
       step   negloglik          mu    sigma.sq          SE          bt 
 3.00000000 13.91855260  0.45542859  0.00235969  0.11006252  0.86020074 
[1] "New improvement found, resetting step counter"
        step    negloglik           mu     sigma.sq           SE           bt 
 4.000000000 13.906259193  0.448904597  0.002483097  0.108422728  0.819082350 
        step    negloglik           mu     sigma.sq           SE           bt 
 5.000000000 13.906259193  0.448904597  0.002483097  0.108422728  0.819082350 
        step    negloglik           mu     sigma.sq           SE           bt 
 6.000000000 13.906259193  0.448904597  0.002483097  0.108422728  0.819082350 
[1] "Now starting analysis"
[1] "Starting with initial values"
       mu  sigma.sq        bt 
0.4808305 0.1760358 1.0000000 
      step  negloglik         mu   sigma.sq         bt 
 1.0000000 36.0919972  0.4808305  0.1760358  1.0000000 
      step  negloglik         mu   sigma.sq         bt 
 2.0000000 36.0919972  0.4808305  0.1760358  1.0000000 
      step  negloglik         mu   sigma.sq         bt 
 3.0000000 36.0919972  0.4808305  0.1760358  1.0000000 
[1] "Now starting analysis"
[1] "Starting with initial values"
       mu  sigma.sq        SE 
0.4808305 0.1760358 0.0880179 
        step    negloglik           mu     sigma.sq           SE 
 1.000000000 14.073475003  0.495360605  0.002250335  0.113830929 
[1] "New improvement found, resetting step counter"
        step    negloglik           mu     sigma.sq           SE 
 2.000000000 14.047134838  0.480591879  0.002868461  0.104222209 
[1] "New improvement found, but slight; taking the best value, but not resetting the step counter"
        step    negloglik           mu     sigma.sq           SE 
 3.000000000 14.039572976  0.459417958  0.002331923  0.111329064 
[1] "New improvement found, but slight; taking the best value, but not resetting the step counter"
        step    negloglik           mu     sigma.sq           SE 
 4.000000000 14.039543337  0.436350315  0.002934349  0.108030552 
[1] "Now starting analysis"
[1] "Starting with initial values"
       mu  sigma.sq 
0.4808305 0.1760358 
      step  negloglik         mu   sigma.sq 
 1.0000000 36.0919972  0.4808305  0.1760358 
      step  negloglik         mu   sigma.sq 
 2.0000000 36.0919972  0.4808305  0.1760358 
      step  negloglik         mu   sigma.sq 
 3.0000000 36.0919972  0.4808305  0.1760358 
