[1] "args"
[1] "66"  "707"
[1] "Now starting analysis"
[1] "Starting with initial values"
        mu   sigma.sq         SE         bt         vh 
1.88284825 0.11184958 0.05592479 1.00000000 0.05592479 
        step    negloglik           mu     sigma.sq           SE           bt 
 1.000000000 26.943398406  1.404844856  0.006245598  0.053005230  1.706986449 
          vh 
 0.012057749 
[1] "New improvement found, resetting step counter"
        step    negloglik           mu     sigma.sq           SE           bt 
 2.000000000 26.221603162  1.367319342  0.006599669  0.051635995  1.520667446 
          vh 
 0.001637961 
[1] "New improvement found, resetting step counter"
        step    negloglik           mu     sigma.sq           SE           bt 
 3.000000000 25.285004155  0.889717514  0.005658973  0.049694531  1.723728809 
          vh 
 0.000254070 
        step    negloglik           mu     sigma.sq           SE           bt 
 4.000000000 25.285004155  0.889717514  0.005658973  0.049694531  1.723728809 
          vh 
 0.000254070 
        step    negloglik           mu     sigma.sq           SE           bt 
 5.000000000 25.285004155  0.889717514  0.005658973  0.049694531  1.723728809 
          vh 
 0.000254070 
[1] "Now starting analysis"
[1] "Starting with initial values"
        mu   sigma.sq         bt         vh 
1.88284825 0.11184958 1.00000000 0.05592479 
        step    negloglik           mu     sigma.sq           bt           vh 
1.000000e+00 8.323861e+01 4.913573e-01 1.076006e-01 1.843066e+00 6.113525e-04 
[1] "New improvement found, resetting step counter"
        step    negloglik           mu     sigma.sq           bt           vh 
2.000000e+00 8.322594e+01 6.756639e-01 1.076006e-01 1.843066e+00 6.113525e-04 
        step    negloglik           mu     sigma.sq           bt           vh 
3.000000e+00 8.322594e+01 6.756639e-01 1.076006e-01 1.843066e+00 6.113525e-04 
        step    negloglik           mu     sigma.sq           bt           vh 
4.000000e+00 8.322594e+01 6.756639e-01 1.076006e-01 1.843066e+00 6.113525e-04 
[1] "Now starting analysis"
[1] "Starting with initial values"
        mu   sigma.sq         SE         vh 
1.88284825 0.11184958 0.05592479 0.05592479 
        step    negloglik           mu     sigma.sq           SE           vh 
 1.000000000 30.117278011  2.294866543  0.005717286  0.053022721  0.237356147 
[1] "New improvement found, resetting step counter"
        step    negloglik           mu     sigma.sq           SE           vh 
 2.000000000 29.022157022  1.842313950  0.005862638  0.050507539  0.078395665 
        step    negloglik           mu     sigma.sq           SE           vh 
 3.000000000 29.022157022  1.842313950  0.005862638  0.050507539  0.078395665 
[1] "New improvement found, but slight; taking the best value, but not resetting the step counter"
        step    negloglik           mu     sigma.sq           SE           vh 
 4.000000000 29.018132247  1.841534923  0.006020274  0.051180094  0.080780944 
[1] "Now starting analysis"
[1] "Starting with initial values"
        mu   sigma.sq         vh 
1.88284825 0.11184958 0.05592479 
        step    negloglik           mu     sigma.sq           vh 
 1.000000000 83.834055662  2.000526268  0.114464647  0.006238517 
        step    negloglik           mu     sigma.sq           vh 
 2.000000000 83.834055662  2.000526268  0.114464647  0.006238517 
        step    negloglik           mu     sigma.sq           vh 
 3.000000000 83.834055662  2.000526268  0.114464647  0.006238517 
[1] "Now starting analysis"
[1] "Starting with initial values"
        mu   sigma.sq         SE         bt 
1.88284825 0.11184958 0.05592479 1.00000000 
        step    negloglik           mu     sigma.sq           SE           bt 
 1.000000000 28.233020962  1.872548367  0.006413527  0.051043519  1.288458293 
[1] "New improvement found, resetting step counter"
        step    negloglik           mu     sigma.sq           SE           bt 
 2.000000000 25.273180098  0.808780227  0.005413272  0.049254921  1.729947079 
        step    negloglik           mu     sigma.sq           SE           bt 
 3.000000000 25.273180098  0.808780227  0.005413272  0.049254921  1.729947079 
        step    negloglik           mu     sigma.sq           SE           bt 
 4.000000000 25.273180098  0.808780227  0.005413272  0.049254921  1.729947079 
[1] "Now starting analysis"
[1] "Starting with initial values"
       mu  sigma.sq        bt 
1.8828483 0.1118496 1.0000000 
      step  negloglik         mu   sigma.sq         bt 
 1.0000000 83.2224257  0.7531393  0.1118496  1.7531393 
      step  negloglik         mu   sigma.sq         bt 
 2.0000000 83.2224257  0.7531393  0.1118496  1.7531393 
[1] "New improvement found, but slight; taking the best value, but not resetting the step counter"
      step  negloglik         mu   sigma.sq         bt 
 3.0000000 83.2163236  0.7309627  0.1080805  1.7701035 
[1] "Now starting analysis"
[1] "Starting with initial values"
        mu   sigma.sq         SE 
1.88284825 0.11184958 0.05592479 
        step    negloglik           mu     sigma.sq           SE 
 1.000000000 30.654288263  1.837311564  0.007430651  0.050730186 
[1] "New improvement found, but slight; taking the best value, but not resetting the step counter"
        step    negloglik           mu     sigma.sq           SE 
 2.000000000 30.647202449  1.791024484  0.007427127  0.051442293 
        step    negloglik           mu     sigma.sq           SE 
 3.000000000 30.647202449  1.791024484  0.007427127  0.051442293 
[1] "Now starting analysis"
[1] "Starting with initial values"
       mu  sigma.sq 
1.8828483 0.1118496 
      step  negloglik         mu   sigma.sq 
 1.0000000 83.7842791  1.8828483  0.1118496 
      step  negloglik         mu   sigma.sq 
 2.0000000 83.7842791  1.8828483  0.1118496 
      step  negloglik         mu   sigma.sq 
 3.0000000 83.7842791  1.8828483  0.1118496 
