000 (066.373.000) 07/26 17:14:46 Job submitted from host: <160.36.155.106:9618?addrs=160.36.155.106-9618&noUDP&sock=27742_4872_4>
...
001 (066.373.000) 07/28 07:40:48 Job executing on host: <10.128.213.253:9618?addrs=10.128.213.253-9618&noUDP&sock=68980_1ef7_4>
...
006 (066.373.000) 07/28 07:40:56 Image size of job updated: 233608
	229  -  MemoryUsage of job (MB)
	233608  -  ResidentSetSize of job (KB)
...
006 (066.373.000) 07/28 07:45:56 Image size of job updated: 248704
	243  -  MemoryUsage of job (MB)
	248704  -  ResidentSetSize of job (KB)
...
006 (066.373.000) 07/28 09:51:10 Image size of job updated: 248888
	244  -  MemoryUsage of job (MB)
	248888  -  ResidentSetSize of job (KB)
...
006 (066.373.000) 07/28 11:51:24 Image size of job updated: 249944
	245  -  MemoryUsage of job (MB)
	249944  -  ResidentSetSize of job (KB)
...
006 (066.373.000) 07/28 15:36:39 Image size of job updated: 456352
	245  -  MemoryUsage of job (MB)
	249944  -  ResidentSetSize of job (KB)
...
005 (066.373.000) 07/28 15:36:40 Job terminated.
	(1) Normal termination (return value 0)
		Usr 0 07:55:10, Sys 0 00:00:04  -  Run Remote Usage
		Usr 0 00:00:00, Sys 0 00:00:00  -  Run Local Usage
		Usr 0 07:55:10, Sys 0 00:00:04  -  Total Remote Usage
		Usr 0 00:00:00, Sys 0 00:00:00  -  Total Local Usage
	30776  -  Run Bytes Sent By Job
	2422  -  Run Bytes Received By Job
	30776  -  Total Bytes Sent By Job
	2422  -  Total Bytes Received By Job
	Partitionable Resources :    Usage  Request Allocated 
	   Cpus                 :     1.00        1         1 
	   Disk (KB)            :    48           4    892965 
	   Memory (MB)          :   245           1       128 
...
