000 (066.825.000) 07/26 17:14:46 Job submitted from host: <160.36.155.106:9618?addrs=160.36.155.106-9618&noUDP&sock=27742_4872_4>
...
012 (066.825.000) 08/03 14:16:42 Job was held.
	via condor_hold (by user bomeara)
	Code 1 Subcode 0
...
013 (066.825.000) 08/05 22:27:28 Job was released.
	via condor_release (by user bomeara)
...
012 (066.825.000) 08/09 10:35:26 Job was held.
	via condor_hold (by user bomeara)
	Code 1 Subcode 0
...
013 (066.825.000) 08/09 13:04:47 Job was released.
	via condor_release (by user bomeara)
...
001 (066.825.000) 08/11 07:05:23 Job executing on host: <10.129.167.211:9618?addrs=10.129.167.211-9618&noUDP&sock=2331_7359_4>
...
006 (066.825.000) 08/11 07:05:32 Image size of job updated: 243076
	238  -  MemoryUsage of job (MB)
	243076  -  ResidentSetSize of job (KB)
...
006 (066.825.000) 08/11 07:10:33 Image size of job updated: 243180
	238  -  MemoryUsage of job (MB)
	243180  -  ResidentSetSize of job (KB)
...
006 (066.825.000) 08/11 07:15:33 Image size of job updated: 243192
	238  -  MemoryUsage of job (MB)
	243192  -  ResidentSetSize of job (KB)
...
006 (066.825.000) 08/12 07:28:01 Image size of job updated: 247312
	242  -  MemoryUsage of job (MB)
	247312  -  ResidentSetSize of job (KB)
...
006 (066.825.000) 08/14 00:12:12 Image size of job updated: 248208
	243  -  MemoryUsage of job (MB)
	248208  -  ResidentSetSize of job (KB)
...
006 (066.825.000) 08/14 08:28:02 Image size of job updated: 248844
	244  -  MemoryUsage of job (MB)
	248844  -  ResidentSetSize of job (KB)
...
022 (066.825.000) 08/14 14:07:46 Job disconnected, attempting to reconnect
    Local schedd and job shadow died, schedd now running again
    Trying to reconnect to slot1_17@omearaclusterc <10.129.167.211:9618?addrs=10.129.167.211-9618&noUDP&sock=2331_7359_4>
...
023 (066.825.000) 08/14 14:07:50 Job reconnected to slot1_17@omearaclusterc
    startd address: <10.129.167.211:9618?addrs=10.129.167.211-9618&noUDP&sock=2331_7359_4>
    starter address: <10.129.167.211:9618?addrs=10.129.167.211-9618&noUDP&sock=2831_720c_20>
...
005 (066.825.000) 08/15 03:34:16 Job terminated.
	(1) Normal termination (return value 0)
		Usr 3 20:21:17, Sys 0 00:00:33  -  Run Remote Usage
		Usr 0 00:00:00, Sys 0 00:00:00  -  Run Local Usage
		Usr 3 20:21:17, Sys 0 00:00:33  -  Total Remote Usage
		Usr 0 00:00:00, Sys 0 00:00:00  -  Total Local Usage
	31270  -  Run Bytes Sent By Job
	0  -  Run Bytes Received By Job
	31270  -  Total Bytes Sent By Job
	2422  -  Total Bytes Received By Job
	Partitionable Resources :    Usage  Request Allocated 
	   Cpus                 :     0.99        1         1 
	   Disk (KB)            :    48          48    891902 
	   Memory (MB)          :   245         245       128 
...
