000 (066.296.000) 07/26 17:14:46 Job submitted from host: <160.36.155.106:9618?addrs=160.36.155.106-9618&noUDP&sock=27742_4872_4>
...
001 (066.296.000) 07/27 06:03:02 Job executing on host: <10.130.210.206:9618?addrs=10.130.210.206-9618&noUDP&sock=76684_6c96_4>
...
006 (066.296.000) 07/27 06:03:10 Image size of job updated: 221684
	217  -  MemoryUsage of job (MB)
	221684  -  ResidentSetSize of job (KB)
...
006 (066.296.000) 07/27 06:08:10 Image size of job updated: 232812
	228  -  MemoryUsage of job (MB)
	232812  -  ResidentSetSize of job (KB)
...
006 (066.296.000) 07/27 12:43:51 Image size of job updated: 233700
	229  -  MemoryUsage of job (MB)
	233700  -  ResidentSetSize of job (KB)
...
005 (066.296.000) 07/28 02:07:26 Job terminated.
	(1) Normal termination (return value 0)
		Usr 0 20:02:39, Sys 0 00:00:08  -  Run Remote Usage
		Usr 0 00:00:00, Sys 0 00:00:00  -  Run Local Usage
		Usr 0 20:02:39, Sys 0 00:00:08  -  Total Remote Usage
		Usr 0 00:00:00, Sys 0 00:00:00  -  Total Local Usage
	29680  -  Run Bytes Sent By Job
	2422  -  Run Bytes Received By Job
	29680  -  Total Bytes Sent By Job
	2422  -  Total Bytes Received By Job
	Partitionable Resources :    Usage  Request Allocated 
	   Cpus                 :     0.99        1         1 
	   Disk (KB)            :    47           4    813884 
	   Memory (MB)          :   229           1       128 
...
