[1] "args"
[1] "66" "20"
[1] "Now starting analysis"
[1] "Starting with initial values"
         mu    sigma.sq          SE          bt          vh 
2.700234455 0.009961454 0.004980727 1.000000000 0.004980727 
         step     negloglik            mu      sigma.sq            SE 
 1.000000e+00 -9.013397e+00  2.120965e+00  8.598937e-03  4.770692e-04 
           bt            vh 
 1.437835e+00  9.797538e-07 
[1] "New improvement found, but slight; taking the best value, but not resetting the step counter"
         step     negloglik            mu      sigma.sq            SE 
 2.0000000000 -9.0138066591  2.0940584934  0.0086169515  0.0005430588 
           bt            vh 
 1.4347360404  0.0020020270 
[1] "New improvement found, but slight; taking the best value, but not resetting the step counter"
         step     negloglik            mu      sigma.sq            SE 
 3.0000000000 -9.0189639980  2.0473505163  0.0089837283  0.0003473739 
           bt            vh 
 1.4601262814  0.0010090647 
[1] "Now starting analysis"
[1] "Starting with initial values"
         mu    sigma.sq          bt          vh 
2.700234455 0.009961454 1.000000000 0.004980727 
         step     negloglik            mu      sigma.sq            bt 
 1.0000000000 -8.9871747487  2.1211515397  0.0090934714  1.4417540715 
           vh 
 0.0004135011 
[1] "New improvement found, but slight; taking the best value, but not resetting the step counter"
         step     negloglik            mu      sigma.sq            bt 
 2.0000000000 -8.9902014671  2.0755950911  0.0090654686  1.4497161780 
           vh 
 0.0008865571 
[1] "New improvement found, but slight; taking the best value, but not resetting the step counter"
        step    negloglik           mu     sigma.sq           bt           vh 
 3.000000000 -8.998110926  2.075272931  0.009667404  1.448240479  0.001826931 
[1] "Now starting analysis"
[1] "Starting with initial values"
         mu    sigma.sq          SE          vh 
2.700234455 0.009961454 0.004980727 0.004980727 
        step    negloglik           mu     sigma.sq           SE           vh 
 1.000000000 -6.625014044  2.314175042  0.007748080  0.001281357  0.283340970 
[1] "New improvement found, but slight; taking the best value, but not resetting the step counter"
        step    negloglik           mu     sigma.sq           SE           vh 
 2.000000000 -6.630015933  2.266354316  0.007741679  0.001250081  0.302014092 
        step    negloglik           mu     sigma.sq           SE           vh 
 3.000000000 -6.630015933  2.266354316  0.007741679  0.001250081  0.302014092 
[1] "Now starting analysis"
[1] "Starting with initial values"
         mu    sigma.sq          vh 
2.700234455 0.009961454 0.004980727 
        step    negloglik           mu     sigma.sq           vh 
 1.000000000 -6.788576887  2.402690614  0.009899565  0.253735927 
        step    negloglik           mu     sigma.sq           vh 
 2.000000000 -6.788576887  2.402690614  0.009899565  0.253735927 
[1] "New improvement found, but slight; taking the best value, but not resetting the step counter"
        step    negloglik           mu     sigma.sq           vh 
 3.000000000 -6.789389624  2.376682967  0.009902524  0.258332842 
[1] "Now starting analysis"
[1] "Starting with initial values"
         mu    sigma.sq          SE          bt 
2.700234455 0.009961454 0.004980727 1.000000000 
        step    negloglik           mu     sigma.sq           SE           bt 
 1.000000000 -8.989278408  2.060947217  0.007852082  0.001132871  1.450018680 
        step    negloglik           mu     sigma.sq           SE           bt 
 2.000000000 -8.989278408  2.060947217  0.007852082  0.001132871  1.450018680 
[1] "New improvement found, resetting step counter"
         step     negloglik            mu      sigma.sq            SE 
 3.0000000000 -9.0098829729  2.0352803107  0.0081643586  0.0008187415 
           bt 
 1.4471471493 
         step     negloglik            mu      sigma.sq            SE 
 4.0000000000 -9.0098829729  2.0352803107  0.0081643586  0.0008187415 
           bt 
 1.4471471493 
         step     negloglik            mu      sigma.sq            SE 
 5.0000000000 -9.0098829729  2.0352803107  0.0081643586  0.0008187415 
           bt 
 1.4471471493 
[1] "Now starting analysis"
[1] "Starting with initial values"
         mu    sigma.sq          bt 
2.700234455 0.009961454 1.000000000 
        step    negloglik           mu     sigma.sq           bt 
 1.000000000 -8.976455779  2.165655797  0.009202645  1.445311111 
[1] "New improvement found, resetting step counter"
        step    negloglik           mu     sigma.sq           bt 
 2.000000000 -9.007218766  2.069389374  0.009341802  1.450465808 
        step    negloglik           mu     sigma.sq           bt 
 3.000000000 -9.007218766  2.069389374  0.009341802  1.450465808 
        step    negloglik           mu     sigma.sq           bt 
 4.000000000 -9.007218766  2.069389374  0.009341802  1.450465808 
[1] "Now starting analysis"
[1] "Starting with initial values"
         mu    sigma.sq          SE 
2.700234455 0.009961454 0.004980727 
         step     negloglik            mu      sigma.sq            SE 
 1.000000e+00 -5.996856e+00  3.074373e+00  1.145508e-02  9.744982e-07 
[1] "New improvement found, but slight; taking the best value, but not resetting the step counter"
         step     negloglik            mu      sigma.sq            SE 
 2.000000e+00 -5.999130e+00  3.038599e+00  1.145519e-02  2.111046e-06 
         step     negloglik            mu      sigma.sq            SE 
 3.000000e+00 -5.999130e+00  3.038599e+00  1.145519e-02  2.111046e-06 
[1] "Now starting analysis"
[1] "Starting with initial values"
         mu    sigma.sq 
2.700234455 0.009961454 
       step   negloglik          mu    sigma.sq 
 1.00000000 -6.00039562  3.04499592  0.01161033 
       step   negloglik          mu    sigma.sq 
 2.00000000 -6.00039562  3.04499592  0.01161033 
       step   negloglik          mu    sigma.sq 
 3.00000000 -6.00039562  3.04499592  0.01161033 
