[1] "args"
[1] "66"  "141"
[1] "Now starting analysis"
[1] "Starting with initial values"
      mu sigma.sq       SE       bt       vh 
1.404078 2.531602 1.265801 1.000000 1.265801 
       step   negloglik          mu    sigma.sq          SE          bt 
 1.00000000 51.64830580  3.63122434  0.02197381  0.04361502  1.94809079 
         vh 
 2.30511580 
[1] "New improvement found, resetting step counter"
        step    negloglik           mu     sigma.sq           SE           bt 
 2.000000000 34.049193101  0.712869995  0.006105096  0.065670183  3.328357310 
          vh 
 0.118258842 
[1] "New improvement found, resetting step counter"
        step    negloglik           mu     sigma.sq           SE           bt 
 3.000000000 32.064804679  0.929469760  0.004248749  0.069473486  2.041201528 
          vh 
 0.001049532 
        step    negloglik           mu     sigma.sq           SE           bt 
 4.000000000 32.064804679  0.929469760  0.004248749  0.069473486  2.041201528 
          vh 
 0.001049532 
        step    negloglik           mu     sigma.sq           SE           bt 
 5.000000000 32.064804679  0.929469760  0.004248749  0.069473486  2.041201528 
          vh 
 0.001049532 
[1] "Now starting analysis"
[1] "Initial starting values were in an area where the precision of the likelihood would be low (due to poor condition of the VCV matrix), so we're trying in a new area"
