[1] "args"
[1] "66"   "1478"
[1] "Now starting analysis"
[1] "Starting with initial values"
        mu   sigma.sq         SE         bt         vh 
0.84405850 0.05838243 0.02919121 1.00000000 0.02919121 
        step    negloglik           mu     sigma.sq           SE           bt 
1.0000000000 6.9512756859 0.8974124026 0.0003516264 0.0762845536 1.1124035159 
          vh 
0.0013644579 
[1] "New improvement found, resetting step counter"
        step    negloglik           mu     sigma.sq           SE           bt 
2.000000e+00 6.557108e+00 7.394822e-01 4.216335e-06 9.358875e-02 1.143102e+00 
          vh 
1.362086e-04 
        step    negloglik           mu     sigma.sq           SE           bt 
3.000000e+00 6.557108e+00 7.394822e-01 4.216335e-06 9.358875e-02 1.143102e+00 
          vh 
1.362086e-04 
[1] "New improvement found, resetting step counter"
        step    negloglik           mu     sigma.sq           SE           bt 
4.000000e+00 5.897880e+00 4.811367e-01 9.718682e-07 7.065548e-02 1.170326e+00 
          vh 
3.188779e-03 
        step    negloglik           mu     sigma.sq           SE           bt 
5.000000e+00 5.897880e+00 4.811367e-01 9.718682e-07 7.065548e-02 1.170326e+00 
          vh 
3.188779e-03 
[1] "New improvement found, resetting step counter"
        step    negloglik           mu     sigma.sq           SE           bt 
6.000000e+00 5.862377e+00 5.525486e-01 1.164996e-06 7.623865e-02 1.159124e+00 
          vh 
9.330518e-04 
        step    negloglik           mu     sigma.sq           SE           bt 
7.000000e+00 5.862377e+00 5.525486e-01 1.164996e-06 7.623865e-02 1.159124e+00 
          vh 
9.330518e-04 
        step    negloglik           mu     sigma.sq           SE           bt 
8.000000e+00 5.862377e+00 5.525486e-01 1.164996e-06 7.623865e-02 1.159124e+00 
          vh 
9.330518e-04 
[1] "Now starting analysis"
[1] "Starting with initial values"
        mu   sigma.sq         bt         vh 
0.84405850 0.05838243 1.00000000 0.02919121 
       step   negloglik          mu    sigma.sq          bt          vh 
 1.00000000 20.03427996  0.78449200  0.05870897  1.09043350  0.00756417 
       step   negloglik          mu    sigma.sq          bt          vh 
 2.00000000 20.03427996  0.78449200  0.05870897  1.09043350  0.00756417 
       step   negloglik          mu    sigma.sq          bt          vh 
 3.00000000 20.03427996  0.78449200  0.05870897  1.09043350  0.00756417 
[1] "Now starting analysis"
[1] "Starting with initial values"
        mu   sigma.sq         SE         vh 
0.84405850 0.05838243 0.02919121 0.02919121 
        step    negloglik           mu     sigma.sq           SE           vh 
1.0000000000 8.0923133779 0.9316479543 0.0005923551 0.0761928311 0.1082328940 
[1] "New improvement found, resetting step counter"
       step   negloglik          mu    sigma.sq          SE          vh 
2.000000000 7.945224117 0.854280563 0.001561358 0.073659801 0.023368373 
       step   negloglik          mu    sigma.sq          SE          vh 
3.000000000 7.945224117 0.854280563 0.001561358 0.073659801 0.023368373 
       step   negloglik          mu    sigma.sq          SE          vh 
4.000000000 7.945224117 0.854280563 0.001561358 0.073659801 0.023368373 
[1] "Now starting analysis"
[1] "Starting with initial values"
        mu   sigma.sq         vh 
0.84405850 0.05838243 0.02919121 
        step    negloglik           mu     sigma.sq           vh 
 1.000000000 20.074528946  0.829551243  0.058138200  0.002179389 
        step    negloglik           mu     sigma.sq           vh 
 2.000000000 20.074528946  0.829551243  0.058138200  0.002179389 
        step    negloglik           mu     sigma.sq           vh 
 3.000000000 20.074528946  0.829551243  0.058138200  0.002179389 
[1] "Now starting analysis"
[1] "Starting with initial values"
        mu   sigma.sq         SE         bt 
0.84405850 0.05838243 0.02919121 1.00000000 
        step    negloglik           mu     sigma.sq           SE           bt 
1.0000000000 7.0615768399 0.8955289362 0.0001328309 0.0865290148 1.0775206096 
[1] "New improvement found, resetting step counter"
        step    negloglik           mu     sigma.sq           SE           bt 
2.000000e+00 5.771717e+00 4.533919e-01 1.240555e-05 7.563107e-02 1.170200e+00 
[1] "New improvement found, resetting step counter"
        step    negloglik           mu     sigma.sq           SE           bt 
3.000000e+00 5.741111e+00 4.031367e-01 2.506567e-05 7.417806e-02 1.196988e+00 
        step    negloglik           mu     sigma.sq           SE           bt 
4.000000e+00 5.741111e+00 4.031367e-01 2.506567e-05 7.417806e-02 1.196988e+00 
        step    negloglik           mu     sigma.sq           SE           bt 
5.000000e+00 5.741111e+00 4.031367e-01 2.506567e-05 7.417806e-02 1.196988e+00 
[1] "Now starting analysis"
[1] "Starting with initial values"
        mu   sigma.sq         bt 
0.84405850 0.05838243 1.00000000 
       step   negloglik          mu    sigma.sq          bt 
 1.00000000 20.03264413  0.76558628  0.06046576  1.08819444 
       step   negloglik          mu    sigma.sq          bt 
 2.00000000 20.03264413  0.76558628  0.06046576  1.08819444 
[1] "New improvement found, but slight; taking the best value, but not resetting the step counter"
       step   negloglik          mu    sigma.sq          bt 
 3.00000000 20.03034225  0.82875570  0.05829659  1.09422017 
[1] "Now starting analysis"
[1] "Starting with initial values"
        mu   sigma.sq         SE 
0.84405850 0.05838243 0.02919121 
       step   negloglik          mu    sigma.sq          SE 
1.000000000 8.000775660 0.873795530 0.001634364 0.078302635 
[1] "New improvement found, resetting step counter"
       step   negloglik          mu    sigma.sq          SE 
2.000000000 7.959333784 0.903807759 0.002492567 0.069200452 
[1] "New improvement found, but slight; taking the best value, but not resetting the step counter"
       step   negloglik          mu    sigma.sq          SE 
3.000000000 7.955668086 0.902328549 0.002107142 0.070289366 
[1] "New improvement found, but slight; taking the best value, but not resetting the step counter"
       step   negloglik          mu    sigma.sq          SE 
4.000000000 7.954553839 0.900647440 0.002376737 0.070132699 
[1] "Now starting analysis"
[1] "Starting with initial values"
        mu   sigma.sq 
0.84405850 0.05838243 
       step   negloglik          mu    sigma.sq 
 1.00000000 20.07152887  0.84405850  0.05838243 
       step   negloglik          mu    sigma.sq 
 2.00000000 20.07152887  0.84405850  0.05838243 
[1] "New improvement found, but slight; taking the best value, but not resetting the step counter"
       step   negloglik          mu    sigma.sq 
 3.00000000 20.07145576  0.84836034  0.05866414 
