000 (066.687.000) 07/26 17:14:46 Job submitted from host: <160.36.155.106:9618?addrs=160.36.155.106-9618&noUDP&sock=27742_4872_4>
...
012 (066.687.000) 08/03 14:17:35 Job was held.
	via condor_hold (by user bomeara)
	Code 1 Subcode 0
...
013 (066.687.000) 08/05 22:28:21 Job was released.
	via condor_release (by user bomeara)
...
012 (066.687.000) 08/09 10:36:31 Job was held.
	via condor_hold (by user bomeara)
	Code 1 Subcode 0
...
001 (066.687.000) 08/09 13:05:23 Job executing on host: <10.128.213.253:9618?addrs=10.128.213.253-9618&noUDP&sock=2256_01bf_4>
...
006 (066.687.000) 08/09 13:05:32 Image size of job updated: 242912
	238  -  MemoryUsage of job (MB)
	242912  -  ResidentSetSize of job (KB)
...
013 (066.687.000) 08/09 13:05:38 Job was released.
	via condor_release (by user bomeara)
...
006 (066.687.000) 08/09 13:20:33 Image size of job updated: 246488
	241  -  MemoryUsage of job (MB)
	246488  -  ResidentSetSize of job (KB)
...
006 (066.687.000) 08/09 13:40:36 Image size of job updated: 246500
	241  -  MemoryUsage of job (MB)
	246500  -  ResidentSetSize of job (KB)
...
006 (066.687.000) 08/12 22:28:58 Image size of job updated: 247464
	242  -  MemoryUsage of job (MB)
	247464  -  ResidentSetSize of job (KB)
...
006 (066.687.000) 08/13 19:46:14 Image size of job updated: 248808
	243  -  MemoryUsage of job (MB)
	248808  -  ResidentSetSize of job (KB)
...
001 (066.687.000) 08/14 14:21:51 Job executing on host: <10.128.213.253:9618?addrs=10.128.213.253-9618&noUDP&sock=2256_01bf_4>
...
005 (066.687.000) 08/16 10:56:25 Job terminated.
	(1) Normal termination (return value 0)
		Usr 1 20:31:00, Sys 0 00:00:16  -  Run Remote Usage
		Usr 0 00:00:00, Sys 0 00:00:00  -  Run Local Usage
		Usr 1 20:31:00, Sys 0 00:00:16  -  Total Remote Usage
		Usr 0 00:00:00, Sys 0 00:00:00  -  Total Local Usage
	32970  -  Run Bytes Sent By Job
	2422  -  Run Bytes Received By Job
	32970  -  Total Bytes Sent By Job
	4844  -  Total Bytes Received By Job
	Partitionable Resources :    Usage  Request Allocated 
	   Cpus                 :     1.00        1         1 
	   Disk (KB)            :    51          75    892992 
	   Memory (MB)          :   245         245       256 
...
