000 (066.626.000) 07/26 17:14:46 Job submitted from host: <160.36.155.106:9618?addrs=160.36.155.106-9618&noUDP&sock=27742_4872_4>
...
001 (066.626.000) 08/02 01:21:21 Job executing on host: <10.130.107.8:9618?addrs=10.130.107.8-9618&noUDP&sock=69199_5635_4>
...
006 (066.626.000) 08/02 01:21:29 Image size of job updated: 221084
	216  -  MemoryUsage of job (MB)
	221084  -  ResidentSetSize of job (KB)
...
006 (066.626.000) 08/02 01:26:29 Image size of job updated: 223432
	219  -  MemoryUsage of job (MB)
	223432  -  ResidentSetSize of job (KB)
...
006 (066.626.000) 08/02 17:38:06 Image size of job updated: 225968
	221  -  MemoryUsage of job (MB)
	225968  -  ResidentSetSize of job (KB)
...
006 (066.626.000) 08/02 18:38:12 Image size of job updated: 231340
	226  -  MemoryUsage of job (MB)
	231340  -  ResidentSetSize of job (KB)
...
005 (066.626.000) 08/02 20:40:01 Job terminated.
	(1) Normal termination (return value 0)
		Usr 0 19:16:37, Sys 0 00:00:11  -  Run Remote Usage
		Usr 0 00:00:00, Sys 0 00:00:00  -  Run Local Usage
		Usr 0 19:16:37, Sys 0 00:00:11  -  Total Remote Usage
		Usr 0 00:00:00, Sys 0 00:00:00  -  Total Local Usage
	28466  -  Run Bytes Sent By Job
	2422  -  Run Bytes Received By Job
	28466  -  Total Bytes Sent By Job
	2422  -  Total Bytes Received By Job
	Partitionable Resources :    Usage  Request Allocated 
	   Cpus                 :     1.00        1         1 
	   Disk (KB)            :    46           4    888358 
	   Memory (MB)          :   226           1       128 
...
