000 (066.1556.000) 07/26 17:14:46 Job submitted from host: <160.36.155.106:9618?addrs=160.36.155.106-9618&noUDP&sock=27742_4872_4>
...
012 (066.1556.000) 08/03 14:17:19 Job was held.
	via condor_hold (by user bomeara)
	Code 1 Subcode 0
...
013 (066.1556.000) 08/05 22:28:06 Job was released.
	via condor_release (by user bomeara)
...
012 (066.1556.000) 08/09 10:36:14 Job was held.
	via condor_hold (by user bomeara)
	Code 1 Subcode 0
...
013 (066.1556.000) 08/09 13:05:24 Job was released.
	via condor_release (by user bomeara)
...
001 (066.1556.000) 09/18 19:43:16 Job executing on host: <10.128.121.58:9618?addrs=10.128.121.58-9618&noUDP&sock=2350_7ba6_4>
...
006 (066.1556.000) 09/18 19:43:24 Image size of job updated: 220380
	216  -  MemoryUsage of job (MB)
	220380  -  ResidentSetSize of job (KB)
...
006 (066.1556.000) 09/18 19:48:25 Image size of job updated: 227816
	223  -  MemoryUsage of job (MB)
	227816  -  ResidentSetSize of job (KB)
...
006 (066.1556.000) 09/18 19:53:26 Image size of job updated: 227828
	223  -  MemoryUsage of job (MB)
	227828  -  ResidentSetSize of job (KB)
...
006 (066.1556.000) 09/19 20:00:50 Image size of job updated: 229008
	224  -  MemoryUsage of job (MB)
	229008  -  ResidentSetSize of job (KB)
...
022 (066.1556.000) 09/20 13:19:11 Job disconnected, attempting to reconnect
    Socket between submit and execute hosts closed unexpectedly
    Trying to reconnect to slot1_12@omearaclustere <10.128.121.58:9618?addrs=10.128.121.58-9618&noUDP&sock=2350_7ba6_4>
...
024 (066.1556.000) 09/20 13:59:12 Job reconnection failed
    Job disconnected too long: JobLeaseDuration (2400 seconds) expired
    Can not reconnect to slot1_12@omearaclustere, rescheduling job
...
012 (066.1556.000) 09/23 13:38:08 Job was held.
	via condor_hold (by user bomeara)
	Code 1 Subcode 0
...
001 (066.1556.000) 09/24 14:49:55 Job executing on host: <10.129.199.164:9618?addrs=10.129.199.164-9618&noUDP&sock=2250_e42e_4>
...
013 (066.1556.000) 09/24 14:50:00 Job was released.
	via condor_release (by user bomeara)
...
005 (066.1556.000) 09/25 11:31:21 Job terminated.
	(1) Normal termination (return value 0)
		Usr 0 20:39:36, Sys 0 00:00:08  -  Run Remote Usage
		Usr 0 00:00:00, Sys 0 00:00:00  -  Run Local Usage
		Usr 0 20:39:36, Sys 0 00:00:08  -  Total Remote Usage
		Usr 0 00:00:00, Sys 0 00:00:00  -  Total Local Usage
	28514  -  Run Bytes Sent By Job
	2422  -  Run Bytes Received By Job
	28514  -  Total Bytes Sent By Job
	4844  -  Total Bytes Received By Job
	Partitionable Resources :    Usage  Request Allocated 
	   Cpus                 :     1.00        1         1 
	   Disk (KB)            :    46          75    889393 
	   Memory (MB)          :   245         245       256 
...
