000 (066.147.000) 07/26 17:14:46 Job submitted from host: <160.36.155.106:9618?addrs=160.36.155.106-9618&noUDP&sock=27742_4872_4>
...
001 (066.147.000) 07/26 17:14:55 Job executing on host: <10.128.213.253:9618?addrs=10.128.213.253-9618&noUDP&sock=68980_1ef7_4>
...
006 (066.147.000) 07/26 17:15:04 Image size of job updated: 243276
	238  -  MemoryUsage of job (MB)
	243276  -  ResidentSetSize of job (KB)
...
006 (066.147.000) 07/26 17:20:05 Image size of job updated: 246720
	241  -  MemoryUsage of job (MB)
	246720  -  ResidentSetSize of job (KB)
...
006 (066.147.000) 07/27 02:51:04 Image size of job updated: 249344
	244  -  MemoryUsage of job (MB)
	249344  -  ResidentSetSize of job (KB)
...
006 (066.147.000) 07/27 18:32:43 Image size of job updated: 249680
	244  -  MemoryUsage of job (MB)
	249680  -  ResidentSetSize of job (KB)
...
006 (066.147.000) 07/28 09:55:07 Image size of job updated: 455080
	244  -  MemoryUsage of job (MB)
	249680  -  ResidentSetSize of job (KB)
...
005 (066.147.000) 07/28 09:55:07 Job terminated.
	(1) Normal termination (return value 0)
		Usr 1 16:36:57, Sys 0 00:00:16  -  Run Remote Usage
		Usr 0 00:00:00, Sys 0 00:00:00  -  Run Local Usage
		Usr 1 16:36:57, Sys 0 00:00:16  -  Total Remote Usage
		Usr 0 00:00:00, Sys 0 00:00:00  -  Total Local Usage
	33455  -  Run Bytes Sent By Job
	2422  -  Run Bytes Received By Job
	33455  -  Total Bytes Sent By Job
	2422  -  Total Bytes Received By Job
	Partitionable Resources :    Usage  Request Allocated 
	   Cpus                 :     1.00        1         1 
	   Disk (KB)            :    50           4    892965 
	   Memory (MB)          :   244           1       128 
...
