000 (066.523.000) 07/26 17:14:46 Job submitted from host: <160.36.155.106:9618?addrs=160.36.155.106-9618&noUDP&sock=27742_4872_4>
...
022 (066.523.000) 08/01 10:56:23 Job disconnected, attempting to reconnect
    Local schedd and job shadow died, schedd now running again
    Trying to reconnect to slot1_9@omearaclusterk <10.128.147.77:9618?addrs=10.128.147.77-9618&noUDP&sock=69960_51c7_4>
...
024 (066.523.000) 08/01 11:20:38 Job reconnection failed
    Job disconnected too long: JobLeaseDuration (2400 seconds) expired
    Can not reconnect to slot1_9@omearaclusterk, rescheduling job
...
001 (066.523.000) 08/01 16:52:24 Job executing on host: <10.128.78.255:9618?addrs=10.128.78.255-9618&noUDP&sock=69000_d6dc_4>
...
006 (066.523.000) 08/01 16:52:32 Image size of job updated: 234436
	229  -  MemoryUsage of job (MB)
	234436  -  ResidentSetSize of job (KB)
...
006 (066.523.000) 08/01 16:57:32 Image size of job updated: 247500
	242  -  MemoryUsage of job (MB)
	247500  -  ResidentSetSize of job (KB)
...
006 (066.523.000) 08/01 23:33:13 Image size of job updated: 248776
	243  -  MemoryUsage of job (MB)
	248776  -  ResidentSetSize of job (KB)
...
006 (066.523.000) 08/02 12:04:29 Image size of job updated: 248836
	244  -  MemoryUsage of job (MB)
	248836  -  ResidentSetSize of job (KB)
...
006 (066.523.000) 08/02 12:59:35 Image size of job updated: 250012
	245  -  MemoryUsage of job (MB)
	250012  -  ResidentSetSize of job (KB)
...
022 (066.523.000) 08/02 16:21:25 Job disconnected, attempting to reconnect
    Socket between submit and execute hosts closed unexpectedly
    Trying to reconnect to slot1_24@omearaclusterl <10.128.78.255:9618?addrs=10.128.78.255-9618&noUDP&sock=69000_d6dc_4>
...
024 (066.523.000) 08/02 17:01:28 Job reconnection failed
    Job disconnected too long: JobLeaseDuration (2400 seconds) expired
    Can not reconnect to slot1_24@omearaclusterl, rescheduling job
...
012 (066.523.000) 08/03 14:17:32 Job was held.
	via condor_hold (by user bomeara)
	Code 1 Subcode 0
...
001 (066.523.000) 08/05 22:27:41 Job executing on host: <10.130.28.84:9618?addrs=10.130.28.84-9618&noUDP&sock=69176_8f87_4>
...
013 (066.523.000) 08/05 22:28:18 Job was released.
	via condor_release (by user bomeara)
...
005 (066.523.000) 08/06 19:08:05 Job terminated.
	(1) Normal termination (return value 0)
		Usr 0 20:38:32, Sys 0 00:00:09  -  Run Remote Usage
		Usr 0 00:00:00, Sys 0 00:00:00  -  Run Local Usage
		Usr 0 20:38:32, Sys 0 00:00:09  -  Total Remote Usage
		Usr 0 00:00:00, Sys 0 00:00:00  -  Total Local Usage
	32161  -  Run Bytes Sent By Job
	2422  -  Run Bytes Received By Job
	32161  -  Total Bytes Sent By Job
	4844  -  Total Bytes Received By Job
	Partitionable Resources :    Usage  Request Allocated 
	   Cpus                 :     1.00        1         1 
	   Disk (KB)            :    50          75    891527 
	   Memory (MB)          :   269         269       384 
...
