000 (066.1322.000) 07/26 17:14:46 Job submitted from host: <160.36.155.106:9618?addrs=160.36.155.106-9618&noUDP&sock=27742_4872_4>
...
012 (066.1322.000) 08/03 14:17:07 Job was held.
	via condor_hold (by user bomeara)
	Code 1 Subcode 0
...
013 (066.1322.000) 08/05 22:27:54 Job was released.
	via condor_release (by user bomeara)
...
012 (066.1322.000) 08/09 10:35:59 Job was held.
	via condor_hold (by user bomeara)
	Code 1 Subcode 0
...
013 (066.1322.000) 08/09 13:05:12 Job was released.
	via condor_release (by user bomeara)
...
001 (066.1322.000) 09/02 13:46:40 Job executing on host: <10.129.199.164:9618?addrs=10.129.199.164-9618&noUDP&sock=2350_7ba6_4>
...
006 (066.1322.000) 09/02 13:46:49 Image size of job updated: 220736
	216  -  MemoryUsage of job (MB)
	220736  -  ResidentSetSize of job (KB)
...
006 (066.1322.000) 09/02 13:51:50 Image size of job updated: 232188
	227  -  MemoryUsage of job (MB)
	232188  -  ResidentSetSize of job (KB)
...
006 (066.1322.000) 09/02 21:08:29 Image size of job updated: 438604
	227  -  MemoryUsage of job (MB)
	232188  -  ResidentSetSize of job (KB)
...
005 (066.1322.000) 09/02 21:08:29 Job terminated.
	(1) Normal termination (return value 1)
		Usr 0 07:21:17, Sys 0 00:00:01  -  Run Remote Usage
		Usr 0 00:00:00, Sys 0 00:00:00  -  Run Local Usage
		Usr 0 07:21:17, Sys 0 00:00:01  -  Total Remote Usage
		Usr 0 00:00:00, Sys 0 00:00:00  -  Total Local Usage
	3339  -  Run Bytes Sent By Job
	2422  -  Run Bytes Received By Job
	3339  -  Total Bytes Sent By Job
	2422  -  Total Bytes Received By Job
	Partitionable Resources :    Usage  Request Allocated 
	   Cpus                 :     1.00        1         1 
	   Disk (KB)            :    21           4    889887 
	   Memory (MB)          :   227           1       128 
...
