[1] "args"
[1] "66"   "1265"
[1] "Now starting analysis"
[1] "Starting with initial values"
        mu   sigma.sq         SE         bt         vh 
0.56057970 0.15126292 0.07563146 1.00000000 0.07563146 
        step    negloglik           mu     sigma.sq           SE           bt 
 1.000000000 35.536677104  0.606896079  0.004155504  0.071777588  1.045450625 
          vh 
 0.109858316 
[1] "New improvement found, resetting step counter"
        step    negloglik           mu     sigma.sq           SE           bt 
 2.000000000 34.171075469  0.510841585  0.004670343  0.071293781  0.962749430 
          vh 
 0.001437157 
[1] "New improvement found, resetting step counter"
        step    negloglik           mu     sigma.sq           SE           bt 
 3.000000000 34.136284932  0.487745730  0.004771936  0.071762301  0.981254020 
          vh 
 0.003968390 
        step    negloglik           mu     sigma.sq           SE           bt 
 4.000000000 34.136284932  0.487745730  0.004771936  0.071762301  0.981254020 
          vh 
 0.003968390 
[1] "New improvement found, resetting step counter"
       step   negloglik          mu    sigma.sq          SE          bt 
 5.00000000 34.10859114  0.51476240  0.00515400  0.07023957  0.97948581 
         vh 
 0.00155672 
       step   negloglik          mu    sigma.sq          SE          bt 
 6.00000000 34.10859114  0.51476240  0.00515400  0.07023957  0.97948581 
         vh 
 0.00155672 
       step   negloglik          mu    sigma.sq          SE          bt 
 7.00000000 34.10859114  0.51476240  0.00515400  0.07023957  0.97948581 
         vh 
 0.00155672 
[1] "Now starting analysis"
[1] "Starting with initial values"
        mu   sigma.sq         bt         vh 
0.56057970 0.15126292 1.00000000 0.07563146 
       step   negloglik          mu    sigma.sq          bt          vh 
 1.00000000 92.19394730  0.57093774  0.14892985  0.99629555  0.01095288 
[1] "New improvement found, resetting step counter"
        step    negloglik           mu     sigma.sq           bt           vh 
 2.000000000 92.155618232  0.643505487  0.147634900  0.959406994  0.003630453 
        step    negloglik           mu     sigma.sq           bt           vh 
 3.000000000 92.155618232  0.643505487  0.147634900  0.959406994  0.003630453 
        step    negloglik           mu     sigma.sq           bt           vh 
 4.000000000 92.155618232  0.643505487  0.147634900  0.959406994  0.003630453 
[1] "Now starting analysis"
[1] "Starting with initial values"
        mu   sigma.sq         SE         vh 
0.56057970 0.15126292 0.07563146 0.07563146 
        step    negloglik           mu     sigma.sq           SE           vh 
 1.000000000 35.522049062  0.616233736  0.004337667  0.067535492  0.129811785 
[1] "New improvement found, resetting step counter"
        step    negloglik           mu     sigma.sq           SE           vh 
2.000000e+00 3.414302e+01 4.928232e-01 5.072051e-03 6.794178e-02 3.715479e-04 
        step    negloglik           mu     sigma.sq           SE           vh 
3.000000e+00 3.414302e+01 4.928232e-01 5.072051e-03 6.794178e-02 3.715479e-04 
[1] "New improvement found, resetting step counter"
        step    negloglik           mu     sigma.sq           SE           vh 
4.000000e+00 3.412668e+01 4.850471e-01 5.349666e-03 6.852894e-02 3.449994e-04 
        step    negloglik           mu     sigma.sq           SE           vh 
5.000000e+00 3.412668e+01 4.850471e-01 5.349666e-03 6.852894e-02 3.449994e-04 
        step    negloglik           mu     sigma.sq           SE           vh 
6.000000e+00 3.412668e+01 4.850471e-01 5.349666e-03 6.852894e-02 3.449994e-04 
[1] "Now starting analysis"
[1] "Starting with initial values"
        mu   sigma.sq         vh 
0.56057970 0.15126292 0.07563146 
       step   negloglik          mu    sigma.sq          vh 
 1.00000000 92.19987436  0.60769117  0.15180360  0.01201114 
       step   negloglik          mu    sigma.sq          vh 
 2.00000000 92.19987436  0.60769117  0.15180360  0.01201114 
       step   negloglik          mu    sigma.sq          vh 
 3.00000000 92.19987436  0.60769117  0.15180360  0.01201114 
[1] "Now starting analysis"
[1] "Starting with initial values"
        mu   sigma.sq         SE         bt 
0.56057970 0.15126292 0.07563146 1.00000000 
        step    negloglik           mu     sigma.sq           SE           bt 
 1.000000000 34.264559474  0.668972514  0.005425473  0.068110081  0.969058889 
[1] "New improvement found, resetting step counter"
        step    negloglik           mu     sigma.sq           SE           bt 
 2.000000000 34.112548362  0.529532282  0.004888058  0.071576874  0.977168019 
        step    negloglik           mu     sigma.sq           SE           bt 
 3.000000000 34.112548362  0.529532282  0.004888058  0.071576874  0.977168019 
        step    negloglik           mu     sigma.sq           SE           bt 
 4.000000000 34.112548362  0.529532282  0.004888058  0.071576874  0.977168019 
[1] "Now starting analysis"
[1] "Starting with initial values"
       mu  sigma.sq        bt 
0.5605797 0.1512629 1.0000000 
      step  negloglik         mu   sigma.sq         bt 
 1.0000000 92.1330417  0.6282880  0.1481379  0.9677083 
      step  negloglik         mu   sigma.sq         bt 
 2.0000000 92.1330417  0.6282880  0.1481379  0.9677083 
[1] "New improvement found, but slight; taking the best value, but not resetting the step counter"
      step  negloglik         mu   sigma.sq         bt 
 3.0000000 92.1237525  0.6000446  0.1506401  0.9650496 
[1] "Now starting analysis"
[1] "Starting with initial values"
        mu   sigma.sq         SE 
0.56057970 0.15126292 0.07563146 
        step    negloglik           mu     sigma.sq           SE 
 1.000000000 34.355301039  0.641305912  0.005539396  0.070923486 
[1] "New improvement found, resetting step counter"
        step    negloglik           mu     sigma.sq           SE 
 2.000000000 34.142235460  0.448710599  0.004646953  0.072223007 
[1] "New improvement found, resetting step counter"
        step    negloglik           mu     sigma.sq           SE 
 3.000000000 34.117577268  0.457914533  0.005063337  0.071145893 
        step    negloglik           mu     sigma.sq           SE 
 4.000000000 34.117577268  0.457914533  0.005063337  0.071145893 
[1] "New improvement found, but slight; taking the best value, but not resetting the step counter"
        step    negloglik           mu     sigma.sq           SE 
 5.000000000 34.113222196  0.453797787  0.005211342  0.070129934 
[1] "Now starting analysis"
[1] "Starting with initial values"
       mu  sigma.sq 
0.5605797 0.1512629 
      step  negloglik         mu   sigma.sq 
 1.0000000 92.1393036  0.5605797  0.1512629 
      step  negloglik         mu   sigma.sq 
 2.0000000 92.1393036  0.5605797  0.1512629 
      step  negloglik         mu   sigma.sq 
 3.0000000 92.1393036  0.5605797  0.1512629 
