[1] "args"
[1] "66"   "1678"
[1] "Now starting analysis"
[1] "Starting with initial values"
         mu    sigma.sq          SE          bt          vh 
2.433795964 0.012808775 0.006404388 1.000000000 0.006404388 
        step    negloglik           mu     sigma.sq           SE           bt 
1.000000e+00 1.242496e+01 2.577740e+00 3.553190e-02 3.202586e-05 1.232624e+00 
          vh 
1.509803e-02 
[1] "New improvement found, resetting step counter"
        step    negloglik           mu     sigma.sq           SE           bt 
 2.000000000 -8.369561326  1.115500538  0.005970644  0.001023903  2.097375767 
          vh 
 1.389544866 
[1] "New improvement found, resetting step counter"
         step     negloglik            mu      sigma.sq            SE 
 3.000000e+00 -1.088745e+01  1.234698e+00  7.101121e-03  6.040821e-05 
           bt            vh 
 2.049452e+00  2.304233e-01 
         step     negloglik            mu      sigma.sq            SE 
 4.000000e+00 -1.088745e+01  1.234698e+00  7.101121e-03  6.040821e-05 
           bt            vh 
 2.049452e+00  2.304233e-01 
         step     negloglik            mu      sigma.sq            SE 
 5.000000e+00 -1.088745e+01  1.234698e+00  7.101121e-03  6.040821e-05 
           bt            vh 
 2.049452e+00  2.304233e-01 
[1] "Now starting analysis"
[1] "Starting with initial values"
         mu    sigma.sq          bt          vh 
2.433795964 0.012808775 1.000000000 0.006404388 
         step     negloglik            mu      sigma.sq            bt 
  1.000000000 -14.910922245   0.707164455   0.006055866   1.946283690 
           vh 
  0.000251879 
[1] "New improvement found, resetting step counter"
         step     negloglik            mu      sigma.sq            bt 
 2.000000e+00 -1.500089e+01  5.889655e-01  6.052785e-03  1.946298e+00 
           vh 
 6.490174e-05 
         step     negloglik            mu      sigma.sq            bt 
 3.000000e+00 -1.500089e+01  5.889655e-01  6.052785e-03  1.946298e+00 
           vh 
 6.490174e-05 
         step     negloglik            mu      sigma.sq            bt 
 4.000000e+00 -1.500089e+01  5.889655e-01  6.052785e-03  1.946298e+00 
           vh 
 6.490174e-05 
[1] "Now starting analysis"
[1] "Starting with initial values"
         mu    sigma.sq          SE          vh 
2.433795964 0.012808775 0.006404388 0.006404388 
       step   negloglik          mu    sigma.sq          SE          vh 
1.000000000 3.474868523 2.828681743 0.010138993 0.003224189 1.319580640 
[1] "New improvement found, resetting step counter"
        step    negloglik           mu     sigma.sq           SE           vh 
 2.000000000 -4.564717781  0.790493077  0.005233742  0.001911502  4.040683298 
[1] "New improvement found, resetting step counter"
         step     negloglik            mu      sigma.sq            SE 
 3.000000e+00 -4.588819e+00  7.759869e-01  7.138736e-03  2.386324e-06 
           vh 
 4.014673e+00 
         step     negloglik            mu      sigma.sq            SE 
 4.000000e+00 -4.588819e+00  7.759869e-01  7.138736e-03  2.386324e-06 
           vh 
 4.014673e+00 
         step     negloglik            mu      sigma.sq            SE 
 5.000000e+00 -4.588819e+00  7.759869e-01  7.138736e-03  2.386324e-06 
           vh 
 4.014673e+00 
[1] "Now starting analysis"
[1] "Starting with initial values"
         mu    sigma.sq          vh 
2.433795964 0.012808775 0.006404388 
      step  negloglik         mu   sigma.sq         vh 
1.00000000 4.55996601 3.17881151 0.01119822 1.02563850 
[1] "New improvement found, resetting step counter"
        step    negloglik           mu     sigma.sq           vh 
 2.000000000 -4.593308182  0.752882715  0.006916913  4.234808415 
[1] "New improvement found, but slight; taking the best value, but not resetting the step counter"
        step    negloglik           mu     sigma.sq           vh 
 3.000000000 -4.594848320  0.793147132  0.006968959  4.158193606 
[1] "New improvement found, but slight; taking the best value, but not resetting the step counter"
        step    negloglik           mu     sigma.sq           vh 
 4.000000000 -4.597122441  0.809117508  0.007005685  4.480745742 
[1] "Now starting analysis"
[1] "Starting with initial values"
         mu    sigma.sq          SE          bt 
2.433795964 0.012808775 0.006404388 1.000000000 
         step     negloglik            mu      sigma.sq            SE 
 1.000000e+00 -1.467396e+00  3.006463e+00  1.565308e-02  3.976937e-06 
           bt 
 1.786167e+00 
[1] "New improvement found, resetting step counter"
         step     negloglik            mu      sigma.sq            SE 
 2.000000e+00 -1.516321e+01  5.688238e-01  5.514068e-03  4.770449e-04 
           bt 
 1.927826e+00 
         step     negloglik            mu      sigma.sq            SE 
 3.000000e+00 -1.516321e+01  5.688238e-01  5.514068e-03  4.770449e-04 
           bt 
 1.927826e+00 
         step     negloglik            mu      sigma.sq            SE 
 4.000000e+00 -1.516321e+01  5.688238e-01  5.514068e-03  4.770449e-04 
           bt 
 1.927826e+00 
[1] "Now starting analysis"
[1] "Starting with initial values"
        mu   sigma.sq         bt 
2.43379596 0.01280878 1.00000000 
      step  negloglik         mu   sigma.sq         bt 
 1.0000000 -6.8125986  2.3015596  0.0103554  1.8558637 
[1] "New improvement found, resetting step counter"
       step   negloglik          mu    sigma.sq          bt 
  2.0000000 -15.0385020   0.5986328   0.0062129   1.9265581 
       step   negloglik          mu    sigma.sq          bt 
  3.0000000 -15.0385020   0.5986328   0.0062129   1.9265581 
       step   negloglik          mu    sigma.sq          bt 
  4.0000000 -15.0385020   0.5986328   0.0062129   1.9265581 
[1] "Now starting analysis"
[1] "Starting with initial values"
         mu    sigma.sq          SE 
2.433795964 0.012808775 0.006404388 
        step    negloglik           mu     sigma.sq           SE 
1.000000e+00 2.243089e+01 2.383768e+00 8.036049e-02 3.418682e-05 
[1] "New improvement found, resetting step counter"
        step    negloglik           mu     sigma.sq           SE 
2.000000e+00 2.235939e+01 1.985026e+00 8.033176e-02 1.472889e-05 
        step    negloglik           mu     sigma.sq           SE 
3.000000e+00 2.235939e+01 1.985026e+00 8.033176e-02 1.472889e-05 
[1] "New improvement found, but slight; taking the best value, but not resetting the step counter"
        step    negloglik           mu     sigma.sq           SE 
4.000000e+00 2.235468e+01 1.964442e+00 7.976030e-02 3.011388e-05 
[1] "Now starting analysis"
[1] "Starting with initial values"
        mu   sigma.sq 
2.43379596 0.01280878 
       step   negloglik          mu    sigma.sq 
 1.00000000 22.31447031  1.97745922  0.07365367 
       step   negloglik          mu    sigma.sq 
 2.00000000 22.31447031  1.97745922  0.07365367 
       step   negloglik          mu    sigma.sq 
 3.00000000 22.31447031  1.97745922  0.07365367 
