000 (066.071.000) 07/26 17:14:45 Job submitted from host: <160.36.155.106:9618?addrs=160.36.155.106-9618&noUDP&sock=27742_4872_4>
...
001 (066.071.000) 07/26 17:14:51 Job executing on host: <10.130.107.8:9618?addrs=10.130.107.8-9618&noUDP&sock=69199_5635_4>
...
006 (066.071.000) 07/26 17:14:59 Image size of job updated: 243532
	238  -  MemoryUsage of job (MB)
	243372  -  ResidentSetSize of job (KB)
...
006 (066.071.000) 07/28 17:45:01 Image size of job updated: 248804
	243  -  MemoryUsage of job (MB)
	248628  -  ResidentSetSize of job (KB)
...
005 (066.071.000) 07/29 07:17:18 Job terminated.
	(1) Normal termination (return value 0)
		Usr 2 13:57:19, Sys 0 00:00:23  -  Run Remote Usage
		Usr 0 00:00:00, Sys 0 00:00:00  -  Run Local Usage
		Usr 2 13:57:19, Sys 0 00:00:23  -  Total Remote Usage
		Usr 0 00:00:00, Sys 0 00:00:00  -  Total Local Usage
	32160  -  Run Bytes Sent By Job
	2422  -  Run Bytes Received By Job
	32160  -  Total Bytes Sent By Job
	2422  -  Total Bytes Received By Job
	Partitionable Resources :    Usage  Request Allocated 
	   Cpus                 :     1.00        1         1 
	   Disk (KB)            :    49           4    888358 
	   Memory (MB)          :   243           1       128 
...
