000 (066.650.000) 07/26 17:14:46 Job submitted from host: <160.36.155.106:9618?addrs=160.36.155.106-9618&noUDP&sock=27742_4872_4>
...
001 (066.650.000) 08/02 09:27:28 Job executing on host: <10.128.213.253:9618?addrs=10.128.213.253-9618&noUDP&sock=68980_1ef7_4>
...
006 (066.650.000) 08/02 09:27:37 Image size of job updated: 220604
	216  -  MemoryUsage of job (MB)
	220604  -  ResidentSetSize of job (KB)
...
006 (066.650.000) 08/02 09:32:38 Image size of job updated: 228704
	224  -  MemoryUsage of job (MB)
	228704  -  ResidentSetSize of job (KB)
...
022 (066.650.000) 08/02 16:19:46 Job disconnected, attempting to reconnect
    Socket between submit and execute hosts closed unexpectedly
    Trying to reconnect to slot1_16@omearaclusterh <10.128.213.253:9618?addrs=10.128.213.253-9618&noUDP&sock=68980_1ef7_4>
...
024 (066.650.000) 08/02 16:59:48 Job reconnection failed
    Job disconnected too long: JobLeaseDuration (2400 seconds) expired
    Can not reconnect to slot1_16@omearaclusterh, rescheduling job
...
012 (066.650.000) 08/03 14:17:33 Job was held.
	via condor_hold (by user bomeara)
	Code 1 Subcode 0
...
013 (066.650.000) 08/05 22:28:20 Job was released.
	via condor_release (by user bomeara)
...
001 (066.650.000) 08/06 06:22:46 Job executing on host: <10.129.169.104:9618?addrs=10.129.169.104-9618&noUDP&sock=60687_d010_4>
...
006 (066.650.000) 08/06 12:01:51 Image size of job updated: 432692
	245  -  MemoryUsage of job (MB)
	250000  -  ResidentSetSize of job (KB)
...
005 (066.650.000) 08/06 12:01:51 Job terminated.
	(1) Normal termination (return value 1)
		Usr 0 05:38:24, Sys 0 00:00:07  -  Run Remote Usage
		Usr 0 00:00:00, Sys 0 00:00:00  -  Run Local Usage
		Usr 0 05:38:24, Sys 0 00:00:07  -  Total Remote Usage
		Usr 0 00:00:00, Sys 0 00:00:00  -  Total Local Usage
	3463  -  Run Bytes Sent By Job
	2422  -  Run Bytes Received By Job
	3463  -  Total Bytes Sent By Job
	4844  -  Total Bytes Received By Job
	Partitionable Resources :    Usage  Request Allocated 
	   Cpus                 :     1.00        1         1 
	   Disk (KB)            :    22          75    205772 
	   Memory (MB)          :   245         245       256 
...
