[1] "args"
[1] "66"   "1638"
[1] "Now starting analysis"
[1] "Starting with initial values"
       mu  sigma.sq        SE        bt        vh 
0.9252393 1.6074208 0.8037104 1.0000000 0.8037104 
        step    negloglik           mu     sigma.sq           SE           bt 
 1.000000000 19.177417102  0.761080834  0.006685127  0.096835264  1.286647124 
          vh 
 1.519697815 
[1] "New improvement found, resetting step counter"
        step    negloglik           mu     sigma.sq           SE           bt 
2.000000e+00 1.789373e+01 9.971779e-01 6.922288e-03 9.513005e-02 2.095403e+00 
          vh 
2.856094e-04 
        step    negloglik           mu     sigma.sq           SE           bt 
3.000000e+00 1.789373e+01 9.971779e-01 6.922288e-03 9.513005e-02 2.095403e+00 
          vh 
2.856094e-04 
[1] "New improvement found, resetting step counter"
        step    negloglik           mu     sigma.sq           SE           bt 
 4.000000000 17.882435881  0.919026233  0.006968665  0.094602343  2.046411433 
          vh 
 0.009067065 
        step    negloglik           mu     sigma.sq           SE           bt 
 5.000000000 17.882435881  0.919026233  0.006968665  0.094602343  2.046411433 
          vh 
 0.009067065 
        step    negloglik           mu     sigma.sq           SE           bt 
 6.000000000 17.882435881  0.919026233  0.006968665  0.094602343  2.046411433 
          vh 
 0.009067065 
[1] "Now starting analysis"
[1] "Starting with initial values"
       mu  sigma.sq        bt        vh 
0.9252393 1.6074208 1.0000000 0.8037104 
      step  negloglik         mu   sigma.sq         bt         vh 
 1.0000000 67.5640782  0.9252393  1.6074208  1.1607421  0.8037104 
[1] "New improvement found, but slight; taking the best value, but not resetting the step counter"
      step  negloglik         mu   sigma.sq         bt         vh 
 2.0000000 67.5573530  0.9252393  1.6074208  1.3214842  0.8037104 
      step  negloglik         mu   sigma.sq         bt         vh 
 3.0000000 67.5573530  0.9252393  1.6074208  1.3214842  0.8037104 
[1] "Now starting analysis"
[1] "Starting with initial values"
       mu  sigma.sq        SE        vh 
0.9252393 1.6074208 0.8037104 0.8037104 
        step    negloglik           mu     sigma.sq           SE           vh 
 1.000000000 19.929384238  1.312571945  0.007678651  0.099396604  1.625367723 
[1] "New improvement found, resetting step counter"
        step    negloglik           mu     sigma.sq           SE           vh 
 2.000000000 18.956853519  0.963383574  0.006992521  0.092799781  0.445428523 
        step    negloglik           mu     sigma.sq           SE           vh 
 3.000000000 18.956853519  0.963383574  0.006992521  0.092799781  0.445428523 
        step    negloglik           mu     sigma.sq           SE           vh 
 4.000000000 18.956853519  0.963383574  0.006992521  0.092799781  0.445428523 
[1] "Now starting analysis"
[1] "Starting with initial values"
       mu  sigma.sq        vh 
0.9252393 1.6074208 0.8037104 
      step  negloglik         mu   sigma.sq         vh 
 1.0000000 67.5735997  0.9252393  1.6074208  0.8037104 
      step  negloglik         mu   sigma.sq         vh 
 2.0000000 67.5735997  0.9252393  1.6074208  0.8037104 
      step  negloglik         mu   sigma.sq         vh 
 3.0000000 67.5735997  0.9252393  1.6074208  0.8037104 
[1] "Now starting analysis"
[1] "Starting with initial values"
       mu  sigma.sq        SE        bt 
0.9252393 1.6074208 0.8037104 1.0000000 
       step   negloglik          mu    sigma.sq          SE          bt 
 1.00000000 20.65203670  1.75255124  0.01194976  0.07834518  2.26384331 
[1] "New improvement found, resetting step counter"
        step    negloglik           mu     sigma.sq           SE           bt 
 2.000000000 17.860593546  0.907577172  0.006394407  0.091005427  2.181729421 
[1] "New improvement found, but slight; taking the best value, but not resetting the step counter"
       step   negloglik          mu    sigma.sq          SE          bt 
 3.00000000 17.85799000  0.92187166  0.00686035  0.09507805  2.22649249 
       step   negloglik          mu    sigma.sq          SE          bt 
 4.00000000 17.85799000  0.92187166  0.00686035  0.09507805  2.22649249 
[1] "Now starting analysis"
[1] "Starting with initial values"
       mu  sigma.sq        bt 
0.9252393 1.6074208 1.0000000 
      step  negloglik         mu   sigma.sq         bt 
 1.0000000 67.5295746  0.9252393  1.6074208  1.1607421 
[1] "New improvement found, but slight; taking the best value, but not resetting the step counter"
      step  negloglik         mu   sigma.sq         bt 
 2.0000000 67.5223484  0.9252393  1.6074208  1.3214842 
      step  negloglik         mu   sigma.sq         bt 
 3.0000000 67.5223484  0.9252393  1.6074208  1.3214842 
[1] "Now starting analysis"
[1] "Starting with initial values"
       mu  sigma.sq        SE 
0.9252393 1.6074208 0.8037104 
       step   negloglik          mu    sigma.sq          SE 
 1.00000000 25.13720801  2.46795156  0.02572749  0.09532632 
[1] "New improvement found, resetting step counter"
        step    negloglik           mu     sigma.sq           SE 
 2.000000000 19.395117770  0.922575694  0.006838351  0.107911746 
        step    negloglik           mu     sigma.sq           SE 
 3.000000000 19.395117770  0.922575694  0.006838351  0.107911746 
        step    negloglik           mu     sigma.sq           SE 
 4.000000000 19.395117770  0.922575694  0.006838351  0.107911746 
[1] "Now starting analysis"
[1] "Starting with initial values"
       mu  sigma.sq 
0.9252393 1.6074208 
      step  negloglik         mu   sigma.sq 
 1.0000000 67.5398054  0.9252393  1.6074208 
      step  negloglik         mu   sigma.sq 
 2.0000000 67.5398054  0.9252393  1.6074208 
      step  negloglik         mu   sigma.sq 
 3.0000000 67.5398054  0.9252393  1.6074208 
