000 (066.1056.000) 07/26 17:14:46 Job submitted from host: <160.36.155.106:9618?addrs=160.36.155.106-9618&noUDP&sock=27742_4872_4>
...
012 (066.1056.000) 08/03 14:16:54 Job was held.
	via condor_hold (by user bomeara)
	Code 1 Subcode 0
...
013 (066.1056.000) 08/05 22:27:40 Job was released.
	via condor_release (by user bomeara)
...
012 (066.1056.000) 08/09 10:35:41 Job was held.
	via condor_hold (by user bomeara)
	Code 1 Subcode 0
...
013 (066.1056.000) 08/09 13:04:59 Job was released.
	via condor_release (by user bomeara)
...
001 (066.1056.000) 08/23 10:03:55 Job executing on host: <10.128.213.253:9618?addrs=10.128.213.253-9618&noUDP&sock=2256_01bf_4>
...
006 (066.1056.000) 08/23 10:04:03 Image size of job updated: 229804
	225  -  MemoryUsage of job (MB)
	229804  -  ResidentSetSize of job (KB)
...
006 (066.1056.000) 08/23 11:04:07 Image size of job updated: 232708
	228  -  MemoryUsage of job (MB)
	232708  -  ResidentSetSize of job (KB)
...
005 (066.1056.000) 08/23 11:11:17 Job terminated.
	(1) Normal termination (return value 0)
		Usr 0 01:07:15, Sys 0 00:00:00  -  Run Remote Usage
		Usr 0 00:00:00, Sys 0 00:00:00  -  Run Local Usage
		Usr 0 01:07:15, Sys 0 00:00:00  -  Total Remote Usage
		Usr 0 00:00:00, Sys 0 00:00:00  -  Total Local Usage
	27686  -  Run Bytes Sent By Job
	2422  -  Run Bytes Received By Job
	27686  -  Total Bytes Sent By Job
	2422  -  Total Bytes Received By Job
	Partitionable Resources :    Usage  Request Allocated 
	   Cpus                 :     1.00        1         1 
	   Disk (KB)            :    45           4    892992 
	   Memory (MB)          :   228           1       128 
...
