[1] "args"
[1] "66"  "308"
[1] "Now starting analysis"
[1] "Starting with initial values"
         mu    sigma.sq          SE          bt          vh 
2.700217127 0.007808289 0.003904144 1.000000000 0.003904144 
         step     negloglik            mu      sigma.sq            SE 
 1.000000e+00 -8.152138e+00  2.595603e+00  7.671420e-03  6.890296e-08 
           bt            vh 
 1.265222e+00  4.681857e-01 
[1] "New improvement found, resetting step counter"
         step     negloglik            mu      sigma.sq            SE 
  2.000000000 -10.501894015  -0.371917991   0.007923389   0.000779268 
           bt            vh 
  3.481125119   0.000591855 
[1] "New improvement found, resetting step counter"
         step     negloglik            mu      sigma.sq            SE 
 3.000000e+00 -1.074989e+01 -3.847488e-01  7.326078e-03  1.226324e-06 
           bt            vh 
 3.147726e+00  9.667907e-05 
         step     negloglik            mu      sigma.sq            SE 
 4.000000e+00 -1.074989e+01 -3.847488e-01  7.326078e-03  1.226324e-06 
           bt            vh 
 3.147726e+00  9.667907e-05 
         step     negloglik            mu      sigma.sq            SE 
 5.000000e+00 -1.074989e+01 -3.847488e-01  7.326078e-03  1.226324e-06 
           bt            vh 
 3.147726e+00  9.667907e-05 
[1] "Now starting analysis"
[1] "Starting with initial values"
         mu    sigma.sq          bt          vh 
2.700217127 0.007808289 1.000000000 0.003904144 
         step     negloglik            mu      sigma.sq            bt 
  1.000000000 -10.045753285  -1.278788309   0.007851608   5.686569922 
           vh 
  0.050731490 
[1] "New improvement found, resetting step counter"
         step     negloglik            mu      sigma.sq            bt 
 2.000000e+00 -1.090855e+01 -1.140137e+00  6.533530e-03  4.583439e+00 
           vh 
 3.593738e-04 
