[1] "args"
[1] "66"   "1752"
[1] "Now starting analysis"
[1] "Starting with initial values"
         mu    sigma.sq          SE          bt          vh 
1.288857286 0.009539049 0.004769525 1.000000000 0.004769525 
         step     negloglik            mu      sigma.sq            SE 
 1.000000e+00 -4.748467e+00  1.313396e+00  9.190000e-03  4.349774e-06 
           bt            vh 
 1.218622e+00  3.227303e-06 
[1] "New improvement found, resetting step counter"
         step     negloglik            mu      sigma.sq            SE 
 2.000000e+00 -4.763673e+00  1.343589e+00  9.189110e-03  9.787687e-07 
           bt            vh 
 1.159708e+00  6.847469e-05 
         step     negloglik            mu      sigma.sq            SE 
 3.000000e+00 -4.763673e+00  1.343589e+00  9.189110e-03  9.787687e-07 
           bt            vh 
 1.159708e+00  6.847469e-05 
         step     negloglik            mu      sigma.sq            SE 
 4.000000e+00 -4.763673e+00  1.343589e+00  9.189110e-03  9.787687e-07 
           bt            vh 
 1.159708e+00  6.847469e-05 
[1] "Now starting analysis"
[1] "Starting with initial values"
         mu    sigma.sq          bt          vh 
1.288857286 0.009539049 1.000000000 0.004769525 
         step     negloglik            mu      sigma.sq            bt 
 1.000000e+00 -4.764832e+00  1.350616e+00  9.302089e-03  1.086656e+00 
           vh 
 4.743615e-05 
[1] "New improvement found, but slight; taking the best value, but not resetting the step counter"
         step     negloglik            mu      sigma.sq            bt 
 2.0000000000 -4.7689098592  1.3606873003  0.0093040938  1.1279205742 
           vh 
 0.0002999782 
[1] "New improvement found, but slight; taking the best value, but not resetting the step counter"
         step     negloglik            mu      sigma.sq            bt 
 3.000000e+00 -4.770426e+00  1.336266e+00  9.308060e-03  1.141633e+00 
           vh 
 5.108428e-05 
[1] "Now starting analysis"
[1] "Starting with initial values"
         mu    sigma.sq          SE          vh 
1.288857286 0.009539049 0.004769525 0.004769525 
         step     negloglik            mu      sigma.sq            SE 
 1.000000e+00 -4.570713e+00  1.434595e+00  9.169740e-03  7.614910e-07 
           vh 
 5.564915e-02 
[1] "New improvement found, resetting step counter"
         step     negloglik            mu      sigma.sq            SE 
 2.000000e+00 -4.716160e+00  1.405087e+00  9.169547e-03  3.322218e-07 
           vh 
 2.409166e-05 
[1] "New improvement found, but slight; taking the best value, but not resetting the step counter"
         step     negloglik            mu      sigma.sq            SE 
 3.000000e+00 -4.722649e+00  1.385694e+00  9.520601e-03  3.616729e-06 
           vh 
 1.327826e-03 
         step     negloglik            mu      sigma.sq            SE 
 4.000000e+00 -4.722649e+00  1.385694e+00  9.520601e-03  3.616729e-06 
           vh 
 1.327826e-03 
[1] "Now starting analysis"
[1] "Starting with initial values"
         mu    sigma.sq          vh 
1.288857286 0.009539049 0.004769525 
         step     negloglik            mu      sigma.sq            vh 
 1.0000000000 -4.7251956525  1.3729584974  0.0097256379  0.0001727938 
[1] "New improvement found, but slight; taking the best value, but not resetting the step counter"
         step     negloglik            mu      sigma.sq            vh 
 2.0000000000 -4.7254482655  1.3765102654  0.0097145009  0.0002374214 
         step     negloglik            mu      sigma.sq            vh 
 3.0000000000 -4.7254482655  1.3765102654  0.0097145009  0.0002374214 
[1] "Now starting analysis"
[1] "Starting with initial values"
         mu    sigma.sq          SE          bt 
1.288857286 0.009539049 0.004769525 1.000000000 
         step     negloglik            mu      sigma.sq            SE 
 1.000000e+00 -4.761608e+00  1.295940e+00  9.296943e-03  5.475878e-07 
           bt 
 1.176985e+00 
[1] "New improvement found, but slight; taking the best value, but not resetting the step counter"
         step     negloglik            mu      sigma.sq            SE 
 2.000000e+00 -4.766038e+00  1.306943e+00  9.296872e-03  1.964859e-07 
           bt 
 1.144764e+00 
         step     negloglik            mu      sigma.sq            SE 
 3.000000e+00 -4.766038e+00  1.306943e+00  9.296872e-03  1.964859e-07 
           bt 
 1.144764e+00 
[1] "Now starting analysis"
[1] "Starting with initial values"
         mu    sigma.sq          bt 
1.288857286 0.009539049 1.000000000 
        step    negloglik           mu     sigma.sq           bt 
 1.000000000 -4.772207224  1.324679855  0.009476117  1.150387661 
        step    negloglik           mu     sigma.sq           bt 
 2.000000000 -4.772207224  1.324679855  0.009476117  1.150387661 
        step    negloglik           mu     sigma.sq           bt 
 3.000000000 -4.772207224  1.324679855  0.009476117  1.150387661 
[1] "Now starting analysis"
[1] "Starting with initial values"
         mu    sigma.sq          SE 
1.288857286 0.009539049 0.004769525 
         step     negloglik            mu      sigma.sq            SE 
 1.000000e+00 -4.727936e+00  1.369558e+00  9.444206e-03  1.009929e-06 
[1] "New improvement found, but slight; taking the best value, but not resetting the step counter"
         step     negloglik            mu      sigma.sq            SE 
 2.000000e+00 -4.728325e+00  1.377452e+00  9.444140e-03  7.638756e-07 
         step     negloglik            mu      sigma.sq            SE 
 3.000000e+00 -4.728325e+00  1.377452e+00  9.444140e-03  7.638756e-07 
[1] "Now starting analysis"
[1] "Starting with initial values"
         mu    sigma.sq 
1.288857286 0.009539049 
        step    negloglik           mu     sigma.sq 
 1.000000000 -4.728980743  1.370405987  0.009562649 
        step    negloglik           mu     sigma.sq 
 2.000000000 -4.728980743  1.370405987  0.009562649 
        step    negloglik           mu     sigma.sq 
 3.000000000 -4.728980743  1.370405987  0.009562649 
