[1] "args"
[1] "66"  "915"
[1] "Now starting analysis"
[1] "Starting with initial values"
       mu  sigma.sq        SE        bt        vh 
1.1129043 0.4447936 0.2223968 1.0000000 0.2223968 
       step   negloglik          mu    sigma.sq          SE          bt 
 1.00000000 41.95841768  1.42711919  0.01120210  0.05476619  1.07387266 
         vh 
 0.43100213 
[1] "New improvement found, resetting step counter"
       step   negloglik          mu    sigma.sq          SE          bt 
 2.00000000 41.01704616  1.73301512  0.01191708  0.05524382  0.66021290 
         vh 
 0.02908326 
       step   negloglik          mu    sigma.sq          SE          bt 
 3.00000000 41.01704616  1.73301512  0.01191708  0.05524382  0.66021290 
         vh 
 0.02908326 
       step   negloglik          mu    sigma.sq          SE          bt 
 4.00000000 41.01704616  1.73301512  0.01191708  0.05524382  0.66021290 
         vh 
 0.02908326 
[1] "Now starting analysis"
[1] "Starting with initial values"
       mu  sigma.sq        bt        vh 
1.1129043 0.4447936 1.0000000 0.2223968 
       step   negloglik          mu    sigma.sq          bt          vh 
  1.0000000 140.5207805   1.2241947   0.4447936   1.0000000   0.2223968 
       step   negloglik          mu    sigma.sq          bt          vh 
  2.0000000 140.5207805   1.2241947   0.4447936   1.0000000   0.2223968 
       step   negloglik          mu    sigma.sq          bt          vh 
  3.0000000 140.5207805   1.2241947   0.4447936   1.0000000   0.2223968 
[1] "Now starting analysis"
[1] "Starting with initial values"
       mu  sigma.sq        SE        vh 
1.1129043 0.4447936 0.2223968 0.2223968 
       step   negloglik          mu    sigma.sq          SE          vh 
 1.00000000 41.80525021  1.49173599  0.01055293  0.05296065  0.31935934 
[1] "New improvement found, resetting step counter"
       step   negloglik          mu    sigma.sq          SE          vh 
 2.00000000 41.70559453  1.49171522  0.01092055  0.05433061  0.25706151 
[1] "New improvement found, resetting step counter"
       step   negloglik          mu    sigma.sq          SE          vh 
 3.00000000 41.63141564  1.43283798  0.01177247  0.05352472  0.20044864 
       step   negloglik          mu    sigma.sq          SE          vh 
 4.00000000 41.63141564  1.43283798  0.01177247  0.05352472  0.20044864 
       step   negloglik          mu    sigma.sq          SE          vh 
 5.00000000 41.63141564  1.43283798  0.01177247  0.05352472  0.20044864 
[1] "Now starting analysis"
[1] "Starting with initial values"
       mu  sigma.sq        vh 
1.1129043 0.4447936 0.2223968 
       step   negloglik          mu    sigma.sq          vh 
  1.0000000 140.5207805   1.2241947   0.4447936   0.2223968 
       step   negloglik          mu    sigma.sq          vh 
  2.0000000 140.5207805   1.2241947   0.4447936   0.2223968 
       step   negloglik          mu    sigma.sq          vh 
  3.0000000 140.5207805   1.2241947   0.4447936   0.2223968 
[1] "Now starting analysis"
[1] "Starting with initial values"
       mu  sigma.sq        SE        bt 
1.1129043 0.4447936 0.2223968 1.0000000 
       step   negloglik          mu    sigma.sq          SE          bt 
 1.00000000 43.10386508  1.50127484  0.01261972  0.05603355  1.09750189 
[1] "New improvement found, resetting step counter"
       step   negloglik          mu    sigma.sq          SE          bt 
 2.00000000 41.02353918  1.76745311  0.01289305  0.05158933  0.66476003 
[1] "New improvement found, resetting step counter"
       step   negloglik          mu    sigma.sq          SE          bt 
 3.00000000 41.01256451  1.73585647  0.01285723  0.05282310  0.67631553 
       step   negloglik          mu    sigma.sq          SE          bt 
 4.00000000 41.01256451  1.73585647  0.01285723  0.05282310  0.67631553 
       step   negloglik          mu    sigma.sq          SE          bt 
 5.00000000 41.01256451  1.73585647  0.01285723  0.05282310  0.67631553 
[1] "Now starting analysis"
[1] "Starting with initial values"
       mu  sigma.sq        bt 
1.1129043 0.4447936 1.0000000 
       step   negloglik          mu    sigma.sq          bt 
  1.0000000 140.4487453   1.2241947   0.4447936   1.0000000 
       step   negloglik          mu    sigma.sq          bt 
  2.0000000 140.4487453   1.2241947   0.4447936   1.0000000 
[1] "New improvement found, but slight; taking the best value, but not resetting the step counter"
       step   negloglik          mu    sigma.sq          bt 
  3.0000000 140.4399517   1.3287882   0.4377413   0.9235791 
[1] "Now starting analysis"
[1] "Starting with initial values"
       mu  sigma.sq        SE 
1.1129043 0.4447936 0.2223968 
       step   negloglik          mu    sigma.sq          SE 
 1.00000000 42.20806267  1.39476545  0.01369648  0.05519338 
[1] "New improvement found, resetting step counter"
       step   negloglik          mu    sigma.sq          SE 
 2.00000000 42.11947529  1.25181367  0.01361046  0.05448116 
       step   negloglik          mu    sigma.sq          SE 
 3.00000000 42.11947529  1.25181367  0.01361046  0.05448116 
[1] "New improvement found, but slight; taking the best value, but not resetting the step counter"
       step   negloglik          mu    sigma.sq          SE 
 4.00000000 42.10996403  1.15865976  0.01311239  0.05350668 
[1] "Now starting analysis"
[1] "Starting with initial values"
       mu  sigma.sq 
1.1129043 0.4447936 
       step   negloglik          mu    sigma.sq 
  1.0000000 140.4487453   1.2241947   0.4447936 
       step   negloglik          mu    sigma.sq 
  2.0000000 140.4487453   1.2241947   0.4447936 
       step   negloglik          mu    sigma.sq 
  3.0000000 140.4487453   1.2241947   0.4447936 
