[1] "args"
[1] "66"   "1509"
[1] "Now starting analysis"
[1] "Starting with initial values"
        mu   sigma.sq         SE         bt         vh 
1.80274996 0.06797934 0.03398967 1.00000000 0.03398967 
        step    negloglik           mu     sigma.sq           SE           bt 
1.000000e+00 3.474855e+01 2.059820e+00 6.465553e-03 5.245553e-02 1.069962e+00 
          vh 
5.202528e-04 
[1] "New improvement found, resetting step counter"
        step    negloglik           mu     sigma.sq           SE           bt 
2.000000e+00 3.217746e+01 1.343972e+00 3.228449e-03 8.108439e-02 1.396001e+00 
          vh 
7.804072e-04 
[1] "New improvement found, resetting step counter"
        step    negloglik           mu     sigma.sq           SE           bt 
3.000000e+00 3.183447e+01 9.422538e-01 3.602211e-03 6.767157e-02 1.534020e+00 
          vh 
7.301684e-04 
        step    negloglik           mu     sigma.sq           SE           bt 
4.000000e+00 3.183447e+01 9.422538e-01 3.602211e-03 6.767157e-02 1.534020e+00 
          vh 
7.301684e-04 
        step    negloglik           mu     sigma.sq           SE           bt 
5.000000e+00 3.183447e+01 9.422538e-01 3.602211e-03 6.767157e-02 1.534020e+00 
          vh 
7.301684e-04 
[1] "Now starting analysis"
[1] "Starting with initial values"
        mu   sigma.sq         bt         vh 
1.80274996 0.06797934 1.00000000 0.03398967 
        step    negloglik           mu     sigma.sq           bt           vh 
 1.000000000 57.765818276  1.193538125  0.069302981  1.463525621  0.003636308 
        step    negloglik           mu     sigma.sq           bt           vh 
 2.000000000 57.765818276  1.193538125  0.069302981  1.463525621  0.003636308 
        step    negloglik           mu     sigma.sq           bt           vh 
 3.000000000 57.765818276  1.193538125  0.069302981  1.463525621  0.003636308 
[1] "Now starting analysis"
[1] "Starting with initial values"
        mu   sigma.sq         SE         vh 
1.80274996 0.06797934 0.03398967 0.03398967 
        step    negloglik           mu     sigma.sq           SE           vh 
 1.000000000 34.194759632  1.841754644  0.003832502  0.070458667  0.248795413 
[1] "New improvement found, resetting step counter"
        step    negloglik           mu     sigma.sq           SE           vh 
 2.000000000 33.587546024  1.761958108  0.004159166  0.068820320  0.051221803 
        step    negloglik           mu     sigma.sq           SE           vh 
 3.000000000 33.587546024  1.761958108  0.004159166  0.068820320  0.051221803 
        step    negloglik           mu     sigma.sq           SE           vh 
 4.000000000 33.587546024  1.761958108  0.004159166  0.068820320  0.051221803 
[1] "Now starting analysis"
[1] "Starting with initial values"
        mu   sigma.sq         vh 
1.80274996 0.06797934 0.03398967 
       step   negloglik          mu    sigma.sq          vh 
 1.00000000 57.96174214  1.80274996  0.06797934  0.03398967 
       step   negloglik          mu    sigma.sq          vh 
 2.00000000 57.96174214  1.80274996  0.06797934  0.03398967 
       step   negloglik          mu    sigma.sq          vh 
 3.00000000 57.96174214  1.80274996  0.06797934  0.03398967 
[1] "Now starting analysis"
[1] "Starting with initial values"
        mu   sigma.sq         SE         bt 
1.80274996 0.06797934 0.03398967 1.00000000 
        step    negloglik           mu     sigma.sq           SE           bt 
 1.000000000 32.079564492  1.356189259  0.003212991  0.077628509  1.333612126 
[1] "New improvement found, resetting step counter"
       step   negloglik          mu    sigma.sq          SE          bt 
 2.00000000 31.74656240  1.01650084  0.00333827  0.07298973  1.50189353 
       step   negloglik          mu    sigma.sq          SE          bt 
 3.00000000 31.74656240  1.01650084  0.00333827  0.07298973  1.50189353 
       step   negloglik          mu    sigma.sq          SE          bt 
 4.00000000 31.74656240  1.01650084  0.00333827  0.07298973  1.50189353 
[1] "Now starting analysis"
[1] "Starting with initial values"
        mu   sigma.sq         bt 
1.80274996 0.06797934 1.00000000 
       step   negloglik          mu    sigma.sq          bt 
 1.00000000 57.79671866  1.42842896  0.06923124  1.42690120 
       step   negloglik          mu    sigma.sq          bt 
 2.00000000 57.79671866  1.42842896  0.06923124  1.42690120 
[1] "New improvement found, resetting step counter"
       step   negloglik          mu    sigma.sq          bt 
 3.00000000 57.78579397  1.33498176  0.06805725  1.50012682 
       step   negloglik          mu    sigma.sq          bt 
 4.00000000 57.78579397  1.33498176  0.06805725  1.50012682 
       step   negloglik          mu    sigma.sq          bt 
 5.00000000 57.78579397  1.33498176  0.06805725  1.50012682 
[1] "Now starting analysis"
[1] "Starting with initial values"
        mu   sigma.sq         SE 
1.80274996 0.06797934 0.03398967 
        step    negloglik           mu     sigma.sq           SE 
 1.000000000 33.855201139  1.662737739  0.005263445  0.068342904 
[1] "New improvement found, resetting step counter"
        step    negloglik           mu     sigma.sq           SE 
 2.000000000 33.721038308  1.857202252  0.004969729  0.067679732 
[1] "New improvement found, but slight; taking the best value, but not resetting the step counter"
        step    negloglik           mu     sigma.sq           SE 
 3.000000000 33.715270042  1.829066315  0.005028842  0.068550044 
        step    negloglik           mu     sigma.sq           SE 
 4.000000000 33.715270042  1.829066315  0.005028842  0.068550044 
[1] "Now starting analysis"
[1] "Starting with initial values"
        mu   sigma.sq 
1.80274996 0.06797934 
       step   negloglik          mu    sigma.sq 
 1.00000000 57.90799702  1.80274996  0.06797934 
       step   negloglik          mu    sigma.sq 
 2.00000000 57.90799702  1.80274996  0.06797934 
       step   negloglik          mu    sigma.sq 
 3.00000000 57.90799702  1.80274996  0.06797934 
