[1] "args"
[1] "66"  "875"
[1] "Now starting analysis"
[1] "Starting with initial values"
         mu    sigma.sq          SE          bt          vh 
1.770821862 0.010286402 0.005143201 1.000000000 0.005143201 
         step     negloglik            mu      sigma.sq            SE 
 1.000000e+00 -4.258686e+01  1.236884e+00  7.982956e-03  4.297738e-05 
           bt            vh 
 1.298468e+00  1.730839e-01 
[1] "New improvement found, resetting step counter"
         step     negloglik            mu      sigma.sq            SE 
 2.000000e+00 -4.555897e+01  1.250270e+00  7.974350e-03  3.493168e-05 
           bt            vh 
 1.681164e+00  2.917264e-04 
[1] "New improvement found, resetting step counter"
         step     negloglik            mu      sigma.sq            SE 
 3.000000e+00 -4.559591e+01  1.146051e+00  7.646104e-03  3.679211e-05 
           bt            vh 
 1.757134e+00  8.132501e-05 
         step     negloglik            mu      sigma.sq            SE 
 4.000000e+00 -4.559591e+01  1.146051e+00  7.646104e-03  3.679211e-05 
           bt            vh 
 1.757134e+00  8.132501e-05 
         step     negloglik            mu      sigma.sq            SE 
 5.000000e+00 -4.559591e+01  1.146051e+00  7.646104e-03  3.679211e-05 
           bt            vh 
 1.757134e+00  8.132501e-05 
[1] "Now starting analysis"
[1] "Starting with initial values"
         mu    sigma.sq          bt          vh 
1.770821862 0.010286402 1.000000000 0.005143201 
         step     negloglik            mu      sigma.sq            bt 
  1.000000000 -45.316589139   1.129656053   0.008098036   1.882541841 
           vh 
  0.004995380 
[1] "New improvement found, resetting step counter"
         step     negloglik            mu      sigma.sq            bt 
 2.000000e+00 -4.553012e+01  1.140360e+00  8.372239e-03  1.790529e+00 
           vh 
 3.254633e-04 
         step     negloglik            mu      sigma.sq            bt 
 3.000000e+00 -4.553012e+01  1.140360e+00  8.372239e-03  1.790529e+00 
           vh 
 3.254633e-04 
[1] "New improvement found, resetting step counter"
         step     negloglik            mu      sigma.sq            bt 
 4.000000e+00 -4.554792e+01  1.023337e+00  8.112792e-03  1.840473e+00 
           vh 
 1.030099e-04 
         step     negloglik            mu      sigma.sq            bt 
 5.000000e+00 -4.554792e+01  1.023337e+00  8.112792e-03  1.840473e+00 
           vh 
 1.030099e-04 
[1] "New improvement found, resetting step counter"
         step     negloglik            mu      sigma.sq            bt 
 6.000000e+00 -4.555910e+01  1.141643e+00  8.159023e-03  1.715184e+00 
           vh 
 4.331317e-04 
[1] "New improvement found, but slight; taking the best value, but not resetting the step counter"
         step     negloglik            mu      sigma.sq            bt 
 7.000000e+00 -4.556397e+01  1.105638e+00  8.174637e-03  1.790814e+00 
           vh 
 4.869277e-04 
         step     negloglik            mu      sigma.sq            bt 
 8.000000e+00 -4.556397e+01  1.105638e+00  8.174637e-03  1.790814e+00 
           vh 
 4.869277e-04 
[1] "Now starting analysis"
[1] "Starting with initial values"
         mu    sigma.sq          SE          vh 
1.770821862 0.010286402 0.005143201 0.005143201 
         step     negloglik            mu      sigma.sq            SE 
 1.000000e+00 -4.057595e+01  1.689632e+00  8.256878e-03  2.379575e-05 
           vh 
 1.376993e-01 
[1] "New improvement found, resetting step counter"
         step     negloglik            mu      sigma.sq            SE 
 2.000000e+00 -4.067328e+01  1.666349e+00  8.253997e-03  1.448478e-05 
           vh 
 8.504640e-02 
[1] "New improvement found, resetting step counter"
         step     negloglik            mu      sigma.sq            SE 
 3.000000e+00 -4.068545e+01  1.673894e+00  8.394793e-03  1.562264e-05 
           vh 
 9.174585e-02 
         step     negloglik            mu      sigma.sq            SE 
 4.000000e+00 -4.068545e+01  1.673894e+00  8.394793e-03  1.562264e-05 
           vh 
 9.174585e-02 
         step     negloglik            mu      sigma.sq            SE 
 5.000000e+00 -4.068545e+01  1.673894e+00  8.394793e-03  1.562264e-05 
           vh 
 9.174585e-02 
[1] "Now starting analysis"
[1] "Starting with initial values"
         mu    sigma.sq          vh 
1.770821862 0.010286402 0.005143201 
         step     negloglik            mu      sigma.sq            vh 
  1.000000000 -40.628435128   1.681168795   0.008441485   0.090465826 
[1] "New improvement found, resetting step counter"
         step     negloglik            mu      sigma.sq            vh 
  2.000000000 -40.639018407   1.638723433   0.008522433   0.091217162 
         step     negloglik            mu      sigma.sq            vh 
  3.000000000 -40.639018407   1.638723433   0.008522433   0.091217162 
         step     negloglik            mu      sigma.sq            vh 
  4.000000000 -40.639018407   1.638723433   0.008522433   0.091217162 
[1] "Now starting analysis"
[1] "Starting with initial values"
         mu    sigma.sq          SE          bt 
1.770821862 0.010286402 0.005143201 1.000000000 
         step     negloglik            mu      sigma.sq            SE 
 1.000000e+00 -4.500228e+01  9.690742e-01  8.412570e-03  1.989416e-05 
           bt 
 1.566654e+00 
[1] "New improvement found, resetting step counter"
         step     negloglik            mu      sigma.sq            SE 
 2.000000e+00 -4.558392e+01  1.064395e+00  8.407747e-03  6.107111e-06 
           bt 
 1.748234e+00 
         step     negloglik            mu      sigma.sq            SE 
 3.000000e+00 -4.558392e+01  1.064395e+00  8.407747e-03  6.107111e-06 
           bt 
 1.748234e+00 
         step     negloglik            mu      sigma.sq            SE 
 4.000000e+00 -4.558392e+01  1.064395e+00  8.407747e-03  6.107111e-06 
           bt 
 1.748234e+00 
[1] "Now starting analysis"
[1] "Starting with initial values"
       mu  sigma.sq        bt 
1.7708219 0.0102864 1.0000000 
         step     negloglik            mu      sigma.sq            bt 
  1.000000000 -45.562171382   1.129686737   0.007923001   1.733711293 
[1] "New improvement found, resetting step counter"
         step     negloglik            mu      sigma.sq            bt 
  2.000000000 -45.578969537   1.076679305   0.008021764   1.752941831 
         step     negloglik            mu      sigma.sq            bt 
  3.000000000 -45.578969537   1.076679305   0.008021764   1.752941831 
         step     negloglik            mu      sigma.sq            bt 
  4.000000000 -45.578969537   1.076679305   0.008021764   1.752941831 
[1] "Now starting analysis"
[1] "Starting with initial values"
         mu    sigma.sq          SE 
1.770821862 0.010286402 0.005143201 
         step     negloglik            mu      sigma.sq            SE 
 1.000000e+00 -3.968594e+01  1.863043e+00  9.103645e-03  2.558485e-05 
[1] "New improvement found, resetting step counter"
         step     negloglik            mu      sigma.sq            SE 
 2.000000e+00 -3.973687e+01  1.769895e+00  9.101890e-03  1.945052e-05 
         step     negloglik            mu      sigma.sq            SE 
 3.000000e+00 -3.973687e+01  1.769895e+00  9.101890e-03  1.945052e-05 
         step     negloglik            mu      sigma.sq            SE 
 4.000000e+00 -3.973687e+01  1.769895e+00  9.101890e-03  1.945052e-05 
[1] "Now starting analysis"
[1] "Starting with initial values"
       mu  sigma.sq 
1.7708219 0.0102864 
         step     negloglik            mu      sigma.sq 
  1.000000000 -39.654150062   1.682972496   0.008902948 
[1] "New improvement found, but slight; taking the best value, but not resetting the step counter"
         step     negloglik            mu      sigma.sq 
  2.000000000 -39.656071981   1.766792415   0.009560359 
[1] "New improvement found, resetting step counter"
        step    negloglik           mu     sigma.sq 
  3.00000000 -39.70171366   1.78331800   0.00920903 
        step    negloglik           mu     sigma.sq 
  4.00000000 -39.70171366   1.78331800   0.00920903 
        step    negloglik           mu     sigma.sq 
  5.00000000 -39.70171366   1.78331800   0.00920903 
