000 (066.887.000) 07/26 17:14:46 Job submitted from host: <160.36.155.106:9618?addrs=160.36.155.106-9618&noUDP&sock=27742_4872_4>
...
012 (066.887.000) 08/03 14:16:45 Job was held.
	via condor_hold (by user bomeara)
	Code 1 Subcode 0
...
013 (066.887.000) 08/05 22:27:31 Job was released.
	via condor_release (by user bomeara)
...
012 (066.887.000) 08/09 10:35:30 Job was held.
	via condor_hold (by user bomeara)
	Code 1 Subcode 0
...
013 (066.887.000) 08/09 13:04:50 Job was released.
	via condor_release (by user bomeara)
...
001 (066.887.000) 08/12 09:10:29 Job executing on host: <10.128.121.58:9618?addrs=10.128.121.58-9618&noUDP&sock=2361_0731_4>
...
006 (066.887.000) 08/12 09:10:37 Image size of job updated: 243156
	238  -  MemoryUsage of job (MB)
	243156  -  ResidentSetSize of job (KB)
...
006 (066.887.000) 08/12 09:25:38 Image size of job updated: 250072
	245  -  MemoryUsage of job (MB)
	250072  -  ResidentSetSize of job (KB)
...
006 (066.887.000) 08/12 09:45:40 Image size of job updated: 250084
	245  -  MemoryUsage of job (MB)
	250084  -  ResidentSetSize of job (KB)
...
022 (066.887.000) 08/14 14:07:46 Job disconnected, attempting to reconnect
    Local schedd and job shadow died, schedd now running again
    Trying to reconnect to slot1_10@omearaclustere <10.128.121.58:9618?addrs=10.128.121.58-9618&noUDP&sock=2361_0731_4>
...
023 (066.887.000) 08/14 14:07:52 Job reconnected to slot1_10@omearaclustere
    startd address: <10.128.121.58:9618?addrs=10.128.121.58-9618&noUDP&sock=2361_0731_4>
    starter address: <10.128.121.58:9618?addrs=10.128.121.58-9618&noUDP&sock=2696_5367_40>
...
005 (066.887.000) 08/29 08:07:30 Job terminated.
	(1) Normal termination (return value 0)
		Usr 16 22:22:18, Sys 0 00:02:34  -  Run Remote Usage
		Usr 0 00:00:00, Sys 0 00:00:00  -  Run Local Usage
		Usr 16 22:22:18, Sys 0 00:02:34  -  Total Remote Usage
		Usr 0 00:00:00, Sys 0 00:00:00  -  Total Local Usage
	32163  -  Run Bytes Sent By Job
	0  -  Run Bytes Received By Job
	32163  -  Total Bytes Sent By Job
	2422  -  Total Bytes Received By Job
	Partitionable Resources :    Usage  Request Allocated 
	   Cpus                 :     1.00        1         1 
	   Disk (KB)            :    49          49    888433 
	   Memory (MB)          :   269         269       128 
...
