000 (066.1038.000) 07/26 17:14:46 Job submitted from host: <160.36.155.106:9618?addrs=160.36.155.106-9618&noUDP&sock=27742_4872_4>
...
012 (066.1038.000) 08/03 14:16:53 Job was held.
	via condor_hold (by user bomeara)
	Code 1 Subcode 0
...
013 (066.1038.000) 08/05 22:27:39 Job was released.
	via condor_release (by user bomeara)
...
012 (066.1038.000) 08/09 10:35:40 Job was held.
	via condor_hold (by user bomeara)
	Code 1 Subcode 0
...
013 (066.1038.000) 08/09 13:04:58 Job was released.
	via condor_release (by user bomeara)
...
001 (066.1038.000) 08/20 21:27:31 Job executing on host: <10.129.167.211:9618?addrs=10.129.167.211-9618&noUDP&sock=2331_7359_4>
...
006 (066.1038.000) 08/20 21:27:40 Image size of job updated: 230316
	225  -  MemoryUsage of job (MB)
	230316  -  ResidentSetSize of job (KB)
...
006 (066.1038.000) 08/20 21:32:41 Image size of job updated: 230332
	225  -  MemoryUsage of job (MB)
	230332  -  ResidentSetSize of job (KB)
...
005 (066.1038.000) 08/20 21:37:14 Job terminated.
	(1) Normal termination (return value 1)
		Usr 0 00:09:41, Sys 0 00:00:00  -  Run Remote Usage
		Usr 0 00:00:00, Sys 0 00:00:00  -  Run Local Usage
		Usr 0 00:09:41, Sys 0 00:00:00  -  Total Remote Usage
		Usr 0 00:00:00, Sys 0 00:00:00  -  Total Local Usage
	3455  -  Run Bytes Sent By Job
	2422  -  Run Bytes Received By Job
	3455  -  Total Bytes Sent By Job
	2422  -  Total Bytes Received By Job
	Partitionable Resources :    Usage  Request Allocated 
	   Cpus                 :     1.00        1         1 
	   Disk (KB)            :    21           4    891902 
	   Memory (MB)          :   225           1       128 
...
