[1] "args"
[1] "66"   "1056"
[1] "Now starting analysis"
[1] "Starting with initial values"
       mu  sigma.sq        SE        bt        vh 
1.0325492 0.5432671 0.2716335 1.0000000 0.2716335 
        step    negloglik           mu     sigma.sq           SE           bt 
 1.000000000 11.381294126  0.997701986  0.001449177  0.086679760  1.334199419 
          vh 
 0.503850010 
[1] "New improvement found, resetting step counter"
        step    negloglik           mu     sigma.sq           SE           bt 
2.000000e+00 8.743983e+00 1.366228e+00 5.921239e-07 1.035054e-01 6.678335e-01 
          vh 
5.647407e-01 
        step    negloglik           mu     sigma.sq           SE           bt 
3.000000e+00 8.743983e+00 1.366228e+00 5.921239e-07 1.035054e-01 6.678335e-01 
          vh 
5.647407e-01 
        step    negloglik           mu     sigma.sq           SE           bt 
4.000000e+00 8.743983e+00 1.366228e+00 5.921239e-07 1.035054e-01 6.678335e-01 
          vh 
5.647407e-01 
[1] "Now starting analysis"
[1] "Starting with initial values"
       mu  sigma.sq        bt        vh 
1.0325492 0.5432671 1.0000000 0.2716335 
      step  negloglik         mu   sigma.sq         bt         vh 
 1.0000000 47.6342179  1.0325492  0.5432671  1.0000000  0.2716335 
      step  negloglik         mu   sigma.sq         bt         vh 
 2.0000000 47.6342179  1.0325492  0.5432671  1.0000000  0.2716335 
      step  negloglik         mu   sigma.sq         bt         vh 
 3.0000000 47.6342179  1.0325492  0.5432671  1.0000000  0.2716335 
[1] "Now starting analysis"
[1] "Starting with initial values"
       mu  sigma.sq        SE        vh 
1.0325492 0.5432671 0.2716335 0.2716335 
        step    negloglik           mu     sigma.sq           SE           vh 
1.000000e+00 1.015905e+01 1.171077e+00 5.535897e-04 9.054010e-02 4.740155e-01 
[1] "New improvement found, resetting step counter"
        step    negloglik           mu     sigma.sq           SE           vh 
2.000000e+00 9.011645e+00 1.345154e+00 5.934687e-07 9.389212e-02 3.297193e-01 
        step    negloglik           mu     sigma.sq           SE           vh 
3.000000e+00 9.011645e+00 1.345154e+00 5.934687e-07 9.389212e-02 3.297193e-01 
        step    negloglik           mu     sigma.sq           SE           vh 
4.000000e+00 9.011645e+00 1.345154e+00 5.934687e-07 9.389212e-02 3.297193e-01 
[1] "Now starting analysis"
[1] "Starting with initial values"
       mu  sigma.sq        vh 
1.0325492 0.5432671 0.2716335 
      step  negloglik         mu   sigma.sq         vh 
 1.0000000 47.6342179  1.0325492  0.5432671  0.2716335 
      step  negloglik         mu   sigma.sq         vh 
 2.0000000 47.6342179  1.0325492  0.5432671  0.2716335 
      step  negloglik         mu   sigma.sq         vh 
 3.0000000 47.6342179  1.0325492  0.5432671  0.2716335 
[1] "Now starting analysis"
[1] "Starting with initial values"
       mu  sigma.sq        SE        bt 
1.0325492 0.5432671 0.2716335 1.0000000 
        step    negloglik           mu     sigma.sq           SE           bt 
1.000000e+00 8.692141e+00 1.446364e+00 3.907728e-05 1.041434e-01 5.620554e-01 
[1] "New improvement found, resetting step counter"
        step    negloglik           mu     sigma.sq           SE           bt 
2.000000e+00 7.884439e+00 1.419625e+00 1.681300e-08 9.713851e-02 5.273230e-01 
[1] "New improvement found, resetting step counter"
        step    negloglik           mu     sigma.sq           SE           bt 
3.000000e+00 7.287977e+00 1.361253e+00 5.564865e-09 9.975446e-02 5.002316e-01 
[1] "New improvement found, but slight; taking the best value, but not resetting the step counter"
        step    negloglik           mu     sigma.sq           SE           bt 
4.000000e+00 7.283184e+00 1.375169e+00 1.865890e-08 9.078122e-02 4.835908e-01 
        step    negloglik           mu     sigma.sq           SE           bt 
5.000000e+00 7.283184e+00 1.375169e+00 1.865890e-08 9.078122e-02 4.835908e-01 
[1] "Now starting analysis"
[1] "Starting with initial values"
       mu  sigma.sq        bt 
1.0325492 0.5432671 1.0000000 
      step  negloglik         mu   sigma.sq         bt 
 1.0000000 47.6259158  1.0325492  0.5432671  1.0000000 
      step  negloglik         mu   sigma.sq         bt 
 2.0000000 47.6259158  1.0325492  0.5432671  1.0000000 
      step  negloglik         mu   sigma.sq         bt 
 3.0000000 47.6259158  1.0325492  0.5432671  1.0000000 
[1] "Now starting analysis"
[1] "Starting with initial values"
       mu  sigma.sq        SE 
1.0325492 0.5432671 0.2716335 
       step   negloglik          mu    sigma.sq          SE 
 1.00000000 13.02225602  1.54118396  0.00325696  0.09840262 
[1] "New improvement found, resetting step counter"
        step    negloglik           mu     sigma.sq           SE 
 2.000000000 10.626398481  1.086570551  0.001475488  0.095373462 
[1] "New improvement found, but slight; taking the best value, but not resetting the step counter"
        step    negloglik           mu     sigma.sq           SE 
 3.000000000 10.618668136  1.088108401  0.001250263  0.095281730 
        step    negloglik           mu     sigma.sq           SE 
 4.000000000 10.618668136  1.088108401  0.001250263  0.095281730 
[1] "Now starting analysis"
[1] "Starting with initial values"
       mu  sigma.sq 
1.0325492 0.5432671 
      step  negloglik         mu   sigma.sq 
 1.0000000 47.6259158  1.0325492  0.5432671 
      step  negloglik         mu   sigma.sq 
 2.0000000 47.6259158  1.0325492  0.5432671 
      step  negloglik         mu   sigma.sq 
 3.0000000 47.6259158  1.0325492  0.5432671 
