000 (066.967.000) 07/26 17:14:46 Job submitted from host: <160.36.155.106:9618?addrs=160.36.155.106-9618&noUDP&sock=27742_4872_4>
...
012 (066.967.000) 08/03 14:16:49 Job was held.
	via condor_hold (by user bomeara)
	Code 1 Subcode 0
...
013 (066.967.000) 08/05 22:27:35 Job was released.
	via condor_release (by user bomeara)
...
012 (066.967.000) 08/09 10:35:35 Job was held.
	via condor_hold (by user bomeara)
	Code 1 Subcode 0
...
013 (066.967.000) 08/09 13:04:54 Job was released.
	via condor_release (by user bomeara)
...
001 (066.967.000) 08/18 19:12:49 Job executing on host: <10.128.213.253:9618?addrs=10.128.213.253-9618&noUDP&sock=2256_01bf_4>
...
006 (066.967.000) 08/18 19:12:57 Image size of job updated: 235120
	230  -  MemoryUsage of job (MB)
	235120  -  ResidentSetSize of job (KB)
...
006 (066.967.000) 08/18 19:17:57 Image size of job updated: 237068
	232  -  MemoryUsage of job (MB)
	237068  -  ResidentSetSize of job (KB)
...
006 (066.967.000) 08/18 19:22:57 Image size of job updated: 237084
	232  -  MemoryUsage of job (MB)
	237084  -  ResidentSetSize of job (KB)
...
006 (066.967.000) 08/19 21:05:36 Image size of job updated: 247796
	242  -  MemoryUsage of job (MB)
	247796  -  ResidentSetSize of job (KB)
...
005 (066.967.000) 08/21 14:36:20 Job terminated.
	(1) Normal termination (return value 0)
		Usr 2 19:17:11, Sys 0 00:00:26  -  Run Remote Usage
		Usr 0 00:00:00, Sys 0 00:00:00  -  Run Local Usage
		Usr 2 19:17:11, Sys 0 00:00:26  -  Total Remote Usage
		Usr 0 00:00:00, Sys 0 00:00:00  -  Total Local Usage
	31693  -  Run Bytes Sent By Job
	2422  -  Run Bytes Received By Job
	31693  -  Total Bytes Sent By Job
	2422  -  Total Bytes Received By Job
	Partitionable Resources :    Usage  Request Allocated 
	   Cpus                 :     1.00        1         1 
	   Disk (KB)            :    49           4    892992 
	   Memory (MB)          :   242           1       128 
...
