[1] "args"
[1] "66"   "1151"
[1] "Now starting analysis"
[1] "Starting with initial values"
        mu   sigma.sq         SE         bt         vh 
1.79248059 0.13168663 0.06584331 1.00000000 0.06584331 
       step   negloglik          mu    sigma.sq          SE          bt 
 1.00000000 63.68089580  1.78646691  0.01590600  0.06938077  1.14189432 
         vh 
 0.20542030 
[1] "New improvement found, resetting step counter"
        step    negloglik           mu     sigma.sq           SE           bt 
 2.000000000 52.463309633  0.190332556  0.002706873  0.103949369  2.852840112 
          vh 
 0.463174237 
        step    negloglik           mu     sigma.sq           SE           bt 
 3.000000000 52.463309633  0.190332556  0.002706873  0.103949369  2.852840112 
          vh 
 0.463174237 
        step    negloglik           mu     sigma.sq           SE           bt 
 4.000000000 52.463309633  0.190332556  0.002706873  0.103949369  2.852840112 
          vh 
 0.463174237 
[1] "Now starting analysis"
[1] "Starting with initial values"
        mu   sigma.sq         bt         vh 
1.79248059 0.13168663 1.00000000 0.06584331 
        step    negloglik           mu     sigma.sq           bt           vh 
  1.00000000 100.54813053  -0.12220621   0.12601421   4.34871024   0.05233915 
        step    negloglik           mu     sigma.sq           bt           vh 
  2.00000000 100.54813053  -0.12220621   0.12601421   4.34871024   0.05233915 
