000 (066.1149.000) 07/26 17:14:46 Job submitted from host: <160.36.155.106:9618?addrs=160.36.155.106-9618&noUDP&sock=27742_4872_4>
...
012 (066.1149.000) 08/03 14:16:58 Job was held.
	via condor_hold (by user bomeara)
	Code 1 Subcode 0
...
013 (066.1149.000) 08/05 22:27:45 Job was released.
	via condor_release (by user bomeara)
...
012 (066.1149.000) 08/09 10:35:47 Job was held.
	via condor_hold (by user bomeara)
	Code 1 Subcode 0
...
013 (066.1149.000) 08/09 13:05:04 Job was released.
	via condor_release (by user bomeara)
...
001 (066.1149.000) 08/30 14:17:28 Job executing on host: <10.130.122.65:9618?addrs=10.130.122.65-9618&noUDP&sock=2440_372c_4>
...
006 (066.1149.000) 08/30 14:17:37 Image size of job updated: 243544
	238  -  MemoryUsage of job (MB)
	243064  -  ResidentSetSize of job (KB)
...
006 (066.1149.000) 08/30 14:22:38 Image size of job updated: 247304
	242  -  MemoryUsage of job (MB)
	246788  -  ResidentSetSize of job (KB)
...
006 (066.1149.000) 08/30 14:27:38 Image size of job updated: 247316
	242  -  MemoryUsage of job (MB)
	246800  -  ResidentSetSize of job (KB)
...
006 (066.1149.000) 09/01 05:36:39 Image size of job updated: 248444
	243  -  MemoryUsage of job (MB)
	247928  -  ResidentSetSize of job (KB)
...
005 (066.1149.000) 09/01 14:10:02 Job terminated.
	(1) Normal termination (return value 0)
		Usr 1 23:48:35, Sys 0 00:00:25  -  Run Remote Usage
		Usr 0 00:00:00, Sys 0 00:00:00  -  Run Local Usage
		Usr 1 23:48:35, Sys 0 00:00:25  -  Total Remote Usage
		Usr 0 00:00:00, Sys 0 00:00:00  -  Total Local Usage
	31678  -  Run Bytes Sent By Job
	2422  -  Run Bytes Received By Job
	31678  -  Total Bytes Sent By Job
	2422  -  Total Bytes Received By Job
	Partitionable Resources :    Usage  Request Allocated 
	   Cpus                 :     1.00        1         1 
	   Disk (KB)            :    49           4    891653 
	   Memory (MB)          :   243           1       128 
...
