[1] "args"
[1] "66"   "1147"
[1] "Now starting analysis"
[1] "Starting with initial values"
        mu   sigma.sq         SE         bt         vh 
1.43081680 0.06505239 0.03252619 1.00000000 0.03252619 
        step    negloglik           mu     sigma.sq           SE           bt 
 1.000000000 34.247966051  1.422430388  0.006990814  0.058303313  1.093217718 
          vh 
 0.084847498 
[1] "New improvement found, resetting step counter"
        step    negloglik           mu     sigma.sq           SE           bt 
 2.000000000 33.901700041  1.416514233  0.006595418  0.057163237  1.358701594 
          vh 
 0.005892941 
        step    negloglik           mu     sigma.sq           SE           bt 
 3.000000000 33.901700041  1.416514233  0.006595418  0.057163237  1.358701594 
          vh 
 0.005892941 
[1] "New improvement found, resetting step counter"
        step    negloglik           mu     sigma.sq           SE           bt 
 4.000000000 33.845397228  1.368773707  0.006672826  0.055291657  1.473301118 
          vh 
 0.001444665 
        step    negloglik           mu     sigma.sq           SE           bt 
 5.000000000 33.845397228  1.368773707  0.006672826  0.055291657  1.473301118 
          vh 
 0.001444665 
        step    negloglik           mu     sigma.sq           SE           bt 
 6.000000000 33.845397228  1.368773707  0.006672826  0.055291657  1.473301118 
          vh 
 0.001444665 
[1] "Now starting analysis"
[1] "Starting with initial values"
        mu   sigma.sq         bt         vh 
1.43081680 0.06505239 1.00000000 0.03252619 
       step   negloglik          mu    sigma.sq          bt          vh 
 1.00000000 67.70340092  1.43081680  0.06505239  1.14308168  0.03252619 
[1] "New improvement found, resetting step counter"
       step   negloglik          mu    sigma.sq          bt          vh 
 2.00000000 67.68786925  1.43081680  0.06505239  1.28616336  0.03252619 
       step   negloglik          mu    sigma.sq          bt          vh 
 3.00000000 67.68786925  1.43081680  0.06505239  1.28616336  0.03252619 
       step   negloglik          mu    sigma.sq          bt          vh 
 4.00000000 67.68786925  1.43081680  0.06505239  1.28616336  0.03252619 
[1] "Now starting analysis"
[1] "Starting with initial values"
        mu   sigma.sq         SE         vh 
1.43081680 0.06505239 0.03252619 0.03252619 
        step    negloglik           mu     sigma.sq           SE           vh 
 1.000000000 35.044590571  1.752132579  0.009133859  0.045790881  0.001258669 
[1] "New improvement found, resetting step counter"
        step    negloglik           mu     sigma.sq           SE           vh 
 2.000000000 34.298592789  1.397834915  0.007115298  0.051501720  0.013409731 
        step    negloglik           mu     sigma.sq           SE           vh 
 3.000000000 34.298592789  1.397834915  0.007115298  0.051501720  0.013409731 
        step    negloglik           mu     sigma.sq           SE           vh 
 4.000000000 34.298592789  1.397834915  0.007115298  0.051501720  0.013409731 
[1] "Now starting analysis"
[1] "Starting with initial values"
        mu   sigma.sq         vh 
1.43081680 0.06505239 0.03252619 
       step   negloglik          mu    sigma.sq          vh 
 1.00000000 67.73084832  1.43081680  0.06505239  0.03252619 
       step   negloglik          mu    sigma.sq          vh 
 2.00000000 67.73084832  1.43081680  0.06505239  0.03252619 
       step   negloglik          mu    sigma.sq          vh 
 3.00000000 67.73084832  1.43081680  0.06505239  0.03252619 
[1] "Now starting analysis"
[1] "Starting with initial values"
        mu   sigma.sq         SE         bt 
1.43081680 0.06505239 0.03252619 1.00000000 
       step   negloglik          mu    sigma.sq          SE          bt 
 1.00000000 33.93561030  1.38085217  0.00638528  0.06049454  1.72330154 
[1] "New improvement found, resetting step counter"
        step    negloglik           mu     sigma.sq           SE           bt 
 2.000000000 33.894014266  1.309405607  0.006512105  0.058284979  1.735159104 
[1] "New improvement found, resetting step counter"
        step    negloglik           mu     sigma.sq           SE           bt 
 3.000000000 33.848805919  1.361051407  0.006500365  0.055440203  1.643977525 
[1] "New improvement found, but slight; taking the best value, but not resetting the step counter"
        step    negloglik           mu     sigma.sq           SE           bt 
 4.000000000 33.843241024  1.385444388  0.006417158  0.055836465  1.539068893 
        step    negloglik           mu     sigma.sq           SE           bt 
 5.000000000 33.843241024  1.385444388  0.006417158  0.055836465  1.539068893 
[1] "Now starting analysis"
[1] "Starting with initial values"
        mu   sigma.sq         bt 
1.43081680 0.06505239 1.00000000 
       step   negloglik          mu    sigma.sq          bt 
 1.00000000 67.69426090  1.43081680  0.06505239  1.14308168 
[1] "New improvement found, resetting step counter"
       step   negloglik          mu    sigma.sq          bt 
 2.00000000 67.67842821  1.43081680  0.06505239  1.28616336 
[1] "New improvement found, but slight; taking the best value, but not resetting the step counter"
       step   negloglik          mu    sigma.sq          bt 
 3.00000000 67.67392338  1.38535646  0.06388137  1.42529630 
       step   negloglik          mu    sigma.sq          bt 
 4.00000000 67.67392338  1.38535646  0.06388137  1.42529630 
[1] "Now starting analysis"
[1] "Starting with initial values"
        mu   sigma.sq         SE 
1.43081680 0.06505239 0.03252619 
        step    negloglik           mu     sigma.sq           SE 
 1.000000000 34.269350609  1.411046505  0.006442941  0.057796748 
[1] "New improvement found, but slight; taking the best value, but not resetting the step counter"
       step   negloglik          mu    sigma.sq          SE 
 2.00000000 34.26088092  1.41280107  0.00672403  0.05400653 
       step   negloglik          mu    sigma.sq          SE 
 3.00000000 34.26088092  1.41280107  0.00672403  0.05400653 
[1] "Now starting analysis"
[1] "Starting with initial values"
        mu   sigma.sq 
1.43081680 0.06505239 
       step   negloglik          mu    sigma.sq 
 1.00000000 67.72224025  1.43081680  0.06505239 
       step   negloglik          mu    sigma.sq 
 2.00000000 67.72224025  1.43081680  0.06505239 
       step   negloglik          mu    sigma.sq 
 3.00000000 67.72224025  1.43081680  0.06505239 
