000 (066.1692.000) 07/26 17:14:46 Job submitted from host: <160.36.155.106:9618?addrs=160.36.155.106-9618&noUDP&sock=27742_4872_4>
...
012 (066.1692.000) 08/03 14:17:26 Job was held.
	via condor_hold (by user bomeara)
	Code 1 Subcode 0
...
013 (066.1692.000) 08/05 22:28:13 Job was released.
	via condor_release (by user bomeara)
...
012 (066.1692.000) 08/09 10:36:23 Job was held.
	via condor_hold (by user bomeara)
	Code 1 Subcode 0
...
013 (066.1692.000) 08/09 13:05:31 Job was released.
	via condor_release (by user bomeara)
...
012 (066.1692.000) 09/23 13:37:58 Job was held.
	via condor_hold (by user bomeara)
	Code 1 Subcode 0
...
013 (066.1692.000) 09/24 14:49:47 Job was released.
	via condor_release (by user bomeara)
...
001 (066.1692.000) 09/30 01:49:35 Job executing on host: <10.128.121.58:9618?addrs=10.128.121.58-9618&noUDP&sock=2329_1429_4>
...
006 (066.1692.000) 09/30 01:49:43 Image size of job updated: 230536
	226  -  MemoryUsage of job (MB)
	230536  -  ResidentSetSize of job (KB)
...
006 (066.1692.000) 09/30 01:54:43 Image size of job updated: 230552
	226  -  MemoryUsage of job (MB)
	230552  -  ResidentSetSize of job (KB)
...
006 (066.1692.000) 09/30 01:59:44 Image size of job updated: 230620
	226  -  MemoryUsage of job (MB)
	230620  -  ResidentSetSize of job (KB)
...
005 (066.1692.000) 09/30 02:14:37 Job terminated.
	(1) Normal termination (return value 0)
		Usr 0 00:25:00, Sys 0 00:00:00  -  Run Remote Usage
		Usr 0 00:00:00, Sys 0 00:00:00  -  Run Local Usage
		Usr 0 00:25:00, Sys 0 00:00:00  -  Total Remote Usage
		Usr 0 00:00:00, Sys 0 00:00:00  -  Total Local Usage
	27835  -  Run Bytes Sent By Job
	2422  -  Run Bytes Received By Job
	27835  -  Total Bytes Sent By Job
	2422  -  Total Bytes Received By Job
	Partitionable Resources :    Usage  Request Allocated 
	   Cpus                 :     1.00        1         1 
	   Disk (KB)            :    45           4    888340 
	   Memory (MB)          :   226           1       128 
...
