000 (066.1407.000) 07/26 17:14:46 Job submitted from host: <160.36.155.106:9618?addrs=160.36.155.106-9618&noUDP&sock=27742_4872_4>
...
012 (066.1407.000) 08/03 14:17:11 Job was held.
	via condor_hold (by user bomeara)
	Code 1 Subcode 0
...
013 (066.1407.000) 08/05 22:27:58 Job was released.
	via condor_release (by user bomeara)
...
012 (066.1407.000) 08/09 10:36:04 Job was held.
	via condor_hold (by user bomeara)
	Code 1 Subcode 0
...
013 (066.1407.000) 08/09 13:05:16 Job was released.
	via condor_release (by user bomeara)
...
001 (066.1407.000) 09/10 22:35:23 Job executing on host: <10.128.147.77:9618?addrs=10.128.147.77-9618&noUDP&sock=2387_dca7_4>
...
006 (066.1407.000) 09/10 22:35:31 Image size of job updated: 243232
	238  -  MemoryUsage of job (MB)
	243232  -  ResidentSetSize of job (KB)
...
006 (066.1407.000) 09/12 09:04:08 Image size of job updated: 248548
	243  -  MemoryUsage of job (MB)
	248548  -  ResidentSetSize of job (KB)
...
005 (066.1407.000) 09/13 04:15:24 Job terminated.
	(1) Normal termination (return value 0)
		Usr 2 05:35:23, Sys 0 00:00:25  -  Run Remote Usage
		Usr 0 00:00:00, Sys 0 00:00:00  -  Run Local Usage
		Usr 2 05:35:23, Sys 0 00:00:25  -  Total Remote Usage
		Usr 0 00:00:00, Sys 0 00:00:00  -  Total Local Usage
	31077  -  Run Bytes Sent By Job
	2422  -  Run Bytes Received By Job
	31077  -  Total Bytes Sent By Job
	2422  -  Total Bytes Received By Job
	Partitionable Resources :    Usage  Request Allocated 
	   Cpus                 :     1.00        1         1 
	   Disk (KB)            :    48           4    888593 
	   Memory (MB)          :   243           1       128 
...
