[1] "args"
[1] "66" "92"
[1] "Now starting analysis"
[1] "Starting with initial values"
         mu    sigma.sq          SE          bt          vh 
2.931085063 0.015904478 0.007952239 1.000000000 0.007952239 
[1] "Initial search had a convergence code of 1, indicating it did not converge. See ?optim for what the code may mean. Starting again, likely near that point. Negative log likelihood was -4.35236192621587"
[1] "Parameter estimates were"
          mu     sigma.sq           SE           bt           vh 
1.783829e+00 7.870124e-03 5.371528e-03 1.620488e+00 1.376667e-05 
         step     negloglik            mu      sigma.sq            SE 
 1.000000e+00 -4.808510e+00  2.046195e+00  5.856777e-03  8.591226e-03 
           bt            vh 
 1.531408e+00  8.604766e-05 
[1] "New improvement found, but slight; taking the best value, but not resetting the step counter"
         step     negloglik            mu      sigma.sq            SE 
 2.000000e+00 -4.810891e+00  2.052081e+00  5.865459e-03  8.625914e-03 
           bt            vh 
 1.534858e+00  6.680906e-06 
         step     negloglik            mu      sigma.sq            SE 
 3.000000e+00 -4.810891e+00  2.052081e+00  5.865459e-03  8.625914e-03 
           bt            vh 
 1.534858e+00  6.680906e-06 
[1] "Now starting analysis"
[1] "Starting with initial values"
         mu    sigma.sq          bt          vh 
2.931085063 0.015904478 1.000000000 0.007952239 
         step     negloglik            mu      sigma.sq            bt 
 1.000000e+00 -1.857940e+00  2.464983e+00  1.325294e-02  1.297621e+00 
           vh 
 5.462725e-06 
[1] "New improvement found, resetting step counter"
         step     negloglik            mu      sigma.sq            bt 
 2.000000e+00 -2.297864e+00  2.191810e+00  1.243065e-02  1.496990e+00 
           vh 
 2.663266e-05 
         step     negloglik            mu      sigma.sq            bt 
 3.000000e+00 -2.297864e+00  2.191810e+00  1.243065e-02  1.496990e+00 
           vh 
 2.663266e-05 
         step     negloglik            mu      sigma.sq            bt 
 4.000000e+00 -2.297864e+00  2.191810e+00  1.243065e-02  1.496990e+00 
           vh 
 2.663266e-05 
[1] "Now starting analysis"
[1] "Starting with initial values"
         mu    sigma.sq          SE          vh 
2.931085063 0.015904478 0.007952239 0.007952239 
        step    negloglik           mu     sigma.sq           SE           vh 
 1.000000000 -3.222544318  2.850420281  0.005114558  0.010606969  0.083701337 
        step    negloglik           mu     sigma.sq           SE           vh 
 2.000000000 -3.222544318  2.850420281  0.005114558  0.010606969  0.083701337 
        step    negloglik           mu     sigma.sq           SE           vh 
 3.000000000 -3.222544318  2.850420281  0.005114558  0.010606969  0.083701337 
[1] "Now starting analysis"
[1] "Starting with initial values"
         mu    sigma.sq          vh 
2.931085063 0.015904478 0.007952239 
       step   negloglik          mu    sigma.sq          vh 
 1.00000000 -0.65007574  2.88398402  0.01431137  0.08913500 
       step   negloglik          mu    sigma.sq          vh 
 2.00000000 -0.65007574  2.88398402  0.01431137  0.08913500 
[1] "New improvement found, but slight; taking the best value, but not resetting the step counter"
       step   negloglik          mu    sigma.sq          vh 
 3.00000000 -0.65019353  2.88597981  0.01425073  0.08571006 
[1] "Now starting analysis"
[1] "Starting with initial values"
         mu    sigma.sq          SE          bt 
2.931085063 0.015904478 0.007952239 1.000000000 
        step    negloglik           mu     sigma.sq           SE           bt 
 1.000000000 -4.816429407  2.074847613  0.005690514  0.009135930  1.524807953 
        step    negloglik           mu     sigma.sq           SE           bt 
 2.000000000 -4.816429407  2.074847613  0.005690514  0.009135930  1.524807953 
        step    negloglik           mu     sigma.sq           SE           bt 
 3.000000000 -4.816429407  2.074847613  0.005690514  0.009135930  1.524807953 
[1] "Now starting analysis"
[1] "Starting with initial values"
        mu   sigma.sq         bt 
2.93108506 0.01590448 1.00000000 
       step   negloglik          mu    sigma.sq          bt 
 1.00000000 -2.38764003  2.08919326  0.01376012  1.51614404 
       step   negloglik          mu    sigma.sq          bt 
 2.00000000 -2.38764003  2.08919326  0.01376012  1.51614404 
       step   negloglik          mu    sigma.sq          bt 
 3.00000000 -2.38764003  2.08919326  0.01376012  1.51614404 
[1] "Now starting analysis"
[1] "Starting with initial values"
         mu    sigma.sq          SE 
2.931085063 0.015904478 0.007952239 
        step    negloglik           mu     sigma.sq           SE 
 1.000000000 -1.840097752  2.927478369  0.005202822  0.015587381 
        step    negloglik           mu     sigma.sq           SE 
 2.000000000 -1.840097752  2.927478369  0.005202822  0.015587381 
        step    negloglik           mu     sigma.sq           SE 
 3.000000000 -1.840097752  2.927478369  0.005202822  0.015587381 
[1] "Now starting analysis"
[1] "Starting with initial values"
        mu   sigma.sq 
2.93108506 0.01590448 
      step  negloglik         mu   sigma.sq 
1.00000000 0.76358007 2.96012272 0.01699115 
      step  negloglik         mu   sigma.sq 
2.00000000 0.76358007 2.96012272 0.01699115 
      step  negloglik         mu   sigma.sq 
3.00000000 0.76358007 2.96012272 0.01699115 
