000 (066.631.000) 07/26 17:14:46 Job submitted from host: <160.36.155.106:9618?addrs=160.36.155.106-9618&noUDP&sock=27742_4872_4>
...
001 (066.631.000) 08/02 04:17:23 Job executing on host: <10.130.210.206:9618?addrs=10.130.210.206-9618&noUDP&sock=76684_6c96_4>
...
006 (066.631.000) 08/02 04:17:32 Image size of job updated: 233964
	229  -  MemoryUsage of job (MB)
	233964  -  ResidentSetSize of job (KB)
...
006 (066.631.000) 08/02 04:22:33 Image size of job updated: 244856
	240  -  MemoryUsage of job (MB)
	244856  -  ResidentSetSize of job (KB)
...
006 (066.631.000) 08/02 09:28:03 Image size of job updated: 246472
	241  -  MemoryUsage of job (MB)
	246472  -  ResidentSetSize of job (KB)
...
006 (066.631.000) 08/02 21:24:16 Image size of job updated: 248016
	243  -  MemoryUsage of job (MB)
	248016  -  ResidentSetSize of job (KB)
...
006 (066.631.000) 08/02 21:46:28 Image size of job updated: 452764
	243  -  MemoryUsage of job (MB)
	248016  -  ResidentSetSize of job (KB)
...
005 (066.631.000) 08/02 21:46:28 Job terminated.
	(1) Normal termination (return value 0)
		Usr 0 17:27:20, Sys 0 00:00:10  -  Run Remote Usage
		Usr 0 00:00:00, Sys 0 00:00:00  -  Run Local Usage
		Usr 0 17:27:20, Sys 0 00:00:10  -  Total Remote Usage
		Usr 0 00:00:00, Sys 0 00:00:00  -  Total Local Usage
	33328  -  Run Bytes Sent By Job
	2422  -  Run Bytes Received By Job
	33328  -  Total Bytes Sent By Job
	2422  -  Total Bytes Received By Job
	Partitionable Resources :    Usage  Request Allocated 
	   Cpus                 :     1.00        1         1 
	   Disk (KB)            :    50           4    813884 
	   Memory (MB)          :   243           1       128 
...
