[1] "args"
[1] "66"   "1436"
[1] "Now starting analysis"
[1] "Starting with initial values"
        mu   sigma.sq         SE         bt         vh 
1.14583174 0.09192214 0.04596107 1.00000000 0.04596107 
        step    negloglik           mu     sigma.sq           SE           bt 
1.000000e+00 1.169797e+01 9.908855e-01 1.121240e-05 7.356640e-02 2.629746e+00 
          vh 
2.835084e+00 
[1] "New improvement found, resetting step counter"
        step    negloglik           mu     sigma.sq           SE           bt 
2.000000e+00 1.139090e+01 9.849365e-01 5.695028e-05 7.391636e-02 2.217770e+00 
          vh 
1.452299e+00 
[1] "New improvement found, resetting step counter"
        step    negloglik           mu     sigma.sq           SE           bt 
3.000000e+00 1.127901e+01 8.882578e-01 3.124715e-05 7.119377e-02 2.313760e+00 
          vh 
1.342588e+00 
        step    negloglik           mu     sigma.sq           SE           bt 
4.000000e+00 1.127901e+01 8.882578e-01 3.124715e-05 7.119377e-02 2.313760e+00 
          vh 
1.342588e+00 
        step    negloglik           mu     sigma.sq           SE           bt 
5.000000e+00 1.127901e+01 8.882578e-01 3.124715e-05 7.119377e-02 2.313760e+00 
          vh 
1.342588e+00 
[1] "Now starting analysis"
[1] "Starting with initial values"
        mu   sigma.sq         bt         vh 
1.14583174 0.09192214 1.00000000 0.04596107 
        step    negloglik           mu     sigma.sq           bt           vh 
 1.000000000 23.911644787 -0.539854756  0.085849562  2.420849259  0.007862952 
[1] "New improvement found, resetting step counter"
       step   negloglik          mu    sigma.sq          bt          vh 
 2.00000000 23.71401274 -0.29375451  0.08766187  3.01360451  0.00183841 
