000 (066.392.000) 07/26 17:14:46 Job submitted from host: <160.36.155.106:9618?addrs=160.36.155.106-9618&noUDP&sock=27742_4872_4>
...
001 (066.392.000) 07/29 11:45:06 Job executing on host: <10.128.106.188:9618?addrs=10.128.106.188-9618&noUDP&sock=2127_8608_4>
...
006 (066.392.000) 07/29 11:45:15 Image size of job updated: 225816
	221  -  MemoryUsage of job (MB)
	225304  -  ResidentSetSize of job (KB)
...
006 (066.392.000) 07/29 11:50:16 Image size of job updated: 235548
	230  -  MemoryUsage of job (MB)
	234984  -  ResidentSetSize of job (KB)
...
006 (066.392.000) 07/29 13:05:23 Image size of job updated: 235552
	230  -  MemoryUsage of job (MB)
	234984  -  ResidentSetSize of job (KB)
...
006 (066.392.000) 07/29 16:30:44 Image size of job updated: 236824
	231  -  MemoryUsage of job (MB)
	236256  -  ResidentSetSize of job (KB)
...
005 (066.392.000) 07/29 20:32:32 Job terminated.
	(1) Normal termination (return value 0)
		Usr 0 08:46:01, Sys 0 00:00:05  -  Run Remote Usage
		Usr 0 00:00:00, Sys 0 00:00:00  -  Run Local Usage
		Usr 0 08:46:01, Sys 0 00:00:05  -  Total Remote Usage
		Usr 0 00:00:00, Sys 0 00:00:00  -  Total Local Usage
	28902  -  Run Bytes Sent By Job
	2422  -  Run Bytes Received By Job
	28902  -  Total Bytes Sent By Job
	2422  -  Total Bytes Received By Job
	Partitionable Resources :    Usage  Request Allocated 
	   Cpus                 :     0.99        1         1 
	   Disk (KB)            :    46           4    892170 
	   Memory (MB)          :   231           1       128 
...
