000 (066.1722.000) 07/26 17:14:46 Job submitted from host: <160.36.155.106:9618?addrs=160.36.155.106-9618&noUDP&sock=27742_4872_4>
...
012 (066.1722.000) 08/03 14:17:27 Job was held.
	via condor_hold (by user bomeara)
	Code 1 Subcode 0
...
013 (066.1722.000) 08/05 22:28:14 Job was released.
	via condor_release (by user bomeara)
...
012 (066.1722.000) 08/09 10:36:25 Job was held.
	via condor_hold (by user bomeara)
	Code 1 Subcode 0
...
013 (066.1722.000) 08/09 13:05:33 Job was released.
	via condor_release (by user bomeara)
...
012 (066.1722.000) 09/23 13:38:00 Job was held.
	via condor_hold (by user bomeara)
	Code 1 Subcode 0
...
013 (066.1722.000) 09/24 14:49:50 Job was released.
	via condor_release (by user bomeara)
...
001 (066.1722.000) 10/01 15:33:04 Job executing on host: <10.131.171.171:9618?addrs=10.131.171.171-9618&noUDP&sock=2227_1d80_4>
...
006 (066.1722.000) 10/01 15:33:12 Image size of job updated: 230696
	226  -  MemoryUsage of job (MB)
	230696  -  ResidentSetSize of job (KB)
...
006 (066.1722.000) 10/01 15:38:12 Image size of job updated: 230708
	226  -  MemoryUsage of job (MB)
	230708  -  ResidentSetSize of job (KB)
...
005 (066.1722.000) 10/01 16:05:06 Job terminated.
	(1) Normal termination (return value 0)
		Usr 0 00:31:58, Sys 0 00:00:00  -  Run Remote Usage
		Usr 0 00:00:00, Sys 0 00:00:00  -  Run Local Usage
		Usr 0 00:31:58, Sys 0 00:00:00  -  Total Remote Usage
		Usr 0 00:00:00, Sys 0 00:00:00  -  Total Local Usage
	27899  -  Run Bytes Sent By Job
	2422  -  Run Bytes Received By Job
	27899  -  Total Bytes Sent By Job
	2422  -  Total Bytes Received By Job
	Partitionable Resources :    Usage  Request Allocated 
	   Cpus                 :     1.00        1         1 
	   Disk (KB)            :    45           4    890607 
	   Memory (MB)          :   226           1       128 
...
