[1] "args"
[1] "66"  "272"
[1] "Now starting analysis"
[1] "Starting with initial values"
        mu   sigma.sq         SE         bt         vh 
2.50673333 0.10697830 0.05348915 1.00000000 0.05348915 
      step  negloglik         mu   sigma.sq         SE         bt         vh 
1.00000000 9.58787311 2.68159066 0.01021196 0.03885851 1.20266196 0.21138970 
[1] "New improvement found, resetting step counter"
        step    negloglik           mu     sigma.sq           SE           bt 
2.000000e+00 8.069040e+00 2.895839e-01 9.884084e-03 4.947767e-02 2.252090e+00 
          vh 
1.945282e-05 
        step    negloglik           mu     sigma.sq           SE           bt 
3.000000e+00 8.069040e+00 2.895839e-01 9.884084e-03 4.947767e-02 2.252090e+00 
          vh 
1.945282e-05 
[1] "New improvement found, resetting step counter"
        step    negloglik           mu     sigma.sq           SE           bt 
 4.000000000  7.533662879 -0.581971735  0.008804978  0.042411733  3.443381900 
          vh 
 0.001348969 
        step    negloglik           mu     sigma.sq           SE           bt 
 5.000000000  7.533662879 -0.581971735  0.008804978  0.042411733  3.443381900 
          vh 
 0.001348969 
        step    negloglik           mu     sigma.sq           SE           bt 
 6.000000000  7.533662879 -0.581971735  0.008804978  0.042411733  3.443381900 
          vh 
 0.001348969 
[1] "Now starting analysis"
[1] "Starting with initial values"
        mu   sigma.sq         bt         vh 
2.50673333 0.10697830 1.00000000 0.05348915 
       step   negloglik          mu    sigma.sq          bt          vh 
 1.00000000 23.26640948 -0.31816382  0.10816564  3.09720624  0.06672238 
[1] "New improvement found, resetting step counter"
       step   negloglik          mu    sigma.sq          bt          vh 
 2.00000000 23.23649301 -0.43022239  0.10807156  3.10129291  0.01584138 
