000 (066.1783.000) 07/26 17:14:46 Job submitted from host: <160.36.155.106:9618?addrs=160.36.155.106-9618&noUDP&sock=27742_4872_4>
...
012 (066.1783.000) 08/03 14:17:30 Job was held.
	via condor_hold (by user bomeara)
	Code 1 Subcode 0
...
013 (066.1783.000) 08/05 22:28:17 Job was released.
	via condor_release (by user bomeara)
...
012 (066.1783.000) 08/09 10:36:29 Job was held.
	via condor_hold (by user bomeara)
	Code 1 Subcode 0
...
013 (066.1783.000) 08/09 13:05:36 Job was released.
	via condor_release (by user bomeara)
...
012 (066.1783.000) 09/23 13:38:04 Job was held.
	via condor_hold (by user bomeara)
	Code 1 Subcode 0
...
013 (066.1783.000) 09/24 14:49:56 Job was released.
	via condor_release (by user bomeara)
...
001 (066.1783.000) 10/03 02:56:49 Job executing on host: <10.130.122.65:9618?addrs=10.130.122.65-9618&noUDP&sock=2405_355c_4>
...
006 (066.1783.000) 10/03 02:56:57 Image size of job updated: 232916
	228  -  MemoryUsage of job (MB)
	232916  -  ResidentSetSize of job (KB)
...
006 (066.1783.000) 10/03 03:01:57 Image size of job updated: 248608
	243  -  MemoryUsage of job (MB)
	248608  -  ResidentSetSize of job (KB)
...
006 (066.1783.000) 10/03 06:02:15 Image size of job updated: 249788
	244  -  MemoryUsage of job (MB)
	249788  -  ResidentSetSize of job (KB)
...
006 (066.1783.000) 10/03 09:13:42 Image size of job updated: 456160
	244  -  MemoryUsage of job (MB)
	249788  -  ResidentSetSize of job (KB)
...
005 (066.1783.000) 10/03 09:13:42 Job terminated.
	(1) Normal termination (return value 0)
		Usr 0 06:16:23, Sys 0 00:00:02  -  Run Remote Usage
		Usr 0 00:00:00, Sys 0 00:00:00  -  Run Local Usage
		Usr 0 06:16:23, Sys 0 00:00:02  -  Total Remote Usage
		Usr 0 00:00:00, Sys 0 00:00:00  -  Total Local Usage
	31952  -  Run Bytes Sent By Job
	2422  -  Run Bytes Received By Job
	31952  -  Total Bytes Sent By Job
	2422  -  Total Bytes Received By Job
	Partitionable Resources :    Usage  Request Allocated 
	   Cpus                 :     1.00        1         1 
	   Disk (KB)            :    49           4    892237 
	   Memory (MB)          :   244           1       128 
...
