000 (066.1630.000) 07/26 17:14:46 Job submitted from host: <160.36.155.106:9618?addrs=160.36.155.106-9618&noUDP&sock=27742_4872_4>
...
012 (066.1630.000) 08/03 14:17:23 Job was held.
	via condor_hold (by user bomeara)
	Code 1 Subcode 0
...
013 (066.1630.000) 08/05 22:28:09 Job was released.
	via condor_release (by user bomeara)
...
012 (066.1630.000) 08/09 10:36:19 Job was held.
	via condor_hold (by user bomeara)
	Code 1 Subcode 0
...
013 (066.1630.000) 08/09 13:05:28 Job was released.
	via condor_release (by user bomeara)
...
012 (066.1630.000) 09/23 13:38:11 Job was held.
	via condor_hold (by user bomeara)
	Code 1 Subcode 0
...
013 (066.1630.000) 09/24 14:50:03 Job was released.
	via condor_release (by user bomeara)
...
001 (066.1630.000) 09/25 11:46:25 Job executing on host: <10.129.199.164:9618?addrs=10.129.199.164-9618&noUDP&sock=2250_e42e_4>
...
006 (066.1630.000) 09/25 11:46:33 Image size of job updated: 223504
	219  -  MemoryUsage of job (MB)
	223504  -  ResidentSetSize of job (KB)
...
006 (066.1630.000) 09/25 12:46:38 Image size of job updated: 230228
	225  -  MemoryUsage of job (MB)
	230228  -  ResidentSetSize of job (KB)
...
006 (066.1630.000) 09/25 14:41:48 Image size of job updated: 230244
	225  -  MemoryUsage of job (MB)
	230244  -  ResidentSetSize of job (KB)
...
022 (066.1630.000) 10/04 13:14:54 Job disconnected, attempting to reconnect
    Socket between submit and execute hosts closed unexpectedly
    Trying to reconnect to slot1_16@omearaclusteri <10.129.199.164:9618?addrs=10.129.199.164-9618&noUDP&sock=2250_e42e_4>
...
024 (066.1630.000) 10/04 13:54:54 Job reconnection failed
    Job disconnected too long: JobLeaseDuration (2400 seconds) expired
    Can not reconnect to slot1_16@omearaclusteri, rescheduling job
...
001 (066.1630.000) 10/05 05:43:17 Job executing on host: <10.129.213.175:9618?addrs=10.129.213.175-9618&noUDP&sock=2702_ecfc_4>
...
005 (066.1630.000) 10/09 02:25:53 Job terminated.
	(1) Normal termination (return value 0)
		Usr 3 20:39:11, Sys 0 00:00:22  -  Run Remote Usage
		Usr 0 00:00:00, Sys 0 00:00:00  -  Run Local Usage
		Usr 3 20:39:11, Sys 0 00:00:22  -  Total Remote Usage
		Usr 0 00:00:00, Sys 0 00:00:00  -  Total Local Usage
	29000  -  Run Bytes Sent By Job
	2422  -  Run Bytes Received By Job
	29000  -  Total Bytes Sent By Job
	4844  -  Total Bytes Received By Job
	Partitionable Resources :    Usage  Request Allocated 
	   Cpus                 :     1.00        1         1 
	   Disk (KB)            :    47          75   1811553 
	   Memory (MB)          :   245         245       256 
...
