[1] "args"
[1] "66"   "1403"
[1] "Now starting analysis"
[1] "Starting with initial values"
         mu    sigma.sq          SE          bt          vh 
3.108622164 0.012974444 0.006487222 1.000000000 0.006487222 
         step     negloglik            mu      sigma.sq            SE 
 1.000000e+00 -2.194247e+01  1.533961e+00  1.102989e-02  8.300657e-08 
           bt            vh 
 1.891703e+00  1.699441e-02 
[1] "New improvement found, but slight; taking the best value, but not resetting the step counter"
         step     negloglik            mu      sigma.sq            SE 
 2.000000e+00 -2.195091e+01  1.628330e+00  1.105553e-02  8.238298e-05 
           bt            vh 
 1.892151e+00  1.687230e-02 
[1] "New improvement found, resetting step counter"
         step     negloglik            mu      sigma.sq            SE 
 3.000000e+00 -2.210642e+01  1.629462e+00  1.167785e-02  4.091276e-06 
           bt            vh 
 1.880061e+00  1.346166e-02 
         step     negloglik            mu      sigma.sq            SE 
 4.000000e+00 -2.210642e+01  1.629462e+00  1.167785e-02  4.091276e-06 
           bt            vh 
 1.880061e+00  1.346166e-02 
         step     negloglik            mu      sigma.sq            SE 
 5.000000e+00 -2.210642e+01  1.629462e+00  1.167785e-02  4.091276e-06 
           bt            vh 
 1.880061e+00  1.346166e-02 
[1] "Now starting analysis"
[1] "Starting with initial values"
         mu    sigma.sq          bt          vh 
3.108622164 0.012974444 1.000000000 0.006487222 
        step    negloglik           mu     sigma.sq           bt           vh 
  1.00000000 -22.09376786   1.65043795   0.01156347   1.86105014   0.02207760 
[1] "New improvement found, resetting step counter"
        step    negloglik           mu     sigma.sq           bt           vh 
  2.00000000 -22.11154609   1.64969431   0.01166627   1.88279161   0.01773958 
        step    negloglik           mu     sigma.sq           bt           vh 
  3.00000000 -22.11154609   1.64969431   0.01166627   1.88279161   0.01773958 
        step    negloglik           mu     sigma.sq           bt           vh 
  4.00000000 -22.11154609   1.64969431   0.01166627   1.88279161   0.01773958 
[1] "Now starting analysis"
[1] "Starting with initial values"
         mu    sigma.sq          SE          vh 
3.108622164 0.012974444 0.006487222 0.006487222 
         step     negloglik            mu      sigma.sq            SE 
 1.000000e+00 -1.678631e+01  2.199553e+00  1.161576e-02  2.141540e-07 
           vh 
 8.083128e-01 
         step     negloglik            mu      sigma.sq            SE 
 2.000000e+00 -1.678631e+01  2.199553e+00  1.161576e-02  2.141540e-07 
           vh 
 8.083128e-01 
         step     negloglik            mu      sigma.sq            SE 
 3.000000e+00 -1.678631e+01  2.199553e+00  1.161576e-02  2.141540e-07 
           vh 
 8.083128e-01 
[1] "Now starting analysis"
[1] "Starting with initial values"
         mu    sigma.sq          vh 
3.108622164 0.012974444 0.006487222 
        step    negloglik           mu     sigma.sq           vh 
  1.00000000 -16.75329390   2.17620434   0.01173978   0.94270713 
[1] "New improvement found, resetting step counter"
        step    negloglik           mu     sigma.sq           vh 
  2.00000000 -16.77962239   2.20036078   0.01181062   0.82178328 
        step    negloglik           mu     sigma.sq           vh 
  3.00000000 -16.77962239   2.20036078   0.01181062   0.82178328 
[1] "New improvement found, but slight; taking the best value, but not resetting the step counter"
        step    negloglik           mu     sigma.sq           vh 
  4.00000000 -16.78267389   2.16705079   0.01166778   0.78334510 
[1] "Now starting analysis"
[1] "Starting with initial values"
         mu    sigma.sq          SE          bt 
3.108622164 0.012974444 0.006487222 1.000000000 
         step     negloglik            mu      sigma.sq            SE 
 1.000000e+00 -2.178088e+01  1.790307e+00  1.211348e-02  1.211366e-06 
           bt 
 1.958399e+00 
[1] "New improvement found, resetting step counter"
         step     negloglik            mu      sigma.sq            SE 
 2.000000e+00 -2.207076e+01  1.668631e+00  1.212169e-02  9.389187e-06 
           bt 
 1.869261e+00 
         step     negloglik            mu      sigma.sq            SE 
 3.000000e+00 -2.207076e+01  1.668631e+00  1.212169e-02  9.389187e-06 
           bt 
 1.869261e+00 
         step     negloglik            mu      sigma.sq            SE 
 4.000000e+00 -2.207076e+01  1.668631e+00  1.212169e-02  9.389187e-06 
           bt 
 1.869261e+00 
[1] "Now starting analysis"
[1] "Starting with initial values"
        mu   sigma.sq         bt 
3.10862216 0.01297444 1.00000000 
       step   negloglik          mu    sigma.sq          bt 
  1.0000000 -21.9707632   1.7471356   0.0121154   1.9159357 
[1] "New improvement found, resetting step counter"
        step    negloglik           mu     sigma.sq           bt 
  2.00000000 -22.07990722   1.61365743   0.01206603   1.88490691 
        step    negloglik           mu     sigma.sq           bt 
  3.00000000 -22.07990722   1.61365743   0.01206603   1.88490691 
        step    negloglik           mu     sigma.sq           bt 
  4.00000000 -22.07990722   1.61365743   0.01206603   1.88490691 
[1] "Now starting analysis"
[1] "Starting with initial values"
         mu    sigma.sq          SE 
3.108622164 0.012974444 0.006487222 
         step     negloglik            mu      sigma.sq            SE 
 1.000000e+00 -5.572280e+00  2.894619e+00  1.677904e-02  3.383145e-07 
         step     negloglik            mu      sigma.sq            SE 
 2.000000e+00 -5.572280e+00  2.894619e+00  1.677904e-02  3.383145e-07 
         step     negloglik            mu      sigma.sq            SE 
 3.000000e+00 -5.572280e+00  2.894619e+00  1.677904e-02  3.383145e-07 
[1] "Now starting analysis"
[1] "Starting with initial values"
        mu   sigma.sq 
3.10862216 0.01297444 
       step   negloglik          mu    sigma.sq 
 1.00000000 -5.57265862  2.89326956  0.01677239 
       step   negloglik          mu    sigma.sq 
 2.00000000 -5.57265862  2.89326956  0.01677239 
[1] "New improvement found, but slight; taking the best value, but not resetting the step counter"
       step   negloglik          mu    sigma.sq 
 3.00000000 -5.57273196  2.91436206  0.01673355 
