[1] "args"
[1] "66"   "1209"
[1] "Now starting analysis"
[1] "Starting with initial values"
        mu   sigma.sq         SE         bt         vh 
0.96522224 0.08055784 0.04027892 1.00000000 0.04027892 
        step    negloglik           mu     sigma.sq           SE           bt 
 1.000000000 47.716459235  0.582115829  0.008222625  0.067076142  1.809564026 
          vh 
 0.001130781 
[1] "New improvement found, resetting step counter"
        step    negloglik           mu     sigma.sq           SE           bt 
 2.000000000 46.002598395  0.845352097  0.007492856  0.065201170  2.241780847 
          vh 
 0.000307646 
        step    negloglik           mu     sigma.sq           SE           bt 
 3.000000000 46.002598395  0.845352097  0.007492856  0.065201170  2.241780847 
          vh 
 0.000307646 
        step    negloglik           mu     sigma.sq           SE           bt 
 4.000000000 46.002598395  0.845352097  0.007492856  0.065201170  2.241780847 
          vh 
 0.000307646 
[1] "Now starting analysis"
[1] "Starting with initial values"
        mu   sigma.sq         bt         vh 
0.96522224 0.08055784 1.00000000 0.04027892 
        step    negloglik           mu     sigma.sq           bt           vh 
 1.000000000 86.631694217  0.474261406  0.077083455  2.042062235  0.001165526 
[1] "New improvement found, resetting step counter"
        step    negloglik           mu     sigma.sq           bt           vh 
 2.000000000 86.560630430  0.474261406  0.077083455  2.246268459  0.001165526 
        step    negloglik           mu     sigma.sq           bt           vh 
 3.000000000 86.560630430  0.474261406  0.077083455  2.246268459  0.001165526 
[1] "New improvement found, resetting step counter"
        step    negloglik           mu     sigma.sq           bt           vh 
4.000000e+00 8.653925e+01 5.954928e-01 7.479330e-02 2.348135e+00 6.472941e-04 
        step    negloglik           mu     sigma.sq           bt           vh 
5.000000e+00 8.653925e+01 5.954928e-01 7.479330e-02 2.348135e+00 6.472941e-04 
[1] "New improvement found, resetting step counter"
        step    negloglik           mu     sigma.sq           bt           vh 
6.000000e+00 8.652141e+01 7.618633e-01 7.467877e-02 2.497762e+00 6.823421e-04 
        step    negloglik           mu     sigma.sq           bt           vh 
7.000000e+00 8.652141e+01 7.618633e-01 7.467877e-02 2.497762e+00 6.823421e-04 
        step    negloglik           mu     sigma.sq           bt           vh 
8.000000e+00 8.652141e+01 7.618633e-01 7.467877e-02 2.497762e+00 6.823421e-04 
[1] "Now starting analysis"
[1] "Starting with initial values"
        mu   sigma.sq         SE         vh 
0.96522224 0.08055784 0.04027892 0.04027892 
        step    negloglik           mu     sigma.sq           SE           vh 
 1.000000000 51.862998024  0.778837597  0.007533171  0.067279305  0.385702061 
[1] "New improvement found, resetting step counter"
        step    negloglik           mu     sigma.sq           SE           vh 
 2.000000000 51.634147382  0.906572587  0.007966332  0.068990848  0.458675033 
        step    negloglik           mu     sigma.sq           SE           vh 
 3.000000000 51.634147382  0.906572587  0.007966332  0.068990848  0.458675033 
        step    negloglik           mu     sigma.sq           SE           vh 
 4.000000000 51.634147382  0.906572587  0.007966332  0.068990848  0.458675033 
[1] "Now starting analysis"
[1] "Starting with initial values"
        mu   sigma.sq         vh 
0.96522224 0.08055784 0.04027892 
       step   negloglik          mu    sigma.sq          vh 
 1.00000000 88.74451690  0.96522224  0.08055784  0.04027892 
       step   negloglik          mu    sigma.sq          vh 
 2.00000000 88.74451690  0.96522224  0.08055784  0.04027892 
       step   negloglik          mu    sigma.sq          vh 
 3.00000000 88.74451690  0.96522224  0.08055784  0.04027892 
[1] "Now starting analysis"
[1] "Starting with initial values"
        mu   sigma.sq         SE         bt 
0.96522224 0.08055784 0.04027892 1.00000000 
        step    negloglik           mu     sigma.sq           SE           bt 
 1.000000000 48.859626837  0.353334885  0.008609054  0.061846928  1.807189495 
[1] "New improvement found, resetting step counter"
        step    negloglik           mu     sigma.sq           SE           bt 
 2.000000000 46.098779162  0.791390848  0.008529559  0.063150092  2.390958859 
        step    negloglik           mu     sigma.sq           SE           bt 
 3.000000000 46.098779162  0.791390848  0.008529559  0.063150092  2.390958859 
[1] "New improvement found, resetting step counter"
        step    negloglik           mu     sigma.sq           SE           bt 
 4.000000000 46.045275713  0.827838901  0.008042225  0.061967645  2.279874693 
        step    negloglik           mu     sigma.sq           SE           bt 
 5.000000000 46.045275713  0.827838901  0.008042225  0.061967645  2.279874693 
        step    negloglik           mu     sigma.sq           SE           bt 
 6.000000000 46.045275713  0.827838901  0.008042225  0.061967645  2.279874693 
[1] "Now starting analysis"
[1] "Starting with initial values"
        mu   sigma.sq         bt 
0.96522224 0.08055784 1.00000000 
       step   negloglik          mu    sigma.sq          bt 
 1.00000000 86.65535637  0.39883528  0.08079897  2.12713156 
[1] "New improvement found, resetting step counter"
       step   negloglik          mu    sigma.sq          bt 
 2.00000000 86.56980836  0.61154844  0.08079897  2.12713156 
[1] "New improvement found, resetting step counter"
       step   negloglik          mu    sigma.sq          bt 
 3.00000000 86.50043695  0.59932037  0.07895717  2.39811110 
       step   negloglik          mu    sigma.sq          bt 
 4.00000000 86.50043695  0.59932037  0.07895717  2.39811110 
       step   negloglik          mu    sigma.sq          bt 
 5.00000000 86.50043695  0.59932037  0.07895717  2.39811110 
[1] "Now starting analysis"
[1] "Starting with initial values"
        mu   sigma.sq         SE 
0.96522224 0.08055784 0.04027892 
       step   negloglik          mu    sigma.sq          SE 
 1.00000000 57.53135225  0.97892730  0.01558543  0.06045802 
       step   negloglik          mu    sigma.sq          SE 
 2.00000000 57.53135225  0.97892730  0.01558543  0.06045802 
       step   negloglik          mu    sigma.sq          SE 
 3.00000000 57.53135225  0.97892730  0.01558543  0.06045802 
[1] "Now starting analysis"
[1] "Starting with initial values"
        mu   sigma.sq 
0.96522224 0.08055784 
       step   negloglik          mu    sigma.sq 
 1.00000000 88.72620755  0.96522224  0.08055784 
       step   negloglik          mu    sigma.sq 
 2.00000000 88.72620755  0.96522224  0.08055784 
       step   negloglik          mu    sigma.sq 
 3.00000000 88.72620755  0.96522224  0.08055784 
