[1] "args"
[1] "66"  "405"
[1] "Now starting analysis"
[1] "Starting with initial values"
        mu   sigma.sq         SE         bt         vh 
2.15519667 0.13434749 0.06717374 1.00000000 0.06717374 
        step    negloglik           mu     sigma.sq           SE           bt 
 1.000000000 52.874534206  2.004257150  0.013878422  0.078287718  1.832958349 
          vh 
 0.002059211 
[1] "New improvement found, resetting step counter"
        step    negloglik           mu     sigma.sq           SE           bt 
 2.000000000 51.372882964  1.173660294  0.009267052  0.092896913  2.879364228 
          vh 
 0.002956994 
        step    negloglik           mu     sigma.sq           SE           bt 
 3.000000000 51.372882964  1.173660294  0.009267052  0.092896913  2.879364228 
          vh 
 0.002956994 
        step    negloglik           mu     sigma.sq           SE           bt 
 4.000000000 51.372882964  1.173660294  0.009267052  0.092896913  2.879364228 
          vh 
 0.002956994 
[1] "Now starting analysis"
[1] "Starting with initial values"
        mu   sigma.sq         bt         vh 
2.15519667 0.13434749 1.00000000 0.06717374 
      step  negloglik         mu   sigma.sq         bt         vh 
 1.0000000 87.7720529  0.8878824  0.1325944  2.9209568  0.0080506 
[1] "New improvement found, but slight; taking the best value, but not resetting the step counter"
      step  negloglik         mu   sigma.sq         bt         vh 
 2.0000000 87.7702030  1.1799781  0.1325944  2.9209568  0.0080506 
      step  negloglik         mu   sigma.sq         bt         vh 
 3.0000000 87.7702030  1.1799781  0.1325944  2.9209568  0.0080506 
[1] "Now starting analysis"
[1] "Starting with initial values"
        mu   sigma.sq         SE         vh 
2.15519667 0.13434749 0.06717374 0.06717374 
       step   negloglik          mu    sigma.sq          SE          vh 
 1.00000000 55.34036538  2.07090472  0.01530852  0.07233327  0.43439245 
[1] "New improvement found, resetting step counter"
       step   negloglik          mu    sigma.sq          SE          vh 
 2.00000000 54.97494987  1.89617591  0.01665162  0.07492405  0.26088595 
[1] "New improvement found, resetting step counter"
       step   negloglik          mu    sigma.sq          SE          vh 
 3.00000000 54.90327051  1.69149605  0.01623050  0.07269586  0.31544107 
       step   negloglik          mu    sigma.sq          SE          vh 
 4.00000000 54.90327051  1.69149605  0.01623050  0.07269586  0.31544107 
       step   negloglik          mu    sigma.sq          SE          vh 
 5.00000000 54.90327051  1.69149605  0.01623050  0.07269586  0.31544107 
[1] "Now starting analysis"
[1] "Starting with initial values"
        mu   sigma.sq         vh 
2.15519667 0.13434749 0.06717374 
       step   negloglik          mu    sigma.sq          vh 
 1.00000000 88.41436567  2.15519667  0.13434749  0.06717374 
       step   negloglik          mu    sigma.sq          vh 
 2.00000000 88.41436567  2.15519667  0.13434749  0.06717374 
       step   negloglik          mu    sigma.sq          vh 
 3.00000000 88.41436567  2.15519667  0.13434749  0.06717374 
[1] "Now starting analysis"
[1] "Starting with initial values"
        mu   sigma.sq         SE         bt 
2.15519667 0.13434749 0.06717374 1.00000000 
       step   negloglik          mu    sigma.sq          SE          bt 
 1.00000000 51.60131876  1.14274784  0.01439052  0.07524462  2.13298046 
[1] "New improvement found, resetting step counter"
       step   negloglik          mu    sigma.sq          SE          bt 
 2.00000000 51.12208583  1.20357931  0.01338683  0.07259151  2.58184669 
[1] "New improvement found, resetting step counter"
       step   negloglik          mu    sigma.sq          SE          bt 
 3.00000000 51.02188421  1.07800955  0.01181957  0.07679631  2.90722626 
       step   negloglik          mu    sigma.sq          SE          bt 
 4.00000000 51.02188421  1.07800955  0.01181957  0.07679631  2.90722626 
       step   negloglik          mu    sigma.sq          SE          bt 
 5.00000000 51.02188421  1.07800955  0.01181957  0.07679631  2.90722626 
[1] "Now starting analysis"
[1] "Starting with initial values"
       mu  sigma.sq        bt 
2.1551967 0.1343475 1.0000000 
      step  negloglik         mu   sigma.sq         bt 
 1.0000000 87.7719432  1.0312017  0.1298575  2.7496006 
      step  negloglik         mu   sigma.sq         bt 
 2.0000000 87.7719432  1.0312017  0.1298575  2.7496006 
      step  negloglik         mu   sigma.sq         bt 
 3.0000000 87.7719432  1.0312017  0.1298575  2.7496006 
[1] "Now starting analysis"
[1] "Starting with initial values"
        mu   sigma.sq         SE 
2.15519667 0.13434749 0.06717374 
       step   negloglik          mu    sigma.sq          SE 
 1.00000000 55.65386770  2.08624011  0.01891927  0.06827170 
[1] "New improvement found, but slight; taking the best value, but not resetting the step counter"
       step   negloglik          mu    sigma.sq          SE 
 2.00000000 55.65167125  2.08644440  0.01993555  0.06684683 
       step   negloglik          mu    sigma.sq          SE 
 3.00000000 55.65167125  2.08644440  0.01993555  0.06684683 
[1] "Now starting analysis"
[1] "Starting with initial values"
       mu  sigma.sq 
2.1551967 0.1343475 
      step  negloglik         mu   sigma.sq 
 1.0000000 88.3724552  2.1551967  0.1343475 
      step  negloglik         mu   sigma.sq 
 2.0000000 88.3724552  2.1551967  0.1343475 
      step  negloglik         mu   sigma.sq 
 3.0000000 88.3724552  2.1551967  0.1343475 
