[1] "args"
[1] "66"  "749"
[1] "Now starting analysis"
[1] "Starting with initial values"
         mu    sigma.sq          SE          bt          vh 
1.602323317 0.010383990 0.005191995 1.000000000 0.005191995 
         step     negloglik            mu      sigma.sq            SE 
 1.000000e+00 -4.388752e+01  1.679908e+00  7.969200e-03  2.270378e-07 
           bt            vh 
 9.248090e-01  9.322626e-02 
[1] "New improvement found, resetting step counter"
         step     negloglik            mu      sigma.sq            SE 
 2.000000e+00 -4.393740e+01  1.780315e+00  7.969106e-03  2.775059e-08 
           bt            vh 
 9.024664e-01  8.274501e-02 
         step     negloglik            mu      sigma.sq            SE 
 3.000000e+00 -4.393740e+01  1.780315e+00  7.969106e-03  2.775059e-08 
           bt            vh 
 9.024664e-01  8.274501e-02 
         step     negloglik            mu      sigma.sq            SE 
 4.000000e+00 -4.393740e+01  1.780315e+00  7.969106e-03  2.775059e-08 
           bt            vh 
 9.024664e-01  8.274501e-02 
[1] "Now starting analysis"
[1] "Starting with initial values"
         mu    sigma.sq          bt          vh 
1.602323317 0.010383990 1.000000000 0.005191995 
         step     negloglik            mu      sigma.sq            bt 
  1.000000000 -43.977235063   1.746124114   0.008125629   0.876146502 
           vh 
  0.089430679 
         step     negloglik            mu      sigma.sq            bt 
  2.000000000 -43.977235063   1.746124114   0.008125629   0.876146502 
           vh 
  0.089430679 
         step     negloglik            mu      sigma.sq            bt 
  3.000000000 -43.977235063   1.746124114   0.008125629   0.876146502 
           vh 
  0.089430679 
[1] "Now starting analysis"
[1] "Starting with initial values"
         mu    sigma.sq          SE          vh 
1.602323317 0.010383990 0.005191995 0.005191995 
         step     negloglik            mu      sigma.sq            SE 
 1.000000e+00 -4.342535e+01  1.640766e+00  7.684195e-03  2.475945e-07 
           vh 
 9.201817e-02 
         step     negloglik            mu      sigma.sq            SE 
 2.000000e+00 -4.342535e+01  1.640766e+00  7.684195e-03  2.475945e-07 
           vh 
 9.201817e-02 
         step     negloglik            mu      sigma.sq            SE 
 3.000000e+00 -4.342535e+01  1.640766e+00  7.684195e-03  2.475945e-07 
           vh 
 9.201817e-02 
[1] "Now starting analysis"
[1] "Starting with initial values"
         mu    sigma.sq          vh 
1.602323317 0.010383990 0.005191995 
         step     negloglik            mu      sigma.sq            vh 
  1.000000000 -43.510489814   1.590170701   0.008128296   0.101839111 
         step     negloglik            mu      sigma.sq            vh 
  2.000000000 -43.510489814   1.590170701   0.008128296   0.101839111 
         step     negloglik            mu      sigma.sq            vh 
  3.000000000 -43.510489814   1.590170701   0.008128296   0.101839111 
[1] "Now starting analysis"
[1] "Starting with initial values"
         mu    sigma.sq          SE          bt 
1.602323317 0.010383990 0.005191995 1.000000000 
         step     negloglik            mu      sigma.sq            SE 
 1.000000e+00 -3.969025e+01  1.657723e+00  9.726947e-03  6.042630e-07 
           bt 
 9.770737e-01 
         step     negloglik            mu      sigma.sq            SE 
 2.000000e+00 -3.969025e+01  1.657723e+00  9.726947e-03  6.042630e-07 
           bt 
 9.770737e-01 
[1] "New improvement found, resetting step counter"
         step     negloglik            mu      sigma.sq            SE 
 3.000000e+00 -3.973321e+01  1.716337e+00  9.284278e-03  2.484675e-07 
           bt 
 9.659574e-01 
         step     negloglik            mu      sigma.sq            SE 
 4.000000e+00 -3.973321e+01  1.716337e+00  9.284278e-03  2.484675e-07 
           bt 
 9.659574e-01 
         step     negloglik            mu      sigma.sq            SE 
 5.000000e+00 -3.973321e+01  1.716337e+00  9.284278e-03  2.484675e-07 
           bt 
 9.659574e-01 
[1] "Now starting analysis"
[1] "Starting with initial values"
        mu   sigma.sq         bt 
1.60232332 0.01038399 1.00000000 
         step     negloglik            mu      sigma.sq            bt 
  1.000000000 -39.699063234   1.727400508   0.009027857   0.964844860 
[1] "New improvement found, resetting step counter"
         step     negloglik            mu      sigma.sq            bt 
  2.000000000 -39.732417134   1.713199968   0.009577405   0.963906383 
         step     negloglik            mu      sigma.sq            bt 
  3.000000000 -39.732417134   1.713199968   0.009577405   0.963906383 
[1] "New improvement found, but slight; taking the best value, but not resetting the step counter"
         step     negloglik            mu      sigma.sq            bt 
  4.000000000 -39.736679366   1.718409494   0.009421002   0.955279934 
[1] "Now starting analysis"
[1] "Starting with initial values"
         mu    sigma.sq          SE 
1.602323317 0.010383990 0.005191995 
         step     negloglik            mu      sigma.sq            SE 
 1.000000e+00 -3.915345e+01  1.679272e+00  8.198081e-03  3.809708e-07 
         step     negloglik            mu      sigma.sq            SE 
 2.000000e+00 -3.915345e+01  1.679272e+00  8.198081e-03  3.809708e-07 
         step     negloglik            mu      sigma.sq            SE 
 3.000000e+00 -3.915345e+01  1.679272e+00  8.198081e-03  3.809708e-07 
[1] "Now starting analysis"
[1] "Starting with initial values"
        mu   sigma.sq 
1.60232332 0.01038399 
         step     negloglik            mu      sigma.sq 
  1.000000000 -39.640649951   1.582763706   0.009445128 
         step     negloglik            mu      sigma.sq 
  2.000000000 -39.640649951   1.582763706   0.009445128 
[1] "New improvement found, resetting step counter"
         step     negloglik            mu      sigma.sq 
  3.000000000 -39.654542211   1.680843128   0.009360218 
[1] "New improvement found, but slight; taking the best value, but not resetting the step counter"
         step     negloglik            mu      sigma.sq 
  4.000000000 -39.657255013   1.647424178   0.009292686 
         step     negloglik            mu      sigma.sq 
  5.000000000 -39.657255013   1.647424178   0.009292686 
