000 (066.403.000) 07/26 17:14:46 Job submitted from host: <160.36.155.106:9618?addrs=160.36.155.106-9618&noUDP&sock=27742_4872_4>
...
001 (066.403.000) 07/29 14:16:06 Job executing on host: <10.128.213.253:9618?addrs=10.128.213.253-9618&noUDP&sock=68980_1ef7_4>
...
006 (066.403.000) 07/29 14:16:15 Image size of job updated: 233476
	229  -  MemoryUsage of job (MB)
	233476  -  ResidentSetSize of job (KB)
...
006 (066.403.000) 07/29 14:21:15 Image size of job updated: 245704
	240  -  MemoryUsage of job (MB)
	245704  -  ResidentSetSize of job (KB)
...
006 (066.403.000) 07/29 18:36:41 Image size of job updated: 248820
	243  -  MemoryUsage of job (MB)
	248820  -  ResidentSetSize of job (KB)
...
006 (066.403.000) 07/29 19:01:43 Image size of job updated: 249080
	244  -  MemoryUsage of job (MB)
	249080  -  ResidentSetSize of job (KB)
...
005 (066.403.000) 07/30 05:07:36 Job terminated.
	(1) Normal termination (return value 0)
		Usr 0 14:50:02, Sys 0 00:00:06  -  Run Remote Usage
		Usr 0 00:00:00, Sys 0 00:00:00  -  Run Local Usage
		Usr 0 14:50:02, Sys 0 00:00:06  -  Total Remote Usage
		Usr 0 00:00:00, Sys 0 00:00:00  -  Total Local Usage
	31338  -  Run Bytes Sent By Job
	2422  -  Run Bytes Received By Job
	31338  -  Total Bytes Sent By Job
	2422  -  Total Bytes Received By Job
	Partitionable Resources :    Usage  Request Allocated 
	   Cpus                 :     1.00        1         1 
	   Disk (KB)            :    48           4    892965 
	   Memory (MB)          :   244           1       128 
...
