[1] "args"
[1] "66"  "181"
[1] "Now starting analysis"
[1] "Starting with initial values"
        mu   sigma.sq         SE         bt         vh 
0.94563411 0.19711883 0.09855941 1.00000000 0.09855941 
        step    negloglik           mu     sigma.sq           SE           bt 
 1.000000000 49.151560117  1.017269407  0.005940837  0.089630210  1.234110768 
          vh 
 0.054176037 
[1] "New improvement found, resetting step counter"
        step    negloglik           mu     sigma.sq           SE           bt 
 2.000000000 48.510152764  0.816669386  0.006340977  0.082595337  1.703211232 
          vh 
 0.001866415 
        step    negloglik           mu     sigma.sq           SE           bt 
 3.000000000 48.510152764  0.816669386  0.006340977  0.082595337  1.703211232 
          vh 
 0.001866415 
        step    negloglik           mu     sigma.sq           SE           bt 
 4.000000000 48.510152764  0.816669386  0.006340977  0.082595337  1.703211232 
          vh 
 0.001866415 
[1] "Now starting analysis"
[1] "Starting with initial values"
        mu   sigma.sq         bt         vh 
0.94563411 0.19711883 1.00000000 0.09855941 
        step    negloglik           mu     sigma.sq           bt           vh 
  1.00000000 127.75572876   0.94563411   0.19711883   1.10000000   0.09855941 
[1] "New improvement found, but slight; taking the best value, but not resetting the step counter"
        step    negloglik           mu     sigma.sq           bt           vh 
  2.00000000 127.74829290   0.94563411   0.19711883   1.21000000   0.09855941 
        step    negloglik           mu     sigma.sq           bt           vh 
  3.00000000 127.74829290   0.94563411   0.19711883   1.21000000   0.09855941 
[1] "Now starting analysis"
[1] "Starting with initial values"
        mu   sigma.sq         SE         vh 
0.94563411 0.19711883 0.09855941 0.09855941 
        step    negloglik           mu     sigma.sq           SE           vh 
 1.000000000 49.497036956  0.991844305  0.005518591  0.086237881  0.212446442 
[1] "New improvement found, resetting step counter"
        step    negloglik           mu     sigma.sq           SE           vh 
 2.000000000 49.351803423  0.898443360  0.006347934  0.082689489  0.274747856 
        step    negloglik           mu     sigma.sq           SE           vh 
 3.000000000 49.351803423  0.898443360  0.006347934  0.082689489  0.274747856 
        step    negloglik           mu     sigma.sq           SE           vh 
 4.000000000 49.351803423  0.898443360  0.006347934  0.082689489  0.274747856 
[1] "Now starting analysis"
[1] "Starting with initial values"
        mu   sigma.sq         vh 
0.94563411 0.19711883 0.09855941 
        step    negloglik           mu     sigma.sq           vh 
  1.00000000 127.76493041   0.94563411   0.19711883   0.09855941 
        step    negloglik           mu     sigma.sq           vh 
  2.00000000 127.76493041   0.94563411   0.19711883   0.09855941 
        step    negloglik           mu     sigma.sq           vh 
  3.00000000 127.76493041   0.94563411   0.19711883   0.09855941 
[1] "Now starting analysis"
[1] "Starting with initial values"
        mu   sigma.sq         SE         bt 
0.94563411 0.19711883 0.09855941 1.00000000 
        step    negloglik           mu     sigma.sq           SE           bt 
 1.000000000 48.893088149  0.976368540  0.006199435  0.085642346  1.284317959 
[1] "New improvement found, resetting step counter"
        step    negloglik           mu     sigma.sq           SE           bt 
 2.000000000 48.544403409  0.898409228  0.005626036  0.085923647  1.610074520 
[1] "New improvement found, resetting step counter"
        step    negloglik           mu     sigma.sq           SE           bt 
 3.000000000 48.454776575  0.784182555  0.005839145  0.082717012  1.959408984 
        step    negloglik           mu     sigma.sq           SE           bt 
 4.000000000 48.454776575  0.784182555  0.005839145  0.082717012  1.959408984 
        step    negloglik           mu     sigma.sq           SE           bt 
 5.000000000 48.454776575  0.784182555  0.005839145  0.082717012  1.959408984 
[1] "Now starting analysis"
[1] "Starting with initial values"
       mu  sigma.sq        bt 
0.9456341 0.1971188 1.0000000 
       step   negloglik          mu    sigma.sq          bt 
  1.0000000 127.7464394   0.9456341   0.1971188   1.1000000 
[1] "New improvement found, but slight; taking the best value, but not resetting the step counter"
       step   negloglik          mu    sigma.sq          bt 
  2.0000000 127.7388583   0.9456341   0.1971188   1.2100000 
       step   negloglik          mu    sigma.sq          bt 
  3.0000000 127.7388583   0.9456341   0.1971188   1.2100000 
[1] "Now starting analysis"
[1] "Starting with initial values"
        mu   sigma.sq         SE 
0.94563411 0.19711883 0.09855941 
        step    negloglik           mu     sigma.sq           SE 
 1.000000000 49.579977747  1.074245404  0.006350618  0.080358050 
[1] "New improvement found, resetting step counter"
        step    negloglik           mu     sigma.sq           SE 
 2.000000000 49.440309251  0.978317384  0.006395582  0.081192166 
[1] "New improvement found, but slight; taking the best value, but not resetting the step counter"
        step    negloglik           mu     sigma.sq           SE 
 3.000000000 49.438741896  0.986535174  0.006473892  0.083761747 
[1] "New improvement found, but slight; taking the best value, but not resetting the step counter"
        step    negloglik           mu     sigma.sq           SE 
 4.000000000 49.430904865  0.941664862  0.006338208  0.082107544 
[1] "Now starting analysis"
[1] "Starting with initial values"
       mu  sigma.sq 
0.9456341 0.1971188 
       step   negloglik          mu    sigma.sq 
  1.0000000 127.7558207   0.9456341   0.1971188 
       step   negloglik          mu    sigma.sq 
  2.0000000 127.7558207   0.9456341   0.1971188 
       step   negloglik          mu    sigma.sq 
  3.0000000 127.7558207   0.9456341   0.1971188 
