[1] "args"
[1] "66"   "1700"
[1] "Now starting analysis"
[1] "Starting with initial values"
        mu   sigma.sq         SE         bt         vh 
2.05179498 0.03906764 0.01953382 1.00000000 0.01953382 
        step    negloglik           mu     sigma.sq           SE           bt 
 1.000000000 12.983579929  1.677807127  0.015540577  0.031378106  1.665816403 
          vh 
 0.002104683 
[1] "New improvement found, resetting step counter"
        step    negloglik           mu     sigma.sq           SE           bt 
2.000000e+00 1.274556e+01 1.384565e+00 1.482354e-02 2.569834e-02 1.716694e+00 
          vh 
2.704715e-04 
[1] "New improvement found, but slight; taking the best value, but not resetting the step counter"
        step    negloglik           mu     sigma.sq           SE           bt 
3.000000e+00 1.274270e+01 1.383180e+00 1.408098e-02 2.860827e-02 1.679635e+00 
          vh 
5.548936e-05 
        step    negloglik           mu     sigma.sq           SE           bt 
4.000000e+00 1.274270e+01 1.383180e+00 1.408098e-02 2.860827e-02 1.679635e+00 
          vh 
5.548936e-05 
[1] "Now starting analysis"
[1] "Starting with initial values"
        mu   sigma.sq         bt         vh 
2.05179498 0.03906764 1.00000000 0.01953382 
        step    negloglik           mu     sigma.sq           bt           vh 
 1.000000000 15.614818203  1.631230983  0.036082519  1.701235853  0.001007354 
[1] "New improvement found, resetting step counter"
        step    negloglik           mu     sigma.sq           bt           vh 
2.000000e+00 1.554105e+01 1.398601e+00 3.607317e-02 1.589472e+00 2.581166e-05 
[1] "New improvement found, but slight; taking the best value, but not resetting the step counter"
        step    negloglik           mu     sigma.sq           bt           vh 
3.000000e+00 1.553517e+01 1.422617e+00 3.379972e-02 1.659719e+00 1.701071e-04 
        step    negloglik           mu     sigma.sq           bt           vh 
4.000000e+00 1.553517e+01 1.422617e+00 3.379972e-02 1.659719e+00 1.701071e-04 
[1] "Now starting analysis"
[1] "Starting with initial values"
        mu   sigma.sq         SE         vh 
2.05179498 0.03906764 0.01953382 0.01953382 
       step   negloglik          mu    sigma.sq          SE          vh 
 1.00000000 15.81716451  1.97401075  0.02391374  0.01217084  0.13792806 
[1] "New improvement found, but slight; taking the best value, but not resetting the step counter"
       step   negloglik          mu    sigma.sq          SE          vh 
 2.00000000 15.80788915  1.94492410  0.02436505  0.01384921  0.17667017 
       step   negloglik          mu    sigma.sq          SE          vh 
 3.00000000 15.80788915  1.94492410  0.02436505  0.01384921  0.17667017 
[1] "Now starting analysis"
[1] "Starting with initial values"
        mu   sigma.sq         vh 
2.05179498 0.03906764 0.01953382 
       step   negloglik          mu    sigma.sq          vh 
 1.00000000 17.72827073  2.05152782  0.03986913  0.15605299 
[1] "New improvement found, resetting step counter"
       step   negloglik          mu    sigma.sq          vh 
 2.00000000 17.69076331  2.02891115  0.03933487  0.06505206 
       step   negloglik          mu    sigma.sq          vh 
 3.00000000 17.69076331  2.02891115  0.03933487  0.06505206 
       step   negloglik          mu    sigma.sq          vh 
 4.00000000 17.69076331  2.02891115  0.03933487  0.06505206 
[1] "Now starting analysis"
[1] "Starting with initial values"
        mu   sigma.sq         SE         bt 
2.05179498 0.03906764 0.01953382 1.00000000 
       step   negloglik          mu    sigma.sq          SE          bt 
 1.00000000 12.75238256  1.44110635  0.01672750  0.01938034  1.68738110 
[1] "New improvement found, resetting step counter"
       step   negloglik          mu    sigma.sq          SE          bt 
 2.00000000 12.73480241  1.39555010  0.01702539  0.02063622  1.66508285 
       step   negloglik          mu    sigma.sq          SE          bt 
 3.00000000 12.73480241  1.39555010  0.01702539  0.02063622  1.66508285 
[1] "New improvement found, but slight; taking the best value, but not resetting the step counter"
       step   negloglik          mu    sigma.sq          SE          bt 
 4.00000000 12.73049491  1.37454007  0.01571437  0.02390185  1.69046269 
[1] "Now starting analysis"
[1] "Starting with initial values"
        mu   sigma.sq         bt 
2.05179498 0.03906764 1.00000000 
       step   negloglik          mu    sigma.sq          bt 
 1.00000000 15.53033777  1.48335756  0.03452924  1.64259384 
[1] "New improvement found, but slight; taking the best value, but not resetting the step counter"
       step   negloglik          mu    sigma.sq          bt 
 2.00000000 15.52308055  1.39203106  0.03474312  1.66077359 
       step   negloglik          mu    sigma.sq          bt 
 3.00000000 15.52308055  1.39203106  0.03474312  1.66077359 
[1] "Now starting analysis"
[1] "Starting with initial values"
        mu   sigma.sq         SE 
2.05179498 0.03906764 0.01953382 
       step   negloglik          mu    sigma.sq          SE 
 1.00000000 16.24753942  2.13436449  0.02925157  0.01206625 
[1] "New improvement found, resetting step counter"
       step   negloglik          mu    sigma.sq          SE 
 2.00000000 16.23379844  2.11742596  0.02758179  0.01204034 
[1] "New improvement found, but slight; taking the best value, but not resetting the step counter"
       step   negloglik          mu    sigma.sq          SE 
 3.00000000 16.22413881  2.02608425  0.02918246  0.01114409 
[1] "New improvement found, but slight; taking the best value, but not resetting the step counter"
       step   negloglik          mu    sigma.sq          SE 
 4.00000000 16.21944709  2.02206214  0.02800867  0.01118076 
[1] "Now starting analysis"
[1] "Starting with initial values"
        mu   sigma.sq 
2.05179498 0.03906764 
       step   negloglik          mu    sigma.sq 
 1.00000000 17.79214173  1.94760227  0.04227357 
[1] "New improvement found, but slight; taking the best value, but not resetting the step counter"
       step   negloglik          mu    sigma.sq 
 2.00000000 17.79076112  2.04650394  0.03923044 
[1] "New improvement found, but slight; taking the best value, but not resetting the step counter"
       step   negloglik          mu    sigma.sq 
 3.00000000 17.78163841  1.95904960  0.04052039 
