000 (066.963.000) 07/26 17:14:46 Job submitted from host: <160.36.155.106:9618?addrs=160.36.155.106-9618&noUDP&sock=27742_4872_4>
...
012 (066.963.000) 08/03 14:16:49 Job was held.
	via condor_hold (by user bomeara)
	Code 1 Subcode 0
...
013 (066.963.000) 08/05 22:27:35 Job was released.
	via condor_release (by user bomeara)
...
012 (066.963.000) 08/09 10:35:35 Job was held.
	via condor_hold (by user bomeara)
	Code 1 Subcode 0
...
013 (066.963.000) 08/09 13:04:54 Job was released.
	via condor_release (by user bomeara)
...
001 (066.963.000) 08/17 17:40:14 Job executing on host: <10.130.210.206:9618?addrs=10.130.210.206-9618&noUDP&sock=76684_6c96_4>
...
006 (066.963.000) 08/17 17:40:23 Image size of job updated: 243032
	238  -  MemoryUsage of job (MB)
	243032  -  ResidentSetSize of job (KB)
...
006 (066.963.000) 08/17 17:45:24 Image size of job updated: 246148
	241  -  MemoryUsage of job (MB)
	246148  -  ResidentSetSize of job (KB)
...
006 (066.963.000) 08/17 17:55:24 Image size of job updated: 246164
	241  -  MemoryUsage of job (MB)
	246164  -  ResidentSetSize of job (KB)
...
006 (066.963.000) 08/19 18:55:29 Image size of job updated: 249116
	244  -  MemoryUsage of job (MB)
	249116  -  ResidentSetSize of job (KB)
...
006 (066.963.000) 08/20 10:17:05 Image size of job updated: 249220
	244  -  MemoryUsage of job (MB)
	249220  -  ResidentSetSize of job (KB)
...
005 (066.963.000) 08/24 08:31:45 Job terminated.
	(1) Normal termination (return value 0)
		Usr 6 14:38:18, Sys 0 00:00:56  -  Run Remote Usage
		Usr 0 00:00:00, Sys 0 00:00:00  -  Run Local Usage
		Usr 6 14:38:18, Sys 0 00:00:56  -  Total Remote Usage
		Usr 0 00:00:00, Sys 0 00:00:00  -  Total Local Usage
	33029  -  Run Bytes Sent By Job
	2422  -  Run Bytes Received By Job
	33029  -  Total Bytes Sent By Job
	2422  -  Total Bytes Received By Job
	Partitionable Resources :    Usage  Request Allocated 
	   Cpus                 :     1.00        1         1 
	   Disk (KB)            :    50           4    813884 
	   Memory (MB)          :   244           1       128 
...
