000 (066.1304.000) 07/26 17:14:46 Job submitted from host: <160.36.155.106:9618?addrs=160.36.155.106-9618&noUDP&sock=27742_4872_4>
...
012 (066.1304.000) 08/03 14:17:06 Job was held.
	via condor_hold (by user bomeara)
	Code 1 Subcode 0
...
013 (066.1304.000) 08/05 22:27:53 Job was released.
	via condor_release (by user bomeara)
...
012 (066.1304.000) 08/09 10:35:57 Job was held.
	via condor_hold (by user bomeara)
	Code 1 Subcode 0
...
013 (066.1304.000) 08/09 13:05:11 Job was released.
	via condor_release (by user bomeara)
...
001 (066.1304.000) 09/01 12:12:15 Job executing on host: <10.130.122.65:9618?addrs=10.130.122.65-9618&noUDP&sock=2440_372c_4>
...
006 (066.1304.000) 09/01 12:12:24 Image size of job updated: 220516
	216  -  MemoryUsage of job (MB)
	220516  -  ResidentSetSize of job (KB)
...
006 (066.1304.000) 09/01 12:17:25 Image size of job updated: 226008
	221  -  MemoryUsage of job (MB)
	226008  -  ResidentSetSize of job (KB)
...
006 (066.1304.000) 09/01 17:17:57 Image size of job updated: 230540
	226  -  MemoryUsage of job (MB)
	230540  -  ResidentSetSize of job (KB)
...
005 (066.1304.000) 09/01 21:48:24 Job terminated.
	(1) Normal termination (return value 0)
		Usr 0 09:35:17, Sys 0 00:00:06  -  Run Remote Usage
		Usr 0 00:00:00, Sys 0 00:00:00  -  Run Local Usage
		Usr 0 09:35:17, Sys 0 00:00:06  -  Total Remote Usage
		Usr 0 00:00:00, Sys 0 00:00:00  -  Total Local Usage
	28825  -  Run Bytes Sent By Job
	2422  -  Run Bytes Received By Job
	28825  -  Total Bytes Sent By Job
	2422  -  Total Bytes Received By Job
	Partitionable Resources :    Usage  Request Allocated 
	   Cpus                 :     1.00        1         1 
	   Disk (KB)            :    46           4    891653 
	   Memory (MB)          :   226           1       128 
...
