000 (066.1541.000) 07/26 17:14:46 Job submitted from host: <160.36.155.106:9618?addrs=160.36.155.106-9618&noUDP&sock=27742_4872_4>
...
012 (066.1541.000) 08/03 14:17:18 Job was held.
	via condor_hold (by user bomeara)
	Code 1 Subcode 0
...
013 (066.1541.000) 08/05 22:28:05 Job was released.
	via condor_release (by user bomeara)
...
012 (066.1541.000) 08/09 10:36:13 Job was held.
	via condor_hold (by user bomeara)
	Code 1 Subcode 0
...
013 (066.1541.000) 08/09 13:05:24 Job was released.
	via condor_release (by user bomeara)
...
001 (066.1541.000) 09/17 23:39:38 Job executing on host: <10.128.151.149:9618?addrs=10.128.151.149-9618&noUDP&sock=2702_ecfc_4>
...
006 (066.1541.000) 09/17 23:39:46 Image size of job updated: 243396
	238  -  MemoryUsage of job (MB)
	243396  -  ResidentSetSize of job (KB)
...
006 (066.1541.000) 09/18 00:04:48 Image size of job updated: 248148
	243  -  MemoryUsage of job (MB)
	248148  -  ResidentSetSize of job (KB)
...
005 (066.1541.000) 10/19 15:40:49 Job terminated.
	(1) Normal termination (return value 0)
		Usr 31 15:37:39, Sys 0 00:02:11  -  Run Remote Usage
		Usr 0 00:00:00, Sys 0 00:00:00  -  Run Local Usage
		Usr 31 15:37:39, Sys 0 00:02:11  -  Total Remote Usage
		Usr 0 00:00:00, Sys 0 00:00:00  -  Total Local Usage
	31732  -  Run Bytes Sent By Job
	2422  -  Run Bytes Received By Job
	31732  -  Total Bytes Sent By Job
	2422  -  Total Bytes Received By Job
	Partitionable Resources :    Usage  Request Allocated 
	   Cpus                 :     1.00        1         1 
	   Disk (KB)            :    49           4   1811004 
	   Memory (MB)          :   243           1       128 
...
