[1] "args"
[1] "66"  "971"
[1] "Now starting analysis"
[1] "Starting with initial values"
         mu    sigma.sq          SE          bt          vh 
2.028303819 0.016842048 0.008421024 1.000000000 0.008421024 
         step     negloglik            mu      sigma.sq            SE 
  1.000000000 -26.637342432   1.472336098   0.012092167   0.000149345 
           bt            vh 
  1.813703466   0.026173292 
[1] "New improvement found, resetting step counter"
         step     negloglik            mu      sigma.sq            SE 
 2.000000e+00 -2.694278e+01  1.342527e+00  1.198053e-02  2.965075e-06 
           bt            vh 
 1.890826e+00  4.779495e-02 
         step     negloglik            mu      sigma.sq            SE 
 3.000000e+00 -2.694278e+01  1.342527e+00  1.198053e-02  2.965075e-06 
           bt            vh 
 1.890826e+00  4.779495e-02 
         step     negloglik            mu      sigma.sq            SE 
 4.000000e+00 -2.694278e+01  1.342527e+00  1.198053e-02  2.965075e-06 
           bt            vh 
 1.890826e+00  4.779495e-02 
[1] "Now starting analysis"
[1] "Starting with initial values"
         mu    sigma.sq          bt          vh 
2.028303819 0.016842048 1.000000000 0.008421024 
        step    negloglik           mu     sigma.sq           bt           vh 
  1.00000000 -26.92722373   1.23134827   0.01222993   1.78215287   0.02499796 
[1] "New improvement found, resetting step counter"
        step    negloglik           mu     sigma.sq           bt           vh 
  2.00000000 -26.98112644   1.26724724   0.01225650   1.88488257   0.02865904 
        step    negloglik           mu     sigma.sq           bt           vh 
  3.00000000 -26.98112644   1.26724724   0.01225650   1.88488257   0.02865904 
        step    negloglik           mu     sigma.sq           bt           vh 
  4.00000000 -26.98112644   1.26724724   0.01225650   1.88488257   0.02865904 
[1] "Now starting analysis"
[1] "Starting with initial values"
         mu    sigma.sq          SE          vh 
2.028303819 0.016842048 0.008421024 0.008421024 
         step     negloglik            mu      sigma.sq            SE 
 1.000000e+00 -2.318042e+01  2.012966e+00  1.215991e-02  1.819051e-07 
           vh 
 3.339742e-01 
[1] "New improvement found, resetting step counter"
         step     negloglik            mu      sigma.sq            SE 
 2.000000e+00 -2.325945e+01  1.837510e+00  1.216137e-02  1.407675e-06 
           vh 
 3.405982e-01 
         step     negloglik            mu      sigma.sq            SE 
 3.000000e+00 -2.325945e+01  1.837510e+00  1.216137e-02  1.407675e-06 
           vh 
 3.405982e-01 
         step     negloglik            mu      sigma.sq            SE 
 4.000000e+00 -2.325945e+01  1.837510e+00  1.216137e-02  1.407675e-06 
           vh 
 3.405982e-01 
[1] "Now starting analysis"
[1] "Starting with initial values"
         mu    sigma.sq          vh 
2.028303819 0.016842048 0.008421024 
        step    negloglik           mu     sigma.sq           vh 
  1.00000000 -23.26567286   1.77076029   0.01195616   0.37627118 
        step    negloglik           mu     sigma.sq           vh 
  2.00000000 -23.26567286   1.77076029   0.01195616   0.37627118 
        step    negloglik           mu     sigma.sq           vh 
  3.00000000 -23.26567286   1.77076029   0.01195616   0.37627118 
[1] "Now starting analysis"
[1] "Starting with initial values"
         mu    sigma.sq          SE          bt 
2.028303819 0.016842048 0.008421024 1.000000000 
         step     negloglik            mu      sigma.sq            SE 
 1.000000e+00 -2.612505e+01  1.996485e+00  1.261588e-02  1.671269e-07 
           bt 
 1.636876e+00 
[1] "New improvement found, resetting step counter"
         step     negloglik            mu      sigma.sq            SE 
 2.000000e+00 -2.690675e+01  1.346199e+00  1.262403e-02  9.498817e-06 
           bt 
 1.774728e+00 
[1] "New improvement found, but slight; taking the best value, but not resetting the step counter"
         step     negloglik            mu      sigma.sq            SE 
 3.000000e+00 -2.691265e+01  1.413712e+00  1.289400e-02  5.559356e-07 
           bt 
 1.739464e+00 
         step     negloglik            mu      sigma.sq            SE 
 4.000000e+00 -2.691265e+01  1.413712e+00  1.289400e-02  5.559356e-07 
           bt 
 1.739464e+00 
[1] "Now starting analysis"
[1] "Starting with initial values"
        mu   sigma.sq         bt 
2.02830382 0.01684205 1.00000000 
        step    negloglik           mu     sigma.sq           bt 
  1.00000000 -26.91774999   1.35004669   0.01227096   1.74710428 
[1] "New improvement found, but slight; taking the best value, but not resetting the step counter"
        step    negloglik           mu     sigma.sq           bt 
  2.00000000 -26.92381841   1.46698898   0.01248265   1.74595526 
        step    negloglik           mu     sigma.sq           bt 
  3.00000000 -26.92381841   1.46698898   0.01248265   1.74595526 
[1] "Now starting analysis"
[1] "Starting with initial values"
         mu    sigma.sq          SE 
2.028303819 0.016842048 0.008421024 
         step     negloglik            mu      sigma.sq            SE 
 1.000000e+00 -2.011101e+01  2.131950e+00  1.413589e-02  1.523292e-08 
         step     negloglik            mu      sigma.sq            SE 
 2.000000e+00 -2.011101e+01  2.131950e+00  1.413589e-02  1.523292e-08 
         step     negloglik            mu      sigma.sq            SE 
 3.000000e+00 -2.011101e+01  2.131950e+00  1.413589e-02  1.523292e-08 
[1] "Now starting analysis"
[1] "Starting with initial values"
        mu   sigma.sq 
2.02830382 0.01684205 
        step    negloglik           mu     sigma.sq 
  1.00000000 -20.12239608   2.18098370   0.01414326 
[1] "New improvement found, but slight; taking the best value, but not resetting the step counter"
        step    negloglik           mu     sigma.sq 
  2.00000000 -20.12559471   2.23033670   0.01426306 
        step    negloglik           mu     sigma.sq 
  3.00000000 -20.12559471   2.23033670   0.01426306 
