000 (066.1602.000) 07/26 17:14:46 Job submitted from host: <160.36.155.106:9618?addrs=160.36.155.106-9618&noUDP&sock=27742_4872_4>
...
012 (066.1602.000) 08/03 14:17:21 Job was held.
	via condor_hold (by user bomeara)
	Code 1 Subcode 0
...
013 (066.1602.000) 08/05 22:28:08 Job was released.
	via condor_release (by user bomeara)
...
012 (066.1602.000) 08/09 10:36:17 Job was held.
	via condor_hold (by user bomeara)
	Code 1 Subcode 0
...
013 (066.1602.000) 08/09 13:05:27 Job was released.
	via condor_release (by user bomeara)
...
012 (066.1602.000) 09/23 13:38:10 Job was held.
	via condor_hold (by user bomeara)
	Code 1 Subcode 0
...
001 (066.1602.000) 09/24 14:49:57 Job executing on host: <10.129.199.164:9618?addrs=10.129.199.164-9618&noUDP&sock=2250_e42e_4>
...
013 (066.1602.000) 09/24 14:50:01 Job was released.
	via condor_release (by user bomeara)
...
006 (066.1602.000) 09/24 14:50:06 Image size of job updated: 217780
	213  -  MemoryUsage of job (MB)
	217780  -  ResidentSetSize of job (KB)
...
006 (066.1602.000) 09/24 14:55:07 Image size of job updated: 228008
	223  -  MemoryUsage of job (MB)
	228008  -  ResidentSetSize of job (KB)
...
005 (066.1602.000) 09/24 17:18:38 Job terminated.
	(1) Normal termination (return value 0)
		Usr 0 02:28:15, Sys 0 00:00:02  -  Run Remote Usage
		Usr 0 00:00:00, Sys 0 00:00:00  -  Run Local Usage
		Usr 0 02:28:15, Sys 0 00:00:02  -  Total Remote Usage
		Usr 0 00:00:00, Sys 0 00:00:00  -  Total Local Usage
	27914  -  Run Bytes Sent By Job
	2422  -  Run Bytes Received By Job
	27914  -  Total Bytes Sent By Job
	2422  -  Total Bytes Received By Job
	Partitionable Resources :    Usage  Request Allocated 
	   Cpus                 :     1.00        1         1 
	   Disk (KB)            :    45           4    889393 
	   Memory (MB)          :   223           1       128 
...
