[1] "args"
[1] "66"  "530"
[1] "Now starting analysis"
[1] "Starting with initial values"
         mu    sigma.sq          SE          bt          vh 
0.706177831 0.010130113 0.005065056 1.000000000 0.005065056 
         step     negloglik            mu      sigma.sq            SE 
 1.000000e+00 -6.264743e+00  1.784070e-01  1.051362e-02  7.415640e-07 
           bt            vh 
 1.326986e+00  1.168298e-05 
         step     negloglik            mu      sigma.sq            SE 
 2.000000e+00 -6.264743e+00  1.784070e-01  1.051362e-02  7.415640e-07 
           bt            vh 
 1.326986e+00  1.168298e-05 
         step     negloglik            mu      sigma.sq            SE 
 3.000000e+00 -6.264743e+00  1.784070e-01  1.051362e-02  7.415640e-07 
           bt            vh 
 1.326986e+00  1.168298e-05 
[1] "Now starting analysis"
[1] "Starting with initial values"
         mu    sigma.sq          bt          vh 
0.706177831 0.010130113 1.000000000 0.005065056 
         step     negloglik            mu      sigma.sq            bt 
 1.0000000000 -6.2405927089  0.1871240968  0.0109386737  1.3531819116 
           vh 
 0.0007860355 
[1] "New improvement found, resetting step counter"
         step     negloglik            mu      sigma.sq            bt 
 2.000000e+00 -6.257478e+00  1.859588e-01  1.082740e-02  1.324915e+00 
           vh 
 8.450054e-06 
[1] "New improvement found, but slight; taking the best value, but not resetting the step counter"
         step     negloglik            mu      sigma.sq            bt 
 3.0000000000 -6.2582487747  0.1445740445  0.0107960176  1.3331904648 
           vh 
 0.0001586994 
[1] "New improvement found, but slight; taking the best value, but not resetting the step counter"
         step     negloglik            mu      sigma.sq            bt 
 4.0000000000 -6.2596212977  0.1251419854  0.0107383772  1.3533097964 
           vh 
 0.0002718609 
[1] "Now starting analysis"
[1] "Starting with initial values"
         mu    sigma.sq          SE          vh 
0.706177831 0.010130113 0.005065056 0.005065056 
         step     negloglik            mu      sigma.sq            SE 
 1.000000e+00 -4.905910e+00  8.616153e-01  1.054452e-02  1.662456e-07 
           vh 
 8.694596e-02 
[1] "New improvement found, resetting step counter"
         step     negloglik            mu      sigma.sq            SE 
 2.000000e+00 -5.190309e+00  6.530141e-01  1.055537e-02  1.050751e-05 
           vh 
 3.975151e-03 
         step     negloglik            mu      sigma.sq            SE 
 3.000000e+00 -5.190309e+00  6.530141e-01  1.055537e-02  1.050751e-05 
           vh 
 3.975151e-03 
         step     negloglik            mu      sigma.sq            SE 
 4.000000e+00 -5.190309e+00  6.530141e-01  1.055537e-02  1.050751e-05 
           vh 
 3.975151e-03 
[1] "Now starting analysis"
[1] "Starting with initial values"
         mu    sigma.sq          vh 
0.706177831 0.010130113 0.005065056 
         step     negloglik            mu      sigma.sq            vh 
 1.0000000000 -5.2335892814  0.6604997488  0.0111763895  0.0002370973 
         step     negloglik            mu      sigma.sq            vh 
 2.0000000000 -5.2335892814  0.6604997488  0.0111763895  0.0002370973 
         step     negloglik            mu      sigma.sq            vh 
 3.0000000000 -5.2335892814  0.6604997488  0.0111763895  0.0002370973 
[1] "Now starting analysis"
[1] "Starting with initial values"
         mu    sigma.sq          SE          bt 
0.706177831 0.010130113 0.005065056 1.000000000 
         step     negloglik            mu      sigma.sq            SE 
 1.000000e+00 -5.981989e+00  5.180907e-01  1.023739e-02  7.107895e-07 
           bt 
 1.347702e+00 
[1] "New improvement found, resetting step counter"
         step     negloglik            mu      sigma.sq            SE 
 2.000000e+00 -6.253479e+00  1.743506e-01  1.023850e-02  5.126302e-06 
           bt 
 1.321004e+00 
         step     negloglik            mu      sigma.sq            SE 
 3.000000e+00 -6.253479e+00  1.743506e-01  1.023850e-02  5.126302e-06 
           bt 
 1.321004e+00 
         step     negloglik            mu      sigma.sq            SE 
 4.000000e+00 -6.253479e+00  1.743506e-01  1.023850e-02  5.126302e-06 
           bt 
 1.321004e+00 
[1] "Now starting analysis"
[1] "Starting with initial values"
        mu   sigma.sq         bt 
0.70617783 0.01013011 1.00000000 
      step  negloglik         mu   sigma.sq         bt 
 1.0000000 -6.2667300  0.1419600  0.0103838  1.3393973 
      step  negloglik         mu   sigma.sq         bt 
 2.0000000 -6.2667300  0.1419600  0.0103838  1.3393973 
      step  negloglik         mu   sigma.sq         bt 
 3.0000000 -6.2667300  0.1419600  0.0103838  1.3393973 
[1] "Now starting analysis"
[1] "Starting with initial values"
         mu    sigma.sq          SE 
0.706177831 0.010130113 0.005065056 
         step     negloglik            mu      sigma.sq            SE 
 1.000000e+00 -5.225713e+00  6.929096e-01  1.152469e-02  4.807554e-07 
[1] "New improvement found, but slight; taking the best value, but not resetting the step counter"
         step     negloglik            mu      sigma.sq            SE 
 2.000000e+00 -5.225867e+00  6.813603e-01  1.152534e-02  1.523274e-06 
         step     negloglik            mu      sigma.sq            SE 
 3.000000e+00 -5.225867e+00  6.813603e-01  1.152534e-02  1.523274e-06 
[1] "Now starting analysis"
[1] "Starting with initial values"
        mu   sigma.sq 
0.70617783 0.01013011 
       step   negloglik          mu    sigma.sq 
 1.00000000 -5.23352886  0.63500835  0.01123352 
       step   negloglik          mu    sigma.sq 
 2.00000000 -5.23352886  0.63500835  0.01123352 
       step   negloglik          mu    sigma.sq 
 3.00000000 -5.23352886  0.63500835  0.01123352 
