000 (066.1113.000) 07/26 17:14:46 Job submitted from host: <160.36.155.106:9618?addrs=160.36.155.106-9618&noUDP&sock=27742_4872_4>
...
012 (066.1113.000) 08/03 14:16:57 Job was held.
	via condor_hold (by user bomeara)
	Code 1 Subcode 0
...
013 (066.1113.000) 08/05 22:27:44 Job was released.
	via condor_release (by user bomeara)
...
012 (066.1113.000) 08/09 10:35:45 Job was held.
	via condor_hold (by user bomeara)
	Code 1 Subcode 0
...
013 (066.1113.000) 08/09 13:05:02 Job was released.
	via condor_release (by user bomeara)
...
001 (066.1113.000) 08/26 02:29:24 Job executing on host: <10.128.213.253:9618?addrs=10.128.213.253-9618&noUDP&sock=2256_01bf_4>
...
006 (066.1113.000) 08/26 02:29:32 Image size of job updated: 243416
	238  -  MemoryUsage of job (MB)
	243416  -  ResidentSetSize of job (KB)
...
006 (066.1113.000) 08/26 02:34:32 Image size of job updated: 243552
	238  -  MemoryUsage of job (MB)
	243552  -  ResidentSetSize of job (KB)
...
006 (066.1113.000) 08/26 13:20:38 Image size of job updated: 247272
	242  -  MemoryUsage of job (MB)
	247272  -  ResidentSetSize of job (KB)
...
006 (066.1113.000) 08/27 15:08:20 Image size of job updated: 248456
	243  -  MemoryUsage of job (MB)
	248456  -  ResidentSetSize of job (KB)
...
006 (066.1113.000) 08/27 22:39:06 Image size of job updated: 248768
	243  -  MemoryUsage of job (MB)
	248768  -  ResidentSetSize of job (KB)
...
005 (066.1113.000) 08/27 23:40:07 Job terminated.
	(1) Normal termination (return value 0)
		Usr 1 21:07:01, Sys 0 00:00:18  -  Run Remote Usage
		Usr 0 00:00:00, Sys 0 00:00:00  -  Run Local Usage
		Usr 1 21:07:01, Sys 0 00:00:18  -  Total Remote Usage
		Usr 0 00:00:00, Sys 0 00:00:00  -  Total Local Usage
	32333  -  Run Bytes Sent By Job
	2422  -  Run Bytes Received By Job
	32333  -  Total Bytes Sent By Job
	2422  -  Total Bytes Received By Job
	Partitionable Resources :    Usage  Request Allocated 
	   Cpus                 :     0.99        1         1 
	   Disk (KB)            :    50           4    892992 
	   Memory (MB)          :   243           1       128 
...
