000 (066.1142.000) 07/26 17:14:46 Job submitted from host: <160.36.155.106:9618?addrs=160.36.155.106-9618&noUDP&sock=27742_4872_4>
...
012 (066.1142.000) 08/03 14:16:58 Job was held.
	via condor_hold (by user bomeara)
	Code 1 Subcode 0
...
013 (066.1142.000) 08/05 22:27:45 Job was released.
	via condor_release (by user bomeara)
...
012 (066.1142.000) 08/09 10:35:47 Job was held.
	via condor_hold (by user bomeara)
	Code 1 Subcode 0
...
013 (066.1142.000) 08/09 13:05:03 Job was released.
	via condor_release (by user bomeara)
...
001 (066.1142.000) 08/30 07:23:20 Job executing on host: <10.128.78.255:9618?addrs=10.128.78.255-9618&noUDP&sock=2316_296e_4>
...
006 (066.1142.000) 08/30 07:23:28 Image size of job updated: 221680
	217  -  MemoryUsage of job (MB)
	221680  -  ResidentSetSize of job (KB)
...
006 (066.1142.000) 08/30 07:28:28 Image size of job updated: 227608
	223  -  MemoryUsage of job (MB)
	227608  -  ResidentSetSize of job (KB)
...
006 (066.1142.000) 08/30 09:48:43 Image size of job updated: 230268
	225  -  MemoryUsage of job (MB)
	230268  -  ResidentSetSize of job (KB)
...
006 (066.1142.000) 08/30 15:09:18 Image size of job updated: 231416
	226  -  MemoryUsage of job (MB)
	231416  -  ResidentSetSize of job (KB)
...
005 (066.1142.000) 08/30 15:25:29 Job terminated.
	(1) Normal termination (return value 0)
		Usr 0 08:01:26, Sys 0 00:00:03  -  Run Remote Usage
		Usr 0 00:00:00, Sys 0 00:00:00  -  Run Local Usage
		Usr 0 08:01:26, Sys 0 00:00:03  -  Total Remote Usage
		Usr 0 00:00:00, Sys 0 00:00:00  -  Total Local Usage
	28338  -  Run Bytes Sent By Job
	2422  -  Run Bytes Received By Job
	28338  -  Total Bytes Sent By Job
	2422  -  Total Bytes Received By Job
	Partitionable Resources :    Usage  Request Allocated 
	   Cpus                 :     1.00        1         1 
	   Disk (KB)            :    46           4    893021 
	   Memory (MB)          :   226           1       128 
...
