[1] "args"
[1] "66"  "131"
[1] "Now starting analysis"
[1] "Starting with initial values"
        mu   sigma.sq         SE         bt         vh 
3.27160253 0.16201256 0.08100628 1.00000000 0.08100628 
        step    negloglik           mu     sigma.sq           SE           bt 
 1.000000000 62.065802559  3.492041490  0.009488626  0.093570209  1.379792562 
          vh 
 0.246595155 
[1] "New improvement found, resetting step counter"
        step    negloglik           mu     sigma.sq           SE           bt 
2.000000e+00 5.835257e+01 1.922497e+00 8.025097e-03 1.032538e-01 1.769326e+00 
          vh 
9.012469e-05 
[1] "New improvement found, resetting step counter"
        step    negloglik           mu     sigma.sq           SE           bt 
3.000000e+00 5.828797e+01 1.658459e+00 8.302288e-03 9.425766e-02 1.909915e+00 
          vh 
4.763968e-04 
        step    negloglik           mu     sigma.sq           SE           bt 
4.000000e+00 5.828797e+01 1.658459e+00 8.302288e-03 9.425766e-02 1.909915e+00 
          vh 
4.763968e-04 
        step    negloglik           mu     sigma.sq           SE           bt 
5.000000e+00 5.828797e+01 1.658459e+00 8.302288e-03 9.425766e-02 1.909915e+00 
          vh 
4.763968e-04 
[1] "Now starting analysis"
[1] "Starting with initial values"
        mu   sigma.sq         bt         vh 
3.27160253 0.16201256 1.00000000 0.08100628 
        step    negloglik           mu     sigma.sq           bt           vh 
1.000000e+00 1.071250e+02 1.589670e+00 1.508398e-01 2.171785e+00 2.292533e-03 
        step    negloglik           mu     sigma.sq           bt           vh 
2.000000e+00 1.071250e+02 1.589670e+00 1.508398e-01 2.171785e+00 2.292533e-03 
[1] "New improvement found, but slight; taking the best value, but not resetting the step counter"
        step    negloglik           mu     sigma.sq           bt           vh 
3.000000e+00 1.071224e+02 1.480684e+00 1.442478e-01 2.236641e+00 2.190792e-03 
[1] "Now starting analysis"
[1] "Starting with initial values"
        mu   sigma.sq         SE         vh 
3.27160253 0.16201256 0.08100628 0.08100628 
       step   negloglik          mu    sigma.sq          SE          vh 
 1.00000000 63.90500082  3.39110605  0.01157960  0.09274155  0.26972421 
[1] "New improvement found, resetting step counter"
       step   negloglik          mu    sigma.sq          SE          vh 
 2.00000000 63.84463374  3.13404504  0.01063692  0.09243028  0.32279706 
       step   negloglik          mu    sigma.sq          SE          vh 
 3.00000000 63.84463374  3.13404504  0.01063692  0.09243028  0.32279706 
       step   negloglik          mu    sigma.sq          SE          vh 
 4.00000000 63.84463374  3.13404504  0.01063692  0.09243028  0.32279706 
[1] "Now starting analysis"
[1] "Starting with initial values"
        mu   sigma.sq         vh 
3.27160253 0.16201256 0.08100628 
        step    negloglik           mu     sigma.sq           vh 
  1.00000000 108.49966752   3.27160253   0.16201256   0.08100628 
        step    negloglik           mu     sigma.sq           vh 
  2.00000000 108.49966752   3.27160253   0.16201256   0.08100628 
[1] "New improvement found, resetting step counter"
       step   negloglik          mu    sigma.sq          vh 
  3.0000000 108.4470978   3.3694087   0.1492134   0.1582408 
[1] "New improvement found, resetting step counter"
        step    negloglik           mu     sigma.sq           vh 
  4.00000000 108.42967572   3.32739034   0.15839877   0.08254658 
        step    negloglik           mu     sigma.sq           vh 
  5.00000000 108.42967572   3.32739034   0.15839877   0.08254658 
        step    negloglik           mu     sigma.sq           vh 
  6.00000000 108.42967572   3.32739034   0.15839877   0.08254658 
[1] "Now starting analysis"
[1] "Starting with initial values"
        mu   sigma.sq         SE         bt 
3.27160253 0.16201256 0.08100628 1.00000000 
       step   negloglik          mu    sigma.sq          SE          bt 
 1.00000000 61.87517450  3.27653346  0.01029941  0.11214847  1.32996805 
[1] "New improvement found, resetting step counter"
        step    negloglik           mu     sigma.sq           SE           bt 
 2.000000000 58.263188970  1.672557480  0.008885623  0.096716157  1.904877158 
        step    negloglik           mu     sigma.sq           SE           bt 
 3.000000000 58.263188970  1.672557480  0.008885623  0.096716157  1.904877158 
[1] "New improvement found, but slight; taking the best value, but not resetting the step counter"
        step    negloglik           mu     sigma.sq           SE           bt 
 4.000000000 58.255826891  1.742186201  0.008464066  0.098080839  1.838928844 
[1] "Now starting analysis"
[1] "Starting with initial values"
       mu  sigma.sq        bt 
3.2716025 0.1620126 1.0000000 
       step   negloglik          mu    sigma.sq          bt 
  1.0000000 107.1083431   1.3497990   0.1486018   2.0196095 
[1] "New improvement found, resetting step counter"
       step   negloglik          mu    sigma.sq          bt 
  2.0000000 107.0815358   1.3497990   0.1486018   2.2215704 
       step   negloglik          mu    sigma.sq          bt 
  3.0000000 107.0815358   1.3497990   0.1486018   2.2215704 
       step   negloglik          mu    sigma.sq          bt 
  4.0000000 107.0815358   1.3497990   0.1486018   2.2215704 
[1] "Now starting analysis"
[1] "Starting with initial values"
        mu   sigma.sq         SE 
3.27160253 0.16201256 0.08100628 
       step   negloglik          mu    sigma.sq          SE 
 1.00000000 64.53136887  3.52304047  0.01310634  0.09193898 
[1] "New improvement found, resetting step counter"
       step   negloglik          mu    sigma.sq          SE 
 2.00000000 64.51078563  3.47083810  0.01341287  0.08838873 
[1] "New improvement found, resetting step counter"
       step   negloglik          mu    sigma.sq          SE 
 3.00000000 64.50038903  3.45978507  0.01352308  0.08939128 
       step   negloglik          mu    sigma.sq          SE 
 4.00000000 64.50038903  3.45978507  0.01352308  0.08939128 
       step   negloglik          mu    sigma.sq          SE 
 5.00000000 64.50038903  3.45978507  0.01352308  0.08939128 
[1] "Now starting analysis"
[1] "Starting with initial values"
       mu  sigma.sq 
3.2716025 0.1620126 
       step   negloglik          mu    sigma.sq 
  1.0000000 108.5652348   3.2716025   0.1620126 
       step   negloglik          mu    sigma.sq 
  2.0000000 108.5652348   3.2716025   0.1620126 
[1] "New improvement found, resetting step counter"
       step   negloglik          mu    sigma.sq 
  3.0000000 108.5003103   3.5494171   0.1459069 
[1] "New improvement found, resetting step counter"
       step   negloglik          mu    sigma.sq 
  4.0000000 108.4632360   3.4344224   0.1492877 
       step   negloglik          mu    sigma.sq 
  5.0000000 108.4632360   3.4344224   0.1492877 
       step   negloglik          mu    sigma.sq 
  6.0000000 108.4632360   3.4344224   0.1492877 
