000 (066.386.000) 07/26 17:14:46 Job submitted from host: <160.36.155.106:9618?addrs=160.36.155.106-9618&noUDP&sock=27742_4872_4>
...
001 (066.386.000) 07/28 13:44:51 Job executing on host: <10.131.171.171:9618?addrs=10.131.171.171-9618&noUDP&sock=2084_0775_4>
...
006 (066.386.000) 07/28 13:44:59 Image size of job updated: 220548
	216  -  MemoryUsage of job (MB)
	220548  -  ResidentSetSize of job (KB)
...
006 (066.386.000) 07/28 13:49:59 Image size of job updated: 226988
	222  -  MemoryUsage of job (MB)
	226988  -  ResidentSetSize of job (KB)
...
006 (066.386.000) 07/28 15:05:07 Image size of job updated: 228688
	224  -  MemoryUsage of job (MB)
	228688  -  ResidentSetSize of job (KB)
...
005 (066.386.000) 07/28 16:41:18 Job terminated.
	(1) Normal termination (return value 0)
		Usr 0 02:56:02, Sys 0 00:00:02  -  Run Remote Usage
		Usr 0 00:00:00, Sys 0 00:00:00  -  Run Local Usage
		Usr 0 02:56:02, Sys 0 00:00:02  -  Total Remote Usage
		Usr 0 00:00:00, Sys 0 00:00:00  -  Total Local Usage
	28309  -  Run Bytes Sent By Job
	2422  -  Run Bytes Received By Job
	28309  -  Total Bytes Sent By Job
	2422  -  Total Bytes Received By Job
	Partitionable Resources :    Usage  Request Allocated 
	   Cpus                 :     0.97        1         1 
	   Disk (KB)            :    45           4    890340 
	   Memory (MB)          :   224           1       128 
...
