000 (066.654.000) 07/26 17:14:46 Job submitted from host: <160.36.155.106:9618?addrs=160.36.155.106-9618&noUDP&sock=27742_4872_4>
...
001 (066.654.000) 08/02 11:07:30 Job executing on host: <10.128.78.255:9618?addrs=10.128.78.255-9618&noUDP&sock=69000_d6dc_4>
...
006 (066.654.000) 08/02 11:07:38 Image size of job updated: 229512
	225  -  MemoryUsage of job (MB)
	229512  -  ResidentSetSize of job (KB)
...
006 (066.654.000) 08/02 11:12:38 Image size of job updated: 229528
	225  -  MemoryUsage of job (MB)
	229528  -  ResidentSetSize of job (KB)
...
006 (066.654.000) 08/02 11:32:41 Image size of job updated: 232628
	228  -  MemoryUsage of job (MB)
	232628  -  ResidentSetSize of job (KB)
...
005 (066.654.000) 08/02 12:09:20 Job terminated.
	(1) Normal termination (return value 0)
		Usr 0 01:01:44, Sys 0 00:00:00  -  Run Remote Usage
		Usr 0 00:00:00, Sys 0 00:00:00  -  Run Local Usage
		Usr 0 01:01:44, Sys 0 00:00:00  -  Total Remote Usage
		Usr 0 00:00:00, Sys 0 00:00:00  -  Total Local Usage
	29007  -  Run Bytes Sent By Job
	2422  -  Run Bytes Received By Job
	29007  -  Total Bytes Sent By Job
	2422  -  Total Bytes Received By Job
	Partitionable Resources :    Usage  Request Allocated 
	   Cpus                 :     1.00        1         1 
	   Disk (KB)            :    46           4    893015 
	   Memory (MB)          :   228           1       128 
...
