[1] "args"
[1] "66"   "1286"
[1] "Now starting analysis"
[1] "Starting with initial values"
         mu    sigma.sq          SE          bt          vh 
-0.04136776  0.09741714  0.04870857  1.00000000  0.04870857 
        step    negloglik           mu     sigma.sq           SE           bt 
1.000000e+00 1.047786e+01 5.031488e-01 6.177239e-06 9.156002e-02 7.776910e-01 
          vh 
1.240165e-01 
[1] "New improvement found, resetting step counter"
        step    negloglik           mu     sigma.sq           SE           bt 
2.000000e+00 9.512216e+00 4.506237e-01 5.140718e-06 9.521364e-02 7.327223e-01 
          vh 
1.290498e-04 
[1] "New improvement found, resetting step counter"
        step    negloglik           mu     sigma.sq           SE           bt 
3.000000e+00 9.473575e+00 4.630607e-01 3.203929e-06 1.000961e-01 7.243764e-01 
          vh 
2.185541e-04 
        step    negloglik           mu     sigma.sq           SE           bt 
4.000000e+00 9.473575e+00 4.630607e-01 3.203929e-06 1.000961e-01 7.243764e-01 
          vh 
2.185541e-04 
        step    negloglik           mu     sigma.sq           SE           bt 
5.000000e+00 9.473575e+00 4.630607e-01 3.203929e-06 1.000961e-01 7.243764e-01 
          vh 
2.185541e-04 
[1] "Now starting analysis"
[1] "Starting with initial values"
         mu    sigma.sq          bt          vh 
-0.04136776  0.09741714  1.00000000  0.04870857 
        step    negloglik           mu     sigma.sq           bt           vh 
 1.000000000 26.199876323  0.028564630  0.094865015  0.904588151  0.007198395 
[1] "New improvement found, but slight; taking the best value, but not resetting the step counter"
        step    negloglik           mu     sigma.sq           bt           vh 
 2.000000000 26.199768231  0.119023445  0.094865015  0.904588151  0.007198395 
[1] "New improvement found, resetting step counter"
        step    negloglik           mu     sigma.sq           bt           vh 
 3.000000000 26.185130691  0.113650012  0.099433354  0.853453538  0.007508666 
        step    negloglik           mu     sigma.sq           bt           vh 
 4.000000000 26.185130691  0.113650012  0.099433354  0.853453538  0.007508666 
        step    negloglik           mu     sigma.sq           bt           vh 
 5.000000000 26.185130691  0.113650012  0.099433354  0.853453538  0.007508666 
[1] "Now starting analysis"
[1] "Starting with initial values"
         mu    sigma.sq          SE          vh 
-0.04136776  0.09741714  0.04870857  0.04870857 
        step    negloglik           mu     sigma.sq           SE           vh 
 1.000000000 11.962787685 -0.022644187  0.004148577  0.064190797  0.085422324 
[1] "New improvement found, resetting step counter"
        step    negloglik           mu     sigma.sq           SE           vh 
 2.000000000 11.702561223  0.018299438  0.003803279  0.068511294  0.014923396 
