000 (066.235.000) 07/26 17:14:46 Job submitted from host: <160.36.155.106:9618?addrs=160.36.155.106-9618&noUDP&sock=27742_4872_4>
...
001 (066.235.000) 07/26 19:33:49 Job executing on host: <10.128.147.77:9618?addrs=10.128.147.77-9618&noUDP&sock=69960_51c7_4>
...
006 (066.235.000) 07/26 19:33:58 Image size of job updated: 233616
	229  -  MemoryUsage of job (MB)
	233616  -  ResidentSetSize of job (KB)
...
006 (066.235.000) 07/26 19:38:59 Image size of job updated: 249464
	244  -  MemoryUsage of job (MB)
	249464  -  ResidentSetSize of job (KB)
...
006 (066.235.000) 07/26 23:24:23 Image size of job updated: 250216
	245  -  MemoryUsage of job (MB)
	250216  -  ResidentSetSize of job (KB)
...
006 (066.235.000) 07/27 07:50:16 Image size of job updated: 250540
	245  -  MemoryUsage of job (MB)
	250540  -  ResidentSetSize of job (KB)
...
005 (066.235.000) 07/27 10:23:52 Job terminated.
	(1) Normal termination (return value 0)
		Usr 0 14:48:50, Sys 0 00:00:03  -  Run Remote Usage
		Usr 0 00:00:00, Sys 0 00:00:00  -  Run Local Usage
		Usr 0 14:48:50, Sys 0 00:00:03  -  Total Remote Usage
		Usr 0 00:00:00, Sys 0 00:00:00  -  Total Local Usage
	31106  -  Run Bytes Sent By Job
	2422  -  Run Bytes Received By Job
	31106  -  Total Bytes Sent By Job
	2422  -  Total Bytes Received By Job
	Partitionable Resources :    Usage  Request Allocated 
	   Cpus                 :     1.00        1         1 
	   Disk (KB)            :    48           4    888417 
	   Memory (MB)          :   245           1       128 
...
