000 (066.1057.000) 07/26 17:14:46 Job submitted from host: <160.36.155.106:9618?addrs=160.36.155.106-9618&noUDP&sock=27742_4872_4>
...
012 (066.1057.000) 08/03 14:16:54 Job was held.
	via condor_hold (by user bomeara)
	Code 1 Subcode 0
...
013 (066.1057.000) 08/05 22:27:40 Job was released.
	via condor_release (by user bomeara)
...
012 (066.1057.000) 08/09 10:35:41 Job was held.
	via condor_hold (by user bomeara)
	Code 1 Subcode 0
...
013 (066.1057.000) 08/09 13:04:59 Job was released.
	via condor_release (by user bomeara)
...
001 (066.1057.000) 08/23 11:18:55 Job executing on host: <10.128.213.253:9618?addrs=10.128.213.253-9618&noUDP&sock=2256_01bf_4>
...
006 (066.1057.000) 08/23 11:19:04 Image size of job updated: 234308
	229  -  MemoryUsage of job (MB)
	234308  -  ResidentSetSize of job (KB)
...
006 (066.1057.000) 08/23 11:24:05 Image size of job updated: 251196
	246  -  MemoryUsage of job (MB)
	251196  -  ResidentSetSize of job (KB)
...
006 (066.1057.000) 08/23 18:45:59 Image size of job updated: 457596
	246  -  MemoryUsage of job (MB)
	251196  -  ResidentSetSize of job (KB)
...
005 (066.1057.000) 08/23 18:45:59 Job terminated.
	(1) Normal termination (return value 0)
		Usr 0 07:26:24, Sys 0 00:00:04  -  Run Remote Usage
		Usr 0 00:00:00, Sys 0 00:00:00  -  Run Local Usage
		Usr 0 07:26:24, Sys 0 00:00:04  -  Total Remote Usage
		Usr 0 00:00:00, Sys 0 00:00:00  -  Total Local Usage
	31144  -  Run Bytes Sent By Job
	2422  -  Run Bytes Received By Job
	31144  -  Total Bytes Sent By Job
	2422  -  Total Bytes Received By Job
	Partitionable Resources :    Usage  Request Allocated 
	   Cpus                 :     1.00        1         1 
	   Disk (KB)            :    48           4    892992 
	   Memory (MB)          :   246           1       128 
...
