[1] "args"
[1] "66"  "561"
[1] "Now starting analysis"
[1] "Starting with initial values"
        mu   sigma.sq         SE         bt         vh 
1.12031164 0.15131906 0.07565953 1.00000000 0.07565953 
       step   negloglik          mu    sigma.sq          SE          bt 
 1.00000000 50.55398208  1.13263702  0.00867953  0.08765648  1.11742962 
         vh 
 0.16939775 
[1] "New improvement found, resetting step counter"
        step    negloglik           mu     sigma.sq           SE           bt 
 2.000000000 48.930706672  1.123224373  0.009180730  0.092810072  1.435174896 
          vh 
 0.006045934 
[1] "New improvement found, resetting step counter"
        step    negloglik           mu     sigma.sq           SE           bt 
3.000000e+00 4.869289e+01 9.514384e-01 1.055536e-02 8.550562e-02 1.512232e+00 
          vh 
6.928746e-04 
[1] "New improvement found, resetting step counter"
        step    negloglik           mu     sigma.sq           SE           bt 
4.000000e+00 4.867419e+01 1.002613e+00 8.605181e-03 8.850627e-02 1.490480e+00 
          vh 
1.115135e-04 
        step    negloglik           mu     sigma.sq           SE           bt 
5.000000e+00 4.867419e+01 1.002613e+00 8.605181e-03 8.850627e-02 1.490480e+00 
          vh 
1.115135e-04 
[1] "New improvement found, resetting step counter"
        step    negloglik           mu     sigma.sq           SE           bt 
 6.000000000 48.643015756  0.891527063  0.008881282  0.087524543  1.510356174 
          vh 
 0.002322408 
[1] "New improvement found, resetting step counter"
        step    negloglik           mu     sigma.sq           SE           bt 
 7.000000000 48.612582216  0.897429408  0.008913455  0.087605379  1.505097009 
          vh 
 0.000455552 
        step    negloglik           mu     sigma.sq           SE           bt 
 8.000000000 48.612582216  0.897429408  0.008913455  0.087605379  1.505097009 
          vh 
 0.000455552 
        step    negloglik           mu     sigma.sq           SE           bt 
 9.000000000 48.612582216  0.897429408  0.008913455  0.087605379  1.505097009 
          vh 
 0.000455552 
[1] "Now starting analysis"
[1] "Starting with initial values"
        mu   sigma.sq         bt         vh 
1.12031164 0.15131906 1.00000000 0.07565953 
      step  negloglik         mu   sigma.sq         bt         vh 
 1.0000000 95.5284357  1.2313731  0.1464727  1.3473772  0.0365894 
[1] "New improvement found, resetting step counter"
      step  negloglik         mu   sigma.sq         bt         vh 
 2.0000000 95.5123063  1.2313731  0.1464727  1.4821149  0.0365894 
      step  negloglik         mu   sigma.sq         bt         vh 
 3.0000000 95.5123063  1.2313731  0.1464727  1.4821149  0.0365894 
      step  negloglik         mu   sigma.sq         bt         vh 
 4.0000000 95.5123063  1.2313731  0.1464727  1.4821149  0.0365894 
[1] "Now starting analysis"
[1] "Starting with initial values"
        mu   sigma.sq         SE         vh 
1.12031164 0.15131906 0.07565953 0.07565953 
       step   negloglik          mu    sigma.sq          SE          vh 
 1.00000000 51.27537037  1.23098361  0.01025759  0.08282694  0.18921866 
[1] "New improvement found, resetting step counter"
        step    negloglik           mu     sigma.sq           SE           vh 
 2.000000000 51.247621574  1.202595904  0.009847254  0.083229323  0.205460115 
[1] "New improvement found, resetting step counter"
        step    negloglik           mu     sigma.sq           SE           vh 
 3.000000000 51.227674979  1.200358843  0.009563157  0.086173625  0.210503529 
        step    negloglik           mu     sigma.sq           SE           vh 
 4.000000000 51.227674979  1.200358843  0.009563157  0.086173625  0.210503529 
        step    negloglik           mu     sigma.sq           SE           vh 
 5.000000000 51.227674979  1.200358843  0.009563157  0.086173625  0.210503529 
[1] "Now starting analysis"
[1] "Starting with initial values"
        mu   sigma.sq         vh 
1.12031164 0.15131906 0.07565953 
       step   negloglik          mu    sigma.sq          vh 
 1.00000000 95.98754976  1.23234280  0.15131906  0.07565953 
       step   negloglik          mu    sigma.sq          vh 
 2.00000000 95.98754976  1.23234280  0.15131906  0.07565953 
       step   negloglik          mu    sigma.sq          vh 
 3.00000000 95.98754976  1.23234280  0.15131906  0.07565953 
[1] "Now starting analysis"
[1] "Starting with initial values"
        mu   sigma.sq         SE         bt 
1.12031164 0.15131906 0.07565953 1.00000000 
       step   negloglik          mu    sigma.sq          SE          bt 
 1.00000000 50.64315980  1.07532804  0.01129083  0.07390402  1.18485319 
[1] "New improvement found, resetting step counter"
        step    negloglik           mu     sigma.sq           SE           bt 
 2.000000000 48.665157230  0.789043010  0.009115586  0.081851964  1.515626577 
[1] "New improvement found, resetting step counter"
        step    negloglik           mu     sigma.sq           SE           bt 
 3.000000000 48.627949080  0.822528861  0.008823675  0.084136506  1.495531060 
[1] "New improvement found, but slight; taking the best value, but not resetting the step counter"
       step   negloglik          mu    sigma.sq          SE          bt 
 4.00000000 48.62353232  0.88131513  0.01000857  0.08415670  1.45304678 
[1] "New improvement found, resetting step counter"
        step    negloglik           mu     sigma.sq           SE           bt 
 5.000000000 48.588870115  0.904559902  0.009359988  0.086605717  1.487062416 
        step    negloglik           mu     sigma.sq           SE           bt 
 6.000000000 48.588870115  0.904559902  0.009359988  0.086605717  1.487062416 
        step    negloglik           mu     sigma.sq           SE           bt 
 7.000000000 48.588870115  0.904559902  0.009359988  0.086605717  1.487062416 
[1] "Now starting analysis"
[1] "Starting with initial values"
       mu  sigma.sq        bt 
1.1203116 0.1513191 1.0000000 
      step  negloglik         mu   sigma.sq         bt 
 1.0000000 95.4045065  0.9172552  0.1505411  1.5811617 
      step  negloglik         mu   sigma.sq         bt 
 2.0000000 95.4045065  0.9172552  0.1505411  1.5811617 
      step  negloglik         mu   sigma.sq         bt 
 3.0000000 95.4045065  0.9172552  0.1505411  1.5811617 
[1] "Now starting analysis"
[1] "Starting with initial values"
        mu   sigma.sq         SE 
1.12031164 0.15131906 0.07565953 
       step   negloglik          mu    sigma.sq          SE 
 1.00000000 53.66862742  1.33185667  0.01326916  0.08236315 
[1] "New improvement found, resetting step counter"
       step   negloglik          mu    sigma.sq          SE 
 2.00000000 53.65687479  1.28701987  0.01474804  0.08176742 
       step   negloglik          mu    sigma.sq          SE 
 3.00000000 53.65687479  1.28701987  0.01474804  0.08176742 
[1] "New improvement found, but slight; taking the best value, but not resetting the step counter"
       step   negloglik          mu    sigma.sq          SE 
 4.00000000 53.65363913  1.31421613  0.01395201  0.08029855 
[1] "Now starting analysis"
[1] "Starting with initial values"
       mu  sigma.sq 
1.1203116 0.1513191 
      step  negloglik         mu   sigma.sq 
 1.0000000 95.9119184  1.2323428  0.1513191 
      step  negloglik         mu   sigma.sq 
 2.0000000 95.9119184  1.2323428  0.1513191 
      step  negloglik         mu   sigma.sq 
 3.0000000 95.9119184  1.2323428  0.1513191 
