[1] "args"
[1] "66" "65"
[1] "Now starting analysis"
[1] "Starting with initial values"
        mu   sigma.sq         SE         bt         vh 
1.10290294 0.10737399 0.05368699 1.00000000 0.05368699 
        step    negloglik           mu     sigma.sq           SE           bt 
 1.000000000 47.686713412  1.222025171  0.008165239  0.075376834  1.135263699 
          vh 
 0.082212392 
[1] "New improvement found, resetting step counter"
        step    negloglik           mu     sigma.sq           SE           bt 
 2.000000000 46.922105378  0.748755181  0.008123115  0.077219101  1.220704151 
          vh 
 0.012017911 
        step    negloglik           mu     sigma.sq           SE           bt 
 3.000000000 46.922105378  0.748755181  0.008123115  0.077219101  1.220704151 
          vh 
 0.012017911 
[1] "New improvement found, resetting step counter"
        step    negloglik           mu     sigma.sq           SE           bt 
 4.000000000 46.909163285  0.881506304  0.008591843  0.071602599  1.173719075 
          vh 
 0.009732837 
[1] "New improvement found, resetting step counter"
        step    negloglik           mu     sigma.sq           SE           bt 
 5.000000000 46.873909267  0.819854884  0.008584445  0.071530164  1.204584346 
          vh 
 0.023142909 
        step    negloglik           mu     sigma.sq           SE           bt 
 6.000000000 46.873909267  0.819854884  0.008584445  0.071530164  1.204584346 
          vh 
 0.023142909 
        step    negloglik           mu     sigma.sq           SE           bt 
 7.000000000 46.873909267  0.819854884  0.008584445  0.071530164  1.204584346 
          vh 
 0.023142909 
[1] "Now starting analysis"
[1] "Starting with initial values"
        mu   sigma.sq         bt         vh 
1.10290294 0.10737399 1.00000000 0.05368699 
        step    negloglik           mu     sigma.sq           bt           vh 
1.000000e+00 8.791394e+01 1.019301e+00 1.079891e-01 1.226590e+00 5.792031e-04 
        step    negloglik           mu     sigma.sq           bt           vh 
2.000000e+00 8.791394e+01 1.019301e+00 1.079891e-01 1.226590e+00 5.792031e-04 
        step    negloglik           mu     sigma.sq           bt           vh 
3.000000e+00 8.791394e+01 1.019301e+00 1.079891e-01 1.226590e+00 5.792031e-04 
[1] "Now starting analysis"
[1] "Starting with initial values"
        mu   sigma.sq         SE         vh 
1.10290294 0.10737399 0.05368699 0.05368699 
        step    negloglik           mu     sigma.sq           SE           vh 
 1.000000000 47.903664926  0.993044715  0.008319339  0.072026245  0.061240197 
[1] "New improvement found, resetting step counter"
        step    negloglik           mu     sigma.sq           SE           vh 
 2.000000000 47.864890530  1.092349187  0.008319339  0.072026245  0.061240197 
[1] "New improvement found, but slight; taking the best value, but not resetting the step counter"
        step    negloglik           mu     sigma.sq           SE           vh 
 3.000000000 47.860571704  1.083914559  0.008301789  0.072639650  0.042662662 
        step    negloglik           mu     sigma.sq           SE           vh 
 4.000000000 47.860571704  1.083914559  0.008301789  0.072639650  0.042662662 
[1] "Now starting analysis"
[1] "Starting with initial values"
        mu   sigma.sq         vh 
1.10290294 0.10737399 0.05368699 
        step    negloglik           mu     sigma.sq           vh 
 1.000000000 88.110741398  1.181599664  0.108203718  0.005754117 
        step    negloglik           mu     sigma.sq           vh 
 2.000000000 88.110741398  1.181599664  0.108203718  0.005754117 
        step    negloglik           mu     sigma.sq           vh 
 3.000000000 88.110741398  1.181599664  0.108203718  0.005754117 
[1] "Now starting analysis"
[1] "Starting with initial values"
        mu   sigma.sq         SE         bt 
1.10290294 0.10737399 0.05368699 1.00000000 
        step    negloglik           mu     sigma.sq           SE           bt 
 1.000000000 47.108367682  0.978756498  0.008040354  0.072545669  1.123243692 
[1] "New improvement found, resetting step counter"
        step    negloglik           mu     sigma.sq           SE           bt 
 2.000000000 46.858450512  0.791519761  0.008773992  0.072306872  1.225671494 
        step    negloglik           mu     sigma.sq           SE           bt 
 3.000000000 46.858450512  0.791519761  0.008773992  0.072306872  1.225671494 
[1] "New improvement found, but slight; taking the best value, but not resetting the step counter"
        step    negloglik           mu     sigma.sq           SE           bt 
 4.000000000 46.853998847  0.769276543  0.008261507  0.072272663  1.222705336 
[1] "Now starting analysis"
[1] "Starting with initial values"
      mu sigma.sq       bt 
1.102903 0.107374 1.000000 
      step  negloglik         mu   sigma.sq         bt 
 1.0000000 87.8938182  0.9111714  0.1066081  1.2984476 
      step  negloglik         mu   sigma.sq         bt 
 2.0000000 87.8938182  0.9111714  0.1066081  1.2984476 
      step  negloglik         mu   sigma.sq         bt 
 3.0000000 87.8938182  0.9111714  0.1066081  1.2984476 
[1] "Now starting analysis"
[1] "Starting with initial values"
        mu   sigma.sq         SE 
1.10290294 0.10737399 0.05368699 
        step    negloglik           mu     sigma.sq           SE 
 1.000000000 48.026502481  1.068670090  0.008900202  0.070352239 
        step    negloglik           mu     sigma.sq           SE 
 2.000000000 48.026502481  1.068670090  0.008900202  0.070352239 
[1] "New improvement found, but slight; taking the best value, but not resetting the step counter"
        step    negloglik           mu     sigma.sq           SE 
 3.000000000 48.018089506  1.099123925  0.008784246  0.070465266 
[1] "Now starting analysis"
[1] "Starting with initial values"
      mu sigma.sq 
1.102903 0.107374 
     step negloglik        mu  sigma.sq 
 1.000000 88.098770  1.102903  0.107374 
     step negloglik        mu  sigma.sq 
 2.000000 88.098770  1.102903  0.107374 
     step negloglik        mu  sigma.sq 
 3.000000 88.098770  1.102903  0.107374 
