[1] "args"
[1] "66"   "1757"
[1] "Now starting analysis"
[1] "Starting with initial values"
         mu    sigma.sq          SE          bt          vh 
1.145083827 0.014157051 0.007078525 1.000000000 0.007078525 
         step     negloglik            mu      sigma.sq            SE 
 1.000000e+00 -1.764008e+01  1.104068e+00  1.302418e-02  4.493222e-06 
           bt            vh 
 9.974345e-01  1.700817e-01 
[1] "New improvement found, resetting step counter"
         step     negloglik            mu      sigma.sq            SE 
 2.000000e+00 -1.765641e+01  1.170996e+00  1.302267e-02  2.515788e-06 
           bt            vh 
 9.882908e-01  1.557793e-01 
         step     negloglik            mu      sigma.sq            SE 
 3.000000e+00 -1.765641e+01  1.170996e+00  1.302267e-02  2.515788e-06 
           bt            vh 
 9.882908e-01  1.557793e-01 
[1] "New improvement found, but slight; taking the best value, but not resetting the step counter"
         step     negloglik            mu      sigma.sq            SE 
 4.000000e+00 -1.766107e+01  1.150044e+00  1.299258e-02  7.107620e-06 
           bt            vh 
 1.002982e+00  1.479452e-01 
[1] "Now starting analysis"
[1] "Starting with initial values"
         mu    sigma.sq          bt          vh 
1.145083827 0.014157051 1.000000000 0.007078525 
       step   negloglik          mu    sigma.sq          bt          vh 
  1.0000000 -17.6458292   1.1552190   0.0129408   0.9946286   0.1355180 
[1] "New improvement found, but slight; taking the best value, but not resetting the step counter"
        step    negloglik           mu     sigma.sq           bt           vh 
  2.00000000 -17.64956348   1.20166596   0.01306569   0.98863641   0.13693775 
        step    negloglik           mu     sigma.sq           bt           vh 
  3.00000000 -17.64956348   1.20166596   0.01306569   0.98863641   0.13693775 
[1] "Now starting analysis"
[1] "Starting with initial values"
         mu    sigma.sq          SE          vh 
1.145083827 0.014157051 0.007078525 0.007078525 
         step     negloglik            mu      sigma.sq            SE 
 1.000000e+00 -1.758187e+01  1.196443e+00  1.245977e-02  7.455295e-06 
           vh 
 1.164593e-01 
[1] "New improvement found, resetting step counter"
         step     negloglik            mu      sigma.sq            SE 
 2.000000e+00 -1.761131e+01  1.170423e+00  1.245887e-02  5.945268e-06 
           vh 
 1.498649e-01 
[1] "New improvement found, resetting step counter"
         step     negloglik            mu      sigma.sq            SE 
 3.000000e+00 -1.764327e+01  1.209069e+00  1.279531e-02  4.754834e-06 
           vh 
 1.306177e-01 
         step     negloglik            mu      sigma.sq            SE 
 4.000000e+00 -1.764327e+01  1.209069e+00  1.279531e-02  4.754834e-06 
           vh 
 1.306177e-01 
         step     negloglik            mu      sigma.sq            SE 
 5.000000e+00 -1.764327e+01  1.209069e+00  1.279531e-02  4.754834e-06 
           vh 
 1.306177e-01 
[1] "Now starting analysis"
[1] "Starting with initial values"
         mu    sigma.sq          vh 
1.145083827 0.014157051 0.007078525 
        step    negloglik           mu     sigma.sq           vh 
  1.00000000 -17.64280325   1.13536208   0.01290601   0.14725143 
[1] "New improvement found, but slight; taking the best value, but not resetting the step counter"
        step    negloglik           mu     sigma.sq           vh 
  2.00000000 -17.64280939   1.20048689   0.01306617   0.13037787 
        step    negloglik           mu     sigma.sq           vh 
  3.00000000 -17.64280939   1.20048689   0.01306617   0.13037787 
[1] "Now starting analysis"
[1] "Starting with initial values"
         mu    sigma.sq          SE          bt 
1.145083827 0.014157051 0.007078525 1.000000000 
         step     negloglik            mu      sigma.sq            SE 
 1.000000e+00 -1.644438e+01  1.334652e+00  1.383409e-02  3.500397e-06 
           bt 
 9.214109e-01 
[1] "New improvement found, but slight; taking the best value, but not resetting the step counter"
         step     negloglik            mu      sigma.sq            SE 
 2.000000e+00 -1.645426e+01  1.270340e+00  1.383427e-02  4.080092e-06 
           bt 
 9.198869e-01 
         step     negloglik            mu      sigma.sq            SE 
 3.000000e+00 -1.645426e+01  1.270340e+00  1.383427e-02  4.080092e-06 
           bt 
 9.198869e-01 
[1] "Now starting analysis"
[1] "Starting with initial values"
        mu   sigma.sq         bt 
1.14508383 0.01415705 1.00000000 
        step    negloglik           mu     sigma.sq           bt 
  1.00000000 -16.44952824   1.26035324   0.01425956   0.92521730 
[1] "New improvement found, but slight; taking the best value, but not resetting the step counter"
        step    negloglik           mu     sigma.sq           bt 
  2.00000000 -16.45062280   1.26569702   0.01398262   0.91480667 
        step    negloglik           mu     sigma.sq           bt 
  3.00000000 -16.45062280   1.26569702   0.01398262   0.91480667 
[1] "Now starting analysis"
[1] "Starting with initial values"
         mu    sigma.sq          SE 
1.145083827 0.014157051 0.007078525 
         step     negloglik            mu      sigma.sq            SE 
 1.000000e+00 -1.628805e+01  1.082816e+00  1.392867e-02  4.978312e-06 
[1] "New improvement found, resetting step counter"
         step     negloglik            mu      sigma.sq            SE 
 2.000000e+00 -1.630436e+01  1.136958e+00  1.392842e-02  4.074482e-06 
         step     negloglik            mu      sigma.sq            SE 
 3.000000e+00 -1.630436e+01  1.136958e+00  1.392842e-02  4.074482e-06 
         step     negloglik            mu      sigma.sq            SE 
 4.000000e+00 -1.630436e+01  1.136958e+00  1.392842e-02  4.074482e-06 
[1] "Now starting analysis"
[1] "Starting with initial values"
        mu   sigma.sq 
1.14508383 0.01415705 
        step    negloglik           mu     sigma.sq 
  1.00000000 -16.30280802   1.14508383   0.01415705 
        step    negloglik           mu     sigma.sq 
  2.00000000 -16.30280802   1.14508383   0.01415705 
        step    negloglik           mu     sigma.sq 
  3.00000000 -16.30280802   1.14508383   0.01415705 
