[1] "args"
[1] "66"  "187"
[1] "Now starting analysis"
[1] "Starting with initial values"
        mu   sigma.sq         SE         bt         vh 
0.01468857 0.10761549 0.05380775 1.00000000 0.05380775 
       step   negloglik          mu    sigma.sq          SE          bt 
 1.00000000 46.64321418  0.01562259  0.01286347  0.06066731  1.09483694 
         vh 
 0.12130005 
[1] "New improvement found, resetting step counter"
        step    negloglik           mu     sigma.sq           SE           bt 
 2.000000000 46.167710346  0.038158942  0.012871326  0.060591263  1.655184565 
          vh 
 0.000297008 
        step    negloglik           mu     sigma.sq           SE           bt 
 3.000000000 46.167710346  0.038158942  0.012871326  0.060591263  1.655184565 
          vh 
 0.000297008 
        step    negloglik           mu     sigma.sq           SE           bt 
 4.000000000 46.167710346  0.038158942  0.012871326  0.060591263  1.655184565 
          vh 
 0.000297008 
[1] "Now starting analysis"
[1] "Starting with initial values"
        mu   sigma.sq         bt         vh 
0.01468857 0.10761549 1.00000000 0.05380775 
       step   negloglik          mu    sigma.sq          bt          vh 
 1.00000000 85.92273764  0.01468857  0.10761549  1.10000000  0.05380775 
[1] "New improvement found, resetting step counter"
       step   negloglik          mu    sigma.sq          bt          vh 
 2.00000000 85.90084473  0.01468857  0.10761549  1.21000000  0.05380775 
[1] "New improvement found, but slight; taking the best value, but not resetting the step counter"
       step   negloglik          mu    sigma.sq          bt          vh 
 3.00000000 85.89617315  0.01413103  0.10677093  1.24284929  0.05087416 
       step   negloglik          mu    sigma.sq          bt          vh 
 4.00000000 85.89617315  0.01413103  0.10677093  1.24284929  0.05087416 
[1] "Now starting analysis"
[1] "Starting with initial values"
        mu   sigma.sq         SE         vh 
0.01468857 0.10761549 0.05380775 0.05380775 
       step   negloglik          mu    sigma.sq          SE          vh 
 1.00000000 47.04728793  0.03564385  0.01224492  0.07105261  0.08755544 
[1] "New improvement found, resetting step counter"
       step   negloglik          mu    sigma.sq          SE          vh 
 2.00000000 46.76415026  0.04153095  0.01342086  0.05932923  0.09041573 
       step   negloglik          mu    sigma.sq          SE          vh 
 3.00000000 46.76415026  0.04153095  0.01342086  0.05932923  0.09041573 
[1] "New improvement found, but slight; taking the best value, but not resetting the step counter"
       step   negloglik          mu    sigma.sq          SE          vh 
 4.00000000 46.76365648  0.02988322  0.01322347  0.06063534  0.10980880 
[1] "Now starting analysis"
[1] "Starting with initial values"
        mu   sigma.sq         vh 
0.01468857 0.10761549 0.05380775 
       step   negloglik          mu    sigma.sq          vh 
 1.00000000 85.94899402  0.01468857  0.10761549  0.05380775 
       step   negloglik          mu    sigma.sq          vh 
 2.00000000 85.94899402  0.01468857  0.10761549  0.05380775 
       step   negloglik          mu    sigma.sq          vh 
 3.00000000 85.94899402  0.01468857  0.10761549  0.05380775 
[1] "Now starting analysis"
[1] "Starting with initial values"
        mu   sigma.sq         SE         bt 
0.01468857 0.10761549 0.05380775 1.00000000 
       step   negloglik          mu    sigma.sq          SE          bt 
 1.00000000 46.58602495 -0.01927518  0.01323408  0.05929826  1.09982470 
[1] "New improvement found, resetting step counter"
       step   negloglik          mu    sigma.sq          SE          bt 
 2.00000000 46.12830376 -0.12587345  0.01240748  0.06128645  1.73091395 
