[1] "args"
[1] "66"   "1401"
[1] "Now starting analysis"
[1] "Starting with initial values"
         mu    sigma.sq          SE          bt          vh 
2.026605588 0.011042415 0.005521208 1.000000000 0.005521208 
         step     negloglik            mu      sigma.sq            SE 
 1.000000e+00 -2.316450e+01  8.164264e-01  9.935723e-03  1.606475e-06 
           bt            vh 
 2.076089e+00  3.432843e-01 
[1] "New improvement found, resetting step counter"
         step     negloglik            mu      sigma.sq            SE 
 2.000000e+00 -2.329131e+01  9.317742e-01  9.936002e-03  2.516157e-06 
           bt            vh 
 2.246245e+00  3.005250e-01 
         step     negloglik            mu      sigma.sq            SE 
 3.000000e+00 -2.329131e+01  9.317742e-01  9.936002e-03  2.516157e-06 
           bt            vh 
 2.246245e+00  3.005250e-01 
[1] "New improvement found, resetting step counter"
         step     negloglik            mu      sigma.sq            SE 
 4.000000e+00 -2.330829e+01  9.293389e-01  9.598466e-03  1.057590e-06 
           bt            vh 
 2.347109e+00  3.266902e-01 
         step     negloglik            mu      sigma.sq            SE 
 5.000000e+00 -2.330829e+01  9.293389e-01  9.598466e-03  1.057590e-06 
           bt            vh 
 2.347109e+00  3.266902e-01 
         step     negloglik            mu      sigma.sq            SE 
 6.000000e+00 -2.330829e+01  9.293389e-01  9.598466e-03  1.057590e-06 
           bt            vh 
 2.347109e+00  3.266902e-01 
[1] "Now starting analysis"
[1] "Starting with initial values"
         mu    sigma.sq          bt          vh 
2.026605588 0.011042415 1.000000000 0.005521208 
         step     negloglik            mu      sigma.sq            bt 
  1.000000000 -23.312224343   0.944179382   0.009776858   2.340938053 
           vh 
  0.273803865 
         step     negloglik            mu      sigma.sq            bt 
  2.000000000 -23.312224343   0.944179382   0.009776858   2.340938053 
           vh 
  0.273803865 
         step     negloglik            mu      sigma.sq            bt 
  3.000000000 -23.312224343   0.944179382   0.009776858   2.340938053 
           vh 
  0.273803865 
[1] "Now starting analysis"
[1] "Starting with initial values"
         mu    sigma.sq          SE          vh 
2.026605588 0.011042415 0.005521208 0.005521208 
         step     negloglik            mu      sigma.sq            SE 
 1.000000e+00 -1.892521e+01  1.660388e+00  1.015528e-02  4.373603e-06 
           vh 
 3.509491e-01 
[1] "New improvement found, resetting step counter"
         step     negloglik            mu      sigma.sq            SE 
 2.000000e+00 -2.142214e+01  9.889224e-01  1.015416e-02  6.005809e-06 
           vh 
 1.388550e+00 
         step     negloglik            mu      sigma.sq            SE 
 3.000000e+00 -2.142214e+01  9.889224e-01  1.015416e-02  6.005809e-06 
           vh 
 1.388550e+00 
         step     negloglik            mu      sigma.sq            SE 
 4.000000e+00 -2.142214e+01  9.889224e-01  1.015416e-02  6.005809e-06 
           vh 
 1.388550e+00 
[1] "Now starting analysis"
[1] "Starting with initial values"
         mu    sigma.sq          vh 
2.026605588 0.011042415 0.005521208 
         step     negloglik            mu      sigma.sq            vh 
  1.000000000 -21.511970338   1.012879700   0.009589406   1.415801525 
         step     negloglik            mu      sigma.sq            vh 
  2.000000000 -21.511970338   1.012879700   0.009589406   1.415801525 
         step     negloglik            mu      sigma.sq            vh 
  3.000000000 -21.511970338   1.012879700   0.009589406   1.415801525 
[1] "Now starting analysis"
[1] "Starting with initial values"
         mu    sigma.sq          SE          bt 
2.026605588 0.011042415 0.005521208 1.000000000 
         step     negloglik            mu      sigma.sq            SE 
 1.000000e+00 -2.175114e+01  9.119458e-01  1.027336e-02  2.932894e-06 
           bt 
 2.497664e+00 
[1] "New improvement found, resetting step counter"
         step     negloglik            mu      sigma.sq            SE 
 2.000000e+00 -2.206807e+01  1.220473e+00  1.027271e-02  9.837473e-07 
           bt 
 2.393153e+00 
         step     negloglik            mu      sigma.sq            SE 
 3.000000e+00 -2.206807e+01  1.220473e+00  1.027271e-02  9.837473e-07 
           bt 
 2.393153e+00 
         step     negloglik            mu      sigma.sq            SE 
 4.000000e+00 -2.206807e+01  1.220473e+00  1.027271e-02  9.837473e-07 
           bt 
 2.393153e+00 
[1] "Now starting analysis"
[1] "Starting with initial values"
        mu   sigma.sq         bt 
2.02660559 0.01104242 1.00000000 
        step    negloglik           mu     sigma.sq           bt 
  1.00000000 -22.07967529   1.22111668   0.01056118   2.37973877 
        step    negloglik           mu     sigma.sq           bt 
  2.00000000 -22.07967529   1.22111668   0.01056118   2.37973877 
        step    negloglik           mu     sigma.sq           bt 
  3.00000000 -22.07967529   1.22111668   0.01056118   2.37973877 
[1] "Now starting analysis"
[1] "Starting with initial values"
         mu    sigma.sq          SE 
2.026605588 0.011042415 0.005521208 
        step    negloglik           mu     sigma.sq           SE 
1.000000e+00 8.334270e-01 2.493655e+00 9.073007e-03 4.329134e-06 
[1] "New improvement found, resetting step counter"
        step    negloglik           mu     sigma.sq           SE 
2.000000e+00 8.179546e-01 2.431321e+00 9.072994e-03 4.244784e-06 
[1] "New improvement found, resetting step counter"
         step     negloglik            mu      sigma.sq            SE 
 3.000000e+00 -1.462624e+00  2.429766e+00  9.879139e-03  1.192241e-06 
         step     negloglik            mu      sigma.sq            SE 
 4.000000e+00 -1.462624e+00  2.429766e+00  9.879139e-03  1.192241e-06 
[1] "New improvement found, resetting step counter"
         step     negloglik            mu      sigma.sq            SE 
 5.000000e+00 -3.037612e+00  2.434717e+00  1.065217e-02  1.079268e-06 
         step     negloglik            mu      sigma.sq            SE 
 6.000000e+00 -3.037612e+00  2.434717e+00  1.065217e-02  1.079268e-06 
[1] "New improvement found, resetting step counter"
         step     negloglik            mu      sigma.sq            SE 
 7.000000e+00 -3.367457e+00  2.455385e+00  1.085600e-02  2.062584e-06 
         step     negloglik            mu      sigma.sq            SE 
 8.000000e+00 -3.367457e+00  2.455385e+00  1.085600e-02  2.062584e-06 
         step     negloglik            mu      sigma.sq            SE 
 9.000000e+00 -3.367457e+00  2.455385e+00  1.085600e-02  2.062584e-06 
[1] "Now starting analysis"
[1] "Starting with initial values"
        mu   sigma.sq 
2.02660559 0.01104242 
       step   negloglik          mu    sigma.sq 
 1.00000000 -5.74303724  2.42545131  0.01449348 
       step   negloglik          mu    sigma.sq 
 2.00000000 -5.74303724  2.42545131  0.01449348 
       step   negloglik          mu    sigma.sq 
 3.00000000 -5.74303724  2.42545131  0.01449348 
