[1] "args"
[1] "66"   "1541"
[1] "Now starting analysis"
[1] "Starting with initial values"
        mu   sigma.sq         SE         bt         vh 
0.47212571 0.03573405 0.01786702 1.00000000 0.01786702 
         step     negloglik            mu      sigma.sq            SE 
 1.000000e+00 -3.485071e+01  4.511420e-01  1.389121e-02  7.124710e-06 
           bt            vh 
 9.978749e-01  1.096866e-01 
[1] "New improvement found, resetting step counter"
         step     negloglik            mu      sigma.sq            SE 
 2.000000e+00 -3.496106e+01  5.538119e-01  1.389329e-02  9.747486e-06 
           bt            vh 
 9.510810e-01  5.282353e-02 
         step     negloglik            mu      sigma.sq            SE 
 3.000000e+00 -3.496106e+01  5.538119e-01  1.389329e-02  9.747486e-06 
           bt            vh 
 9.510810e-01  5.282353e-02 
         step     negloglik            mu      sigma.sq            SE 
 4.000000e+00 -3.496106e+01  5.538119e-01  1.389329e-02  9.747486e-06 
           bt            vh 
 9.510810e-01  5.282353e-02 
[1] "Now starting analysis"
[1] "Starting with initial values"
        mu   sigma.sq         bt         vh 
0.47212571 0.03573405 1.00000000 0.01786702 
        step    negloglik           mu     sigma.sq           bt           vh 
  1.00000000 -34.86834668   0.47908041   0.01420258   0.97558734   0.08562323 
[1] "New improvement found, resetting step counter"
        step    negloglik           mu     sigma.sq           bt           vh 
  2.00000000 -34.91441774   0.55724965   0.01398678   0.94170755   0.05484165 
        step    negloglik           mu     sigma.sq           bt           vh 
  3.00000000 -34.91441774   0.55724965   0.01398678   0.94170755   0.05484165 
        step    negloglik           mu     sigma.sq           bt           vh 
  4.00000000 -34.91441774   0.55724965   0.01398678   0.94170755   0.05484165 
[1] "Now starting analysis"
[1] "Starting with initial values"
        mu   sigma.sq         SE         vh 
0.47212571 0.03573405 0.01786702 0.01786702 
         step     negloglik            mu      sigma.sq            SE 
 1.000000e+00 -3.489557e+01  5.047149e-01  1.384746e-02  6.613914e-06 
           vh 
 8.092054e-02 
         step     negloglik            mu      sigma.sq            SE 
 2.000000e+00 -3.489557e+01  5.047149e-01  1.384746e-02  6.613914e-06 
           vh 
 8.092054e-02 
         step     negloglik            mu      sigma.sq            SE 
 3.000000e+00 -3.489557e+01  5.047149e-01  1.384746e-02  6.613914e-06 
           vh 
 8.092054e-02 
[1] "Now starting analysis"
[1] "Starting with initial values"
        mu   sigma.sq         vh 
0.47212571 0.03573405 0.01786702 
        step    negloglik           mu     sigma.sq           vh 
  1.00000000 -34.76017356   0.47529709   0.01386249   0.05062088 
[1] "New improvement found, resetting step counter"
        step    negloglik           mu     sigma.sq           vh 
  2.00000000 -34.82871935   0.45933008   0.01423381   0.08218357 
        step    negloglik           mu     sigma.sq           vh 
  3.00000000 -34.82871935   0.45933008   0.01423381   0.08218357 
[1] "New improvement found, but slight; taking the best value, but not resetting the step counter"
        step    negloglik           mu     sigma.sq           vh 
  4.00000000 -34.82944282   0.44283732   0.01380461   0.08598399 
[1] "Now starting analysis"
[1] "Starting with initial values"
        mu   sigma.sq         SE         bt 
0.47212571 0.03573405 0.01786702 1.00000000 
         step     negloglik            mu      sigma.sq            SE 
 1.000000e+00 -3.317395e+01  4.399693e-01  1.565144e-02  6.375596e-06 
           bt 
 8.303420e-01 
[1] "New improvement found, resetting step counter"
         step     negloglik            mu      sigma.sq            SE 
 2.000000e+00 -3.360570e+01  9.347420e-01  1.564624e-02  4.010471e-06 
           bt 
 8.172814e-01 
         step     negloglik            mu      sigma.sq            SE 
 3.000000e+00 -3.360570e+01  9.347420e-01  1.564624e-02  4.010471e-06 
           bt 
 8.172814e-01 
         step     negloglik            mu      sigma.sq            SE 
 4.000000e+00 -3.360570e+01  9.347420e-01  1.564624e-02  4.010471e-06 
           bt 
 8.172814e-01 
[1] "Now starting analysis"
[1] "Starting with initial values"
        mu   sigma.sq         bt 
0.47212571 0.03573405 1.00000000 
        step    negloglik           mu     sigma.sq           bt 
  1.00000000 -33.36337298   0.60076835   0.01570359   0.81938218 
[1] "New improvement found, resetting step counter"
        step    negloglik           mu     sigma.sq           bt 
  2.00000000 -33.56402975   0.90853521   0.01521953   0.81431702 
        step    negloglik           mu     sigma.sq           bt 
  3.00000000 -33.56402975   0.90853521   0.01521953   0.81431702 
        step    negloglik           mu     sigma.sq           bt 
  4.00000000 -33.56402975   0.90853521   0.01521953   0.81431702 
[1] "Now starting analysis"
[1] "Starting with initial values"
        mu   sigma.sq         SE 
0.47212571 0.03573405 0.01786702 
         step     negloglik            mu      sigma.sq            SE 
 1.000000e+00 -2.860212e+01  5.030958e-01  1.699733e-02  7.023081e-06 
         step     negloglik            mu      sigma.sq            SE 
 2.000000e+00 -2.860212e+01  5.030958e-01  1.699733e-02  7.023081e-06 
         step     negloglik            mu      sigma.sq            SE 
 3.000000e+00 -2.860212e+01  5.030958e-01  1.699733e-02  7.023081e-06 
[1] "Now starting analysis"
[1] "Starting with initial values"
        mu   sigma.sq 
0.47212571 0.03573405 
        step    negloglik           mu     sigma.sq 
  1.00000000 -28.56960451   0.47895660   0.01697178 
        step    negloglik           mu     sigma.sq 
  2.00000000 -28.56960451   0.47895660   0.01697178 
        step    negloglik           mu     sigma.sq 
  3.00000000 -28.56960451   0.47895660   0.01697178 
