Registered S3 method overwritten by 'geiger':
  method            from
  unique.multiPhylo ape 
Error in stats::optim(par = starting.values, fn = TryComputeLikelihood,  : 
  non-finite value supplied by optim
Calls: DoRunTemplated -> <Anonymous> -> OptimizeThoroughly -> <Anonymous>
In addition: Warning messages:
1: In ScaleAllEdges(phy.graph = phy.graph, sigma.sq = sigma.sq, mu = mu,  :
  Some of the edges were negative in length. If this is tiny, don't worry about it; if not, do. The negative edge with largest magnitude was -4.2227639295918. We are converting all of the negative edges to zero length.
2: In ScaleAllEdges(phy.graph = phy.graph, sigma.sq = sigma.sq, mu = mu,  :
  Some of the edges were negative in length. If this is tiny, don't worry about it; if not, do. The negative edge with largest magnitude was -1.89554409689035. We are converting all of the negative edges to zero length.
3: In ScaleAllEdges(phy.graph = phy.graph, sigma.sq = sigma.sq, mu = mu,  :
  Some of the edges were negative in length. If this is tiny, don't worry about it; if not, do. The negative edge with largest magnitude was -0.685389783885603. We are converting all of the negative edges to zero length.
4: In ScaleAllEdges(phy.graph = phy.graph, sigma.sq = sigma.sq, mu = mu,  :
  Some of the edges were negative in length. If this is tiny, don't worry about it; if not, do. The negative edge with largest magnitude was -0.114755480907209. We are converting all of the negative edges to zero length.
5: In ScaleAllEdges(phy.graph = phy.graph, sigma.sq = sigma.sq, mu = mu,  :
  Some of the edges were negative in length. If this is tiny, don't worry about it; if not, do. The negative edge with largest magnitude was -5.86483561618077. We are converting all of the negative edges to zero length.
6: In ScaleAllEdges(phy.graph = phy.graph, sigma.sq = sigma.sq, mu = mu,  :
  Some of the edges were negative in length. If this is tiny, don't worry about it; if not, do. The negative edge with largest magnitude was -2.7522792229314. We are converting all of the negative edges to zero length.
7: In ScaleAllEdges(phy.graph = phy.graph, sigma.sq = sigma.sq, mu = mu,  :
  Some of the edges were negative in length. If this is tiny, don't worry about it; if not, do. The negative edge with largest magnitude was -1.13374989844172. We are converting all of the negative edges to zero length.
8: In ScaleAllEdges(phy.graph = phy.graph, sigma.sq = sigma.sq, mu = mu,  :
  Some of the edges were negative in length. If this is tiny, don't worry about it; if not, do. The negative edge with largest magnitude was -0.370551070816973. We are converting all of the negative edges to zero length.
9: In ScaleAllEdges(phy.graph = phy.graph, sigma.sq = sigma.sq, mu = mu,  :
  Some of the edges were negative in length. If this is tiny, don't worry about it; if not, do. The negative edge with largest magnitude was -0.00435258603839696. We are converting all of the negative edges to zero length.
10: In stats::runif(length(starting.values), min = starting.values -  :
  NAs produced
Execution halted
