000 (066.1506.000) 07/26 17:14:46 Job submitted from host: <160.36.155.106:9618?addrs=160.36.155.106-9618&noUDP&sock=27742_4872_4>
...
012 (066.1506.000) 08/03 14:17:16 Job was held.
	via condor_hold (by user bomeara)
	Code 1 Subcode 0
...
013 (066.1506.000) 08/05 22:28:03 Job was released.
	via condor_release (by user bomeara)
...
012 (066.1506.000) 08/09 10:36:11 Job was held.
	via condor_hold (by user bomeara)
	Code 1 Subcode 0
...
013 (066.1506.000) 08/09 13:05:22 Job was released.
	via condor_release (by user bomeara)
...
001 (066.1506.000) 09/16 14:17:27 Job executing on host: <10.129.167.211:9618?addrs=10.129.167.211-9618&noUDP&sock=2505_ccd4_4>
...
006 (066.1506.000) 09/16 14:17:36 Image size of job updated: 227240
	222  -  MemoryUsage of job (MB)
	227240  -  ResidentSetSize of job (KB)
...
006 (066.1506.000) 09/16 14:52:40 Image size of job updated: 230872
	226  -  MemoryUsage of job (MB)
	230872  -  ResidentSetSize of job (KB)
...
006 (066.1506.000) 09/16 15:37:45 Image size of job updated: 232048
	227  -  MemoryUsage of job (MB)
	232048  -  ResidentSetSize of job (KB)
...
005 (066.1506.000) 09/16 15:46:46 Job terminated.
	(1) Normal termination (return value 0)
		Usr 0 01:29:09, Sys 0 00:00:01  -  Run Remote Usage
		Usr 0 00:00:00, Sys 0 00:00:00  -  Run Local Usage
		Usr 0 01:29:09, Sys 0 00:00:01  -  Total Remote Usage
		Usr 0 00:00:00, Sys 0 00:00:00  -  Total Local Usage
	27753  -  Run Bytes Sent By Job
	2422  -  Run Bytes Received By Job
	27753  -  Total Bytes Sent By Job
	2422  -  Total Bytes Received By Job
	Partitionable Resources :    Usage  Request Allocated 
	   Cpus                 :     1.00        1         1 
	   Disk (KB)            :    45           4    892254 
	   Memory (MB)          :   227           1       128 
...
