000 (066.897.000) 07/26 17:14:46 Job submitted from host: <160.36.155.106:9618?addrs=160.36.155.106-9618&noUDP&sock=27742_4872_4>
...
012 (066.897.000) 08/03 14:16:46 Job was held.
	via condor_hold (by user bomeara)
	Code 1 Subcode 0
...
013 (066.897.000) 08/05 22:27:32 Job was released.
	via condor_release (by user bomeara)
...
012 (066.897.000) 08/09 10:35:30 Job was held.
	via condor_hold (by user bomeara)
	Code 1 Subcode 0
...
013 (066.897.000) 08/09 13:04:51 Job was released.
	via condor_release (by user bomeara)
...
001 (066.897.000) 08/12 16:55:00 Job executing on host: <160.36.154.249:9618?addrs=160.36.154.249-9618&noUDP&sock=66431_b80f_4>
...
006 (066.897.000) 08/12 16:55:09 Image size of job updated: 243184
	238  -  MemoryUsage of job (MB)
	243184  -  ResidentSetSize of job (KB)
...
006 (066.897.000) 08/12 17:00:09 Image size of job updated: 249020
	244  -  MemoryUsage of job (MB)
	249020  -  ResidentSetSize of job (KB)
...
006 (066.897.000) 08/12 17:10:10 Image size of job updated: 249032
	244  -  MemoryUsage of job (MB)
	249032  -  ResidentSetSize of job (KB)
...
022 (066.897.000) 08/14 14:07:46 Job disconnected, attempting to reconnect
    Local schedd and job shadow died, schedd now running again
    Trying to reconnect to slot1_6@omearashiny1 <160.36.154.249:9618?addrs=160.36.154.249-9618&noUDP&sock=66431_b80f_4>
...
023 (066.897.000) 08/14 14:07:52 Job reconnected to slot1_6@omearashiny1
    startd address: <160.36.154.249:9618?addrs=160.36.154.249-9618&noUDP&sock=66431_b80f_4>
    starter address: <160.36.154.249:9618?addrs=160.36.154.249-9618&noUDP&sock=66529_72ea_446>
...
005 (066.897.000) 08/22 13:06:29 Job terminated.
	(1) Normal termination (return value 0)
		Usr 9 19:39:13, Sys 0 00:02:55  -  Run Remote Usage
		Usr 0 00:00:00, Sys 0 00:00:00  -  Run Local Usage
		Usr 9 19:39:13, Sys 0 00:02:55  -  Total Remote Usage
		Usr 0 00:00:00, Sys 0 00:00:00  -  Total Local Usage
	33918  -  Run Bytes Sent By Job
	0  -  Run Bytes Received By Job
	33918  -  Total Bytes Sent By Job
	2422  -  Total Bytes Received By Job
	Partitionable Resources :    Usage  Request Allocated 
	   Cpus                 :     0.99        1         1 
	   Disk (KB)            :    51          51    202517 
	   Memory (MB)          :   245         245       128 
...
