000 (066.1680.000) 07/26 17:14:46 Job submitted from host: <160.36.155.106:9618?addrs=160.36.155.106-9618&noUDP&sock=27742_4872_4>
...
012 (066.1680.000) 08/03 14:17:25 Job was held.
	via condor_hold (by user bomeara)
	Code 1 Subcode 0
...
013 (066.1680.000) 08/05 22:28:12 Job was released.
	via condor_release (by user bomeara)
...
012 (066.1680.000) 08/09 10:36:22 Job was held.
	via condor_hold (by user bomeara)
	Code 1 Subcode 0
...
013 (066.1680.000) 08/09 13:05:31 Job was released.
	via condor_release (by user bomeara)
...
012 (066.1680.000) 09/23 13:38:15 Job was held.
	via condor_hold (by user bomeara)
	Code 1 Subcode 0
...
013 (066.1680.000) 09/24 14:50:05 Job was released.
	via condor_release (by user bomeara)
...
001 (066.1680.000) 09/28 17:00:43 Job executing on host: <10.129.167.211:9618?addrs=10.129.167.211-9618&noUDP&sock=2357_48d0_4>
...
006 (066.1680.000) 09/28 17:00:51 Image size of job updated: 219460
	215  -  MemoryUsage of job (MB)
	219460  -  ResidentSetSize of job (KB)
...
006 (066.1680.000) 09/28 17:05:51 Image size of job updated: 227752
	223  -  MemoryUsage of job (MB)
	227752  -  ResidentSetSize of job (KB)
...
006 (066.1680.000) 09/28 17:45:54 Image size of job updated: 227852
	223  -  MemoryUsage of job (MB)
	227852  -  ResidentSetSize of job (KB)
...
005 (066.1680.000) 09/28 19:09:26 Job terminated.
	(1) Normal termination (return value 0)
		Usr 0 02:08:29, Sys 0 00:00:02  -  Run Remote Usage
		Usr 0 00:00:00, Sys 0 00:00:00  -  Run Local Usage
		Usr 0 02:08:29, Sys 0 00:00:02  -  Total Remote Usage
		Usr 0 00:00:00, Sys 0 00:00:00  -  Total Local Usage
	28286  -  Run Bytes Sent By Job
	2422  -  Run Bytes Received By Job
	28286  -  Total Bytes Sent By Job
	2422  -  Total Bytes Received By Job
	Partitionable Resources :    Usage  Request Allocated 
	   Cpus                 :     1.00        1         1 
	   Disk (KB)            :    46           4    891850 
	   Memory (MB)          :   223           1       128 
...
