[1] "args"
[1] "66"   "1482"
[1] "Now starting analysis"
[1] "Starting with initial values"
        mu   sigma.sq         SE         bt         vh 
0.92023231 0.06277264 0.03138632 1.00000000 0.03138632 
       step   negloglik          mu    sigma.sq          SE          bt 
 1.00000000 15.09668428  1.02167569  0.01369475  0.07298636  1.37107362 
         vh 
 0.06371312 
[1] "New improvement found, resetting step counter"
        step    negloglik           mu     sigma.sq           SE           bt 
 2.000000000 13.807229065  0.083736901  0.009131685  0.072078367  4.530274948 
          vh 
 0.222018709 
[1] "New improvement found, resetting step counter"
        step    negloglik           mu     sigma.sq           SE           bt 
 3.000000000 13.529370478  0.002809668  0.007378268  0.072363791  5.447157598 
          vh 
 0.002994207 
        step    negloglik           mu     sigma.sq           SE           bt 
 4.000000000 13.529370478  0.002809668  0.007378268  0.072363791  5.447157598 
          vh 
 0.002994207 
[1] "New improvement found, but slight; taking the best value, but not resetting the step counter"
        step    negloglik           mu     sigma.sq           SE           bt 
 5.000000000 13.527525259 -0.005180837  0.007643874  0.071963621  6.516753351 
          vh 
 0.001973568 
[1] "Now starting analysis"
[1] "Starting with initial values"
        mu   sigma.sq         bt         vh 
0.92023231 0.06277264 1.00000000 0.03138632 
       step   negloglik          mu    sigma.sq          bt          vh 
 1.00000000 19.12179634  0.10490350  0.05972639  3.92668563  0.02062149 
[1] "New improvement found, resetting step counter"
       step   negloglik          mu    sigma.sq          bt          vh 
 2.00000000 19.11048020  0.10490350  0.05972639  4.31935419  0.02062149 
       step   negloglik          mu    sigma.sq          bt          vh 
 3.00000000 19.11048020  0.10490350  0.05972639  4.31935419  0.02062149 
       step   negloglik          mu    sigma.sq          bt          vh 
 4.00000000 19.11048020  0.10490350  0.05972639  4.31935419  0.02062149 
[1] "Now starting analysis"
[1] "Starting with initial values"
        mu   sigma.sq         SE         vh 
0.92023231 0.06277264 0.03138632 0.03138632 
       step   negloglik          mu    sigma.sq          SE          vh 
 1.00000000 15.39846819  0.96575275  0.01566516  0.05962941  0.09324560 
[1] "New improvement found, resetting step counter"
       step   negloglik          mu    sigma.sq          SE          vh 
 2.00000000 15.13598811  0.37692977  0.01019278  0.07013532  0.96988360 
[1] "New improvement found, resetting step counter"
       step   negloglik          mu    sigma.sq          SE          vh 
 3.00000000 15.11495509  0.21830841  0.01289234  0.06428026  1.73199127 
[1] "New improvement found, resetting step counter"
       step   negloglik          mu    sigma.sq          SE          vh 
 4.00000000 15.06095133  0.25903437  0.01084749  0.06916281  2.00315401 
       step   negloglik          mu    sigma.sq          SE          vh 
 5.00000000 15.06095133  0.25903437  0.01084749  0.06916281  2.00315401 
       step   negloglik          mu    sigma.sq          SE          vh 
 6.00000000 15.06095133  0.25903437  0.01084749  0.06916281  2.00315401 
[1] "Now starting analysis"
[1] "Starting with initial values"
        mu   sigma.sq         vh 
0.92023231 0.06277264 0.03138632 
       step   negloglik          mu    sigma.sq          vh 
 1.00000000 19.45562387  1.01225554  0.06277264  0.03138632 
       step   negloglik          mu    sigma.sq          vh 
 2.00000000 19.45562387  1.01225554  0.06277264  0.03138632 
       step   negloglik          mu    sigma.sq          vh 
 3.00000000 19.45562387  1.01225554  0.06277264  0.03138632 
[1] "Now starting analysis"
[1] "Starting with initial values"
        mu   sigma.sq         SE         bt 
0.92023231 0.06277264 0.03138632 1.00000000 
       step   negloglik          mu    sigma.sq          SE          bt 
 1.00000000 14.70475133  0.99385594  0.01304901  0.05752485  1.93818082 
[1] "New improvement found, resetting step counter"
        step    negloglik           mu     sigma.sq           SE           bt 
 2.000000000 13.619434275  0.193163034  0.008508903  0.078253469  4.154763221 
[1] "New improvement found, resetting step counter"
        step    negloglik           mu     sigma.sq           SE           bt 
 3.000000000 13.600136337  0.029790189  0.008782216  0.067565652  4.589978057 
[1] "New improvement found, but slight; taking the best value, but not resetting the step counter"
        step    negloglik           mu     sigma.sq           SE           bt 
 4.000000000 13.593352987  0.196219121  0.008950173  0.074426113  4.260082876 
[1] "New improvement found, resetting step counter"
        step    negloglik           mu     sigma.sq           SE           bt 
 5.000000000 13.506954020  0.029879549  0.007670458  0.072785781  5.492061379 
        step    negloglik           mu     sigma.sq           SE           bt 
 6.000000000 13.506954020  0.029879549  0.007670458  0.072785781  5.492061379 
        step    negloglik           mu     sigma.sq           SE           bt 
 7.000000000 13.506954020  0.029879549  0.007670458  0.072785781  5.492061379 
[1] "Now starting analysis"
[1] "Starting with initial values"
        mu   sigma.sq         bt 
0.92023231 0.06277264 1.00000000 
       step   negloglik          mu    sigma.sq          bt 
 1.00000000 19.09585960  0.09857593  0.06354424  5.20180041 
[1] "New improvement found, but slight; taking the best value, but not resetting the step counter"
       step   negloglik          mu    sigma.sq          bt 
 2.00000000 19.09513918 -0.07414010  0.06151229  5.54926442 
[1] "New improvement found, but slight; taking the best value, but not resetting the step counter"
       step   negloglik          mu    sigma.sq          bt 
 3.00000000 19.09036438  0.03043154  0.06234241  5.38705004 
[1] "Now starting analysis"
[1] "Starting with initial values"
        mu   sigma.sq         SE 
0.92023231 0.06277264 0.03138632 
       step   negloglik          mu    sigma.sq          SE 
 1.00000000 15.44048263  1.00271472  0.01594723  0.06134679 
[1] "New improvement found, but slight; taking the best value, but not resetting the step counter"
       step   negloglik          mu    sigma.sq          SE 
 2.00000000 15.44031464  0.98777405  0.01602682  0.05772471 
       step   negloglik          mu    sigma.sq          SE 
 3.00000000 15.44031464  0.98777405  0.01602682  0.05772471 
[1] "Now starting analysis"
[1] "Starting with initial values"
        mu   sigma.sq 
0.92023231 0.06277264 
       step   negloglik          mu    sigma.sq 
 1.00000000 19.45093794  1.01225554  0.06277264 
       step   negloglik          mu    sigma.sq 
 2.00000000 19.45093794  1.01225554  0.06277264 
       step   negloglik          mu    sigma.sq 
 3.00000000 19.45093794  1.01225554  0.06277264 
