000 (066.854.000) 07/26 17:14:46 Job submitted from host: <160.36.155.106:9618?addrs=160.36.155.106-9618&noUDP&sock=27742_4872_4>
...
012 (066.854.000) 08/03 14:16:43 Job was held.
	via condor_hold (by user bomeara)
	Code 1 Subcode 0
...
013 (066.854.000) 08/05 22:27:29 Job was released.
	via condor_release (by user bomeara)
...
012 (066.854.000) 08/09 10:35:28 Job was held.
	via condor_hold (by user bomeara)
	Code 1 Subcode 0
...
013 (066.854.000) 08/09 13:04:48 Job was released.
	via condor_release (by user bomeara)
...
001 (066.854.000) 08/11 16:10:26 Job executing on host: <10.129.167.211:9618?addrs=10.129.167.211-9618&noUDP&sock=2331_7359_4>
...
006 (066.854.000) 08/11 16:10:35 Image size of job updated: 220512
	216  -  MemoryUsage of job (MB)
	220512  -  ResidentSetSize of job (KB)
...
006 (066.854.000) 08/11 16:15:36 Image size of job updated: 229212
	224  -  MemoryUsage of job (MB)
	229212  -  ResidentSetSize of job (KB)
...
006 (066.854.000) 08/11 23:11:10 Image size of job updated: 435640
	224  -  MemoryUsage of job (MB)
	229212  -  ResidentSetSize of job (KB)
...
005 (066.854.000) 08/11 23:11:10 Job terminated.
	(1) Normal termination (return value 0)
		Usr 0 07:00:15, Sys 0 00:00:02  -  Run Remote Usage
		Usr 0 00:00:00, Sys 0 00:00:00  -  Run Local Usage
		Usr 0 07:00:15, Sys 0 00:00:02  -  Total Remote Usage
		Usr 0 00:00:00, Sys 0 00:00:00  -  Total Local Usage
	28843  -  Run Bytes Sent By Job
	2422  -  Run Bytes Received By Job
	28843  -  Total Bytes Sent By Job
	2422  -  Total Bytes Received By Job
	Partitionable Resources :    Usage  Request Allocated 
	   Cpus                 :     1.00        1         1 
	   Disk (KB)            :    46           4    891902 
	   Memory (MB)          :   224           1       128 
...
