000 (066.1074.000) 07/26 17:14:46 Job submitted from host: <160.36.155.106:9618?addrs=160.36.155.106-9618&noUDP&sock=27742_4872_4>
...
012 (066.1074.000) 08/03 14:16:55 Job was held.
	via condor_hold (by user bomeara)
	Code 1 Subcode 0
...
013 (066.1074.000) 08/05 22:27:42 Job was released.
	via condor_release (by user bomeara)
...
012 (066.1074.000) 08/09 10:35:42 Job was held.
	via condor_hold (by user bomeara)
	Code 1 Subcode 0
...
013 (066.1074.000) 08/09 13:05:00 Job was released.
	via condor_release (by user bomeara)
...
001 (066.1074.000) 08/24 05:24:19 Job executing on host: <10.130.28.84:9618?addrs=10.130.28.84-9618&noUDP&sock=69176_8f87_4>
...
006 (066.1074.000) 08/24 05:24:28 Image size of job updated: 232028
	227  -  MemoryUsage of job (MB)
	232028  -  ResidentSetSize of job (KB)
...
005 (066.1074.000) 08/24 06:09:09 Job terminated.
	(1) Normal termination (return value 0)
		Usr 0 00:44:44, Sys 0 00:00:00  -  Run Remote Usage
		Usr 0 00:00:00, Sys 0 00:00:00  -  Run Local Usage
		Usr 0 00:44:44, Sys 0 00:00:00  -  Total Remote Usage
		Usr 0 00:00:00, Sys 0 00:00:00  -  Total Local Usage
	28827  -  Run Bytes Sent By Job
	2422  -  Run Bytes Received By Job
	28827  -  Total Bytes Sent By Job
	2422  -  Total Bytes Received By Job
	Partitionable Resources :    Usage  Request Allocated 
	   Cpus                 :     1.00        1         1 
	   Disk (KB)            :    46           4    891527 
	   Memory (MB)          :   227           1       128 
...
