[1] "args"
[1] "66"  "636"
[1] "Now starting analysis"
[1] "Starting with initial values"
       mu  sigma.sq        SE        bt        vh 
0.6062068 0.9479578 0.4739789 1.0000000 0.4739789 
       step   negloglik          mu    sigma.sq          SE          bt 
 1.00000000 16.27638463  0.81593168  0.00916489  0.07490140  1.60351540 
         vh 
 0.71068219 
[1] "New improvement found, resetting step counter"
        step    negloglik           mu     sigma.sq           SE           bt 
 2.000000000 15.188466471  0.621967677  0.008731852  0.076169923  1.615351914 
          vh 
 0.000814202 
        step    negloglik           mu     sigma.sq           SE           bt 
 3.000000000 15.188466471  0.621967677  0.008731852  0.076169923  1.615351914 
          vh 
 0.000814202 
        step    negloglik           mu     sigma.sq           SE           bt 
 4.000000000 15.188466471  0.621967677  0.008731852  0.076169923  1.615351914 
          vh 
 0.000814202 
[1] "Now starting analysis"
[1] "Starting with initial values"
       mu  sigma.sq        bt        vh 
0.6062068 0.9479578 1.0000000 0.4739789 
      step  negloglik         mu   sigma.sq         bt         vh 
 1.0000000 60.0174546  0.6062068  0.9479578  1.1000000  0.4739789 
[1] "New improvement found, but slight; taking the best value, but not resetting the step counter"
      step  negloglik         mu   sigma.sq         bt         vh 
 2.0000000 60.0144364  0.6062068  0.9479578  1.2100000  0.4739789 
      step  negloglik         mu   sigma.sq         bt         vh 
 3.0000000 60.0144364  0.6062068  0.9479578  1.2100000  0.4739789 
[1] "Now starting analysis"
[1] "Starting with initial values"
       mu  sigma.sq        SE        vh 
0.6062068 0.9479578 0.4739789 0.4739789 
       step   negloglik          mu    sigma.sq          SE          vh 
 1.00000000 17.32403847  1.12922261  0.01063440  0.07991188  1.62610795 
[1] "New improvement found, resetting step counter"
        step    negloglik           mu     sigma.sq           SE           vh 
 2.000000000 16.051945308  0.628857886  0.008222118  0.088430691  0.163471474 
[1] "New improvement found, resetting step counter"
        step    negloglik           mu     sigma.sq           SE           vh 
 3.000000000 15.953765056  0.643690311  0.009609999  0.075449996  0.107993533 
        step    negloglik           mu     sigma.sq           SE           vh 
 4.000000000 15.953765056  0.643690311  0.009609999  0.075449996  0.107993533 
        step    negloglik           mu     sigma.sq           SE           vh 
 5.000000000 15.953765056  0.643690311  0.009609999  0.075449996  0.107993533 
[1] "Now starting analysis"
[1] "Starting with initial values"
       mu  sigma.sq        vh 
0.6062068 0.9479578 0.4739789 
      step  negloglik         mu   sigma.sq         vh 
 1.0000000 60.0209193  0.7010026  0.9479578  0.4739789 
      step  negloglik         mu   sigma.sq         vh 
 2.0000000 60.0209193  0.7010026  0.9479578  0.4739789 
      step  negloglik         mu   sigma.sq         vh 
 3.0000000 60.0209193  0.7010026  0.9479578  0.4739789 
[1] "Now starting analysis"
[1] "Starting with initial values"
       mu  sigma.sq        SE        bt 
0.6062068 0.9479578 0.4739789 1.0000000 
       step   negloglik          mu    sigma.sq          SE          bt 
 1.00000000 16.28791873  1.19543634  0.01081806  0.08606493  1.51571134 
[1] "New improvement found, resetting step counter"
        step    negloglik           mu     sigma.sq           SE           bt 
 2.000000000 15.186357360  0.601336518  0.008132239  0.077808695  1.633267445 
[1] "New improvement found, but slight; taking the best value, but not resetting the step counter"
        step    negloglik           mu     sigma.sq           SE           bt 
 3.000000000 15.185173864  0.654859982  0.007935623  0.076051812  1.575121340 
[1] "New improvement found, but slight; taking the best value, but not resetting the step counter"
       step   negloglik          mu    sigma.sq          SE          bt 
 4.00000000 15.18441126  0.62239717  0.00823973  0.07451659  1.58203123 
[1] "Now starting analysis"
[1] "Starting with initial values"
       mu  sigma.sq        bt 
0.6062068 0.9479578 1.0000000 
      step  negloglik         mu   sigma.sq         bt 
 1.0000000 59.9903792  0.6062068  0.9479578  1.1000000 
[1] "New improvement found, but slight; taking the best value, but not resetting the step counter"
      step  negloglik         mu   sigma.sq         bt 
 2.0000000 59.9871909  0.6062068  0.9479578  1.2100000 
      step  negloglik         mu   sigma.sq         bt 
 3.0000000 59.9871909  0.6062068  0.9479578  1.2100000 
[1] "Now starting analysis"
[1] "Starting with initial values"
       mu  sigma.sq        SE 
0.6062068 0.9479578 0.4739789 
       step   negloglik          mu    sigma.sq          SE 
 1.00000000 16.01662696  0.64916599  0.00953305  0.08128520 
[1] "New improvement found, resetting step counter"
        step    negloglik           mu     sigma.sq           SE 
 2.000000000 15.988743440  0.739374134  0.009889767  0.073623114 
[1] "New improvement found, but slight; taking the best value, but not resetting the step counter"
        step    negloglik           mu     sigma.sq           SE 
 3.000000000 15.985398312  0.724519485  0.009345556  0.077991070 
[1] "New improvement found, but slight; taking the best value, but not resetting the step counter"
        step    negloglik           mu     sigma.sq           SE 
 4.000000000 15.984948319  0.703626192  0.009859836  0.075879537 
[1] "Now starting analysis"
[1] "Starting with initial values"
       mu  sigma.sq 
0.6062068 0.9479578 
      step  negloglik         mu   sigma.sq 
 1.0000000 59.9940323  0.7010026  0.9479578 
      step  negloglik         mu   sigma.sq 
 2.0000000 59.9940323  0.7010026  0.9479578 
      step  negloglik         mu   sigma.sq 
 3.0000000 59.9940323  0.7010026  0.9479578 
