000 (066.511.000) 07/26 17:14:46 Job submitted from host: <160.36.155.106:9618?addrs=160.36.155.106-9618&noUDP&sock=27742_4872_4>
...
001 (066.511.000) 08/01 16:52:24 Job executing on host: <10.128.213.253:9618?addrs=10.128.213.253-9618&noUDP&sock=68980_1ef7_4>
...
006 (066.511.000) 08/01 16:52:32 Image size of job updated: 234140
	229  -  MemoryUsage of job (MB)
	234140  -  ResidentSetSize of job (KB)
...
006 (066.511.000) 08/01 16:57:32 Image size of job updated: 251516
	246  -  MemoryUsage of job (MB)
	251516  -  ResidentSetSize of job (KB)
...
005 (066.511.000) 08/02 08:29:29 Job terminated.
	(1) Normal termination (return value 0)
		Usr 0 15:35:45, Sys 0 00:00:03  -  Run Remote Usage
		Usr 0 00:00:00, Sys 0 00:00:00  -  Run Local Usage
		Usr 0 15:35:45, Sys 0 00:00:03  -  Total Remote Usage
		Usr 0 00:00:00, Sys 0 00:00:00  -  Total Local Usage
	32612  -  Run Bytes Sent By Job
	2422  -  Run Bytes Received By Job
	32612  -  Total Bytes Sent By Job
	2422  -  Total Bytes Received By Job
	Partitionable Resources :    Usage  Request Allocated 
	   Cpus                 :     1.00        1         1 
	   Disk (KB)            :    50           4    892965 
	   Memory (MB)          :   246           1       128 
...
