000 (066.1078.000) 07/26 17:14:46 Job submitted from host: <160.36.155.106:9618?addrs=160.36.155.106-9618&noUDP&sock=27742_4872_4>
...
012 (066.1078.000) 08/03 14:16:55 Job was held.
	via condor_hold (by user bomeara)
	Code 1 Subcode 0
...
013 (066.1078.000) 08/05 22:27:42 Job was released.
	via condor_release (by user bomeara)
...
012 (066.1078.000) 08/09 10:35:42 Job was held.
	via condor_hold (by user bomeara)
	Code 1 Subcode 0
...
013 (066.1078.000) 08/09 13:05:00 Job was released.
	via condor_release (by user bomeara)
...
001 (066.1078.000) 08/24 08:37:24 Job executing on host: <10.130.210.206:9618?addrs=10.130.210.206-9618&noUDP&sock=76684_6c96_4>
...
006 (066.1078.000) 08/24 08:37:33 Image size of job updated: 220336
	216  -  MemoryUsage of job (MB)
	220336  -  ResidentSetSize of job (KB)
...
006 (066.1078.000) 08/24 08:47:35 Image size of job updated: 224520
	220  -  MemoryUsage of job (MB)
	224520  -  ResidentSetSize of job (KB)
...
006 (066.1078.000) 08/24 09:02:36 Image size of job updated: 224536
	220  -  MemoryUsage of job (MB)
	224536  -  ResidentSetSize of job (KB)
...
006 (066.1078.000) 08/29 00:19:05 Image size of job updated: 224888
	220  -  MemoryUsage of job (MB)
	224888  -  ResidentSetSize of job (KB)
...
006 (066.1078.000) 08/31 07:04:34 Image size of job updated: 232560
	228  -  MemoryUsage of job (MB)
	232560  -  ResidentSetSize of job (KB)
...
005 (066.1078.000) 09/04 22:20:11 Job terminated.
	(1) Normal termination (return value 0)
		Usr 11 13:20:51, Sys 0 00:01:47  -  Run Remote Usage
		Usr 0 00:00:00, Sys 0 00:00:00  -  Run Local Usage
		Usr 11 13:20:51, Sys 0 00:01:47  -  Total Remote Usage
		Usr 0 00:00:00, Sys 0 00:00:00  -  Total Local Usage
	29192  -  Run Bytes Sent By Job
	2422  -  Run Bytes Received By Job
	29192  -  Total Bytes Sent By Job
	2422  -  Total Bytes Received By Job
	Partitionable Resources :    Usage  Request Allocated 
	   Cpus                 :     1.00        1         1 
	   Disk (KB)            :    47           4    813884 
	   Memory (MB)          :   228           1       128 
...
