[1] "args"
[1] "66"  "591"
[1] "Now starting analysis"
[1] "Starting with initial values"
         mu    sigma.sq          SE          bt          vh 
1.252827867 0.010030087 0.005015043 1.000000000 0.005015043 
         step     negloglik            mu      sigma.sq            SE 
 1.000000e+00 -3.823958e+01  1.568741e+00  9.828143e-03  4.200320e-05 
           bt            vh 
 8.101810e-01  3.194478e-04 
         step     negloglik            mu      sigma.sq            SE 
 2.000000e+00 -3.823958e+01  1.568741e+00  9.828143e-03  4.200320e-05 
           bt            vh 
 8.101810e-01  3.194478e-04 
         step     negloglik            mu      sigma.sq            SE 
 3.000000e+00 -3.823958e+01  1.568741e+00  9.828143e-03  4.200320e-05 
           bt            vh 
 8.101810e-01  3.194478e-04 
[1] "Now starting analysis"
[1] "Starting with initial values"
         mu    sigma.sq          bt          vh 
1.252827867 0.010030087 1.000000000 0.005015043 
         step     negloglik            mu      sigma.sq            bt 
 1.000000e+00 -3.811049e+01  1.358348e+00  9.999758e-03  8.453690e-01 
           vh 
 2.156654e-04 
[1] "New improvement found, resetting step counter"
         step     negloglik            mu      sigma.sq            bt 
 2.000000e+00 -3.814106e+01  1.494182e+00  9.999758e-03  8.453690e-01 
           vh 
 2.156654e-04 
[1] "New improvement found, resetting step counter"
         step     negloglik            mu      sigma.sq            bt 
 3.000000e+00 -3.818707e+01  1.471734e+00  9.711469e-03  8.011575e-01 
           vh 
 4.020107e-04 
[1] "New improvement found, resetting step counter"
         step     negloglik            mu      sigma.sq            bt 
 4.000000e+00 -3.822359e+01  1.544960e+00  9.826313e-03  8.009665e-01 
           vh 
 1.749148e-04 
         step     negloglik            mu      sigma.sq            bt 
 5.000000e+00 -3.822359e+01  1.544960e+00  9.826313e-03  8.009665e-01 
           vh 
 1.749148e-04 
         step     negloglik            mu      sigma.sq            bt 
 6.000000e+00 -3.822359e+01  1.544960e+00  9.826313e-03  8.009665e-01 
           vh 
 1.749148e-04 
[1] "Now starting analysis"
[1] "Starting with initial values"
         mu    sigma.sq          SE          vh 
1.252827867 0.010030087 0.005015043 0.005015043 
         step     negloglik            mu      sigma.sq            SE 
 1.000000e+00 -3.697140e+01  1.311276e+00  9.927859e-03  3.623144e-05 
           vh 
 6.273011e-02 
[1] "New improvement found, resetting step counter"
         step     negloglik            mu      sigma.sq            SE 
 2.000000e+00 -3.699058e+01  1.265589e+00  9.944244e-03  6.118182e-05 
           vh 
 5.277078e-02 
[1] "New improvement found, resetting step counter"
         step     negloglik            mu      sigma.sq            SE 
 3.000000e+00 -3.700853e+01  1.187483e+00  9.895446e-03  3.952545e-05 
           vh 
 5.811541e-02 
         step     negloglik            mu      sigma.sq            SE 
 4.000000e+00 -3.700853e+01  1.187483e+00  9.895446e-03  3.952545e-05 
           vh 
 5.811541e-02 
         step     negloglik            mu      sigma.sq            SE 
 5.000000e+00 -3.700853e+01  1.187483e+00  9.895446e-03  3.952545e-05 
           vh 
 5.811541e-02 
[1] "Now starting analysis"
[1] "Starting with initial values"
         mu    sigma.sq          vh 
1.252827867 0.010030087 0.005015043 
         step     negloglik            mu      sigma.sq            vh 
  1.000000000 -36.959846382   1.252827867   0.010030087   0.005015043 
         step     negloglik            mu      sigma.sq            vh 
  2.000000000 -36.959846382   1.252827867   0.010030087   0.005015043 
         step     negloglik            mu      sigma.sq            vh 
  3.000000000 -36.959846382   1.252827867   0.010030087   0.005015043 
[1] "Now starting analysis"
[1] "Starting with initial values"
         mu    sigma.sq          SE          bt 
1.252827867 0.010030087 0.005015043 1.000000000 
         step     negloglik            mu      sigma.sq            SE 
 1.000000e+00 -3.815139e+01  1.358633e+00  9.864815e-03  3.885431e-05 
           bt 
 8.250867e-01 
[1] "New improvement found, resetting step counter"
         step     negloglik            mu      sigma.sq            SE 
 2.000000e+00 -3.824012e+01  1.495611e+00  9.858769e-03  3.207937e-05 
           bt 
 8.143788e-01 
         step     negloglik            mu      sigma.sq            SE 
 3.000000e+00 -3.824012e+01  1.495611e+00  9.858769e-03  3.207937e-05 
           bt 
 8.143788e-01 
         step     negloglik            mu      sigma.sq            SE 
 4.000000e+00 -3.824012e+01  1.495611e+00  9.858769e-03  3.207937e-05 
           bt 
 8.143788e-01 
[1] "Now starting analysis"
[1] "Starting with initial values"
        mu   sigma.sq         bt 
1.25282787 0.01003009 1.00000000 
        step    negloglik           mu     sigma.sq           bt 
  1.00000000 -38.22216050   1.55587561   0.01004038   0.79109565 
        step    negloglik           mu     sigma.sq           bt 
  2.00000000 -38.22216050   1.55587561   0.01004038   0.79109565 
        step    negloglik           mu     sigma.sq           bt 
  3.00000000 -38.22216050   1.55587561   0.01004038   0.79109565 
[1] "Now starting analysis"
[1] "Starting with initial values"
         mu    sigma.sq          SE 
1.252827867 0.010030087 0.005015043 
         step     negloglik            mu      sigma.sq            SE 
 1.000000e+00 -3.694659e+01  1.269134e+00  1.024854e-02  6.687782e-06 
[1] "New improvement found, resetting step counter"
         step     negloglik            mu      sigma.sq            SE 
 2.000000e+00 -3.696664e+01  1.247972e+00  1.025594e-02  1.870221e-05 
         step     negloglik            mu      sigma.sq            SE 
 3.000000e+00 -3.696664e+01  1.247972e+00  1.025594e-02  1.870221e-05 
[1] "New improvement found, resetting step counter"
         step     negloglik            mu      sigma.sq            SE 
 4.000000e+00 -3.698416e+01  1.208899e+00  1.029376e-02  1.828769e-05 
         step     negloglik            mu      sigma.sq            SE 
 5.000000e+00 -3.698416e+01  1.208899e+00  1.029376e-02  1.828769e-05 
         step     negloglik            mu      sigma.sq            SE 
 6.000000e+00 -3.698416e+01  1.208899e+00  1.029376e-02  1.828769e-05 
[1] "Now starting analysis"
[1] "Starting with initial values"
        mu   sigma.sq 
1.25282787 0.01003009 
        step    negloglik           mu     sigma.sq 
  1.00000000 -36.97826926   1.12754508   0.01003009 
        step    negloglik           mu     sigma.sq 
  2.00000000 -36.97826926   1.12754508   0.01003009 
[1] "New improvement found, but slight; taking the best value, but not resetting the step counter"
        step    negloglik           mu     sigma.sq 
  3.00000000 -36.98324485   1.19196107   0.01018176 
