000 (066.242.000) 07/26 17:14:46 Job submitted from host: <160.36.155.106:9618?addrs=160.36.155.106-9618&noUDP&sock=27742_4872_4>
...
001 (066.242.000) 07/26 20:12:51 Job executing on host: <160.36.154.249:9618?addrs=160.36.154.249-9618&noUDP&sock=66431_b80f_4>
...
006 (066.242.000) 07/26 20:12:59 Image size of job updated: 227536
	223  -  MemoryUsage of job (MB)
	227536  -  ResidentSetSize of job (KB)
...
006 (066.242.000) 07/26 20:17:59 Image size of job updated: 228224
	223  -  MemoryUsage of job (MB)
	228224  -  ResidentSetSize of job (KB)
...
006 (066.242.000) 07/26 22:18:12 Image size of job updated: 230568
	226  -  MemoryUsage of job (MB)
	230568  -  ResidentSetSize of job (KB)
...
006 (066.242.000) 07/27 00:13:23 Image size of job updated: 231812
	227  -  MemoryUsage of job (MB)
	231812  -  ResidentSetSize of job (KB)
...
005 (066.242.000) 07/27 00:42:05 Job terminated.
	(1) Normal termination (return value 0)
		Usr 0 04:28:36, Sys 0 00:00:04  -  Run Remote Usage
		Usr 0 00:00:00, Sys 0 00:00:00  -  Run Local Usage
		Usr 0 04:28:36, Sys 0 00:00:04  -  Total Remote Usage
		Usr 0 00:00:00, Sys 0 00:00:00  -  Total Local Usage
	29087  -  Run Bytes Sent By Job
	2422  -  Run Bytes Received By Job
	29087  -  Total Bytes Sent By Job
	2422  -  Total Bytes Received By Job
	Partitionable Resources :    Usage  Request Allocated 
	   Cpus                 :     1.00        1         1 
	   Disk (KB)            :    46           4    202517 
	   Memory (MB)          :   227           1       128 
...
