000 (066.1646.000) 07/26 17:14:46 Job submitted from host: <160.36.155.106:9618?addrs=160.36.155.106-9618&noUDP&sock=27742_4872_4>
...
012 (066.1646.000) 08/03 14:17:23 Job was held.
	via condor_hold (by user bomeara)
	Code 1 Subcode 0
...
013 (066.1646.000) 08/05 22:28:10 Job was released.
	via condor_release (by user bomeara)
...
012 (066.1646.000) 08/09 10:36:20 Job was held.
	via condor_hold (by user bomeara)
	Code 1 Subcode 0
...
013 (066.1646.000) 08/09 13:05:29 Job was released.
	via condor_release (by user bomeara)
...
012 (066.1646.000) 09/23 13:38:12 Job was held.
	via condor_hold (by user bomeara)
	Code 1 Subcode 0
...
013 (066.1646.000) 09/24 14:50:03 Job was released.
	via condor_release (by user bomeara)
...
001 (066.1646.000) 09/26 23:34:08 Job executing on host: <10.128.147.77:9618?addrs=10.128.147.77-9618&noUDP&sock=2387_dca7_4>
...
006 (066.1646.000) 09/26 23:34:17 Image size of job updated: 220640
	216  -  MemoryUsage of job (MB)
	220640  -  ResidentSetSize of job (KB)
...
006 (066.1646.000) 09/26 23:39:18 Image size of job updated: 231108
	226  -  MemoryUsage of job (MB)
	231108  -  ResidentSetSize of job (KB)
...
006 (066.1646.000) 09/27 05:44:57 Image size of job updated: 232192
	227  -  MemoryUsage of job (MB)
	232192  -  ResidentSetSize of job (KB)
...
005 (066.1646.000) 09/27 07:59:48 Job terminated.
	(1) Normal termination (return value 0)
		Usr 0 08:24:50, Sys 0 00:00:05  -  Run Remote Usage
		Usr 0 00:00:00, Sys 0 00:00:00  -  Run Local Usage
		Usr 0 08:24:50, Sys 0 00:00:05  -  Total Remote Usage
		Usr 0 00:00:00, Sys 0 00:00:00  -  Total Local Usage
	28755  -  Run Bytes Sent By Job
	2422  -  Run Bytes Received By Job
	28755  -  Total Bytes Sent By Job
	2422  -  Total Bytes Received By Job
	Partitionable Resources :    Usage  Request Allocated 
	   Cpus                 :     1.00        1         1 
	   Disk (KB)            :    46           4    888593 
	   Memory (MB)          :   227           1       128 
...
