[1] "args"
[1] "66"   "1524"
[1] "Now starting analysis"
[1] "Starting with initial values"
         mu    sigma.sq          SE          bt          vh 
1.557762030 0.010276734 0.005138367 1.000000000 0.005138367 
         step     negloglik            mu      sigma.sq            SE 
 1.000000e+00 -1.499375e+01  1.224082e+00  7.991593e-03  5.784182e-07 
           bt            vh 
 1.542983e+00  2.952584e-03 
[1] "New improvement found, resetting step counter"
         step     negloglik            mu      sigma.sq            SE 
 2.000000e+00 -1.532560e+01  1.433390e+00  7.991586e-03  9.972705e-07 
           bt            vh 
 1.631238e+00  2.724572e-03 
[1] "New improvement found, resetting step counter"
         step     negloglik            mu      sigma.sq            SE 
 3.000000e+00 -1.533609e+01  1.543054e+00  7.500175e-03  1.387545e-06 
           bt            vh 
 1.690321e+00  7.646413e-05 
[1] "New improvement found, resetting step counter"
         step     negloglik            mu      sigma.sq            SE 
 4.000000e+00 -1.536605e+01  1.507733e+00  7.881098e-03  9.998303e-06 
           bt            vh 
 1.647693e+00  4.008520e-04 
         step     negloglik            mu      sigma.sq            SE 
 5.000000e+00 -1.536605e+01  1.507733e+00  7.881098e-03  9.998303e-06 
           bt            vh 
 1.647693e+00  4.008520e-04 
         step     negloglik            mu      sigma.sq            SE 
 6.000000e+00 -1.536605e+01  1.507733e+00  7.881098e-03  9.998303e-06 
           bt            vh 
 1.647693e+00  4.008520e-04 
[1] "Now starting analysis"
[1] "Starting with initial values"
         mu    sigma.sq          bt          vh 
1.557762030 0.010276734 1.000000000 0.005138367 
         step     negloglik            mu      sigma.sq            bt 
 1.000000e+00 -1.541482e+01  1.554493e+00  8.469289e-03  1.677422e+00 
           vh 
 7.256479e-05 
         step     negloglik            mu      sigma.sq            bt 
 2.000000e+00 -1.541482e+01  1.554493e+00  8.469289e-03  1.677422e+00 
           vh 
 7.256479e-05 
         step     negloglik            mu      sigma.sq            bt 
 3.000000e+00 -1.541482e+01  1.554493e+00  8.469289e-03  1.677422e+00 
           vh 
 7.256479e-05 
[1] "Now starting analysis"
[1] "Starting with initial values"
         mu    sigma.sq          SE          vh 
1.557762030 0.010276734 0.005138367 0.005138367 
         step     negloglik            mu      sigma.sq            SE 
 1.000000e+00 -1.374236e+01  1.472674e+00  7.496859e-03  3.028863e-06 
           vh 
 2.196654e-01 
         step     negloglik            mu      sigma.sq            SE 
 2.000000e+00 -1.374236e+01  1.472674e+00  7.496859e-03  3.028863e-06 
           vh 
 2.196654e-01 
[1] "New improvement found, resetting step counter"
         step     negloglik            mu      sigma.sq            SE 
 3.000000e+00 -1.382596e+01  1.494896e+00  7.896643e-03  8.217012e-06 
           vh 
 2.895820e-01 
[1] "New improvement found, resetting step counter"
         step     negloglik            mu      sigma.sq            SE 
 4.000000e+00 -1.388981e+01  1.586889e+00  8.419490e-03  7.252210e-08 
           vh 
 2.576500e-01 
         step     negloglik            mu      sigma.sq            SE 
 5.000000e+00 -1.388981e+01  1.586889e+00  8.419490e-03  7.252210e-08 
           vh 
 2.576500e-01 
         step     negloglik            mu      sigma.sq            SE 
 6.000000e+00 -1.388981e+01  1.586889e+00  8.419490e-03  7.252210e-08 
           vh 
 2.576500e-01 
[1] "Now starting analysis"
[1] "Starting with initial values"
         mu    sigma.sq          vh 
1.557762030 0.010276734 0.005138367 
         step     negloglik            mu      sigma.sq            vh 
  1.000000000 -13.895035586   1.485695886   0.008496658   0.248140412 
         step     negloglik            mu      sigma.sq            vh 
  2.000000000 -13.895035586   1.485695886   0.008496658   0.248140412 
[1] "New improvement found, but slight; taking the best value, but not resetting the step counter"
         step     negloglik            mu      sigma.sq            vh 
  3.000000000 -13.895776639   1.527127497   0.008489459   0.282814271 
[1] "Now starting analysis"
[1] "Starting with initial values"
         mu    sigma.sq          SE          bt 
1.557762030 0.010276734 0.005138367 1.000000000 
         step     negloglik            mu      sigma.sq            SE 
 1.000000e+00 -1.514774e+01  1.429368e+00  7.007016e-03  9.934031e-07 
           bt 
 1.740523e+00 
[1] "New improvement found, resetting step counter"
         step     negloglik            mu      sigma.sq            SE 
 2.000000e+00 -1.518726e+01  1.529866e+00  7.006458e-03  2.905997e-07 
           bt 
 1.716235e+00 
         step     negloglik            mu      sigma.sq            SE 
 3.000000e+00 -1.518726e+01  1.529866e+00  7.006458e-03  2.905997e-07 
           bt 
 1.716235e+00 
         step     negloglik            mu      sigma.sq            SE 
 4.000000e+00 -1.518726e+01  1.529866e+00  7.006458e-03  2.905997e-07 
           bt 
 1.716235e+00 
[1] "Now starting analysis"
[1] "Starting with initial values"
        mu   sigma.sq         bt 
1.55776203 0.01027673 1.00000000 
         step     negloglik            mu      sigma.sq            bt 
  1.000000000 -15.402362947   1.445792249   0.008430573   1.689027609 
[1] "New improvement found, but slight; taking the best value, but not resetting the step counter"
         step     negloglik            mu      sigma.sq            bt 
  2.000000000 -15.408800026   1.521006760   0.007990722   1.707941200 
[1] "New improvement found, but slight; taking the best value, but not resetting the step counter"
         step     negloglik            mu      sigma.sq            bt 
  3.000000000 -15.416388309   1.495734541   0.008277257   1.715863449 
[1] "Now starting analysis"
[1] "Starting with initial values"
         mu    sigma.sq          SE 
1.557762030 0.010276734 0.005138367 
         step     negloglik            mu      sigma.sq            SE 
 1.000000e+00 -1.192999e+01  1.623469e+00  1.014323e-02  4.622210e-07 
         step     negloglik            mu      sigma.sq            SE 
 2.000000e+00 -1.192999e+01  1.623469e+00  1.014323e-02  4.622210e-07 
         step     negloglik            mu      sigma.sq            SE 
 3.000000e+00 -1.192999e+01  1.623469e+00  1.014323e-02  4.622210e-07 
[1] "Now starting analysis"
[1] "Starting with initial values"
        mu   sigma.sq 
1.55776203 0.01027673 
        step    negloglik           mu     sigma.sq 
  1.00000000 -11.94532298   1.55776203   0.01027673 
        step    negloglik           mu     sigma.sq 
  2.00000000 -11.94532298   1.55776203   0.01027673 
        step    negloglik           mu     sigma.sq 
  3.00000000 -11.94532298   1.55776203   0.01027673 
