000 (066.938.000) 07/26 17:14:46 Job submitted from host: <160.36.155.106:9618?addrs=160.36.155.106-9618&noUDP&sock=27742_4872_4>
...
012 (066.938.000) 08/03 14:16:48 Job was held.
	via condor_hold (by user bomeara)
	Code 1 Subcode 0
...
013 (066.938.000) 08/05 22:27:34 Job was released.
	via condor_release (by user bomeara)
...
012 (066.938.000) 08/09 10:35:33 Job was held.
	via condor_hold (by user bomeara)
	Code 1 Subcode 0
...
013 (066.938.000) 08/09 13:04:53 Job was released.
	via condor_release (by user bomeara)
...
022 (066.938.000) 08/14 14:07:46 Job disconnected, attempting to reconnect
    Local schedd and job shadow died, schedd now running again
    Trying to reconnect to slot1_8@omearaclusterh <10.128.213.253:9618?addrs=10.128.213.253-9618&noUDP&sock=2256_01bf_4>
...
024 (066.938.000) 08/14 14:07:54 Job reconnection failed
    Job not found at execution machine
    Can not reconnect to slot1_8@omearaclusterh, rescheduling job
...
001 (066.938.000) 08/16 14:22:45 Job executing on host: <10.130.107.8:9618?addrs=10.130.107.8-9618&noUDP&sock=69199_5635_4>
...
006 (066.938.000) 08/16 14:22:53 Image size of job updated: 220824
	216  -  MemoryUsage of job (MB)
	220824  -  ResidentSetSize of job (KB)
...
006 (066.938.000) 08/16 14:27:53 Image size of job updated: 231252
	226  -  MemoryUsage of job (MB)
	231252  -  ResidentSetSize of job (KB)
...
005 (066.938.000) 08/18 06:08:21 Job terminated.
	(1) Normal termination (return value 0)
		Usr 1 15:41:45, Sys 0 00:00:24  -  Run Remote Usage
		Usr 0 00:00:00, Sys 0 00:00:00  -  Run Local Usage
		Usr 1 15:41:45, Sys 0 00:00:24  -  Total Remote Usage
		Usr 0 00:00:00, Sys 0 00:00:00  -  Total Local Usage
	30000  -  Run Bytes Sent By Job
	2422  -  Run Bytes Received By Job
	30000  -  Total Bytes Sent By Job
	2422  -  Total Bytes Received By Job
	Partitionable Resources :    Usage  Request Allocated 
	   Cpus                 :     1.00        1         1 
	   Disk (KB)            :    47           4    888358 
	   Memory (MB)          :   226           1       128 
...
