[1] "args"
[1] "66"   "1762"
[1] "Now starting analysis"
[1] "Starting with initial values"
        mu   sigma.sq         SE         bt         vh 
2.34146677 0.02220821 0.01110411 1.00000000 0.01110411 
         step     negloglik            mu      sigma.sq            SE 
 1.000000e+00 -1.033835e+00  2.146579e+00  7.976126e-03  2.030673e-05 
           bt            vh 
 1.457956e+00  5.194623e-01 
[1] "New improvement found, resetting step counter"
         step     negloglik            mu      sigma.sq            SE 
 2.000000e+00 -2.138469e+00  9.291001e-01  7.955374e-03  2.391798e-05 
           bt            vh 
 1.947313e+00  6.237579e-01 
         step     negloglik            mu      sigma.sq            SE 
 3.000000e+00 -2.138469e+00  9.291001e-01  7.955374e-03  2.391798e-05 
           bt            vh 
 1.947313e+00  6.237579e-01 
         step     negloglik            mu      sigma.sq            SE 
 4.000000e+00 -2.138469e+00  9.291001e-01  7.955374e-03  2.391798e-05 
           bt            vh 
 1.947313e+00  6.237579e-01 
[1] "Now starting analysis"
[1] "Starting with initial values"
        mu   sigma.sq         bt         vh 
2.34146677 0.02220821 1.00000000 0.01110411 
       step   negloglik          mu    sigma.sq          bt          vh 
 1.00000000 -2.08248606  0.92051271  0.00802921  1.94927940  0.63020594 
       step   negloglik          mu    sigma.sq          bt          vh 
 2.00000000 -2.08248606  0.92051271  0.00802921  1.94927940  0.63020594 
       step   negloglik          mu    sigma.sq          bt          vh 
 3.00000000 -2.08248606  0.92051271  0.00802921  1.94927940  0.63020594 
[1] "Now starting analysis"
[1] "Starting with initial values"
        mu   sigma.sq         SE         vh 
2.34146677 0.02220821 0.01110411 0.01110411 
         step     negloglik            mu      sigma.sq            SE 
 1.000000e+00 -2.557947e-02  2.267131e+00  7.667942e-03  2.730267e-05 
           vh 
 7.292591e-01 
[1] "New improvement found, resetting step counter"
         step     negloglik            mu      sigma.sq            SE 
 2.000000e+00 -3.813295e-01  1.840766e+00  7.669765e-03  2.826708e-05 
           vh 
 1.056259e+00 
         step     negloglik            mu      sigma.sq            SE 
 3.000000e+00 -3.813295e-01  1.840766e+00  7.669765e-03  2.826708e-05 
           vh 
 1.056259e+00 
         step     negloglik            mu      sigma.sq            SE 
 4.000000e+00 -3.813295e-01  1.840766e+00  7.669765e-03  2.826708e-05 
           vh 
 1.056259e+00 
[1] "Now starting analysis"
[1] "Starting with initial values"
        mu   sigma.sq         vh 
2.34146677 0.02220821 0.01110411 
        step    negloglik           mu     sigma.sq           vh 
 1.000000000 -0.315614272  1.829094012  0.007984312  1.054168685 
[1] "New improvement found, but slight; taking the best value, but not resetting the step counter"
        step    negloglik           mu     sigma.sq           vh 
 2.000000000 -0.316481301  1.834283350  0.007905734  1.053818521 
        step    negloglik           mu     sigma.sq           vh 
 3.000000000 -0.316481301  1.834283350  0.007905734  1.053818521 
[1] "Now starting analysis"
[1] "Starting with initial values"
        mu   sigma.sq         SE         bt 
2.34146677 0.02220821 0.01110411 1.00000000 
        step    negloglik           mu     sigma.sq           SE           bt 
1.000000e+00 2.962228e+00 1.514619e+00 2.265852e-02 5.781413e-06 1.649141e+00 
[1] "New improvement found, resetting step counter"
        step    negloglik           mu     sigma.sq           SE           bt 
2.000000e+00 2.611646e+00 9.916739e-01 2.265439e-02 9.892938e-08 1.848716e+00 
[1] "New improvement found, resetting step counter"
        step    negloglik           mu     sigma.sq           SE           bt 
3.000000e+00 2.393481e+00 9.600336e-01 2.057691e-02 1.422057e-08 1.850242e+00 
[1] "New improvement found, resetting step counter"
        step    negloglik           mu     sigma.sq           SE           bt 
4.000000e+00 2.377162e+00 1.000355e+00 2.035613e-02 8.513286e-08 1.836958e+00 
        step    negloglik           mu     sigma.sq           SE           bt 
5.000000e+00 2.377162e+00 1.000355e+00 2.035613e-02 8.513286e-08 1.836958e+00 
        step    negloglik           mu     sigma.sq           SE           bt 
6.000000e+00 2.377162e+00 1.000355e+00 2.035613e-02 8.513286e-08 1.836958e+00 
[1] "Now starting analysis"
[1] "Starting with initial values"
        mu   sigma.sq         bt 
2.34146677 0.02220821 1.00000000 
      step  negloglik         mu   sigma.sq         bt 
1.00000000 2.29868780 1.02001157 0.01811856 1.83711746 
[1] "New improvement found, but slight; taking the best value, but not resetting the step counter"
      step  negloglik         mu   sigma.sq         bt 
2.00000000 2.29580354 0.96381939 0.01840784 1.85554931 
      step  negloglik         mu   sigma.sq         bt 
3.00000000 2.29580354 0.96381939 0.01840784 1.85554931 
[1] "Now starting analysis"
[1] "Starting with initial values"
        mu   sigma.sq         SE 
2.34146677 0.02220821 0.01110411 
        step    negloglik           mu     sigma.sq           SE 
1.000000e+00 8.690071e+00 2.460856e+00 2.804725e-02 9.034116e-07 
[1] "New improvement found, but slight; taking the best value, but not resetting the step counter"
        step    negloglik           mu     sigma.sq           SE 
2.000000e+00 8.688599e+00 2.432222e+00 2.804731e-02 9.778648e-07 
        step    negloglik           mu     sigma.sq           SE 
3.000000e+00 8.688599e+00 2.432222e+00 2.804731e-02 9.778648e-07 
[1] "Now starting analysis"
[1] "Starting with initial values"
        mu   sigma.sq 
2.34146677 0.02220821 
      step  negloglik         mu   sigma.sq 
1.00000000 8.70116130 2.37199273 0.02701005 
[1] "New improvement found, but slight; taking the best value, but not resetting the step counter"
      step  negloglik         mu   sigma.sq 
2.00000000 8.69654463 2.34164790 0.02839989 
      step  negloglik         mu   sigma.sq 
3.00000000 8.69654463 2.34164790 0.02839989 
