000 (066.1242.000) 07/26 17:14:46 Job submitted from host: <160.36.155.106:9618?addrs=160.36.155.106-9618&noUDP&sock=27742_4872_4>
...
012 (066.1242.000) 08/03 14:17:03 Job was held.
	via condor_hold (by user bomeara)
	Code 1 Subcode 0
...
013 (066.1242.000) 08/05 22:27:50 Job was released.
	via condor_release (by user bomeara)
...
012 (066.1242.000) 08/09 10:35:53 Job was held.
	via condor_hold (by user bomeara)
	Code 1 Subcode 0
...
013 (066.1242.000) 08/09 13:05:08 Job was released.
	via condor_release (by user bomeara)
...
001 (066.1242.000) 08/31 02:01:38 Job executing on host: <10.129.199.164:9618?addrs=10.129.199.164-9618&noUDP&sock=2350_7ba6_4>
...
006 (066.1242.000) 08/31 02:01:46 Image size of job updated: 232824
	228  -  MemoryUsage of job (MB)
	232824  -  ResidentSetSize of job (KB)
...
006 (066.1242.000) 08/31 04:48:51 Image size of job updated: 439208
	228  -  MemoryUsage of job (MB)
	232824  -  ResidentSetSize of job (KB)
...
005 (066.1242.000) 08/31 04:48:51 Job terminated.
	(1) Normal termination (return value 0)
		Usr 0 02:47:02, Sys 0 00:00:00  -  Run Remote Usage
		Usr 0 00:00:00, Sys 0 00:00:00  -  Run Local Usage
		Usr 0 02:47:02, Sys 0 00:00:00  -  Total Remote Usage
		Usr 0 00:00:00, Sys 0 00:00:00  -  Total Local Usage
	28225  -  Run Bytes Sent By Job
	2422  -  Run Bytes Received By Job
	28225  -  Total Bytes Sent By Job
	2422  -  Total Bytes Received By Job
	Partitionable Resources :    Usage  Request Allocated 
	   Cpus                 :     1.00        1         1 
	   Disk (KB)            :    46           4    889887 
	   Memory (MB)          :   228           1       128 
...
