000 (066.915.000) 07/26 17:14:46 Job submitted from host: <160.36.155.106:9618?addrs=160.36.155.106-9618&noUDP&sock=27742_4872_4>
...
012 (066.915.000) 08/03 14:16:47 Job was held.
	via condor_hold (by user bomeara)
	Code 1 Subcode 0
...
013 (066.915.000) 08/05 22:27:33 Job was released.
	via condor_release (by user bomeara)
...
012 (066.915.000) 08/09 10:35:31 Job was held.
	via condor_hold (by user bomeara)
	Code 1 Subcode 0
...
013 (066.915.000) 08/09 13:04:52 Job was released.
	via condor_release (by user bomeara)
...
022 (066.915.000) 08/14 14:07:46 Job disconnected, attempting to reconnect
    Local schedd and job shadow died, schedd now running again
    Trying to reconnect to slot1_23@omearaclusterh <10.128.213.253:9618?addrs=10.128.213.253-9618&noUDP&sock=2256_01bf_4>
...
024 (066.915.000) 08/14 14:07:52 Job reconnection failed
    Job not found at execution machine
    Can not reconnect to slot1_23@omearaclusterh, rescheduling job
...
001 (066.915.000) 08/15 13:55:17 Job executing on host: <10.128.151.149:9618?addrs=10.128.151.149-9618&noUDP&sock=21393_65a7_4>
...
006 (066.915.000) 08/15 13:55:25 Image size of job updated: 243132
	238  -  MemoryUsage of job (MB)
	243132  -  ResidentSetSize of job (KB)
...
006 (066.915.000) 08/15 14:00:25 Image size of job updated: 245772
	241  -  MemoryUsage of job (MB)
	245772  -  ResidentSetSize of job (KB)
...
006 (066.915.000) 08/16 13:37:52 Image size of job updated: 248280
	243  -  MemoryUsage of job (MB)
	248280  -  ResidentSetSize of job (KB)
...
005 (066.915.000) 08/19 05:37:55 Job terminated.
	(1) Normal termination (return value 0)
		Usr 3 15:39:36, Sys 0 00:00:10  -  Run Remote Usage
		Usr 0 00:00:00, Sys 0 00:00:00  -  Run Local Usage
		Usr 3 15:39:36, Sys 0 00:00:10  -  Total Remote Usage
		Usr 0 00:00:00, Sys 0 00:00:00  -  Total Local Usage
	31181  -  Run Bytes Sent By Job
	2422  -  Run Bytes Received By Job
	31181  -  Total Bytes Sent By Job
	2422  -  Total Bytes Received By Job
	Partitionable Resources :    Usage  Request Allocated 
	   Cpus                 :     1.00        1         1 
	   Disk (KB)            :    49           4   1811025 
	   Memory (MB)          :   243           1       128 
...
