000 (066.1365.000) 07/26 17:14:46 Job submitted from host: <160.36.155.106:9618?addrs=160.36.155.106-9618&noUDP&sock=27742_4872_4>
...
012 (066.1365.000) 08/03 14:17:09 Job was held.
	via condor_hold (by user bomeara)
	Code 1 Subcode 0
...
013 (066.1365.000) 08/05 22:27:56 Job was released.
	via condor_release (by user bomeara)
...
012 (066.1365.000) 08/09 10:36:01 Job was held.
	via condor_hold (by user bomeara)
	Code 1 Subcode 0
...
013 (066.1365.000) 08/09 13:05:14 Job was released.
	via condor_release (by user bomeara)
...
001 (066.1365.000) 09/04 07:55:34 Job executing on host: <10.129.167.211:9618?addrs=10.129.167.211-9618&noUDP&sock=2343_ae7c_4>
...
006 (066.1365.000) 09/04 07:55:43 Image size of job updated: 243708
	238  -  MemoryUsage of job (MB)
	242944  -  ResidentSetSize of job (KB)
...
006 (066.1365.000) 09/04 08:00:44 Image size of job updated: 243716
	238  -  MemoryUsage of job (MB)
	242952  -  ResidentSetSize of job (KB)
...
022 (066.1365.000) 09/04 12:12:48 Job disconnected, attempting to reconnect
    Socket between submit and execute hosts closed unexpectedly
    Trying to reconnect to slot1_5@omearaclusterc <10.129.167.211:9618?addrs=10.129.167.211-9618&noUDP&sock=2343_ae7c_4>
...
024 (066.1365.000) 09/04 12:52:51 Job reconnection failed
    Job disconnected too long: JobLeaseDuration (2400 seconds) expired
    Can not reconnect to slot1_5@omearaclusterc, rescheduling job
...
001 (066.1365.000) 09/08 09:01:01 Job executing on host: <10.128.121.58:9618?addrs=10.128.121.58-9618&noUDP&sock=2350_7ba6_4>
...
005 (066.1365.000) 09/09 06:32:48 Job terminated.
	(1) Normal termination (return value 0)
		Usr 0 21:29:59, Sys 0 00:00:12  -  Run Remote Usage
		Usr 0 00:00:00, Sys 0 00:00:00  -  Run Local Usage
		Usr 0 21:29:59, Sys 0 00:00:12  -  Total Remote Usage
		Usr 0 00:00:00, Sys 0 00:00:00  -  Total Local Usage
	30572  -  Run Bytes Sent By Job
	2422  -  Run Bytes Received By Job
	30572  -  Total Bytes Sent By Job
	4844  -  Total Bytes Received By Job
	Partitionable Resources :    Usage  Request Allocated 
	   Cpus                 :     1.00        1         1 
	   Disk (KB)            :    48          75    888331 
	   Memory (MB)          :   245         245       256 
...
