Registered S3 method overwritten by 'geiger':
  method            from
  unique.multiPhylo ape 
Error in stats::optim(par = starting.values, fn = TryComputeLikelihood,  : 
  non-finite value supplied by optim
Calls: DoRunTemplated -> <Anonymous> -> OptimizeThoroughly -> <Anonymous>
In addition: Warning messages:
1: In ScaleAllEdges(phy.graph = phy.graph, sigma.sq = sigma.sq, mu = mu,  :
  Some of the edges were negative in length. If this is tiny, don't worry about it; if not, do. The negative edge with largest magnitude was -1.52527153961002. We are converting all of the negative edges to zero length.
2: In ScaleAllEdges(phy.graph = phy.graph, sigma.sq = sigma.sq, mu = mu,  :
  Some of the edges were negative in length. If this is tiny, don't worry about it; if not, do. The negative edge with largest magnitude was -0.551125572293205. We are converting all of the negative edges to zero length.
3: In ScaleAllEdges(phy.graph = phy.graph, sigma.sq = sigma.sq, mu = mu,  :
  Some of the edges were negative in length. If this is tiny, don't worry about it; if not, do. The negative edge with largest magnitude was -0.0917782815507386. We are converting all of the negative edges to zero length.
4: In ScaleAllEdges(phy.graph = phy.graph, sigma.sq = sigma.sq, mu = mu,  :
  Some of the edges were negative in length. If this is tiny, don't worry about it; if not, do. The negative edge with largest magnitude was -1.29732059194087. We are converting all of the negative edges to zero length.
5: In ScaleAllEdges(phy.graph = phy.graph, sigma.sq = sigma.sq, mu = mu,  :
  Some of the edges were negative in length. If this is tiny, don't worry about it; if not, do. The negative edge with largest magnitude was -0.487198895531895. We are converting all of the negative edges to zero length.
6: In ScaleAllEdges(phy.graph = phy.graph, sigma.sq = sigma.sq, mu = mu,  :
  Some of the edges were negative in length. If this is tiny, don't worry about it; if not, do. The negative edge with largest magnitude was -0.098485853827535. We are converting all of the negative edges to zero length.
7: In stats::runif(length(starting.values), min = starting.values -  :
  NAs produced
Execution halted
