000 (066.941.000) 07/26 17:14:46 Job submitted from host: <160.36.155.106:9618?addrs=160.36.155.106-9618&noUDP&sock=27742_4872_4>
...
012 (066.941.000) 08/03 14:16:48 Job was held.
	via condor_hold (by user bomeara)
	Code 1 Subcode 0
...
013 (066.941.000) 08/05 22:27:34 Job was released.
	via condor_release (by user bomeara)
...
012 (066.941.000) 08/09 10:35:33 Job was held.
	via condor_hold (by user bomeara)
	Code 1 Subcode 0
...
013 (066.941.000) 08/09 13:04:53 Job was released.
	via condor_release (by user bomeara)
...
001 (066.941.000) 08/16 17:09:51 Job executing on host: <10.128.147.77:9618?addrs=10.128.147.77-9618&noUDP&sock=69960_51c7_4>
...
006 (066.941.000) 08/16 17:09:59 Image size of job updated: 243700
	238  -  MemoryUsage of job (MB)
	243700  -  ResidentSetSize of job (KB)
...
006 (066.941.000) 08/16 18:00:04 Image size of job updated: 246168
	241  -  MemoryUsage of job (MB)
	246168  -  ResidentSetSize of job (KB)
...
006 (066.941.000) 08/16 19:35:14 Image size of job updated: 246184
	241  -  MemoryUsage of job (MB)
	246184  -  ResidentSetSize of job (KB)
...
006 (066.941.000) 09/01 04:38:21 Image size of job updated: 248728
	243  -  MemoryUsage of job (MB)
	248728  -  ResidentSetSize of job (KB)
...
001 (066.941.000) 09/06 15:25:30 Job executing on host: <10.129.199.164:9618?addrs=10.129.199.164-9618&noUDP&sock=2357_48d0_4>
...
006 (066.941.000) 09/06 15:30:40 Image size of job updated: 250240
	245  -  MemoryUsage of job (MB)
	250172  -  ResidentSetSize of job (KB)
...
006 (066.941.000) 09/06 15:40:41 Image size of job updated: 250256
	245  -  MemoryUsage of job (MB)
	250188  -  ResidentSetSize of job (KB)
...
022 (066.941.000) 09/08 08:36:21 Job disconnected, attempting to reconnect
    Socket between submit and execute hosts closed unexpectedly
    Trying to reconnect to slot1_19@omearaclusteri <10.129.199.164:9618?addrs=10.129.199.164-9618&noUDP&sock=2357_48d0_4>
...
023 (066.941.000) 09/08 08:40:48 Job reconnected to slot1_19@omearaclusteri
    startd address: <10.129.199.164:9618?addrs=10.129.199.164-9618&noUDP&sock=2357_48d0_4>
    starter address: <10.129.199.164:9618?addrs=10.129.199.164-9618&noUDP&sock=2860_e0ed_21>
...
005 (066.941.000) 09/14 01:58:16 Job terminated.
	(1) Normal termination (return value 0)
		Usr 7 10:17:37, Sys 0 00:01:34  -  Run Remote Usage
		Usr 0 00:00:00, Sys 0 00:00:00  -  Run Local Usage
		Usr 7 10:17:37, Sys 0 00:01:34  -  Total Remote Usage
		Usr 0 00:00:00, Sys 0 00:00:00  -  Total Local Usage
	32283  -  Run Bytes Sent By Job
	2422  -  Run Bytes Received By Job
	32283  -  Total Bytes Sent By Job
	4844  -  Total Bytes Received By Job
	Partitionable Resources :    Usage  Request Allocated 
	   Cpus                 :     0.99        1         1 
	   Disk (KB)            :    50          75    889379 
	   Memory (MB)          :   245         245       256 
...
