000 (066.632.000) 07/26 17:14:46 Job submitted from host: <160.36.155.106:9618?addrs=160.36.155.106-9618&noUDP&sock=27742_4872_4>
...
001 (066.632.000) 08/02 04:27:24 Job executing on host: <10.128.147.77:9618?addrs=10.128.147.77-9618&noUDP&sock=69960_51c7_4>
...
006 (066.632.000) 08/02 04:27:33 Image size of job updated: 220676
	216  -  MemoryUsage of job (MB)
	220676  -  ResidentSetSize of job (KB)
...
006 (066.632.000) 08/02 04:32:34 Image size of job updated: 231276
	226  -  MemoryUsage of job (MB)
	231276  -  ResidentSetSize of job (KB)
...
005 (066.632.000) 08/02 09:47:20 Job terminated.
	(1) Normal termination (return value 0)
		Usr 0 05:19:26, Sys 0 00:00:01  -  Run Remote Usage
		Usr 0 00:00:00, Sys 0 00:00:00  -  Run Local Usage
		Usr 0 05:19:26, Sys 0 00:00:01  -  Total Remote Usage
		Usr 0 00:00:00, Sys 0 00:00:00  -  Total Local Usage
	28697  -  Run Bytes Sent By Job
	2422  -  Run Bytes Received By Job
	28697  -  Total Bytes Sent By Job
	2422  -  Total Bytes Received By Job
	Partitionable Resources :    Usage  Request Allocated 
	   Cpus                 :     1.00        1         1 
	   Disk (KB)            :    46           4    888417 
	   Memory (MB)          :   226           1       128 
...
