000 (066.1645.000) 07/26 17:14:46 Job submitted from host: <160.36.155.106:9618?addrs=160.36.155.106-9618&noUDP&sock=27742_4872_4>
...
012 (066.1645.000) 08/03 14:17:23 Job was held.
	via condor_hold (by user bomeara)
	Code 1 Subcode 0
...
013 (066.1645.000) 08/05 22:28:10 Job was released.
	via condor_release (by user bomeara)
...
012 (066.1645.000) 08/09 10:36:20 Job was held.
	via condor_hold (by user bomeara)
	Code 1 Subcode 0
...
013 (066.1645.000) 08/09 13:05:29 Job was released.
	via condor_release (by user bomeara)
...
012 (066.1645.000) 09/23 13:38:12 Job was held.
	via condor_hold (by user bomeara)
	Code 1 Subcode 0
...
013 (066.1645.000) 09/24 14:50:03 Job was released.
	via condor_release (by user bomeara)
...
001 (066.1645.000) 09/26 21:57:07 Job executing on host: <10.129.213.175:9618?addrs=10.129.213.175-9618&noUDP&sock=2702_ecfc_4>
...
006 (066.1645.000) 09/26 21:57:16 Image size of job updated: 236828
	232  -  MemoryUsage of job (MB)
	236828  -  ResidentSetSize of job (KB)
...
006 (066.1645.000) 09/26 22:02:17 Image size of job updated: 245012
	240  -  MemoryUsage of job (MB)
	245012  -  ResidentSetSize of job (KB)
...
006 (066.1645.000) 09/27 03:17:49 Image size of job updated: 248180
	243  -  MemoryUsage of job (MB)
	248180  -  ResidentSetSize of job (KB)
...
006 (066.1645.000) 09/27 06:33:09 Image size of job updated: 249500
	244  -  MemoryUsage of job (MB)
	249500  -  ResidentSetSize of job (KB)
...
005 (066.1645.000) 09/27 11:59:34 Job terminated.
	(1) Normal termination (return value 0)
		Usr 0 14:02:09, Sys 0 00:00:02  -  Run Remote Usage
		Usr 0 00:00:00, Sys 0 00:00:00  -  Run Local Usage
		Usr 0 14:02:09, Sys 0 00:00:02  -  Total Remote Usage
		Usr 0 00:00:00, Sys 0 00:00:00  -  Total Local Usage
	31419  -  Run Bytes Sent By Job
	2422  -  Run Bytes Received By Job
	31419  -  Total Bytes Sent By Job
	2422  -  Total Bytes Received By Job
	Partitionable Resources :    Usage  Request Allocated 
	   Cpus                 :     1.00        1         1 
	   Disk (KB)            :    49           4   1811553 
	   Memory (MB)          :   244           1       128 
...
