[1] "args"
[1] "66"   "1352"
[1] "Now starting analysis"
[1] "Starting with initial values"
        mu   sigma.sq         SE         bt         vh 
2.82321777 0.08174359 0.04087179 1.00000000 0.04087179 
        step    negloglik           mu     sigma.sq           SE           bt 
 1.000000000 11.048404115  0.991761473  0.008607629  0.030520840  3.611926545 
          vh 
 0.098120808 
[1] "New improvement found, but slight; taking the best value, but not resetting the step counter"
        step    negloglik           mu     sigma.sq           SE           bt 
 2.000000000 11.041890712  0.966566784  0.008377568  0.029329614  3.623258359 
          vh 
 0.098417454 
        step    negloglik           mu     sigma.sq           SE           bt 
 3.000000000 11.041890712  0.966566784  0.008377568  0.029329614  3.623258359 
          vh 
 0.098417454 
[1] "Now starting analysis"
[1] "Starting with initial values"
        mu   sigma.sq         bt         vh 
2.82321777 0.08174359 1.00000000 0.04087179 
        step    negloglik           mu     sigma.sq           bt           vh 
1.000000e+00 2.231609e+01 1.152049e+00 4.688543e-02 2.716783e+00 5.615192e-05 
[1] "New improvement found, resetting step counter"
        step    negloglik           mu     sigma.sq           bt           vh 
2.000000e+00 2.230025e+01 1.152049e+00 4.688543e-02 2.988461e+00 5.615192e-05 
        step    negloglik           mu     sigma.sq           bt           vh 
3.000000e+00 2.230025e+01 1.152049e+00 4.688543e-02 2.988461e+00 5.615192e-05 
        step    negloglik           mu     sigma.sq           bt           vh 
4.000000e+00 2.230025e+01 1.152049e+00 4.688543e-02 2.988461e+00 5.615192e-05 
[1] "Now starting analysis"
[1] "Starting with initial values"
        mu   sigma.sq         SE         vh 
2.82321777 0.08174359 0.04087179 0.04087179 
        step    negloglik           mu     sigma.sq           SE           vh 
 1.000000000 14.698145304  2.081432346  0.007889431  0.031179054  0.974598466 
[1] "New improvement found, but slight; taking the best value, but not resetting the step counter"
        step    negloglik           mu     sigma.sq           SE           vh 
 2.000000000 14.695436988  2.218036606  0.007858198  0.030772969  0.909970497 
[1] "New improvement found, but slight; taking the best value, but not resetting the step counter"
       step   negloglik          mu    sigma.sq          SE          vh 
 3.00000000 14.68942573  2.11430646  0.00792482  0.02994405  0.91131446 
[1] "Now starting analysis"
[1] "Starting with initial values"
        mu   sigma.sq         vh 
2.82321777 0.08174359 0.04087179 
      step  negloglik         mu   sigma.sq         vh 
 1.0000000 25.6619555  2.3091661  0.0512782  0.4568645 
[1] "New improvement found, resetting step counter"
       step   negloglik          mu    sigma.sq          vh 
 2.00000000 25.62824996  2.23279520  0.04947416  0.61141023 
       step   negloglik          mu    sigma.sq          vh 
 3.00000000 25.62824996  2.23279520  0.04947416  0.61141023 
       step   negloglik          mu    sigma.sq          vh 
 4.00000000 25.62824996  2.23279520  0.04947416  0.61141023 
[1] "Now starting analysis"
[1] "Starting with initial values"
        mu   sigma.sq         SE         bt 
2.82321777 0.08174359 0.04087179 1.00000000 
       step   negloglik          mu    sigma.sq          SE          bt 
 1.00000000 11.47750190  1.11393968  0.01084268  0.02990562  3.26614337 
       step   negloglik          mu    sigma.sq          SE          bt 
 2.00000000 11.47750190  1.11393968  0.01084268  0.02990562  3.26614337 
       step   negloglik          mu    sigma.sq          SE          bt 
 3.00000000 11.47750190  1.11393968  0.01084268  0.02990562  3.26614337 
[1] "Now starting analysis"
[1] "Starting with initial values"
        mu   sigma.sq         bt 
2.82321777 0.08174359 1.00000000 
       step   negloglik          mu    sigma.sq          bt 
 1.00000000 22.29564163  1.15887262  0.04526885  2.82219809 
[1] "New improvement found, but slight; taking the best value, but not resetting the step counter"
       step   negloglik          mu    sigma.sq          bt 
 2.00000000 22.29125652  1.26262270  0.04759619  2.89459042 
[1] "New improvement found, but slight; taking the best value, but not resetting the step counter"
       step   negloglik          mu    sigma.sq          bt 
 3.00000000 22.28720240  1.30558820  0.04515984  2.79068558 
[1] "Now starting analysis"
[1] "Starting with initial values"
        mu   sigma.sq         SE 
2.82321777 0.08174359 0.04087179 
       step   negloglik          mu    sigma.sq          SE 
 1.00000000 22.11417207  2.93535430  0.03056812  0.02845480 
[1] "New improvement found, resetting step counter"
       step   negloglik          mu    sigma.sq          SE 
 2.00000000 21.94735946  2.48670421  0.03006616  0.02934312 
       step   negloglik          mu    sigma.sq          SE 
 3.00000000 21.94735946  2.48670421  0.03006616  0.02934312 
       step   negloglik          mu    sigma.sq          SE 
 4.00000000 21.94735946  2.48670421  0.03006616  0.02934312 
[1] "Now starting analysis"
[1] "Starting with initial values"
        mu   sigma.sq 
2.82321777 0.08174359 
       step   negloglik          mu    sigma.sq 
 1.00000000 27.24345326  2.51497974  0.06299565 
       step   negloglik          mu    sigma.sq 
 2.00000000 27.24345326  2.51497974  0.06299565 
       step   negloglik          mu    sigma.sq 
 3.00000000 27.24345326  2.51497974  0.06299565 
