000 (066.1418.000) 07/26 17:14:46 Job submitted from host: <160.36.155.106:9618?addrs=160.36.155.106-9618&noUDP&sock=27742_4872_4>
...
012 (066.1418.000) 08/03 14:17:12 Job was held.
	via condor_hold (by user bomeara)
	Code 1 Subcode 0
...
013 (066.1418.000) 08/05 22:27:59 Job was released.
	via condor_release (by user bomeara)
...
012 (066.1418.000) 08/09 10:36:05 Job was held.
	via condor_hold (by user bomeara)
	Code 1 Subcode 0
...
013 (066.1418.000) 08/09 13:05:17 Job was released.
	via condor_release (by user bomeara)
...
001 (066.1418.000) 09/11 22:52:40 Job executing on host: <10.128.151.149:9618?addrs=10.128.151.149-9618&noUDP&sock=2702_ecfc_4>
...
006 (066.1418.000) 09/11 22:52:50 Image size of job updated: 220500
	216  -  MemoryUsage of job (MB)
	220500  -  ResidentSetSize of job (KB)
...
006 (066.1418.000) 09/11 22:57:50 Image size of job updated: 227760
	223  -  MemoryUsage of job (MB)
	227760  -  ResidentSetSize of job (KB)
...
006 (066.1418.000) 09/12 11:19:06 Image size of job updated: 228444
	224  -  MemoryUsage of job (MB)
	228444  -  ResidentSetSize of job (KB)
...
005 (066.1418.000) 09/12 11:26:56 Job terminated.
	(1) Normal termination (return value 0)
		Usr 0 12:33:47, Sys 0 00:00:02  -  Run Remote Usage
		Usr 0 00:00:00, Sys 0 00:00:00  -  Run Local Usage
		Usr 0 12:33:47, Sys 0 00:00:02  -  Total Remote Usage
		Usr 0 00:00:00, Sys 0 00:00:00  -  Total Local Usage
	27974  -  Run Bytes Sent By Job
	2422  -  Run Bytes Received By Job
	27974  -  Total Bytes Sent By Job
	2422  -  Total Bytes Received By Job
	Partitionable Resources :    Usage  Request Allocated 
	   Cpus                 :     1.00        1         1 
	   Disk (KB)            :    45           4   1811004 
	   Memory (MB)          :   224           1       128 
...
