[1] "args"
[1] "66" "9" 
[1] "Now starting analysis"
[1] "Starting with initial values"
         mu    sigma.sq          SE          bt          vh 
1.763364281 0.011088795 0.005544398 1.000000000 0.005544398 
         step     negloglik            mu      sigma.sq            SE 
 1.000000e+00 -3.668042e+01  9.611381e-01  1.046730e-02  8.796541e-06 
           bt            vh 
 1.574250e+00  2.874043e-01 
[1] "New improvement found, resetting step counter"
         step     negloglik            mu      sigma.sq            SE 
 2.000000e+00 -3.908203e+01  1.093726e+00  1.046104e-02  2.026422e-07 
           bt            vh 
 1.900238e+00  3.059264e-03 
         step     negloglik            mu      sigma.sq            SE 
 3.000000e+00 -3.908203e+01  1.093726e+00  1.046104e-02  2.026422e-07 
           bt            vh 
 1.900238e+00  3.059264e-03 
         step     negloglik            mu      sigma.sq            SE 
 4.000000e+00 -3.908203e+01  1.093726e+00  1.046104e-02  2.026422e-07 
           bt            vh 
 1.900238e+00  3.059264e-03 
[1] "Now starting analysis"
[1] "Starting with initial values"
         mu    sigma.sq          bt          vh 
1.763364281 0.011088795 1.000000000 0.005544398 
         step     negloglik            mu      sigma.sq            bt 
 1.000000e+00 -3.912159e+01  1.046629e+00  1.034318e-02  2.082657e+00 
           vh 
 1.270610e-05 
[1] "New improvement found, resetting step counter"
         step     negloglik            mu      sigma.sq            bt 
 2.000000e+00 -3.917225e+01  1.048021e+00  1.028130e-02  2.020239e+00 
           vh 
 5.159177e-04 
         step     negloglik            mu      sigma.sq            bt 
 3.000000e+00 -3.917225e+01  1.048021e+00  1.028130e-02  2.020239e+00 
           vh 
 5.159177e-04 
[1] "New improvement found, but slight; taking the best value, but not resetting the step counter"
         step     negloglik            mu      sigma.sq            bt 
 4.000000e+00 -3.917507e+01  1.011280e+00  1.011517e-02  2.050611e+00 
           vh 
 6.012341e-04 
[1] "Now starting analysis"
[1] "Starting with initial values"
         mu    sigma.sq          SE          vh 
1.763364281 0.011088795 0.005544398 0.005544398 
         step     negloglik            mu      sigma.sq            SE 
 1.000000e+00 -3.467234e+01  1.150790e+00  9.772926e-03  1.213003e-08 
           vh 
 3.972829e-01 
[1] "New improvement found, resetting step counter"
         step     negloglik            mu      sigma.sq            SE 
 2.000000e+00 -3.484940e+01  1.306274e+00  9.772938e-03  3.183827e-08 
           vh 
 4.507800e-01 
         step     negloglik            mu      sigma.sq            SE 
 3.000000e+00 -3.484940e+01  1.306274e+00  9.772938e-03  3.183827e-08 
           vh 
 4.507800e-01 
         step     negloglik            mu      sigma.sq            SE 
 4.000000e+00 -3.484940e+01  1.306274e+00  9.772938e-03  3.183827e-08 
           vh 
 4.507800e-01 
[1] "Now starting analysis"
[1] "Starting with initial values"
         mu    sigma.sq          vh 
1.763364281 0.011088795 0.005544398 
        step    negloglik           mu     sigma.sq           vh 
  1.00000000 -34.92370644   1.39524962   0.01024603   0.51734307 
        step    negloglik           mu     sigma.sq           vh 
  2.00000000 -34.92370644   1.39524962   0.01024603   0.51734307 
        step    negloglik           mu     sigma.sq           vh 
  3.00000000 -34.92370644   1.39524962   0.01024603   0.51734307 
[1] "Now starting analysis"
[1] "Starting with initial values"
         mu    sigma.sq          SE          bt 
1.763364281 0.011088795 0.005544398 1.000000000 
         step     negloglik            mu      sigma.sq            SE 
 1.000000e+00 -3.867036e+01  1.526854e+00  9.922694e-03  1.190122e-07 
           bt 
 1.818581e+00 
[1] "New improvement found, resetting step counter"
         step     negloglik            mu      sigma.sq            SE 
 2.000000e+00 -3.919224e+01  1.150409e+00  9.922743e-03  2.273767e-07 
           bt 
 1.928604e+00 
         step     negloglik            mu      sigma.sq            SE 
 3.000000e+00 -3.919224e+01  1.150409e+00  9.922743e-03  2.273767e-07 
           bt 
 1.928604e+00 
[1] "New improvement found, but slight; taking the best value, but not resetting the step counter"
         step     negloglik            mu      sigma.sq            SE 
 4.000000e+00 -3.919840e+01  1.143502e+00  1.012537e-02  2.870320e-08 
           bt 
 1.947279e+00 
[1] "Now starting analysis"
[1] "Starting with initial values"
       mu  sigma.sq        bt 
1.7633643 0.0110888 1.0000000 
        step    negloglik           mu     sigma.sq           bt 
  1.00000000 -39.21736638   1.07629811   0.01001401   1.99283831 
        step    negloglik           mu     sigma.sq           bt 
  2.00000000 -39.21736638   1.07629811   0.01001401   1.99283831 
        step    negloglik           mu     sigma.sq           bt 
  3.00000000 -39.21736638   1.07629811   0.01001401   1.99283831 
[1] "Now starting analysis"
[1] "Starting with initial values"
         mu    sigma.sq          SE 
1.763364281 0.011088795 0.005544398 
         step     negloglik            mu      sigma.sq            SE 
 1.000000e+00 -3.098144e+01  1.848869e+00  1.065144e-02  6.819672e-08 
[1] "New improvement found, resetting step counter"
         step     negloglik            mu      sigma.sq            SE 
 2.000000e+00 -3.099197e+01  1.822185e+00  1.065142e-02  1.415939e-08 
[1] "New improvement found, but slight; taking the best value, but not resetting the step counter"
         step     negloglik            mu      sigma.sq            SE 
 3.000000e+00 -3.099533e+01  1.718505e+00  1.069977e-02  6.355578e-08 
         step     negloglik            mu      sigma.sq            SE 
 4.000000e+00 -3.099533e+01  1.718505e+00  1.069977e-02  6.355578e-08 
[1] "Now starting analysis"
[1] "Starting with initial values"
       mu  sigma.sq 
1.7633643 0.0110888 
        step    negloglik           mu     sigma.sq 
  1.00000000 -31.18428269   1.74106392   0.01160541 
        step    negloglik           mu     sigma.sq 
  2.00000000 -31.18428269   1.74106392   0.01160541 
[1] "New improvement found, but slight; taking the best value, but not resetting the step counter"
        step    negloglik           mu     sigma.sq 
  3.00000000 -31.18512979   1.77032855   0.01145688 
