000 (066.1087.000) 07/26 17:14:46 Job submitted from host: <160.36.155.106:9618?addrs=160.36.155.106-9618&noUDP&sock=27742_4872_4>
...
012 (066.1087.000) 08/03 14:16:55 Job was held.
	via condor_hold (by user bomeara)
	Code 1 Subcode 0
...
013 (066.1087.000) 08/05 22:27:42 Job was released.
	via condor_release (by user bomeara)
...
012 (066.1087.000) 08/09 10:35:43 Job was held.
	via condor_hold (by user bomeara)
	Code 1 Subcode 0
...
013 (066.1087.000) 08/09 13:05:00 Job was released.
	via condor_release (by user bomeara)
...
001 (066.1087.000) 08/24 17:59:39 Job executing on host: <10.128.213.253:9618?addrs=10.128.213.253-9618&noUDP&sock=2256_01bf_4>
...
006 (066.1087.000) 08/24 17:59:48 Image size of job updated: 234156
	229  -  MemoryUsage of job (MB)
	234156  -  ResidentSetSize of job (KB)
...
006 (066.1087.000) 08/24 18:04:49 Image size of job updated: 250400
	245  -  MemoryUsage of job (MB)
	250400  -  ResidentSetSize of job (KB)
...
006 (066.1087.000) 08/25 07:06:06 Image size of job updated: 250452
	245  -  MemoryUsage of job (MB)
	250452  -  ResidentSetSize of job (KB)
...
005 (066.1087.000) 08/25 15:01:17 Job terminated.
	(1) Normal termination (return value 0)
		Usr 0 20:59:48, Sys 0 00:00:10  -  Run Remote Usage
		Usr 0 00:00:00, Sys 0 00:00:00  -  Run Local Usage
		Usr 0 20:59:48, Sys 0 00:00:10  -  Total Remote Usage
		Usr 0 00:00:00, Sys 0 00:00:00  -  Total Local Usage
	31606  -  Run Bytes Sent By Job
	2422  -  Run Bytes Received By Job
	31606  -  Total Bytes Sent By Job
	2422  -  Total Bytes Received By Job
	Partitionable Resources :    Usage  Request Allocated 
	   Cpus                 :     0.98        1         1 
	   Disk (KB)            :    49           4    892992 
	   Memory (MB)          :   245           1       128 
...
