000 (066.1263.000) 07/26 17:14:46 Job submitted from host: <160.36.155.106:9618?addrs=160.36.155.106-9618&noUDP&sock=27742_4872_4>
...
012 (066.1263.000) 08/03 14:17:04 Job was held.
	via condor_hold (by user bomeara)
	Code 1 Subcode 0
...
013 (066.1263.000) 08/05 22:27:51 Job was released.
	via condor_release (by user bomeara)
...
012 (066.1263.000) 08/09 10:35:55 Job was held.
	via condor_hold (by user bomeara)
	Code 1 Subcode 0
...
013 (066.1263.000) 08/09 13:05:09 Job was released.
	via condor_release (by user bomeara)
...
001 (066.1263.000) 08/31 13:16:48 Job executing on host: <10.129.199.164:9618?addrs=10.129.199.164-9618&noUDP&sock=2350_7ba6_4>
...
006 (066.1263.000) 08/31 13:16:56 Image size of job updated: 243228
	238  -  MemoryUsage of job (MB)
	243228  -  ResidentSetSize of job (KB)
...
006 (066.1263.000) 09/02 06:06:09 Image size of job updated: 246780
	241  -  MemoryUsage of job (MB)
	246780  -  ResidentSetSize of job (KB)
...
006 (066.1263.000) 09/02 21:37:45 Image size of job updated: 248220
	243  -  MemoryUsage of job (MB)
	248220  -  ResidentSetSize of job (KB)
...
005 (066.1263.000) 09/03 06:01:17 Job terminated.
	(1) Normal termination (return value 0)
		Usr 2 16:39:01, Sys 0 00:00:24  -  Run Remote Usage
		Usr 0 00:00:00, Sys 0 00:00:00  -  Run Local Usage
		Usr 2 16:39:01, Sys 0 00:00:24  -  Total Remote Usage
		Usr 0 00:00:00, Sys 0 00:00:00  -  Total Local Usage
	31307  -  Run Bytes Sent By Job
	2422  -  Run Bytes Received By Job
	31307  -  Total Bytes Sent By Job
	2422  -  Total Bytes Received By Job
	Partitionable Resources :    Usage  Request Allocated 
	   Cpus                 :     1.00        1         1 
	   Disk (KB)            :    49           4    889887 
	   Memory (MB)          :   243           1       128 
...
