[1] "args"
[1] "66"   "1588"
[1] "Now starting analysis"
[1] "Starting with initial values"
        mu   sigma.sq         SE         bt         vh 
1.01129564 0.01057732 0.00528866 1.00000000 0.00528866 
         step     negloglik            mu      sigma.sq            SE 
 1.000000e+00 -1.211289e+01  8.480444e-01  9.026530e-03  3.205186e-06 
           bt            vh 
 1.095885e+00  5.062264e-03 
[1] "New improvement found, resetting step counter"
         step     negloglik            mu      sigma.sq            SE 
 2.000000e+00 -1.212459e+01  8.685368e-01  9.025599e-03  5.554537e-07 
           bt            vh 
 1.085223e+00  4.513630e-03 
         step     negloglik            mu      sigma.sq            SE 
 3.000000e+00 -1.212459e+01  8.685368e-01  9.025599e-03  5.554537e-07 
           bt            vh 
 1.085223e+00  4.513630e-03 
         step     negloglik            mu      sigma.sq            SE 
 4.000000e+00 -1.212459e+01  8.685368e-01  9.025599e-03  5.554537e-07 
           bt            vh 
 1.085223e+00  4.513630e-03 
[1] "Now starting analysis"
[1] "Starting with initial values"
        mu   sigma.sq         bt         vh 
1.01129564 0.01057732 1.00000000 0.00528866 
         step     negloglik            mu      sigma.sq            bt 
  1.000000000 -12.137054192   0.934359755   0.009045142   1.046349468 
           vh 
  0.002013441 
         step     negloglik            mu      sigma.sq            bt 
  2.000000000 -12.137054192   0.934359755   0.009045142   1.046349468 
           vh 
  0.002013441 
         step     negloglik            mu      sigma.sq            bt 
  3.000000000 -12.137054192   0.934359755   0.009045142   1.046349468 
           vh 
  0.002013441 
[1] "Now starting analysis"
[1] "Starting with initial values"
        mu   sigma.sq         SE         vh 
1.01129564 0.01057732 0.00528866 0.00528866 
         step     negloglik            mu      sigma.sq            SE 
 1.000000e+00 -1.209013e+01  1.059949e+00  9.007569e-03  1.147646e-05 
           vh 
 6.691352e-05 
[1] "New improvement found, but slight; taking the best value, but not resetting the step counter"
         step     negloglik            mu      sigma.sq            SE 
 2.000000e+00 -1.209144e+01  1.165944e+00  9.007569e-03  1.147646e-05 
           vh 
 6.691352e-05 
         step     negloglik            mu      sigma.sq            SE 
 3.000000e+00 -1.209144e+01  1.165944e+00  9.007569e-03  1.147646e-05 
           vh 
 6.691352e-05 
[1] "Now starting analysis"
[1] "Starting with initial values"
        mu   sigma.sq         vh 
1.01129564 0.01057732 0.00528866 
         step     negloglik            mu      sigma.sq            vh 
 1.000000e+00 -1.210400e+01  1.106596e+00  9.228223e-03  1.296181e-04 
[1] "New improvement found, but slight; taking the best value, but not resetting the step counter"
         step     negloglik            mu      sigma.sq            vh 
 2.000000e+00 -1.210406e+01  1.138760e+00  9.233198e-03  6.665448e-06 
         step     negloglik            mu      sigma.sq            vh 
 3.000000e+00 -1.210406e+01  1.138760e+00  9.233198e-03  6.665448e-06 
[1] "Now starting analysis"
[1] "Starting with initial values"
        mu   sigma.sq         SE         bt 
1.01129564 0.01057732 0.00528866 1.00000000 
         step     negloglik            mu      sigma.sq            SE 
 1.000000e+00 -1.210785e+01  1.047934e+00  9.145348e-03  5.039081e-06 
           bt 
 1.038043e+00 
[1] "New improvement found, resetting step counter"
         step     negloglik            mu      sigma.sq            SE 
 2.000000e+00 -1.211935e+01  9.897942e-01  9.144755e-03  3.088919e-06 
           bt 
 1.038069e+00 
         step     negloglik            mu      sigma.sq            SE 
 3.000000e+00 -1.211935e+01  9.897942e-01  9.144755e-03  3.088919e-06 
           bt 
 1.038069e+00 
         step     negloglik            mu      sigma.sq            SE 
 4.000000e+00 -1.211935e+01  9.897942e-01  9.144755e-03  3.088919e-06 
           bt 
 1.038069e+00 
[1] "Now starting analysis"
[1] "Starting with initial values"
        mu   sigma.sq         bt 
1.01129564 0.01057732 1.00000000 
         step     negloglik            mu      sigma.sq            bt 
  1.000000000 -12.123250874   1.060485102   0.009084956   1.015479612 
         step     negloglik            mu      sigma.sq            bt 
  2.000000000 -12.123250874   1.060485102   0.009084956   1.015479612 
         step     negloglik            mu      sigma.sq            bt 
  3.000000000 -12.123250874   1.060485102   0.009084956   1.015479612 
[1] "Now starting analysis"
[1] "Starting with initial values"
        mu   sigma.sq         SE 
1.01129564 0.01057732 0.00528866 
         step     negloglik            mu      sigma.sq            SE 
 1.000000e+00 -1.210665e+01  1.110446e+00  9.093070e-03  1.063497e-06 
         step     negloglik            mu      sigma.sq            SE 
 2.000000e+00 -1.210665e+01  1.110446e+00  9.093070e-03  1.063497e-06 
         step     negloglik            mu      sigma.sq            SE 
 3.000000e+00 -1.210665e+01  1.110446e+00  9.093070e-03  1.063497e-06 
[1] "Now starting analysis"
[1] "Starting with initial values"
        mu   sigma.sq 
1.01129564 0.01057732 
         step     negloglik            mu      sigma.sq 
  1.000000000 -12.099791014   1.113017755   0.009392207 
[1] "New improvement found, but slight; taking the best value, but not resetting the step counter"
         step     negloglik            mu      sigma.sq 
  2.000000000 -12.106558986   1.099268072   0.009066128 
         step     negloglik            mu      sigma.sq 
  3.000000000 -12.106558986   1.099268072   0.009066128 
