[1] "args"
[1] "66"  "292"
[1] "Now starting analysis"
[1] "Starting with initial values"
         mu    sigma.sq          SE          bt          vh 
1.350448018 0.006819508 0.003409754 1.000000000 0.003409754 
         step     negloglik            mu      sigma.sq            SE 
 1.000000e+00 -2.578712e+01  8.548506e-01  4.047657e-03  3.243516e-05 
           bt            vh 
 1.236119e+00  1.147730e-04 
[1] "New improvement found, resetting step counter"
         step     negloglik            mu      sigma.sq            SE 
 2.000000e+00 -2.580059e+01  8.118844e-01  4.048902e-03  3.605128e-05 
           bt            vh 
 1.244214e+00  1.940695e-04 
         step     negloglik            mu      sigma.sq            SE 
 3.000000e+00 -2.580059e+01  8.118844e-01  4.048902e-03  3.605128e-05 
           bt            vh 
 1.244214e+00  1.940695e-04 
         step     negloglik            mu      sigma.sq            SE 
 4.000000e+00 -2.580059e+01  8.118844e-01  4.048902e-03  3.605128e-05 
           bt            vh 
 1.244214e+00  1.940695e-04 
[1] "Now starting analysis"
[1] "Starting with initial values"
         mu    sigma.sq          bt          vh 
1.350448018 0.006819508 1.000000000 0.003409754 
         step     negloglik            mu      sigma.sq            bt 
 1.000000e+00 -2.483473e+01  1.163139e+00  4.904997e-03  1.248510e+00 
           vh 
 1.058619e-04 
[1] "New improvement found, resetting step counter"
         step     negloglik            mu      sigma.sq            bt 
 2.000000e+00 -2.564635e+01  8.040495e-01  4.659573e-03  1.245815e+00 
           vh 
 4.937906e-04 
         step     negloglik            mu      sigma.sq            bt 
 3.000000e+00 -2.564635e+01  8.040495e-01  4.659573e-03  1.245815e+00 
           vh 
 4.937906e-04 
         step     negloglik            mu      sigma.sq            bt 
 4.000000e+00 -2.564635e+01  8.040495e-01  4.659573e-03  1.245815e+00 
           vh 
 4.937906e-04 
[1] "Now starting analysis"
[1] "Starting with initial values"
         mu    sigma.sq          SE          vh 
1.350448018 0.006819508 0.003409754 0.003409754 
         step     negloglik            mu      sigma.sq            SE 
 1.000000e+00 -2.288863e+01  1.394767e+00  4.453371e-03  2.127380e-05 
           vh 
 5.073474e-02 
[1] "New improvement found, resetting step counter"
         step     negloglik            mu      sigma.sq            SE 
 2.000000e+00 -2.317813e+01  1.311852e+00  4.456369e-03  2.961291e-05 
           vh 
 1.780629e-02 
         step     negloglik            mu      sigma.sq            SE 
 3.000000e+00 -2.317813e+01  1.311852e+00  4.456369e-03  2.961291e-05 
           vh 
 1.780629e-02 
         step     negloglik            mu      sigma.sq            SE 
 4.000000e+00 -2.317813e+01  1.311852e+00  4.456369e-03  2.961291e-05 
           vh 
 1.780629e-02 
[1] "Now starting analysis"
[1] "Starting with initial values"
         mu    sigma.sq          vh 
1.350448018 0.006819508 0.003409754 
         step     negloglik            mu      sigma.sq            vh 
  1.000000000 -23.158526671   1.258615879   0.004869642   0.019323502 
         step     negloglik            mu      sigma.sq            vh 
  2.000000000 -23.158526671   1.258615879   0.004869642   0.019323502 
         step     negloglik            mu      sigma.sq            vh 
  3.000000000 -23.158526671   1.258615879   0.004869642   0.019323502 
[1] "Now starting analysis"
[1] "Starting with initial values"
         mu    sigma.sq          SE          bt 
1.350448018 0.006819508 0.003409754 1.000000000 
         step     negloglik            mu      sigma.sq            SE 
 1.000000e+00 -2.555939e+01  9.710422e-01  4.275267e-03  2.865862e-05 
           bt 
 1.260890e+00 
[1] "New improvement found, resetting step counter"
         step     negloglik            mu      sigma.sq            SE 
 2.000000e+00 -2.580645e+01  8.179623e-01  4.274949e-03  2.538258e-05 
           bt 
 1.240619e+00 
[1] "New improvement found, but slight; taking the best value, but not resetting the step counter"
         step     negloglik            mu      sigma.sq            SE 
 3.000000e+00 -2.581249e+01  7.948567e-01  4.154175e-03  4.632835e-05 
           bt 
 1.246938e+00 
         step     negloglik            mu      sigma.sq            SE 
 4.000000e+00 -2.581249e+01  7.948567e-01  4.154175e-03  4.632835e-05 
           bt 
 1.246938e+00 
[1] "Now starting analysis"
[1] "Starting with initial values"
         mu    sigma.sq          bt 
1.350448018 0.006819508 1.000000000 
         step     negloglik            mu      sigma.sq            bt 
  1.000000000 -25.689780387   0.797524104   0.004258844   1.252186936 
         step     negloglik            mu      sigma.sq            bt 
  2.000000000 -25.689780387   0.797524104   0.004258844   1.252186936 
         step     negloglik            mu      sigma.sq            bt 
  3.000000000 -25.689780387   0.797524104   0.004258844   1.252186936 
[1] "Now starting analysis"
[1] "Starting with initial values"
         mu    sigma.sq          SE 
1.350448018 0.006819508 0.003409754 
         step     negloglik            mu      sigma.sq            SE 
 1.000000e+00 -2.303563e+01  1.388883e+00  5.594800e-03  1.228166e-05 
[1] "New improvement found, resetting step counter"
         step     negloglik            mu      sigma.sq            SE 
 2.000000e+00 -2.305194e+01  1.346985e+00  5.593036e-03  6.061551e-06 
[1] "New improvement found, resetting step counter"
         step     negloglik            mu      sigma.sq            SE 
 3.000000e+00 -2.309417e+01  1.320437e+00  5.220755e-03  6.069321e-06 
         step     negloglik            mu      sigma.sq            SE 
 4.000000e+00 -2.309417e+01  1.320437e+00  5.220755e-03  6.069321e-06 
         step     negloglik            mu      sigma.sq            SE 
 5.000000e+00 -2.309417e+01  1.320437e+00  5.220755e-03  6.069321e-06 
[1] "Now starting analysis"
[1] "Starting with initial values"
         mu    sigma.sq 
1.350448018 0.006819508 
         step     negloglik            mu      sigma.sq 
  1.000000000 -23.067015685   1.348000001   0.005385316 
[1] "New improvement found, but slight; taking the best value, but not resetting the step counter"
         step     negloglik            mu      sigma.sq 
  2.000000000 -23.073630910   1.331248732   0.005187855 
         step     negloglik            mu      sigma.sq 
  3.000000000 -23.073630910   1.331248732   0.005187855 
