000 (066.814.000) 07/26 17:14:46 Job submitted from host: <160.36.155.106:9618?addrs=160.36.155.106-9618&noUDP&sock=27742_4872_4>
...
012 (066.814.000) 08/03 14:16:42 Job was held.
	via condor_hold (by user bomeara)
	Code 1 Subcode 0
...
013 (066.814.000) 08/05 22:27:27 Job was released.
	via condor_release (by user bomeara)
...
012 (066.814.000) 08/09 10:35:25 Job was held.
	via condor_hold (by user bomeara)
	Code 1 Subcode 0
...
013 (066.814.000) 08/09 13:04:46 Job was released.
	via condor_release (by user bomeara)
...
001 (066.814.000) 08/11 07:05:22 Job executing on host: <10.129.167.211:9618?addrs=10.129.167.211-9618&noUDP&sock=2331_7359_4>
...
006 (066.814.000) 08/11 07:05:31 Image size of job updated: 220252
	216  -  MemoryUsage of job (MB)
	220252  -  ResidentSetSize of job (KB)
...
006 (066.814.000) 08/11 07:10:32 Image size of job updated: 224360
	220  -  MemoryUsage of job (MB)
	224360  -  ResidentSetSize of job (KB)
...
006 (066.814.000) 08/11 16:31:30 Image size of job updated: 230204
	225  -  MemoryUsage of job (MB)
	230204  -  ResidentSetSize of job (KB)
...
005 (066.814.000) 08/12 21:58:08 Job terminated.
	(1) Normal termination (return value 0)
		Usr 1 14:49:38, Sys 0 00:00:16  -  Run Remote Usage
		Usr 0 00:00:00, Sys 0 00:00:00  -  Run Local Usage
		Usr 1 14:49:38, Sys 0 00:00:16  -  Total Remote Usage
		Usr 0 00:00:00, Sys 0 00:00:00  -  Total Local Usage
	28826  -  Run Bytes Sent By Job
	2422  -  Run Bytes Received By Job
	28826  -  Total Bytes Sent By Job
	2422  -  Total Bytes Received By Job
	Partitionable Resources :    Usage  Request Allocated 
	   Cpus                 :     1.00        1         1 
	   Disk (KB)            :    46           4    891902 
	   Memory (MB)          :   225           1       128 
...
