[1] "args"
[1] "66"  "268"
[1] "Now starting analysis"
[1] "Starting with initial values"
        mu   sigma.sq         SE         bt         vh 
1.46199814 0.05772795 0.02886397 1.00000000 0.02886397 
        step    negloglik           mu     sigma.sq           SE           bt 
1.000000e+00 1.015710e+01 1.470167e+00 1.045590e-02 3.697923e-02 1.038799e+00 
          vh 
1.053467e-04 
[1] "New improvement found, resetting step counter"
        step    negloglik           mu     sigma.sq           SE           bt 
2.000000e+00 1.011195e+01 1.356128e+00 1.080457e-02 3.857903e-02 1.028007e+00 
          vh 
6.509112e-04 
[1] "New improvement found, resetting step counter"
        step    negloglik           mu     sigma.sq           SE           bt 
3.000000e+00 1.003226e+01 1.517905e+00 8.700005e-03 5.061506e-02 1.021359e+00 
          vh 
3.256516e-04 
        step    negloglik           mu     sigma.sq           SE           bt 
4.000000e+00 1.003226e+01 1.517905e+00 8.700005e-03 5.061506e-02 1.021359e+00 
          vh 
3.256516e-04 
[1] "New improvement found, resetting step counter"
        step    negloglik           mu     sigma.sq           SE           bt 
5.0000000000 9.9915435745 1.4146490683 0.0092828073 0.0452128876 1.0323025772 
          vh 
0.0004821086 
        step    negloglik           mu     sigma.sq           SE           bt 
6.0000000000 9.9915435745 1.4146490683 0.0092828073 0.0452128876 1.0323025772 
          vh 
0.0004821086 
        step    negloglik           mu     sigma.sq           SE           bt 
7.0000000000 9.9915435745 1.4146490683 0.0092828073 0.0452128876 1.0323025772 
          vh 
0.0004821086 
[1] "Now starting analysis"
[1] "Starting with initial values"
        mu   sigma.sq         bt         vh 
1.46199814 0.05772795 1.00000000 0.02886397 
        step    negloglik           mu     sigma.sq           bt           vh 
1.000000e+00 1.742067e+01 1.296735e+00 5.508390e-02 1.047927e+00 3.278769e-04 
        step    negloglik           mu     sigma.sq           bt           vh 
2.000000e+00 1.742067e+01 1.296735e+00 5.508390e-02 1.047927e+00 3.278769e-04 
        step    negloglik           mu     sigma.sq           bt           vh 
3.000000e+00 1.742067e+01 1.296735e+00 5.508390e-02 1.047927e+00 3.278769e-04 
[1] "Now starting analysis"
[1] "Starting with initial values"
        mu   sigma.sq         SE         vh 
1.46199814 0.05772795 0.02886397 0.02886397 
        step    negloglik           mu     sigma.sq           SE           vh 
 1.000000000 10.643600143  1.550650446  0.007258708  0.044038439  0.111781238 
[1] "New improvement found, resetting step counter"
        step    negloglik           mu     sigma.sq           SE           vh 
 2.000000000 10.145989670  1.669552435  0.007594124  0.051328261  0.022996405 
[1] "New improvement found, resetting step counter"
        step    negloglik           mu     sigma.sq           SE           vh 
 3.000000000 10.089370260  1.515567795  0.008123148  0.051180902  0.004651048 
        step    negloglik           mu     sigma.sq           SE           vh 
 4.000000000 10.089370260  1.515567795  0.008123148  0.051180902  0.004651048 
        step    negloglik           mu     sigma.sq           SE           vh 
 5.000000000 10.089370260  1.515567795  0.008123148  0.051180902  0.004651048 
[1] "Now starting analysis"
[1] "Starting with initial values"
        mu   sigma.sq         vh 
1.46199814 0.05772795 0.02886397 
        step    negloglik           mu     sigma.sq           vh 
1.000000e+00 1.750501e+01 1.278887e+00 5.608467e-02 1.515941e-04 
[1] "New improvement found, resetting step counter"
        step    negloglik           mu     sigma.sq           vh 
2.000000e+00 1.749325e+01 1.406776e+00 5.608467e-02 1.515941e-04 
        step    negloglik           mu     sigma.sq           vh 
3.000000e+00 1.749325e+01 1.406776e+00 5.608467e-02 1.515941e-04 
        step    negloglik           mu     sigma.sq           vh 
4.000000e+00 1.749325e+01 1.406776e+00 5.608467e-02 1.515941e-04 
[1] "Now starting analysis"
[1] "Starting with initial values"
        mu   sigma.sq         SE         bt 
1.46199814 0.05772795 0.02886397 1.00000000 
       step   negloglik          mu    sigma.sq          SE          bt 
1.000000000 9.989263211 1.422257754 0.008871864 0.046496740 1.026422759 
[1] "New improvement found, but slight; taking the best value, but not resetting the step counter"
       step   negloglik          mu    sigma.sq          SE          bt 
2.000000000 9.983972624 1.374548182 0.008767375 0.046792220 1.029949673 
       step   negloglik          mu    sigma.sq          SE          bt 
3.000000000 9.983972624 1.374548182 0.008767375 0.046792220 1.029949673 
[1] "Now starting analysis"
[1] "Starting with initial values"
        mu   sigma.sq         bt 
1.46199814 0.05772795 1.00000000 
       step   negloglik          mu    sigma.sq          bt 
 1.00000000 17.42927019  1.46068674  0.05624734  1.03659226 
       step   negloglik          mu    sigma.sq          bt 
 2.00000000 17.42927019  1.46068674  0.05624734  1.03659226 
[1] "New improvement found, but slight; taking the best value, but not resetting the step counter"
       step   negloglik          mu    sigma.sq          bt 
 3.00000000 17.42477941  1.47553482  0.05560466  1.04710535 
[1] "Now starting analysis"
[1] "Starting with initial values"
        mu   sigma.sq         SE 
1.46199814 0.05772795 0.02886397 
        step    negloglik           mu     sigma.sq           SE 
 1.000000000 10.082298329  1.486033872  0.008018428  0.049827793 
[1] "New improvement found, but slight; taking the best value, but not resetting the step counter"
       step   negloglik          mu    sigma.sq          SE 
 2.00000000 10.08186535  1.44874878  0.00816408  0.04995064 
[1] "New improvement found, but slight; taking the best value, but not resetting the step counter"
        step    negloglik           mu     sigma.sq           SE 
 3.000000000 10.078885926  1.453712047  0.008717014  0.048725166 
[1] "Now starting analysis"
[1] "Starting with initial values"
        mu   sigma.sq 
1.46199814 0.05772795 
       step   negloglik          mu    sigma.sq 
 1.00000000 17.49322973  1.53624023  0.05544358 
       step   negloglik          mu    sigma.sq 
 2.00000000 17.49322973  1.53624023  0.05544358 
       step   negloglik          mu    sigma.sq 
 3.00000000 17.49322973  1.53624023  0.05544358 
