[1] "args"
[1] "66"   "1494"
[1] "Now starting analysis"
[1] "Starting with initial values"
        mu   sigma.sq         SE         bt         vh 
0.96103071 0.05938814 0.02969407 1.00000000 0.02969407 
       step   negloglik          mu    sigma.sq          SE          bt 
 1.00000000 17.80026145  0.98630003  0.01312572  0.04880641  1.01440110 
         vh 
 0.04747294 
[1] "New improvement found, resetting step counter"
        step    negloglik           mu     sigma.sq           SE           bt 
2.000000e+00 1.774833e+01 9.689788e-01 1.348081e-02 5.038544e-02 1.109243e+00 
          vh 
7.818901e-04 
        step    negloglik           mu     sigma.sq           SE           bt 
3.000000e+00 1.774833e+01 9.689788e-01 1.348081e-02 5.038544e-02 1.109243e+00 
          vh 
7.818901e-04 
[1] "New improvement found, but slight; taking the best value, but not resetting the step counter"
        step    negloglik           mu     sigma.sq           SE           bt 
 4.000000000 17.746570153  0.954718011  0.013325501  0.050900348  1.092614406 
          vh 
 0.003793412 
[1] "Now starting analysis"
[1] "Starting with initial values"
        mu   sigma.sq         bt         vh 
0.96103071 0.05938814 1.00000000 0.02969407 
       step   negloglik          mu    sigma.sq          bt          vh 
 1.00000000 26.33457619  0.96103071  0.05938814  1.00000000  0.02969407 
       step   negloglik          mu    sigma.sq          bt          vh 
 2.00000000 26.33457619  0.96103071  0.05938814  1.00000000  0.02969407 
       step   negloglik          mu    sigma.sq          bt          vh 
 3.00000000 26.33457619  0.96103071  0.05938814  1.00000000  0.02969407 
[1] "Now starting analysis"
[1] "Starting with initial values"
        mu   sigma.sq         SE         vh 
0.96103071 0.05938814 0.02969407 0.02969407 
       step   negloglik          mu    sigma.sq          SE          vh 
 1.00000000 17.78829255  1.00208008  0.01325811  0.04708073  0.02523491 
[1] "New improvement found, resetting step counter"
        step    negloglik           mu     sigma.sq           SE           vh 
2.000000e+00 1.774759e+01 1.004612e+00 1.335240e-02 4.986677e-02 4.875964e-04 
        step    negloglik           mu     sigma.sq           SE           vh 
3.000000e+00 1.774759e+01 1.004612e+00 1.335240e-02 4.986677e-02 4.875964e-04 
[1] "New improvement found, but slight; taking the best value, but not resetting the step counter"
        step    negloglik           mu     sigma.sq           SE           vh 
4.000000e+00 1.774674e+01 9.315781e-01 1.287878e-02 5.218028e-02 6.353826e-04 
[1] "Now starting analysis"
[1] "Starting with initial values"
        mu   sigma.sq         vh 
0.96103071 0.05938814 0.02969407 
       step   negloglik          mu    sigma.sq          vh 
 1.00000000 26.33457619  0.96103071  0.05938814  0.02969407 
       step   negloglik          mu    sigma.sq          vh 
 2.00000000 26.33457619  0.96103071  0.05938814  0.02969407 
       step   negloglik          mu    sigma.sq          vh 
 3.00000000 26.33457619  0.96103071  0.05938814  0.02969407 
[1] "Now starting analysis"
[1] "Starting with initial values"
        mu   sigma.sq         SE         bt 
0.96103071 0.05938814 0.02969407 1.00000000 
       step   negloglik          mu    sigma.sq          SE          bt 
 1.00000000 17.75141158  0.96199119  0.01373566  0.05056063  1.11701905 
[1] "New improvement found, but slight; taking the best value, but not resetting the step counter"
       step   negloglik          mu    sigma.sq          SE          bt 
 2.00000000 17.74477652  0.94748581  0.01268560  0.05040244  1.09695039 
       step   negloglik          mu    sigma.sq          SE          bt 
 3.00000000 17.74477652  0.94748581  0.01268560  0.05040244  1.09695039 
[1] "Now starting analysis"
[1] "Starting with initial values"
        mu   sigma.sq         bt 
0.96103071 0.05938814 1.00000000 
       step   negloglik          mu    sigma.sq          bt 
 1.00000000 26.32635543  0.96103071  0.05938814  1.00000000 
       step   negloglik          mu    sigma.sq          bt 
 2.00000000 26.32635543  0.96103071  0.05938814  1.00000000 
       step   negloglik          mu    sigma.sq          bt 
 3.00000000 26.32635543  0.96103071  0.05938814  1.00000000 
[1] "Now starting analysis"
[1] "Starting with initial values"
        mu   sigma.sq         SE 
0.96103071 0.05938814 0.02969407 
       step   negloglik          mu    sigma.sq          SE 
 1.00000000 17.74627930  0.93524850  0.01313789  0.05241199 
[1] "New improvement found, but slight; taking the best value, but not resetting the step counter"
       step   negloglik          mu    sigma.sq          SE 
 2.00000000 17.74269922  0.98273412  0.01301147  0.05109203 
       step   negloglik          mu    sigma.sq          SE 
 3.00000000 17.74269922  0.98273412  0.01301147  0.05109203 
[1] "Now starting analysis"
[1] "Starting with initial values"
        mu   sigma.sq 
0.96103071 0.05938814 
       step   negloglik          mu    sigma.sq 
 1.00000000 26.32635543  0.96103071  0.05938814 
       step   negloglik          mu    sigma.sq 
 2.00000000 26.32635543  0.96103071  0.05938814 
       step   negloglik          mu    sigma.sq 
 3.00000000 26.32635543  0.96103071  0.05938814 
