000 (066.1194.000) 07/26 17:14:46 Job submitted from host: <160.36.155.106:9618?addrs=160.36.155.106-9618&noUDP&sock=27742_4872_4>
...
012 (066.1194.000) 08/03 14:17:01 Job was held.
	via condor_hold (by user bomeara)
	Code 1 Subcode 0
...
013 (066.1194.000) 08/05 22:27:48 Job was released.
	via condor_release (by user bomeara)
...
012 (066.1194.000) 08/09 10:35:50 Job was held.
	via condor_hold (by user bomeara)
	Code 1 Subcode 0
...
013 (066.1194.000) 08/09 13:05:06 Job was released.
	via condor_release (by user bomeara)
...
001 (066.1194.000) 08/30 14:21:30 Job executing on host: <10.129.199.164:9618?addrs=10.129.199.164-9618&noUDP&sock=2350_7ba6_4>
...
006 (066.1194.000) 08/30 14:21:39 Image size of job updated: 221240
	215  -  MemoryUsage of job (MB)
	219392  -  ResidentSetSize of job (KB)
...
006 (066.1194.000) 08/30 14:26:40 Image size of job updated: 229572
	223  -  MemoryUsage of job (MB)
	227356  -  ResidentSetSize of job (KB)
...
006 (066.1194.000) 08/30 14:31:41 Image size of job updated: 229580
	223  -  MemoryUsage of job (MB)
	227356  -  ResidentSetSize of job (KB)
...
006 (066.1194.000) 08/30 14:41:41 Image size of job updated: 229588
	223  -  MemoryUsage of job (MB)
	227356  -  ResidentSetSize of job (KB)
...
006 (066.1194.000) 08/30 14:51:42 Image size of job updated: 230604
	224  -  MemoryUsage of job (MB)
	228372  -  ResidentSetSize of job (KB)
...
005 (066.1194.000) 08/30 15:00:30 Job terminated.
	(1) Normal termination (return value 0)
		Usr 0 00:38:38, Sys 0 00:00:00  -  Run Remote Usage
		Usr 0 00:00:00, Sys 0 00:00:00  -  Run Local Usage
		Usr 0 00:38:38, Sys 0 00:00:00  -  Total Remote Usage
		Usr 0 00:00:00, Sys 0 00:00:00  -  Total Local Usage
	28720  -  Run Bytes Sent By Job
	2422  -  Run Bytes Received By Job
	28720  -  Total Bytes Sent By Job
	2422  -  Total Bytes Received By Job
	Partitionable Resources :    Usage  Request Allocated 
	   Cpus                 :     1.00        1         1 
	   Disk (KB)            :    46           4    889887 
	   Memory (MB)          :   224           1       128 
...
