000 (066.1380.000) 07/26 17:14:46 Job submitted from host: <160.36.155.106:9618?addrs=160.36.155.106-9618&noUDP&sock=27742_4872_4>
...
012 (066.1380.000) 08/03 14:17:10 Job was held.
	via condor_hold (by user bomeara)
	Code 1 Subcode 0
...
013 (066.1380.000) 08/05 22:27:57 Job was released.
	via condor_release (by user bomeara)
...
012 (066.1380.000) 08/09 10:36:02 Job was held.
	via condor_hold (by user bomeara)
	Code 1 Subcode 0
...
013 (066.1380.000) 08/09 13:05:15 Job was released.
	via condor_release (by user bomeara)
...
001 (066.1380.000) 09/04 07:55:35 Job executing on host: <10.129.167.211:9618?addrs=10.129.167.211-9618&noUDP&sock=2343_ae7c_4>
...
006 (066.1380.000) 09/04 07:55:43 Image size of job updated: 218048
	213  -  MemoryUsage of job (MB)
	217608  -  ResidentSetSize of job (KB)
...
006 (066.1380.000) 09/04 08:00:43 Image size of job updated: 235260
	230  -  MemoryUsage of job (MB)
	234820  -  ResidentSetSize of job (KB)
...
005 (066.1380.000) 09/04 11:10:48 Job terminated.
	(1) Normal termination (return value 0)
		Usr 0 03:14:40, Sys 0 00:00:02  -  Run Remote Usage
		Usr 0 00:00:00, Sys 0 00:00:00  -  Run Local Usage
		Usr 0 03:14:40, Sys 0 00:00:02  -  Total Remote Usage
		Usr 0 00:00:00, Sys 0 00:00:00  -  Total Local Usage
	28754  -  Run Bytes Sent By Job
	2422  -  Run Bytes Received By Job
	28754  -  Total Bytes Sent By Job
	2422  -  Total Bytes Received By Job
	Partitionable Resources :    Usage  Request Allocated 
	   Cpus                 :     1.00        1         1 
	   Disk (KB)            :    46           4    892296 
	   Memory (MB)          :   230           1       128 
...
