[1] "args"
[1] "66"  "992"
[1] "Now starting analysis"
[1] "Starting with initial values"
        mu   sigma.sq         SE         bt         vh 
2.40232926 0.06047452 0.03023726 1.00000000 0.03023726 
       step   negloglik          mu    sigma.sq          SE          bt 
1.000000000 7.913403327 2.476420714 0.003863373 0.042481386 1.100973369 
         vh 
0.070238767 
[1] "New improvement found, resetting step counter"
        step    negloglik           mu     sigma.sq           SE           bt 
2.0000000000 7.2033817922 2.6356990474 0.0045290769 0.0488424905 0.8630920834 
          vh 
0.0008624915 
[1] "New improvement found, resetting step counter"
        step    negloglik           mu     sigma.sq           SE           bt 
3.000000e+00 6.988729e+00 2.614143e+00 2.768406e-03 5.410307e-02 8.849832e-01 
          vh 
6.883753e-05 
        step    negloglik           mu     sigma.sq           SE           bt 
4.000000e+00 6.988729e+00 2.614143e+00 2.768406e-03 5.410307e-02 8.849832e-01 
          vh 
6.883753e-05 
        step    negloglik           mu     sigma.sq           SE           bt 
5.000000e+00 6.988729e+00 2.614143e+00 2.768406e-03 5.410307e-02 8.849832e-01 
          vh 
6.883753e-05 
[1] "Now starting analysis"
[1] "Starting with initial values"
        mu   sigma.sq         bt         vh 
2.40232926 0.06047452 1.00000000 0.03023726 
        step    negloglik           mu     sigma.sq           bt           vh 
 1.000000000 22.067956327  2.648569082  0.062666777  0.881029766  0.001747235 
[1] "New improvement found, but slight; taking the best value, but not resetting the step counter"
        step    negloglik           mu     sigma.sq           bt           vh 
 2.000000000 22.066856407  2.614566339  0.062368541  0.855709338  0.001740329 
[1] "New improvement found, but slight; taking the best value, but not resetting the step counter"
        step    negloglik           mu     sigma.sq           bt           vh 
 3.000000000 22.063593246  2.591775271  0.059543623  0.905677433  0.002109266 
[1] "Now starting analysis"
[1] "Starting with initial values"
        mu   sigma.sq         SE         vh 
2.40232926 0.06047452 0.03023726 0.03023726 
      step  negloglik         mu   sigma.sq         SE         vh 
1.00000000 7.87159704 2.63559508 0.00230808 0.06137594 0.09388718 
[1] "New improvement found, resetting step counter"
        step    negloglik           mu     sigma.sq           SE           vh 
2.0000000000 6.9992642702 2.4019372028 0.0027342700 0.0545642474 0.0005254994 
        step    negloglik           mu     sigma.sq           SE           vh 
3.0000000000 6.9992642702 2.4019372028 0.0027342700 0.0545642474 0.0005254994 
[1] "New improvement found, but slight; taking the best value, but not resetting the step counter"
        step    negloglik           mu     sigma.sq           SE           vh 
4.0000000000 6.9955740972 2.4488035046 0.0022651366 0.0602605903 0.0001187543 
[1] "Now starting analysis"
[1] "Starting with initial values"
        mu   sigma.sq         vh 
2.40232926 0.06047452 0.03023726 
        step    negloglik           mu     sigma.sq           vh 
 1.000000000 22.066859137  2.469537071  0.061825654  0.001240684 
        step    negloglik           mu     sigma.sq           vh 
 2.000000000 22.066859137  2.469537071  0.061825654  0.001240684 
        step    negloglik           mu     sigma.sq           vh 
 3.000000000 22.066859137  2.469537071  0.061825654  0.001240684 
[1] "Now starting analysis"
[1] "Starting with initial values"
        mu   sigma.sq         SE         bt 
2.40232926 0.06047452 0.03023726 1.00000000 
       step   negloglik          mu    sigma.sq          SE          bt 
1.000000000 7.584662817 2.936645253 0.001058236 0.085797902 0.769022372 
[1] "New improvement found, resetting step counter"
       step   negloglik          mu    sigma.sq          SE          bt 
2.000000000 6.963115473 2.470496436 0.002092734 0.061011669 0.958176658 
[1] "New improvement found, but slight; taking the best value, but not resetting the step counter"
       step   negloglik          mu    sigma.sq          SE          bt 
3.000000000 6.961754128 2.557720591 0.002152391 0.059771222 0.913439017 
[1] "New improvement found, but slight; taking the best value, but not resetting the step counter"
      step  negloglik         mu   sigma.sq         SE         bt 
4.00000000 6.96157883 2.52201919 0.00210292 0.05909020 0.93490541 
[1] "Now starting analysis"
[1] "Starting with initial values"
        mu   sigma.sq         bt 
2.40232926 0.06047452 1.00000000 
       step   negloglik          mu    sigma.sq          bt 
 1.00000000 22.06025349  2.40232926  0.06047452  1.00000000 
       step   negloglik          mu    sigma.sq          bt 
 2.00000000 22.06025349  2.40232926  0.06047452  1.00000000 
       step   negloglik          mu    sigma.sq          bt 
 3.00000000 22.06025349  2.40232926  0.06047452  1.00000000 
[1] "Now starting analysis"
[1] "Starting with initial values"
        mu   sigma.sq         SE 
2.40232926 0.06047452 0.03023726 
        step    negloglik           mu     sigma.sq           SE 
1.000000e+00 7.979946e+00 2.293936e+00 1.537906e-05 1.107449e-01 
[1] "New improvement found, resetting step counter"
       step   negloglik          mu    sigma.sq          SE 
2.000000000 6.988484883 2.396610071 0.002628912 0.055711346 
[1] "New improvement found, but slight; taking the best value, but not resetting the step counter"
       step   negloglik          mu    sigma.sq          SE 
3.000000000 6.979252508 2.418250813 0.002270761 0.058310738 
[1] "New improvement found, but slight; taking the best value, but not resetting the step counter"
       step   negloglik          mu    sigma.sq          SE 
4.000000000 6.976021103 2.402366967 0.002214255 0.059229239 
[1] "Now starting analysis"
[1] "Starting with initial values"
        mu   sigma.sq 
2.40232926 0.06047452 
       step   negloglik          mu    sigma.sq 
 1.00000000 22.06025349  2.40232926  0.06047452 
       step   negloglik          mu    sigma.sq 
 2.00000000 22.06025349  2.40232926  0.06047452 
       step   negloglik          mu    sigma.sq 
 3.00000000 22.06025349  2.40232926  0.06047452 
