[1] "args"
[1] "66"   "1561"
[1] "Now starting analysis"
[1] "Starting with initial values"
        mu   sigma.sq         SE         bt         vh 
0.40126313 0.19983006 0.09991503 1.00000000 0.09991503 
       step   negloglik          mu    sigma.sq          SE          bt 
 1.00000000 37.36954240  0.48815892  0.00242327  0.08838110  1.24424957 
         vh 
 0.05573553 
[1] "New improvement found, resetting step counter"
        step    negloglik           mu     sigma.sq           SE           bt 
2.000000e+00 3.656004e+01 2.590569e-01 2.128192e-03 9.346649e-02 1.341863e+00 
          vh 
8.111389e-04 
        step    negloglik           mu     sigma.sq           SE           bt 
3.000000e+00 3.656004e+01 2.590569e-01 2.128192e-03 9.346649e-02 1.341863e+00 
          vh 
8.111389e-04 
        step    negloglik           mu     sigma.sq           SE           bt 
4.000000e+00 3.656004e+01 2.590569e-01 2.128192e-03 9.346649e-02 1.341863e+00 
          vh 
8.111389e-04 
[1] "Now starting analysis"
[1] "Starting with initial values"
        mu   sigma.sq         bt         vh 
0.40126313 0.19983006 1.00000000 0.09991503 
        step    negloglik           mu     sigma.sq           bt           vh 
  1.00000000 102.63314428   0.40126313   0.19983006   1.10000000   0.09991503 
[1] "New improvement found, but slight; taking the best value, but not resetting the step counter"
        step    negloglik           mu     sigma.sq           bt           vh 
  2.00000000 102.63272553   0.40126313   0.19983006   1.21000000   0.09991503 
        step    negloglik           mu     sigma.sq           bt           vh 
  3.00000000 102.63272553   0.40126313   0.19983006   1.21000000   0.09991503 
[1] "Now starting analysis"
[1] "Starting with initial values"
        mu   sigma.sq         SE         vh 
0.40126313 0.19983006 0.09991503 0.09991503 
        step    negloglik           mu     sigma.sq           SE           vh 
 1.000000000 37.496090634  0.440633753  0.002604996  0.092900391  0.178071511 
[1] "New improvement found, resetting step counter"
        step    negloglik           mu     sigma.sq           SE           vh 
 2.000000000 37.027531478  0.365624028  0.002381356  0.093771496  0.012850453 
        step    negloglik           mu     sigma.sq           SE           vh 
 3.000000000 37.027531478  0.365624028  0.002381356  0.093771496  0.012850453 
        step    negloglik           mu     sigma.sq           SE           vh 
 4.000000000 37.027531478  0.365624028  0.002381356  0.093771496  0.012850453 
[1] "Now starting analysis"
[1] "Starting with initial values"
        mu   sigma.sq         vh 
0.40126313 0.19983006 0.09991503 
        step    negloglik           mu     sigma.sq           vh 
  1.00000000 102.63549989   0.40126313   0.19983006   0.09991503 
        step    negloglik           mu     sigma.sq           vh 
  2.00000000 102.63549989   0.40126313   0.19983006   0.09991503 
[1] "New improvement found, but slight; taking the best value, but not resetting the step counter"
        step    negloglik           mu     sigma.sq           vh 
  3.00000000 102.63431986   0.46530899   0.20071582   0.07829586 
[1] "Now starting analysis"
[1] "Starting with initial values"
        mu   sigma.sq         SE         bt 
0.40126313 0.19983006 0.09991503 1.00000000 
        step    negloglik           mu     sigma.sq           SE           bt 
 1.000000000 37.015366677  0.449425871  0.002497507  0.089624862  1.292212946 
[1] "New improvement found, resetting step counter"
        step    negloglik           mu     sigma.sq           SE           bt 
 2.000000000 36.546857546  0.219621451  0.001763746  0.097551499  1.507781642 
[1] "New improvement found, resetting step counter"
        step    negloglik           mu     sigma.sq           SE           bt 
 3.000000000 36.536344607  0.174238675  0.001811306  0.095319132  1.560901502 
        step    negloglik           mu     sigma.sq           SE           bt 
 4.000000000 36.536344607  0.174238675  0.001811306  0.095319132  1.560901502 
        step    negloglik           mu     sigma.sq           SE           bt 
 5.000000000 36.536344607  0.174238675  0.001811306  0.095319132  1.560901502 
[1] "Now starting analysis"
[1] "Starting with initial values"
       mu  sigma.sq        bt 
0.4012631 0.1998301 1.0000000 
       step   negloglik          mu    sigma.sq          bt 
  1.0000000 102.6223882   0.4012631   0.1998301   1.1000000 
[1] "New improvement found, but slight; taking the best value, but not resetting the step counter"
       step   negloglik          mu    sigma.sq          bt 
  2.0000000 102.6219604   0.4012631   0.1998301   1.2100000 
       step   negloglik          mu    sigma.sq          bt 
  3.0000000 102.6219604   0.4012631   0.1998301   1.2100000 
[1] "Now starting analysis"
[1] "Starting with initial values"
        mu   sigma.sq         SE 
0.40126313 0.19983006 0.09991503 
        step    negloglik           mu     sigma.sq           SE 
 1.000000000 37.005915804  0.430785732  0.002119676  0.091468837 
[1] "New improvement found, resetting step counter"
        step    negloglik           mu     sigma.sq           SE 
 2.000000000 36.990958531  0.414659313  0.002434414  0.094687888 
[1] "New improvement found, but slight; taking the best value, but not resetting the step counter"
        step    negloglik           mu     sigma.sq           SE 
 3.000000000 36.983268220  0.412084663  0.002435333  0.093968650 
        step    negloglik           mu     sigma.sq           SE 
 4.000000000 36.983268220  0.412084663  0.002435333  0.093968650 
[1] "Now starting analysis"
[1] "Starting with initial values"
       mu  sigma.sq 
0.4012631 0.1998301 
       step   negloglik          mu    sigma.sq 
  1.0000000 102.6247951   0.4012631   0.1998301 
       step   negloglik          mu    sigma.sq 
  2.0000000 102.6247951   0.4012631   0.1998301 
       step   negloglik          mu    sigma.sq 
  3.0000000 102.6247951   0.4012631   0.1998301 
