[1] "args"
[1] "66"   "1371"
[1] "Now starting analysis"
[1] "Starting with initial values"
         mu    sigma.sq          SE          bt          vh 
0.764587106 0.007971543 0.003985772 1.000000000 0.003985772 
         step     negloglik            mu      sigma.sq            SE 
 1.000000e+00 -3.065769e+01  9.122917e-01  7.813383e-03  1.531062e-04 
           bt            vh 
 9.915034e-01  4.337131e-04 
[1] "New improvement found, resetting step counter"
         step     negloglik            mu      sigma.sq            SE 
 2.000000e+00 -3.077975e+01  7.704610e-01  7.824672e-03  1.796539e-04 
           bt            vh 
 9.754641e-01  9.231007e-04 
         step     negloglik            mu      sigma.sq            SE 
 3.000000e+00 -3.077975e+01  7.704610e-01  7.824672e-03  1.796539e-04 
           bt            vh 
 9.754641e-01  9.231007e-04 
         step     negloglik            mu      sigma.sq            SE 
 4.000000e+00 -3.077975e+01  7.704610e-01  7.824672e-03  1.796539e-04 
           bt            vh 
 9.754641e-01  9.231007e-04 
[1] "Now starting analysis"
[1] "Starting with initial values"
         mu    sigma.sq          bt          vh 
0.764587106 0.007971543 1.000000000 0.003985772 
         step     negloglik            mu      sigma.sq            bt 
  1.000000000 -30.708498270   0.752566880   0.007938087   0.986341269 
           vh 
  0.001093412 
[1] "New improvement found, resetting step counter"
         step     negloglik            mu      sigma.sq            bt 
 2.000000e+00 -3.072268e+01  7.594023e-01  7.890168e-03  9.797423e-01 
           vh 
 2.341036e-04 
         step     negloglik            mu      sigma.sq            bt 
 3.000000e+00 -3.072268e+01  7.594023e-01  7.890168e-03  9.797423e-01 
           vh 
 2.341036e-04 
         step     negloglik            mu      sigma.sq            bt 
 4.000000e+00 -3.072268e+01  7.594023e-01  7.890168e-03  9.797423e-01 
           vh 
 2.341036e-04 
[1] "Now starting analysis"
[1] "Starting with initial values"
         mu    sigma.sq          SE          vh 
0.764587106 0.007971543 0.003985772 0.003985772 
         step     negloglik            mu      sigma.sq            SE 
 1.000000e+00 -3.072134e+01  7.932858e-01  7.971082e-03  6.407158e-05 
           vh 
 2.245960e-03 
[1] "New improvement found, but slight; taking the best value, but not resetting the step counter"
         step     negloglik            mu      sigma.sq            SE 
 2.000000e+00 -3.072684e+01  7.494133e-01  7.969267e-03  5.814195e-05 
           vh 
 1.993644e-03 
         step     negloglik            mu      sigma.sq            SE 
 3.000000e+00 -3.072684e+01  7.494133e-01  7.969267e-03  5.814195e-05 
           vh 
 1.993644e-03 
[1] "Now starting analysis"
[1] "Starting with initial values"
         mu    sigma.sq          vh 
0.764587106 0.007971543 0.003985772 
         step     negloglik            mu      sigma.sq            vh 
 1.000000e+00 -3.067195e+01  7.368468e-01  7.829217e-03  1.408691e-04 
         step     negloglik            mu      sigma.sq            vh 
 2.000000e+00 -3.067195e+01  7.368468e-01  7.829217e-03  1.408691e-04 
         step     negloglik            mu      sigma.sq            vh 
 3.000000e+00 -3.067195e+01  7.368468e-01  7.829217e-03  1.408691e-04 
[1] "Now starting analysis"
[1] "Starting with initial values"
         mu    sigma.sq          SE          bt 
0.764587106 0.007971543 0.003985772 1.000000000 
         step     negloglik            mu      sigma.sq            SE 
 1.000000e+00 -3.078005e+01  8.320533e-01  7.876003e-03  9.163006e-05 
           bt 
 9.716031e-01 
[1] "New improvement found, resetting step counter"
         step     negloglik            mu      sigma.sq            SE 
 2.000000e+00 -3.080622e+01  7.661566e-01  7.896207e-03  1.595077e-04 
           bt 
 9.708516e-01 
[1] "New improvement found, but slight; taking the best value, but not resetting the step counter"
        step    negloglik           mu     sigma.sq           SE           bt 
  3.00000000 -30.80885911   0.77385289   0.00800223   0.00011900   0.96762584 
        step    negloglik           mu     sigma.sq           SE           bt 
  4.00000000 -30.80885911   0.77385289   0.00800223   0.00011900   0.96762584 
[1] "Now starting analysis"
[1] "Starting with initial values"
         mu    sigma.sq          bt 
0.764587106 0.007971543 1.000000000 
         step     negloglik            mu      sigma.sq            bt 
  1.000000000 -30.751455808   0.745381377   0.008181324   0.971535012 
         step     negloglik            mu      sigma.sq            bt 
  2.000000000 -30.751455808   0.745381377   0.008181324   0.971535012 
         step     negloglik            mu      sigma.sq            bt 
  3.000000000 -30.751455808   0.745381377   0.008181324   0.971535012 
[1] "Now starting analysis"
[1] "Starting with initial values"
         mu    sigma.sq          SE 
0.764587106 0.007971543 0.003985772 
         step     negloglik            mu      sigma.sq            SE 
 1.000000e+00 -3.066745e+01  7.643725e-01  7.500438e-03  2.864957e-04 
[1] "New improvement found, resetting step counter"
         step     negloglik            mu      sigma.sq            SE 
 2.000000e+00 -3.068773e+01  7.644391e-01  7.469702e-03  1.840991e-04 
         step     negloglik            mu      sigma.sq            SE 
 3.000000e+00 -3.068773e+01  7.644391e-01  7.469702e-03  1.840991e-04 
         step     negloglik            mu      sigma.sq            SE 
 4.000000e+00 -3.068773e+01  7.644391e-01  7.469702e-03  1.840991e-04 
[1] "Now starting analysis"
[1] "Starting with initial values"
         mu    sigma.sq 
0.764587106 0.007971543 
        step    negloglik           mu     sigma.sq 
  1.00000000 -30.70650954   0.72620842   0.00827021 
[1] "New improvement found, but slight; taking the best value, but not resetting the step counter"
         step     negloglik            mu      sigma.sq 
  2.000000000 -30.707912565   0.762660676   0.007986535 
         step     negloglik            mu      sigma.sq 
  3.000000000 -30.707912565   0.762660676   0.007986535 
