[1] "args"
[1] "66" "10"
[1] "Now starting analysis"
[1] "Starting with initial values"
        mu   sigma.sq         SE         bt         vh 
2.47605691 0.03372412 0.01686206 1.00000000 0.01686206 
        step    negloglik           mu     sigma.sq           SE           bt 
1.0000000000 2.1644958570 0.6986944682 0.0104391844 0.0009255891 2.0239770815 
          vh 
0.0001322248 
[1] "New improvement found, resetting step counter"
        step    negloglik           mu     sigma.sq           SE           bt 
2.000000e+00 1.832021e+00 7.515840e-01 1.112035e-02 2.916219e-03 2.024606e+00 
          vh 
5.918139e-06 
        step    negloglik           mu     sigma.sq           SE           bt 
3.000000e+00 1.832021e+00 7.515840e-01 1.112035e-02 2.916219e-03 2.024606e+00 
          vh 
5.918139e-06 
        step    negloglik           mu     sigma.sq           SE           bt 
4.000000e+00 1.832021e+00 7.515840e-01 1.112035e-02 2.916219e-03 2.024606e+00 
          vh 
5.918139e-06 
[1] "Now starting analysis"
[1] "Starting with initial values"
        mu   sigma.sq         bt         vh 
2.47605691 0.03372412 1.00000000 0.01686206 
        step    negloglik           mu     sigma.sq           bt           vh 
1.0000000000 2.7327027693 1.2564785902 0.0148014319 1.9863337361 0.0001222048 
[1] "New improvement found, resetting step counter"
        step    negloglik           mu     sigma.sq           bt           vh 
2.000000e+00 2.280497e+00 7.495223e-01 1.415764e-02 2.027909e+00 2.532511e-05 
        step    negloglik           mu     sigma.sq           bt           vh 
3.000000e+00 2.280497e+00 7.495223e-01 1.415764e-02 2.027909e+00 2.532511e-05 
        step    negloglik           mu     sigma.sq           bt           vh 
4.000000e+00 2.280497e+00 7.495223e-01 1.415764e-02 2.027909e+00 2.532511e-05 
[1] "Now starting analysis"
[1] "Starting with initial values"
        mu   sigma.sq         SE         vh 
2.47605691 0.03372412 0.01686206 0.01686206 
      step  negloglik         mu   sigma.sq         SE         vh 
1.00000000 7.00895194 1.70376426 0.01222966 0.00267741 0.45757416 
[1] "New improvement found, resetting step counter"
      step  negloglik         mu   sigma.sq         SE         vh 
2.00000000 6.87111391 2.11746886 0.01193102 0.00276120 0.60243987 
      step  negloglik         mu   sigma.sq         SE         vh 
3.00000000 6.87111391 2.11746886 0.01193102 0.00276120 0.60243987 
      step  negloglik         mu   sigma.sq         SE         vh 
4.00000000 6.87111391 2.11746886 0.01193102 0.00276120 0.60243987 
[1] "Now starting analysis"
[1] "Starting with initial values"
        mu   sigma.sq         vh 
2.47605691 0.03372412 0.01686206 
      step  negloglik         mu   sigma.sq         vh 
1.00000000 7.19741023 2.19617731 0.01362093 0.51719831 
[1] "New improvement found, resetting step counter"
      step  negloglik         mu   sigma.sq         vh 
2.00000000 7.17860644 2.19595688 0.01428222 0.58408330 
[1] "New improvement found, but slight; taking the best value, but not resetting the step counter"
      step  negloglik         mu   sigma.sq         vh 
3.00000000 7.17797338 2.18725572 0.01395658 0.58852081 
[1] "New improvement found, but slight; taking the best value, but not resetting the step counter"
      step  negloglik         mu   sigma.sq         vh 
4.00000000 7.17675829 2.07019256 0.01411226 0.61360551 
[1] "Now starting analysis"
[1] "Starting with initial values"
        mu   sigma.sq         SE         bt 
2.47605691 0.03372412 0.01686206 1.00000000 
       step   negloglik          mu    sigma.sq          SE          bt 
1.000000000 1.836442517 0.854978801 0.011308225 0.003234772 2.000486034 
[1] "New improvement found, resetting step counter"
       step   negloglik          mu    sigma.sq          SE          bt 
2.000000000 1.811196420 0.774645913 0.011224801 0.003114989 1.993524300 
[1] "New improvement found, but slight; taking the best value, but not resetting the step counter"
      step  negloglik         mu   sigma.sq         SE         bt 
3.00000000 1.80810599 0.81371122 0.01104173 0.00332488 1.98127968 
      step  negloglik         mu   sigma.sq         SE         bt 
4.00000000 1.80810599 0.81371122 0.01104173 0.00332488 1.98127968 
[1] "Now starting analysis"
[1] "Starting with initial values"
        mu   sigma.sq         bt 
2.47605691 0.03372412 1.00000000 
      step  negloglik         mu   sigma.sq         bt 
1.00000000 2.22826326 0.76676521 0.01336937 1.98133957 
[1] "New improvement found, but slight; taking the best value, but not resetting the step counter"
      step  negloglik         mu   sigma.sq         bt 
2.00000000 2.22214487 0.77305079 0.01316199 1.98823881 
[1] "New improvement found, but slight; taking the best value, but not resetting the step counter"
      step  negloglik         mu   sigma.sq         bt 
3.00000000 2.22157240 0.76251828 0.01301236 1.99661053 
[1] "Now starting analysis"
[1] "Starting with initial values"
        mu   sigma.sq         SE 
2.47605691 0.03372412 0.01686206 
       step   negloglik          mu    sigma.sq          SE 
 1.00000000 17.81174337  2.51022638  0.01357976  0.06419435 
[1] "New improvement found, resetting step counter"
       step   negloglik          mu    sigma.sq          SE 
 2.00000000 17.79598771  2.42472267  0.01179592  0.06963720 
       step   negloglik          mu    sigma.sq          SE 
 3.00000000 17.79598771  2.42472267  0.01179592  0.06963720 
       step   negloglik          mu    sigma.sq          SE 
 4.00000000 17.79598771  2.42472267  0.01179592  0.06963720 
[1] "Now starting analysis"
[1] "Starting with initial values"
        mu   sigma.sq 
2.47605691 0.03372412 
       step   negloglik          mu    sigma.sq 
 1.00000000 18.91997765  2.44220457  0.03952738 
       step   negloglik          mu    sigma.sq 
 2.00000000 18.91997765  2.44220457  0.03952738 
       step   negloglik          mu    sigma.sq 
 3.00000000 18.91997765  2.44220457  0.03952738 
