000 (066.669.000) 07/26 17:14:46 Job submitted from host: <160.36.155.106:9618?addrs=160.36.155.106-9618&noUDP&sock=27742_4872_4>
...
012 (066.669.000) 08/03 14:17:34 Job was held.
	via condor_hold (by user bomeara)
	Code 1 Subcode 0
...
013 (066.669.000) 08/05 22:28:20 Job was released.
	via condor_release (by user bomeara)
...
001 (066.669.000) 08/07 00:29:47 Job executing on host: <10.130.28.84:9618?addrs=10.130.28.84-9618&noUDP&sock=69176_8f87_4>
...
006 (066.669.000) 08/07 00:29:56 Image size of job updated: 242940
	238  -  MemoryUsage of job (MB)
	242940  -  ResidentSetSize of job (KB)
...
006 (066.669.000) 08/07 00:34:56 Image size of job updated: 244500
	239  -  MemoryUsage of job (MB)
	244500  -  ResidentSetSize of job (KB)
...
006 (066.669.000) 08/07 21:57:10 Image size of job updated: 248688
	243  -  MemoryUsage of job (MB)
	248688  -  ResidentSetSize of job (KB)
...
006 (066.669.000) 08/08 05:42:58 Image size of job updated: 248912
	244  -  MemoryUsage of job (MB)
	248912  -  ResidentSetSize of job (KB)
...
006 (066.669.000) 08/09 12:06:07 Image size of job updated: 249860
	245  -  MemoryUsage of job (MB)
	249860  -  ResidentSetSize of job (KB)
...
005 (066.669.000) 08/09 14:09:32 Job terminated.
	(1) Normal termination (return value 0)
		Usr 2 13:32:54, Sys 0 00:00:34  -  Run Remote Usage
		Usr 0 00:00:00, Sys 0 00:00:00  -  Run Local Usage
		Usr 2 13:32:54, Sys 0 00:00:34  -  Total Remote Usage
		Usr 0 00:00:00, Sys 0 00:00:00  -  Total Local Usage
	32558  -  Run Bytes Sent By Job
	2422  -  Run Bytes Received By Job
	32558  -  Total Bytes Sent By Job
	2422  -  Total Bytes Received By Job
	Partitionable Resources :    Usage  Request Allocated 
	   Cpus                 :     1.00        1         1 
	   Disk (KB)            :    50           4    891527 
	   Memory (MB)          :   245           1       128 
...
