000 (066.954.000) 07/26 17:14:46 Job submitted from host: <160.36.155.106:9618?addrs=160.36.155.106-9618&noUDP&sock=27742_4872_4>
...
012 (066.954.000) 08/03 14:16:49 Job was held.
	via condor_hold (by user bomeara)
	Code 1 Subcode 0
...
013 (066.954.000) 08/05 22:27:34 Job was released.
	via condor_release (by user bomeara)
...
012 (066.954.000) 08/09 10:35:34 Job was held.
	via condor_hold (by user bomeara)
	Code 1 Subcode 0
...
013 (066.954.000) 08/09 13:04:54 Job was released.
	via condor_release (by user bomeara)
...
001 (066.954.000) 08/17 09:57:07 Job executing on host: <10.128.213.253:9618?addrs=10.128.213.253-9618&noUDP&sock=2256_01bf_4>
...
006 (066.954.000) 08/17 09:57:15 Image size of job updated: 227800
	223  -  MemoryUsage of job (MB)
	227800  -  ResidentSetSize of job (KB)
...
006 (066.954.000) 08/17 10:02:15 Image size of job updated: 227816
	223  -  MemoryUsage of job (MB)
	227816  -  ResidentSetSize of job (KB)
...
005 (066.954.000) 08/17 12:12:02 Job terminated.
	(1) Normal termination (return value 0)
		Usr 0 02:14:43, Sys 0 00:00:01  -  Run Remote Usage
		Usr 0 00:00:00, Sys 0 00:00:00  -  Run Local Usage
		Usr 0 02:14:43, Sys 0 00:00:01  -  Total Remote Usage
		Usr 0 00:00:00, Sys 0 00:00:00  -  Total Local Usage
	29672  -  Run Bytes Sent By Job
	2422  -  Run Bytes Received By Job
	29672  -  Total Bytes Sent By Job
	2422  -  Total Bytes Received By Job
	Partitionable Resources :    Usage  Request Allocated 
	   Cpus                 :     1.00        1         1 
	   Disk (KB)            :    47           4    892992 
	   Memory (MB)          :   223           1       128 
...
