[1] "args"
[1] "66"   "1375"
[1] "Now starting analysis"
[1] "Starting with initial values"
         mu    sigma.sq          SE          bt          vh 
0.387757124 0.011540317 0.005770159 1.000000000 0.005770159 
         step     negloglik            mu      sigma.sq            SE 
 1.000000e+00 -3.212004e+01  4.597696e-01  1.106393e-02  5.362047e-05 
           bt            vh 
 9.641207e-01  2.318403e-01 
[1] "New improvement found, resetting step counter"
         step     negloglik            mu      sigma.sq            SE 
 2.000000e+00 -3.433968e+01  3.095821e-02  1.103787e-02  4.847508e-05 
           bt            vh 
 4.003474e+00  1.838783e-03 
         step     negloglik            mu      sigma.sq            SE 
 3.000000e+00 -3.433968e+01  3.095821e-02  1.103787e-02  4.847508e-05 
           bt            vh 
 4.003474e+00  1.838783e-03 
         step     negloglik            mu      sigma.sq            SE 
 4.000000e+00 -3.433968e+01  3.095821e-02  1.103787e-02  4.847508e-05 
           bt            vh 
 4.003474e+00  1.838783e-03 
[1] "Now starting analysis"
[1] "Starting with initial values"
         mu    sigma.sq          bt          vh 
0.387757124 0.011540317 1.000000000 0.005770159 
        step    negloglik           mu     sigma.sq           bt           vh 
  1.00000000 -33.29660297   0.10783703   0.01144235   1.82812193   0.79272704 
[1] "New improvement found, resetting step counter"
         step     negloglik            mu      sigma.sq            bt 
  2.000000000 -33.986092729   0.240041698   0.011348648   2.492952960 
           vh 
  0.004004925 
[1] "New improvement found, resetting step counter"
         step     negloglik            mu      sigma.sq            bt 
  3.000000000 -34.301436926   0.103330729   0.010781475   3.562984245 
           vh 
  0.001111671 
         step     negloglik            mu      sigma.sq            bt 
  4.000000000 -34.301436926   0.103330729   0.010781475   3.562984245 
           vh 
  0.001111671 
         step     negloglik            mu      sigma.sq            bt 
  5.000000000 -34.301436926   0.103330729   0.010781475   3.562984245 
           vh 
  0.001111671 
[1] "Now starting analysis"
[1] "Starting with initial values"
         mu    sigma.sq          SE          vh 
0.387757124 0.011540317 0.005770159 0.005770159 
         step     negloglik            mu      sigma.sq            SE 
 1.000000e+00 -3.150432e+01  4.044492e-01  1.194533e-02  3.199096e-05 
           vh 
 5.285719e-02 
[1] "New improvement found, resetting step counter"
         step     negloglik            mu      sigma.sq            SE 
 2.000000e+00 -3.267177e+01  7.569403e-02  1.188905e-02  1.268627e-05 
           vh 
 1.213323e+00 
[1] "New improvement found, resetting step counter"
         step     negloglik            mu      sigma.sq            SE 
 3.000000e+00 -3.270952e+01  1.200035e-01  1.176228e-02  2.831881e-05 
           vh 
 1.042267e+00 
         step     negloglik            mu      sigma.sq            SE 
 4.000000e+00 -3.270952e+01  1.200035e-01  1.176228e-02  2.831881e-05 
           vh 
 1.042267e+00 
         step     negloglik            mu      sigma.sq            SE 
 5.000000e+00 -3.270952e+01  1.200035e-01  1.176228e-02  2.831881e-05 
           vh 
 1.042267e+00 
[1] "Now starting analysis"
[1] "Starting with initial values"
         mu    sigma.sq          vh 
0.387757124 0.011540317 0.005770159 
        step    negloglik           mu     sigma.sq           vh 
  1.00000000 -32.78063198   0.24966914   0.01111957   0.98032970 
[1] "New improvement found, resetting step counter"
        step    negloglik           mu     sigma.sq           vh 
  2.00000000 -32.79130549   0.21702339   0.01102384   1.04571692 
[1] "New improvement found, but slight; taking the best value, but not resetting the step counter"
        step    negloglik           mu     sigma.sq           vh 
  3.00000000 -32.79347656   0.16311136   0.01091549   1.16879526 
[1] "New improvement found, resetting step counter"
        step    negloglik           mu     sigma.sq           vh 
  4.00000000 -32.80485974   0.19438879   0.01130914   1.24900587 
[1] "New improvement found, but slight; taking the best value, but not resetting the step counter"
       step   negloglik          mu    sigma.sq          vh 
  5.0000000 -32.8052666   0.2009202   0.0110165   1.2060985 
       step   negloglik          mu    sigma.sq          vh 
  6.0000000 -32.8052666   0.2009202   0.0110165   1.2060985 
[1] "Now starting analysis"
[1] "Starting with initial values"
         mu    sigma.sq          SE          bt 
0.387757124 0.011540317 0.005770159 1.000000000 
         step     negloglik            mu      sigma.sq            SE 
 1.000000e+00 -3.190834e+01  7.699995e-01  1.087053e-02  4.629718e-05 
           bt 
 1.295889e+00 
[1] "New improvement found, resetting step counter"
         step     negloglik            mu      sigma.sq            SE 
 2.000000e+00 -3.436342e+01  1.325425e-01  1.086571e-02  5.999009e-05 
           bt 
 3.824920e+00 
         step     negloglik            mu      sigma.sq            SE 
 3.000000e+00 -3.436342e+01  1.325425e-01  1.086571e-02  5.999009e-05 
           bt 
 3.824920e+00 
         step     negloglik            mu      sigma.sq            SE 
 4.000000e+00 -3.436342e+01  1.325425e-01  1.086571e-02  5.999009e-05 
           bt 
 3.824920e+00 
[1] "Now starting analysis"
[1] "Starting with initial values"
        mu   sigma.sq         bt 
0.38775712 0.01154032 1.00000000 
        step    negloglik           mu     sigma.sq           bt 
  1.00000000 -34.32015511   0.12696850   0.01095009   3.60683826 
        step    negloglik           mu     sigma.sq           bt 
  2.00000000 -34.32015511   0.12696850   0.01095009   3.60683826 
        step    negloglik           mu     sigma.sq           bt 
  3.00000000 -34.32015511   0.12696850   0.01095009   3.60683826 
[1] "Now starting analysis"
[1] "Starting with initial values"
         mu    sigma.sq          SE 
0.387757124 0.011540317 0.005770159 
         step     negloglik            mu      sigma.sq            SE 
 1.000000e+00 -3.117794e+01  5.828369e-01  1.174966e-02  2.514513e-05 
         step     negloglik            mu      sigma.sq            SE 
 2.000000e+00 -3.117794e+01  5.828369e-01  1.174966e-02  2.514513e-05 
         step     negloglik            mu      sigma.sq            SE 
 3.000000e+00 -3.117794e+01  5.828369e-01  1.174966e-02  2.514513e-05 
[1] "Now starting analysis"
[1] "Starting with initial values"
        mu   sigma.sq 
0.38775712 0.01154032 
        step    negloglik           mu     sigma.sq 
  1.00000000 -31.17114818   0.53797514   0.01161605 
        step    negloglik           mu     sigma.sq 
  2.00000000 -31.17114818   0.53797514   0.01161605 
        step    negloglik           mu     sigma.sq 
  3.00000000 -31.17114818   0.53797514   0.01161605 
