[1] "args"
[1] "66"   "1029"
[1] "Now starting analysis"
[1] "Starting with initial values"
         mu    sigma.sq          SE          bt          vh 
1.562860538 0.013390183 0.006695091 1.000000000 0.006695091 
         step     negloglik            mu      sigma.sq            SE 
 1.000000e+00 -1.985742e+01  1.477201e+00  1.326621e-02  1.426446e-05 
           bt            vh 
 1.235260e+00  2.744335e-03 
[1] "New improvement found, resetting step counter"
         step     negloglik            mu      sigma.sq            SE 
 2.000000e+00 -1.997043e+01  1.330982e+00  1.327119e-02  3.323165e-05 
           bt            vh 
 1.172081e+00  9.535768e-04 
[1] "New improvement found, but slight; taking the best value, but not resetting the step counter"
         step     negloglik            mu      sigma.sq            SE 
 3.000000e+00 -1.997204e+01  1.471537e+00  1.388119e-02  6.854980e-06 
           bt            vh 
 1.077650e+00  6.851911e-04 
[1] "New improvement found, but slight; taking the best value, but not resetting the step counter"
         step     negloglik            mu      sigma.sq            SE 
 4.000000e+00 -1.998133e+01  1.452100e+00  1.382927e-02  2.855134e-06 
           bt            vh 
 1.080277e+00  1.150809e-04 
[1] "Now starting analysis"
[1] "Starting with initial values"
         mu    sigma.sq          bt          vh 
1.562860538 0.013390183 1.000000000 0.006695091 
         step     negloglik            mu      sigma.sq            bt 
  1.000000000 -19.992839244   1.540419802   0.013277384   1.041412953 
           vh 
  0.001729514 
         step     negloglik            mu      sigma.sq            bt 
  2.000000000 -19.992839244   1.540419802   0.013277384   1.041412953 
           vh 
  0.001729514 
         step     negloglik            mu      sigma.sq            bt 
  3.000000000 -19.992839244   1.540419802   0.013277384   1.041412953 
           vh 
  0.001729514 
[1] "Now starting analysis"
[1] "Starting with initial values"
         mu    sigma.sq          SE          vh 
1.562860538 0.013390183 0.006695091 0.006695091 
         step     negloglik            mu      sigma.sq            SE 
 1.000000e+00 -1.966970e+01  1.609402e+00  1.344937e-02  1.832440e-05 
           vh 
 5.089279e-02 
[1] "New improvement found, resetting step counter"
         step     negloglik            mu      sigma.sq            SE 
 2.000000e+00 -1.998485e+01  1.542078e+00  1.345520e-02  4.422987e-05 
           vh 
 1.816251e-03 
         step     negloglik            mu      sigma.sq            SE 
 3.000000e+00 -1.998485e+01  1.542078e+00  1.345520e-02  4.422987e-05 
           vh 
 1.816251e-03 
         step     negloglik            mu      sigma.sq            SE 
 4.000000e+00 -1.998485e+01  1.542078e+00  1.345520e-02  4.422987e-05 
           vh 
 1.816251e-03 
[1] "Now starting analysis"
[1] "Starting with initial values"
         mu    sigma.sq          vh 
1.562860538 0.013390183 0.006695091 
         step     negloglik            mu      sigma.sq            vh 
 1.000000e+00 -1.999336e+01  1.565941e+00  1.328102e-02  6.423406e-04 
         step     negloglik            mu      sigma.sq            vh 
 2.000000e+00 -1.999336e+01  1.565941e+00  1.328102e-02  6.423406e-04 
         step     negloglik            mu      sigma.sq            vh 
 3.000000e+00 -1.999336e+01  1.565941e+00  1.328102e-02  6.423406e-04 
[1] "Now starting analysis"
[1] "Starting with initial values"
         mu    sigma.sq          SE          bt 
1.562860538 0.013390183 0.006695091 1.000000000 
         step     negloglik            mu      sigma.sq            SE 
 1.000000e+00 -2.000825e+01  1.555674e+00  1.332893e-02  3.199702e-05 
           bt 
 1.030782e+00 
         step     negloglik            mu      sigma.sq            SE 
 2.000000e+00 -2.000825e+01  1.555674e+00  1.332893e-02  3.199702e-05 
           bt 
 1.030782e+00 
         step     negloglik            mu      sigma.sq            SE 
 3.000000e+00 -2.000825e+01  1.555674e+00  1.332893e-02  3.199702e-05 
           bt 
 1.030782e+00 
[1] "Now starting analysis"
[1] "Starting with initial values"
        mu   sigma.sq         bt 
1.56286054 0.01339018 1.00000000 
        step    negloglik           mu     sigma.sq           bt 
  1.00000000 -20.00859517   1.49192895   0.01346225   1.05496551 
        step    negloglik           mu     sigma.sq           bt 
  2.00000000 -20.00859517   1.49192895   0.01346225   1.05496551 
        step    negloglik           mu     sigma.sq           bt 
  3.00000000 -20.00859517   1.49192895   0.01346225   1.05496551 
[1] "Now starting analysis"
[1] "Starting with initial values"
         mu    sigma.sq          SE 
1.562860538 0.013390183 0.006695091 
         step     negloglik            mu      sigma.sq            SE 
 1.000000e+00 -1.998667e+01  1.642183e+00  1.332476e-02  4.877064e-06 
[1] "New improvement found, resetting step counter"
         step     negloglik            mu      sigma.sq            SE 
 2.000000e+00 -1.999694e+01  1.614796e+00  1.333228e-02  3.208857e-05 
         step     negloglik            mu      sigma.sq            SE 
 3.000000e+00 -1.999694e+01  1.614796e+00  1.333228e-02  3.208857e-05 
         step     negloglik            mu      sigma.sq            SE 
 4.000000e+00 -1.999694e+01  1.614796e+00  1.333228e-02  3.208857e-05 
[1] "Now starting analysis"
[1] "Starting with initial values"
        mu   sigma.sq 
1.56286054 0.01339018 
        step    negloglik           mu     sigma.sq 
  1.00000000 -19.99991743   1.56286054   0.01339018 
        step    negloglik           mu     sigma.sq 
  2.00000000 -19.99991743   1.56286054   0.01339018 
        step    negloglik           mu     sigma.sq 
  3.00000000 -19.99991743   1.56286054   0.01339018 
