000 (066.038.000) 07/26 17:14:45 Job submitted from host: <160.36.155.106:9618?addrs=160.36.155.106-9618&noUDP&sock=27742_4872_4>
...
001 (066.038.000) 07/26 17:14:49 Job executing on host: <10.130.210.206:9618?addrs=10.130.210.206-9618&noUDP&sock=76684_6c96_4>
...
006 (066.038.000) 07/26 17:14:58 Image size of job updated: 220784
	216  -  MemoryUsage of job (MB)
	220784  -  ResidentSetSize of job (KB)
...
006 (066.038.000) 07/26 17:19:59 Image size of job updated: 225116
	220  -  MemoryUsage of job (MB)
	225116  -  ResidentSetSize of job (KB)
...
006 (066.038.000) 07/27 18:42:37 Image size of job updated: 225200
	220  -  MemoryUsage of job (MB)
	225200  -  ResidentSetSize of job (KB)
...
006 (066.038.000) 07/28 04:53:42 Image size of job updated: 225856
	221  -  MemoryUsage of job (MB)
	225856  -  ResidentSetSize of job (KB)
...
006 (066.038.000) 07/29 00:10:42 Image size of job updated: 227148
	222  -  MemoryUsage of job (MB)
	227148  -  ResidentSetSize of job (KB)
...
005 (066.038.000) 07/29 00:38:26 Job terminated.
	(1) Normal termination (return value 0)
		Usr 2 07:19:24, Sys 0 00:00:14  -  Run Remote Usage
		Usr 0 00:00:00, Sys 0 00:00:00  -  Run Local Usage
		Usr 2 07:19:24, Sys 0 00:00:14  -  Total Remote Usage
		Usr 0 00:00:00, Sys 0 00:00:00  -  Total Local Usage
	29203  -  Run Bytes Sent By Job
	2422  -  Run Bytes Received By Job
	29203  -  Total Bytes Sent By Job
	2422  -  Total Bytes Received By Job
	Partitionable Resources :    Usage  Request Allocated 
	   Cpus                 :     1.00        1         1 
	   Disk (KB)            :    46           4    813884 
	   Memory (MB)          :   222           1       128 
...
