[1] "args"
[1] "66"   "1680"
[1] "Now starting analysis"
[1] "Starting with initial values"
         mu    sigma.sq          SE          bt          vh 
1.545576368 0.014122898 0.007061449 1.000000000 0.007061449 
         step     negloglik            mu      sigma.sq            SE 
  1.000000000 -12.366083765   1.843961519   0.005841834   0.005667886 
           bt            vh 
  0.718166376   0.075829321 
[1] "New improvement found, resetting step counter"
         step     negloglik            mu      sigma.sq            SE 
  2.000000000 -12.654892328   1.820684289   0.005328496   0.005503314 
           bt            vh 
  0.548617151   0.001470852 
         step     negloglik            mu      sigma.sq            SE 
  3.000000000 -12.654892328   1.820684289   0.005328496   0.005503314 
           bt            vh 
  0.548617151   0.001470852 
         step     negloglik            mu      sigma.sq            SE 
  4.000000000 -12.654892328   1.820684289   0.005328496   0.005503314 
           bt            vh 
  0.548617151   0.001470852 
[1] "Now starting analysis"
[1] "Starting with initial values"
         mu    sigma.sq          bt          vh 
1.545576368 0.014122898 1.000000000 0.007061449 
       step   negloglik          mu    sigma.sq          bt          vh 
 1.00000000 -9.50549448  1.78876705  0.01390764  0.54845736  0.01093393 
[1] "New improvement found, but slight; taking the best value, but not resetting the step counter"
        step    negloglik           mu     sigma.sq           bt           vh 
 2.000000000 -9.505956187  1.822958566  0.013745860  0.515833679  0.003646127 
        step    negloglik           mu     sigma.sq           bt           vh 
 3.000000000 -9.505956187  1.822958566  0.013745860  0.515833679  0.003646127 
[1] "Now starting analysis"
[1] "Starting with initial values"
         mu    sigma.sq          SE          vh 
1.545576368 0.014122898 0.007061449 0.007061449 
         step     negloglik            mu      sigma.sq            SE 
  1.000000000 -12.215050414   1.558610110   0.005495840   0.005793656 
           vh 
  0.064537086 
[1] "New improvement found, resetting step counter"
        step    negloglik           mu     sigma.sq           SE           vh 
  2.00000000 -12.28471505   1.55066334   0.00547168   0.00560119   0.00360175 
        step    negloglik           mu     sigma.sq           SE           vh 
  3.00000000 -12.28471505   1.55066334   0.00547168   0.00560119   0.00360175 
        step    negloglik           mu     sigma.sq           SE           vh 
  4.00000000 -12.28471505   1.55066334   0.00547168   0.00560119   0.00360175 
[1] "Now starting analysis"
[1] "Starting with initial values"
         mu    sigma.sq          vh 
1.545576368 0.014122898 0.007061449 
        step    negloglik           mu     sigma.sq           vh 
 1.000000000 -9.361258138  1.538852085  0.014290312  0.005316164 
        step    negloglik           mu     sigma.sq           vh 
 2.000000000 -9.361258138  1.538852085  0.014290312  0.005316164 
[1] "New improvement found, but slight; taking the best value, but not resetting the step counter"
        step    negloglik           mu     sigma.sq           vh 
 3.000000000 -9.362183294  1.560203043  0.013958698  0.002934256 
[1] "Now starting analysis"
[1] "Starting with initial values"
         mu    sigma.sq          SE          bt 
1.545576368 0.014122898 0.007061449 1.000000000 
         step     negloglik            mu      sigma.sq            SE 
  1.000000000 -12.656438401   1.846854567   0.005057313   0.005853454 
           bt 
  0.537163009 
[1] "New improvement found, but slight; taking the best value, but not resetting the step counter"
         step     negloglik            mu      sigma.sq            SE 
  2.000000000 -12.661284217   1.797612683   0.005097005   0.006142744 
           bt 
  0.583580729 
[1] "New improvement found, but slight; taking the best value, but not resetting the step counter"
         step     negloglik            mu      sigma.sq            SE 
  3.000000000 -12.665837508   1.766767586   0.005102594   0.005711849 
           bt 
  0.580354165 
[1] "Now starting analysis"
[1] "Starting with initial values"
       mu  sigma.sq        bt 
1.5455764 0.0141229 1.0000000 
      step  negloglik         mu   sigma.sq         bt 
 1.0000000 -9.4976538  1.8326340  0.0135117  0.6096754 
[1] "New improvement found, resetting step counter"
       step   negloglik          mu    sigma.sq          bt 
 2.00000000 -9.51450216  1.82052049  0.01421763  0.56192734 
[1] "New improvement found, but slight; taking the best value, but not resetting the step counter"
       step   negloglik          mu    sigma.sq          bt 
 3.00000000 -9.51506995  1.82276214  0.01407618  0.53733086 
       step   negloglik          mu    sigma.sq          bt 
 4.00000000 -9.51506995  1.82276214  0.01407618  0.53733086 
[1] "Now starting analysis"
[1] "Starting with initial values"
         mu    sigma.sq          SE 
1.545576368 0.014122898 0.007061449 
         step     negloglik            mu      sigma.sq            SE 
  1.000000000 -12.227014059   1.428771683   0.005440467   0.006075534 
[1] "New improvement found, resetting step counter"
         step     negloglik            mu      sigma.sq            SE 
  2.000000000 -12.273209601   1.571648852   0.005440467   0.006075534 
[1] "New improvement found, but slight; taking the best value, but not resetting the step counter"
         step     negloglik            mu      sigma.sq            SE 
  3.000000000 -12.274237462   1.545139954   0.005102987   0.005860528 
[1] "New improvement found, but slight; taking the best value, but not resetting the step counter"
         step     negloglik            mu      sigma.sq            SE 
  4.000000000 -12.277001619   1.509164601   0.005194980   0.005912441 
[1] "Now starting analysis"
[1] "Starting with initial values"
       mu  sigma.sq 
1.5455764 0.0141229 
      step  negloglik         mu   sigma.sq 
 1.0000000 -9.3659073  1.5455764  0.0141229 
      step  negloglik         mu   sigma.sq 
 2.0000000 -9.3659073  1.5455764  0.0141229 
      step  negloglik         mu   sigma.sq 
 3.0000000 -9.3659073  1.5455764  0.0141229 
