[1] "args"
[1] "66"  "477"
[1] "Now starting analysis"
[1] "Starting with initial values"
        mu   sigma.sq         SE         bt         vh 
1.00771993 0.08605950 0.04302975 1.00000000 0.04302975 
        step    negloglik           mu     sigma.sq           SE           bt 
 1.000000000 43.608762491  0.955049506  0.010691544  0.065200024  1.234568497 
          vh 
 0.002493769 
[1] "New improvement found, resetting step counter"
        step    negloglik           mu     sigma.sq           SE           bt 
2.000000e+00 4.178165e+01 6.828887e-01 9.774514e-03 6.119020e-02 1.577372e+00 
          vh 
1.145246e-06 
[1] "New improvement found, resetting step counter"
        step    negloglik           mu     sigma.sq           SE           bt 
 3.000000000 41.725067047  0.725995525  0.009456661  0.061936814  1.615319719 
          vh 
 0.002339751 
        step    negloglik           mu     sigma.sq           SE           bt 
 4.000000000 41.725067047  0.725995525  0.009456661  0.061936814  1.615319719 
          vh 
 0.002339751 
        step    negloglik           mu     sigma.sq           SE           bt 
 5.000000000 41.725067047  0.725995525  0.009456661  0.061936814  1.615319719 
          vh 
 0.002339751 
[1] "Now starting analysis"
[1] "Starting with initial values"
        mu   sigma.sq         bt         vh 
1.00771993 0.08605950 1.00000000 0.04302975 
        step    negloglik           mu     sigma.sq           bt           vh 
 1.000000000 79.239594001  0.580664502  0.083770335  1.712915578  0.008954858 
[1] "New improvement found, resetting step counter"
        step    negloglik           mu     sigma.sq           bt           vh 
 2.000000000 79.221480646  0.751956060  0.083770335  1.712915578  0.008954858 
        step    negloglik           mu     sigma.sq           bt           vh 
 3.000000000 79.221480646  0.751956060  0.083770335  1.712915578  0.008954858 
        step    negloglik           mu     sigma.sq           bt           vh 
 4.000000000 79.221480646  0.751956060  0.083770335  1.712915578  0.008954858 
[1] "Now starting analysis"
[1] "Starting with initial values"
        mu   sigma.sq         SE         vh 
1.00771993 0.08605950 0.04302975 0.04302975 
       step   negloglik          mu    sigma.sq          SE          vh 
 1.00000000 45.23531283  0.97943313  0.01221487  0.05600536  0.19294657 
[1] "New improvement found, resetting step counter"
       step   negloglik          mu    sigma.sq          SE          vh 
 2.00000000 44.92084121  0.82886139  0.01033586  0.06005510  0.38957622 
       step   negloglik          mu    sigma.sq          SE          vh 
 3.00000000 44.92084121  0.82886139  0.01033586  0.06005510  0.38957622 
       step   negloglik          mu    sigma.sq          SE          vh 
 4.00000000 44.92084121  0.82886139  0.01033586  0.06005510  0.38957622 
[1] "Now starting analysis"
[1] "Starting with initial values"
        mu   sigma.sq         vh 
1.00771993 0.08605950 0.04302975 
      step  negloglik         mu   sigma.sq         vh 
 1.0000000 80.4255781  1.0077199  0.0860595  0.1438017 
      step  negloglik         mu   sigma.sq         vh 
 2.0000000 80.4255781  1.0077199  0.0860595  0.1438017 
      step  negloglik         mu   sigma.sq         vh 
 3.0000000 80.4255781  1.0077199  0.0860595  0.1438017 
[1] "Now starting analysis"
[1] "Starting with initial values"
        mu   sigma.sq         SE         bt 
1.00771993 0.08605950 0.04302975 1.00000000 
       step   negloglik          mu    sigma.sq          SE          bt 
 1.00000000 41.88859711  0.76414822  0.01089087  0.05284363  1.69882012 
[1] "New improvement found, resetting step counter"
       step   negloglik          mu    sigma.sq          SE          bt 
 2.00000000 41.80637222  0.69484066  0.01087438  0.05627963  1.62663824 
[1] "New improvement found, resetting step counter"
        step    negloglik           mu     sigma.sq           SE           bt 
 3.000000000 41.699299079  0.770472658  0.009754492  0.059448144  1.651563364 
        step    negloglik           mu     sigma.sq           SE           bt 
 4.000000000 41.699299079  0.770472658  0.009754492  0.059448144  1.651563364 
        step    negloglik           mu     sigma.sq           SE           bt 
 5.000000000 41.699299079  0.770472658  0.009754492  0.059448144  1.651563364 
[1] "Now starting analysis"
[1] "Starting with initial values"
       mu  sigma.sq        bt 
1.0077199 0.0860595 1.0000000 
       step   negloglik          mu    sigma.sq          bt 
 1.00000000 79.20348383  0.59541785  0.08477652  1.82961943 
[1] "New improvement found, but slight; taking the best value, but not resetting the step counter"
       step   negloglik          mu    sigma.sq          bt 
 2.00000000 79.19988274  0.77837979  0.08477652  1.82961943 
       step   negloglik          mu    sigma.sq          bt 
 3.00000000 79.19988274  0.77837979  0.08477652  1.82961943 
[1] "Now starting analysis"
[1] "Starting with initial values"
        mu   sigma.sq         SE 
1.00771993 0.08605950 0.04302975 
       step   negloglik          mu    sigma.sq          SE 
 1.00000000 46.87276500  0.92565194  0.01186918  0.05765155 
[1] "New improvement found, resetting step counter"
       step   negloglik          mu    sigma.sq          SE 
 2.00000000 46.81622142  0.96954384  0.01263891  0.06166321 
       step   negloglik          mu    sigma.sq          SE 
 3.00000000 46.81622142  0.96954384  0.01263891  0.06166321 
       step   negloglik          mu    sigma.sq          SE 
 4.00000000 46.81622142  0.96954384  0.01263891  0.06166321 
[1] "Now starting analysis"
[1] "Starting with initial values"
       mu  sigma.sq 
1.0077199 0.0860595 
      step  negloglik         mu   sigma.sq 
 1.0000000 80.4627526  1.0077199  0.0860595 
      step  negloglik         mu   sigma.sq 
 2.0000000 80.4627526  1.0077199  0.0860595 
      step  negloglik         mu   sigma.sq 
 3.0000000 80.4627526  1.0077199  0.0860595 
