000 (066.163.000) 07/26 17:14:46 Job submitted from host: <160.36.155.106:9618?addrs=160.36.155.106-9618&noUDP&sock=27742_4872_4>
...
001 (066.163.000) 07/26 17:17:47 Job executing on host: <160.36.154.249:9618?addrs=160.36.154.249-9618&noUDP&sock=66431_b80f_4>
...
006 (066.163.000) 07/26 17:17:56 Image size of job updated: 234788
	230  -  MemoryUsage of job (MB)
	234788  -  ResidentSetSize of job (KB)
...
006 (066.163.000) 07/26 17:22:57 Image size of job updated: 246052
	241  -  MemoryUsage of job (MB)
	246052  -  ResidentSetSize of job (KB)
...
006 (066.163.000) 07/26 23:33:37 Image size of job updated: 246948
	242  -  MemoryUsage of job (MB)
	246948  -  ResidentSetSize of job (KB)
...
006 (066.163.000) 07/27 03:14:01 Image size of job updated: 248416
	243  -  MemoryUsage of job (MB)
	248416  -  ResidentSetSize of job (KB)
...
005 (066.163.000) 07/27 06:17:51 Job terminated.
	(1) Normal termination (return value 0)
		Usr 0 12:58:14, Sys 0 00:00:10  -  Run Remote Usage
		Usr 0 00:00:00, Sys 0 00:00:00  -  Run Local Usage
		Usr 0 12:58:14, Sys 0 00:00:10  -  Total Remote Usage
		Usr 0 00:00:00, Sys 0 00:00:00  -  Total Local Usage
	32326  -  Run Bytes Sent By Job
	2422  -  Run Bytes Received By Job
	32326  -  Total Bytes Sent By Job
	2422  -  Total Bytes Received By Job
	Partitionable Resources :    Usage  Request Allocated 
	   Cpus                 :     1.00        1         1 
	   Disk (KB)            :    49           4    202517 
	   Memory (MB)          :   243           1       128 
...
