000 (066.1426.000) 07/26 17:14:46 Job submitted from host: <160.36.155.106:9618?addrs=160.36.155.106-9618&noUDP&sock=27742_4872_4>
...
012 (066.1426.000) 08/03 14:17:12 Job was held.
	via condor_hold (by user bomeara)
	Code 1 Subcode 0
...
013 (066.1426.000) 08/05 22:27:59 Job was released.
	via condor_release (by user bomeara)
...
012 (066.1426.000) 08/09 10:36:05 Job was held.
	via condor_hold (by user bomeara)
	Code 1 Subcode 0
...
013 (066.1426.000) 08/09 13:05:17 Job was released.
	via condor_release (by user bomeara)
...
001 (066.1426.000) 09/12 05:16:45 Job executing on host: <10.128.121.58:9618?addrs=10.128.121.58-9618&noUDP&sock=2350_7ba6_4>
...
006 (066.1426.000) 09/12 05:16:54 Image size of job updated: 220284
	216  -  MemoryUsage of job (MB)
	220284  -  ResidentSetSize of job (KB)
...
006 (066.1426.000) 09/12 05:26:56 Image size of job updated: 228776
	224  -  MemoryUsage of job (MB)
	228776  -  ResidentSetSize of job (KB)
...
006 (066.1426.000) 09/12 05:36:57 Image size of job updated: 228792
	224  -  MemoryUsage of job (MB)
	228792  -  ResidentSetSize of job (KB)
...
005 (066.1426.000) 09/13 09:54:54 Job terminated.
	(1) Normal termination (return value 1)
		Usr 1 04:35:21, Sys 0 00:00:20  -  Run Remote Usage
		Usr 0 00:00:00, Sys 0 00:00:00  -  Run Local Usage
		Usr 1 04:35:21, Sys 0 00:00:20  -  Total Remote Usage
		Usr 0 00:00:00, Sys 0 00:00:00  -  Total Local Usage
	1021  -  Run Bytes Sent By Job
	2422  -  Run Bytes Received By Job
	1021  -  Total Bytes Sent By Job
	2422  -  Total Bytes Received By Job
	Partitionable Resources :    Usage  Request Allocated 
	   Cpus                 :     1.00        1         1 
	   Disk (KB)            :    19           4    888331 
	   Memory (MB)          :   224           1       128 
...
