000 (066.843.000) 07/26 17:14:46 Job submitted from host: <160.36.155.106:9618?addrs=160.36.155.106-9618&noUDP&sock=27742_4872_4>
...
012 (066.843.000) 08/03 14:16:43 Job was held.
	via condor_hold (by user bomeara)
	Code 1 Subcode 0
...
013 (066.843.000) 08/05 22:27:29 Job was released.
	via condor_release (by user bomeara)
...
012 (066.843.000) 08/09 10:35:27 Job was held.
	via condor_hold (by user bomeara)
	Code 1 Subcode 0
...
013 (066.843.000) 08/09 13:04:48 Job was released.
	via condor_release (by user bomeara)
...
001 (066.843.000) 08/11 10:31:21 Job executing on host: <10.128.213.253:9618?addrs=10.128.213.253-9618&noUDP&sock=2256_01bf_4>
...
006 (066.843.000) 08/11 10:31:30 Image size of job updated: 242932
	238  -  MemoryUsage of job (MB)
	242932  -  ResidentSetSize of job (KB)
...
006 (066.843.000) 08/11 10:36:30 Image size of job updated: 242956
	238  -  MemoryUsage of job (MB)
	242956  -  ResidentSetSize of job (KB)
...
006 (066.843.000) 08/11 10:41:30 Image size of job updated: 242972
	238  -  MemoryUsage of job (MB)
	242972  -  ResidentSetSize of job (KB)
...
006 (066.843.000) 08/12 05:03:28 Image size of job updated: 243044
	238  -  MemoryUsage of job (MB)
	243044  -  ResidentSetSize of job (KB)
...
006 (066.843.000) 08/12 07:38:45 Image size of job updated: 248400
	243  -  MemoryUsage of job (MB)
	248400  -  ResidentSetSize of job (KB)
...
006 (066.843.000) 08/12 20:40:05 Image size of job updated: 249424
	244  -  MemoryUsage of job (MB)
	249424  -  ResidentSetSize of job (KB)
...
006 (066.843.000) 08/13 09:21:25 Image size of job updated: 249668
	244  -  MemoryUsage of job (MB)
	249668  -  ResidentSetSize of job (KB)
...
005 (066.843.000) 08/13 18:36:50 Job terminated.
	(1) Normal termination (return value 0)
		Usr 2 08:01:00, Sys 0 00:00:15  -  Run Remote Usage
		Usr 0 00:00:00, Sys 0 00:00:00  -  Run Local Usage
		Usr 2 08:01:00, Sys 0 00:00:15  -  Total Remote Usage
		Usr 0 00:00:00, Sys 0 00:00:00  -  Total Local Usage
	31854  -  Run Bytes Sent By Job
	2422  -  Run Bytes Received By Job
	31854  -  Total Bytes Sent By Job
	2422  -  Total Bytes Received By Job
	Partitionable Resources :    Usage  Request Allocated 
	   Cpus                 :     1.00        1         1 
	   Disk (KB)            :    49           4    892992 
	   Memory (MB)          :   244           1       128 
...
