[1] "args"
[1] "66"  "917"
[1] "Now starting analysis"
[1] "Starting with initial values"
        mu   sigma.sq         SE         bt         vh 
1.11532338 0.13431569 0.06715785 1.00000000 0.06715785 
        step    negloglik           mu     sigma.sq           SE           bt 
 1.000000000 46.589089682  1.124634249  0.005741305  0.075400111  1.070954935 
          vh 
 0.162974318 
[1] "New improvement found, resetting step counter"
        step    negloglik           mu     sigma.sq           SE           bt 
 2.000000000 44.949613031  0.047287859  0.007408073  0.072707314  1.875886967 
          vh 
 0.059936906 
        step    negloglik           mu     sigma.sq           SE           bt 
 3.000000000 44.949613031  0.047287859  0.007408073  0.072707314  1.875886967 
          vh 
 0.059936906 
        step    negloglik           mu     sigma.sq           SE           bt 
 4.000000000 44.949613031  0.047287859  0.007408073  0.072707314  1.875886967 
          vh 
 0.059936906 
[1] "Now starting analysis"
[1] "Starting with initial values"
        mu   sigma.sq         bt         vh 
1.11532338 0.13431569 1.00000000 0.06715785 
         step     negloglik            mu      sigma.sq            bt 
  1.000000000 104.680611575  -0.595344511   0.130524375   3.220521693 
           vh 
  0.004328461 
         step     negloglik            mu      sigma.sq            bt 
  2.000000000 104.680611575  -0.595344511   0.130524375   3.220521693 
           vh 
  0.004328461 
