[1] "args"
[1] "66"   "1794"
[1] "Now starting analysis"
[1] "Starting with initial values"
        mu   sigma.sq         SE         bt         vh 
0.70433010 0.13727554 0.06863777 1.00000000 0.06863777 
       step   negloglik          mu    sigma.sq          SE          bt 
 1.00000000 20.88461928  0.73612224  0.01878548  0.06807444  1.03354613 
         vh 
 0.10946639 
[1] "New improvement found, resetting step counter"
        step    negloglik           mu     sigma.sq           SE           bt 
 2.000000000 18.954673763  1.176310755  0.010897463  0.086631560  0.203589101 
          vh 
 0.008854218 
        step    negloglik           mu     sigma.sq           SE           bt 
 3.000000000 18.954673763  1.176310755  0.010897463  0.086631560  0.203589101 
          vh 
 0.008854218 
        step    negloglik           mu     sigma.sq           SE           bt 
 4.000000000 18.954673763  1.176310755  0.010897463  0.086631560  0.203589101 
          vh 
 0.008854218 
[1] "Now starting analysis"
[1] "Starting with initial values"
        mu   sigma.sq         bt         vh 
0.70433010 0.13727554 1.00000000 0.06863777 
       step   negloglik          mu    sigma.sq          bt          vh 
 1.00000000 32.71978722  0.70433010  0.13727554  1.00000000  0.06863777 
       step   negloglik          mu    sigma.sq          bt          vh 
 2.00000000 32.71978722  0.70433010  0.13727554  1.00000000  0.06863777 
[1] "New improvement found, but slight; taking the best value, but not resetting the step counter"
      step  negloglik         mu   sigma.sq         bt         vh 
 3.0000000 32.7165642  0.8602255  0.1457499  0.8575024  0.1635782 
[1] "Now starting analysis"
[1] "Starting with initial values"
        mu   sigma.sq         SE         vh 
0.70433010 0.13727554 0.06863777 0.06863777 
       step   negloglik          mu    sigma.sq          SE          vh 
 1.00000000 20.88477018  0.75686695  0.01915903  0.06440983  0.05702299 
[1] "New improvement found, resetting step counter"
       step   negloglik          mu    sigma.sq          SE          vh 
 2.00000000 20.34009399  1.00019848  0.01170113  0.08325745  2.11192240 
       step   negloglik          mu    sigma.sq          SE          vh 
 3.00000000 20.34009399  1.00019848  0.01170113  0.08325745  2.11192240 
       step   negloglik          mu    sigma.sq          SE          vh 
 4.00000000 20.34009399  1.00019848  0.01170113  0.08325745  2.11192240 
[1] "Now starting analysis"
[1] "Starting with initial values"
        mu   sigma.sq         vh 
0.70433010 0.13727554 0.06863777 
       step   negloglik          mu    sigma.sq          vh 
 1.00000000 32.71978722  0.70433010  0.13727554  0.06863777 
       step   negloglik          mu    sigma.sq          vh 
 2.00000000 32.71978722  0.70433010  0.13727554  0.06863777 
[1] "New improvement found, but slight; taking the best value, but not resetting the step counter"
       step   negloglik          mu    sigma.sq          vh 
 3.00000000 32.71843618  0.68552723  0.13787571  0.06407493 
[1] "Now starting analysis"
[1] "Starting with initial values"
        mu   sigma.sq         SE         bt 
0.70433010 0.13727554 0.06863777 1.00000000 
       step   negloglik          mu    sigma.sq          SE          bt 
 1.00000000 19.12678504  0.85747318  0.01172996  0.08802507  0.24778458 
[1] "New improvement found, resetting step counter"
       step   negloglik          mu    sigma.sq          SE          bt 
 2.00000000 18.92914738  1.08019816  0.01145377  0.08493584  0.18951398 
[1] "New improvement found, resetting step counter"
       step   negloglik          mu    sigma.sq          SE          bt 
 3.00000000 18.91579351  1.09076276  0.01031546  0.08791304  0.19139089 
       step   negloglik          mu    sigma.sq          SE          bt 
 4.00000000 18.91579351  1.09076276  0.01031546  0.08791304  0.19139089 
       step   negloglik          mu    sigma.sq          SE          bt 
 5.00000000 18.91579351  1.09076276  0.01031546  0.08791304  0.19139089 
[1] "Now starting analysis"
[1] "Starting with initial values"
       mu  sigma.sq        bt 
0.7043301 0.1372755 1.0000000 
      step  negloglik         mu   sigma.sq         bt 
 1.0000000 32.7156611  0.7043301  0.1372755  1.0000000 
      step  negloglik         mu   sigma.sq         bt 
 2.0000000 32.7156611  0.7043301  0.1372755  1.0000000 
[1] "New improvement found, resetting step counter"
      step  negloglik         mu   sigma.sq         bt 
 3.0000000 32.6791612  0.7658739  0.1360991  0.8645426 
[1] "New improvement found, resetting step counter"
      step  negloglik         mu   sigma.sq         bt 
 4.0000000 32.4688371  1.2086098  0.1372763  0.1637900 
      step  negloglik         mu   sigma.sq         bt 
 5.0000000 32.4688371  1.2086098  0.1372763  0.1637900 
      step  negloglik         mu   sigma.sq         bt 
 6.0000000 32.4688371  1.2086098  0.1372763  0.1637900 
[1] "Now starting analysis"
[1] "Starting with initial values"
        mu   sigma.sq         SE 
0.70433010 0.13727554 0.06863777 
       step   negloglik          mu    sigma.sq          SE 
 1.00000000 20.91845358  0.66823046  0.02082467  0.06234717 
       step   negloglik          mu    sigma.sq          SE 
 2.00000000 20.91845358  0.66823046  0.02082467  0.06234717 
       step   negloglik          mu    sigma.sq          SE 
 3.00000000 20.91845358  0.66823046  0.02082467  0.06234717 
[1] "Now starting analysis"
[1] "Starting with initial values"
       mu  sigma.sq 
0.7043301 0.1372755 
      step  negloglik         mu   sigma.sq 
 1.0000000 32.7156611  0.7043301  0.1372755 
      step  negloglik         mu   sigma.sq 
 2.0000000 32.7156611  0.7043301  0.1372755 
      step  negloglik         mu   sigma.sq 
 3.0000000 32.7156611  0.7043301  0.1372755 
