000 (066.1799.000) 07/26 17:14:46 Job submitted from host: <160.36.155.106:9618?addrs=160.36.155.106-9618&noUDP&sock=27742_4872_4>
...
012 (066.1799.000) 08/03 14:17:31 Job was held.
	via condor_hold (by user bomeara)
	Code 1 Subcode 0
...
013 (066.1799.000) 08/05 22:28:18 Job was released.
	via condor_release (by user bomeara)
...
012 (066.1799.000) 08/09 10:36:30 Job was held.
	via condor_hold (by user bomeara)
	Code 1 Subcode 0
...
013 (066.1799.000) 08/09 13:05:37 Job was released.
	via condor_release (by user bomeara)
...
012 (066.1799.000) 09/23 13:38:05 Job was held.
	via condor_hold (by user bomeara)
	Code 1 Subcode 0
...
013 (066.1799.000) 09/24 14:49:57 Job was released.
	via condor_release (by user bomeara)
...
001 (066.1799.000) 10/03 19:43:10 Job executing on host: <10.128.151.149:9618?addrs=10.128.151.149-9618&noUDP&sock=2702_ecfc_4>
...
006 (066.1799.000) 10/03 19:43:18 Image size of job updated: 243464
	238  -  MemoryUsage of job (MB)
	243464  -  ResidentSetSize of job (KB)
...
006 (066.1799.000) 10/03 19:53:18 Image size of job updated: 246104
	241  -  MemoryUsage of job (MB)
	246104  -  ResidentSetSize of job (KB)
...
006 (066.1799.000) 10/05 19:13:06 Image size of job updated: 247292
	242  -  MemoryUsage of job (MB)
	247292  -  ResidentSetSize of job (KB)
...
006 (066.1799.000) 10/10 21:30:43 Image size of job updated: 248480
	243  -  MemoryUsage of job (MB)
	248480  -  ResidentSetSize of job (KB)
...
005 (066.1799.000) 10/12 08:06:24 Job terminated.
	(1) Normal termination (return value 0)
		Usr 8 12:13:51, Sys 0 00:00:39  -  Run Remote Usage
		Usr 0 00:00:00, Sys 0 00:00:00  -  Run Local Usage
		Usr 8 12:13:51, Sys 0 00:00:39  -  Total Remote Usage
		Usr 0 00:00:00, Sys 0 00:00:00  -  Total Local Usage
	32796  -  Run Bytes Sent By Job
	2422  -  Run Bytes Received By Job
	32796  -  Total Bytes Sent By Job
	2422  -  Total Bytes Received By Job
	Partitionable Resources :    Usage  Request Allocated 
	   Cpus                 :     1.00        1         1 
	   Disk (KB)            :    50           4   1811004 
	   Memory (MB)          :   243           1       128 
...
