000 (066.199.000) 07/26 17:14:46 Job submitted from host: <160.36.155.106:9618?addrs=160.36.155.106-9618&noUDP&sock=27742_4872_4>
...
001 (066.199.000) 07/26 17:22:49 Job executing on host: <10.129.169.104:9618?addrs=10.129.169.104-9618&noUDP&sock=60687_d010_4>
...
006 (066.199.000) 07/26 17:22:57 Image size of job updated: 234088
	229  -  MemoryUsage of job (MB)
	234088  -  ResidentSetSize of job (KB)
...
006 (066.199.000) 07/26 17:27:57 Image size of job updated: 247532
	242  -  MemoryUsage of job (MB)
	247532  -  ResidentSetSize of job (KB)
...
006 (066.199.000) 07/26 18:58:04 Image size of job updated: 248232
	243  -  MemoryUsage of job (MB)
	248232  -  ResidentSetSize of job (KB)
...
006 (066.199.000) 07/26 19:13:06 Image size of job updated: 248480
	243  -  MemoryUsage of job (MB)
	248480  -  ResidentSetSize of job (KB)
...
006 (066.199.000) 07/26 20:18:13 Image size of job updated: 249840
	244  -  MemoryUsage of job (MB)
	249840  -  ResidentSetSize of job (KB)
...
005 (066.199.000) 07/26 23:17:38 Job terminated.
	(1) Normal termination (return value 0)
		Usr 0 05:54:14, Sys 0 00:00:02  -  Run Remote Usage
		Usr 0 00:00:00, Sys 0 00:00:00  -  Run Local Usage
		Usr 0 05:54:14, Sys 0 00:00:02  -  Total Remote Usage
		Usr 0 00:00:00, Sys 0 00:00:00  -  Total Local Usage
	31752  -  Run Bytes Sent By Job
	2422  -  Run Bytes Received By Job
	31752  -  Total Bytes Sent By Job
	2422  -  Total Bytes Received By Job
	Partitionable Resources :    Usage  Request Allocated 
	   Cpus                 :     1.00        1         1 
	   Disk (KB)            :    49           4    205772 
	   Memory (MB)          :   244           1       128 
...
