000 (066.062.000) 07/26 17:14:45 Job submitted from host: <160.36.155.106:9618?addrs=160.36.155.106-9618&noUDP&sock=27742_4872_4>
...
001 (066.062.000) 07/26 17:14:50 Job executing on host: <10.128.213.253:9618?addrs=10.128.213.253-9618&noUDP&sock=68980_1ef7_4>
...
006 (066.062.000) 07/26 17:14:59 Image size of job updated: 221916
	217  -  MemoryUsage of job (MB)
	221916  -  ResidentSetSize of job (KB)
...
006 (066.062.000) 07/26 17:19:59 Image size of job updated: 232916
	228  -  MemoryUsage of job (MB)
	232916  -  ResidentSetSize of job (KB)
...
006 (066.062.000) 07/27 13:14:35 Image size of job updated: 441452
	228  -  MemoryUsage of job (MB)
	232916  -  ResidentSetSize of job (KB)
...
005 (066.062.000) 07/27 13:14:35 Job terminated.
	(1) Normal termination (return value 0)
		Usr 0 19:58:18, Sys 0 00:00:06  -  Run Remote Usage
		Usr 0 00:00:00, Sys 0 00:00:00  -  Run Local Usage
		Usr 0 19:58:18, Sys 0 00:00:06  -  Total Remote Usage
		Usr 0 00:00:00, Sys 0 00:00:00  -  Total Local Usage
	27975  -  Run Bytes Sent By Job
	2422  -  Run Bytes Received By Job
	27975  -  Total Bytes Sent By Job
	2422  -  Total Bytes Received By Job
	Partitionable Resources :    Usage  Request Allocated 
	   Cpus                 :     1.00        1         1 
	   Disk (KB)            :    45           4    892965 
	   Memory (MB)          :   228           1       128 
...
