000 (066.428.000) 07/26 17:14:46 Job submitted from host: <160.36.155.106:9618?addrs=160.36.155.106-9618&noUDP&sock=27742_4872_4>
...
001 (066.428.000) 07/30 01:43:22 Job executing on host: <160.36.154.249:9618?addrs=160.36.154.249-9618&noUDP&sock=66431_b80f_4>
...
006 (066.428.000) 07/30 01:43:31 Image size of job updated: 220640
	216  -  MemoryUsage of job (MB)
	220640  -  ResidentSetSize of job (KB)
...
006 (066.428.000) 07/30 01:48:32 Image size of job updated: 231140
	226  -  MemoryUsage of job (MB)
	231140  -  ResidentSetSize of job (KB)
...
005 (066.428.000) 07/30 10:04:39 Job terminated.
	(1) Normal termination (return value 0)
		Usr 0 08:20:00, Sys 0 00:00:06  -  Run Remote Usage
		Usr 0 00:00:00, Sys 0 00:00:00  -  Run Local Usage
		Usr 0 08:20:00, Sys 0 00:00:06  -  Total Remote Usage
		Usr 0 00:00:00, Sys 0 00:00:00  -  Total Local Usage
	28858  -  Run Bytes Sent By Job
	2422  -  Run Bytes Received By Job
	28858  -  Total Bytes Sent By Job
	2422  -  Total Bytes Received By Job
	Partitionable Resources :    Usage  Request Allocated 
	   Cpus                 :     1.00        1         1 
	   Disk (KB)            :    46           4    202517 
	   Memory (MB)          :   226           1       128 
...
