[1] "args"
[1] "66"   "1267"
[1] "Now starting analysis"
[1] "Starting with initial values"
        mu   sigma.sq         SE         bt         vh 
1.25219426 0.16538432 0.08269216 1.00000000 0.08269216 
        step    negloglik           mu     sigma.sq           SE           bt 
 1.000000000 39.761962666  1.231245579  0.005177918  0.078556872  1.109868138 
          vh 
 0.254789459 
[1] "New improvement found, resetting step counter"
        step    negloglik           mu     sigma.sq           SE           bt 
 2.000000000 37.809051431  0.907080549  0.004194589  0.085442064  2.930410638 
          vh 
 0.002236504 
        step    negloglik           mu     sigma.sq           SE           bt 
 3.000000000 37.809051431  0.907080549  0.004194589  0.085442064  2.930410638 
          vh 
 0.002236504 
        step    negloglik           mu     sigma.sq           SE           bt 
 4.000000000 37.809051431  0.907080549  0.004194589  0.085442064  2.930410638 
          vh 
 0.002236504 
[1] "Now starting analysis"
[1] "Starting with initial values"
        mu   sigma.sq         bt         vh 
1.25219426 0.16538432 1.00000000 0.08269216 
        step    negloglik           mu     sigma.sq           bt           vh 
  1.00000000 103.54066912   1.25219426   0.16538432   1.12521943   0.08269216 
[1] "New improvement found, resetting step counter"
        step    negloglik           mu     sigma.sq           bt           vh 
  2.00000000 103.52554103   1.25219426   0.16538432   1.25043885   0.08269216 
        step    negloglik           mu     sigma.sq           bt           vh 
  3.00000000 103.52554103   1.25219426   0.16538432   1.25043885   0.08269216 
        step    negloglik           mu     sigma.sq           bt           vh 
  4.00000000 103.52554103   1.25219426   0.16538432   1.25043885   0.08269216 
[1] "Now starting analysis"
[1] "Starting with initial values"
        mu   sigma.sq         SE         vh 
1.25219426 0.16538432 0.08269216 0.08269216 
        step    negloglik           mu     sigma.sq           SE           vh 
 1.000000000 39.974032212  1.208799316  0.004851502  0.080721672  0.210315709 
[1] "New improvement found, resetting step counter"
        step    negloglik           mu     sigma.sq           SE           vh 
 2.000000000 39.321921051  0.933628711  0.004233825  0.082569727  0.774321995 
[1] "New improvement found, but slight; taking the best value, but not resetting the step counter"
        step    negloglik           mu     sigma.sq           SE           vh 
 3.000000000 39.312086638  0.939789882  0.004236258  0.082558934  0.825350507 
        step    negloglik           mu     sigma.sq           SE           vh 
 4.000000000 39.312086638  0.939789882  0.004236258  0.082558934  0.825350507 
[1] "Now starting analysis"
[1] "Starting with initial values"
        mu   sigma.sq         vh 
1.25219426 0.16538432 0.08269216 
        step    negloglik           mu     sigma.sq           vh 
  1.00000000 103.56005436   1.25219426   0.16538432   0.08269216 
        step    negloglik           mu     sigma.sq           vh 
  2.00000000 103.56005436   1.25219426   0.16538432   0.08269216 
        step    negloglik           mu     sigma.sq           vh 
  3.00000000 103.56005436   1.25219426   0.16538432   0.08269216 
[1] "Now starting analysis"
[1] "Starting with initial values"
        mu   sigma.sq         SE         bt 
1.25219426 0.16538432 0.08269216 1.00000000 
       step   negloglik          mu    sigma.sq          SE          bt 
 1.00000000 40.17544618  1.30195123  0.00591867  0.07340411  1.20035748 
[1] "New improvement found, resetting step counter"
        step    negloglik           mu     sigma.sq           SE           bt 
 2.000000000 37.710420905  0.881330442  0.004023029  0.081721122  3.267952306 
        step    negloglik           mu     sigma.sq           SE           bt 
 3.000000000 37.710420905  0.881330442  0.004023029  0.081721122  3.267952306 
        step    negloglik           mu     sigma.sq           SE           bt 
 4.000000000 37.710420905  0.881330442  0.004023029  0.081721122  3.267952306 
[1] "Now starting analysis"
[1] "Starting with initial values"
       mu  sigma.sq        bt 
1.2521943 0.1653843 1.0000000 
       step   negloglik          mu    sigma.sq          bt 
  1.0000000 103.5338470   1.2521943   0.1653843   1.1252194 
[1] "New improvement found, resetting step counter"
       step   negloglik          mu    sigma.sq          bt 
  2.0000000 103.5184808   1.2521943   0.1653843   1.2504389 
       step   negloglik          mu    sigma.sq          bt 
  3.0000000 103.5184808   1.2521943   0.1653843   1.2504389 
[1] "New improvement found, but slight; taking the best value, but not resetting the step counter"
       step   negloglik          mu    sigma.sq          bt 
  4.0000000 103.5152725   1.1402493   0.1649031   1.2800527 
[1] "Now starting analysis"
[1] "Starting with initial values"
        mu   sigma.sq         SE 
1.25219426 0.16538432 0.08269216 
        step    negloglik           mu     sigma.sq           SE 
 1.000000000 40.834715220  1.305978287  0.005635073  0.078147377 
[1] "New improvement found, resetting step counter"
       step   negloglik          mu    sigma.sq          SE 
 2.00000000 40.78635779  1.24145411  0.00565235  0.07658062 
       step   negloglik          mu    sigma.sq          SE 
 3.00000000 40.78635779  1.24145411  0.00565235  0.07658062 
       step   negloglik          mu    sigma.sq          SE 
 4.00000000 40.78635779  1.24145411  0.00565235  0.07658062 
[1] "Now starting analysis"
[1] "Starting with initial values"
       mu  sigma.sq 
1.2521943 0.1653843 
       step   negloglik          mu    sigma.sq 
  1.0000000 103.5535374   1.2521943   0.1653843 
       step   negloglik          mu    sigma.sq 
  2.0000000 103.5535374   1.2521943   0.1653843 
       step   negloglik          mu    sigma.sq 
  3.0000000 103.5535374   1.2521943   0.1653843 
