000 (066.1251.000) 07/26 17:14:46 Job submitted from host: <160.36.155.106:9618?addrs=160.36.155.106-9618&noUDP&sock=27742_4872_4>
...
012 (066.1251.000) 08/03 14:17:04 Job was held.
	via condor_hold (by user bomeara)
	Code 1 Subcode 0
...
013 (066.1251.000) 08/05 22:27:50 Job was released.
	via condor_release (by user bomeara)
...
012 (066.1251.000) 08/09 10:35:54 Job was held.
	via condor_hold (by user bomeara)
	Code 1 Subcode 0
...
013 (066.1251.000) 08/09 13:05:09 Job was released.
	via condor_release (by user bomeara)
...
001 (066.1251.000) 08/31 05:03:40 Job executing on host: <10.130.210.206:9618?addrs=10.130.210.206-9618&noUDP&sock=76684_6c96_4>
...
006 (066.1251.000) 08/31 05:03:49 Image size of job updated: 243172
	238  -  MemoryUsage of job (MB)
	243172  -  ResidentSetSize of job (KB)
...
006 (066.1251.000) 09/01 13:52:14 Image size of job updated: 248608
	243  -  MemoryUsage of job (MB)
	248608  -  ResidentSetSize of job (KB)
...
006 (066.1251.000) 09/02 20:30:23 Image size of job updated: 249604
	244  -  MemoryUsage of job (MB)
	249604  -  ResidentSetSize of job (KB)
...
006 (066.1251.000) 09/03 18:13:14 Image size of job updated: 449432
	244  -  MemoryUsage of job (MB)
	249604  -  ResidentSetSize of job (KB)
...
005 (066.1251.000) 09/03 18:13:14 Job terminated.
	(1) Normal termination (return value 0)
		Usr 3 13:02:44, Sys 0 00:00:33  -  Run Remote Usage
		Usr 0 00:00:00, Sys 0 00:00:00  -  Run Local Usage
		Usr 3 13:02:44, Sys 0 00:00:33  -  Total Remote Usage
		Usr 0 00:00:00, Sys 0 00:00:00  -  Total Local Usage
	32649  -  Run Bytes Sent By Job
	2422  -  Run Bytes Received By Job
	32649  -  Total Bytes Sent By Job
	2422  -  Total Bytes Received By Job
	Partitionable Resources :    Usage  Request Allocated 
	   Cpus                 :     1.00        1         1 
	   Disk (KB)            :    50           4    813884 
	   Memory (MB)          :   244           1       128 
...
