000 (066.685.000) 07/26 17:14:46 Job submitted from host: <160.36.155.106:9618?addrs=160.36.155.106-9618&noUDP&sock=27742_4872_4>
...
012 (066.685.000) 08/03 14:17:35 Job was held.
	via condor_hold (by user bomeara)
	Code 1 Subcode 0
...
013 (066.685.000) 08/05 22:28:21 Job was released.
	via condor_release (by user bomeara)
...
012 (066.685.000) 08/09 10:36:31 Job was held.
	via condor_hold (by user bomeara)
	Code 1 Subcode 0
...
001 (066.685.000) 08/09 13:05:23 Job executing on host: <10.128.213.253:9618?addrs=10.128.213.253-9618&noUDP&sock=2256_01bf_4>
...
006 (066.685.000) 08/09 13:05:31 Image size of job updated: 235408
	230  -  MemoryUsage of job (MB)
	235408  -  ResidentSetSize of job (KB)
...
013 (066.685.000) 08/09 13:05:38 Job was released.
	via condor_release (by user bomeara)
...
006 (066.685.000) 08/09 13:10:31 Image size of job updated: 247236
	242  -  MemoryUsage of job (MB)
	247236  -  ResidentSetSize of job (KB)
...
006 (066.685.000) 08/09 13:15:32 Image size of job updated: 247252
	242  -  MemoryUsage of job (MB)
	247252  -  ResidentSetSize of job (KB)
...
006 (066.685.000) 08/10 07:17:26 Image size of job updated: 247824
	243  -  MemoryUsage of job (MB)
	247824  -  ResidentSetSize of job (KB)
...
006 (066.685.000) 08/10 08:22:32 Image size of job updated: 248404
	243  -  MemoryUsage of job (MB)
	248404  -  ResidentSetSize of job (KB)
...
006 (066.685.000) 08/10 17:13:27 Image size of job updated: 249056
	244  -  MemoryUsage of job (MB)
	249056  -  ResidentSetSize of job (KB)
...
005 (066.685.000) 08/10 23:07:37 Job terminated.
	(1) Normal termination (return value 0)
		Usr 1 09:59:04, Sys 0 00:00:12  -  Run Remote Usage
		Usr 0 00:00:00, Sys 0 00:00:00  -  Run Local Usage
		Usr 1 09:59:04, Sys 0 00:00:12  -  Total Remote Usage
		Usr 0 00:00:00, Sys 0 00:00:00  -  Total Local Usage
	30914  -  Run Bytes Sent By Job
	2422  -  Run Bytes Received By Job
	30914  -  Total Bytes Sent By Job
	2422  -  Total Bytes Received By Job
	Partitionable Resources :    Usage  Request Allocated 
	   Cpus                 :     0.99        1         1 
	   Disk (KB)            :    48           4    892992 
	   Memory (MB)          :   244           1       128 
...
