000 (066.722.000) 07/26 17:14:46 Job submitted from host: <160.36.155.106:9618?addrs=160.36.155.106-9618&noUDP&sock=27742_4872_4>
...
012 (066.722.000) 08/03 14:16:37 Job was held.
	via condor_hold (by user bomeara)
	Code 1 Subcode 0
...
013 (066.722.000) 08/05 22:27:23 Job was released.
	via condor_release (by user bomeara)
...
012 (066.722.000) 08/09 10:35:19 Job was held.
	via condor_hold (by user bomeara)
	Code 1 Subcode 0
...
013 (066.722.000) 08/09 13:04:41 Job was released.
	via condor_release (by user bomeara)
...
001 (066.722.000) 08/09 17:46:47 Job executing on host: <10.129.213.175:9618?addrs=10.129.213.175-9618&noUDP&sock=2691_6172_4>
...
006 (066.722.000) 08/09 17:46:56 Image size of job updated: 220644
	216  -  MemoryUsage of job (MB)
	220644  -  ResidentSetSize of job (KB)
...
006 (066.722.000) 08/09 17:51:57 Image size of job updated: 225264
	220  -  MemoryUsage of job (MB)
	225264  -  ResidentSetSize of job (KB)
...
006 (066.722.000) 08/10 06:43:18 Image size of job updated: 226980
	222  -  MemoryUsage of job (MB)
	226980  -  ResidentSetSize of job (KB)
...
005 (066.722.000) 08/10 17:17:58 Job terminated.
	(1) Normal termination (return value 1)
		Usr 0 23:30:43, Sys 0 00:00:02  -  Run Remote Usage
		Usr 0 00:00:00, Sys 0 00:00:00  -  Run Local Usage
		Usr 0 23:30:43, Sys 0 00:00:02  -  Total Remote Usage
		Usr 0 00:00:00, Sys 0 00:00:00  -  Total Local Usage
	3408  -  Run Bytes Sent By Job
	2422  -  Run Bytes Received By Job
	3408  -  Total Bytes Sent By Job
	2422  -  Total Bytes Received By Job
	Partitionable Resources :    Usage  Request Allocated 
	   Cpus                 :     1.00        1         1 
	   Disk (KB)            :    21           4   1811513 
	   Memory (MB)          :   222           1       128 
...
