000 (066.1258.000) 07/26 17:14:46 Job submitted from host: <160.36.155.106:9618?addrs=160.36.155.106-9618&noUDP&sock=27742_4872_4>
...
012 (066.1258.000) 08/03 14:17:04 Job was held.
	via condor_hold (by user bomeara)
	Code 1 Subcode 0
...
013 (066.1258.000) 08/05 22:27:51 Job was released.
	via condor_release (by user bomeara)
...
012 (066.1258.000) 08/09 10:35:54 Job was held.
	via condor_hold (by user bomeara)
	Code 1 Subcode 0
...
013 (066.1258.000) 08/09 13:05:09 Job was released.
	via condor_release (by user bomeara)
...
001 (066.1258.000) 08/31 09:02:44 Job executing on host: <10.130.122.65:9618?addrs=10.130.122.65-9618&noUDP&sock=2440_372c_4>
...
006 (066.1258.000) 08/31 09:02:53 Image size of job updated: 221152
	216  -  MemoryUsage of job (MB)
	221152  -  ResidentSetSize of job (KB)
...
006 (066.1258.000) 08/31 09:07:54 Image size of job updated: 230988
	226  -  MemoryUsage of job (MB)
	230988  -  ResidentSetSize of job (KB)
...
006 (066.1258.000) 08/31 09:12:54 Image size of job updated: 231004
	226  -  MemoryUsage of job (MB)
	231004  -  ResidentSetSize of job (KB)
...
006 (066.1258.000) 09/01 11:30:41 Image size of job updated: 232312
	227  -  MemoryUsage of job (MB)
	232312  -  ResidentSetSize of job (KB)
...
005 (066.1258.000) 09/04 23:50:14 Job terminated.
	(1) Normal termination (return value 0)
		Usr 4 14:37:53, Sys 0 00:01:15  -  Run Remote Usage
		Usr 0 00:00:00, Sys 0 00:00:00  -  Run Local Usage
		Usr 4 14:37:53, Sys 0 00:01:15  -  Total Remote Usage
		Usr 0 00:00:00, Sys 0 00:00:00  -  Total Local Usage
	29304  -  Run Bytes Sent By Job
	2422  -  Run Bytes Received By Job
	29304  -  Total Bytes Sent By Job
	2422  -  Total Bytes Received By Job
	Partitionable Resources :    Usage  Request Allocated 
	   Cpus                 :     1.00        1         1 
	   Disk (KB)            :    47           4    891653 
	   Memory (MB)          :   227           1       128 
...
