[1] "args"
[1] "66" "72"
[1] "Now starting analysis"
[1] "Starting with initial values"
         mu    sigma.sq          SE          bt          vh 
0.939478347 0.006964859 0.003482429 1.000000000 0.003482429 
         step     negloglik            mu      sigma.sq            SE 
 1.000000e+00 -1.146529e+01  8.290334e-01  6.679648e-03  1.746718e-05 
           bt            vh 
 1.228333e+00  1.574101e-02 
[1] "New improvement found, resetting step counter"
         step     negloglik            mu      sigma.sq            SE 
 2.000000e+00 -1.158741e+01  9.277977e-01  6.677503e-03  1.034470e-05 
           bt            vh 
 1.274845e+00  3.384600e-04 
         step     negloglik            mu      sigma.sq            SE 
 3.000000e+00 -1.158741e+01  9.277977e-01  6.677503e-03  1.034470e-05 
           bt            vh 
 1.274845e+00  3.384600e-04 
         step     negloglik            mu      sigma.sq            SE 
 4.000000e+00 -1.158741e+01  9.277977e-01  6.677503e-03  1.034470e-05 
           bt            vh 
 1.274845e+00  3.384600e-04 
[1] "Now starting analysis"
[1] "Starting with initial values"
         mu    sigma.sq          bt          vh 
0.939478347 0.006964859 1.000000000 0.003482429 
         step     negloglik            mu      sigma.sq            bt 
  1.000000000 -11.594884520   0.896637867   0.006810491   1.252152272 
           vh 
  0.000206767 
[1] "New improvement found, but slight; taking the best value, but not resetting the step counter"
         step     negloglik            mu      sigma.sq            bt 
  2.000000000 -11.596189991   0.917641034   0.006820354   1.249384152 
           vh 
  0.000452812 
         step     negloglik            mu      sigma.sq            bt 
  3.000000000 -11.596189991   0.917641034   0.006820354   1.249384152 
           vh 
  0.000452812 
[1] "Now starting analysis"
[1] "Starting with initial values"
         mu    sigma.sq          SE          vh 
0.939478347 0.006964859 0.003482429 0.003482429 
         step     negloglik            mu      sigma.sq            SE 
 1.000000e+00 -1.127827e+01  9.687701e-01  7.053056e-03  3.352858e-05 
           vh 
 3.313409e-03 
[1] "New improvement found, resetting step counter"
         step     negloglik            mu      sigma.sq            SE 
 2.000000e+00 -1.130161e+01  9.607897e-01  7.045082e-03  5.119290e-06 
           vh 
 1.065687e-03 
         step     negloglik            mu      sigma.sq            SE 
 3.000000e+00 -1.130161e+01  9.607897e-01  7.045082e-03  5.119290e-06 
           vh 
 1.065687e-03 
         step     negloglik            mu      sigma.sq            SE 
 4.000000e+00 -1.130161e+01  9.607897e-01  7.045082e-03  5.119290e-06 
           vh 
 1.065687e-03 
[1] "Now starting analysis"
[1] "Starting with initial values"
         mu    sigma.sq          vh 
0.939478347 0.006964859 0.003482429 
         step     negloglik            mu      sigma.sq            vh 
 1.000000e+00 -1.130465e+01  9.252266e-01  7.095682e-03  5.391973e-04 
         step     negloglik            mu      sigma.sq            vh 
 2.000000e+00 -1.130465e+01  9.252266e-01  7.095682e-03  5.391973e-04 
         step     negloglik            mu      sigma.sq            vh 
 3.000000e+00 -1.130465e+01  9.252266e-01  7.095682e-03  5.391973e-04 
[1] "Now starting analysis"
[1] "Starting with initial values"
         mu    sigma.sq          SE          bt 
0.939478347 0.006964859 0.003482429 1.000000000 
         step     negloglik            mu      sigma.sq            SE 
 1.000000e+00 -1.155552e+01  9.880691e-01  6.502266e-03  1.681298e-06 
           bt 
 1.274912e+00 
[1] "New improvement found, but slight; taking the best value, but not resetting the step counter"
         step     negloglik            mu      sigma.sq            SE 
 2.000000e+00 -1.155940e+01  9.758446e-01  6.503880e-03  5.481563e-06 
           bt 
 1.289558e+00 
         step     negloglik            mu      sigma.sq            SE 
 3.000000e+00 -1.155940e+01  9.758446e-01  6.503880e-03  5.481563e-06 
           bt 
 1.289558e+00 
[1] "Now starting analysis"
[1] "Starting with initial values"
         mu    sigma.sq          bt 
0.939478347 0.006964859 1.000000000 
         step     negloglik            mu      sigma.sq            bt 
  1.000000000 -11.595883337   0.906123312   0.007029963   1.288867187 
[1] "New improvement found, but slight; taking the best value, but not resetting the step counter"
        step    negloglik           mu     sigma.sq           bt 
  2.00000000 -11.59858439   0.90916216   0.00686389   1.29369613 
        step    negloglik           mu     sigma.sq           bt 
  3.00000000 -11.59858439   0.90916216   0.00686389   1.29369613 
[1] "Now starting analysis"
[1] "Starting with initial values"
         mu    sigma.sq          SE 
0.939478347 0.006964859 0.003482429 
         step     negloglik            mu      sigma.sq            SE 
 1.000000e+00 -1.130035e+01  9.622010e-01  6.974163e-03  1.111475e-05 
         step     negloglik            mu      sigma.sq            SE 
 2.000000e+00 -1.130035e+01  9.622010e-01  6.974163e-03  1.111475e-05 
[1] "New improvement found, but slight; taking the best value, but not resetting the step counter"
         step     negloglik            mu      sigma.sq            SE 
 3.000000e+00 -1.130084e+01  9.617549e-01  6.979797e-03  1.043572e-05 
[1] "Now starting analysis"
[1] "Starting with initial values"
         mu    sigma.sq 
0.939478347 0.006964859 
         step     negloglik            mu      sigma.sq 
  1.000000000 -11.307398315   0.939478347   0.006964859 
         step     negloglik            mu      sigma.sq 
  2.000000000 -11.307398315   0.939478347   0.006964859 
         step     negloglik            mu      sigma.sq 
  3.000000000 -11.307398315   0.939478347   0.006964859 
