[1] "args"
[1] "66"  "653"
[1] "Now starting analysis"
[1] "Starting with initial values"
         mu    sigma.sq          SE          bt          vh 
0.961340729 0.005786196 0.002893098 1.000000000 0.002893098 
         step     negloglik            mu      sigma.sq            SE 
 1.000000e+00 -4.967181e+01  8.547929e-01  5.737152e-03  4.403788e-06 
           bt            vh 
 1.122656e+00  5.007289e-05 
         step     negloglik            mu      sigma.sq            SE 
 2.000000e+00 -4.967181e+01  8.547929e-01  5.737152e-03  4.403788e-06 
           bt            vh 
 1.122656e+00  5.007289e-05 
         step     negloglik            mu      sigma.sq            SE 
 3.000000e+00 -4.967181e+01  8.547929e-01  5.737152e-03  4.403788e-06 
           bt            vh 
 1.122656e+00  5.007289e-05 
[1] "Now starting analysis"
[1] "Starting with initial values"
         mu    sigma.sq          bt          vh 
0.961340729 0.005786196 1.000000000 0.002893098 
         step     negloglik            mu      sigma.sq            bt 
 1.000000e+00 -4.966828e+01  8.580867e-01  5.651436e-03  1.142840e+00 
           vh 
 2.898788e-04 
[1] "New improvement found, but slight; taking the best value, but not resetting the step counter"
         step     negloglik            mu      sigma.sq            bt 
 2.000000e+00 -4.967519e+01  7.926538e-01  5.696243e-03  1.146221e+00 
           vh 
 9.461894e-04 
         step     negloglik            mu      sigma.sq            bt 
 3.000000e+00 -4.967519e+01  7.926538e-01  5.696243e-03  1.146221e+00 
           vh 
 9.461894e-04 
[1] "Now starting analysis"
[1] "Starting with initial values"
         mu    sigma.sq          SE          vh 
0.961340729 0.005786196 0.002893098 0.002893098 
         step     negloglik            mu      sigma.sq            SE 
 1.000000e+00 -4.842244e+01  7.231527e-01  5.562339e-03  3.924031e-06 
           vh 
 9.933512e-03 
[1] "New improvement found, resetting step counter"
         step     negloglik            mu      sigma.sq            SE 
 2.000000e+00 -4.874987e+01  9.531559e-01  5.561320e-03  5.247572e-07 
           vh 
 3.843984e-03 
[1] "New improvement found, resetting step counter"
         step     negloglik            mu      sigma.sq            SE 
 3.000000e+00 -4.880628e+01  9.569677e-01  5.691826e-03  5.720831e-07 
           vh 
 8.062214e-03 
         step     negloglik            mu      sigma.sq            SE 
 4.000000e+00 -4.880628e+01  9.569677e-01  5.691826e-03  5.720831e-07 
           vh 
 8.062214e-03 
         step     negloglik            mu      sigma.sq            SE 
 5.000000e+00 -4.880628e+01  9.569677e-01  5.691826e-03  5.720831e-07 
           vh 
 8.062214e-03 
[1] "Now starting analysis"
[1] "Starting with initial values"
         mu    sigma.sq          vh 
0.961340729 0.005786196 0.002893098 
         step     negloglik            mu      sigma.sq            vh 
  1.000000000 -48.810558913   0.925557896   0.005873993   0.010281585 
[1] "New improvement found, but slight; taking the best value, but not resetting the step counter"
         step     negloglik            mu      sigma.sq            vh 
  2.000000000 -48.814905357   0.973163971   0.005745945   0.007753274 
         step     negloglik            mu      sigma.sq            vh 
  3.000000000 -48.814905357   0.973163971   0.005745945   0.007753274 
[1] "Now starting analysis"
[1] "Starting with initial values"
         mu    sigma.sq          SE          bt 
0.961340729 0.005786196 0.002893098 1.000000000 
         step     negloglik            mu      sigma.sq            SE 
 1.000000e+00 -4.960784e+01  8.939987e-01  5.820836e-03  2.226205e-06 
           bt 
 1.096395e+00 
[1] "New improvement found, resetting step counter"
         step     negloglik            mu      sigma.sq            SE 
 2.000000e+00 -4.967344e+01  8.776130e-01  5.820458e-03  1.397505e-06 
           bt 
 1.136020e+00 
         step     negloglik            mu      sigma.sq            SE 
 3.000000e+00 -4.967344e+01  8.776130e-01  5.820458e-03  1.397505e-06 
           bt 
 1.136020e+00 
[1] "New improvement found, but slight; taking the best value, but not resetting the step counter"
         step     negloglik            mu      sigma.sq            SE 
 4.000000e+00 -4.967753e+01  8.614728e-01  5.708329e-03  2.399540e-06 
           bt 
 1.134720e+00 
[1] "Now starting analysis"
[1] "Starting with initial values"
         mu    sigma.sq          bt 
0.961340729 0.005786196 1.000000000 
         step     negloglik            mu      sigma.sq            bt 
  1.000000000 -49.681230312   0.838161837   0.005878427   1.149043330 
[1] "New improvement found, but slight; taking the best value, but not resetting the step counter"
         step     negloglik            mu      sigma.sq            bt 
  2.000000000 -49.690861040   0.847783953   0.005738163   1.129939363 
         step     negloglik            mu      sigma.sq            bt 
  3.000000000 -49.690861040   0.847783953   0.005738163   1.129939363 
[1] "Now starting analysis"
[1] "Starting with initial values"
         mu    sigma.sq          SE 
0.961340729 0.005786196 0.002893098 
         step     negloglik            mu      sigma.sq            SE 
 1.000000e+00 -4.874617e+01  1.009325e+00  5.842979e-03  7.110746e-06 
[1] "New improvement found, resetting step counter"
         step     negloglik            mu      sigma.sq            SE 
 2.000000e+00 -4.877530e+01  9.476461e-01  5.842161e-03  4.234198e-06 
         step     negloglik            mu      sigma.sq            SE 
 3.000000e+00 -4.877530e+01  9.476461e-01  5.842161e-03  4.234198e-06 
         step     negloglik            mu      sigma.sq            SE 
 4.000000e+00 -4.877530e+01  9.476461e-01  5.842161e-03  4.234198e-06 
[1] "Now starting analysis"
[1] "Starting with initial values"
         mu    sigma.sq 
0.961340729 0.005786196 
         step     negloglik            mu      sigma.sq 
  1.000000000 -48.780317687   0.928282906   0.005809667 
         step     negloglik            mu      sigma.sq 
  2.000000000 -48.780317687   0.928282906   0.005809667 
         step     negloglik            mu      sigma.sq 
  3.000000000 -48.780317687   0.928282906   0.005809667 
