[1] "args"
[1] "66" "85"
[1] "Now starting analysis"
[1] "Starting with initial values"
         mu    sigma.sq          SE          bt          vh 
0.724299615 0.009206749 0.004603375 1.000000000 0.004603375 
         step     negloglik            mu      sigma.sq            SE 
 1.000000e+00 -3.760602e+01  6.873131e-01  8.478460e-03  1.992763e-04 
           bt            vh 
 1.125556e+00  9.578302e-02 
[1] "New improvement found, resetting step counter"
         step     negloglik            mu      sigma.sq            SE 
 2.000000e+00 -3.778872e+01  6.508586e-01  8.478651e-03  1.974696e-04 
           bt            vh 
 1.258491e+00  8.876669e-03 
         step     negloglik            mu      sigma.sq            SE 
 3.000000e+00 -3.778872e+01  6.508586e-01  8.478651e-03  1.974696e-04 
           bt            vh 
 1.258491e+00  8.876669e-03 
         step     negloglik            mu      sigma.sq            SE 
 4.000000e+00 -3.778872e+01  6.508586e-01  8.478651e-03  1.974696e-04 
           bt            vh 
 1.258491e+00  8.876669e-03 
[1] "Now starting analysis"
[1] "Starting with initial values"
         mu    sigma.sq          bt          vh 
0.724299615 0.009206749 1.000000000 0.004603375 
         step     negloglik            mu      sigma.sq            bt 
 1.000000e+00 -3.684615e+01  6.468356e-01  9.106225e-03  1.272370e+00 
           vh 
 8.368719e-04 
[1] "New improvement found, resetting step counter"
         step     negloglik            mu      sigma.sq            bt 
 2.000000e+00 -3.685667e+01  6.468356e-01  9.106225e-03  1.399607e+00 
           vh 
 8.368719e-04 
         step     negloglik            mu      sigma.sq            bt 
 3.000000e+00 -3.685667e+01  6.468356e-01  9.106225e-03  1.399607e+00 
           vh 
 8.368719e-04 
         step     negloglik            mu      sigma.sq            bt 
 4.000000e+00 -3.685667e+01  6.468356e-01  9.106225e-03  1.399607e+00 
           vh 
 8.368719e-04 
[1] "Now starting analysis"
[1] "Starting with initial values"
         mu    sigma.sq          SE          vh 
0.724299615 0.009206749 0.004603375 0.004603375 
         step     negloglik            mu      sigma.sq            SE 
  1.000000000 -37.640058867   0.684559868   0.008602275   0.000197500 
           vh 
  0.002795717 
[1] "New improvement found, but slight; taking the best value, but not resetting the step counter"
         step     negloglik            mu      sigma.sq            SE 
  2.000000000 -37.644355033   0.753015855   0.008602275   0.000197500 
           vh 
  0.002795717 
         step     negloglik            mu      sigma.sq            SE 
  3.000000000 -37.644355033   0.753015855   0.008602275   0.000197500 
           vh 
  0.002795717 
[1] "Now starting analysis"
[1] "Starting with initial values"
         mu    sigma.sq          vh 
0.724299615 0.009206749 0.004603375 
         step     negloglik            mu      sigma.sq            vh 
  1.000000000 -36.695297561   0.724299615   0.009206749   0.004603375 
         step     negloglik            mu      sigma.sq            vh 
  2.000000000 -36.695297561   0.724299615   0.009206749   0.004603375 
         step     negloglik            mu      sigma.sq            vh 
  3.000000000 -36.695297561   0.724299615   0.009206749   0.004603375 
[1] "Now starting analysis"
[1] "Starting with initial values"
         mu    sigma.sq          SE          bt 
0.724299615 0.009206749 0.004603375 1.000000000 
         step     negloglik            mu      sigma.sq            SE 
 1.000000e+00 -3.773854e+01  7.125213e-01  8.531104e-03  1.760802e-04 
           bt 
 1.121169e+00 
[1] "New improvement found, resetting step counter"
         step     negloglik            mu      sigma.sq            SE 
 2.000000e+00 -3.781535e+01  6.539250e-01  8.544477e-03  2.214536e-04 
           bt 
 1.360657e+00 
         step     negloglik            mu      sigma.sq            SE 
 3.000000e+00 -3.781535e+01  6.539250e-01  8.544477e-03  2.214536e-04 
           bt 
 1.360657e+00 
         step     negloglik            mu      sigma.sq            SE 
 4.000000e+00 -3.781535e+01  6.539250e-01  8.544477e-03  2.214536e-04 
           bt 
 1.360657e+00 
[1] "Now starting analysis"
[1] "Starting with initial values"
         mu    sigma.sq          bt 
0.724299615 0.009206749 1.000000000 
         step     negloglik            mu      sigma.sq            bt 
  1.000000000 -36.862348038   0.635425193   0.009163346   1.381495949 
         step     negloglik            mu      sigma.sq            bt 
  2.000000000 -36.862348038   0.635425193   0.009163346   1.381495949 
         step     negloglik            mu      sigma.sq            bt 
  3.000000000 -36.862348038   0.635425193   0.009163346   1.381495949 
[1] "Now starting analysis"
[1] "Starting with initial values"
         mu    sigma.sq          SE 
0.724299615 0.009206749 0.004603375 
         step     negloglik            mu      sigma.sq            SE 
 1.000000e+00 -3.764041e+01  7.546184e-01  8.732708e-03  2.017155e-04 
         step     negloglik            mu      sigma.sq            SE 
 2.000000e+00 -3.764041e+01  7.546184e-01  8.732708e-03  2.017155e-04 
         step     negloglik            mu      sigma.sq            SE 
 3.000000e+00 -3.764041e+01  7.546184e-01  8.732708e-03  2.017155e-04 
[1] "Now starting analysis"
[1] "Starting with initial values"
         mu    sigma.sq 
0.724299615 0.009206749 
         step     negloglik            mu      sigma.sq 
  1.000000000 -36.701425805   0.724299615   0.009206749 
         step     negloglik            mu      sigma.sq 
  2.000000000 -36.701425805   0.724299615   0.009206749 
         step     negloglik            mu      sigma.sq 
  3.000000000 -36.701425805   0.724299615   0.009206749 
