000 (066.1332.000) 07/26 17:14:46 Job submitted from host: <160.36.155.106:9618?addrs=160.36.155.106-9618&noUDP&sock=27742_4872_4>
...
012 (066.1332.000) 08/03 14:17:08 Job was held.
	via condor_hold (by user bomeara)
	Code 1 Subcode 0
...
013 (066.1332.000) 08/05 22:27:54 Job was released.
	via condor_release (by user bomeara)
...
012 (066.1332.000) 08/09 10:35:59 Job was held.
	via condor_hold (by user bomeara)
	Code 1 Subcode 0
...
013 (066.1332.000) 08/09 13:05:13 Job was released.
	via condor_release (by user bomeara)
...
001 (066.1332.000) 09/03 04:23:03 Job executing on host: <10.130.122.65:9618?addrs=10.130.122.65-9618&noUDP&sock=2440_372c_4>
...
006 (066.1332.000) 09/03 04:23:11 Image size of job updated: 226856
	222  -  MemoryUsage of job (MB)
	226856  -  ResidentSetSize of job (KB)
...
006 (066.1332.000) 09/03 04:28:11 Image size of job updated: 226872
	222  -  MemoryUsage of job (MB)
	226872  -  ResidentSetSize of job (KB)
...
006 (066.1332.000) 09/03 04:53:14 Image size of job updated: 227864
	223  -  MemoryUsage of job (MB)
	227864  -  ResidentSetSize of job (KB)
...
006 (066.1332.000) 09/03 05:18:16 Image size of job updated: 229904
	225  -  MemoryUsage of job (MB)
	229904  -  ResidentSetSize of job (KB)
...
005 (066.1332.000) 09/03 05:39:36 Job terminated.
	(1) Normal termination (return value 0)
		Usr 0 01:16:26, Sys 0 00:00:00  -  Run Remote Usage
		Usr 0 00:00:00, Sys 0 00:00:00  -  Run Local Usage
		Usr 0 01:16:26, Sys 0 00:00:00  -  Total Remote Usage
		Usr 0 00:00:00, Sys 0 00:00:00  -  Total Local Usage
	28894  -  Run Bytes Sent By Job
	2422  -  Run Bytes Received By Job
	28894  -  Total Bytes Sent By Job
	2422  -  Total Bytes Received By Job
	Partitionable Resources :    Usage  Request Allocated 
	   Cpus                 :     1.00        1         1 
	   Disk (KB)            :    46           4    891653 
	   Memory (MB)          :   225           1       128 
...
