[1] "args"
[1] "66"  "991"
[1] "Now starting analysis"
[1] "Starting with initial values"
        mu   sigma.sq         SE         bt         vh 
2.08258448 0.06401266 0.03200633 1.00000000 0.03200633 
        step    negloglik           mu     sigma.sq           SE           bt 
 1.000000000 33.746076171  2.161183685  0.009373563  0.048576962  1.025500708 
          vh 
 0.066931413 
[1] "New improvement found, resetting step counter"
        step    negloglik           mu     sigma.sq           SE           bt 
 2.000000000 33.357775015  2.064623138  0.009676331  0.050657550  1.462284311 
          vh 
 0.007508968 
        step    negloglik           mu     sigma.sq           SE           bt 
 3.000000000 33.357775015  2.064623138  0.009676331  0.050657550  1.462284311 
          vh 
 0.007508968 
[1] "New improvement found, but slight; taking the best value, but not resetting the step counter"
        step    negloglik           mu     sigma.sq           SE           bt 
 4.000000000 33.353604866  2.031831179  0.009192064  0.050606346  1.305485070 
          vh 
 0.003699237 
[1] "Now starting analysis"
[1] "Starting with initial values"
        mu   sigma.sq         bt         vh 
2.08258448 0.06401266 1.00000000 0.03200633 
       step   negloglik          mu    sigma.sq          bt          vh 
 1.00000000 59.20776602  2.08258448  0.06401266  1.20825845  0.03200633 
[1] "New improvement found, resetting step counter"
       step   negloglik          mu    sigma.sq          bt          vh 
 2.00000000 59.19736633  2.08258448  0.06401266  1.41651690  0.03200633 
       step   negloglik          mu    sigma.sq          bt          vh 
 3.00000000 59.19736633  2.08258448  0.06401266  1.41651690  0.03200633 
       step   negloglik          mu    sigma.sq          bt          vh 
 4.00000000 59.19736633  2.08258448  0.06401266  1.41651690  0.03200633 
[1] "Now starting analysis"
[1] "Starting with initial values"
        mu   sigma.sq         SE         vh 
2.08258448 0.06401266 0.03200633 0.03200633 
       step   negloglik          mu    sigma.sq          SE          vh 
 1.00000000 33.85396700  2.24713111  0.01007175  0.05102182  0.10870988 
[1] "New improvement found, resetting step counter"
        step    negloglik           mu     sigma.sq           SE           vh 
 2.000000000 33.643017654  2.207911259  0.009308439  0.052540153  0.000459375 
        step    negloglik           mu     sigma.sq           SE           vh 
 3.000000000 33.643017654  2.207911259  0.009308439  0.052540153  0.000459375 
        step    negloglik           mu     sigma.sq           SE           vh 
 4.000000000 33.643017654  2.207911259  0.009308439  0.052540153  0.000459375 
[1] "Now starting analysis"
[1] "Starting with initial values"
        mu   sigma.sq         vh 
2.08258448 0.06401266 0.03200633 
       step   negloglik          mu    sigma.sq          vh 
 1.00000000 59.24786183  2.08258448  0.06401266  0.03200633 
       step   negloglik          mu    sigma.sq          vh 
 2.00000000 59.24786183  2.08258448  0.06401266  0.03200633 
       step   negloglik          mu    sigma.sq          vh 
 3.00000000 59.24786183  2.08258448  0.06401266  0.03200633 
[1] "Now starting analysis"
[1] "Starting with initial values"
        mu   sigma.sq         SE         bt 
2.08258448 0.06401266 0.03200633 1.00000000 
        step    negloglik           mu     sigma.sq           SE           bt 
 1.000000000 33.382563279  2.032980636  0.008800335  0.051921702  1.242587951 
[1] "New improvement found, resetting step counter"
        step    negloglik           mu     sigma.sq           SE           bt 
 2.000000000 33.295184289  1.961512641  0.008967872  0.053727555  1.531457832 
        step    negloglik           mu     sigma.sq           SE           bt 
 3.000000000 33.295184289  1.961512641  0.008967872  0.053727555  1.531457832 
        step    negloglik           mu     sigma.sq           SE           bt 
 4.000000000 33.295184289  1.961512641  0.008967872  0.053727555  1.531457832 
[1] "Now starting analysis"
[1] "Starting with initial values"
        mu   sigma.sq         bt 
2.08258448 0.06401266 1.00000000 
       step   negloglik          mu    sigma.sq          bt 
 1.00000000 59.19439874  2.08258448  0.06401266  1.20825845 
[1] "New improvement found, resetting step counter"
       step   negloglik          mu    sigma.sq          bt 
 2.00000000 59.18371112  2.08258448  0.06401266  1.41651690 
[1] "New improvement found, but slight; taking the best value, but not resetting the step counter"
       step   negloglik          mu    sigma.sq          bt 
 3.00000000 59.17676002  1.95611085  0.06381874  1.48404537 
       step   negloglik          mu    sigma.sq          bt 
 4.00000000 59.17676002  1.95611085  0.06381874  1.48404537 
[1] "Now starting analysis"
[1] "Starting with initial values"
        mu   sigma.sq         SE 
2.08258448 0.06401266 0.03200633 
        step    negloglik           mu     sigma.sq           SE 
 1.000000000 33.646344463  2.092795291  0.009279386  0.052488324 
[1] "New improvement found, but slight; taking the best value, but not resetting the step counter"
        step    negloglik           mu     sigma.sq           SE 
 2.000000000 33.641652130  2.162472700  0.009761576  0.052171003 
        step    negloglik           mu     sigma.sq           SE 
 3.000000000 33.641652130  2.162472700  0.009761576  0.052171003 
[1] "Now starting analysis"
[1] "Starting with initial values"
        mu   sigma.sq 
2.08258448 0.06401266 
       step   negloglik          mu    sigma.sq 
 1.00000000 59.23560468  2.08258448  0.06401266 
       step   negloglik          mu    sigma.sq 
 2.00000000 59.23560468  2.08258448  0.06401266 
       step   negloglik          mu    sigma.sq 
 3.00000000 59.23560468  2.08258448  0.06401266 
