000 (066.078.000) 07/26 17:14:45 Job submitted from host: <160.36.155.106:9618?addrs=160.36.155.106-9618&noUDP&sock=27742_4872_4>
...
001 (066.078.000) 07/26 17:14:51 Job executing on host: <10.128.121.58:9618?addrs=10.128.121.58-9618&noUDP&sock=2263_cee9_4>
...
006 (066.078.000) 07/26 17:15:00 Image size of job updated: 228292
	223  -  MemoryUsage of job (MB)
	228292  -  ResidentSetSize of job (KB)
...
006 (066.078.000) 07/26 17:20:01 Image size of job updated: 228304
	223  -  MemoryUsage of job (MB)
	228304  -  ResidentSetSize of job (KB)
...
006 (066.078.000) 07/26 19:30:14 Image size of job updated: 229732
	225  -  MemoryUsage of job (MB)
	229732  -  ResidentSetSize of job (KB)
...
006 (066.078.000) 07/26 19:59:38 Image size of job updated: 436220
	225  -  MemoryUsage of job (MB)
	229732  -  ResidentSetSize of job (KB)
...
005 (066.078.000) 07/26 19:59:39 Job terminated.
	(1) Normal termination (return value 0)
		Usr 0 02:44:35, Sys 0 00:00:01  -  Run Remote Usage
		Usr 0 00:00:00, Sys 0 00:00:00  -  Run Local Usage
		Usr 0 02:44:35, Sys 0 00:00:01  -  Total Remote Usage
		Usr 0 00:00:00, Sys 0 00:00:00  -  Total Local Usage
	29383  -  Run Bytes Sent By Job
	2422  -  Run Bytes Received By Job
	29383  -  Total Bytes Sent By Job
	2422  -  Total Bytes Received By Job
	Partitionable Resources :    Usage  Request Allocated 
	   Cpus                 :     1.00        1         1 
	   Disk (KB)            :    46           4    888081 
	   Memory (MB)          :   225           1       128 
...
