[1] "args"
[1] "66"  "672"
[1] "Now starting analysis"
[1] "Starting with initial values"
         mu    sigma.sq          SE          bt          vh 
0.881786570 0.011553867 0.005776934 1.000000000 0.005776934 
         step     negloglik            mu      sigma.sq            SE 
 1.000000e+00 -9.667494e+00  9.165755e-01  1.191153e-02  3.751688e-06 
           bt            vh 
 1.118423e+00  2.696534e-03 
[1] "New improvement found, resetting step counter"
         step     negloglik            mu      sigma.sq            SE 
 2.000000e+00 -9.773417e+00  6.723318e-01  1.191026e-02  1.347347e-06 
           bt            vh 
 1.503016e+00  1.388847e-03 
         step     negloglik            mu      sigma.sq            SE 
 3.000000e+00 -9.773417e+00  6.723318e-01  1.191026e-02  1.347347e-06 
           bt            vh 
 1.503016e+00  1.388847e-03 
         step     negloglik            mu      sigma.sq            SE 
 4.000000e+00 -9.773417e+00  6.723318e-01  1.191026e-02  1.347347e-06 
           bt            vh 
 1.503016e+00  1.388847e-03 
[1] "Now starting analysis"
[1] "Starting with initial values"
         mu    sigma.sq          bt          vh 
0.881786570 0.011553867 1.000000000 0.005776934 
        step    negloglik           mu     sigma.sq           bt           vh 
 1.000000000 -9.761487736  0.766130705  0.011191578  1.403053318  0.003432592 
[1] "New improvement found, resetting step counter"
        step    negloglik           mu     sigma.sq           bt           vh 
 2.000000000 -9.773649803  0.706633949  0.011390677  1.595784910  0.006107687 
[1] "New improvement found, resetting step counter"
         step     negloglik            mu      sigma.sq            bt 
 3.0000000000 -9.7897901362  0.6061397513  0.0116520888  1.6296297279 
           vh 
 0.0002595269 
         step     negloglik            mu      sigma.sq            bt 
 4.0000000000 -9.7897901362  0.6061397513  0.0116520888  1.6296297279 
           vh 
 0.0002595269 
         step     negloglik            mu      sigma.sq            bt 
 5.0000000000 -9.7897901362  0.6061397513  0.0116520888  1.6296297279 
           vh 
 0.0002595269 
[1] "Now starting analysis"
[1] "Starting with initial values"
         mu    sigma.sq          SE          vh 
0.881786570 0.011553867 0.005776934 0.005776934 
         step     negloglik            mu      sigma.sq            SE 
 1.000000e+00 -9.596912e+00  9.215343e-01  1.133357e-02  2.062727e-06 
           vh 
 2.046587e-02 
[1] "New improvement found, resetting step counter"
         step     negloglik            mu      sigma.sq            SE 
 2.000000e+00 -9.620617e+00  9.221717e-01  1.133271e-02  7.069431e-07 
           vh 
 1.607237e-03 
         step     negloglik            mu      sigma.sq            SE 
 3.000000e+00 -9.620617e+00  9.221717e-01  1.133271e-02  7.069431e-07 
           vh 
 1.607237e-03 
         step     negloglik            mu      sigma.sq            SE 
 4.000000e+00 -9.620617e+00  9.221717e-01  1.133271e-02  7.069431e-07 
           vh 
 1.607237e-03 
[1] "Now starting analysis"
[1] "Starting with initial values"
         mu    sigma.sq          vh 
0.881786570 0.011553867 0.005776934 
        step    negloglik           mu     sigma.sq           vh 
 1.000000000 -9.619343795  0.881786570  0.011553867  0.005776934 
        step    negloglik           mu     sigma.sq           vh 
 2.000000000 -9.619343795  0.881786570  0.011553867  0.005776934 
[1] "New improvement found, but slight; taking the best value, but not resetting the step counter"
         step     negloglik            mu      sigma.sq            vh 
 3.0000000000 -9.6234639724  0.9098299987  0.0118314277  0.0005067384 
[1] "Now starting analysis"
[1] "Starting with initial values"
         mu    sigma.sq          SE          bt 
0.881786570 0.011553867 0.005776934 1.000000000 
         step     negloglik            mu      sigma.sq            SE 
 1.000000e+00 -9.636826e+00  9.795671e-01  1.134297e-02  1.712618e-07 
           bt 
 1.052253e+00 
[1] "New improvement found, resetting step counter"
         step     negloglik            mu      sigma.sq            SE 
 2.000000e+00 -9.786700e+00  6.428625e-01  1.134323e-02  2.373529e-06 
           bt 
 1.662651e+00 
         step     negloglik            mu      sigma.sq            SE 
 3.000000e+00 -9.786700e+00  6.428625e-01  1.134323e-02  2.373529e-06 
           bt 
 1.662651e+00 
         step     negloglik            mu      sigma.sq            SE 
 4.000000e+00 -9.786700e+00  6.428625e-01  1.134323e-02  2.373529e-06 
           bt 
 1.662651e+00 
[1] "Now starting analysis"
[1] "Starting with initial values"
        mu   sigma.sq         bt 
0.88178657 0.01155387 1.00000000 
       step   negloglik          mu    sigma.sq          bt 
 1.00000000 -9.79063569  0.59276587  0.01133203  1.70480646 
       step   negloglik          mu    sigma.sq          bt 
 2.00000000 -9.79063569  0.59276587  0.01133203  1.70480646 
[1] "New improvement found, but slight; taking the best value, but not resetting the step counter"
       step   negloglik          mu    sigma.sq          bt 
 3.00000000 -9.79170184  0.59777212  0.01142371  1.69928763 
[1] "Now starting analysis"
[1] "Starting with initial values"
         mu    sigma.sq          SE 
0.881786570 0.011553867 0.005776934 
         step     negloglik            mu      sigma.sq            SE 
 1.000000e+00 -9.602071e+00  8.547108e-01  1.103172e-02  5.013742e-07 
[1] "New improvement found, but slight; taking the best value, but not resetting the step counter"
         step     negloglik            mu      sigma.sq            SE 
 2.000000e+00 -9.606713e+00  9.401819e-01  1.103172e-02  5.013742e-07 
[1] "New improvement found, resetting step counter"
         step     negloglik            mu      sigma.sq            SE 
 3.000000e+00 -9.623536e+00  9.235331e-01  1.136314e-02  5.286466e-07 
         step     negloglik            mu      sigma.sq            SE 
 4.000000e+00 -9.623536e+00  9.235331e-01  1.136314e-02  5.286466e-07 
         step     negloglik            mu      sigma.sq            SE 
 5.000000e+00 -9.623536e+00  9.235331e-01  1.136314e-02  5.286466e-07 
[1] "Now starting analysis"
[1] "Starting with initial values"
        mu   sigma.sq 
0.88178657 0.01155387 
       step   negloglik          mu    sigma.sq 
 1.00000000 -9.62570290  0.88178657  0.01155387 
       step   negloglik          mu    sigma.sq 
 2.00000000 -9.62570290  0.88178657  0.01155387 
[1] "New improvement found, but slight; taking the best value, but not resetting the step counter"
       step   negloglik          mu    sigma.sq 
 3.00000000 -9.62585207  0.90671680  0.01142012 
