[1] "args"
[1] "66"  "331"
[1] "Now starting analysis"
[1] "Starting with initial values"
        mu   sigma.sq         SE         bt         vh 
0.83678762 0.14865893 0.07432946 1.00000000 0.07432946 
       step   negloglik          mu    sigma.sq          SE          bt 
 1.00000000 52.98917288  0.91437026  0.01059523  0.07807911  1.03982961 
         vh 
 0.10641466 
[1] "New improvement found, resetting step counter"
       step   negloglik          mu    sigma.sq          SE          bt 
 2.00000000 52.84910930  0.93328211  0.01062311  0.07911920  0.99447996 
         vh 
 0.00654820 
       step   negloglik          mu    sigma.sq          SE          bt 
 3.00000000 52.84910930  0.93328211  0.01062311  0.07911920  0.99447996 
         vh 
 0.00654820 
       step   negloglik          mu    sigma.sq          SE          bt 
 4.00000000 52.84910930  0.93328211  0.01062311  0.07911920  0.99447996 
         vh 
 0.00654820 
[1] "Now starting analysis"
[1] "Starting with initial values"
        mu   sigma.sq         bt         vh 
0.83678762 0.14865893 1.00000000 0.07432946 
        step    negloglik           mu     sigma.sq           bt           vh 
  1.00000000 104.75795214   0.93678762   0.14865893   1.00000000   0.07432946 
        step    negloglik           mu     sigma.sq           bt           vh 
  2.00000000 104.75795214   0.93678762   0.14865893   1.00000000   0.07432946 
        step    negloglik           mu     sigma.sq           bt           vh 
  3.00000000 104.75795214   0.93678762   0.14865893   1.00000000   0.07432946 
[1] "Now starting analysis"
[1] "Starting with initial values"
        mu   sigma.sq         SE         vh 
0.83678762 0.14865893 0.07432946 0.07432946 
       step   negloglik          mu    sigma.sq          SE          vh 
 1.00000000 53.14065243  1.05870821  0.01082880  0.07476884  0.12762032 
[1] "New improvement found, resetting step counter"
       step   negloglik          mu    sigma.sq          SE          vh 
 2.00000000 52.88243107  0.96682555  0.01066278  0.07970998  0.01419823 
[1] "New improvement found, resetting step counter"
        step    negloglik           mu     sigma.sq           SE           vh 
 3.000000000 52.863344079  0.946496047  0.010354055  0.080418846  0.007052479 
        step    negloglik           mu     sigma.sq           SE           vh 
 4.000000000 52.863344079  0.946496047  0.010354055  0.080418846  0.007052479 
[1] "New improvement found, resetting step counter"
        step    negloglik           mu     sigma.sq           SE           vh 
 5.000000000 52.842189013  0.893436126  0.010564989  0.078823855  0.007046473 
[1] "New improvement found, but slight; taking the best value, but not resetting the step counter"
        step    negloglik           mu     sigma.sq           SE           vh 
 6.000000000 52.842073285  0.907825024  0.010627896  0.077846398  0.003647709 
        step    negloglik           mu     sigma.sq           SE           vh 
 7.000000000 52.842073285  0.907825024  0.010627896  0.077846398  0.003647709 
[1] "Now starting analysis"
[1] "Starting with initial values"
        mu   sigma.sq         vh 
0.83678762 0.14865893 0.07432946 
        step    negloglik           mu     sigma.sq           vh 
  1.00000000 104.75755738   0.92046638   0.14865893   0.07432946 
        step    negloglik           mu     sigma.sq           vh 
  2.00000000 104.75755738   0.92046638   0.14865893   0.07432946 
        step    negloglik           mu     sigma.sq           vh 
  3.00000000 104.75755738   0.92046638   0.14865893   0.07432946 
[1] "Now starting analysis"
[1] "Starting with initial values"
        mu   sigma.sq         SE         bt 
0.83678762 0.14865893 0.07432946 1.00000000 
       step   negloglik          mu    sigma.sq          SE          bt 
 1.00000000 52.89300842  0.85611297  0.01125820  0.07564698  1.05735872 
[1] "New improvement found, resetting step counter"
       step   negloglik          mu    sigma.sq          SE          bt 
 2.00000000 52.83244272  0.85893860  0.01044162  0.07955152  0.99575155 
       step   negloglik          mu    sigma.sq          SE          bt 
 3.00000000 52.83244272  0.85893860  0.01044162  0.07955152  0.99575155 
       step   negloglik          mu    sigma.sq          SE          bt 
 4.00000000 52.83244272  0.85893860  0.01044162  0.07955152  0.99575155 
[1] "Now starting analysis"
[1] "Starting with initial values"
       mu  sigma.sq        bt 
0.8367876 0.1486589 1.0000000 
       step   negloglik          mu    sigma.sq          bt 
  1.0000000 104.7488862   0.9367876   0.1486589   1.0000000 
       step   negloglik          mu    sigma.sq          bt 
  2.0000000 104.7488862   0.9367876   0.1486589   1.0000000 
       step   negloglik          mu    sigma.sq          bt 
  3.0000000 104.7488862   0.9367876   0.1486589   1.0000000 
[1] "Now starting analysis"
[1] "Starting with initial values"
        mu   sigma.sq         SE 
0.83678762 0.14865893 0.07432946 
       step   negloglik          mu    sigma.sq          SE 
 1.00000000 52.97457950  0.98155695  0.01139512  0.08387028 
[1] "New improvement found, resetting step counter"
       step   negloglik          mu    sigma.sq          SE 
 2.00000000 52.87523694  0.95840872  0.01099099  0.07603994 
[1] "New improvement found, but slight; taking the best value, but not resetting the step counter"
      step  negloglik         mu   sigma.sq         SE 
 3.0000000 52.8692740  0.9331692  0.0107997  0.0753412 
[1] "New improvement found, but slight; taking the best value, but not resetting the step counter"
       step   negloglik          mu    sigma.sq          SE 
 4.00000000 52.86463138  0.93078462  0.01055517  0.07578920 
[1] "Now starting analysis"
[1] "Starting with initial values"
       mu  sigma.sq 
0.8367876 0.1486589 
       step   negloglik          mu    sigma.sq 
  1.0000000 104.7484878   0.9204664   0.1486589 
       step   negloglik          mu    sigma.sq 
  2.0000000 104.7484878   0.9204664   0.1486589 
       step   negloglik          mu    sigma.sq 
  3.0000000 104.7484878   0.9204664   0.1486589 
