[1] "args"
[1] "66"   "1180"
[1] "Now starting analysis"
[1] "Starting with initial values"
         mu    sigma.sq          SE          bt          vh 
1.287037995 0.012818172 0.006409086 1.000000000 0.006409086 
[1] "Initial search had a convergence code of 1, indicating it did not converge. See ?optim for what the code may mean. Starting again, likely near that point. Negative log likelihood was -6.90567496454823"
[1] "Parameter estimates were"
           mu      sigma.sq            SE            bt            vh 
-8.311119e-01  8.197369e-03  6.722497e-07  2.248451e+00  1.415025e-02 
[1] "Initial search had a convergence code of 1, indicating it did not converge. See ?optim for what the code may mean. Starting again, likely near that point. Negative log likelihood was -6.01716639571684"
[1] "Parameter estimates were"
           mu      sigma.sq            SE            bt            vh 
-1.173876e+00  9.163379e-03  8.633480e-06  2.829236e+00  8.883514e-03 
         step     negloglik            mu      sigma.sq            SE 
 1.000000e+00 -5.149008e+00  2.502171e-01  8.581670e-03  6.534070e-07 
           bt            vh 
 1.731898e+00  3.813787e-01 
[1] "New improvement found, resetting step counter"
         step     negloglik            mu      sigma.sq            SE 
 2.000000e+00 -6.938322e+00 -9.159750e-01  8.418450e-03  9.247611e-05 
           bt            vh 
 2.250381e+00  1.766226e-02 
         step     negloglik            mu      sigma.sq            SE 
 3.000000e+00 -6.938322e+00 -9.159750e-01  8.418450e-03  9.247611e-05 
           bt            vh 
 2.250381e+00  1.766226e-02 
         step     negloglik            mu      sigma.sq            SE 
 4.000000e+00 -6.938322e+00 -9.159750e-01  8.418450e-03  9.247611e-05 
           bt            vh 
 2.250381e+00  1.766226e-02 
[1] "Now starting analysis"
[1] "Starting with initial values"
         mu    sigma.sq          bt          vh 
1.287037995 0.012818172 1.000000000 0.006409086 
        step    negloglik           mu     sigma.sq           bt           vh 
 1.000000000 -6.941305787 -0.927173145  0.008353165  2.254909227  0.025773721 
        step    negloglik           mu     sigma.sq           bt           vh 
 2.000000000 -6.941305787 -0.927173145  0.008353165  2.254909227  0.025773721 
