[1] "args"
[1] "66"  "641"
[1] "Now starting analysis"
[1] "Starting with initial values"
        mu   sigma.sq         SE         bt         vh 
1.20762701 0.14464724 0.07232362 1.00000000 0.07232362 
       step   negloglik          mu    sigma.sq          SE          bt 
 1.00000000 55.67491419  1.23331996  0.02461355  0.05629523  0.98666758 
         vh 
 0.14229036 
[1] "New improvement found, resetting step counter"
       step   negloglik          mu    sigma.sq          SE          bt 
 2.00000000 55.56688149  1.24119088  0.02375401  0.05800272  0.92703258 
         vh 
 0.26271406 
       step   negloglik          mu    sigma.sq          SE          bt 
 3.00000000 55.56688149  1.24119088  0.02375401  0.05800272  0.92703258 
         vh 
 0.26271406 
       step   negloglik          mu    sigma.sq          SE          bt 
 4.00000000 55.56688149  1.24119088  0.02375401  0.05800272  0.92703258 
         vh 
 0.26271406 
[1] "Now starting analysis"
[1] "Starting with initial values"
        mu   sigma.sq         bt         vh 
1.20762701 0.14464724 1.00000000 0.07232362 
        step    negloglik           mu     sigma.sq           bt           vh 
 1.000000000 88.178895311  1.322006621  0.144706203  0.958708945  0.005559181 
        step    negloglik           mu     sigma.sq           bt           vh 
 2.000000000 88.178895311  1.322006621  0.144706203  0.958708945  0.005559181 
        step    negloglik           mu     sigma.sq           bt           vh 
 3.000000000 88.178895311  1.322006621  0.144706203  0.958708945  0.005559181 
[1] "Now starting analysis"
[1] "Starting with initial values"
        mu   sigma.sq         SE         vh 
1.20762701 0.14464724 0.07232362 0.07232362 
       step   negloglik          mu    sigma.sq          SE          vh 
 1.00000000 55.75106274  1.19392811  0.02374681  0.06152678  0.11630520 
[1] "New improvement found, resetting step counter"
       step   negloglik          mu    sigma.sq          SE          vh 
 2.00000000 55.60255378  1.12249017  0.02371015  0.05947781  0.27572445 
       step   negloglik          mu    sigma.sq          SE          vh 
 3.00000000 55.60255378  1.12249017  0.02371015  0.05947781  0.27572445 
       step   negloglik          mu    sigma.sq          SE          vh 
 4.00000000 55.60255378  1.12249017  0.02371015  0.05947781  0.27572445 
[1] "Now starting analysis"
[1] "Starting with initial values"
        mu   sigma.sq         vh 
1.20762701 0.14464724 0.07232362 
       step   negloglik          mu    sigma.sq          vh 
 1.00000000 88.24846461  1.20762701  0.14464724  0.07232362 
       step   negloglik          mu    sigma.sq          vh 
 2.00000000 88.24846461  1.20762701  0.14464724  0.07232362 
       step   negloglik          mu    sigma.sq          vh 
 3.00000000 88.24846461  1.20762701  0.14464724  0.07232362 
[1] "Now starting analysis"
[1] "Starting with initial values"
        mu   sigma.sq         SE         bt 
1.20762701 0.14464724 0.07232362 1.00000000 
       step   negloglik          mu    sigma.sq          SE          bt 
 1.00000000 56.30760371  1.21636417  0.02901889  0.05615627  1.00395593 
[1] "New improvement found, resetting step counter"
       step   negloglik          mu    sigma.sq          SE          bt 
 2.00000000 55.97686728  1.25785226  0.02578425  0.05695925  0.90452358 
       step   negloglik          mu    sigma.sq          SE          bt 
 3.00000000 55.97686728  1.25785226  0.02578425  0.05695925  0.90452358 
       step   negloglik          mu    sigma.sq          SE          bt 
 4.00000000 55.97686728  1.25785226  0.02578425  0.05695925  0.90452358 
[1] "Now starting analysis"
[1] "Starting with initial values"
       mu  sigma.sq        bt 
1.2076270 0.1446472 1.0000000 
      step  negloglik         mu   sigma.sq         bt 
 1.0000000 88.1623230  1.3019729  0.1433893  0.9333289 
[1] "New improvement found, but slight; taking the best value, but not resetting the step counter"
      step  negloglik         mu   sigma.sq         bt 
 2.0000000 88.1549823  1.3874148  0.1474580  0.8885736 
      step  negloglik         mu   sigma.sq         bt 
 3.0000000 88.1549823  1.3874148  0.1474580  0.8885736 
[1] "Now starting analysis"
[1] "Starting with initial values"
        mu   sigma.sq         SE 
1.20762701 0.14464724 0.07232362 
       step   negloglik          mu    sigma.sq          SE 
 1.00000000 56.66013680  1.32289785  0.02384377  0.06991450 
[1] "New improvement found, resetting step counter"
       step   negloglik          mu    sigma.sq          SE 
 2.00000000 56.17713586  1.07940398  0.02580757  0.05567103 
       step   negloglik          mu    sigma.sq          SE 
 3.00000000 56.17713586  1.07940398  0.02580757  0.05567103 
       step   negloglik          mu    sigma.sq          SE 
 4.00000000 56.17713586  1.07940398  0.02580757  0.05567103 
[1] "Now starting analysis"
[1] "Starting with initial values"
       mu  sigma.sq 
1.2076270 0.1446472 
      step  negloglik         mu   sigma.sq 
 1.0000000 88.1920561  1.2076270  0.1446472 
      step  negloglik         mu   sigma.sq 
 2.0000000 88.1920561  1.2076270  0.1446472 
      step  negloglik         mu   sigma.sq 
 3.0000000 88.1920561  1.2076270  0.1446472 
