000 (066.1678.000) 07/26 17:14:46 Job submitted from host: <160.36.155.106:9618?addrs=160.36.155.106-9618&noUDP&sock=27742_4872_4>
...
012 (066.1678.000) 08/03 14:17:25 Job was held.
	via condor_hold (by user bomeara)
	Code 1 Subcode 0
...
013 (066.1678.000) 08/05 22:28:12 Job was released.
	via condor_release (by user bomeara)
...
012 (066.1678.000) 08/09 10:36:22 Job was held.
	via condor_hold (by user bomeara)
	Code 1 Subcode 0
...
013 (066.1678.000) 08/09 13:05:31 Job was released.
	via condor_release (by user bomeara)
...
012 (066.1678.000) 09/23 13:38:14 Job was held.
	via condor_hold (by user bomeara)
	Code 1 Subcode 0
...
013 (066.1678.000) 09/24 14:50:05 Job was released.
	via condor_release (by user bomeara)
...
001 (066.1678.000) 09/28 13:35:37 Job executing on host: <10.128.78.255:9618?addrs=10.128.78.255-9618&noUDP&sock=2386_2d0f_4>
...
006 (066.1678.000) 09/28 13:35:46 Image size of job updated: 220208
	216  -  MemoryUsage of job (MB)
	220208  -  ResidentSetSize of job (KB)
...
006 (066.1678.000) 09/28 13:40:47 Image size of job updated: 224036
	219  -  MemoryUsage of job (MB)
	224036  -  ResidentSetSize of job (KB)
...
006 (066.1678.000) 09/28 13:45:47 Image size of job updated: 224048
	219  -  MemoryUsage of job (MB)
	224048  -  ResidentSetSize of job (KB)
...
006 (066.1678.000) 09/30 14:15:45 Image size of job updated: 226416
	222  -  MemoryUsage of job (MB)
	226416  -  ResidentSetSize of job (KB)
...
006 (066.1678.000) 10/02 20:21:22 Image size of job updated: 230884
	226  -  MemoryUsage of job (MB)
	230884  -  ResidentSetSize of job (KB)
...
005 (066.1678.000) 10/06 12:49:53 Job terminated.
	(1) Normal termination (return value 0)
		Usr 7 22:58:24, Sys 0 00:01:18  -  Run Remote Usage
		Usr 0 00:00:00, Sys 0 00:00:00  -  Run Local Usage
		Usr 7 22:58:24, Sys 0 00:01:18  -  Total Remote Usage
		Usr 0 00:00:00, Sys 0 00:00:00  -  Total Local Usage
	29641  -  Run Bytes Sent By Job
	2422  -  Run Bytes Received By Job
	29641  -  Total Bytes Sent By Job
	2422  -  Total Bytes Received By Job
	Partitionable Resources :    Usage  Request Allocated 
	   Cpus                 :     1.00        1         1 
	   Disk (KB)            :    47           4    892794 
	   Memory (MB)          :   226           1       128 
...
