[1] "args"
[1] "66"  "796"
[1] "Now starting analysis"
[1] "Starting with initial values"
         mu    sigma.sq          SE          bt          vh 
1.458437110 0.009465105 0.004732553 1.000000000 0.004732553 
         step     negloglik            mu      sigma.sq            SE 
 1.000000e+00 -4.591698e+00  1.456070e+00  8.710396e-03  4.301399e-07 
           bt            vh 
 1.099209e+00  2.725623e-02 
[1] "New improvement found, resetting step counter"
         step     negloglik            mu      sigma.sq            SE 
 2.000000e+00 -4.834139e+00  1.350715e+00  8.710552e-03  4.439895e-07 
           bt            vh 
 1.181655e+00  5.761210e-04 
         step     negloglik            mu      sigma.sq            SE 
 3.000000e+00 -4.834139e+00  1.350715e+00  8.710552e-03  4.439895e-07 
           bt            vh 
 1.181655e+00  5.761210e-04 
         step     negloglik            mu      sigma.sq            SE 
 4.000000e+00 -4.834139e+00  1.350715e+00  8.710552e-03  4.439895e-07 
           bt            vh 
 1.181655e+00  5.761210e-04 
[1] "Now starting analysis"
[1] "Starting with initial values"
         mu    sigma.sq          bt          vh 
1.458437110 0.009465105 1.000000000 0.004732553 
         step     negloglik            mu      sigma.sq            bt 
 1.000000e+00 -4.863824e+00  1.334764e+00  8.212842e-03  1.191449e+00 
           vh 
 2.008875e-06 
         step     negloglik            mu      sigma.sq            bt 
 2.000000e+00 -4.863824e+00  1.334764e+00  8.212842e-03  1.191449e+00 
           vh 
 2.008875e-06 
         step     negloglik            mu      sigma.sq            bt 
 3.000000e+00 -4.863824e+00  1.334764e+00  8.212842e-03  1.191449e+00 
           vh 
 2.008875e-06 
[1] "Now starting analysis"
[1] "Starting with initial values"
         mu    sigma.sq          SE          vh 
1.458437110 0.009465105 0.004732553 0.004732553 
         step     negloglik            mu      sigma.sq            SE 
 1.000000e+00 -4.072212e+00  1.476643e+00  8.215051e-03  1.663690e-06 
           vh 
 4.701980e-02 
[1] "New improvement found, resetting step counter"
         step     negloglik            mu      sigma.sq            SE 
 2.000000e+00 -4.109110e+00  1.577863e+00  8.215083e-03  1.894971e-06 
           vh 
 4.727212e-02 
[1] "New improvement found, resetting step counter"
         step     negloglik            mu      sigma.sq            SE 
 3.000000e+00 -4.124713e+00  1.621427e+00  7.692931e-03  1.520889e-06 
           vh 
 4.535008e-02 
         step     negloglik            mu      sigma.sq            SE 
 4.000000e+00 -4.124713e+00  1.621427e+00  7.692931e-03  1.520889e-06 
           vh 
 4.535008e-02 
         step     negloglik            mu      sigma.sq            SE 
 5.000000e+00 -4.124713e+00  1.621427e+00  7.692931e-03  1.520889e-06 
           vh 
 4.535008e-02 
[1] "Now starting analysis"
[1] "Starting with initial values"
         mu    sigma.sq          vh 
1.458437110 0.009465105 0.004732553 
        step    negloglik           mu     sigma.sq           vh 
 1.000000000 -4.128795504  1.564011293  0.007696325  0.044596417 
[1] "New improvement found, but slight; taking the best value, but not resetting the step counter"
        step    negloglik           mu     sigma.sq           vh 
 2.000000000 -4.131103433  1.576733918  0.007857164  0.046505342 
[1] "New improvement found, but slight; taking the best value, but not resetting the step counter"
        step    negloglik           mu     sigma.sq           vh 
 3.000000000 -4.132115988  1.579367038  0.007691738  0.052537219 
[1] "Now starting analysis"
[1] "Starting with initial values"
         mu    sigma.sq          SE          bt 
1.458437110 0.009465105 0.004732553 1.000000000 
         step     negloglik            mu      sigma.sq            SE 
 1.000000e+00 -4.863408e+00  1.348588e+00  8.297543e-03  2.072143e-07 
           bt 
 1.184982e+00 
[1] "New improvement found, but slight; taking the best value, but not resetting the step counter"
         step     negloglik            mu      sigma.sq            SE 
 2.000000e+00 -4.863665e+00  1.342640e+00  8.297598e-03  3.386085e-07 
           bt 
 1.185980e+00 
         step     negloglik            mu      sigma.sq            SE 
 3.000000e+00 -4.863665e+00  1.342640e+00  8.297598e-03  3.386085e-07 
           bt 
 1.185980e+00 
[1] "Now starting analysis"
[1] "Starting with initial values"
         mu    sigma.sq          bt 
1.458437110 0.009465105 1.000000000 
        step    negloglik           mu     sigma.sq           bt 
 1.000000000 -4.863816751  1.354669294  0.008225003  1.181955225 
        step    negloglik           mu     sigma.sq           bt 
 2.000000000 -4.863816751  1.354669294  0.008225003  1.181955225 
        step    negloglik           mu     sigma.sq           bt 
 3.000000000 -4.863816751  1.354669294  0.008225003  1.181955225 
[1] "Now starting analysis"
[1] "Starting with initial values"
         mu    sigma.sq          SE 
1.458437110 0.009465105 0.004732553 
         step     negloglik            mu      sigma.sq            SE 
 1.000000e+00 -3.423276e+00  1.533806e+00  8.824181e-03  2.932138e-06 
         step     negloglik            mu      sigma.sq            SE 
 2.000000e+00 -3.423276e+00  1.533806e+00  8.824181e-03  2.932138e-06 
[1] "New improvement found, but slight; taking the best value, but not resetting the step counter"
         step     negloglik            mu      sigma.sq            SE 
 3.000000e+00 -3.427200e+00  1.550575e+00  8.976765e-03  3.166929e-06 
[1] "Now starting analysis"
[1] "Starting with initial values"
         mu    sigma.sq 
1.458437110 0.009465105 
        step    negloglik           mu     sigma.sq 
 1.000000000 -3.427936908  1.555748220  0.009111267 
        step    negloglik           mu     sigma.sq 
 2.000000000 -3.427936908  1.555748220  0.009111267 
        step    negloglik           mu     sigma.sq 
 3.000000000 -3.427936908  1.555748220  0.009111267 
