000 (066.1519.000) 07/26 17:14:46 Job submitted from host: <160.36.155.106:9618?addrs=160.36.155.106-9618&noUDP&sock=27742_4872_4>
...
012 (066.1519.000) 08/03 14:17:17 Job was held.
	via condor_hold (by user bomeara)
	Code 1 Subcode 0
...
013 (066.1519.000) 08/05 22:28:04 Job was released.
	via condor_release (by user bomeara)
...
012 (066.1519.000) 08/09 10:36:12 Job was held.
	via condor_hold (by user bomeara)
	Code 1 Subcode 0
...
013 (066.1519.000) 08/09 13:05:22 Job was released.
	via condor_release (by user bomeara)
...
001 (066.1519.000) 09/16 22:54:28 Job executing on host: <10.128.151.149:9618?addrs=10.128.151.149-9618&noUDP&sock=2702_ecfc_4>
...
006 (066.1519.000) 09/16 22:54:37 Image size of job updated: 234708
	230  -  MemoryUsage of job (MB)
	234708  -  ResidentSetSize of job (KB)
...
006 (066.1519.000) 09/16 22:59:38 Image size of job updated: 239232
	234  -  MemoryUsage of job (MB)
	239232  -  ResidentSetSize of job (KB)
...
006 (066.1519.000) 09/17 05:25:15 Image size of job updated: 248868
	244  -  MemoryUsage of job (MB)
	248868  -  ResidentSetSize of job (KB)
...
005 (066.1519.000) 09/17 23:36:43 Job terminated.
	(1) Normal termination (return value 0)
		Usr 1 00:41:23, Sys 0 00:00:04  -  Run Remote Usage
		Usr 0 00:00:00, Sys 0 00:00:00  -  Run Local Usage
		Usr 1 00:41:23, Sys 0 00:00:04  -  Total Remote Usage
		Usr 0 00:00:00, Sys 0 00:00:00  -  Total Local Usage
	31529  -  Run Bytes Sent By Job
	2422  -  Run Bytes Received By Job
	31529  -  Total Bytes Sent By Job
	2422  -  Total Bytes Received By Job
	Partitionable Resources :    Usage  Request Allocated 
	   Cpus                 :     1.00        1         1 
	   Disk (KB)            :    49           4   1811004 
	   Memory (MB)          :   244           1       128 
...
