000 (066.1104.000) 07/26 17:14:46 Job submitted from host: <160.36.155.106:9618?addrs=160.36.155.106-9618&noUDP&sock=27742_4872_4>
...
012 (066.1104.000) 08/03 14:16:56 Job was held.
	via condor_hold (by user bomeara)
	Code 1 Subcode 0
...
013 (066.1104.000) 08/05 22:27:43 Job was released.
	via condor_release (by user bomeara)
...
012 (066.1104.000) 08/09 10:35:44 Job was held.
	via condor_hold (by user bomeara)
	Code 1 Subcode 0
...
013 (066.1104.000) 08/09 13:05:01 Job was released.
	via condor_release (by user bomeara)
...
001 (066.1104.000) 08/25 15:37:03 Job executing on host: <10.128.78.255:9618?addrs=10.128.78.255-9618&noUDP&sock=2316_296e_4>
...
006 (066.1104.000) 08/25 15:37:11 Image size of job updated: 222428
	218  -  MemoryUsage of job (MB)
	222428  -  ResidentSetSize of job (KB)
...
006 (066.1104.000) 08/25 15:42:11 Image size of job updated: 228284
	223  -  MemoryUsage of job (MB)
	228284  -  ResidentSetSize of job (KB)
...
005 (066.1104.000) 08/25 18:54:56 Job terminated.
	(1) Normal termination (return value 0)
		Usr 0 03:17:28, Sys 0 00:00:04  -  Run Remote Usage
		Usr 0 00:00:00, Sys 0 00:00:00  -  Run Local Usage
		Usr 0 03:17:28, Sys 0 00:00:04  -  Total Remote Usage
		Usr 0 00:00:00, Sys 0 00:00:00  -  Total Local Usage
	28630  -  Run Bytes Sent By Job
	2422  -  Run Bytes Received By Job
	28630  -  Total Bytes Sent By Job
	2422  -  Total Bytes Received By Job
	Partitionable Resources :    Usage  Request Allocated 
	   Cpus                 :     1.00        1         1 
	   Disk (KB)            :    46           4    893021 
	   Memory (MB)          :   223           1       128 
...
