[1] "args"
[1] "66"   "1238"
[1] "Now starting analysis"
[1] "Starting with initial values"
         mu    sigma.sq          SE          bt          vh 
1.251387046 0.008317635 0.004158817 1.000000000 0.004158817 
         step     negloglik            mu      sigma.sq            SE 
 1.000000e+00 -9.609064e+00  1.308857e+00  8.168558e-03  6.726606e-06 
           bt            vh 
 8.921299e-01  8.844226e-05 
[1] "New improvement found, resetting step counter"
         step     negloglik            mu      sigma.sq            SE 
 2.000000e+00 -9.628387e+00  1.380428e+00  8.173909e-03  2.513267e-05 
           bt            vh 
 8.865338e-01  1.658825e-06 
         step     negloglik            mu      sigma.sq            SE 
 3.000000e+00 -9.628387e+00  1.380428e+00  8.173909e-03  2.513267e-05 
           bt            vh 
 8.865338e-01  1.658825e-06 
         step     negloglik            mu      sigma.sq            SE 
 4.000000e+00 -9.628387e+00  1.380428e+00  8.173909e-03  2.513267e-05 
           bt            vh 
 8.865338e-01  1.658825e-06 
[1] "Now starting analysis"
[1] "Starting with initial values"
         mu    sigma.sq          bt          vh 
1.251387046 0.008317635 1.000000000 0.004158817 
         step     negloglik            mu      sigma.sq            bt 
 1.0000000000 -9.5391831431  1.3180069318  0.0075780791  0.9057951241 
           vh 
 0.0002389925 
[1] "New improvement found, but slight; taking the best value, but not resetting the step counter"
        step    negloglik           mu     sigma.sq           bt           vh 
 2.000000000 -9.547790736  1.361485588  0.007671657  0.913904014  0.000197094 
[1] "New improvement found, resetting step counter"
         step     negloglik            mu      sigma.sq            bt 
 3.0000000000 -9.5852485120  1.4353396734  0.0077514906  0.8255041812 
           vh 
 0.0001387832 
[1] "New improvement found, resetting step counter"
         step     negloglik            mu      sigma.sq            bt 
 4.0000000000 -9.6364223562  1.4256858506  0.0082095868  0.8694667983 
           vh 
 0.0005446929 
         step     negloglik            mu      sigma.sq            bt 
 5.0000000000 -9.6364223562  1.4256858506  0.0082095868  0.8694667983 
           vh 
 0.0005446929 
[1] "New improvement found, but slight; taking the best value, but not resetting the step counter"
         step     negloglik            mu      sigma.sq            bt 
 6.000000e+00 -9.636476e+00  1.388024e+00  8.094294e-03  8.663131e-01 
           vh 
 8.256401e-05 
[1] "Now starting analysis"
[1] "Starting with initial values"
         mu    sigma.sq          SE          vh 
1.251387046 0.008317635 0.004158817 0.004158817 
         step     negloglik            mu      sigma.sq            SE 
 1.000000e+00 -9.383297e+00  1.212886e+00  8.248894e-03  2.313836e-05 
           vh 
 9.607197e-04 
[1] "New improvement found, but slight; taking the best value, but not resetting the step counter"
         step     negloglik            mu      sigma.sq            SE 
 2.000000e+00 -9.392921e+00  1.231966e+00  8.242155e-03  1.829923e-07 
           vh 
 7.381574e-05 
         step     negloglik            mu      sigma.sq            SE 
 3.000000e+00 -9.392921e+00  1.231966e+00  8.242155e-03  1.829923e-07 
           vh 
 7.381574e-05 
[1] "Now starting analysis"
[1] "Starting with initial values"
         mu    sigma.sq          vh 
1.251387046 0.008317635 0.004158817 
         step     negloglik            mu      sigma.sq            vh 
 1.0000000000 -9.3871498869  1.1906278667  0.0087529926  0.0001031134 
         step     negloglik            mu      sigma.sq            vh 
 2.0000000000 -9.3871498869  1.1906278667  0.0087529926  0.0001031134 
         step     negloglik            mu      sigma.sq            vh 
 3.0000000000 -9.3871498869  1.1906278667  0.0087529926  0.0001031134 
[1] "Now starting analysis"
[1] "Starting with initial values"
         mu    sigma.sq          SE          bt 
1.251387046 0.008317635 0.004158817 1.000000000 
         step     negloglik            mu      sigma.sq            SE 
 1.000000e+00 -9.642037e+00  1.421445e+00  8.216090e-03  1.764999e-05 
           bt 
 8.523991e-01 
[1] "New improvement found, but slight; taking the best value, but not resetting the step counter"
         step     negloglik            mu      sigma.sq            SE 
 2.000000e+00 -9.644614e+00  1.430250e+00  8.211405e-03  4.118191e-06 
           bt 
 8.502571e-01 
         step     negloglik            mu      sigma.sq            SE 
 3.000000e+00 -9.644614e+00  1.430250e+00  8.211405e-03  4.118191e-06 
           bt 
 8.502571e-01 
[1] "Now starting analysis"
[1] "Starting with initial values"
         mu    sigma.sq          bt 
1.251387046 0.008317635 1.000000000 
        step    negloglik           mu     sigma.sq           bt 
 1.000000000 -9.645417430  1.443281279  0.008375971  0.861795839 
[1] "New improvement found, but slight; taking the best value, but not resetting the step counter"
        step    negloglik           mu     sigma.sq           bt 
 2.000000000 -9.646445115  1.420009132  0.008283476  0.863330089 
[1] "New improvement found, but slight; taking the best value, but not resetting the step counter"
        step    negloglik           mu     sigma.sq           bt 
 3.000000000 -9.647328776  1.445644376  0.008271508  0.854047048 
[1] "Now starting analysis"
[1] "Starting with initial values"
         mu    sigma.sq          SE 
1.251387046 0.008317635 0.004158817 
        step    negloglik           mu     sigma.sq           SE 
 1.000000000 -9.218043874  1.318242408  0.007167979  0.001081201 
[1] "New improvement found, resetting step counter"
        step    negloglik           mu     sigma.sq           SE 
 2.000000000 -9.262106443  1.221419972  0.007157992  0.001068346 
        step    negloglik           mu     sigma.sq           SE 
 3.000000000 -9.262106443  1.221419972  0.007157992  0.001068346 
[1] "New improvement found, resetting step counter"
         step     negloglik            mu      sigma.sq            SE 
 4.0000000000 -9.2913726577  1.1961812867  0.0075014604  0.0008732416 
[1] "New improvement found, resetting step counter"
         step     negloglik            mu      sigma.sq            SE 
 5.0000000000 -9.3313799003  1.2039287963  0.0077972190  0.0003698615 
         step     negloglik            mu      sigma.sq            SE 
 6.0000000000 -9.3313799003  1.2039287963  0.0077972190  0.0003698615 
[1] "New improvement found, resetting step counter"
         step     negloglik            mu      sigma.sq            SE 
 7.000000e+00 -9.394559e+00  1.211400e+00  8.287235e-03  1.401929e-05 
         step     negloglik            mu      sigma.sq            SE 
 8.000000e+00 -9.394559e+00  1.211400e+00  8.287235e-03  1.401929e-05 
         step     negloglik            mu      sigma.sq            SE 
 9.000000e+00 -9.394559e+00  1.211400e+00  8.287235e-03  1.401929e-05 
[1] "Now starting analysis"
[1] "Starting with initial values"
         mu    sigma.sq 
1.251387046 0.008317635 
        step    negloglik           mu     sigma.sq 
 1.000000000 -9.398556084  1.208355341  0.008348186 
        step    negloglik           mu     sigma.sq 
 2.000000000 -9.398556084  1.208355341  0.008348186 
        step    negloglik           mu     sigma.sq 
 3.000000000 -9.398556084  1.208355341  0.008348186 
