000 (066.997.000) 07/26 17:14:46 Job submitted from host: <160.36.155.106:9618?addrs=160.36.155.106-9618&noUDP&sock=27742_4872_4>
...
012 (066.997.000) 08/03 14:16:51 Job was held.
	via condor_hold (by user bomeara)
	Code 1 Subcode 0
...
013 (066.997.000) 08/05 22:27:37 Job was released.
	via condor_release (by user bomeara)
...
012 (066.997.000) 08/09 10:35:37 Job was held.
	via condor_hold (by user bomeara)
	Code 1 Subcode 0
...
013 (066.997.000) 08/09 13:04:56 Job was released.
	via condor_release (by user bomeara)
...
001 (066.997.000) 08/19 19:35:04 Job executing on host: <160.36.154.249:9618?addrs=160.36.154.249-9618&noUDP&sock=66431_b80f_4>
...
006 (066.997.000) 08/19 19:35:13 Image size of job updated: 233280
	228  -  MemoryUsage of job (MB)
	233280  -  ResidentSetSize of job (KB)
...
006 (066.997.000) 08/19 19:40:14 Image size of job updated: 235276
	230  -  MemoryUsage of job (MB)
	235276  -  ResidentSetSize of job (KB)
...
006 (066.997.000) 08/19 21:20:24 Image size of job updated: 243176
	238  -  MemoryUsage of job (MB)
	243176  -  ResidentSetSize of job (KB)
...
006 (066.997.000) 08/19 21:25:25 Image size of job updated: 248996
	244  -  MemoryUsage of job (MB)
	248996  -  ResidentSetSize of job (KB)
...
005 (066.997.000) 08/20 01:03:40 Job terminated.
	(1) Normal termination (return value 0)
		Usr 0 05:27:49, Sys 0 00:00:03  -  Run Remote Usage
		Usr 0 00:00:00, Sys 0 00:00:00  -  Run Local Usage
		Usr 0 05:27:49, Sys 0 00:00:03  -  Total Remote Usage
		Usr 0 00:00:00, Sys 0 00:00:00  -  Total Local Usage
	31252  -  Run Bytes Sent By Job
	2422  -  Run Bytes Received By Job
	31252  -  Total Bytes Sent By Job
	2422  -  Total Bytes Received By Job
	Partitionable Resources :    Usage  Request Allocated 
	   Cpus                 :     0.99        1         1 
	   Disk (KB)            :    49           4    202517 
	   Memory (MB)          :   244           1       128 
...
