[1] "args"
[1] "66"  "336"
[1] "Now starting analysis"
[1] "Starting with initial values"
       mu  sigma.sq        SE        bt        vh 
0.3995496 0.5745342 0.2872671 1.0000000 0.2872671 
       step   negloglik          mu    sigma.sq          SE          bt 
1.000000000 9.986245582 0.490838488 0.009417508 0.040787070 1.064824717 
         vh 
0.398356284 
[1] "New improvement found, resetting step counter"
       step   negloglik          mu    sigma.sq          SE          bt 
2.000000000 8.949981663 0.563521760 0.009195535 0.038214245 0.792948284 
         vh 
0.000432302 
[1] "New improvement found, resetting step counter"
        step    negloglik           mu     sigma.sq           SE           bt 
3.0000000000 8.9068939501 0.4883436570 0.0099289988 0.0351395735 0.7884769135 
          vh 
0.0003228539 
        step    negloglik           mu     sigma.sq           SE           bt 
4.0000000000 8.9068939501 0.4883436570 0.0099289988 0.0351395735 0.7884769135 
          vh 
0.0003228539 
[1] "New improvement found, resetting step counter"
        step    negloglik           mu     sigma.sq           SE           bt 
5.0000000000 8.8966064020 0.4321210937 0.0111313138 0.0367505038 0.7845434349 
          vh 
0.0004556439 
        step    negloglik           mu     sigma.sq           SE           bt 
6.0000000000 8.8966064020 0.4321210937 0.0111313138 0.0367505038 0.7845434349 
          vh 
0.0004556439 
        step    negloglik           mu     sigma.sq           SE           bt 
7.0000000000 8.8966064020 0.4321210937 0.0111313138 0.0367505038 0.7845434349 
          vh 
0.0004556439 
[1] "Now starting analysis"
[1] "Starting with initial values"
       mu  sigma.sq        bt        vh 
0.3995496 0.5745342 1.0000000 0.2872671 
        step    negloglik           mu     sigma.sq           bt           vh 
 1.000000000 45.891539018  0.504103532  0.564996087  0.744342530  0.004672434 
        step    negloglik           mu     sigma.sq           bt           vh 
 2.000000000 45.891539018  0.504103532  0.564996087  0.744342530  0.004672434 
        step    negloglik           mu     sigma.sq           bt           vh 
 3.000000000 45.891539018  0.504103532  0.564996087  0.744342530  0.004672434 
[1] "Now starting analysis"
[1] "Starting with initial values"
       mu  sigma.sq        SE        vh 
0.3995496 0.5745342 0.2872671 0.2872671 
       step   negloglik          mu    sigma.sq          SE          vh 
 1.00000000 10.20738631  0.59477579  0.01059353  0.03814001  0.62337371 
[1] "New improvement found, resetting step counter"
        step    negloglik           mu     sigma.sq           SE           vh 
2.0000000000 9.5023174715 0.4210277307 0.0069114871 0.0489478432 0.0009394491 
[1] "New improvement found, resetting step counter"
       step   negloglik          mu    sigma.sq          SE          vh 
3.000000000 9.328684264 0.414245981 0.009474089 0.039772667 0.007229129 
       step   negloglik          mu    sigma.sq          SE          vh 
4.000000000 9.328684264 0.414245981 0.009474089 0.039772667 0.007229129 
       step   negloglik          mu    sigma.sq          SE          vh 
5.000000000 9.328684264 0.414245981 0.009474089 0.039772667 0.007229129 
[1] "Now starting analysis"
[1] "Starting with initial values"
       mu  sigma.sq        vh 
0.3995496 0.5745342 0.2872671 
      step  negloglik         mu   sigma.sq         vh 
 1.0000000 46.1568777  0.3995496  0.5745342  0.2872671 
      step  negloglik         mu   sigma.sq         vh 
 2.0000000 46.1568777  0.3995496  0.5745342  0.2872671 
[1] "New improvement found, resetting step counter"
      step  negloglik         mu   sigma.sq         vh 
 3.0000000 46.1438353  0.3852462  0.5946395  0.2594186 
[1] "New improvement found, resetting step counter"
      step  negloglik         mu   sigma.sq         vh 
 4.0000000 46.1312759  0.3889825  0.5720431  0.2440985 
      step  negloglik         mu   sigma.sq         vh 
 5.0000000 46.1312759  0.3889825  0.5720431  0.2440985 
[1] "New improvement found, resetting step counter"
       step   negloglik          mu    sigma.sq          vh 
 6.00000000 45.96185515  0.50003179  0.58482438  0.01244614 
       step   negloglik          mu    sigma.sq          vh 
 7.00000000 45.96185515  0.50003179  0.58482438  0.01244614 
       step   negloglik          mu    sigma.sq          vh 
 8.00000000 45.96185515  0.50003179  0.58482438  0.01244614 
[1] "Now starting analysis"
[1] "Starting with initial values"
       mu  sigma.sq        SE        bt 
0.3995496 0.5745342 0.2872671 1.0000000 
        step    negloglik           mu     sigma.sq           SE           bt 
 1.000000000 10.663154834  0.669626154  0.009870862  0.049104337  1.250301632 
[1] "New improvement found, resetting step counter"
       step   negloglik          mu    sigma.sq          SE          bt 
2.000000000 8.874473583 0.396640176 0.009992664 0.036464717 0.792116122 
[1] "New improvement found, but slight; taking the best value, but not resetting the step counter"
      step  negloglik         mu   sigma.sq         SE         bt 
3.00000000 8.87398339 0.38849889 0.01024903 0.03814424 0.78440235 
      step  negloglik         mu   sigma.sq         SE         bt 
4.00000000 8.87398339 0.38849889 0.01024903 0.03814424 0.78440235 
[1] "Now starting analysis"
[1] "Starting with initial values"
       mu  sigma.sq        bt 
0.3995496 0.5745342 1.0000000 
      step  negloglik         mu   sigma.sq         bt 
 1.0000000 45.9316789  0.5014015  0.5467564  0.9240741 
[1] "New improvement found, resetting step counter"
      step  negloglik         mu   sigma.sq         bt 
 2.0000000 45.8913551  0.5732739  0.5775588  0.8419342 
[1] "New improvement found, but slight; taking the best value, but not resetting the step counter"
      step  negloglik         mu   sigma.sq         bt 
 3.0000000 45.8868513  0.5134434  0.5619237  0.7991580 
      step  negloglik         mu   sigma.sq         bt 
 4.0000000 45.8868513  0.5134434  0.5619237  0.7991580 
[1] "Now starting analysis"
[1] "Starting with initial values"
       mu  sigma.sq        SE 
0.3995496 0.5745342 0.2872671 
       step   negloglik          mu    sigma.sq          SE 
 1.00000000 10.03927961  0.94712639  0.01114421  0.03987141 
[1] "New improvement found, resetting step counter"
       step   negloglik          mu    sigma.sq          SE 
2.000000000 9.317568977 0.394976218 0.009671744 0.040667496 
       step   negloglik          mu    sigma.sq          SE 
3.000000000 9.317568977 0.394976218 0.009671744 0.040667496 
       step   negloglik          mu    sigma.sq          SE 
4.000000000 9.317568977 0.394976218 0.009671744 0.040667496 
[1] "Now starting analysis"
[1] "Starting with initial values"
       mu  sigma.sq 
0.3995496 0.5745342 
      step  negloglik         mu   sigma.sq 
 1.0000000 45.9483142  0.3995496  0.5745342 
      step  negloglik         mu   sigma.sq 
 2.0000000 45.9483142  0.3995496  0.5745342 
      step  negloglik         mu   sigma.sq 
 3.0000000 45.9483142  0.3995496  0.5745342 
