[1] "args"
[1] "66"  "502"
[1] "Now starting analysis"
[1] "Starting with initial values"
        mu   sigma.sq         SE         bt         vh 
2.00052169 0.07214507 0.03607254 1.00000000 0.03607254 
       step   negloglik          mu    sigma.sq          SE          bt 
 1.00000000 17.14239633  0.17061580  0.01120641  0.06150852  2.17220309 
         vh 
 0.38797148 
[1] "New improvement found, resetting step counter"
       step   negloglik          mu    sigma.sq          SE          bt 
 2.00000000 17.00961649  0.03857930  0.01195872  0.06527043  2.15657841 
         vh 
 0.19870874 
       step   negloglik          mu    sigma.sq          SE          bt 
 3.00000000 17.00961649  0.03857930  0.01195872  0.06527043  2.15657841 
         vh 
 0.19870874 
       step   negloglik          mu    sigma.sq          SE          bt 
 4.00000000 17.00961649  0.03857930  0.01195872  0.06527043  2.15657841 
         vh 
 0.19870874 
[1] "Now starting analysis"
[1] "Starting with initial values"
        mu   sigma.sq         bt         vh 
2.00052169 0.07214507 1.00000000 0.03607254 
        step    negloglik           mu     sigma.sq           bt           vh 
 1.000000000 22.671889948 -0.494176735  0.068509696  2.501447691  0.003976973 
        step    negloglik           mu     sigma.sq           bt           vh 
 2.000000000 22.671889948 -0.494176735  0.068509696  2.501447691  0.003976973 
