[1] "args"
[1] "66"   "1442"
[1] "Now starting analysis"
[1] "Starting with initial values"
         mu    sigma.sq          SE          bt          vh 
1.469686788 0.008394275 0.004197138 1.000000000 0.004197138 
         step     negloglik            mu      sigma.sq            SE 
 1.000000e+00 -1.734883e+01  1.193242e+00  8.267518e-03  2.276977e-08 
           bt            vh 
 1.152299e+00  8.866337e-03 
[1] "New improvement found, resetting step counter"
         step     negloglik            mu      sigma.sq            SE 
 2.000000e+00 -1.742103e+01  1.203310e+00  8.268687e-03  1.939878e-06 
           bt            vh 
 1.145602e+00  1.974652e-04 
         step     negloglik            mu      sigma.sq            SE 
 3.000000e+00 -1.742103e+01  1.203310e+00  8.268687e-03  1.939878e-06 
           bt            vh 
 1.145602e+00  1.974652e-04 
         step     negloglik            mu      sigma.sq            SE 
 4.000000e+00 -1.742103e+01  1.203310e+00  8.268687e-03  1.939878e-06 
           bt            vh 
 1.145602e+00  1.974652e-04 
[1] "Now starting analysis"
[1] "Starting with initial values"
         mu    sigma.sq          bt          vh 
1.469686788 0.008394275 1.000000000 0.004197138 
         step     negloglik            mu      sigma.sq            bt 
  1.000000000 -17.386451248   1.271912038   0.008053033   1.123726039 
           vh 
  0.001120498 
[1] "New improvement found, resetting step counter"
         step     negloglik            mu      sigma.sq            bt 
 2.000000e+00 -1.742209e+01  1.204210e+00  8.040688e-03  1.148262e+00 
           vh 
 7.084516e-04 
         step     negloglik            mu      sigma.sq            bt 
 3.000000e+00 -1.742209e+01  1.204210e+00  8.040688e-03  1.148262e+00 
           vh 
 7.084516e-04 
         step     negloglik            mu      sigma.sq            bt 
 4.000000e+00 -1.742209e+01  1.204210e+00  8.040688e-03  1.148262e+00 
           vh 
 7.084516e-04 
[1] "Now starting analysis"
[1] "Starting with initial values"
         mu    sigma.sq          SE          vh 
1.469686788 0.008394275 0.004197138 0.004197138 
         step     negloglik            mu      sigma.sq            SE 
 1.000000e+00 -1.648928e+01  1.346956e+00  8.152368e-03  1.334211e-05 
           vh 
 2.222666e-02 
[1] "New improvement found, resetting step counter"
         step     negloglik            mu      sigma.sq            SE 
 2.000000e+00 -1.661262e+01  1.517835e+00  8.153026e-03  1.398311e-05 
           vh 
 1.932662e-03 
[1] "New improvement found, resetting step counter"
         step     negloglik            mu      sigma.sq            SE 
 3.000000e+00 -1.663776e+01  1.557210e+00  8.566964e-03  4.934131e-06 
           vh 
 6.104141e-05 
         step     negloglik            mu      sigma.sq            SE 
 4.000000e+00 -1.663776e+01  1.557210e+00  8.566964e-03  4.934131e-06 
           vh 
 6.104141e-05 
         step     negloglik            mu      sigma.sq            SE 
 5.000000e+00 -1.663776e+01  1.557210e+00  8.566964e-03  4.934131e-06 
           vh 
 6.104141e-05 
[1] "Now starting analysis"
[1] "Starting with initial values"
         mu    sigma.sq          vh 
1.469686788 0.008394275 0.004197138 
         step     negloglik            mu      sigma.sq            vh 
  1.000000000 -16.619517373   1.616655467   0.008394275   0.004197138 
[1] "New improvement found, but slight; taking the best value, but not resetting the step counter"
         step     negloglik            mu      sigma.sq            vh 
  2.000000000 -16.626771387   1.518708349   0.008369041   0.002525383 
[1] "New improvement found, but slight; taking the best value, but not resetting the step counter"
         step     negloglik            mu      sigma.sq            vh 
  3.000000000 -16.631312852   1.559765685   0.008245697   0.001221145 
[1] "Now starting analysis"
[1] "Starting with initial values"
         mu    sigma.sq          SE          bt 
1.469686788 0.008394275 0.004197138 1.000000000 
         step     negloglik            mu      sigma.sq            SE 
 1.000000e+00 -1.721362e+01  1.500809e+00  8.218684e-03  1.433216e-06 
           bt 
 1.093675e+00 
[1] "New improvement found, resetting step counter"
         step     negloglik            mu      sigma.sq            SE 
 2.000000e+00 -1.740269e+01  1.169850e+00  8.228006e-03  3.189550e-05 
           bt 
 1.139803e+00 
         step     negloglik            mu      sigma.sq            SE 
 3.000000e+00 -1.740269e+01  1.169850e+00  8.228006e-03  3.189550e-05 
           bt 
 1.139803e+00 
[1] "New improvement found, resetting step counter"
         step     negloglik            mu      sigma.sq            SE 
 4.000000e+00 -1.742820e+01  1.155294e+00  7.981834e-03  1.268099e-05 
           bt 
 1.166339e+00 
         step     negloglik            mu      sigma.sq            SE 
 5.000000e+00 -1.742820e+01  1.155294e+00  7.981834e-03  1.268099e-05 
           bt 
 1.166339e+00 
         step     negloglik            mu      sigma.sq            SE 
 6.000000e+00 -1.742820e+01  1.155294e+00  7.981834e-03  1.268099e-05 
           bt 
 1.166339e+00 
[1] "Now starting analysis"
[1] "Starting with initial values"
         mu    sigma.sq          bt 
1.469686788 0.008394275 1.000000000 
         step     negloglik            mu      sigma.sq            bt 
  1.000000000 -17.429923677   1.164244910   0.008206897   1.155876475 
         step     negloglik            mu      sigma.sq            bt 
  2.000000000 -17.429923677   1.164244910   0.008206897   1.155876475 
         step     negloglik            mu      sigma.sq            bt 
  3.000000000 -17.429923677   1.164244910   0.008206897   1.155876475 
[1] "Now starting analysis"
[1] "Starting with initial values"
         mu    sigma.sq          SE 
1.469686788 0.008394275 0.004197138 
         step     negloglik            mu      sigma.sq            SE 
 1.000000e+00 -1.640723e+01  1.587639e+00  6.929274e-03  1.511837e-04 
[1] "New improvement found, but slight; taking the best value, but not resetting the step counter"
         step     negloglik            mu      sigma.sq            SE 
 2.000000e+00 -1.640767e+01  1.554546e+00  6.936588e-03  1.771132e-04 
         step     negloglik            mu      sigma.sq            SE 
 3.000000e+00 -1.640767e+01  1.554546e+00  6.936588e-03  1.771132e-04 
[1] "Now starting analysis"
[1] "Starting with initial values"
         mu    sigma.sq 
1.469686788 0.008394275 
         step     negloglik            mu      sigma.sq 
  1.000000000 -16.635365700   1.524728280   0.008537799 
[1] "New improvement found, but slight; taking the best value, but not resetting the step counter"
        step    negloglik           mu     sigma.sq 
  2.00000000 -16.63553504   1.62006102   0.00846335 
[1] "New improvement found, but slight; taking the best value, but not resetting the step counter"
         step     negloglik            mu      sigma.sq 
  3.000000000 -16.640383690   1.569235249   0.008374374 
