000 (066.1545.000) 07/26 17:14:46 Job submitted from host: <160.36.155.106:9618?addrs=160.36.155.106-9618&noUDP&sock=27742_4872_4>
...
012 (066.1545.000) 08/03 14:17:18 Job was held.
	via condor_hold (by user bomeara)
	Code 1 Subcode 0
...
013 (066.1545.000) 08/05 22:28:05 Job was released.
	via condor_release (by user bomeara)
...
012 (066.1545.000) 08/09 10:36:13 Job was held.
	via condor_hold (by user bomeara)
	Code 1 Subcode 0
...
013 (066.1545.000) 08/09 13:05:24 Job was released.
	via condor_release (by user bomeara)
...
001 (066.1545.000) 09/18 05:28:53 Job executing on host: <10.128.78.255:9618?addrs=10.128.78.255-9618&noUDP&sock=2386_2d0f_4>
...
006 (066.1545.000) 09/18 05:29:02 Image size of job updated: 243520
	238  -  MemoryUsage of job (MB)
	243520  -  ResidentSetSize of job (KB)
...
006 (066.1545.000) 09/18 05:34:03 Image size of job updated: 247264
	242  -  MemoryUsage of job (MB)
	247264  -  ResidentSetSize of job (KB)
...
006 (066.1545.000) 09/18 13:19:50 Image size of job updated: 247840
	243  -  MemoryUsage of job (MB)
	247840  -  ResidentSetSize of job (KB)
...
006 (066.1545.000) 09/18 16:00:09 Image size of job updated: 248720
	243  -  MemoryUsage of job (MB)
	248720  -  ResidentSetSize of job (KB)
...
006 (066.1545.000) 09/18 23:15:54 Image size of job updated: 248860
	244  -  MemoryUsage of job (MB)
	248860  -  ResidentSetSize of job (KB)
...
006 (066.1545.000) 09/19 12:12:42 Image size of job updated: 454900
	244  -  MemoryUsage of job (MB)
	248860  -  ResidentSetSize of job (KB)
...
005 (066.1545.000) 09/19 12:12:42 Job terminated.
	(1) Normal termination (return value 0)
		Usr 1 06:41:19, Sys 0 00:00:16  -  Run Remote Usage
		Usr 0 00:00:00, Sys 0 00:00:00  -  Run Local Usage
		Usr 1 06:41:19, Sys 0 00:00:16  -  Total Remote Usage
		Usr 0 00:00:00, Sys 0 00:00:00  -  Total Local Usage
	32881  -  Run Bytes Sent By Job
	2422  -  Run Bytes Received By Job
	32881  -  Total Bytes Sent By Job
	2422  -  Total Bytes Received By Job
	Partitionable Resources :    Usage  Request Allocated 
	   Cpus                 :     1.00        1         1 
	   Disk (KB)            :    50           4    892794 
	   Memory (MB)          :   244           1       128 
...
