[1] "args"
[1] "66"   "1711"
[1] "Now starting analysis"
[1] "Starting with initial values"
       mu  sigma.sq        SE        bt        vh 
1.3297612 0.2479838 0.1239919 1.0000000 0.1239919 
       step   negloglik          mu    sigma.sq          SE          bt 
 1.00000000 50.67059761  1.40303199  0.01184019  0.06148699  1.11189893 
         vh 
 0.19663776 
[1] "New improvement found, resetting step counter"
        step    negloglik           mu     sigma.sq           SE           bt 
 2.000000000 50.292586529  1.392634827  0.011324434  0.063859347  1.016688568 
          vh 
 0.003786377 
[1] "New improvement found, but slight; taking the best value, but not resetting the step counter"
       step   negloglik          mu    sigma.sq          SE          bt 
 3.00000000 50.28611689  1.35933760  0.01076280  0.06500583  1.06502259 
         vh 
 0.00140779 
       step   negloglik          mu    sigma.sq          SE          bt 
 4.00000000 50.28611689  1.35933760  0.01076280  0.06500583  1.06502259 
         vh 
 0.00140779 
[1] "Now starting analysis"
[1] "Starting with initial values"
       mu  sigma.sq        bt        vh 
1.3297612 0.2479838 1.0000000 0.1239919 
       step   negloglik          mu    sigma.sq          bt          vh 
  1.0000000 131.4453281   1.3297612   0.2479838   1.1329761   0.1239919 
       step   negloglik          mu    sigma.sq          bt          vh 
  2.0000000 131.4453281   1.3297612   0.2479838   1.1329761   0.1239919 
[1] "New improvement found, but slight; taking the best value, but not resetting the step counter"
        step    negloglik           mu     sigma.sq           bt           vh 
  3.00000000 131.43759196   1.22351970   0.24819154   1.21514250   0.07253523 
[1] "Now starting analysis"
[1] "Starting with initial values"
       mu  sigma.sq        SE        vh 
1.3297612 0.2479838 0.1239919 0.1239919 
       step   negloglik          mu    sigma.sq          SE          vh 
 1.00000000 50.70490345  1.26286343  0.01136596  0.06491993  0.23278503 
[1] "New improvement found, resetting step counter"
       step   negloglik          mu    sigma.sq          SE          vh 
 2.00000000 50.31306352  1.39989415  0.01108519  0.06349086  0.01075064 
       step   negloglik          mu    sigma.sq          SE          vh 
 3.00000000 50.31306352  1.39989415  0.01108519  0.06349086  0.01075064 
       step   negloglik          mu    sigma.sq          SE          vh 
 4.00000000 50.31306352  1.39989415  0.01108519  0.06349086  0.01075064 
[1] "Now starting analysis"
[1] "Starting with initial values"
       mu  sigma.sq        vh 
1.3297612 0.2479838 0.1239919 
       step   negloglik          mu    sigma.sq          vh 
  1.0000000 131.4453361   1.3297612   0.2479838   0.1239919 
       step   negloglik          mu    sigma.sq          vh 
  2.0000000 131.4453361   1.3297612   0.2479838   0.1239919 
       step   negloglik          mu    sigma.sq          vh 
  3.0000000 131.4453361   1.3297612   0.2479838   0.1239919 
[1] "Now starting analysis"
[1] "Starting with initial values"
       mu  sigma.sq        SE        bt 
1.3297612 0.2479838 0.1239919 1.0000000 
       step   negloglik          mu    sigma.sq          SE          bt 
 1.00000000 50.65870204  1.45140029  0.01190216  0.05914820  1.34306448 
[1] "New improvement found, resetting step counter"
       step   negloglik          mu    sigma.sq          SE          bt 
 2.00000000 50.25721849  1.23871517  0.01139984  0.06102140  1.17678891 
       step   negloglik          mu    sigma.sq          SE          bt 
 3.00000000 50.25721849  1.23871517  0.01139984  0.06102140  1.17678891 
       step   negloglik          mu    sigma.sq          SE          bt 
 4.00000000 50.25721849  1.23871517  0.01139984  0.06102140  1.17678891 
[1] "Now starting analysis"
[1] "Starting with initial values"
       mu  sigma.sq        bt 
1.3297612 0.2479838 1.0000000 
       step   negloglik          mu    sigma.sq          bt 
  1.0000000 131.4280799   1.3297612   0.2479838   1.1329761 
       step   negloglik          mu    sigma.sq          bt 
  2.0000000 131.4280799   1.3297612   0.2479838   1.1329761 
       step   negloglik          mu    sigma.sq          bt 
  3.0000000 131.4280799   1.3297612   0.2479838   1.1329761 
[1] "Now starting analysis"
[1] "Starting with initial values"
       mu  sigma.sq        SE 
1.3297612 0.2479838 0.1239919 
       step   negloglik          mu    sigma.sq          SE 
 1.00000000 50.30285244  1.38331486  0.01150789  0.06523812 
[1] "New improvement found, resetting step counter"
       step   negloglik          mu    sigma.sq          SE 
 2.00000000 50.26997192  1.34710763  0.01137286  0.06093680 
       step   negloglik          mu    sigma.sq          SE 
 3.00000000 50.26997192  1.34710763  0.01137286  0.06093680 
       step   negloglik          mu    sigma.sq          SE 
 4.00000000 50.26997192  1.34710763  0.01137286  0.06093680 
[1] "Now starting analysis"
[1] "Starting with initial values"
       mu  sigma.sq 
1.3297612 0.2479838 
       step   negloglik          mu    sigma.sq 
  1.0000000 131.4280881   1.3297612   0.2479838 
       step   negloglik          mu    sigma.sq 
  2.0000000 131.4280881   1.3297612   0.2479838 
       step   negloglik          mu    sigma.sq 
  3.0000000 131.4280881   1.3297612   0.2479838 
