000 (066.1436.000) 07/26 17:14:46 Job submitted from host: <160.36.155.106:9618?addrs=160.36.155.106-9618&noUDP&sock=27742_4872_4>
...
012 (066.1436.000) 08/03 14:17:13 Job was held.
	via condor_hold (by user bomeara)
	Code 1 Subcode 0
...
013 (066.1436.000) 08/05 22:28:00 Job was released.
	via condor_release (by user bomeara)
...
012 (066.1436.000) 08/09 10:36:06 Job was held.
	via condor_hold (by user bomeara)
	Code 1 Subcode 0
...
013 (066.1436.000) 08/09 13:05:18 Job was released.
	via condor_release (by user bomeara)
...
001 (066.1436.000) 09/12 19:51:54 Job executing on host: <10.128.121.58:9618?addrs=10.128.121.58-9618&noUDP&sock=2350_7ba6_4>
...
006 (066.1436.000) 09/12 19:52:02 Image size of job updated: 220600
	216  -  MemoryUsage of job (MB)
	220600  -  ResidentSetSize of job (KB)
...
006 (066.1436.000) 09/12 19:57:02 Image size of job updated: 225764
	221  -  MemoryUsage of job (MB)
	225764  -  ResidentSetSize of job (KB)
...
005 (066.1436.000) 09/13 07:26:35 Job terminated.
	(1) Normal termination (return value 1)
		Usr 0 11:33:46, Sys 0 00:00:05  -  Run Remote Usage
		Usr 0 00:00:00, Sys 0 00:00:00  -  Run Local Usage
		Usr 0 11:33:46, Sys 0 00:00:05  -  Total Remote Usage
		Usr 0 00:00:00, Sys 0 00:00:00  -  Total Local Usage
	2128  -  Run Bytes Sent By Job
	2422  -  Run Bytes Received By Job
	2128  -  Total Bytes Sent By Job
	2422  -  Total Bytes Received By Job
	Partitionable Resources :    Usage  Request Allocated 
	   Cpus                 :     1.00        1         1 
	   Disk (KB)            :    20           4    888331 
	   Memory (MB)          :   221           1       128 
...
