000 (066.289.000) 07/26 17:14:46 Job submitted from host: <160.36.155.106:9618?addrs=160.36.155.106-9618&noUDP&sock=27742_4872_4>
...
001 (066.289.000) 07/27 04:45:00 Job executing on host: <10.128.121.58:9618?addrs=10.128.121.58-9618&noUDP&sock=2263_cee9_4>
...
006 (066.289.000) 07/27 04:45:08 Image size of job updated: 234388
	229  -  MemoryUsage of job (MB)
	234388  -  ResidentSetSize of job (KB)
...
006 (066.289.000) 07/27 04:50:08 Image size of job updated: 245192
	240  -  MemoryUsage of job (MB)
	245192  -  ResidentSetSize of job (KB)
...
006 (066.289.000) 07/27 04:55:09 Image size of job updated: 245208
	240  -  MemoryUsage of job (MB)
	245208  -  ResidentSetSize of job (KB)
...
006 (066.289.000) 07/28 20:19:19 Image size of job updated: 247896
	243  -  MemoryUsage of job (MB)
	247896  -  ResidentSetSize of job (KB)
...
006 (066.289.000) 07/28 22:44:35 Image size of job updated: 248072
	243  -  MemoryUsage of job (MB)
	247896  -  ResidentSetSize of job (KB)
...
006 (066.289.000) 07/28 22:54:36 Image size of job updated: 248076
	243  -  MemoryUsage of job (MB)
	247896  -  ResidentSetSize of job (KB)
...
006 (066.289.000) 07/28 23:34:39 Image size of job updated: 248116
	243  -  MemoryUsage of job (MB)
	247936  -  ResidentSetSize of job (KB)
...
006 (066.289.000) 07/29 09:05:38 Image size of job updated: 250328
	243  -  MemoryUsage of job (MB)
	247936  -  ResidentSetSize of job (KB)
...
006 (066.289.000) 07/29 09:10:39 Image size of job updated: 250384
	243  -  MemoryUsage of job (MB)
	247936  -  ResidentSetSize of job (KB)
...
006 (066.289.000) 07/29 09:15:39 Image size of job updated: 250392
	243  -  MemoryUsage of job (MB)
	247936  -  ResidentSetSize of job (KB)
...
006 (066.289.000) 07/29 09:20:40 Image size of job updated: 250412
	243  -  MemoryUsage of job (MB)
	247936  -  ResidentSetSize of job (KB)
...
006 (066.289.000) 07/29 10:35:49 Image size of job updated: 250416
	243  -  MemoryUsage of job (MB)
	247936  -  ResidentSetSize of job (KB)
...
006 (066.289.000) 07/29 11:40:55 Image size of job updated: 250420
	243  -  MemoryUsage of job (MB)
	247936  -  ResidentSetSize of job (KB)
...
005 (066.289.000) 07/30 02:48:44 Job terminated.
	(1) Normal termination (return value 0)
		Usr 2 21:58:10, Sys 0 00:00:23  -  Run Remote Usage
		Usr 0 00:00:00, Sys 0 00:00:00  -  Run Local Usage
		Usr 2 21:58:10, Sys 0 00:00:23  -  Total Remote Usage
		Usr 0 00:00:00, Sys 0 00:00:00  -  Total Local Usage
	31465  -  Run Bytes Sent By Job
	2422  -  Run Bytes Received By Job
	31465  -  Total Bytes Sent By Job
	2422  -  Total Bytes Received By Job
	Partitionable Resources :    Usage  Request Allocated 
	   Cpus                 :     1.00        1         1 
	   Disk (KB)            :    48           4    888081 
	   Memory (MB)          :   243           1       128 
...
