000 (066.732.000) 07/26 17:14:46 Job submitted from host: <160.36.155.106:9618?addrs=160.36.155.106-9618&noUDP&sock=27742_4872_4>
...
012 (066.732.000) 08/03 14:16:37 Job was held.
	via condor_hold (by user bomeara)
	Code 1 Subcode 0
...
013 (066.732.000) 08/05 22:27:23 Job was released.
	via condor_release (by user bomeara)
...
012 (066.732.000) 08/09 10:35:19 Job was held.
	via condor_hold (by user bomeara)
	Code 1 Subcode 0
...
013 (066.732.000) 08/09 13:04:42 Job was released.
	via condor_release (by user bomeara)
...
001 (066.732.000) 08/10 01:53:59 Job executing on host: <10.130.210.206:9618?addrs=10.130.210.206-9618&noUDP&sock=76684_6c96_4>
...
006 (066.732.000) 08/10 01:54:07 Image size of job updated: 226728
	222  -  MemoryUsage of job (MB)
	226728  -  ResidentSetSize of job (KB)
...
006 (066.732.000) 08/10 01:59:07 Image size of job updated: 226744
	222  -  MemoryUsage of job (MB)
	226744  -  ResidentSetSize of job (KB)
...
006 (066.732.000) 08/10 03:39:17 Image size of job updated: 227928
	223  -  MemoryUsage of job (MB)
	227928  -  ResidentSetSize of job (KB)
...
006 (066.732.000) 08/10 03:44:18 Image size of job updated: 231660
	227  -  MemoryUsage of job (MB)
	231660  -  ResidentSetSize of job (KB)
...
005 (066.732.000) 08/10 04:00:13 Job terminated.
	(1) Normal termination (return value 0)
		Usr 0 02:06:03, Sys 0 00:00:00  -  Run Remote Usage
		Usr 0 00:00:00, Sys 0 00:00:00  -  Run Local Usage
		Usr 0 02:06:03, Sys 0 00:00:00  -  Total Remote Usage
		Usr 0 00:00:00, Sys 0 00:00:00  -  Total Local Usage
	27993  -  Run Bytes Sent By Job
	2422  -  Run Bytes Received By Job
	27993  -  Total Bytes Sent By Job
	2422  -  Total Bytes Received By Job
	Partitionable Resources :    Usage  Request Allocated 
	   Cpus                 :     1.00        1         1 
	   Disk (KB)            :    45           4    813884 
	   Memory (MB)          :   227           1       128 
...
