000 (066.697.000) 07/26 17:14:46 Job submitted from host: <160.36.155.106:9618?addrs=160.36.155.106-9618&noUDP&sock=27742_4872_4>
...
012 (066.697.000) 08/03 14:16:36 Job was held.
	via condor_hold (by user bomeara)
	Code 1 Subcode 0
...
013 (066.697.000) 08/05 22:27:22 Job was released.
	via condor_release (by user bomeara)
...
012 (066.697.000) 08/09 10:35:17 Job was held.
	via condor_hold (by user bomeara)
	Code 1 Subcode 0
...
013 (066.697.000) 08/09 13:04:40 Job was released.
	via condor_release (by user bomeara)
...
001 (066.697.000) 08/09 16:51:47 Job executing on host: <10.129.213.175:9618?addrs=10.129.213.175-9618&noUDP&sock=2691_6172_4>
...
006 (066.697.000) 08/09 16:51:56 Image size of job updated: 234668
	230  -  MemoryUsage of job (MB)
	234668  -  ResidentSetSize of job (KB)
...
006 (066.697.000) 08/09 16:56:57 Image size of job updated: 236652
	232  -  MemoryUsage of job (MB)
	236652  -  ResidentSetSize of job (KB)
...
006 (066.697.000) 08/09 19:57:15 Image size of job updated: 239168
	234  -  MemoryUsage of job (MB)
	239168  -  ResidentSetSize of job (KB)
...
006 (066.697.000) 08/09 20:22:18 Image size of job updated: 248012
	243  -  MemoryUsage of job (MB)
	248012  -  ResidentSetSize of job (KB)
...
006 (066.697.000) 08/10 02:02:56 Image size of job updated: 248196
	243  -  MemoryUsage of job (MB)
	248196  -  ResidentSetSize of job (KB)
...
005 (066.697.000) 08/10 03:57:38 Job terminated.
	(1) Normal termination (return value 0)
		Usr 0 11:05:36, Sys 0 00:00:02  -  Run Remote Usage
		Usr 0 00:00:00, Sys 0 00:00:00  -  Run Local Usage
		Usr 0 11:05:36, Sys 0 00:00:02  -  Total Remote Usage
		Usr 0 00:00:00, Sys 0 00:00:00  -  Total Local Usage
	30638  -  Run Bytes Sent By Job
	2422  -  Run Bytes Received By Job
	30638  -  Total Bytes Sent By Job
	2422  -  Total Bytes Received By Job
	Partitionable Resources :    Usage  Request Allocated 
	   Cpus                 :     1.00        1         1 
	   Disk (KB)            :    48           4   1811513 
	   Memory (MB)          :   243           1       128 
...
