[1] "args"
[1] "66"  "358"
[1] "Now starting analysis"
[1] "Starting with initial values"
        mu   sigma.sq         SE         bt         vh 
3.81632793 0.06773397 0.03386699 1.00000000 0.03386699 
        step    negloglik           mu     sigma.sq           SE           bt 
1.000000e+00 1.333660e+01 4.799042e-01 7.976721e-07 1.195610e-01 2.097649e+00 
          vh 
5.545761e-02 
[1] "New improvement found, resetting step counter"
        step    negloglik           mu     sigma.sq           SE           bt 
2.000000e+00 1.205989e+01 4.771536e-01 8.159490e-07 1.154043e-01 2.124530e+00 
          vh 
1.259753e-04 
        step    negloglik           mu     sigma.sq           SE           bt 
3.000000e+00 1.205989e+01 4.771536e-01 8.159490e-07 1.154043e-01 2.124530e+00 
          vh 
1.259753e-04 
        step    negloglik           mu     sigma.sq           SE           bt 
4.000000e+00 1.205989e+01 4.771536e-01 8.159490e-07 1.154043e-01 2.124530e+00 
          vh 
1.259753e-04 
[1] "Now starting analysis"
[1] "Starting with initial values"
        mu   sigma.sq         bt         vh 
3.81632793 0.06773397 1.00000000 0.03386699 
      step  negloglik         mu   sigma.sq         bt         vh 
 1.0000000 19.0341288  0.7376018  0.0520039  1.9905031  0.3667126 
[1] "New improvement found, resetting step counter"
        step    negloglik           mu     sigma.sq           bt           vh 
 2.000000000 18.514257722  0.972444395  0.055833444  2.064739444  0.004121662 
[1] "New improvement found, resetting step counter"
       step   negloglik          mu    sigma.sq          bt          vh 
 3.00000000 18.45646913  0.79772259  0.05382641  2.06770450  0.00332515 
       step   negloglik          mu    sigma.sq          bt          vh 
 4.00000000 18.45646913  0.79772259  0.05382641  2.06770450  0.00332515 
       step   negloglik          mu    sigma.sq          bt          vh 
 5.00000000 18.45646913  0.79772259  0.05382641  2.06770450  0.00332515 
[1] "Now starting analysis"
[1] "Starting with initial values"
        mu   sigma.sq         SE         vh 
3.81632793 0.06773397 0.03386699 0.03386699 
       step   negloglik          mu    sigma.sq          SE          vh 
 1.00000000 19.33600702  0.74932687  0.01042122  0.07424922  5.62728663 
[1] "New improvement found, resetting step counter"
       step   negloglik          mu    sigma.sq          SE          vh 
 2.00000000 19.31278195  0.70820466  0.01086124  0.07931729  6.17265181 
[1] "New improvement found, but slight; taking the best value, but not resetting the step counter"
       step   negloglik          mu    sigma.sq          SE          vh 
 3.00000000 19.30981525  0.71106188  0.01014923  0.07859421  5.91720599 
       step   negloglik          mu    sigma.sq          SE          vh 
 4.00000000 19.30981525  0.71106188  0.01014923  0.07859421  5.91720599 
[1] "Now starting analysis"
[1] "Starting with initial values"
        mu   sigma.sq         vh 
3.81632793 0.06773397 0.03386699 
      step  negloglik         mu   sigma.sq         vh 
 1.0000000 21.9787618  0.9419351  0.0536200  6.1137675 
      step  negloglik         mu   sigma.sq         vh 
 2.0000000 21.9787618  0.9419351  0.0536200  6.1137675 
      step  negloglik         mu   sigma.sq         vh 
 3.0000000 21.9787618  0.9419351  0.0536200  6.1137675 
[1] "Now starting analysis"
[1] "Starting with initial values"
        mu   sigma.sq         SE         bt 
3.81632793 0.06773397 0.03386699 1.00000000 
        step    negloglik           mu     sigma.sq           SE           bt 
1.000000e+00 1.224699e+01 4.898047e-01 1.940156e-06 1.458692e-01 2.118339e+00 
[1] "New improvement found, resetting step counter"
        step    negloglik           mu     sigma.sq           SE           bt 
2.000000e+00 1.200744e+01 4.809261e-01 8.652997e-07 1.232992e-01 2.134114e+00 
        step    negloglik           mu     sigma.sq           SE           bt 
3.000000e+00 1.200744e+01 4.809261e-01 8.652997e-07 1.232992e-01 2.134114e+00 
        step    negloglik           mu     sigma.sq           SE           bt 
4.000000e+00 1.200744e+01 4.809261e-01 8.652997e-07 1.232992e-01 2.134114e+00 
[1] "Now starting analysis"
[1] "Starting with initial values"
        mu   sigma.sq         bt 
3.81632793 0.06773397 1.00000000 
       step   negloglik          mu    sigma.sq          bt 
 1.00000000 20.46005205  3.60579318  0.06180509  1.79691987 
[1] "New improvement found, resetting step counter"
       step   negloglik          mu    sigma.sq          bt 
 2.00000000 18.42600926  0.45478666  0.05170422  2.11690663 
       step   negloglik          mu    sigma.sq          bt 
 3.00000000 18.42600926  0.45478666  0.05170422  2.11690663 
       step   negloglik          mu    sigma.sq          bt 
 4.00000000 18.42600926  0.45478666  0.05170422  2.11690663 
[1] "Now starting analysis"
[1] "Starting with initial values"
        mu   sigma.sq         SE 
3.81632793 0.06773397 0.03386699 
        step    negloglik           mu     sigma.sq           SE 
 1.000000000 27.476852285  5.389448528  0.076832896  0.004666784 
[1] "New improvement found, resetting step counter"
        step    negloglik           mu     sigma.sq           SE 
 2.000000000 27.446607042  5.208882251  0.077494213  0.005841455 
[1] "New improvement found, resetting step counter"
        step    negloglik           mu     sigma.sq           SE 
 3.000000000 27.369876238  4.974383135  0.080045537  0.005053292 
        step    negloglik           mu     sigma.sq           SE 
 4.000000000 27.369876238  4.974383135  0.080045537  0.005053292 
        step    negloglik           mu     sigma.sq           SE 
 5.000000000 27.369876238  4.974383135  0.080045537  0.005053292 
[1] "Now starting analysis"
[1] "Starting with initial values"
        mu   sigma.sq 
3.81632793 0.06773397 
       step   negloglik          mu    sigma.sq 
 1.00000000 27.22458489  5.08030021  0.09195871 
       step   negloglik          mu    sigma.sq 
 2.00000000 27.22458489  5.08030021  0.09195871 
       step   negloglik          mu    sigma.sq 
 3.00000000 27.22458489  5.08030021  0.09195871 
