000 (066.481.000) 07/26 17:14:46 Job submitted from host: <160.36.155.106:9618?addrs=160.36.155.106-9618&noUDP&sock=27742_4872_4>
...
001 (066.481.000) 07/31 20:49:54 Job executing on host: <10.131.171.171:9618?addrs=10.131.171.171-9618&noUDP&sock=2084_0775_4>
...
006 (066.481.000) 07/31 20:50:03 Image size of job updated: 232896
	228  -  MemoryUsage of job (MB)
	232896  -  ResidentSetSize of job (KB)
...
006 (066.481.000) 07/31 20:55:03 Image size of job updated: 246384
	241  -  MemoryUsage of job (MB)
	246384  -  ResidentSetSize of job (KB)
...
006 (066.481.000) 07/31 21:55:10 Image size of job updated: 249064
	244  -  MemoryUsage of job (MB)
	249064  -  ResidentSetSize of job (KB)
...
006 (066.481.000) 07/31 22:05:11 Image size of job updated: 249472
	244  -  MemoryUsage of job (MB)
	249472  -  ResidentSetSize of job (KB)
...
005 (066.481.000) 08/01 00:25:32 Job terminated.
	(1) Normal termination (return value 0)
		Usr 0 03:35:17, Sys 0 00:00:01  -  Run Remote Usage
		Usr 0 00:00:00, Sys 0 00:00:00  -  Run Local Usage
		Usr 0 03:35:17, Sys 0 00:00:01  -  Total Remote Usage
		Usr 0 00:00:00, Sys 0 00:00:00  -  Total Local Usage
	30431  -  Run Bytes Sent By Job
	2422  -  Run Bytes Received By Job
	30431  -  Total Bytes Sent By Job
	2422  -  Total Bytes Received By Job
	Partitionable Resources :    Usage  Request Allocated 
	   Cpus                 :     1.00        1         1 
	   Disk (KB)            :    47           4    890340 
	   Memory (MB)          :   244           1       128 
...
