[1] "args"
[1] "66"  "439"
[1] "Now starting analysis"
[1] "Starting with initial values"
         mu    sigma.sq          SE          bt          vh 
1.392996111 0.008280769 0.004140385 1.000000000 0.004140385 
         step     negloglik            mu      sigma.sq            SE 
 1.000000e+00 -5.554743e+01  1.473483e+00  8.250414e-03  6.781987e-07 
           bt            vh 
 9.221511e-01  5.112496e-02 
[1] "New improvement found, resetting step counter"
         step     negloglik            mu      sigma.sq            SE 
 2.000000e+00 -5.586763e+01  1.404426e+00  8.250164e-03  4.430032e-07 
           bt            vh 
 1.145564e+00  1.567577e-03 
         step     negloglik            mu      sigma.sq            SE 
 3.000000e+00 -5.586763e+01  1.404426e+00  8.250164e-03  4.430032e-07 
           bt            vh 
 1.145564e+00  1.567577e-03 
         step     negloglik            mu      sigma.sq            SE 
 4.000000e+00 -5.586763e+01  1.404426e+00  8.250164e-03  4.430032e-07 
           bt            vh 
 1.145564e+00  1.567577e-03 
[1] "Now starting analysis"
[1] "Starting with initial values"
         mu    sigma.sq          bt          vh 
1.392996111 0.008280769 1.000000000 0.004140385 
         step     negloglik            mu      sigma.sq            bt 
  1.000000000 -55.907357064   1.369844847   0.008230533   1.370223050 
           vh 
  0.013865631 
[1] "New improvement found, resetting step counter"
         step     negloglik            mu      sigma.sq            bt 
  2.000000000 -55.933908972   1.346358167   0.008143773   1.456889875 
           vh 
  0.001127725 
[1] "New improvement found, resetting step counter"
         step     negloglik            mu      sigma.sq            bt 
  3.000000000 -55.946828644   1.325923050   0.008393902   1.417215801 
           vh 
  0.001991522 
         step     negloglik            mu      sigma.sq            bt 
  4.000000000 -55.946828644   1.325923050   0.008393902   1.417215801 
           vh 
  0.001991522 
[1] "New improvement found, but slight; taking the best value, but not resetting the step counter"
         step     negloglik            mu      sigma.sq            bt 
  5.000000000 -55.949628037   1.321417152   0.008170398   1.393289990 
           vh 
  0.004088226 
[1] "Now starting analysis"
[1] "Starting with initial values"
         mu    sigma.sq          SE          vh 
1.392996111 0.008280769 0.004140385 0.004140385 
         step     negloglik            mu      sigma.sq            SE 
 1.000000e+00 -5.500871e+01  1.146657e+00  7.535059e-03  5.062704e-07 
           vh 
 1.241007e-01 
[1] "New improvement found, resetting step counter"
         step     negloglik            mu      sigma.sq            SE 
 2.000000e+00 -5.549187e+01  1.384171e+00  7.534779e-03  1.247171e-07 
           vh 
 2.349036e-02 
[1] "New improvement found, resetting step counter"
         step     negloglik            mu      sigma.sq            SE 
 3.000000e+00 -5.551133e+01  1.406926e+00  7.627066e-03  2.501857e-06 
           vh 
 2.161155e-02 
[1] "New improvement found, resetting step counter"
         step     negloglik            mu      sigma.sq            SE 
 4.000000e+00 -5.574130e+01  1.404388e+00  8.280008e-03  1.164842e-06 
           vh 
 9.392955e-06 
         step     negloglik            mu      sigma.sq            SE 
 5.000000e+00 -5.574130e+01  1.404388e+00  8.280008e-03  1.164842e-06 
           vh 
 9.392955e-06 
         step     negloglik            mu      sigma.sq            SE 
 6.000000e+00 -5.574130e+01  1.404388e+00  8.280008e-03  1.164842e-06 
           vh 
 9.392955e-06 
[1] "Now starting analysis"
[1] "Starting with initial values"
         mu    sigma.sq          vh 
1.392996111 0.008280769 0.004140385 
         step     negloglik            mu      sigma.sq            vh 
  1.000000000 -55.756836820   1.392996111   0.008280769   0.004140385 
         step     negloglik            mu      sigma.sq            vh 
  2.000000000 -55.756836820   1.392996111   0.008280769   0.004140385 
         step     negloglik            mu      sigma.sq            vh 
  3.000000000 -55.756836820   1.392996111   0.008280769   0.004140385 
[1] "Now starting analysis"
[1] "Starting with initial values"
         mu    sigma.sq          SE          bt 
1.392996111 0.008280769 0.004140385 1.000000000 
         step     negloglik            mu      sigma.sq            SE 
 1.000000e+00 -5.589818e+01  1.284220e+00  8.432871e-03  4.484599e-07 
           bt 
 1.240932e+00 
[1] "New improvement found, resetting step counter"
         step     negloglik            mu      sigma.sq            SE 
 2.000000e+00 -5.593658e+01  1.284220e+00  8.432871e-03  4.484599e-07 
           bt 
 1.369354e+00 
         step     negloglik            mu      sigma.sq            SE 
 3.000000e+00 -5.593658e+01  1.284220e+00  8.432871e-03  4.484599e-07 
           bt 
 1.369354e+00 
         step     negloglik            mu      sigma.sq            SE 
 4.000000e+00 -5.593658e+01  1.284220e+00  8.432871e-03  4.484599e-07 
           bt 
 1.369354e+00 
[1] "Now starting analysis"
[1] "Starting with initial values"
         mu    sigma.sq          bt 
1.392996111 0.008280769 1.000000000 
         step     negloglik            mu      sigma.sq            bt 
  1.000000000 -55.952958441   1.269159120   0.008326114   1.433361453 
         step     negloglik            mu      sigma.sq            bt 
  2.000000000 -55.952958441   1.269159120   0.008326114   1.433361453 
         step     negloglik            mu      sigma.sq            bt 
  3.000000000 -55.952958441   1.269159120   0.008326114   1.433361453 
[1] "Now starting analysis"
[1] "Starting with initial values"
         mu    sigma.sq          SE 
1.392996111 0.008280769 0.004140385 
         step     negloglik            mu      sigma.sq            SE 
 1.000000e+00 -5.572122e+01  1.464334e+00  8.262156e-03  5.290650e-07 
         step     negloglik            mu      sigma.sq            SE 
 2.000000e+00 -5.572122e+01  1.464334e+00  8.262156e-03  5.290650e-07 
         step     negloglik            mu      sigma.sq            SE 
 3.000000e+00 -5.572122e+01  1.464334e+00  8.262156e-03  5.290650e-07 
[1] "Now starting analysis"
[1] "Starting with initial values"
         mu    sigma.sq 
1.392996111 0.008280769 
         step     negloglik            mu      sigma.sq 
  1.000000000 -55.763340054   1.392996111   0.008280769 
         step     negloglik            mu      sigma.sq 
  2.000000000 -55.763340054   1.392996111   0.008280769 
         step     negloglik            mu      sigma.sq 
  3.000000000 -55.763340054   1.392996111   0.008280769 
