000 (066.643.000) 07/26 17:14:46 Job submitted from host: <160.36.155.106:9618?addrs=160.36.155.106-9618&noUDP&sock=27742_4872_4>
...
001 (066.643.000) 08/02 07:21:25 Job executing on host: <10.130.107.8:9618?addrs=10.130.107.8-9618&noUDP&sock=69199_5635_4>
...
006 (066.643.000) 08/02 07:21:34 Image size of job updated: 233484
	229  -  MemoryUsage of job (MB)
	233484  -  ResidentSetSize of job (KB)
...
006 (066.643.000) 08/02 07:26:35 Image size of job updated: 249448
	244  -  MemoryUsage of job (MB)
	249448  -  ResidentSetSize of job (KB)
...
006 (066.643.000) 08/02 19:17:46 Image size of job updated: 249472
	244  -  MemoryUsage of job (MB)
	249472  -  ResidentSetSize of job (KB)
...
005 (066.643.000) 08/02 23:41:47 Job terminated.
	(1) Normal termination (return value 0)
		Usr 0 16:18:38, Sys 0 00:00:11  -  Run Remote Usage
		Usr 0 00:00:00, Sys 0 00:00:00  -  Run Local Usage
		Usr 0 16:18:38, Sys 0 00:00:11  -  Total Remote Usage
		Usr 0 00:00:00, Sys 0 00:00:00  -  Total Local Usage
	31613  -  Run Bytes Sent By Job
	2422  -  Run Bytes Received By Job
	31613  -  Total Bytes Sent By Job
	2422  -  Total Bytes Received By Job
	Partitionable Resources :    Usage  Request Allocated 
	   Cpus                 :     1.00        1         1 
	   Disk (KB)            :    49           4    888358 
	   Memory (MB)          :   244           1       128 
...
