[1] "args"
[1] "66"  "890"
[1] "Now starting analysis"
[1] "Starting with initial values"
         mu    sigma.sq          SE          bt          vh 
0.662549817 0.008505193 0.004252596 1.000000000 0.004252596 
         step     negloglik            mu      sigma.sq            SE 
 1.0000000000 -6.7189017963  1.2563740439  0.0071678453  0.0001572172 
           bt            vh 
 0.7927671954  0.0001185772 
[1] "New improvement found, resetting step counter"
         step     negloglik            mu      sigma.sq            SE 
 2.000000e+00 -6.871203e+00  1.073123e+00  7.136959e-03  7.759512e-05 
           bt            vh 
 7.933271e-01  9.617024e-06 
         step     negloglik            mu      sigma.sq            SE 
 3.000000e+00 -6.871203e+00  1.073123e+00  7.136959e-03  7.759512e-05 
           bt            vh 
 7.933271e-01  9.617024e-06 
[1] "New improvement found, resetting step counter"
         step     negloglik            mu      sigma.sq            SE 
 4.000000e+00 -7.161687e+00  9.738895e-01  8.752175e-03  7.121919e-06 
           bt            vh 
 8.182916e-01  4.297530e-04 
         step     negloglik            mu      sigma.sq            SE 
 5.000000e+00 -7.161687e+00  9.738895e-01  8.752175e-03  7.121919e-06 
           bt            vh 
 8.182916e-01  4.297530e-04 
         step     negloglik            mu      sigma.sq            SE 
 6.000000e+00 -7.161687e+00  9.738895e-01  8.752175e-03  7.121919e-06 
           bt            vh 
 8.182916e-01  4.297530e-04 
[1] "Now starting analysis"
[1] "Starting with initial values"
         mu    sigma.sq          bt          vh 
0.662549817 0.008505193 1.000000000 0.004252596 
        step    negloglik           mu     sigma.sq           bt           vh 
 1.000000000 -7.073080843  0.986989881  0.009227975  0.835676311  0.002264964 
[1] "New improvement found, resetting step counter"
        step    negloglik           mu     sigma.sq           bt           vh 
 2.000000000 -7.118057529  0.909352112  0.008681971  0.830602428  0.001382167 
[1] "New improvement found, resetting step counter"
         step     negloglik            mu      sigma.sq            bt 
 3.0000000000 -7.1593770906  1.1331136882  0.0090346664  0.7934516962 
           vh 
 0.0008591706 
         step     negloglik            mu      sigma.sq            bt 
 4.0000000000 -7.1593770906  1.1331136882  0.0090346664  0.7934516962 
           vh 
 0.0008591706 
[1] "New improvement found, resetting step counter"
         step     negloglik            mu      sigma.sq            bt 
 5.0000000000 -7.1696513234  0.9700527815  0.0089596366  0.8064819961 
           vh 
 0.0003277246 
         step     negloglik            mu      sigma.sq            bt 
 6.0000000000 -7.1696513234  0.9700527815  0.0089596366  0.8064819961 
           vh 
 0.0003277246 
[1] "New improvement found, but slight; taking the best value, but not resetting the step counter"
         step     negloglik            mu      sigma.sq            bt 
 7.0000000000 -7.1753309561  1.0167165257  0.0084212657  0.8077802197 
           vh 
 0.0003419377 
[1] "Now starting analysis"
[1] "Starting with initial values"
         mu    sigma.sq          SE          vh 
0.662549817 0.008505193 0.004252596 0.004252596 
         step     negloglik            mu      sigma.sq            SE 
 1.000000e+00 -6.160261e+00  6.960291e-01  8.145150e-03  8.445086e-06 
           vh 
 2.636725e-01 
[1] "New improvement found, resetting step counter"
         step     negloglik            mu      sigma.sq            SE 
 2.000000e+00 -6.209369e+00  6.533101e-01  8.149710e-03  1.839128e-05 
           vh 
 1.747660e-01 
         step     negloglik            mu      sigma.sq            SE 
 3.000000e+00 -6.209369e+00  6.533101e-01  8.149710e-03  1.839128e-05 
           vh 
 1.747660e-01 
         step     negloglik            mu      sigma.sq            SE 
 4.000000e+00 -6.209369e+00  6.533101e-01  8.149710e-03  1.839128e-05 
           vh 
 1.747660e-01 
[1] "Now starting analysis"
[1] "Starting with initial values"
         mu    sigma.sq          vh 
0.662549817 0.008505193 0.004252596 
        step    negloglik           mu     sigma.sq           vh 
 1.000000000 -6.239823454  0.616287460  0.008519771  0.168564522 
        step    negloglik           mu     sigma.sq           vh 
 2.000000000 -6.239823454  0.616287460  0.008519771  0.168564522 
[1] "New improvement found, but slight; taking the best value, but not resetting the step counter"
        step    negloglik           mu     sigma.sq           vh 
 3.000000000 -6.242019177  0.653539216  0.008632386  0.160318407 
[1] "Now starting analysis"
[1] "Starting with initial values"
         mu    sigma.sq          SE          bt 
0.662549817 0.008505193 0.004252596 1.000000000 
         step     negloglik            mu      sigma.sq            SE 
 1.000000e+00 -7.022635e+00  7.808148e-01  8.588488e-03  5.615645e-06 
           bt 
 8.309584e-01 
[1] "New improvement found, resetting step counter"
         step     negloglik            mu      sigma.sq            SE 
 2.000000e+00 -7.121555e+00  9.178276e-01  8.587466e-03  2.388341e-06 
           bt 
 8.311892e-01 
         step     negloglik            mu      sigma.sq            SE 
 3.000000e+00 -7.121555e+00  9.178276e-01  8.587466e-03  2.388341e-06 
           bt 
 8.311892e-01 
         step     negloglik            mu      sigma.sq            SE 
 4.000000e+00 -7.121555e+00  9.178276e-01  8.587466e-03  2.388341e-06 
           bt 
 8.311892e-01 
[1] "Now starting analysis"
[1] "Starting with initial values"
         mu    sigma.sq          bt 
0.662549817 0.008505193 1.000000000 
        step    negloglik           mu     sigma.sq           bt 
 1.000000000 -7.191494363  1.060127307  0.008789233  0.795391476 
        step    negloglik           mu     sigma.sq           bt 
 2.000000000 -7.191494363  1.060127307  0.008789233  0.795391476 
        step    negloglik           mu     sigma.sq           bt 
 3.000000000 -7.191494363  1.060127307  0.008789233  0.795391476 
[1] "Now starting analysis"
[1] "Starting with initial values"
         mu    sigma.sq          SE 
0.662549817 0.008505193 0.004252596 
         step     negloglik            mu      sigma.sq            SE 
 1.000000e+00 -5.388364e+00  4.818983e-01  9.874369e-03  5.068634e-06 
[1] "New improvement found, but slight; taking the best value, but not resetting the step counter"
         step     negloglik            mu      sigma.sq            SE 
 2.000000e+00 -5.390156e+00  5.059962e-01  9.873055e-03  4.536277e-07 
         step     negloglik            mu      sigma.sq            SE 
 3.000000e+00 -5.390156e+00  5.059962e-01  9.873055e-03  4.536277e-07 
[1] "Now starting analysis"
[1] "Starting with initial values"
         mu    sigma.sq 
0.662549817 0.008505193 
        step    negloglik           mu     sigma.sq 
 1.000000000 -5.390217994  0.473251602  0.009758797 
        step    negloglik           mu     sigma.sq 
 2.000000000 -5.390217994  0.473251602  0.009758797 
        step    negloglik           mu     sigma.sq 
 3.000000000 -5.390217994  0.473251602  0.009758797 
