000 (066.092.000) 07/26 17:14:45 Job submitted from host: <160.36.155.106:9618?addrs=160.36.155.106-9618&noUDP&sock=27742_4872_4>
...
001 (066.092.000) 07/26 17:14:52 Job executing on host: <10.128.213.253:9618?addrs=10.128.213.253-9618&noUDP&sock=68980_1ef7_4>
...
006 (066.092.000) 07/26 17:15:01 Image size of job updated: 220624
	216  -  MemoryUsage of job (MB)
	220624  -  ResidentSetSize of job (KB)
...
006 (066.092.000) 07/26 17:20:02 Image size of job updated: 225960
	221  -  MemoryUsage of job (MB)
	225960  -  ResidentSetSize of job (KB)
...
006 (066.092.000) 07/27 12:32:00 Image size of job updated: 226060
	221  -  MemoryUsage of job (MB)
	226060  -  ResidentSetSize of job (KB)
...
006 (066.092.000) 07/27 22:03:02 Image size of job updated: 227328
	222  -  MemoryUsage of job (MB)
	227328  -  ResidentSetSize of job (KB)
...
006 (066.092.000) 07/28 04:18:38 Image size of job updated: 227548
	223  -  MemoryUsage of job (MB)
	227548  -  ResidentSetSize of job (KB)
...
006 (066.092.000) 07/28 07:59:02 Image size of job updated: 227856
	223  -  MemoryUsage of job (MB)
	227856  -  ResidentSetSize of job (KB)
...
006 (066.092.000) 07/28 12:24:28 Image size of job updated: 228176
	223  -  MemoryUsage of job (MB)
	228176  -  ResidentSetSize of job (KB)
...
006 (066.092.000) 07/28 14:39:41 Image size of job updated: 228504
	224  -  MemoryUsage of job (MB)
	228504  -  ResidentSetSize of job (KB)
...
005 (066.092.000) 07/28 20:32:51 Job terminated.
	(1) Normal termination (return value 0)
		Usr 2 03:14:01, Sys 0 00:00:18  -  Run Remote Usage
		Usr 0 00:00:00, Sys 0 00:00:00  -  Run Local Usage
		Usr 2 03:14:01, Sys 0 00:00:18  -  Total Remote Usage
		Usr 0 00:00:00, Sys 0 00:00:00  -  Total Local Usage
	27907  -  Run Bytes Sent By Job
	2422  -  Run Bytes Received By Job
	27907  -  Total Bytes Sent By Job
	2422  -  Total Bytes Received By Job
	Partitionable Resources :    Usage  Request Allocated 
	   Cpus                 :     0.99        1         1 
	   Disk (KB)            :    45           4    892965 
	   Memory (MB)          :   224           1       128 
...
