000 (066.782.000) 07/26 17:14:46 Job submitted from host: <160.36.155.106:9618?addrs=160.36.155.106-9618&noUDP&sock=27742_4872_4>
...
012 (066.782.000) 08/03 14:16:40 Job was held.
	via condor_hold (by user bomeara)
	Code 1 Subcode 0
...
013 (066.782.000) 08/05 22:27:26 Job was released.
	via condor_release (by user bomeara)
...
012 (066.782.000) 08/09 10:35:22 Job was held.
	via condor_hold (by user bomeara)
	Code 1 Subcode 0
...
013 (066.782.000) 08/09 13:04:45 Job was released.
	via condor_release (by user bomeara)
...
001 (066.782.000) 08/11 05:35:21 Job executing on host: <10.128.121.58:9618?addrs=10.128.121.58-9618&noUDP&sock=2361_0731_4>
...
006 (066.782.000) 08/11 05:35:29 Image size of job updated: 220684
	216  -  MemoryUsage of job (MB)
	220684  -  ResidentSetSize of job (KB)
...
006 (066.782.000) 08/11 05:40:29 Image size of job updated: 225140
	220  -  MemoryUsage of job (MB)
	225140  -  ResidentSetSize of job (KB)
...
006 (066.782.000) 08/11 10:15:59 Image size of job updated: 228412
	224  -  MemoryUsage of job (MB)
	228412  -  ResidentSetSize of job (KB)
...
006 (066.782.000) 08/11 12:51:15 Image size of job updated: 229988
	225  -  MemoryUsage of job (MB)
	229988  -  ResidentSetSize of job (KB)
...
005 (066.782.000) 08/11 18:28:09 Job terminated.
	(1) Normal termination (return value 0)
		Usr 0 12:51:35, Sys 0 00:00:04  -  Run Remote Usage
		Usr 0 00:00:00, Sys 0 00:00:00  -  Run Local Usage
		Usr 0 12:51:35, Sys 0 00:00:04  -  Total Remote Usage
		Usr 0 00:00:00, Sys 0 00:00:00  -  Total Local Usage
	28171  -  Run Bytes Sent By Job
	2422  -  Run Bytes Received By Job
	28171  -  Total Bytes Sent By Job
	2422  -  Total Bytes Received By Job
	Partitionable Resources :    Usage  Request Allocated 
	   Cpus                 :     1.00        1         1 
	   Disk (KB)            :    45           4    888433 
	   Memory (MB)          :   225           1       128 
...
