[1] "args"
[1] "66"   "1567"
[1] "Now starting analysis"
[1] "Starting with initial values"
        mu   sigma.sq         SE         bt         vh 
0.65253383 0.18379502 0.09189751 1.00000000 0.09189751 
        step    negloglik           mu     sigma.sq           SE           bt 
 1.000000000 37.036840209  0.712443967  0.007907235  0.062870789  1.043677959 
          vh 
 0.190346600 
[1] "New improvement found, resetting step counter"
        step    negloglik           mu     sigma.sq           SE           bt 
2.000000e+00 3.611753e+01 6.303220e-01 8.572424e-03 5.844246e-02 1.237086e+00 
          vh 
5.074402e-04 
        step    negloglik           mu     sigma.sq           SE           bt 
3.000000e+00 3.611753e+01 6.303220e-01 8.572424e-03 5.844246e-02 1.237086e+00 
          vh 
5.074402e-04 
        step    negloglik           mu     sigma.sq           SE           bt 
4.000000e+00 3.611753e+01 6.303220e-01 8.572424e-03 5.844246e-02 1.237086e+00 
          vh 
5.074402e-04 
[1] "Now starting analysis"
[1] "Starting with initial values"
        mu   sigma.sq         bt         vh 
0.65253383 0.18379502 1.00000000 0.09189751 
        step    negloglik           mu     sigma.sq           bt           vh 
  1.00000000 107.58735715   0.61210414   0.18301377   1.10957031   0.01396782 
[1] "New improvement found, resetting step counter"
        step    negloglik           mu     sigma.sq           bt           vh 
  2.00000000 107.55893169   0.61210414   0.18301377   1.22052734   0.01396782 
        step    negloglik           mu     sigma.sq           bt           vh 
  3.00000000 107.55893169   0.61210414   0.18301377   1.22052734   0.01396782 
        step    negloglik           mu     sigma.sq           bt           vh 
  4.00000000 107.55893169   0.61210414   0.18301377   1.22052734   0.01396782 
[1] "Now starting analysis"
[1] "Starting with initial values"
        mu   sigma.sq         SE         vh 
0.65253383 0.18379502 0.09189751 0.09189751 
        step    negloglik           mu     sigma.sq           SE           vh 
 1.000000000 37.026663498  0.700047048  0.008036243  0.062005972  0.174976688 
[1] "New improvement found, resetting step counter"
        step    negloglik           mu     sigma.sq           SE           vh 
 2.000000000 36.657194609  0.747469652  0.008479743  0.061299913  0.001523994 
[1] "New improvement found, resetting step counter"
        step    negloglik           mu     sigma.sq           SE           vh 
3.000000e+00 3.661282e+01 6.810634e-01 8.209202e-03 6.119716e-02 2.454341e-06 
        step    negloglik           mu     sigma.sq           SE           vh 
4.000000e+00 3.661282e+01 6.810634e-01 8.209202e-03 6.119716e-02 2.454341e-06 
        step    negloglik           mu     sigma.sq           SE           vh 
5.000000e+00 3.661282e+01 6.810634e-01 8.209202e-03 6.119716e-02 2.454341e-06 
[1] "Now starting analysis"
[1] "Starting with initial values"
        mu   sigma.sq         vh 
0.65253383 0.18379502 0.09189751 
        step    negloglik           mu     sigma.sq           vh 
  1.00000000 107.76843290   0.65253383   0.18379502   0.09189751 
        step    negloglik           mu     sigma.sq           vh 
  2.00000000 107.76843290   0.65253383   0.18379502   0.09189751 
[1] "New improvement found, resetting step counter"
        step    negloglik           mu     sigma.sq           vh 
  3.00000000 107.72046594   0.73948572   0.18722273   0.04819416 
        step    negloglik           mu     sigma.sq           vh 
  4.00000000 107.72046594   0.73948572   0.18722273   0.04819416 
        step    negloglik           mu     sigma.sq           vh 
  5.00000000 107.72046594   0.73948572   0.18722273   0.04819416 
[1] "Now starting analysis"
[1] "Starting with initial values"
        mu   sigma.sq         SE         bt 
0.65253383 0.18379502 0.09189751 1.00000000 
       step   negloglik          mu    sigma.sq          SE          bt 
 1.00000000 36.15988324  0.71998715  0.00811333  0.05935882  1.24726032 
[1] "New improvement found, resetting step counter"
        step    negloglik           mu     sigma.sq           SE           bt 
 2.000000000 36.124687786  0.664224341  0.008197924  0.059414033  1.237489951 
[1] "New improvement found, but slight; taking the best value, but not resetting the step counter"
        step    negloglik           mu     sigma.sq           SE           bt 
 3.000000000 36.118654381  0.657413672  0.009010692  0.058707075  1.244463768 
        step    negloglik           mu     sigma.sq           SE           bt 
 4.000000000 36.118654381  0.657413672  0.009010692  0.058707075  1.244463768 
[1] "Now starting analysis"
[1] "Starting with initial values"
       mu  sigma.sq        bt 
0.6525338 0.1837950 1.0000000 
       step   negloglik          mu    sigma.sq          bt 
  1.0000000 107.5654802   0.6525338   0.1837950   1.1000000 
[1] "New improvement found, resetting step counter"
       step   negloglik          mu    sigma.sq          bt 
  2.0000000 107.5321155   0.6525338   0.1837950   1.2100000 
       step   negloglik          mu    sigma.sq          bt 
  3.0000000 107.5321155   0.6525338   0.1837950   1.2100000 
       step   negloglik          mu    sigma.sq          bt 
  4.0000000 107.5321155   0.6525338   0.1837950   1.2100000 
[1] "Now starting analysis"
[1] "Starting with initial values"
        mu   sigma.sq         SE 
0.65253383 0.18379502 0.09189751 
        step    negloglik           mu     sigma.sq           SE 
 1.000000000 36.633140132  0.711847558  0.008161495  0.060711055 
[1] "New improvement found, resetting step counter"
        step    negloglik           mu     sigma.sq           SE 
 2.000000000 36.616725801  0.668487751  0.008074242  0.060514330 
[1] "New improvement found, but slight; taking the best value, but not resetting the step counter"
        step    negloglik           mu     sigma.sq           SE 
 3.000000000 36.606733643  0.640976025  0.008583368  0.060826794 
        step    negloglik           mu     sigma.sq           SE 
 4.000000000 36.606733643  0.640976025  0.008583368  0.060826794 
[1] "Now starting analysis"
[1] "Starting with initial values"
       mu  sigma.sq 
0.6525338 0.1837950 
       step   negloglik          mu    sigma.sq 
  1.0000000 107.6365313   0.6525338   0.1837950 
       step   negloglik          mu    sigma.sq 
  2.0000000 107.6365313   0.6525338   0.1837950 
       step   negloglik          mu    sigma.sq 
  3.0000000 107.6365313   0.6525338   0.1837950 
