[1] "args"
[1] "66"   "1472"
[1] "Now starting analysis"
[1] "Starting with initial values"
         mu    sigma.sq          SE          bt          vh 
2.953668415 0.011562357 0.005781179 1.000000000 0.005781179 
         step     negloglik            mu      sigma.sq            SE 
 1.000000e+00 -1.255398e+01  3.597808e+00  7.527348e-03  2.260484e-04 
           bt            vh 
 1.363543e+00  6.505538e-01 
[1] "New improvement found, resetting step counter"
         step     negloglik            mu      sigma.sq            SE 
 2.000000e+00 -1.823142e+01  7.627544e-01  6.564774e-03  1.862276e-04 
           bt            vh 
 2.614509e+00  2.253123e-05 
         step     negloglik            mu      sigma.sq            SE 
 3.000000e+00 -1.823142e+01  7.627544e-01  6.564774e-03  1.862276e-04 
           bt            vh 
 2.614509e+00  2.253123e-05 
         step     negloglik            mu      sigma.sq            SE 
 4.000000e+00 -1.823142e+01  7.627544e-01  6.564774e-03  1.862276e-04 
           bt            vh 
 2.614509e+00  2.253123e-05 
[1] "Now starting analysis"
[1] "Starting with initial values"
         mu    sigma.sq          bt          vh 
2.953668415 0.011562357 1.000000000 0.005781179 
         step     negloglik            mu      sigma.sq            bt 
 1.000000e+00 -1.566032e+01  1.471233e+00  1.234751e-02  2.520513e+00 
           vh 
 9.670931e-06 
[1] "New improvement found, resetting step counter"
         step     negloglik            mu      sigma.sq            bt 
 2.000000e+00 -1.793918e+01  8.568077e-01  6.464393e-03  2.526232e+00 
           vh 
 3.046671e-04 
[1] "New improvement found, resetting step counter"
         step     negloglik            mu      sigma.sq            bt 
  3.000000000 -18.028680361   0.737112481   0.007483113   2.693577856 
           vh 
  0.001378419 
         step     negloglik            mu      sigma.sq            bt 
  4.000000000 -18.028680361   0.737112481   0.007483113   2.693577856 
           vh 
  0.001378419 
         step     negloglik            mu      sigma.sq            bt 
  5.000000000 -18.028680361   0.737112481   0.007483113   2.693577856 
           vh 
  0.001378419 
[1] "Now starting analysis"
[1] "Starting with initial values"
         mu    sigma.sq          SE          vh 
2.953668415 0.011562357 0.005781179 0.005781179 
         step     negloglik            mu      sigma.sq            SE 
 1.000000e+00 -1.190692e+01  3.704044e+00  7.386137e-03  1.935538e-04 
           vh 
 8.526960e-01 
[1] "New improvement found, resetting step counter"
         step     negloglik            mu      sigma.sq            SE 
 2.000000e+00 -1.268417e+01  2.336297e+00  7.428556e-03  2.435261e-04 
           vh 
 1.303794e+00 
         step     negloglik            mu      sigma.sq            SE 
 3.000000e+00 -1.268417e+01  2.336297e+00  7.428556e-03  2.435261e-04 
           vh 
 1.303794e+00 
         step     negloglik            mu      sigma.sq            SE 
 4.000000e+00 -1.268417e+01  2.336297e+00  7.428556e-03  2.435261e-04 
           vh 
 1.303794e+00 
[1] "Now starting analysis"
[1] "Starting with initial values"
         mu    sigma.sq          vh 
2.953668415 0.011562357 0.005781179 
         step     negloglik            mu      sigma.sq            vh 
  1.000000000 -12.499974114   1.824220022   0.007790268   0.973552533 
[1] "New improvement found, resetting step counter"
         step     negloglik            mu      sigma.sq            vh 
  2.000000000 -12.613350710   2.065192837   0.007803464   1.295601793 
         step     negloglik            mu      sigma.sq            vh 
  3.000000000 -12.613350710   2.065192837   0.007803464   1.295601793 
         step     negloglik            mu      sigma.sq            vh 
  4.000000000 -12.613350710   2.065192837   0.007803464   1.295601793 
[1] "Now starting analysis"
[1] "Starting with initial values"
         mu    sigma.sq          SE          bt 
2.953668415 0.011562357 0.005781179 1.000000000 
         step     negloglik            mu      sigma.sq            SE 
 1.000000e+00 -1.452152e+01  2.066086e+00  9.794780e-03  2.189794e-05 
           bt 
 2.555259e+00 
[1] "New improvement found, resetting step counter"
         step     negloglik            mu      sigma.sq            SE 
 2.000000e+00 -1.748988e+01  7.590620e-01  9.742028e-03  3.813242e-05 
           bt 
 2.625198e+00 
         step     negloglik            mu      sigma.sq            SE 
 3.000000e+00 -1.748988e+01  7.590620e-01  9.742028e-03  3.813242e-05 
           bt 
 2.625198e+00 
         step     negloglik            mu      sigma.sq            SE 
 4.000000e+00 -1.748988e+01  7.590620e-01  9.742028e-03  3.813242e-05 
           bt 
 2.625198e+00 
[1] "Now starting analysis"
[1] "Starting with initial values"
        mu   sigma.sq         bt 
2.95366841 0.01156236 1.00000000 
         step     negloglik            mu      sigma.sq            bt 
  1.000000000 -18.099482556   0.725270860   0.007314497   2.628171099 
         step     negloglik            mu      sigma.sq            bt 
  2.000000000 -18.099482556   0.725270860   0.007314497   2.628171099 
         step     negloglik            mu      sigma.sq            bt 
  3.000000000 -18.099482556   0.725270860   0.007314497   2.628171099 
[1] "Now starting analysis"
[1] "Starting with initial values"
         mu    sigma.sq          SE 
2.953668415 0.011562357 0.005781179 
        step    negloglik           mu     sigma.sq           SE 
1.000000e+00 2.162568e+00 2.983418e+00 2.834973e-02 1.081164e-05 
[1] "New improvement found, resetting step counter"
        step    negloglik           mu     sigma.sq           SE 
2.000000e+00 2.151567e+00 2.842180e+00 2.834400e-02 1.675096e-06 
        step    negloglik           mu     sigma.sq           SE 
3.000000e+00 2.151567e+00 2.842180e+00 2.834400e-02 1.675096e-06 
[1] "New improvement found, but slight; taking the best value, but not resetting the step counter"
        step    negloglik           mu     sigma.sq           SE 
4.000000e+00 2.149419e+00 2.884272e+00 2.828572e-02 6.299227e-07 
[1] "Now starting analysis"
[1] "Starting with initial values"
        mu   sigma.sq 
2.95366841 0.01156236 
      step  negloglik         mu   sigma.sq 
1.00000000 2.14781228 2.85259577 0.02794959 
[1] "New improvement found, but slight; taking the best value, but not resetting the step counter"
      step  negloglik         mu   sigma.sq 
2.00000000 2.14743546 2.87000010 0.02768408 
      step  negloglik         mu   sigma.sq 
3.00000000 2.14743546 2.87000010 0.02768408 
