[1] "args"
[1] "66"   "1549"
[1] "Now starting analysis"
[1] "Starting with initial values"
       mu  sigma.sq        SE        bt        vh 
0.1944223 1.6221056 0.8110528 1.0000000 0.8110528 
       step   negloglik          mu    sigma.sq          SE          bt 
 1.00000000 58.23617505  1.67246520  0.01541654  0.07952064  1.85307850 
         vh 
 1.39315292 
[1] "New improvement found, resetting step counter"
       step   negloglik          mu    sigma.sq          SE          bt 
 2.00000000 53.05578476  0.01861147  0.01049809  0.08346038  1.41363221 
         vh 
 2.49592431 
[1] "New improvement found, resetting step counter"
       step   negloglik          mu    sigma.sq          SE          bt 
 3.00000000 52.91009292 -0.05430694  0.01036663  0.08615625  2.22483641 
         vh 
 2.07789877 
[1] "New improvement found, but slight; taking the best value, but not resetting the step counter"
       step   negloglik          mu    sigma.sq          SE          bt 
 4.00000000 52.90294028  0.01615364  0.01057882  0.08517728  2.52955278 
         vh 
 2.00856223 
[1] "New improvement found, resetting step counter"
       step   negloglik          mu    sigma.sq          SE          bt 
 5.00000000 52.28573009 -0.07548659  0.01170593  0.09122876  3.40930992 
         vh 
 0.02294231 
       step   negloglik          mu    sigma.sq          SE          bt 
 6.00000000 52.28573009 -0.07548659  0.01170593  0.09122876  3.40930992 
         vh 
 0.02294231 
       step   negloglik          mu    sigma.sq          SE          bt 
 7.00000000 52.28573009 -0.07548659  0.01170593  0.09122876  3.40930992 
         vh 
 0.02294231 
[1] "Now starting analysis"
[1] "Starting with initial values"
       mu  sigma.sq        bt        vh 
0.1944223 1.6221056 1.0000000 0.8110528 
       step   negloglik          mu    sigma.sq          bt          vh 
  1.0000000 220.6146477   0.1944223   1.6221056   1.1622106   0.8110528 
[1] "New improvement found, but slight; taking the best value, but not resetting the step counter"
       step   negloglik          mu    sigma.sq          bt          vh 
  2.0000000 220.6133079   0.1944223   1.6221056   1.3244211   0.8110528 
       step   negloglik          mu    sigma.sq          bt          vh 
  3.0000000 220.6133079   0.1944223   1.6221056   1.3244211   0.8110528 
[1] "Now starting analysis"
[1] "Starting with initial values"
       mu  sigma.sq        SE        vh 
0.1944223 1.6221056 0.8110528 0.8110528 
        step    negloglik           mu     sigma.sq           SE           vh 
 1.000000000 53.558627226  0.029732341  0.007582912  0.088263851  2.794548713 
[1] "New improvement found, resetting step counter"
        step    negloglik           mu     sigma.sq           SE           vh 
 2.000000000 53.294947333 -0.050941870  0.009365523  0.095491446  2.780681063 
[1] "New improvement found, resetting step counter"
       step   negloglik          mu    sigma.sq          SE          vh 
 3.00000000 53.08866860  0.06100796  0.01043796  0.08253312  1.98247324 
       step   negloglik          mu    sigma.sq          SE          vh 
 4.00000000 53.08866860  0.06100796  0.01043796  0.08253312  1.98247324 
       step   negloglik          mu    sigma.sq          SE          vh 
 5.00000000 53.08866860  0.06100796  0.01043796  0.08253312  1.98247324 
[1] "Now starting analysis"
[1] "Starting with initial values"
       mu  sigma.sq        vh 
0.1944223 1.6221056 0.8110528 
       step   negloglik          mu    sigma.sq          vh 
  1.0000000 220.6166073   0.1944223   1.6221056   0.8110528 
       step   negloglik          mu    sigma.sq          vh 
  2.0000000 220.6166073   0.1944223   1.6221056   0.8110528 
       step   negloglik          mu    sigma.sq          vh 
  3.0000000 220.6166073   0.1944223   1.6221056   0.8110528 
[1] "Now starting analysis"
[1] "Starting with initial values"
       mu  sigma.sq        SE        bt 
0.1944223 1.6221056 0.8110528 1.0000000 
       step   negloglik          mu    sigma.sq          SE          bt 
 1.00000000 60.77538965  2.14526263  0.01743817  0.07656886  1.53031133 
[1] "New improvement found, resetting step counter"
        step    negloglik           mu     sigma.sq           SE           bt 
 2.000000000 51.927935154 -0.043163924  0.009335684  0.087080584  2.475609140 
        step    negloglik           mu     sigma.sq           SE           bt 
 3.000000000 51.927935154 -0.043163924  0.009335684  0.087080584  2.475609140 
        step    negloglik           mu     sigma.sq           SE           bt 
 4.000000000 51.927935154 -0.043163924  0.009335684  0.087080584  2.475609140 
[1] "Now starting analysis"
[1] "Starting with initial values"
       mu  sigma.sq        bt 
0.1944223 1.6221056 1.0000000 
       step   negloglik          mu    sigma.sq          bt 
  1.0000000 220.6066104   0.1944223   1.6221056   1.1622106 
[1] "New improvement found, but slight; taking the best value, but not resetting the step counter"
       step   negloglik          mu    sigma.sq          bt 
  2.0000000 220.6052487   0.1944223   1.6221056   1.3244211 
       step   negloglik          mu    sigma.sq          bt 
  3.0000000 220.6052487   0.1944223   1.6221056   1.3244211 
[1] "Now starting analysis"
[1] "Starting with initial values"
       mu  sigma.sq        SE 
0.1944223 1.6221056 0.8110528 
       step   negloglik          mu    sigma.sq          SE 
 1.00000000 56.46501431  1.48267859  0.01430860  0.08331883 
[1] "New improvement found, resetting step counter"
       step   negloglik          mu    sigma.sq          SE 
 2.00000000 52.90140963  0.30254750  0.01104151  0.08432484 
       step   negloglik          mu    sigma.sq          SE 
 3.00000000 52.90140963  0.30254750  0.01104151  0.08432484 
       step   negloglik          mu    sigma.sq          SE 
 4.00000000 52.90140963  0.30254750  0.01104151  0.08432484 
[1] "Now starting analysis"
[1] "Starting with initial values"
       mu  sigma.sq 
0.1944223 1.6221056 
       step   negloglik          mu    sigma.sq 
  1.0000000 220.6086020   0.1944223   1.6221056 
       step   negloglik          mu    sigma.sq 
  2.0000000 220.6086020   0.1944223   1.6221056 
[1] "New improvement found, but slight; taking the best value, but not resetting the step counter"
       step   negloglik          mu    sigma.sq 
  3.0000000 220.6085873   0.2015727   1.6218278 
