[1] "args"
[1] "66"   "1523"
[1] "Now starting analysis"
[1] "Starting with initial values"
         mu    sigma.sq          SE          bt          vh 
2.324054185 0.014154430 0.007077215 1.000000000 0.007077215 
         step     negloglik            mu      sigma.sq            SE 
 1.000000e+00 -4.107884e+01  2.256232e+00  1.116448e-02  1.055270e-08 
           bt            vh 
 1.819792e+00  8.329900e-02 
[1] "New improvement found, resetting step counter"
         step     negloglik            mu      sigma.sq            SE 
 2.000000e+00 -4.515785e+01  1.028577e+00  1.116417e-02  3.442995e-07 
           bt            vh 
 1.975853e+00  2.135895e-04 
[1] "New improvement found, resetting step counter"
         step     negloglik            mu      sigma.sq            SE 
 3.000000e+00 -4.519259e+01  9.348399e-01  1.088920e-02  2.813252e-07 
           bt            vh 
 2.006366e+00  2.104253e-04 
         step     negloglik            mu      sigma.sq            SE 
 4.000000e+00 -4.519259e+01  9.348399e-01  1.088920e-02  2.813252e-07 
           bt            vh 
 2.006366e+00  2.104253e-04 
         step     negloglik            mu      sigma.sq            SE 
 5.000000e+00 -4.519259e+01  9.348399e-01  1.088920e-02  2.813252e-07 
           bt            vh 
 2.006366e+00  2.104253e-04 
[1] "Now starting analysis"
[1] "Starting with initial values"
         mu    sigma.sq          bt          vh 
2.324054185 0.014154430 1.000000000 0.007077215 
         step     negloglik            mu      sigma.sq            bt 
 1.000000e+00 -4.492914e+01  1.258784e+00  1.058402e-02  1.999904e+00 
           vh 
 1.906087e-04 
[1] "New improvement found, resetting step counter"
         step     negloglik            mu      sigma.sq            bt 
 2.000000e+00 -4.518188e+01  8.658554e-01  1.047414e-02  1.994547e+00 
           vh 
 5.658029e-04 
         step     negloglik            mu      sigma.sq            bt 
 3.000000e+00 -4.518188e+01  8.658554e-01  1.047414e-02  1.994547e+00 
           vh 
 5.658029e-04 
         step     negloglik            mu      sigma.sq            bt 
 4.000000e+00 -4.518188e+01  8.658554e-01  1.047414e-02  1.994547e+00 
           vh 
 5.658029e-04 
[1] "Now starting analysis"
[1] "Starting with initial values"
         mu    sigma.sq          SE          vh 
2.324054185 0.014154430 0.007077215 0.007077215 
         step     negloglik            mu      sigma.sq            SE 
 1.000000e+00 -3.701766e+01  1.529570e+00  1.059970e-02  1.116319e-09 
           vh 
 7.492940e-01 
[1] "New improvement found, resetting step counter"
         step     negloglik            mu      sigma.sq            SE 
 2.000000e+00 -3.706129e+01  1.529570e+00  1.059970e-02  1.116319e-09 
           vh 
 9.022511e-01 
         step     negloglik            mu      sigma.sq            SE 
 3.000000e+00 -3.706129e+01  1.529570e+00  1.059970e-02  1.116319e-09 
           vh 
 9.022511e-01 
         step     negloglik            mu      sigma.sq            SE 
 4.000000e+00 -3.706129e+01  1.529570e+00  1.059970e-02  1.116319e-09 
           vh 
 9.022511e-01 
[1] "Now starting analysis"
[1] "Starting with initial values"
         mu    sigma.sq          vh 
2.324054185 0.014154430 0.007077215 
        step    negloglik           mu     sigma.sq           vh 
  1.00000000 -37.07089125   1.55245119   0.01096128   0.92595639 
        step    negloglik           mu     sigma.sq           vh 
  2.00000000 -37.07089125   1.55245119   0.01096128   0.92595639 
        step    negloglik           mu     sigma.sq           vh 
  3.00000000 -37.07089125   1.55245119   0.01096128   0.92595639 
[1] "Now starting analysis"
[1] "Starting with initial values"
         mu    sigma.sq          SE          bt 
2.324054185 0.014154430 0.007077215 1.000000000 
         step     negloglik            mu      sigma.sq            SE 
 1.000000e+00 -4.507375e+01  8.541712e-01  1.003477e-02  9.337064e-10 
           bt 
 2.012690e+00 
         step     negloglik            mu      sigma.sq            SE 
 2.000000e+00 -4.507375e+01  8.541712e-01  1.003477e-02  9.337064e-10 
           bt 
 2.012690e+00 
[1] "New improvement found, resetting step counter"
         step     negloglik            mu      sigma.sq            SE 
 3.000000e+00 -4.521331e+01  9.330016e-01  1.085827e-02  1.533149e-07 
           bt 
 2.001805e+00 
         step     negloglik            mu      sigma.sq            SE 
 4.000000e+00 -4.521331e+01  9.330016e-01  1.085827e-02  1.533149e-07 
           bt 
 2.001805e+00 
         step     negloglik            mu      sigma.sq            SE 
 5.000000e+00 -4.521331e+01  9.330016e-01  1.085827e-02  1.533149e-07 
           bt 
 2.001805e+00 
[1] "Now starting analysis"
[1] "Starting with initial values"
        mu   sigma.sq         bt 
2.32405419 0.01415443 1.00000000 
        step    negloglik           mu     sigma.sq           bt 
  1.00000000 -45.23457822   0.94477869   0.01073183   1.98205782 
        step    negloglik           mu     sigma.sq           bt 
  2.00000000 -45.23457822   0.94477869   0.01073183   1.98205782 
        step    negloglik           mu     sigma.sq           bt 
  3.00000000 -45.23457822   0.94477869   0.01073183   1.98205782 
[1] "Now starting analysis"
[1] "Starting with initial values"
         mu    sigma.sq          SE 
2.324054185 0.014154430 0.007077215 
         step     negloglik            mu      sigma.sq            SE 
 1.000000e+00 -7.315602e+00  2.600406e+00  2.309498e-02  6.894512e-08 
[1] "New improvement found, resetting step counter"
         step     negloglik            mu      sigma.sq            SE 
 2.000000e+00 -7.438837e+00  2.268132e+00  2.309497e-02  5.297469e-08 
         step     negloglik            mu      sigma.sq            SE 
 3.000000e+00 -7.438837e+00  2.268132e+00  2.309497e-02  5.297469e-08 
         step     negloglik            mu      sigma.sq            SE 
 4.000000e+00 -7.438837e+00  2.268132e+00  2.309497e-02  5.297469e-08 
[1] "Now starting analysis"
[1] "Starting with initial values"
        mu   sigma.sq 
2.32405419 0.01415443 
       step   negloglik          mu    sigma.sq 
 1.00000000 -7.44251045  2.27799141  0.02293837 
       step   negloglik          mu    sigma.sq 
 2.00000000 -7.44251045  2.27799141  0.02293837 
       step   negloglik          mu    sigma.sq 
 3.00000000 -7.44251045  2.27799141  0.02293837 
