[1] "args"
[1] "66"  "803"
[1] "Now starting analysis"
[1] "Starting with initial values"
        mu   sigma.sq         SE         bt         vh 
1.31385918 0.01110108 0.00555054 1.00000000 0.00555054 
         step     negloglik            mu      sigma.sq            SE 
 1.000000e+00 -5.773364e+01  7.885969e-01  5.733094e-03  8.172274e-04 
           bt            vh 
 1.495670e+00  1.855927e-01 
[1] "New improvement found, resetting step counter"
         step     negloglik            mu      sigma.sq            SE 
 2.000000e+00 -5.797655e+01  9.238544e-01  5.698539e-03  7.757153e-04 
           bt            vh 
 1.630928e+00  1.388571e-01 
         step     negloglik            mu      sigma.sq            SE 
 3.000000e+00 -5.797655e+01  9.238544e-01  5.698539e-03  7.757153e-04 
           bt            vh 
 1.630928e+00  1.388571e-01 
[1] "New improvement found, resetting step counter"
         step     negloglik            mu      sigma.sq            SE 
 4.000000e+00 -5.799508e+01  9.304092e-01  5.740553e-03  7.339679e-04 
           bt            vh 
 1.627507e+00  1.608128e-01 
         step     negloglik            mu      sigma.sq            SE 
 5.000000e+00 -5.799508e+01  9.304092e-01  5.740553e-03  7.339679e-04 
           bt            vh 
 1.627507e+00  1.608128e-01 
         step     negloglik            mu      sigma.sq            SE 
 6.000000e+00 -5.799508e+01  9.304092e-01  5.740553e-03  7.339679e-04 
           bt            vh 
 1.627507e+00  1.608128e-01 
[1] "Now starting analysis"
[1] "Starting with initial values"
        mu   sigma.sq         bt         vh 
1.31385918 0.01110108 1.00000000 0.00555054 
         step     negloglik            mu      sigma.sq            bt 
  1.000000000 -57.400854826   1.023696469   0.007468297   1.597898516 
           vh 
  0.134748401 
[1] "New improvement found, resetting step counter"
         step     negloglik            mu      sigma.sq            bt 
  2.000000000 -57.440054582   0.940410674   0.007592417   1.648031005 
           vh 
  0.127631963 
[1] "New improvement found, resetting step counter"
         step     negloglik            mu      sigma.sq            bt 
  3.000000000 -57.451867252   0.938351772   0.007357449   1.659187733 
           vh 
  0.157395678 
[1] "New improvement found, resetting step counter"
         step     negloglik            mu      sigma.sq            bt 
  4.000000000 -57.500454758   0.865945505   0.007200032   1.647915680 
           vh 
  0.145162397 
         step     negloglik            mu      sigma.sq            bt 
  5.000000000 -57.500454758   0.865945505   0.007200032   1.647915680 
           vh 
  0.145162397 
         step     negloglik            mu      sigma.sq            bt 
  6.000000000 -57.500454758   0.865945505   0.007200032   1.647915680 
           vh 
  0.145162397 
[1] "Now starting analysis"
[1] "Starting with initial values"
        mu   sigma.sq         SE         vh 
1.31385918 0.01110108 0.00555054 0.00555054 
         step     negloglik            mu      sigma.sq            SE 
 1.000000e+00 -5.437777e+01  1.090680e+00  6.193756e-03  5.528755e-04 
           vh 
 3.760788e-01 
[1] "New improvement found, resetting step counter"
         step     negloglik            mu      sigma.sq            SE 
 2.000000e+00 -5.440292e+01  1.063365e+00  6.249841e-03  6.405856e-04 
           vh 
 4.441984e-01 
         step     negloglik            mu      sigma.sq            SE 
 3.000000e+00 -5.440292e+01  1.063365e+00  6.249841e-03  6.405856e-04 
           vh 
 4.441984e-01 
         step     negloglik            mu      sigma.sq            SE 
 4.000000e+00 -5.440292e+01  1.063365e+00  6.249841e-03  6.405856e-04 
           vh 
 4.441984e-01 
[1] "Now starting analysis"
[1] "Starting with initial values"
        mu   sigma.sq         vh 
1.31385918 0.01110108 0.00555054 
        step    negloglik           mu     sigma.sq           vh 
  1.00000000 -53.78432185   1.17879099   0.00715874   0.37581378 
[1] "New improvement found, resetting step counter"
         step     negloglik            mu      sigma.sq            vh 
  2.000000000 -53.812780735   1.113328181   0.007081996   0.467523102 
[1] "New improvement found, resetting step counter"
         step     negloglik            mu      sigma.sq            vh 
  3.000000000 -53.839273890   1.047889904   0.007315038   0.441036106 
         step     negloglik            mu      sigma.sq            vh 
  4.000000000 -53.839273890   1.047889904   0.007315038   0.441036106 
         step     negloglik            mu      sigma.sq            vh 
  5.000000000 -53.839273890   1.047889904   0.007315038   0.441036106 
[1] "Now starting analysis"
[1] "Starting with initial values"
        mu   sigma.sq         SE         bt 
1.31385918 0.01110108 0.00555054 1.00000000 
         step     negloglik            mu      sigma.sq            SE 
 1.000000e+00 -5.428332e+01  1.018918e+00  8.457778e-03  3.281553e-06 
           bt 
 1.676409e+00 
[1] "New improvement found, resetting step counter"
         step     negloglik            mu      sigma.sq            SE 
 2.000000e+00 -5.445842e+01  8.511121e-01  8.464159e-03  1.109059e-05 
           bt 
 1.688803e+00 
         step     negloglik            mu      sigma.sq            SE 
 3.000000e+00 -5.445842e+01  8.511121e-01  8.464159e-03  1.109059e-05 
           bt 
 1.688803e+00 
         step     negloglik            mu      sigma.sq            SE 
 4.000000e+00 -5.445842e+01  8.511121e-01  8.464159e-03  1.109059e-05 
           bt 
 1.688803e+00 
[1] "Now starting analysis"
[1] "Starting with initial values"
        mu   sigma.sq         bt 
1.31385918 0.01110108 1.00000000 
         step     negloglik            mu      sigma.sq            bt 
  1.000000000 -54.231746629   1.044305858   0.008491969   1.695310136 
[1] "New improvement found, resetting step counter"
         step     negloglik            mu      sigma.sq            bt 
  2.000000000 -54.464831422   0.770568963   0.008536808   1.722373060 
         step     negloglik            mu      sigma.sq            bt 
  3.000000000 -54.464831422   0.770568963   0.008536808   1.722373060 
         step     negloglik            mu      sigma.sq            bt 
  4.000000000 -54.464831422   0.770568963   0.008536808   1.722373060 
[1] "Now starting analysis"
[1] "Starting with initial values"
        mu   sigma.sq         SE 
1.31385918 0.01110108 0.00555054 
         step     negloglik            mu      sigma.sq            SE 
 1.000000e+00 -3.854135e+01  1.461444e+00  1.167792e-02  1.065087e-05 
[1] "New improvement found, but slight; taking the best value, but not resetting the step counter"
         step     negloglik            mu      sigma.sq            SE 
 2.000000e+00 -3.854510e+01  1.372136e+00  1.167603e-02  7.653672e-06 
         step     negloglik            mu      sigma.sq            SE 
 3.000000e+00 -3.854510e+01  1.372136e+00  1.167603e-02  7.653672e-06 
[1] "Now starting analysis"
[1] "Starting with initial values"
        mu   sigma.sq 
1.31385918 0.01110108 
        step    negloglik           mu     sigma.sq 
  1.00000000 -38.56361613   1.43270313   0.01155015 
        step    negloglik           mu     sigma.sq 
  2.00000000 -38.56361613   1.43270313   0.01155015 
        step    negloglik           mu     sigma.sq 
  3.00000000 -38.56361613   1.43270313   0.01155015 
