000 (066.517.000) 07/26 17:14:46 Job submitted from host: <160.36.155.106:9618?addrs=160.36.155.106-9618&noUDP&sock=27742_4872_4>
...
022 (066.517.000) 08/01 10:56:23 Job disconnected, attempting to reconnect
    Local schedd and job shadow died, schedd now running again
    Trying to reconnect to slot1_18@omearaclusterc <10.129.167.211:9618?addrs=10.129.167.211-9618&noUDP&sock=2276_b9a4_4>
...
024 (066.517.000) 08/01 11:20:38 Job reconnection failed
    Job disconnected too long: JobLeaseDuration (2400 seconds) expired
    Can not reconnect to slot1_18@omearaclusterc, rescheduling job
...
001 (066.517.000) 08/01 16:52:24 Job executing on host: <10.130.107.8:9618?addrs=10.130.107.8-9618&noUDP&sock=69199_5635_4>
...
006 (066.517.000) 08/01 16:52:32 Image size of job updated: 233304
	228  -  MemoryUsage of job (MB)
	233304  -  ResidentSetSize of job (KB)
...
006 (066.517.000) 08/01 16:57:32 Image size of job updated: 248440
	243  -  MemoryUsage of job (MB)
	248440  -  ResidentSetSize of job (KB)
...
006 (066.517.000) 08/01 20:07:51 Image size of job updated: 249032
	244  -  MemoryUsage of job (MB)
	249032  -  ResidentSetSize of job (KB)
...
006 (066.517.000) 08/01 21:12:58 Image size of job updated: 250940
	246  -  MemoryUsage of job (MB)
	250940  -  ResidentSetSize of job (KB)
...
005 (066.517.000) 08/02 06:57:51 Job terminated.
	(1) Normal termination (return value 0)
		Usr 0 14:03:58, Sys 0 00:00:08  -  Run Remote Usage
		Usr 0 00:00:00, Sys 0 00:00:00  -  Run Local Usage
		Usr 0 14:03:58, Sys 0 00:00:08  -  Total Remote Usage
		Usr 0 00:00:00, Sys 0 00:00:00  -  Total Local Usage
	32089  -  Run Bytes Sent By Job
	2422  -  Run Bytes Received By Job
	32089  -  Total Bytes Sent By Job
	2422  -  Total Bytes Received By Job
	Partitionable Resources :    Usage  Request Allocated 
	   Cpus                 :     1.00        1         1 
	   Disk (KB)            :    49           4    888358 
	   Memory (MB)          :   246           1       128 
...
