[1] "args"
[1] "66"   "1390"
[1] "Now starting analysis"
[1] "Starting with initial values"
         mu    sigma.sq          SE          bt          vh 
3.575065279 0.011172641 0.005586321 1.000000000 0.005586321 
         step     negloglik            mu      sigma.sq            SE 
 1.000000e+00 -1.137000e+01  3.380972e+00  7.717932e-03  3.692034e-07 
           bt            vh 
 1.349265e+00  1.746670e-01 
[1] "New improvement found, resetting step counter"
         step     negloglik            mu      sigma.sq            SE 
 2.000000e+00 -1.322412e+01  1.832694e+00  7.748718e-03  2.587753e-05 
           bt            vh 
 1.678767e+00  5.559605e-02 
[1] "New improvement found, resetting step counter"
         step     negloglik            mu      sigma.sq            SE 
 3.000000e+00 -1.328196e+01  1.710404e+00  7.225727e-03  9.758404e-07 
           bt            vh 
 1.719234e+00  6.371219e-02 
         step     negloglik            mu      sigma.sq            SE 
 4.000000e+00 -1.328196e+01  1.710404e+00  7.225727e-03  9.758404e-07 
           bt            vh 
 1.719234e+00  6.371219e-02 
         step     negloglik            mu      sigma.sq            SE 
 5.000000e+00 -1.328196e+01  1.710404e+00  7.225727e-03  9.758404e-07 
           bt            vh 
 1.719234e+00  6.371219e-02 
[1] "Now starting analysis"
[1] "Starting with initial values"
         mu    sigma.sq          bt          vh 
3.575065279 0.011172641 1.000000000 0.005586321 
         step     negloglik            mu      sigma.sq            bt 
  1.000000000 -13.266730897   1.742909746   0.007374406   1.672871439 
           vh 
  0.050017109 
[1] "New improvement found, resetting step counter"
         step     negloglik            mu      sigma.sq            bt 
  2.000000000 -13.293683565   1.845134579   0.006947738   1.699863887 
           vh 
  0.059672990 
         step     negloglik            mu      sigma.sq            bt 
  3.000000000 -13.293683565   1.845134579   0.006947738   1.699863887 
           vh 
  0.059672990 
         step     negloglik            mu      sigma.sq            bt 
  4.000000000 -13.293683565   1.845134579   0.006947738   1.699863887 
           vh 
  0.059672990 
[1] "Now starting analysis"
[1] "Starting with initial values"
         mu    sigma.sq          SE          vh 
3.575065279 0.011172641 0.005586321 0.005586321 
         step     negloglik            mu      sigma.sq            SE 
 1.000000e+00 -1.006174e+01  3.628976e+00  7.124594e-03  2.605530e-07 
           vh 
 4.574762e-01 
[1] "New improvement found, resetting step counter"
         step     negloglik            mu      sigma.sq            SE 
 2.000000e+00 -1.015933e+01  3.151948e+00  7.125960e-03  2.731023e-06 
           vh 
 4.089197e-01 
         step     negloglik            mu      sigma.sq            SE 
 3.000000e+00 -1.015933e+01  3.151948e+00  7.125960e-03  2.731023e-06 
           vh 
 4.089197e-01 
         step     negloglik            mu      sigma.sq            SE 
 4.000000e+00 -1.015933e+01  3.151948e+00  7.125960e-03  2.731023e-06 
           vh 
 4.089197e-01 
[1] "Now starting analysis"
[1] "Starting with initial values"
         mu    sigma.sq          vh 
3.575065279 0.011172641 0.005586321 
         step     negloglik            mu      sigma.sq            vh 
  1.000000000 -10.129666865   3.470828331   0.006646776   0.443810950 
[1] "New improvement found, resetting step counter"
         step     negloglik            mu      sigma.sq            vh 
  2.000000000 -10.173918401   3.184609751   0.006820027   0.394753737 
         step     negloglik            mu      sigma.sq            vh 
  3.000000000 -10.173918401   3.184609751   0.006820027   0.394753737 
         step     negloglik            mu      sigma.sq            vh 
  4.000000000 -10.173918401   3.184609751   0.006820027   0.394753737 
[1] "Now starting analysis"
[1] "Starting with initial values"
         mu    sigma.sq          SE          bt 
3.575065279 0.011172641 0.005586321 1.000000000 
         step     negloglik            mu      sigma.sq            SE 
 1.000000e+00 -1.193736e+01  2.269081e+00  6.645457e-03  7.480865e-07 
           bt 
 1.547456e+00 
[1] "New improvement found, resetting step counter"
         step     negloglik            mu      sigma.sq            SE 
 2.000000e+00 -1.227215e+01  1.852215e+00  6.634529e-03  1.567333e-05 
           bt 
 1.590372e+00 
[1] "New improvement found, resetting step counter"
         step     negloglik            mu      sigma.sq            SE 
 3.000000e+00 -1.255654e+01  1.888543e+00  7.273321e-03  1.808894e-06 
           bt 
 1.605959e+00 
[1] "New improvement found, resetting step counter"
         step     negloglik            mu      sigma.sq            SE 
 4.000000e+00 -1.266810e+01  1.942927e+00  7.920810e-03  1.043073e-05 
           bt 
 1.585269e+00 
         step     negloglik            mu      sigma.sq            SE 
 5.000000e+00 -1.266810e+01  1.942927e+00  7.920810e-03  1.043073e-05 
           bt 
 1.585269e+00 
         step     negloglik            mu      sigma.sq            SE 
 6.000000e+00 -1.266810e+01  1.942927e+00  7.920810e-03  1.043073e-05 
           bt 
 1.585269e+00 
[1] "Now starting analysis"
[1] "Starting with initial values"
        mu   sigma.sq         bt 
3.57506528 0.01117264 1.00000000 
         step     negloglik            mu      sigma.sq            bt 
  1.000000000 -12.698400221   1.851642553   0.008332928   1.601662166 
         step     negloglik            mu      sigma.sq            bt 
  2.000000000 -12.698400221   1.851642553   0.008332928   1.601662166 
         step     negloglik            mu      sigma.sq            bt 
  3.000000000 -12.698400221   1.851642553   0.008332928   1.601662166 
[1] "Now starting analysis"
[1] "Starting with initial values"
         mu    sigma.sq          SE 
3.575065279 0.011172641 0.005586321 
         step     negloglik            mu      sigma.sq            SE 
 1.000000e+00 -4.286947e+00  3.334627e+00  1.453788e-02  2.231907e-07 
         step     negloglik            mu      sigma.sq            SE 
 2.000000e+00 -4.286947e+00  3.334627e+00  1.453788e-02  2.231907e-07 
         step     negloglik            mu      sigma.sq            SE 
 3.000000e+00 -4.286947e+00  3.334627e+00  1.453788e-02  2.231907e-07 
[1] "Now starting analysis"
[1] "Starting with initial values"
        mu   sigma.sq 
3.57506528 0.01117264 
       step   negloglik          mu    sigma.sq 
 1.00000000 -4.28632074  3.34897319  0.01472801 
       step   negloglik          mu    sigma.sq 
 2.00000000 -4.28632074  3.34897319  0.01472801 
       step   negloglik          mu    sigma.sq 
 3.00000000 -4.28632074  3.34897319  0.01472801 
