000 (066.1253.000) 07/26 17:14:46 Job submitted from host: <160.36.155.106:9618?addrs=160.36.155.106-9618&noUDP&sock=27742_4872_4>
...
012 (066.1253.000) 08/03 14:17:04 Job was held.
	via condor_hold (by user bomeara)
	Code 1 Subcode 0
...
013 (066.1253.000) 08/05 22:27:51 Job was released.
	via condor_release (by user bomeara)
...
012 (066.1253.000) 08/09 10:35:54 Job was held.
	via condor_hold (by user bomeara)
	Code 1 Subcode 0
...
013 (066.1253.000) 08/09 13:05:09 Job was released.
	via condor_release (by user bomeara)
...
001 (066.1253.000) 08/31 05:48:41 Job executing on host: <10.129.169.104:9618?addrs=10.129.169.104-9618&noUDP&sock=2319_3837_4>
...
006 (066.1253.000) 08/31 05:48:50 Image size of job updated: 243108
	238  -  MemoryUsage of job (MB)
	243108  -  ResidentSetSize of job (KB)
...
005 (066.1253.000) 09/02 10:43:26 Job terminated.
	(1) Normal termination (return value 1)
		Usr 2 04:49:22, Sys 0 00:00:29  -  Run Remote Usage
		Usr 0 00:00:00, Sys 0 00:00:00  -  Run Local Usage
		Usr 2 04:49:22, Sys 0 00:00:29  -  Total Remote Usage
		Usr 0 00:00:00, Sys 0 00:00:00  -  Total Local Usage
	3754  -  Run Bytes Sent By Job
	2422  -  Run Bytes Received By Job
	3754  -  Total Bytes Sent By Job
	2422  -  Total Bytes Received By Job
	Partitionable Resources :    Usage  Request Allocated 
	   Cpus                 :     1.00        1         1 
	   Disk (KB)            :    22           4    206228 
	   Memory (MB)          :   238           1       128 
...
