[1] "args"
[1] "66"   "1353"
[1] "Now starting analysis"
[1] "Starting with initial values"
        mu   sigma.sq         SE         bt         vh 
1.56773462 0.09018185 0.04509093 1.00000000 0.04509093 
        step    negloglik           mu     sigma.sq           SE           bt 
 1.000000000 49.848784068  1.510233893  0.006495233  0.089612543  1.261290451 
          vh 
 0.055852080 
[1] "New improvement found, resetting step counter"
        step    negloglik           mu     sigma.sq           SE           bt 
2.000000e+00 4.892924e+01 1.008189e+00 7.398217e-03 8.642807e-02 1.716143e+00 
          vh 
5.780723e-04 
[1] "New improvement found, resetting step counter"
        step    negloglik           mu     sigma.sq           SE           bt 
 3.000000000 48.665626887  0.721427239  0.006436083  0.090286154  1.898204881 
          vh 
 0.002489349 
[1] "New improvement found, resetting step counter"
        step    negloglik           mu     sigma.sq           SE           bt 
 4.000000000 48.635514286  0.720602075  0.005911739  0.087242193  1.951258905 
          vh 
 0.002622431 
        step    negloglik           mu     sigma.sq           SE           bt 
 5.000000000 48.635514286  0.720602075  0.005911739  0.087242193  1.951258905 
          vh 
 0.002622431 
        step    negloglik           mu     sigma.sq           SE           bt 
 6.000000000 48.635514286  0.720602075  0.005911739  0.087242193  1.951258905 
          vh 
 0.002622431 
[1] "Now starting analysis"
[1] "Starting with initial values"
        mu   sigma.sq         bt         vh 
1.56773462 0.09018185 1.00000000 0.04509093 
       step   negloglik          mu    sigma.sq          bt          vh 
 1.00000000 87.48107985  1.30463789  0.08752674  1.69179901  0.02400831 
       step   negloglik          mu    sigma.sq          bt          vh 
 2.00000000 87.48107985  1.30463789  0.08752674  1.69179901  0.02400831 
       step   negloglik          mu    sigma.sq          bt          vh 
 3.00000000 87.48107985  1.30463789  0.08752674  1.69179901  0.02400831 
[1] "Now starting analysis"
[1] "Starting with initial values"
        mu   sigma.sq         SE         vh 
1.56773462 0.09018185 0.04509093 0.04509093 
       step   negloglik          mu    sigma.sq          SE          vh 
 1.00000000 50.40822039  1.58389167  0.00578008  0.09264058  0.10515278 
[1] "New improvement found, resetting step counter"
        step    negloglik           mu     sigma.sq           SE           vh 
 2.000000000 50.251565683  1.480727417  0.006591124  0.084543955  0.239572276 
[1] "New improvement found, resetting step counter"
        step    negloglik           mu     sigma.sq           SE           vh 
 3.000000000 50.229316306  1.483217973  0.005910168  0.085270535  0.211603705 
[1] "New improvement found, but slight; taking the best value, but not resetting the step counter"
        step    negloglik           mu     sigma.sq           SE           vh 
 4.000000000 50.226636993  1.353063410  0.005784752  0.088011249  0.216713310 
[1] "New improvement found, but slight; taking the best value, but not resetting the step counter"
        step    negloglik           mu     sigma.sq           SE           vh 
 5.000000000 50.224091486  1.453579708  0.005858903  0.086447194  0.175841670 
[1] "Now starting analysis"
[1] "Starting with initial values"
        mu   sigma.sq         vh 
1.56773462 0.09018185 0.04509093 
       step   negloglik          mu    sigma.sq          vh 
 1.00000000 88.01130667  1.56773462  0.09018185  0.04509093 
       step   negloglik          mu    sigma.sq          vh 
 2.00000000 88.01130667  1.56773462  0.09018185  0.04509093 
       step   negloglik          mu    sigma.sq          vh 
 3.00000000 88.01130667  1.56773462  0.09018185  0.04509093 
[1] "Now starting analysis"
[1] "Starting with initial values"
        mu   sigma.sq         SE         bt 
1.56773462 0.09018185 0.04509093 1.00000000 
        step    negloglik           mu     sigma.sq           SE           bt 
 1.000000000 51.463439445  1.676665567  0.006474168  0.094361089  1.039835242 
[1] "New improvement found, resetting step counter"
        step    negloglik           mu     sigma.sq           SE           bt 
 2.000000000 48.702169006  0.473282207  0.007192575  0.085572304  2.127638311 
[1] "New improvement found, resetting step counter"
        step    negloglik           mu     sigma.sq           SE           bt 
 3.000000000 48.623294853  0.710645713  0.006602868  0.087405975  1.962739995 
        step    negloglik           mu     sigma.sq           SE           bt 
 4.000000000 48.623294853  0.710645713  0.006602868  0.087405975  1.962739995 
        step    negloglik           mu     sigma.sq           SE           bt 
 5.000000000 48.623294853  0.710645713  0.006602868  0.087405975  1.962739995 
[1] "Now starting analysis"
[1] "Starting with initial values"
        mu   sigma.sq         bt 
1.56773462 0.09018185 1.00000000 
       step   negloglik          mu    sigma.sq          bt 
 1.00000000 87.34633676  0.75011747  0.08691574  2.11592221 
       step   negloglik          mu    sigma.sq          bt 
 2.00000000 87.34633676  0.75011747  0.08691574  2.11592221 
       step   negloglik          mu    sigma.sq          bt 
 3.00000000 87.34633676  0.75011747  0.08691574  2.11592221 
[1] "Now starting analysis"
[1] "Starting with initial values"
        mu   sigma.sq         SE 
1.56773462 0.09018185 0.04509093 
        step    negloglik           mu     sigma.sq           SE 
 1.000000000 52.040075738  1.572579831  0.006686495  0.108565451 
[1] "New improvement found, resetting step counter"
        step    negloglik           mu     sigma.sq           SE 
 2.000000000 51.651495538  1.583176316  0.007295096  0.086763879 
[1] "New improvement found, but slight; taking the best value, but not resetting the step counter"
        step    negloglik           mu     sigma.sq           SE 
 3.000000000 51.643012028  1.587602248  0.006880398  0.091872132 
        step    negloglik           mu     sigma.sq           SE 
 4.000000000 51.643012028  1.587602248  0.006880398  0.091872132 
[1] "Now starting analysis"
[1] "Starting with initial values"
        mu   sigma.sq 
1.56773462 0.09018185 
       step   negloglik          mu    sigma.sq 
 1.00000000 88.00129802  1.56773462  0.09018185 
       step   negloglik          mu    sigma.sq 
 2.00000000 88.00129802  1.56773462  0.09018185 
       step   negloglik          mu    sigma.sq 
 3.00000000 88.00129802  1.56773462  0.09018185 
