000 (066.1773.000) 07/26 17:14:46 Job submitted from host: <160.36.155.106:9618?addrs=160.36.155.106-9618&noUDP&sock=27742_4872_4>
...
012 (066.1773.000) 08/03 14:17:30 Job was held.
	via condor_hold (by user bomeara)
	Code 1 Subcode 0
...
013 (066.1773.000) 08/05 22:28:17 Job was released.
	via condor_release (by user bomeara)
...
012 (066.1773.000) 08/09 10:36:28 Job was held.
	via condor_hold (by user bomeara)
	Code 1 Subcode 0
...
013 (066.1773.000) 08/09 13:05:35 Job was released.
	via condor_release (by user bomeara)
...
012 (066.1773.000) 09/23 13:38:04 Job was held.
	via condor_hold (by user bomeara)
	Code 1 Subcode 0
...
013 (066.1773.000) 09/24 14:49:55 Job was released.
	via condor_release (by user bomeara)
...
001 (066.1773.000) 10/02 15:02:33 Job executing on host: <10.129.213.175:9618?addrs=10.129.213.175-9618&noUDP&sock=2702_ecfc_4>
...
006 (066.1773.000) 10/02 15:02:42 Image size of job updated: 243060
	238  -  MemoryUsage of job (MB)
	243060  -  ResidentSetSize of job (KB)
...
006 (066.1773.000) 10/02 15:12:43 Image size of job updated: 243076
	238  -  MemoryUsage of job (MB)
	243076  -  ResidentSetSize of job (KB)
...
006 (066.1773.000) 10/07 04:19:12 Image size of job updated: 247960
	243  -  MemoryUsage of job (MB)
	247960  -  ResidentSetSize of job (KB)
...
006 (066.1773.000) 10/12 08:22:10 Image size of job updated: 248396
	243  -  MemoryUsage of job (MB)
	248396  -  ResidentSetSize of job (KB)
...
005 (066.1773.000) 10/12 12:12:44 Job terminated.
	(1) Normal termination (return value 0)
		Usr 9 21:05:45, Sys 0 00:00:37  -  Run Remote Usage
		Usr 0 00:00:00, Sys 0 00:00:00  -  Run Local Usage
		Usr 9 21:05:45, Sys 0 00:00:37  -  Total Remote Usage
		Usr 0 00:00:00, Sys 0 00:00:00  -  Total Local Usage
	32398  -  Run Bytes Sent By Job
	2422  -  Run Bytes Received By Job
	32398  -  Total Bytes Sent By Job
	2422  -  Total Bytes Received By Job
	Partitionable Resources :    Usage  Request Allocated 
	   Cpus                 :     1.00        1         1 
	   Disk (KB)            :    50           4   1811553 
	   Memory (MB)          :   243           1       128 
...
