000 (066.039.000) 07/26 17:14:45 Job submitted from host: <160.36.155.106:9618?addrs=160.36.155.106-9618&noUDP&sock=27742_4872_4>
...
001 (066.039.000) 07/26 17:14:49 Job executing on host: <10.131.171.171:9618?addrs=10.131.171.171-9618&noUDP&sock=2084_0775_4>
...
006 (066.039.000) 07/26 17:14:58 Image size of job updated: 243328
	238  -  MemoryUsage of job (MB)
	243328  -  ResidentSetSize of job (KB)
...
006 (066.039.000) 07/26 17:19:59 Image size of job updated: 246220
	241  -  MemoryUsage of job (MB)
	246220  -  ResidentSetSize of job (KB)
...
006 (066.039.000) 07/26 23:55:38 Image size of job updated: 248620
	243  -  MemoryUsage of job (MB)
	248620  -  ResidentSetSize of job (KB)
...
006 (066.039.000) 07/27 06:41:20 Image size of job updated: 248672
	243  -  MemoryUsage of job (MB)
	248672  -  ResidentSetSize of job (KB)
...
006 (066.039.000) 07/27 10:41:45 Image size of job updated: 248748
	243  -  MemoryUsage of job (MB)
	248748  -  ResidentSetSize of job (KB)
...
005 (066.039.000) 07/27 12:56:08 Job terminated.
	(1) Normal termination (return value 0)
		Usr 0 19:39:10, Sys 0 00:00:12  -  Run Remote Usage
		Usr 0 00:00:00, Sys 0 00:00:00  -  Run Local Usage
		Usr 0 19:39:10, Sys 0 00:00:12  -  Total Remote Usage
		Usr 0 00:00:00, Sys 0 00:00:00  -  Total Local Usage
	31825  -  Run Bytes Sent By Job
	2422  -  Run Bytes Received By Job
	31825  -  Total Bytes Sent By Job
	2422  -  Total Bytes Received By Job
	Partitionable Resources :    Usage  Request Allocated 
	   Cpus                 :     0.99        1         1 
	   Disk (KB)            :    49           4    890340 
	   Memory (MB)          :   243           1       128 
...
