000 (066.138.000) 07/26 17:14:46 Job submitted from host: <160.36.155.106:9618?addrs=160.36.155.106-9618&noUDP&sock=27742_4872_4>
...
001 (066.138.000) 07/26 17:14:55 Job executing on host: <10.128.121.58:9618?addrs=10.128.121.58-9618&noUDP&sock=2263_cee9_4>
...
006 (066.138.000) 07/26 17:15:03 Image size of job updated: 226408
	222  -  MemoryUsage of job (MB)
	226408  -  ResidentSetSize of job (KB)
...
006 (066.138.000) 07/26 17:20:03 Image size of job updated: 226420
	222  -  MemoryUsage of job (MB)
	226420  -  ResidentSetSize of job (KB)
...
006 (066.138.000) 07/26 17:30:05 Image size of job updated: 227696
	223  -  MemoryUsage of job (MB)
	227696  -  ResidentSetSize of job (KB)
...
006 (066.138.000) 07/26 17:45:06 Image size of job updated: 229152
	224  -  MemoryUsage of job (MB)
	229152  -  ResidentSetSize of job (KB)
...
005 (066.138.000) 07/26 17:50:33 Job terminated.
	(1) Normal termination (return value 0)
		Usr 0 00:35:35, Sys 0 00:00:00  -  Run Remote Usage
		Usr 0 00:00:00, Sys 0 00:00:00  -  Run Local Usage
		Usr 0 00:35:35, Sys 0 00:00:00  -  Total Remote Usage
		Usr 0 00:00:00, Sys 0 00:00:00  -  Total Local Usage
	27407  -  Run Bytes Sent By Job
	2422  -  Run Bytes Received By Job
	27407  -  Total Bytes Sent By Job
	2422  -  Total Bytes Received By Job
	Partitionable Resources :    Usage  Request Allocated 
	   Cpus                 :     1.00        1         1 
	   Disk (KB)            :    44           4    888081 
	   Memory (MB)          :   224           1       128 
...
