000 (066.800.000) 07/26 17:14:46 Job submitted from host: <160.36.155.106:9618?addrs=160.36.155.106-9618&noUDP&sock=27742_4872_4>
...
012 (066.800.000) 08/03 14:16:41 Job was held.
	via condor_hold (by user bomeara)
	Code 1 Subcode 0
...
013 (066.800.000) 08/05 22:27:27 Job was released.
	via condor_release (by user bomeara)
...
012 (066.800.000) 08/09 10:35:24 Job was held.
	via condor_hold (by user bomeara)
	Code 1 Subcode 0
...
013 (066.800.000) 08/09 13:04:46 Job was released.
	via condor_release (by user bomeara)
...
001 (066.800.000) 08/11 05:35:23 Job executing on host: <10.128.121.58:9618?addrs=10.128.121.58-9618&noUDP&sock=2361_0731_4>
...
006 (066.800.000) 08/11 05:35:31 Image size of job updated: 220700
	216  -  MemoryUsage of job (MB)
	220700  -  ResidentSetSize of job (KB)
...
006 (066.800.000) 08/11 05:40:31 Image size of job updated: 225612
	221  -  MemoryUsage of job (MB)
	225612  -  ResidentSetSize of job (KB)
...
006 (066.800.000) 08/11 05:45:31 Image size of job updated: 225624
	221  -  MemoryUsage of job (MB)
	225624  -  ResidentSetSize of job (KB)
...
006 (066.800.000) 08/12 18:49:19 Image size of job updated: 230336
	225  -  MemoryUsage of job (MB)
	230336  -  ResidentSetSize of job (KB)
...
022 (066.800.000) 08/14 14:07:46 Job disconnected, attempting to reconnect
    Local schedd and job shadow died, schedd now running again
    Trying to reconnect to slot1_23@omearaclustere <10.128.121.58:9618?addrs=10.128.121.58-9618&noUDP&sock=2361_0731_4>
...
023 (066.800.000) 08/14 14:07:50 Job reconnected to slot1_23@omearaclustere
    startd address: <10.128.121.58:9618?addrs=10.128.121.58-9618&noUDP&sock=2361_0731_4>
    starter address: <10.128.121.58:9618?addrs=10.128.121.58-9618&noUDP&sock=2696_5367_26>
...
005 (066.800.000) 08/17 09:49:38 Job terminated.
	(1) Normal termination (return value 0)
		Usr 6 04:02:22, Sys 0 00:00:46  -  Run Remote Usage
		Usr 0 00:00:00, Sys 0 00:00:00  -  Run Local Usage
		Usr 6 04:02:22, Sys 0 00:00:46  -  Total Remote Usage
		Usr 0 00:00:00, Sys 0 00:00:00  -  Total Local Usage
	28905  -  Run Bytes Sent By Job
	0  -  Run Bytes Received By Job
	28905  -  Total Bytes Sent By Job
	2422  -  Total Bytes Received By Job
	Partitionable Resources :    Usage  Request Allocated 
	   Cpus                 :     1.00        1         1 
	   Disk (KB)            :    46          46    888433 
	   Memory (MB)          :   245         245       128 
...
