[1] "args"
[1] "66"   "1639"
[1] "Now starting analysis"
[1] "Starting with initial values"
       mu  sigma.sq        SE        bt        vh 
1.1221816 0.2531416 0.1265708 1.0000000 0.1265708 
       step   negloglik          mu    sigma.sq          SE          bt 
 1.00000000 52.54867818  1.14909670  0.01117673  0.07491342  1.23341571 
         vh 
 0.23092519 
[1] "New improvement found, resetting step counter"
        step    negloglik           mu     sigma.sq           SE           bt 
 2.000000000 50.562866313  0.883382584  0.007507519  0.094309824  4.132970140 
          vh 
 0.041411866 
[1] "New improvement found, resetting step counter"
        step    negloglik           mu     sigma.sq           SE           bt 
 3.000000000 50.081583335  0.981374652  0.007956988  0.083225870  5.258820436 
          vh 
 0.007646101 
        step    negloglik           mu     sigma.sq           SE           bt 
 4.000000000 50.081583335  0.981374652  0.007956988  0.083225870  5.258820436 
          vh 
 0.007646101 
        step    negloglik           mu     sigma.sq           SE           bt 
 5.000000000 50.081583335  0.981374652  0.007956988  0.083225870  5.258820436 
          vh 
 0.007646101 
[1] "Now starting analysis"
[1] "Starting with initial values"
       mu  sigma.sq        bt        vh 
1.1221816 0.2531416 1.0000000 0.1265708 
       step   negloglik          mu    sigma.sq          bt          vh 
  1.0000000 132.2185089   1.1221816   0.2531416   1.1122182   0.1265708 
[1] "New improvement found, resetting step counter"
       step   negloglik          mu    sigma.sq          bt          vh 
  2.0000000 132.2006130   1.1221816   0.2531416   1.2244363   0.1265708 
[1] "New improvement found, but slight; taking the best value, but not resetting the step counter"
        step    negloglik           mu     sigma.sq           bt           vh 
  3.00000000 132.19300042   1.07074710   0.25167613   1.28157898   0.09018716 
[1] "New improvement found, resetting step counter"
        step    negloglik           mu     sigma.sq           bt           vh 
  4.00000000 132.17734631   1.01496856   0.25227143   1.40808923   0.07815664 
        step    negloglik           mu     sigma.sq           bt           vh 
  5.00000000 132.17734631   1.01496856   0.25227143   1.40808923   0.07815664 
        step    negloglik           mu     sigma.sq           bt           vh 
  6.00000000 132.17734631   1.01496856   0.25227143   1.40808923   0.07815664 
[1] "Now starting analysis"
[1] "Starting with initial values"
       mu  sigma.sq        SE        vh 
1.1221816 0.2531416 0.1265708 0.1265708 
       step   negloglik          mu    sigma.sq          SE          vh 
 1.00000000 53.07037681  1.18874339  0.01040611  0.08444309  0.28341985 
[1] "New improvement found, resetting step counter"
        step    negloglik           mu     sigma.sq           SE           vh 
 2.000000000 52.291899923  0.855041252  0.009546522  0.083307159  0.682783549 
[1] "New improvement found, resetting step counter"
        step    negloglik           mu     sigma.sq           SE           vh 
 3.000000000 52.259015392  0.965535467  0.009104946  0.083119787  0.630389641 
[1] "New improvement found, resetting step counter"
        step    negloglik           mu     sigma.sq           SE           vh 
 4.000000000 52.231370536  0.926135405  0.009393974  0.084420658  0.687604396 
        step    negloglik           mu     sigma.sq           SE           vh 
 5.000000000 52.231370536  0.926135405  0.009393974  0.084420658  0.687604396 
        step    negloglik           mu     sigma.sq           SE           vh 
 6.000000000 52.231370536  0.926135405  0.009393974  0.084420658  0.687604396 
[1] "Now starting analysis"
[1] "Starting with initial values"
       mu  sigma.sq        vh 
1.1221816 0.2531416 0.1265708 
       step   negloglik          mu    sigma.sq          vh 
  1.0000000 132.2395370   1.1221816   0.2531416   0.1265708 
       step   negloglik          mu    sigma.sq          vh 
  2.0000000 132.2395370   1.1221816   0.2531416   0.1265708 
       step   negloglik          mu    sigma.sq          vh 
  3.0000000 132.2395370   1.1221816   0.2531416   0.1265708 
[1] "Now starting analysis"
[1] "Starting with initial values"
       mu  sigma.sq        SE        bt 
1.1221816 0.2531416 0.1265708 1.0000000 
       step   negloglik          mu    sigma.sq          SE          bt 
 1.00000000 53.28581765  1.14170593  0.01119713  0.07385103  1.24874810 
[1] "New improvement found, resetting step counter"
        step    negloglik           mu     sigma.sq           SE           bt 
 2.000000000 49.961930171  0.915221417  0.008465482  0.080881944  6.977971787 
[1] "New improvement found, but slight; taking the best value, but not resetting the step counter"
        step    negloglik           mu     sigma.sq           SE           bt 
 3.000000000 49.961412370  0.883705742  0.008565496  0.080873388  6.224925191 
[1] "New improvement found, but slight; taking the best value, but not resetting the step counter"
        step    negloglik           mu     sigma.sq           SE           bt 
 4.000000000 49.955253596  0.898420475  0.008700549  0.081089857  6.696610541 
[1] "Now starting analysis"
[1] "Starting with initial values"
       mu  sigma.sq        bt 
1.1221816 0.2531416 1.0000000 
       step   negloglik          mu    sigma.sq          bt 
  1.0000000 132.2136013   1.1221816   0.2531416   1.1122182 
[1] "New improvement found, resetting step counter"
       step   negloglik          mu    sigma.sq          bt 
  2.0000000 132.1954435   1.1221816   0.2531416   1.2244363 
[1] "New improvement found, resetting step counter"
       step   negloglik          mu    sigma.sq          bt 
  3.0000000 132.1833580   1.1358266   0.2545104   1.3132424 
       step   negloglik          mu    sigma.sq          bt 
  4.0000000 132.1833580   1.1358266   0.2545104   1.3132424 
       step   negloglik          mu    sigma.sq          bt 
  5.0000000 132.1833580   1.1358266   0.2545104   1.3132424 
[1] "Now starting analysis"
[1] "Starting with initial values"
       mu  sigma.sq        SE 
1.1221816 0.2531416 0.1265708 
       step   negloglik          mu    sigma.sq          SE 
 1.00000000 54.05925970  1.15576784  0.01234718  0.07498414 
[1] "New improvement found, but slight; taking the best value, but not resetting the step counter"
       step   negloglik          mu    sigma.sq          SE 
 2.00000000 54.05788436  1.15644451  0.01302289  0.07295508 
       step   negloglik          mu    sigma.sq          SE 
 3.00000000 54.05788436  1.15644451  0.01302289  0.07295508 
[1] "Now starting analysis"
[1] "Starting with initial values"
       mu  sigma.sq 
1.1221816 0.2531416 
       step   negloglik          mu    sigma.sq 
  1.0000000 132.2349373   1.1221816   0.2531416 
       step   negloglik          mu    sigma.sq 
  2.0000000 132.2349373   1.1221816   0.2531416 
       step   negloglik          mu    sigma.sq 
  3.0000000 132.2349373   1.1221816   0.2531416 
