[1] "args"
[1] "66"  "220"
[1] "Now starting analysis"
[1] "Starting with initial values"
         mu    sigma.sq          SE          bt          vh 
1.047244319 0.011162995 0.005581497 1.000000000 0.005581497 
         step     negloglik            mu      sigma.sq            SE 
 1.000000e+00 -9.065953e+00  8.103861e-01  1.086500e-02  4.880635e-08 
           bt            vh 
 1.051615e+00  2.948393e-05 
         step     negloglik            mu      sigma.sq            SE 
 2.000000e+00 -9.065953e+00  8.103861e-01  1.086500e-02  4.880635e-08 
           bt            vh 
 1.051615e+00  2.948393e-05 
         step     negloglik            mu      sigma.sq            SE 
 3.000000e+00 -9.065953e+00  8.103861e-01  1.086500e-02  4.880635e-08 
           bt            vh 
 1.051615e+00  2.948393e-05 
[1] "Now starting analysis"
[1] "Starting with initial values"
         mu    sigma.sq          bt          vh 
1.047244319 0.011162995 1.000000000 0.005581497 
         step     negloglik            mu      sigma.sq            bt 
 1.000000e+00 -9.081143e+00  8.303588e-01  1.066739e-02  1.061384e+00 
           vh 
 5.861706e-06 
         step     negloglik            mu      sigma.sq            bt 
 2.000000e+00 -9.081143e+00  8.303588e-01  1.066739e-02  1.061384e+00 
           vh 
 5.861706e-06 
         step     negloglik            mu      sigma.sq            bt 
 3.000000e+00 -9.081143e+00  8.303588e-01  1.066739e-02  1.061384e+00 
           vh 
 5.861706e-06 
[1] "Now starting analysis"
[1] "Starting with initial values"
         mu    sigma.sq          SE          vh 
1.047244319 0.011162995 0.005581497 0.005581497 
         step     negloglik            mu      sigma.sq            SE 
 1.000000e+00 -8.841989e+00  1.070551e+00  1.105481e-02  2.638158e-06 
           vh 
 8.606251e-06 
[1] "New improvement found, but slight; taking the best value, but not resetting the step counter"
         step     negloglik            mu      sigma.sq            SE 
 2.000000e+00 -8.851090e+00  1.038155e+00  1.105481e-02  2.612456e-06 
           vh 
 7.568907e-06 
         step     negloglik            mu      sigma.sq            SE 
 3.000000e+00 -8.851090e+00  1.038155e+00  1.105481e-02  2.612456e-06 
           vh 
 7.568907e-06 
[1] "Now starting analysis"
[1] "Starting with initial values"
         mu    sigma.sq          vh 
1.047244319 0.011162995 0.005581497 
         step     negloglik            mu      sigma.sq            vh 
 1.000000e+00 -8.853053e+00  1.040906e+00  1.075789e-02  1.327543e-05 
         step     negloglik            mu      sigma.sq            vh 
 2.000000e+00 -8.853053e+00  1.040906e+00  1.075789e-02  1.327543e-05 
         step     negloglik            mu      sigma.sq            vh 
 3.000000e+00 -8.853053e+00  1.040906e+00  1.075789e-02  1.327543e-05 
[1] "Now starting analysis"
[1] "Starting with initial values"
         mu    sigma.sq          SE          bt 
1.047244319 0.011162995 0.005581497 1.000000000 
         step     negloglik            mu      sigma.sq            SE 
 1.000000e+00 -8.916088e+00  1.113921e+00  1.042309e-02  9.564625e-07 
           bt 
 1.029051e+00 
[1] "New improvement found, resetting step counter"
         step     negloglik            mu      sigma.sq            SE 
 2.000000e+00 -9.066786e+00  8.944587e-01  1.042105e-02  5.070166e-07 
           bt 
 1.055616e+00 
         step     negloglik            mu      sigma.sq            SE 
 3.000000e+00 -9.066786e+00  8.944587e-01  1.042105e-02  5.070166e-07 
           bt 
 1.055616e+00 
         step     negloglik            mu      sigma.sq            SE 
 4.000000e+00 -9.066786e+00  8.944587e-01  1.042105e-02  5.070166e-07 
           bt 
 1.055616e+00 
[1] "Now starting analysis"
[1] "Starting with initial values"
        mu   sigma.sq         bt 
1.04724432 0.01116299 1.00000000 
       step   negloglik          mu    sigma.sq          bt 
 1.00000000 -9.05927091  0.92176145  0.01049051  1.06206760 
[1] "New improvement found, resetting step counter"
       step   negloglik          mu    sigma.sq          bt 
 2.00000000 -9.07951652  0.84162469  0.01088619  1.06099632 
       step   negloglik          mu    sigma.sq          bt 
 3.00000000 -9.07951652  0.84162469  0.01088619  1.06099632 
       step   negloglik          mu    sigma.sq          bt 
 4.00000000 -9.07951652  0.84162469  0.01088619  1.06099632 
[1] "Now starting analysis"
[1] "Starting with initial values"
         mu    sigma.sq          SE 
1.047244319 0.011162995 0.005581497 
         step     negloglik            mu      sigma.sq            SE 
 1.000000e+00 -8.859013e+00  1.007432e+00  1.094191e-02  4.111331e-07 
         step     negloglik            mu      sigma.sq            SE 
 2.000000e+00 -8.859013e+00  1.007432e+00  1.094191e-02  4.111331e-07 
         step     negloglik            mu      sigma.sq            SE 
 3.000000e+00 -8.859013e+00  1.007432e+00  1.094191e-02  4.111331e-07 
[1] "Now starting analysis"
[1] "Starting with initial values"
        mu   sigma.sq 
1.04724432 0.01116299 
       step   negloglik          mu    sigma.sq 
 1.00000000 -8.85582534  1.01127086  0.01111186 
[1] "New improvement found, but slight; taking the best value, but not resetting the step counter"
       step   negloglik          mu    sigma.sq 
 2.00000000 -8.85749487  0.97653312  0.01106248 
       step   negloglik          mu    sigma.sq 
 3.00000000 -8.85749487  0.97653312  0.01106248 
