000 (066.415.000) 07/26 17:14:46 Job submitted from host: <160.36.155.106:9618?addrs=160.36.155.106-9618&noUDP&sock=27742_4872_4>
...
001 (066.415.000) 07/29 18:09:28 Job executing on host: <10.130.210.206:9618?addrs=10.130.210.206-9618&noUDP&sock=76684_6c96_4>
...
006 (066.415.000) 07/29 18:09:36 Image size of job updated: 233816
	229  -  MemoryUsage of job (MB)
	233816  -  ResidentSetSize of job (KB)
...
006 (066.415.000) 07/29 18:14:36 Image size of job updated: 236192
	231  -  MemoryUsage of job (MB)
	236192  -  ResidentSetSize of job (KB)
...
006 (066.415.000) 07/29 20:59:53 Image size of job updated: 244284
	239  -  MemoryUsage of job (MB)
	244284  -  ResidentSetSize of job (KB)
...
006 (066.415.000) 07/29 21:19:55 Image size of job updated: 244336
	239  -  MemoryUsage of job (MB)
	244336  -  ResidentSetSize of job (KB)
...
006 (066.415.000) 07/30 00:20:14 Image size of job updated: 249704
	244  -  MemoryUsage of job (MB)
	249704  -  ResidentSetSize of job (KB)
...
005 (066.415.000) 07/30 03:42:44 Job terminated.
	(1) Normal termination (return value 0)
		Usr 0 09:32:14, Sys 0 00:00:04  -  Run Remote Usage
		Usr 0 00:00:00, Sys 0 00:00:00  -  Run Local Usage
		Usr 0 09:32:14, Sys 0 00:00:04  -  Total Remote Usage
		Usr 0 00:00:00, Sys 0 00:00:00  -  Total Local Usage
	31021  -  Run Bytes Sent By Job
	2422  -  Run Bytes Received By Job
	31021  -  Total Bytes Sent By Job
	2422  -  Total Bytes Received By Job
	Partitionable Resources :    Usage  Request Allocated 
	   Cpus                 :     1.00        1         1 
	   Disk (KB)            :    48           4    813884 
	   Memory (MB)          :   244           1       128 
...
