000 (066.1334.000) 07/26 17:14:46 Job submitted from host: <160.36.155.106:9618?addrs=160.36.155.106-9618&noUDP&sock=27742_4872_4>
...
012 (066.1334.000) 08/03 14:17:08 Job was held.
	via condor_hold (by user bomeara)
	Code 1 Subcode 0
...
013 (066.1334.000) 08/05 22:27:55 Job was released.
	via condor_release (by user bomeara)
...
012 (066.1334.000) 08/09 10:35:59 Job was held.
	via condor_hold (by user bomeara)
	Code 1 Subcode 0
...
013 (066.1334.000) 08/09 13:05:13 Job was released.
	via condor_release (by user bomeara)
...
001 (066.1334.000) 09/03 05:48:05 Job executing on host: <10.130.122.65:9618?addrs=10.130.122.65-9618&noUDP&sock=2440_372c_4>
...
006 (066.1334.000) 09/03 05:48:14 Image size of job updated: 220720
	216  -  MemoryUsage of job (MB)
	220720  -  ResidentSetSize of job (KB)
...
006 (066.1334.000) 09/03 05:53:15 Image size of job updated: 222636
	218  -  MemoryUsage of job (MB)
	222636  -  ResidentSetSize of job (KB)
...
006 (066.1334.000) 09/03 21:19:53 Image size of job updated: 227788
	223  -  MemoryUsage of job (MB)
	227788  -  ResidentSetSize of job (KB)
...
006 (066.1334.000) 09/04 11:36:24 Image size of job updated: 228980
	224  -  MemoryUsage of job (MB)
	228980  -  ResidentSetSize of job (KB)
...
006 (066.1334.000) 09/04 16:11:55 Image size of job updated: 230072
	225  -  MemoryUsage of job (MB)
	230072  -  ResidentSetSize of job (KB)
...
005 (066.1334.000) 09/04 17:32:15 Job terminated.
	(1) Normal termination (return value 0)
		Usr 1 11:41:00, Sys 0 00:00:22  -  Run Remote Usage
		Usr 0 00:00:00, Sys 0 00:00:00  -  Run Local Usage
		Usr 1 11:41:00, Sys 0 00:00:22  -  Total Remote Usage
		Usr 0 00:00:00, Sys 0 00:00:00  -  Total Local Usage
	27617  -  Run Bytes Sent By Job
	2422  -  Run Bytes Received By Job
	27617  -  Total Bytes Sent By Job
	2422  -  Total Bytes Received By Job
	Partitionable Resources :    Usage  Request Allocated 
	   Cpus                 :     1.00        1         1 
	   Disk (KB)            :    45           4    891653 
	   Memory (MB)          :   225           1       128 
...
