[1] "args"
[1] "66"  "425"
[1] "Now starting analysis"
[1] "Starting with initial values"
        mu   sigma.sq         SE         bt         vh 
1.03647544 0.12450589 0.06225294 1.00000000 0.06225294 
        step    negloglik           mu     sigma.sq           SE           bt 
 1.000000000 51.213891283  1.119026157  0.009444746  0.076453681  0.997437037 
          vh 
 0.155443339 
[1] "New improvement found, resetting step counter"
        step    negloglik           mu     sigma.sq           SE           bt 
 2.000000000 50.264902329  1.495679601  0.009038399  0.080741338  0.897137835 
          vh 
 0.023064480 
[1] "New improvement found, resetting step counter"
        step    negloglik           mu     sigma.sq           SE           bt 
 3.000000000 50.240471605  1.341192468  0.008300744  0.081631333  0.910415190 
          vh 
 0.000907390 
[1] "New improvement found, resetting step counter"
        step    negloglik           mu     sigma.sq           SE           bt 
 4.000000000 50.149521337  1.324722724  0.009349711  0.080334838  0.892942773 
          vh 
 0.002570758 
        step    negloglik           mu     sigma.sq           SE           bt 
 5.000000000 50.149521337  1.324722724  0.009349711  0.080334838  0.892942773 
          vh 
 0.002570758 
        step    negloglik           mu     sigma.sq           SE           bt 
 6.000000000 50.149521337  1.324722724  0.009349711  0.080334838  0.892942773 
          vh 
 0.002570758 
[1] "Now starting analysis"
[1] "Starting with initial values"
        mu   sigma.sq         bt         vh 
1.03647544 0.12450589 1.00000000 0.06225294 
       step   negloglik          mu    sigma.sq          bt          vh 
 1.00000000 90.89000881  1.14012298  0.12450589  1.00000000  0.06225294 
       step   negloglik          mu    sigma.sq          bt          vh 
 2.00000000 90.89000881  1.14012298  0.12450589  1.00000000  0.06225294 
       step   negloglik          mu    sigma.sq          bt          vh 
 3.00000000 90.89000881  1.14012298  0.12450589  1.00000000  0.06225294 
[1] "Now starting analysis"
[1] "Starting with initial values"
        mu   sigma.sq         SE         vh 
1.03647544 0.12450589 0.06225294 0.06225294 
       step   negloglik          mu    sigma.sq          SE          vh 
 1.00000000 50.88545894  1.16994985  0.01002409  0.07434965  0.08608505 
[1] "New improvement found, resetting step counter"
        step    negloglik           mu     sigma.sq           SE           vh 
 2.000000000 50.578154204  1.266110331  0.009556904  0.078822859  0.006753049 
        step    negloglik           mu     sigma.sq           SE           vh 
 3.000000000 50.578154204  1.266110331  0.009556904  0.078822859  0.006753049 
[1] "New improvement found, but slight; taking the best value, but not resetting the step counter"
       step   negloglik          mu    sigma.sq          SE          vh 
 4.00000000 50.57705804  1.21640168  0.01020322  0.07678504  0.01346625 
[1] "Now starting analysis"
[1] "Starting with initial values"
        mu   sigma.sq         vh 
1.03647544 0.12450589 0.06225294 
       step   negloglik          mu    sigma.sq          vh 
 1.00000000 90.89000881  1.14012298  0.12450589  0.06225294 
       step   negloglik          mu    sigma.sq          vh 
 2.00000000 90.89000881  1.14012298  0.12450589  0.06225294 
       step   negloglik          mu    sigma.sq          vh 
 3.00000000 90.89000881  1.14012298  0.12450589  0.06225294 
[1] "Now starting analysis"
[1] "Starting with initial values"
        mu   sigma.sq         SE         bt 
1.03647544 0.12450589 0.06225294 1.00000000 
       step   negloglik          mu    sigma.sq          SE          bt 
 1.00000000 50.67532504  1.20743709  0.00935317  0.07572964  1.01405942 
[1] "New improvement found, resetting step counter"
        step    negloglik           mu     sigma.sq           SE           bt 
 2.000000000 50.149193397  1.305871220  0.009369333  0.079899689  0.900218833 
        step    negloglik           mu     sigma.sq           SE           bt 
 3.000000000 50.149193397  1.305871220  0.009369333  0.079899689  0.900218833 
        step    negloglik           mu     sigma.sq           SE           bt 
 4.000000000 50.149193397  1.305871220  0.009369333  0.079899689  0.900218833 
[1] "Now starting analysis"
[1] "Starting with initial values"
       mu  sigma.sq        bt 
1.0364754 0.1245059 1.0000000 
      step  negloglik         mu   sigma.sq         bt 
 1.0000000 90.8030900  1.1401230  0.1245059  1.0000000 
      step  negloglik         mu   sigma.sq         bt 
 2.0000000 90.8030900  1.1401230  0.1245059  1.0000000 
[1] "New improvement found, resetting step counter"
      step  negloglik         mu   sigma.sq         bt 
 3.0000000 90.7815792  1.3304364  0.1255109  0.9186553 
[1] "New improvement found, but slight; taking the best value, but not resetting the step counter"
      step  negloglik         mu   sigma.sq         bt 
 4.0000000 90.7790893  1.2865266  0.1245009  0.9104244 
      step  negloglik         mu   sigma.sq         bt 
 5.0000000 90.7790893  1.2865266  0.1245009  0.9104244 
[1] "Now starting analysis"
[1] "Starting with initial values"
        mu   sigma.sq         SE 
1.03647544 0.12450589 0.06225294 
        step    negloglik           mu     sigma.sq           SE 
 1.000000000 50.589908194  1.271020744  0.009780563  0.081340717 
[1] "New improvement found, resetting step counter"
        step    negloglik           mu     sigma.sq           SE 
 2.000000000 50.552131619  1.207617880  0.009977602  0.080847332 
        step    negloglik           mu     sigma.sq           SE 
 3.000000000 50.552131619  1.207617880  0.009977602  0.080847332 
        step    negloglik           mu     sigma.sq           SE 
 4.000000000 50.552131619  1.207617880  0.009977602  0.080847332 
[1] "Now starting analysis"
[1] "Starting with initial values"
       mu  sigma.sq 
1.0364754 0.1245059 
      step  negloglik         mu   sigma.sq 
 1.0000000 90.8030900  1.1401230  0.1245059 
      step  negloglik         mu   sigma.sq 
 2.0000000 90.8030900  1.1401230  0.1245059 
      step  negloglik         mu   sigma.sq 
 3.0000000 90.8030900  1.1401230  0.1245059 
