[1] "args"
[1] "66"  "764"
[1] "Now starting analysis"
[1] "Starting with initial values"
        mu   sigma.sq         SE         bt         vh 
1.31937685 0.04956502 0.02478251 1.00000000 0.02478251 
       step   negloglik          mu    sigma.sq          SE          bt 
 1.00000000 11.15262525  0.51404248  0.01269691  0.01397695  1.73004071 
         vh 
 0.45390550 
[1] "New improvement found, resetting step counter"
       step   negloglik          mu    sigma.sq          SE          bt 
 2.00000000 10.58239791  0.36972824  0.01097032  0.01779021  2.68443719 
         vh 
 0.26956032 
       step   negloglik          mu    sigma.sq          SE          bt 
 3.00000000 10.58239791  0.36972824  0.01097032  0.01779021  2.68443719 
         vh 
 0.26956032 
       step   negloglik          mu    sigma.sq          SE          bt 
 4.00000000 10.58239791  0.36972824  0.01097032  0.01779021  2.68443719 
         vh 
 0.26956032 
[1] "Now starting analysis"
[1] "Starting with initial values"
        mu   sigma.sq         bt         vh 
1.31937685 0.04956502 1.00000000 0.02478251 
       step   negloglik          mu    sigma.sq          bt          vh 
 1.00000000 16.82038546 -0.12238758  0.03940958  3.95702554  0.06338215 
[1] "New improvement found, resetting step counter"
       step   negloglik          mu    sigma.sq          bt          vh 
 2.00000000 16.80673348 -0.12238758  0.03940958  4.35272809  0.06338215 
