[1] "args"
[1] "66"   "1135"
[1] "Now starting analysis"
[1] "Starting with initial values"
        mu   sigma.sq         SE         bt         vh 
1.26107607 0.09564690 0.04782345 1.00000000 0.04782345 
       step   negloglik          mu    sigma.sq          SE          bt 
 1.00000000 58.67318576  1.27285325  0.01427579  0.07364302  1.07217461 
         vh 
 0.11243638 
[1] "New improvement found, resetting step counter"
        step    negloglik           mu     sigma.sq           SE           bt 
 2.000000000 55.392848317  0.481358394  0.011411325  0.091252698  6.754531159 
          vh 
 0.003140103 
        step    negloglik           mu     sigma.sq           SE           bt 
 3.000000000 55.392848317  0.481358394  0.011411325  0.091252698  6.754531159 
          vh 
 0.003140103 
        step    negloglik           mu     sigma.sq           SE           bt 
 4.000000000 55.392848317  0.481358394  0.011411325  0.091252698  6.754531159 
          vh 
 0.003140103 
[1] "Now starting analysis"
[1] "Starting with initial values"
        mu   sigma.sq         bt         vh 
1.26107607 0.09564690 1.00000000 0.04782345 
       step   negloglik          mu    sigma.sq          bt          vh 
 1.00000000 86.00816791  1.26107607  0.09564690  1.12610761  0.04782345 
[1] "New improvement found, resetting step counter"
       step   negloglik          mu    sigma.sq          bt          vh 
 2.00000000 85.93744248  1.26107607  0.09564690  1.25221521  0.04782345 
       step   negloglik          mu    sigma.sq          bt          vh 
 3.00000000 85.93744248  1.26107607  0.09564690  1.25221521  0.04782345 
[1] "New improvement found, resetting step counter"
       step   negloglik          mu    sigma.sq          bt          vh 
 4.00000000 85.90894531  1.16199029  0.09379516  1.35763686  0.15338096 
       step   negloglik          mu    sigma.sq          bt          vh 
 5.00000000 85.90894531  1.16199029  0.09379516  1.35763686  0.15338096 
       step   negloglik          mu    sigma.sq          bt          vh 
 6.00000000 85.90894531  1.16199029  0.09379516  1.35763686  0.15338096 
[1] "Now starting analysis"
[1] "Starting with initial values"
        mu   sigma.sq         SE         vh 
1.26107607 0.09564690 0.04782345 0.04782345 
       step   negloglik          mu    sigma.sq          SE          vh 
 1.00000000 58.53781099  1.29326035  0.01513775  0.07426397  0.20440806 
[1] "New improvement found, resetting step counter"
       step   negloglik          mu    sigma.sq          SE          vh 
 2.00000000 57.16990226  0.82161531  0.01050201  0.08843544  1.20729550 
       step   negloglik          mu    sigma.sq          SE          vh 
 3.00000000 57.16990226  0.82161531  0.01050201  0.08843544  1.20729550 
[1] "New improvement found, but slight; taking the best value, but not resetting the step counter"
        step    negloglik           mu     sigma.sq           SE           vh 
 4.000000000 57.164095414  0.773338191  0.009656348  0.096656952  1.252015878 
[1] "Now starting analysis"
[1] "Starting with initial values"
        mu   sigma.sq         vh 
1.26107607 0.09564690 0.04782345 
       step   negloglik          mu    sigma.sq          vh 
 1.00000000 86.09064051  1.38718368  0.09564690  0.04782345 
       step   negloglik          mu    sigma.sq          vh 
 2.00000000 86.09064051  1.38718368  0.09564690  0.04782345 
       step   negloglik          mu    sigma.sq          vh 
 3.00000000 86.09064051  1.38718368  0.09564690  0.04782345 
[1] "Now starting analysis"
[1] "Starting with initial values"
        mu   sigma.sq         SE         bt 
1.26107607 0.09564690 0.04782345 1.00000000 
        step    negloglik           mu     sigma.sq           SE           bt 
 1.000000000 55.244536727  0.672730488  0.008249132  0.094998385  5.153923722 
[1] "New improvement found, resetting step counter"
        step    negloglik           mu     sigma.sq           SE           bt 
 2.000000000 55.202190098  0.631207004  0.008823298  0.099658404  5.429764557 
[1] "New improvement found, but slight; taking the best value, but not resetting the step counter"
        step    negloglik           mu     sigma.sq           SE           bt 
 3.000000000 55.197212728  0.658288776  0.009324584  0.098562871  5.834617897 
        step    negloglik           mu     sigma.sq           SE           bt 
 4.000000000 55.197212728  0.658288776  0.009324584  0.098562871  5.834617897 
[1] "Now starting analysis"
[1] "Starting with initial values"
       mu  sigma.sq        bt 
1.2610761 0.0956469 1.0000000 
      step  negloglik         mu   sigma.sq         bt 
 1.0000000 86.0060760  1.2610761  0.0956469  1.1261076 
[1] "New improvement found, resetting step counter"
      step  negloglik         mu   sigma.sq         bt 
 2.0000000 85.9333364  1.2610761  0.0956469  1.2522152 
      step  negloglik         mu   sigma.sq         bt 
 3.0000000 85.9333364  1.2610761  0.0956469  1.2522152 
      step  negloglik         mu   sigma.sq         bt 
 4.0000000 85.9333364  1.2610761  0.0956469  1.2522152 
[1] "Now starting analysis"
[1] "Starting with initial values"
        mu   sigma.sq         SE 
1.26107607 0.09564690 0.04782345 
       step   negloglik          mu    sigma.sq          SE 
 1.00000000 59.39728333  1.43392669  0.01759592  0.07267278 
       step   negloglik          mu    sigma.sq          SE 
 2.00000000 59.39728333  1.43392669  0.01759592  0.07267278 
       step   negloglik          mu    sigma.sq          SE 
 3.00000000 59.39728333  1.43392669  0.01759592  0.07267278 
[1] "Now starting analysis"
[1] "Starting with initial values"
       mu  sigma.sq 
1.2610761 0.0956469 
      step  negloglik         mu   sigma.sq 
 1.0000000 86.0894291  1.3871837  0.0956469 
      step  negloglik         mu   sigma.sq 
 2.0000000 86.0894291  1.3871837  0.0956469 
      step  negloglik         mu   sigma.sq 
 3.0000000 86.0894291  1.3871837  0.0956469 
