[1] "args"
[1] "66"  "871"
[1] "Now starting analysis"
[1] "Starting with initial values"
         mu    sigma.sq          SE          bt          vh 
1.343481043 0.010298391 0.005149196 1.000000000 0.005149196 
         step     negloglik            mu      sigma.sq            SE 
 1.000000e+00 -4.556273e+01  1.471765e+00  1.027786e-02  1.232443e-07 
           bt            vh 
 9.428796e-01  1.846032e-02 
[1] "New improvement found, resetting step counter"
         step     negloglik            mu      sigma.sq            SE 
 2.000000e+00 -4.562943e+01  1.438028e+00  1.028078e-02  4.802649e-06 
           bt            vh 
 9.676023e-01  1.567778e-03 
         step     negloglik            mu      sigma.sq            SE 
 3.000000e+00 -4.562943e+01  1.438028e+00  1.028078e-02  4.802649e-06 
           bt            vh 
 9.676023e-01  1.567778e-03 
         step     negloglik            mu      sigma.sq            SE 
 4.000000e+00 -4.562943e+01  1.438028e+00  1.028078e-02  4.802649e-06 
           bt            vh 
 9.676023e-01  1.567778e-03 
[1] "Now starting analysis"
[1] "Starting with initial values"
         mu    sigma.sq          bt          vh 
1.343481043 0.010298391 1.000000000 0.005149196 
         step     negloglik            mu      sigma.sq            bt 
  1.000000000 -45.662781279   1.305042300   0.010219727   1.087512604 
           vh 
  0.002989499 
         step     negloglik            mu      sigma.sq            bt 
  2.000000000 -45.662781279   1.305042300   0.010219727   1.087512604 
           vh 
  0.002989499 
         step     negloglik            mu      sigma.sq            bt 
  3.000000000 -45.662781279   1.305042300   0.010219727   1.087512604 
           vh 
  0.002989499 
[1] "Now starting analysis"
[1] "Starting with initial values"
         mu    sigma.sq          SE          vh 
1.343481043 0.010298391 0.005149196 0.005149196 
         step     negloglik            mu      sigma.sq            SE 
 1.000000e+00 -4.550528e+01  1.511340e+00  9.853664e-03  4.455976e-06 
           vh 
 5.154520e-03 
[1] "New improvement found, resetting step counter"
         step     negloglik            mu      sigma.sq            SE 
 2.000000e+00 -4.556290e+01  1.470160e+00  9.851115e-03  8.387590e-07 
           vh 
 3.470395e-04 
         step     negloglik            mu      sigma.sq            SE 
 3.000000e+00 -4.556290e+01  1.470160e+00  9.851115e-03  8.387590e-07 
           vh 
 3.470395e-04 
         step     negloglik            mu      sigma.sq            SE 
 4.000000e+00 -4.556290e+01  1.470160e+00  9.851115e-03  8.387590e-07 
           vh 
 3.470395e-04 
[1] "Now starting analysis"
[1] "Starting with initial values"
         mu    sigma.sq          vh 
1.343481043 0.010298391 0.005149196 
         step     negloglik            mu      sigma.sq            vh 
  1.000000000 -45.657193518   1.343481043   0.010298391   0.005149196 
         step     negloglik            mu      sigma.sq            vh 
  2.000000000 -45.657193518   1.343481043   0.010298391   0.005149196 
         step     negloglik            mu      sigma.sq            vh 
  3.000000000 -45.657193518   1.343481043   0.010298391   0.005149196 
[1] "Now starting analysis"
[1] "Starting with initial values"
         mu    sigma.sq          SE          bt 
1.343481043 0.010298391 0.005149196 1.000000000 
         step     negloglik            mu      sigma.sq            SE 
 1.000000e+00 -4.563005e+01  1.431756e+00  1.047122e-02  7.701870e-08 
           bt 
 1.044077e+00 
[1] "New improvement found, resetting step counter"
         step     negloglik            mu      sigma.sq            SE 
 2.000000e+00 -4.564975e+01  1.370433e+00  1.047541e-02  6.433240e-06 
           bt 
 1.056837e+00 
[1] "New improvement found, resetting step counter"
         step     negloglik            mu      sigma.sq            SE 
 3.000000e+00 -4.566455e+01  1.356730e+00  1.013587e-02  2.267563e-06 
           bt 
 1.038036e+00 
         step     negloglik            mu      sigma.sq            SE 
 4.000000e+00 -4.566455e+01  1.356730e+00  1.013587e-02  2.267563e-06 
           bt 
 1.038036e+00 
         step     negloglik            mu      sigma.sq            SE 
 5.000000e+00 -4.566455e+01  1.356730e+00  1.013587e-02  2.267563e-06 
           bt 
 1.038036e+00 
[1] "Now starting analysis"
[1] "Starting with initial values"
        mu   sigma.sq         bt 
1.34348104 0.01029839 1.00000000 
        step    negloglik           mu     sigma.sq           bt 
  1.00000000 -45.67222973   1.34348104   0.01029839   1.00000000 
        step    negloglik           mu     sigma.sq           bt 
  2.00000000 -45.67222973   1.34348104   0.01029839   1.00000000 
        step    negloglik           mu     sigma.sq           bt 
  3.00000000 -45.67222973   1.34348104   0.01029839   1.00000000 
[1] "Now starting analysis"
[1] "Starting with initial values"
         mu    sigma.sq          SE 
1.343481043 0.010298391 0.005149196 
         step     negloglik            mu      sigma.sq            SE 
 1.000000e+00 -4.563257e+01  1.440368e+00  1.022172e-02  4.542038e-06 
[1] "New improvement found, but slight; taking the best value, but not resetting the step counter"
         step     negloglik            mu      sigma.sq            SE 
 2.000000e+00 -4.563917e+01  1.416358e+00  1.022342e-02  1.053358e-05 
[1] "New improvement found, but slight; taking the best value, but not resetting the step counter"
         step     negloglik            mu      sigma.sq            SE 
 3.000000e+00 -4.564277e+01  1.320101e+00  9.977473e-03  4.631180e-06 
[1] "Now starting analysis"
[1] "Starting with initial values"
        mu   sigma.sq 
1.34348104 0.01029839 
        step    negloglik           mu     sigma.sq 
  1.00000000 -45.67222973   1.34348104   0.01029839 
        step    negloglik           mu     sigma.sq 
  2.00000000 -45.67222973   1.34348104   0.01029839 
        step    negloglik           mu     sigma.sq 
  3.00000000 -45.67222973   1.34348104   0.01029839 
