[1] "args"
[1] "66"  "107"
[1] "Now starting analysis"
[1] "Starting with initial values"
        mu   sigma.sq         SE         bt         vh 
1.47639758 0.02044586 0.01022293 1.00000000 0.01022293 
         step     negloglik            mu      sigma.sq            SE 
 1.000000e+00 -4.787640e+01  1.088545e-01  8.298373e-03  1.855233e-04 
           bt            vh 
 1.847783e+00  8.532678e-02 
[1] "New improvement found, resetting step counter"
         step     negloglik            mu      sigma.sq            SE 
 2.000000e+00 -4.979431e+01  4.824592e-01  8.309827e-03  2.114045e-04 
           bt            vh 
 2.174591e+00  9.553178e-02 
         step     negloglik            mu      sigma.sq            SE 
 3.000000e+00 -4.979431e+01  4.824592e-01  8.309827e-03  2.114045e-04 
           bt            vh 
 2.174591e+00  9.553178e-02 
         step     negloglik            mu      sigma.sq            SE 
 4.000000e+00 -4.979431e+01  4.824592e-01  8.309827e-03  2.114045e-04 
           bt            vh 
 2.174591e+00  9.553178e-02 
[1] "Now starting analysis"
[1] "Starting with initial values"
        mu   sigma.sq         bt         vh 
1.47639758 0.02044586 1.00000000 0.01022293 
         step     negloglik            mu      sigma.sq            bt 
  1.000000000 -48.643884453   0.438418141   0.009433485   2.186155929 
           vh 
  0.093450045 
         step     negloglik            mu      sigma.sq            bt 
  2.000000000 -48.643884453   0.438418141   0.009433485   2.186155929 
           vh 
  0.093450045 
         step     negloglik            mu      sigma.sq            bt 
  3.000000000 -48.643884453   0.438418141   0.009433485   2.186155929 
           vh 
  0.093450045 
[1] "Now starting analysis"
[1] "Starting with initial values"
        mu   sigma.sq         SE         vh 
1.47639758 0.02044586 0.01022293 0.01022293 
         step     negloglik            mu      sigma.sq            SE 
 1.000000e+00 -3.894104e+01  1.012425e+00  8.147694e-03  2.196205e-04 
           vh 
 1.672158e-01 
[1] "New improvement found, resetting step counter"
         step     negloglik            mu      sigma.sq            SE 
 2.000000e+00 -4.346184e+01  1.138607e+00  8.180473e-03  1.796789e-04 
           vh 
 6.035202e-01 
         step     negloglik            mu      sigma.sq            SE 
 3.000000e+00 -4.346184e+01  1.138607e+00  8.180473e-03  1.796789e-04 
           vh 
 6.035202e-01 
         step     negloglik            mu      sigma.sq            SE 
 4.000000e+00 -4.346184e+01  1.138607e+00  8.180473e-03  1.796789e-04 
           vh 
 6.035202e-01 
[1] "Now starting analysis"
[1] "Starting with initial values"
        mu   sigma.sq         vh 
1.47639758 0.02044586 0.01022293 
         step     negloglik            mu      sigma.sq            vh 
  1.000000000 -42.357566173   1.208923581   0.009526068   0.652199683 
         step     negloglik            mu      sigma.sq            vh 
  2.000000000 -42.357566173   1.208923581   0.009526068   0.652199683 
         step     negloglik            mu      sigma.sq            vh 
  3.000000000 -42.357566173   1.208923581   0.009526068   0.652199683 
[1] "Now starting analysis"
[1] "Starting with initial values"
        mu   sigma.sq         SE         bt 
1.47639758 0.02044586 0.01022293 1.00000000 
         step     negloglik            mu      sigma.sq            SE 
 1.000000e+00 -3.911428e+01  1.537716e+00  1.104431e-02  3.992492e-05 
           bt 
 2.068777e+00 
[1] "New improvement found, resetting step counter"
         step     negloglik            mu      sigma.sq            SE 
 2.000000e+00 -4.443793e+01  2.813328e-01  1.109770e-02  4.336456e-05 
           bt 
 2.289179e+00 
[1] "New improvement found, but slight; taking the best value, but not resetting the step counter"
         step     negloglik            mu      sigma.sq            SE 
 3.000000e+00 -4.444379e+01  3.035138e-01  1.001945e-02  9.235387e-05 
           bt 
 2.293567e+00 
         step     negloglik            mu      sigma.sq            SE 
 4.000000e+00 -4.444379e+01  3.035138e-01  1.001945e-02  9.235387e-05 
           bt 
 2.293567e+00 
[1] "Now starting analysis"
[1] "Starting with initial values"
        mu   sigma.sq         bt 
1.47639758 0.02044586 1.00000000 
        step    negloglik           mu     sigma.sq           bt 
  1.00000000 -44.09233201   0.30654386   0.01112901   2.28318635 
        step    negloglik           mu     sigma.sq           bt 
  2.00000000 -44.09233201   0.30654386   0.01112901   2.28318635 
        step    negloglik           mu     sigma.sq           bt 
  3.00000000 -44.09233201   0.30654386   0.01112901   2.28318635 
[1] "Now starting analysis"
[1] "Starting with initial values"
        mu   sigma.sq         SE 
1.47639758 0.02044586 0.01022293 
         step     negloglik            mu      sigma.sq            SE 
 1.000000e+00 -6.583350e+00  1.678695e+00  2.360230e-02  2.808666e-07 
         step     negloglik            mu      sigma.sq            SE 
 2.000000e+00 -6.583350e+00  1.678695e+00  2.360230e-02  2.808666e-07 
         step     negloglik            mu      sigma.sq            SE 
 3.000000e+00 -6.583350e+00  1.678695e+00  2.360230e-02  2.808666e-07 
[1] "Now starting analysis"
[1] "Starting with initial values"
        mu   sigma.sq 
1.47639758 0.02044586 
       step   negloglik          mu    sigma.sq 
 1.00000000 -6.58630780  1.74938335  0.02350968 
       step   negloglik          mu    sigma.sq 
 2.00000000 -6.58630780  1.74938335  0.02350968 
       step   negloglik          mu    sigma.sq 
 3.00000000 -6.58630780  1.74938335  0.02350968 
