[1] "args"
[1] "66"  "394"
[1] "Now starting analysis"
[1] "Starting with initial values"
        mu   sigma.sq         SE         bt         vh 
2.46107142 0.07020887 0.03510444 1.00000000 0.03510444 
         step     negloglik            mu      sigma.sq            SE 
 1.000000e+00 -9.002650e-01  8.577494e-01  8.494096e-03  1.778799e-06 
           bt            vh 
 6.194188e+00  2.862575e+00 
[1] "New improvement found, resetting step counter"
         step     negloglik            mu      sigma.sq            SE 
 2.000000e+00 -4.118055e+00  8.415201e-01  8.493266e-03  2.784741e-09 
           bt            vh 
 3.062193e+00  4.693430e-01 
[1] "New improvement found, resetting step counter"
         step     negloglik            mu      sigma.sq            SE 
 3.000000e+00 -4.173010e+00  7.884211e-01  9.091965e-03  3.728577e-08 
           bt            vh 
 3.124369e+00  4.490261e-01 
         step     negloglik            mu      sigma.sq            SE 
 4.000000e+00 -4.173010e+00  7.884211e-01  9.091965e-03  3.728577e-08 
           bt            vh 
 3.124369e+00  4.490261e-01 
[1] "New improvement found, resetting step counter"
         step     negloglik            mu      sigma.sq            SE 
 5.000000e+00 -4.638242e+00  2.875938e-01  8.084933e-03  1.496331e-07 
           bt            vh 
 3.393816e+00  3.988158e-01 
         step     negloglik            mu      sigma.sq            SE 
 6.000000e+00 -4.638242e+00  2.875938e-01  8.084933e-03  1.496331e-07 
           bt            vh 
 3.393816e+00  3.988158e-01 
         step     negloglik            mu      sigma.sq            SE 
 7.000000e+00 -4.638242e+00  2.875938e-01  8.084933e-03  1.496331e-07 
           bt            vh 
 3.393816e+00  3.988158e-01 
[1] "Now starting analysis"
[1] "Starting with initial values"
        mu   sigma.sq         bt         vh 
2.46107142 0.07020887 1.00000000 0.03510444 
        step    negloglik           mu     sigma.sq           bt           vh 
 1.000000000 -4.602765459  0.261490039  0.007621179  3.374065827  0.422861152 
[1] "New improvement found, resetting step counter"
        step    negloglik           mu     sigma.sq           bt           vh 
 2.000000000 -4.640874733  0.272264859  0.008299699  3.448677448  0.429971551 
[1] "New improvement found, but slight; taking the best value, but not resetting the step counter"
        step    negloglik           mu     sigma.sq           bt           vh 
 3.000000000 -4.641945390  0.288166972  0.008159254  3.418809015  0.407113915 
[1] "New improvement found, but slight; taking the best value, but not resetting the step counter"
        step    negloglik           mu     sigma.sq           bt           vh 
 4.000000000 -4.642256378  0.274886430  0.008186592  3.442525515  0.405892594 
[1] "Now starting analysis"
[1] "Starting with initial values"
        mu   sigma.sq         SE         vh 
2.46107142 0.07020887 0.03510444 0.03510444 
        step    negloglik           mu     sigma.sq           SE           vh 
1.000000e+00 6.854968e+00 2.875391e+00 1.314812e-02 7.181483e-05 7.205093e-01 
[1] "New improvement found, resetting step counter"
        step    negloglik           mu     sigma.sq           SE           vh 
2.000000e+00 1.107000e+00 6.717568e-01 1.345937e-02 4.411837e-07 2.079193e+00 
[1] "New improvement found, resetting step counter"
        step    negloglik           mu     sigma.sq           SE           vh 
3.000000e+00 9.952975e-01 6.327800e-01 1.313083e-02 1.364849e-06 2.209914e+00 
[1] "New improvement found, resetting step counter"
        step    negloglik           mu     sigma.sq           SE           vh 
4.000000e+00 9.507776e-01 6.813883e-01 1.300892e-02 4.363382e-07 2.221788e+00 
[1] "New improvement found, resetting step counter"
        step    negloglik           mu     sigma.sq           SE           vh 
5.000000e+00 5.725354e-01 8.382205e-01 1.172396e-02 1.213914e-07 2.094670e+00 
[1] "New improvement found, resetting step counter"
         step     negloglik            mu      sigma.sq            SE 
 6.000000e+00 -1.483156e-01  5.942855e-01  8.006790e-03  1.214419e-07 
           vh 
 2.419987e+00 
         step     negloglik            mu      sigma.sq            SE 
 7.000000e+00 -1.483156e-01  5.942855e-01  8.006790e-03  1.214419e-07 
           vh 
 2.419987e+00 
         step     negloglik            mu      sigma.sq            SE 
 8.000000e+00 -1.483156e-01  5.942855e-01  8.006790e-03  1.214419e-07 
           vh 
 2.419987e+00 
[1] "Now starting analysis"
[1] "Starting with initial values"
        mu   sigma.sq         vh 
2.46107142 0.07020887 0.03510444 
       step   negloglik          mu    sigma.sq          vh 
1.000000000 0.246025433 0.672518143 0.008252432 3.931850445 
[1] "New improvement found, resetting step counter"
        step    negloglik           mu     sigma.sq           vh 
 2.000000000 -0.160098330  0.552321975  0.008134863  2.272199119 
[1] "New improvement found, but slight; taking the best value, but not resetting the step counter"
        step    negloglik           mu     sigma.sq           vh 
 3.000000000 -0.160221734  0.560680070  0.008170796  2.263405759 
        step    negloglik           mu     sigma.sq           vh 
 4.000000000 -0.160221734  0.560680070  0.008170796  2.263405759 
[1] "Now starting analysis"
[1] "Starting with initial values"
        mu   sigma.sq         SE         bt 
2.46107142 0.07020887 0.03510444 1.00000000 
        step    negloglik           mu     sigma.sq           SE           bt 
1.000000e+00 3.238852e+00 2.070991e-01 2.435169e-02 3.551697e-07 3.564602e+00 
[1] "New improvement found, resetting step counter"
         step     negloglik            mu      sigma.sq            SE 
 2.000000e+00  3.062402e+00 -1.651633e-01  2.435223e-02  2.317413e-07 
           bt 
 3.590477e+00 
[1] "New improvement found, resetting step counter"
         step     negloglik            mu      sigma.sq            SE 
 3.000000e+00  3.030704e+00 -1.479625e-01  2.400101e-02  2.766029e-06 
           bt 
 3.568005e+00 
[1] "New improvement found, resetting step counter"
         step     negloglik            mu      sigma.sq            SE 
 4.000000e+00  2.939112e+00 -1.658023e-01  2.307550e-02  2.614327e-07 
           bt 
 3.596372e+00 
         step     negloglik            mu      sigma.sq            SE 
 5.000000e+00  2.939112e+00 -1.658023e-01  2.307550e-02  2.614327e-07 
           bt 
 3.596372e+00 
         step     negloglik            mu      sigma.sq            SE 
 6.000000e+00  2.939112e+00 -1.658023e-01  2.307550e-02  2.614327e-07 
           bt 
 3.596372e+00 
[1] "Now starting analysis"
[1] "Starting with initial values"
        mu   sigma.sq         bt 
2.46107142 0.07020887 1.00000000 
       step   negloglik          mu    sigma.sq          bt 
 1.00000000  2.80159038 -0.22494673  0.02000041  3.63529498 
[1] "New improvement found, but slight; taking the best value, but not resetting the step counter"
       step   negloglik          mu    sigma.sq          bt 
 2.00000000  2.80025714 -0.18345903  0.02002722  3.61477439 
