[1] "args"
[1] "66"  "921"
[1] "Now starting analysis"
[1] "Starting with initial values"
        mu   sigma.sq         SE         bt         vh 
2.55274242 0.19698451 0.09849226 1.00000000 0.09849226 
       step   negloglik          mu    sigma.sq          SE          bt 
 1.00000000 58.13956552  1.34437314  0.01548881  0.08129535  1.81465055 
         vh 
 0.00422143 
[1] "New improvement found, resetting step counter"
        step    negloglik           mu     sigma.sq           SE           bt 
 2.000000000 57.023784468  0.886862034  0.014454567  0.084743217  3.130490568 
          vh 
 0.003696742 
[1] "New improvement found, resetting step counter"
        step    negloglik           mu     sigma.sq           SE           bt 
3.000000e+00 5.695171e+01 1.097034e+00 1.356215e-02 8.186502e-02 2.672693e+00 
          vh 
8.785963e-05 
[1] "New improvement found, resetting step counter"
        step    negloglik           mu     sigma.sq           SE           bt 
4.000000e+00 5.691148e+01 1.069987e+00 1.258358e-02 8.441765e-02 2.741070e+00 
          vh 
8.687302e-04 
        step    negloglik           mu     sigma.sq           SE           bt 
5.000000e+00 5.691148e+01 1.069987e+00 1.258358e-02 8.441765e-02 2.741070e+00 
          vh 
8.687302e-04 
        step    negloglik           mu     sigma.sq           SE           bt 
6.000000e+00 5.691148e+01 1.069987e+00 1.258358e-02 8.441765e-02 2.741070e+00 
          vh 
8.687302e-04 
[1] "Now starting analysis"
[1] "Starting with initial values"
        mu   sigma.sq         bt         vh 
2.55274242 0.19698451 1.00000000 0.09849226 
       step   negloglik          mu    sigma.sq          bt          vh 
  1.0000000 120.4396455   1.3999789   0.2019474   2.6934570   0.1376517 
       step   negloglik          mu    sigma.sq          bt          vh 
  2.0000000 120.4396455   1.3999789   0.2019474   2.6934570   0.1376517 
       step   negloglik          mu    sigma.sq          bt          vh 
  3.0000000 120.4396455   1.3999789   0.2019474   2.6934570   0.1376517 
[1] "Now starting analysis"
[1] "Starting with initial values"
        mu   sigma.sq         SE         vh 
2.55274242 0.19698451 0.09849226 0.09849226 
       step   negloglik          mu    sigma.sq          SE          vh 
 1.00000000 60.59003641  2.49980071  0.01407139  0.08229107  0.46110108 
       step   negloglik          mu    sigma.sq          SE          vh 
 2.00000000 60.59003641  2.49980071  0.01407139  0.08229107  0.46110108 
       step   negloglik          mu    sigma.sq          SE          vh 
 3.00000000 60.59003641  2.49980071  0.01407139  0.08229107  0.46110108 
[1] "Now starting analysis"
[1] "Starting with initial values"
        mu   sigma.sq         vh 
2.55274242 0.19698451 0.09849226 
        step    negloglik           mu     sigma.sq           vh 
  1.00000000 120.83379740   2.55274242   0.19698451   0.09849226 
        step    negloglik           mu     sigma.sq           vh 
  2.00000000 120.83379740   2.55274242   0.19698451   0.09849226 
        step    negloglik           mu     sigma.sq           vh 
  3.00000000 120.83379740   2.55274242   0.19698451   0.09849226 
[1] "Now starting analysis"
[1] "Starting with initial values"
        mu   sigma.sq         SE         bt 
2.55274242 0.19698451 0.09849226 1.00000000 
       step   negloglik          mu    sigma.sq          SE          bt 
 1.00000000 58.97209263  2.42925246  0.01551428  0.07965387  1.78992298 
[1] "New improvement found, resetting step counter"
      step  negloglik         mu   sigma.sq         SE         bt 
 2.0000000 56.9048123  0.9894738  0.0126364  0.0885016  2.9387179 
      step  negloglik         mu   sigma.sq         SE         bt 
 3.0000000 56.9048123  0.9894738  0.0126364  0.0885016  2.9387179 
      step  negloglik         mu   sigma.sq         SE         bt 
 4.0000000 56.9048123  0.9894738  0.0126364  0.0885016  2.9387179 
[1] "Now starting analysis"
[1] "Starting with initial values"
       mu  sigma.sq        bt 
2.5527424 0.1969845 1.0000000 
       step   negloglik          mu    sigma.sq          bt 
  1.0000000 120.3941810   1.7900056   0.1908784   2.3298816 
       step   negloglik          mu    sigma.sq          bt 
  2.0000000 120.3941810   1.7900056   0.1908784   2.3298816 
[1] "New improvement found, but slight; taking the best value, but not resetting the step counter"
       step   negloglik          mu    sigma.sq          bt 
  3.0000000 120.3909719   1.7281739   0.2026703   2.5360511 
[1] "Now starting analysis"
[1] "Starting with initial values"
        mu   sigma.sq         SE 
2.55274242 0.19698451 0.09849226 
       step   negloglik          mu    sigma.sq          SE 
 1.00000000 61.64455132  2.08429216  0.01644336  0.08864611 
[1] "New improvement found, resetting step counter"
       step   negloglik          mu    sigma.sq          SE 
 2.00000000 61.41245570  2.39710336  0.01626177  0.08849295 
[1] "New improvement found, resetting step counter"
       step   negloglik          mu    sigma.sq          SE 
 3.00000000 61.38212094  2.43206206  0.01679258  0.08499796 
       step   negloglik          mu    sigma.sq          SE 
 4.00000000 61.38212094  2.43206206  0.01679258  0.08499796 
       step   negloglik          mu    sigma.sq          SE 
 5.00000000 61.38212094  2.43206206  0.01679258  0.08499796 
[1] "Now starting analysis"
[1] "Starting with initial values"
       mu  sigma.sq 
2.5527424 0.1969845 
       step   negloglik          mu    sigma.sq 
  1.0000000 120.7826745   2.5527424   0.1969845 
       step   negloglik          mu    sigma.sq 
  2.0000000 120.7826745   2.5527424   0.1969845 
       step   negloglik          mu    sigma.sq 
  3.0000000 120.7826745   2.5527424   0.1969845 
