000 (066.764.000) 07/26 17:14:46 Job submitted from host: <160.36.155.106:9618?addrs=160.36.155.106-9618&noUDP&sock=27742_4872_4>
...
012 (066.764.000) 08/03 14:16:39 Job was held.
	via condor_hold (by user bomeara)
	Code 1 Subcode 0
...
013 (066.764.000) 08/05 22:27:25 Job was released.
	via condor_release (by user bomeara)
...
012 (066.764.000) 08/09 10:35:21 Job was held.
	via condor_hold (by user bomeara)
	Code 1 Subcode 0
...
013 (066.764.000) 08/09 13:04:44 Job was released.
	via condor_release (by user bomeara)
...
001 (066.764.000) 08/10 23:52:17 Job executing on host: <10.129.213.175:9618?addrs=10.129.213.175-9618&noUDP&sock=2691_6172_4>
...
006 (066.764.000) 08/10 23:52:26 Image size of job updated: 221656
	217  -  MemoryUsage of job (MB)
	221656  -  ResidentSetSize of job (KB)
...
006 (066.764.000) 08/10 23:57:27 Image size of job updated: 225748
	221  -  MemoryUsage of job (MB)
	225748  -  ResidentSetSize of job (KB)
...
005 (066.764.000) 08/11 10:59:57 Job terminated.
	(1) Normal termination (return value 1)
		Usr 0 11:07:26, Sys 0 00:00:01  -  Run Remote Usage
		Usr 0 00:00:00, Sys 0 00:00:00  -  Run Local Usage
		Usr 0 11:07:26, Sys 0 00:00:01  -  Total Remote Usage
		Usr 0 00:00:00, Sys 0 00:00:00  -  Total Local Usage
	1804  -  Run Bytes Sent By Job
	2422  -  Run Bytes Received By Job
	1804  -  Total Bytes Sent By Job
	2422  -  Total Bytes Received By Job
	Partitionable Resources :    Usage  Request Allocated 
	   Cpus                 :     1.00        1         1 
	   Disk (KB)            :    20           4   1811513 
	   Memory (MB)          :   221           1       128 
...
