000 (066.984.000) 07/26 17:14:46 Job submitted from host: <160.36.155.106:9618?addrs=160.36.155.106-9618&noUDP&sock=27742_4872_4>
...
012 (066.984.000) 08/03 14:16:50 Job was held.
	via condor_hold (by user bomeara)
	Code 1 Subcode 0
...
013 (066.984.000) 08/05 22:27:36 Job was released.
	via condor_release (by user bomeara)
...
012 (066.984.000) 08/09 10:35:36 Job was held.
	via condor_hold (by user bomeara)
	Code 1 Subcode 0
...
013 (066.984.000) 08/09 13:04:55 Job was released.
	via condor_release (by user bomeara)
...
001 (066.984.000) 08/19 07:36:01 Job executing on host: <10.128.147.77:9618?addrs=10.128.147.77-9618&noUDP&sock=69960_51c7_4>
...
006 (066.984.000) 08/19 07:36:10 Image size of job updated: 233112
	228  -  MemoryUsage of job (MB)
	233112  -  ResidentSetSize of job (KB)
...
005 (066.984.000) 08/19 08:17:43 Job terminated.
	(1) Normal termination (return value 0)
		Usr 0 00:41:38, Sys 0 00:00:00  -  Run Remote Usage
		Usr 0 00:00:00, Sys 0 00:00:00  -  Run Local Usage
		Usr 0 00:41:38, Sys 0 00:00:00  -  Total Remote Usage
		Usr 0 00:00:00, Sys 0 00:00:00  -  Total Local Usage
	28083  -  Run Bytes Sent By Job
	2422  -  Run Bytes Received By Job
	28083  -  Total Bytes Sent By Job
	2422  -  Total Bytes Received By Job
	Partitionable Resources :    Usage  Request Allocated 
	   Cpus                 :     1.00        1         1 
	   Disk (KB)            :    45           4    888417 
	   Memory (MB)          :   228           1       128 
...
