000 (066.1339.000) 07/26 17:14:46 Job submitted from host: <160.36.155.106:9618?addrs=160.36.155.106-9618&noUDP&sock=27742_4872_4>
...
012 (066.1339.000) 08/03 14:17:08 Job was held.
	via condor_hold (by user bomeara)
	Code 1 Subcode 0
...
013 (066.1339.000) 08/05 22:27:55 Job was released.
	via condor_release (by user bomeara)
...
012 (066.1339.000) 08/09 10:36:00 Job was held.
	via condor_hold (by user bomeara)
	Code 1 Subcode 0
...
013 (066.1339.000) 08/09 13:05:13 Job was released.
	via condor_release (by user bomeara)
...
001 (066.1339.000) 09/03 09:49:07 Job executing on host: <10.129.169.104:9618?addrs=10.129.169.104-9618&noUDP&sock=2319_3837_4>
...
006 (066.1339.000) 09/03 09:49:15 Image size of job updated: 233972
	229  -  MemoryUsage of job (MB)
	233972  -  ResidentSetSize of job (KB)
...
006 (066.1339.000) 09/03 09:54:15 Image size of job updated: 247340
	242  -  MemoryUsage of job (MB)
	247340  -  ResidentSetSize of job (KB)
...
006 (066.1339.000) 09/03 11:44:26 Image size of job updated: 249932
	245  -  MemoryUsage of job (MB)
	249932  -  ResidentSetSize of job (KB)
...
006 (066.1339.000) 09/03 14:29:44 Image size of job updated: 249964
	245  -  MemoryUsage of job (MB)
	249964  -  ResidentSetSize of job (KB)
...
005 (066.1339.000) 09/03 15:15:19 Job terminated.
	(1) Normal termination (return value 0)
		Usr 0 05:25:34, Sys 0 00:00:04  -  Run Remote Usage
		Usr 0 00:00:00, Sys 0 00:00:00  -  Run Local Usage
		Usr 0 05:25:34, Sys 0 00:00:04  -  Total Remote Usage
		Usr 0 00:00:00, Sys 0 00:00:00  -  Total Local Usage
	31892  -  Run Bytes Sent By Job
	2422  -  Run Bytes Received By Job
	31892  -  Total Bytes Sent By Job
	2422  -  Total Bytes Received By Job
	Partitionable Resources :    Usage  Request Allocated 
	   Cpus                 :     1.00        1         1 
	   Disk (KB)            :    49           4    206228 
	   Memory (MB)          :   245           1       128 
...
