[1] "args"
[1] "66"   "1699"
[1] "Now starting analysis"
[1] "Starting with initial values"
       mu  sigma.sq        SE        bt        vh 
0.8951327 0.2499928 0.1249964 1.0000000 0.1249964 
       step   negloglik          mu    sigma.sq          SE          bt 
 1.00000000 57.99800783  0.98294602  0.01268958  0.07324950  1.05943728 
         vh 
 0.18092686 
[1] "New improvement found, resetting step counter"
        step    negloglik           mu     sigma.sq           SE           bt 
 2.000000000 57.475442640  1.030105817  0.012973236  0.077795335  0.529903854 
          vh 
 0.003866092 
[1] "New improvement found, resetting step counter"
       step   negloglik          mu    sigma.sq          SE          bt 
 3.00000000 57.46351157  1.04190182  0.01291388  0.07878837  0.70286923 
         vh 
 0.01827178 
       step   negloglik          mu    sigma.sq          SE          bt 
 4.00000000 57.46351157  1.04190182  0.01291388  0.07878837  0.70286923 
         vh 
 0.01827178 
       step   negloglik          mu    sigma.sq          SE          bt 
 5.00000000 57.46351157  1.04190182  0.01291388  0.07878837  0.70286923 
         vh 
 0.01827178 
[1] "Now starting analysis"
[1] "Starting with initial values"
       mu  sigma.sq        bt        vh 
0.8951327 0.2499928 1.0000000 0.1249964 
       step   negloglik          mu    sigma.sq          bt          vh 
  1.0000000 134.3972602   0.8951327   0.2499928   1.0000000   0.1249964 
       step   negloglik          mu    sigma.sq          bt          vh 
  2.0000000 134.3972602   0.8951327   0.2499928   1.0000000   0.1249964 
       step   negloglik          mu    sigma.sq          bt          vh 
  3.0000000 134.3972602   0.8951327   0.2499928   1.0000000   0.1249964 
[1] "Now starting analysis"
[1] "Starting with initial values"
       mu  sigma.sq        SE        vh 
0.8951327 0.2499928 0.1249964 0.1249964 
       step   negloglik          mu    sigma.sq          SE          vh 
 1.00000000 57.98483617  0.97119160  0.01197980  0.07432173  0.23180196 
[1] "New improvement found, resetting step counter"
       step   negloglik          mu    sigma.sq          SE          vh 
 2.00000000 57.95356972  0.95030220  0.01247749  0.07427528  0.24505602 
       step   negloglik          mu    sigma.sq          SE          vh 
 3.00000000 57.95356972  0.95030220  0.01247749  0.07427528  0.24505602 
       step   negloglik          mu    sigma.sq          SE          vh 
 4.00000000 57.95356972  0.95030220  0.01247749  0.07427528  0.24505602 
[1] "Now starting analysis"
[1] "Starting with initial values"
       mu  sigma.sq        vh 
0.8951327 0.2499928 0.1249964 
       step   negloglik          mu    sigma.sq          vh 
  1.0000000 134.3972602   0.8951327   0.2499928   0.1249964 
       step   negloglik          mu    sigma.sq          vh 
  2.0000000 134.3972602   0.8951327   0.2499928   0.1249964 
       step   negloglik          mu    sigma.sq          vh 
  3.0000000 134.3972602   0.8951327   0.2499928   0.1249964 
[1] "Now starting analysis"
[1] "Starting with initial values"
       mu  sigma.sq        SE        bt 
0.8951327 0.2499928 0.1249964 1.0000000 
       step   negloglik          mu    sigma.sq          SE          bt 
 1.00000000 57.93514240  0.93978140  0.01285666  0.08038528  1.06407801 
[1] "New improvement found, resetting step counter"
       step   negloglik          mu    sigma.sq          SE          bt 
 2.00000000 57.43320870  0.97839784  0.01411935  0.07460330  0.63850144 
[1] "New improvement found, resetting step counter"
       step   negloglik          mu    sigma.sq          SE          bt 
 3.00000000 57.36617679  0.99000040  0.01281170  0.07683693  0.61988502 
       step   negloglik          mu    sigma.sq          SE          bt 
 4.00000000 57.36617679  0.99000040  0.01281170  0.07683693  0.61988502 
       step   negloglik          mu    sigma.sq          SE          bt 
 5.00000000 57.36617679  0.99000040  0.01281170  0.07683693  0.61988502 
[1] "Now starting analysis"
[1] "Starting with initial values"
       mu  sigma.sq        bt 
0.8951327 0.2499928 1.0000000 
       step   negloglik          mu    sigma.sq          bt 
  1.0000000 134.3816681   0.8951327   0.2499928   1.0000000 
       step   negloglik          mu    sigma.sq          bt 
  2.0000000 134.3816681   0.8951327   0.2499928   1.0000000 
       step   negloglik          mu    sigma.sq          bt 
  3.0000000 134.3816681   0.8951327   0.2499928   1.0000000 
[1] "Now starting analysis"
[1] "Starting with initial values"
       mu  sigma.sq        SE 
0.8951327 0.2499928 0.1249964 
       step   negloglik          mu    sigma.sq          SE 
 1.00000000 57.84463569  1.01478765  0.01305918  0.07323108 
[1] "New improvement found, resetting step counter"
       step   negloglik          mu    sigma.sq          SE 
 2.00000000 57.80348990  0.96360925  0.01286893  0.07429936 
[1] "New improvement found, resetting step counter"
       step   negloglik          mu    sigma.sq          SE 
 3.00000000 57.77943117  0.89253608  0.01263665  0.07616538 
       step   negloglik          mu    sigma.sq          SE 
 4.00000000 57.77943117  0.89253608  0.01263665  0.07616538 
       step   negloglik          mu    sigma.sq          SE 
 5.00000000 57.77943117  0.89253608  0.01263665  0.07616538 
[1] "Now starting analysis"
[1] "Starting with initial values"
       mu  sigma.sq 
0.8951327 0.2499928 
       step   negloglik          mu    sigma.sq 
  1.0000000 134.3816681   0.8951327   0.2499928 
       step   negloglik          mu    sigma.sq 
  2.0000000 134.3816681   0.8951327   0.2499928 
       step   negloglik          mu    sigma.sq 
  3.0000000 134.3816681   0.8951327   0.2499928 
