000 (066.1037.000) 07/26 17:14:46 Job submitted from host: <160.36.155.106:9618?addrs=160.36.155.106-9618&noUDP&sock=27742_4872_4>
...
012 (066.1037.000) 08/03 14:16:53 Job was held.
	via condor_hold (by user bomeara)
	Code 1 Subcode 0
...
013 (066.1037.000) 08/05 22:27:39 Job was released.
	via condor_release (by user bomeara)
...
012 (066.1037.000) 08/09 10:35:40 Job was held.
	via condor_hold (by user bomeara)
	Code 1 Subcode 0
...
013 (066.1037.000) 08/09 13:04:58 Job was released.
	via condor_release (by user bomeara)
...
001 (066.1037.000) 08/20 16:58:23 Job executing on host: <10.130.107.8:9618?addrs=10.130.107.8-9618&noUDP&sock=69199_5635_4>
...
006 (066.1037.000) 08/20 16:58:32 Image size of job updated: 243852
	239  -  MemoryUsage of job (MB)
	243852  -  ResidentSetSize of job (KB)
...
006 (066.1037.000) 08/20 17:23:35 Image size of job updated: 245832
	241  -  MemoryUsage of job (MB)
	245832  -  ResidentSetSize of job (KB)
...
006 (066.1037.000) 08/20 18:08:39 Image size of job updated: 245848
	241  -  MemoryUsage of job (MB)
	245848  -  ResidentSetSize of job (KB)
...
005 (066.1037.000) 08/24 01:19:24 Job terminated.
	(1) Normal termination (return value 1)
		Usr 3 08:13:11, Sys 0 00:00:37  -  Run Remote Usage
		Usr 0 00:00:00, Sys 0 00:00:00  -  Run Local Usage
		Usr 3 08:13:11, Sys 0 00:00:37  -  Total Remote Usage
		Usr 0 00:00:00, Sys 0 00:00:00  -  Total Local Usage
	3515  -  Run Bytes Sent By Job
	2422  -  Run Bytes Received By Job
	3515  -  Total Bytes Sent By Job
	2422  -  Total Bytes Received By Job
	Partitionable Resources :    Usage  Request Allocated 
	   Cpus                 :     1.00        1         1 
	   Disk (KB)            :    21           4    888358 
	   Memory (MB)          :   241           1       128 
...
