000 (066.1643.000) 07/26 17:14:46 Job submitted from host: <160.36.155.106:9618?addrs=160.36.155.106-9618&noUDP&sock=27742_4872_4>
...
012 (066.1643.000) 08/03 14:17:23 Job was held.
	via condor_hold (by user bomeara)
	Code 1 Subcode 0
...
013 (066.1643.000) 08/05 22:28:10 Job was released.
	via condor_release (by user bomeara)
...
012 (066.1643.000) 08/09 10:36:20 Job was held.
	via condor_hold (by user bomeara)
	Code 1 Subcode 0
...
013 (066.1643.000) 08/09 13:05:29 Job was released.
	via condor_release (by user bomeara)
...
012 (066.1643.000) 09/23 13:38:12 Job was held.
	via condor_hold (by user bomeara)
	Code 1 Subcode 0
...
013 (066.1643.000) 09/24 14:50:03 Job was released.
	via condor_release (by user bomeara)
...
001 (066.1643.000) 09/26 16:51:07 Job executing on host: <10.129.199.164:9618?addrs=10.129.199.164-9618&noUDP&sock=2250_e42e_4>
...
006 (066.1643.000) 09/26 16:51:16 Image size of job updated: 243116
	238  -  MemoryUsage of job (MB)
	243116  -  ResidentSetSize of job (KB)
...
006 (066.1643.000) 09/26 19:16:31 Image size of job updated: 246200
	241  -  MemoryUsage of job (MB)
	246200  -  ResidentSetSize of job (KB)
...
006 (066.1643.000) 09/27 00:06:58 Image size of job updated: 246212
	241  -  MemoryUsage of job (MB)
	246212  -  ResidentSetSize of job (KB)
...
022 (066.1643.000) 10/04 13:16:49 Job disconnected, attempting to reconnect
    Socket between submit and execute hosts closed unexpectedly
    Trying to reconnect to slot1_15@omearaclusteri <10.129.199.164:9618?addrs=10.129.199.164-9618&noUDP&sock=2250_e42e_4>
...
024 (066.1643.000) 10/04 13:56:49 Job reconnection failed
    Job disconnected too long: JobLeaseDuration (2400 seconds) expired
    Can not reconnect to slot1_15@omearaclusteri, rescheduling job
...
001 (066.1643.000) 10/05 21:26:27 Job executing on host: <10.130.122.65:9618?addrs=10.130.122.65-9618&noUDP&sock=2405_355c_4>
...
006 (066.1643.000) 10/12 05:55:09 Image size of job updated: 455456
	245  -  MemoryUsage of job (MB)
	250000  -  ResidentSetSize of job (KB)
...
005 (066.1643.000) 10/12 05:55:09 Job terminated.
	(1) Normal termination (return value 0)
		Usr 6 08:20:51, Sys 0 00:01:32  -  Run Remote Usage
		Usr 0 00:00:00, Sys 0 00:00:00  -  Run Local Usage
		Usr 6 08:20:51, Sys 0 00:01:32  -  Total Remote Usage
		Usr 0 00:00:00, Sys 0 00:00:00  -  Total Local Usage
	33071  -  Run Bytes Sent By Job
	2422  -  Run Bytes Received By Job
	33071  -  Total Bytes Sent By Job
	4844  -  Total Bytes Received By Job
	Partitionable Resources :    Usage  Request Allocated 
	   Cpus                 :     1.00        1         1 
	   Disk (KB)            :    51          75    892237 
	   Memory (MB)          :   245         245       256 
...
