000 (066.050.000) 07/26 17:14:45 Job submitted from host: <160.36.155.106:9618?addrs=160.36.155.106-9618&noUDP&sock=27742_4872_4>
...
001 (066.050.000) 07/26 17:14:50 Job executing on host: <10.128.106.188:9618?addrs=10.128.106.188-9618&noUDP&sock=2127_8608_4>
...
006 (066.050.000) 07/26 17:14:58 Image size of job updated: 225384
	220  -  MemoryUsage of job (MB)
	225256  -  ResidentSetSize of job (KB)
...
006 (066.050.000) 07/26 17:19:58 Image size of job updated: 235688
	231  -  MemoryUsage of job (MB)
	235560  -  ResidentSetSize of job (KB)
...
006 (066.050.000) 07/26 18:55:09 Image size of job updated: 238664
	233  -  MemoryUsage of job (MB)
	238536  -  ResidentSetSize of job (KB)
...
006 (066.050.000) 07/26 19:25:12 Image size of job updated: 240264
	235  -  MemoryUsage of job (MB)
	240136  -  ResidentSetSize of job (KB)
...
006 (066.050.000) 07/26 19:44:17 Image size of job updated: 446616
	235  -  MemoryUsage of job (MB)
	240136  -  ResidentSetSize of job (KB)
...
005 (066.050.000) 07/26 19:44:17 Job terminated.
	(1) Normal termination (return value 0)
		Usr 0 02:29:05, Sys 0 00:00:03  -  Run Remote Usage
		Usr 0 00:00:00, Sys 0 00:00:00  -  Run Local Usage
		Usr 0 02:29:05, Sys 0 00:00:03  -  Total Remote Usage
		Usr 0 00:00:00, Sys 0 00:00:00  -  Total Local Usage
	28183  -  Run Bytes Sent By Job
	2422  -  Run Bytes Received By Job
	28183  -  Total Bytes Sent By Job
	2422  -  Total Bytes Received By Job
	Partitionable Resources :    Usage  Request Allocated 
	   Cpus                 :     0.99        1         1 
	   Disk (KB)            :    45           4    892170 
	   Memory (MB)          :   235           1       128 
...
