000 (066.1448.000) 07/26 17:14:46 Job submitted from host: <160.36.155.106:9618?addrs=160.36.155.106-9618&noUDP&sock=27742_4872_4>
...
012 (066.1448.000) 08/03 14:17:13 Job was held.
	via condor_hold (by user bomeara)
	Code 1 Subcode 0
...
013 (066.1448.000) 08/05 22:28:00 Job was released.
	via condor_release (by user bomeara)
...
012 (066.1448.000) 08/09 10:36:07 Job was held.
	via condor_hold (by user bomeara)
	Code 1 Subcode 0
...
013 (066.1448.000) 08/09 13:05:18 Job was released.
	via condor_release (by user bomeara)
...
001 (066.1448.000) 09/13 07:02:05 Job executing on host: <10.128.121.58:9618?addrs=10.128.121.58-9618&noUDP&sock=2350_7ba6_4>
...
006 (066.1448.000) 09/13 07:02:13 Image size of job updated: 220648
	216  -  MemoryUsage of job (MB)
	220648  -  ResidentSetSize of job (KB)
...
006 (066.1448.000) 09/13 07:07:13 Image size of job updated: 225912
	221  -  MemoryUsage of job (MB)
	225912  -  ResidentSetSize of job (KB)
...
006 (066.1448.000) 09/13 11:07:36 Image size of job updated: 227692
	223  -  MemoryUsage of job (MB)
	227692  -  ResidentSetSize of job (KB)
...
005 (066.1448.000) 09/13 15:29:17 Job terminated.
	(1) Normal termination (return value 0)
		Usr 0 08:26:22, Sys 0 00:00:05  -  Run Remote Usage
		Usr 0 00:00:00, Sys 0 00:00:00  -  Run Local Usage
		Usr 0 08:26:22, Sys 0 00:00:05  -  Total Remote Usage
		Usr 0 00:00:00, Sys 0 00:00:00  -  Total Local Usage
	29269  -  Run Bytes Sent By Job
	2422  -  Run Bytes Received By Job
	29269  -  Total Bytes Sent By Job
	2422  -  Total Bytes Received By Job
	Partitionable Resources :    Usage  Request Allocated 
	   Cpus                 :     0.99        1         1 
	   Disk (KB)            :    47           4    888331 
	   Memory (MB)          :   223           1       128 
...
