000 (066.496.000) 07/26 17:14:46 Job submitted from host: <160.36.155.106:9618?addrs=160.36.155.106-9618&noUDP&sock=27742_4872_4>
...
022 (066.496.000) 08/01 10:56:23 Job disconnected, attempting to reconnect
    Local schedd and job shadow died, schedd now running again
    Trying to reconnect to slot1_6@omearaclusterh <10.128.213.253:9618?addrs=10.128.213.253-9618&noUDP&sock=68980_1ef7_4>
...
024 (066.496.000) 08/01 11:21:38 Job reconnection failed
    Job disconnected too long: JobLeaseDuration (2400 seconds) expired
    Can not reconnect to slot1_6@omearaclusterh, rescheduling job
...
001 (066.496.000) 08/01 16:52:23 Job executing on host: <10.130.28.84:9618?addrs=10.130.28.84-9618&noUDP&sock=69176_8f87_4>
...
006 (066.496.000) 08/01 16:52:32 Image size of job updated: 220360
	216  -  MemoryUsage of job (MB)
	220360  -  ResidentSetSize of job (KB)
...
006 (066.496.000) 08/01 16:57:32 Image size of job updated: 228156
	223  -  MemoryUsage of job (MB)
	228156  -  ResidentSetSize of job (KB)
...
006 (066.496.000) 08/01 17:02:32 Image size of job updated: 228168
	223  -  MemoryUsage of job (MB)
	228168  -  ResidentSetSize of job (KB)
...
006 (066.496.000) 08/02 03:58:39 Image size of job updated: 230012
	225  -  MemoryUsage of job (MB)
	230012  -  ResidentSetSize of job (KB)
...
005 (066.496.000) 08/03 04:02:48 Job terminated.
	(1) Normal termination (return value 0)
		Usr 1 11:06:57, Sys 0 00:00:17  -  Run Remote Usage
		Usr 0 00:00:00, Sys 0 00:00:00  -  Run Local Usage
		Usr 1 11:06:57, Sys 0 00:00:17  -  Total Remote Usage
		Usr 0 00:00:00, Sys 0 00:00:00  -  Total Local Usage
	28926  -  Run Bytes Sent By Job
	2422  -  Run Bytes Received By Job
	28926  -  Total Bytes Sent By Job
	2422  -  Total Bytes Received By Job
	Partitionable Resources :    Usage  Request Allocated 
	   Cpus                 :     1.00        1         1 
	   Disk (KB)            :    46           4    891527 
	   Memory (MB)          :   225           1       128 
...
