000 (066.116.000) 07/26 17:14:45 Job submitted from host: <160.36.155.106:9618?addrs=160.36.155.106-9618&noUDP&sock=27742_4872_4>
...
001 (066.116.000) 07/26 17:14:54 Job executing on host: <10.128.213.253:9618?addrs=10.128.213.253-9618&noUDP&sock=68980_1ef7_4>
...
006 (066.116.000) 07/26 17:15:02 Image size of job updated: 220676
	216  -  MemoryUsage of job (MB)
	220640  -  ResidentSetSize of job (KB)
...
006 (066.116.000) 07/26 17:20:02 Image size of job updated: 225684
	221  -  MemoryUsage of job (MB)
	225648  -  ResidentSetSize of job (KB)
...
006 (066.116.000) 07/26 19:45:17 Image size of job updated: 225796
	221  -  MemoryUsage of job (MB)
	225760  -  ResidentSetSize of job (KB)
...
006 (066.116.000) 07/26 19:50:18 Image size of job updated: 228436
	224  -  MemoryUsage of job (MB)
	228400  -  ResidentSetSize of job (KB)
...
005 (066.116.000) 07/26 20:19:22 Job terminated.
	(1) Normal termination (return value 0)
		Usr 0 03:04:14, Sys 0 00:00:02  -  Run Remote Usage
		Usr 0 00:00:00, Sys 0 00:00:00  -  Run Local Usage
		Usr 0 03:04:14, Sys 0 00:00:02  -  Total Remote Usage
		Usr 0 00:00:00, Sys 0 00:00:00  -  Total Local Usage
	29631  -  Run Bytes Sent By Job
	2422  -  Run Bytes Received By Job
	29631  -  Total Bytes Sent By Job
	2422  -  Total Bytes Received By Job
	Partitionable Resources :    Usage  Request Allocated 
	   Cpus                 :     1.00        1         1 
	   Disk (KB)            :    47           4    892965 
	   Memory (MB)          :   224           1       128 
...
