000 (066.302.000) 07/26 17:14:46 Job submitted from host: <160.36.155.106:9618?addrs=160.36.155.106-9618&noUDP&sock=27742_4872_4>
...
001 (066.302.000) 07/27 06:31:01 Job executing on host: <10.130.107.8:9618?addrs=10.130.107.8-9618&noUDP&sock=69199_5635_4>
...
006 (066.302.000) 07/27 06:31:10 Image size of job updated: 220816
	216  -  MemoryUsage of job (MB)
	220816  -  ResidentSetSize of job (KB)
...
006 (066.302.000) 07/27 06:36:10 Image size of job updated: 222720
	218  -  MemoryUsage of job (MB)
	222720  -  ResidentSetSize of job (KB)
...
006 (066.302.000) 07/27 18:12:25 Image size of job updated: 229012
	224  -  MemoryUsage of job (MB)
	229012  -  ResidentSetSize of job (KB)
...
006 (066.302.000) 07/28 02:58:21 Image size of job updated: 231576
	227  -  MemoryUsage of job (MB)
	231576  -  ResidentSetSize of job (KB)
...
005 (066.302.000) 07/29 16:24:02 Job terminated.
	(1) Normal termination (return value 0)
		Usr 2 09:47:53, Sys 0 00:00:24  -  Run Remote Usage
		Usr 0 00:00:00, Sys 0 00:00:00  -  Run Local Usage
		Usr 2 09:47:53, Sys 0 00:00:24  -  Total Remote Usage
		Usr 0 00:00:00, Sys 0 00:00:00  -  Total Local Usage
	30134  -  Run Bytes Sent By Job
	2422  -  Run Bytes Received By Job
	30134  -  Total Bytes Sent By Job
	2422  -  Total Bytes Received By Job
	Partitionable Resources :    Usage  Request Allocated 
	   Cpus                 :     1.00        1         1 
	   Disk (KB)            :    47           4    888358 
	   Memory (MB)          :   227           1       128 
...
