[1] "args"
[1] "66"  "453"
[1] "Now starting analysis"
[1] "Starting with initial values"
         mu    sigma.sq          SE          bt          vh 
2.389458210 0.009784713 0.004892357 1.000000000 0.004892357 
         step     negloglik            mu      sigma.sq            SE 
 1.000000e+00 -4.034662e+01  2.052018e+00  9.509684e-03  7.173140e-07 
           bt            vh 
 1.340791e+00  2.830351e-01 
[1] "New improvement found, resetting step counter"
         step     negloglik            mu      sigma.sq            SE 
 2.000000e+00 -4.183122e+01  1.775335e+00  9.516161e-03  3.057147e-06 
           bt            vh 
 1.549065e+00  6.204272e-03 
[1] "New improvement found, but slight; taking the best value, but not resetting the step counter"
         step     negloglik            mu      sigma.sq            SE 
 3.000000e+00 -4.183445e+01  1.924618e+00  8.997613e-03  1.020646e-05 
           bt            vh 
 1.468883e+00  1.074899e-03 
         step     negloglik            mu      sigma.sq            SE 
 4.000000e+00 -4.183445e+01  1.924618e+00  8.997613e-03  1.020646e-05 
           bt            vh 
 1.468883e+00  1.074899e-03 
[1] "Now starting analysis"
[1] "Starting with initial values"
         mu    sigma.sq          bt          vh 
2.389458210 0.009784713 1.000000000 0.004892357 
         step     negloglik            mu      sigma.sq            bt 
  1.000000000 -41.814662101   1.963963023   0.009174819   1.490248565 
           vh 
  0.003973504 
[1] "New improvement found, resetting step counter"
         step     negloglik            mu      sigma.sq            bt 
  2.000000000 -41.880345660   1.875023097   0.009319034   1.520443084 
           vh 
  0.001030905 
         step     negloglik            mu      sigma.sq            bt 
  3.000000000 -41.880345660   1.875023097   0.009319034   1.520443084 
           vh 
  0.001030905 
         step     negloglik            mu      sigma.sq            bt 
  4.000000000 -41.880345660   1.875023097   0.009319034   1.520443084 
           vh 
  0.001030905 
[1] "Now starting analysis"
[1] "Starting with initial values"
         mu    sigma.sq          SE          vh 
2.389458210 0.009784713 0.004892357 0.004892357 
         step     negloglik            mu      sigma.sq            SE 
 1.000000e+00 -3.811007e+01  2.611668e+00  8.813854e-03  2.288824e-06 
           vh 
 2.248044e-01 
[1] "New improvement found, resetting step counter"
         step     negloglik            mu      sigma.sq            SE 
 2.000000e+00 -3.883069e+01  2.077062e+00  8.811225e-03  2.147046e-06 
           vh 
 2.854486e-01 
[1] "New improvement found, resetting step counter"
         step     negloglik            mu      sigma.sq            SE 
 3.000000e+00 -3.893511e+01  2.146124e+00  9.411794e-03  6.824050e-06 
           vh 
 3.052058e-01 
         step     negloglik            mu      sigma.sq            SE 
 4.000000e+00 -3.893511e+01  2.146124e+00  9.411794e-03  6.824050e-06 
           vh 
 3.052058e-01 
         step     negloglik            mu      sigma.sq            SE 
 5.000000e+00 -3.893511e+01  2.146124e+00  9.411794e-03  6.824050e-06 
           vh 
 3.052058e-01 
[1] "Now starting analysis"
[1] "Starting with initial values"
         mu    sigma.sq          vh 
2.389458210 0.009784713 0.004892357 
         step     negloglik            mu      sigma.sq            vh 
  1.000000000 -38.936332831   2.112235800   0.009566492   0.268616736 
[1] "New improvement found, but slight; taking the best value, but not resetting the step counter"
         step     negloglik            mu      sigma.sq            vh 
  2.000000000 -38.939865962   2.100598564   0.009274272   0.292183429 
         step     negloglik            mu      sigma.sq            vh 
  3.000000000 -38.939865962   2.100598564   0.009274272   0.292183429 
[1] "Now starting analysis"
[1] "Starting with initial values"
         mu    sigma.sq          SE          bt 
2.389458210 0.009784713 0.004892357 1.000000000 
         step     negloglik            mu      sigma.sq            SE 
 1.000000e+00 -4.098634e+01  1.784938e+00  7.630816e-03  1.114799e-04 
           bt 
 1.509337e+00 
         step     negloglik            mu      sigma.sq            SE 
 2.000000e+00 -4.098634e+01  1.784938e+00  7.630816e-03  1.114799e-04 
           bt 
 1.509337e+00 
         step     negloglik            mu      sigma.sq            SE 
 3.000000e+00 -4.098634e+01  1.784938e+00  7.630816e-03  1.114799e-04 
           bt 
 1.509337e+00 
[1] "Now starting analysis"
[1] "Starting with initial values"
         mu    sigma.sq          bt 
2.389458210 0.009784713 1.000000000 
         step     negloglik            mu      sigma.sq            bt 
  1.000000000 -41.883205235   1.893206490   0.009124069   1.498270976 
[1] "New improvement found, resetting step counter"
         step     negloglik            mu      sigma.sq            bt 
  2.000000000 -41.901607934   1.825547422   0.009195112   1.523081022 
         step     negloglik            mu      sigma.sq            bt 
  3.000000000 -41.901607934   1.825547422   0.009195112   1.523081022 
         step     negloglik            mu      sigma.sq            bt 
  4.000000000 -41.901607934   1.825547422   0.009195112   1.523081022 
[1] "Now starting analysis"
[1] "Starting with initial values"
         mu    sigma.sq          SE 
2.389458210 0.009784713 0.004892357 
         step     negloglik            mu      sigma.sq            SE 
 1.000000e+00 -3.698633e+01  2.513893e+00  9.977062e-03  7.514190e-06 
[1] "New improvement found, resetting step counter"
         step     negloglik            mu      sigma.sq            SE 
 2.000000e+00 -3.699963e+01  2.463119e+00  9.975508e-03  2.087910e-06 
         step     negloglik            mu      sigma.sq            SE 
 3.000000e+00 -3.699963e+01  2.463119e+00  9.975508e-03  2.087910e-06 
         step     negloglik            mu      sigma.sq            SE 
 4.000000e+00 -3.699963e+01  2.463119e+00  9.975508e-03  2.087910e-06 
[1] "Now starting analysis"
[1] "Starting with initial values"
         mu    sigma.sq 
2.389458210 0.009784713 
        step    negloglik           mu     sigma.sq 
  1.00000000 -37.01410778   2.50303185   0.01038266 
        step    negloglik           mu     sigma.sq 
  2.00000000 -37.01410778   2.50303185   0.01038266 
        step    negloglik           mu     sigma.sq 
  3.00000000 -37.01410778   2.50303185   0.01038266 
