000 (066.1674.000) 07/26 17:14:46 Job submitted from host: <160.36.155.106:9618?addrs=160.36.155.106-9618&noUDP&sock=27742_4872_4>
...
012 (066.1674.000) 08/03 14:17:25 Job was held.
	via condor_hold (by user bomeara)
	Code 1 Subcode 0
...
013 (066.1674.000) 08/05 22:28:12 Job was released.
	via condor_release (by user bomeara)
...
012 (066.1674.000) 08/09 10:36:22 Job was held.
	via condor_hold (by user bomeara)
	Code 1 Subcode 0
...
013 (066.1674.000) 08/09 13:05:30 Job was released.
	via condor_release (by user bomeara)
...
012 (066.1674.000) 09/23 13:38:14 Job was held.
	via condor_hold (by user bomeara)
	Code 1 Subcode 0
...
013 (066.1674.000) 09/24 14:50:04 Job was released.
	via condor_release (by user bomeara)
...
001 (066.1674.000) 09/28 05:46:27 Job executing on host: <10.129.199.164:9618?addrs=10.129.199.164-9618&noUDP&sock=2250_e42e_4>
...
006 (066.1674.000) 09/28 05:46:35 Image size of job updated: 226872
	222  -  MemoryUsage of job (MB)
	226872  -  ResidentSetSize of job (KB)
...
006 (066.1674.000) 09/28 05:51:35 Image size of job updated: 226888
	222  -  MemoryUsage of job (MB)
	226888  -  ResidentSetSize of job (KB)
...
006 (066.1674.000) 09/28 06:11:37 Image size of job updated: 228760
	224  -  MemoryUsage of job (MB)
	228760  -  ResidentSetSize of job (KB)
...
006 (066.1674.000) 09/28 06:51:41 Image size of job updated: 228768
	224  -  MemoryUsage of job (MB)
	228768  -  ResidentSetSize of job (KB)
...
005 (066.1674.000) 09/28 06:59:22 Job terminated.
	(1) Normal termination (return value 0)
		Usr 0 01:12:47, Sys 0 00:00:00  -  Run Remote Usage
		Usr 0 00:00:00, Sys 0 00:00:00  -  Run Local Usage
		Usr 0 01:12:47, Sys 0 00:00:00  -  Total Remote Usage
		Usr 0 00:00:00, Sys 0 00:00:00  -  Total Local Usage
	28067  -  Run Bytes Sent By Job
	2422  -  Run Bytes Received By Job
	28067  -  Total Bytes Sent By Job
	2422  -  Total Bytes Received By Job
	Partitionable Resources :    Usage  Request Allocated 
	   Cpus                 :     0.99        1         1 
	   Disk (KB)            :    45           4    889393 
	   Memory (MB)          :   224           1       128 
...
