000 (066.1466.000) 07/26 17:14:46 Job submitted from host: <160.36.155.106:9618?addrs=160.36.155.106-9618&noUDP&sock=27742_4872_4>
...
012 (066.1466.000) 08/03 14:17:14 Job was held.
	via condor_hold (by user bomeara)
	Code 1 Subcode 0
...
013 (066.1466.000) 08/05 22:28:01 Job was released.
	via condor_release (by user bomeara)
...
012 (066.1466.000) 08/09 10:36:08 Job was held.
	via condor_hold (by user bomeara)
	Code 1 Subcode 0
...
013 (066.1466.000) 08/09 13:05:19 Job was released.
	via condor_release (by user bomeara)
...
001 (066.1466.000) 09/14 02:57:42 Job executing on host: <10.128.78.255:9618?addrs=10.128.78.255-9618&noUDP&sock=2386_2d0f_4>
...
006 (066.1466.000) 09/14 02:57:51 Image size of job updated: 220620
	216  -  MemoryUsage of job (MB)
	220620  -  ResidentSetSize of job (KB)
...
006 (066.1466.000) 09/14 03:02:52 Image size of job updated: 224244
	219  -  MemoryUsage of job (MB)
	224244  -  ResidentSetSize of job (KB)
...
006 (066.1466.000) 09/14 11:18:46 Image size of job updated: 224364
	220  -  MemoryUsage of job (MB)
	224364  -  ResidentSetSize of job (KB)
...
006 (066.1466.000) 09/14 13:49:02 Image size of job updated: 226520
	222  -  MemoryUsage of job (MB)
	226520  -  ResidentSetSize of job (KB)
...
005 (066.1466.000) 09/15 05:15:24 Job terminated.
	(1) Normal termination (return value 0)
		Usr 1 02:15:10, Sys 0 00:00:24  -  Run Remote Usage
		Usr 0 00:00:00, Sys 0 00:00:00  -  Run Local Usage
		Usr 1 02:15:10, Sys 0 00:00:24  -  Total Remote Usage
		Usr 0 00:00:00, Sys 0 00:00:00  -  Total Local Usage
	28763  -  Run Bytes Sent By Job
	2422  -  Run Bytes Received By Job
	28763  -  Total Bytes Sent By Job
	2422  -  Total Bytes Received By Job
	Partitionable Resources :    Usage  Request Allocated 
	   Cpus                 :     1.00        1         1 
	   Disk (KB)            :    46           4    892794 
	   Memory (MB)          :   222           1       128 
...
