000 (066.1774.000) 07/26 17:14:46 Job submitted from host: <160.36.155.106:9618?addrs=160.36.155.106-9618&noUDP&sock=27742_4872_4>
...
012 (066.1774.000) 08/03 14:17:30 Job was held.
	via condor_hold (by user bomeara)
	Code 1 Subcode 0
...
013 (066.1774.000) 08/05 22:28:17 Job was released.
	via condor_release (by user bomeara)
...
012 (066.1774.000) 08/09 10:36:29 Job was held.
	via condor_hold (by user bomeara)
	Code 1 Subcode 0
...
013 (066.1774.000) 08/09 13:05:35 Job was released.
	via condor_release (by user bomeara)
...
012 (066.1774.000) 09/23 13:38:04 Job was held.
	via condor_hold (by user bomeara)
	Code 1 Subcode 0
...
013 (066.1774.000) 09/24 14:49:55 Job was released.
	via condor_release (by user bomeara)
...
001 (066.1774.000) 10/02 15:11:35 Job executing on host: <10.128.213.253:9618?addrs=10.128.213.253-9618&noUDP&sock=2289_a45f_4>
...
006 (066.1774.000) 10/02 15:11:43 Image size of job updated: 220372
	216  -  MemoryUsage of job (MB)
	220372  -  ResidentSetSize of job (KB)
...
006 (066.1774.000) 10/02 15:21:43 Image size of job updated: 224980
	220  -  MemoryUsage of job (MB)
	224980  -  ResidentSetSize of job (KB)
...
006 (066.1774.000) 10/02 15:31:44 Image size of job updated: 224996
	220  -  MemoryUsage of job (MB)
	224996  -  ResidentSetSize of job (KB)
...
006 (066.1774.000) 10/08 09:11:05 Image size of job updated: 227864
	223  -  MemoryUsage of job (MB)
	227864  -  ResidentSetSize of job (KB)
...
006 (066.1774.000) 10/09 21:54:49 Image size of job updated: 227920
	223  -  MemoryUsage of job (MB)
	227920  -  ResidentSetSize of job (KB)
...
006 (066.1774.000) 10/11 10:38:35 Image size of job updated: 228000
	223  -  MemoryUsage of job (MB)
	228000  -  ResidentSetSize of job (KB)
...
006 (066.1774.000) 10/14 13:51:29 Image size of job updated: 228076
	223  -  MemoryUsage of job (MB)
	228076  -  ResidentSetSize of job (KB)
...
006 (066.1774.000) 10/14 20:34:20 Image size of job updated: 434556
	223  -  MemoryUsage of job (MB)
	228076  -  ResidentSetSize of job (KB)
...
005 (066.1774.000) 10/14 20:34:20 Job terminated.
	(1) Normal termination (return value 0)
		Usr 12 05:04:44, Sys 0 00:02:46  -  Run Remote Usage
		Usr 0 00:00:00, Sys 0 00:00:00  -  Run Local Usage
		Usr 12 05:04:44, Sys 0 00:02:46  -  Total Remote Usage
		Usr 0 00:00:00, Sys 0 00:00:00  -  Total Local Usage
	29508  -  Run Bytes Sent By Job
	2422  -  Run Bytes Received By Job
	29508  -  Total Bytes Sent By Job
	2422  -  Total Bytes Received By Job
	Partitionable Resources :    Usage  Request Allocated 
	   Cpus                 :     1.00        1         1 
	   Disk (KB)            :    47           4    892730 
	   Memory (MB)          :   223           1       128 
...
