[1] "args"
[1] "66"   "1083"
[1] "Now starting analysis"
[1] "Starting with initial values"
         mu    sigma.sq          SE          bt          vh 
0.883505899 0.011509170 0.005754585 1.000000000 0.005754585 
         step     negloglik            mu      sigma.sq            SE 
  1.000000000 -31.386850639   0.782063956   0.009341364   0.001513929 
           bt            vh 
  1.108963036   0.001351511 
         step     negloglik            mu      sigma.sq            SE 
  2.000000000 -31.386850639   0.782063956   0.009341364   0.001513929 
           bt            vh 
  1.108963036   0.001351511 
         step     negloglik            mu      sigma.sq            SE 
  3.000000000 -31.386850639   0.782063956   0.009341364   0.001513929 
           bt            vh 
  1.108963036   0.001351511 
[1] "Now starting analysis"
[1] "Starting with initial values"
         mu    sigma.sq          bt          vh 
0.883505899 0.011509170 1.000000000 0.005754585 
         step     negloglik            mu      sigma.sq            bt 
  1.000000000 -30.155461598   0.635626982   0.011764644   1.173996083 
           vh 
  0.005385863 
[1] "New improvement found, resetting step counter"
         step     negloglik            mu      sigma.sq            bt 
 2.000000e+00 -3.016668e+01  7.313520e-01  1.182879e-02  1.104628e+00 
           vh 
 6.394107e-04 
         step     negloglik            mu      sigma.sq            bt 
 3.000000e+00 -3.016668e+01  7.313520e-01  1.182879e-02  1.104628e+00 
           vh 
 6.394107e-04 
         step     negloglik            mu      sigma.sq            bt 
 4.000000e+00 -3.016668e+01  7.313520e-01  1.182879e-02  1.104628e+00 
           vh 
 6.394107e-04 
[1] "Now starting analysis"
[1] "Starting with initial values"
         mu    sigma.sq          SE          vh 
0.883505899 0.011509170 0.005754585 0.005754585 
         step     negloglik            mu      sigma.sq            SE 
  1.000000000 -31.048616885   0.915852279   0.009565487   0.001287754 
           vh 
  0.035199582 
[1] "New improvement found, resetting step counter"
         step     negloglik            mu      sigma.sq            SE 
  2.000000000 -31.268117029   0.872990336   0.009553192   0.001300780 
           vh 
  0.002368945 
[1] "New improvement found, resetting step counter"
         step     negloglik            mu      sigma.sq            SE 
 3.000000e+00 -3.129231e+01  8.427362e-01  9.410960e-03  1.274653e-03 
           vh 
 2.716862e-04 
         step     negloglik            mu      sigma.sq            SE 
 4.000000e+00 -3.129231e+01  8.427362e-01  9.410960e-03  1.274653e-03 
           vh 
 2.716862e-04 
         step     negloglik            mu      sigma.sq            SE 
 5.000000e+00 -3.129231e+01  8.427362e-01  9.410960e-03  1.274653e-03 
           vh 
 2.716862e-04 
[1] "Now starting analysis"
[1] "Starting with initial values"
         mu    sigma.sq          vh 
0.883505899 0.011509170 0.005754585 
         step     negloglik            mu      sigma.sq            vh 
  1.000000000 -30.061076266   0.810884609   0.011564293   0.003691058 
         step     negloglik            mu      sigma.sq            vh 
  2.000000000 -30.061076266   0.810884609   0.011564293   0.003691058 
[1] "New improvement found, but slight; taking the best value, but not resetting the step counter"
         step     negloglik            mu      sigma.sq            vh 
 3.000000e+00 -3.006723e+01  8.902828e-01  1.177077e-02  8.673523e-05 
[1] "Now starting analysis"
[1] "Starting with initial values"
         mu    sigma.sq          SE          bt 
0.883505899 0.011509170 0.005754585 1.000000000 
         step     negloglik            mu      sigma.sq            SE 
  1.000000000 -31.327035752   0.882313422   0.009419466   0.001288167 
           bt 
  1.056572263 
[1] "New improvement found, resetting step counter"
         step     negloglik            mu      sigma.sq            SE 
  2.000000000 -31.437502127   0.652250776   0.009401250   0.001321814 
           bt 
  1.157244054 
         step     negloglik            mu      sigma.sq            SE 
  3.000000000 -31.437502127   0.652250776   0.009401250   0.001321814 
           bt 
  1.157244054 
         step     negloglik            mu      sigma.sq            SE 
  4.000000000 -31.437502127   0.652250776   0.009401250   0.001321814 
           bt 
  1.157244054 
[1] "Now starting analysis"
[1] "Starting with initial values"
        mu   sigma.sq         bt 
0.88350590 0.01150917 1.00000000 
        step    negloglik           mu     sigma.sq           bt 
  1.00000000 -30.19687988   0.65010746   0.01170448   1.16660156 
        step    negloglik           mu     sigma.sq           bt 
  2.00000000 -30.19687988   0.65010746   0.01170448   1.16660156 
        step    negloglik           mu     sigma.sq           bt 
  3.00000000 -30.19687988   0.65010746   0.01170448   1.16660156 
[1] "Now starting analysis"
[1] "Starting with initial values"
         mu    sigma.sq          SE 
0.883505899 0.011509170 0.005754585 
         step     negloglik            mu      sigma.sq            SE 
  1.000000000 -31.267790482   0.888998784   0.009076798   0.001657916 
[1] "New improvement found, but slight; taking the best value, but not resetting the step counter"
         step     negloglik            mu      sigma.sq            SE 
  2.000000000 -31.272137081   0.889156026   0.008982053   0.001438176 
[1] "New improvement found, resetting step counter"
         step     negloglik            mu      sigma.sq            SE 
  3.000000000 -31.296032295   0.857025047   0.009152290   0.001462496 
         step     negloglik            mu      sigma.sq            SE 
  4.000000000 -31.296032295   0.857025047   0.009152290   0.001462496 
         step     negloglik            mu      sigma.sq            SE 
  5.000000000 -31.296032295   0.857025047   0.009152290   0.001462496 
[1] "Now starting analysis"
[1] "Starting with initial values"
        mu   sigma.sq 
0.88350590 0.01150917 
        step    negloglik           mu     sigma.sq 
  1.00000000 -30.08203294   0.82832992   0.01142289 
        step    negloglik           mu     sigma.sq 
  2.00000000 -30.08203294   0.82832992   0.01142289 
        step    negloglik           mu     sigma.sq 
  3.00000000 -30.08203294   0.82832992   0.01142289 
