[1] "args"
[1] "66"  "793"
[1] "Now starting analysis"
[1] "Starting with initial values"
         mu    sigma.sq          SE          bt          vh 
0.974968580 0.008085052 0.004042526 1.000000000 0.004042526 
         step     negloglik            mu      sigma.sq            SE 
 1.000000e+00 -4.740105e+01  5.245517e-01  6.570963e-03  7.285489e-04 
           bt            vh 
 1.446209e+00  6.918635e-01 
[1] "New improvement found, resetting step counter"
         step     negloglik            mu      sigma.sq            SE 
 2.000000e+00 -4.839615e+01  5.534566e-01  6.549764e-03  7.628134e-04 
           bt            vh 
 2.638352e+00  8.881939e-03 
         step     negloglik            mu      sigma.sq            SE 
 3.000000e+00 -4.839615e+01  5.534566e-01  6.549764e-03  7.628134e-04 
           bt            vh 
 2.638352e+00  8.881939e-03 
         step     negloglik            mu      sigma.sq            SE 
 4.000000e+00 -4.839615e+01  5.534566e-01  6.549764e-03  7.628134e-04 
           bt            vh 
 2.638352e+00  8.881939e-03 
[1] "Now starting analysis"
[1] "Starting with initial values"
         mu    sigma.sq          bt          vh 
0.974968580 0.008085052 1.000000000 0.004042526 
         step     negloglik            mu      sigma.sq            bt 
 1.000000e+00 -4.669579e+01  5.678071e-01  8.162582e-03  2.363471e+00 
           vh 
 5.204566e-04 
[1] "New improvement found, resetting step counter"
         step     negloglik            mu      sigma.sq            bt 
 2.000000e+00 -4.673516e+01  5.678071e-01  8.162582e-03  2.599818e+00 
           vh 
 5.204566e-04 
         step     negloglik            mu      sigma.sq            bt 
 3.000000e+00 -4.673516e+01  5.678071e-01  8.162582e-03  2.599818e+00 
           vh 
 5.204566e-04 
         step     negloglik            mu      sigma.sq            bt 
 4.000000e+00 -4.673516e+01  5.678071e-01  8.162582e-03  2.599818e+00 
           vh 
 5.204566e-04 
[1] "Now starting analysis"
[1] "Starting with initial values"
         mu    sigma.sq          SE          vh 
0.974968580 0.008085052 0.004042526 0.004042526 
         step     negloglik            mu      sigma.sq            SE 
 1.000000e+00 -4.667187e+01  1.003252e+00  6.579119e-03  7.406118e-04 
           vh 
 5.611595e-02 
[1] "New improvement found, resetting step counter"
         step     negloglik            mu      sigma.sq            SE 
 2.000000e+00 -4.705078e+01  6.418497e-01  6.553865e-03  7.403053e-04 
           vh 
 6.549160e-01 
         step     negloglik            mu      sigma.sq            SE 
 3.000000e+00 -4.705078e+01  6.418497e-01  6.553865e-03  7.403053e-04 
           vh 
 6.549160e-01 
         step     negloglik            mu      sigma.sq            SE 
 4.000000e+00 -4.705078e+01  6.418497e-01  6.553865e-03  7.403053e-04 
           vh 
 6.549160e-01 
[1] "Now starting analysis"
[1] "Starting with initial values"
         mu    sigma.sq          vh 
0.974968580 0.008085052 0.004042526 
         step     negloglik            mu      sigma.sq            vh 
  1.000000000 -45.464907824   0.725735889   0.008307212   0.469786794 
[1] "New improvement found, but slight; taking the best value, but not resetting the step counter"
         step     negloglik            mu      sigma.sq            vh 
  2.000000000 -45.468246187   0.750116079   0.007740231   0.494166984 
[1] "New improvement found, resetting step counter"
         step     negloglik            mu      sigma.sq            vh 
  3.000000000 -45.505043877   0.679252337   0.007870723   0.541736331 
         step     negloglik            mu      sigma.sq            vh 
  4.000000000 -45.505043877   0.679252337   0.007870723   0.541736331 
         step     negloglik            mu      sigma.sq            vh 
  5.000000000 -45.505043877   0.679252337   0.007870723   0.541736331 
[1] "Now starting analysis"
[1] "Starting with initial values"
         mu    sigma.sq          SE          bt 
0.974968580 0.008085052 0.004042526 1.000000000 
         step     negloglik            mu      sigma.sq            SE 
 1.000000e+00 -4.683078e+01  8.974049e-01  7.028782e-03  6.219971e-04 
           bt 
 1.097233e+00 
[1] "New improvement found, resetting step counter"
         step     negloglik            mu      sigma.sq            SE 
 2.000000e+00 -4.838562e+01  3.536801e-01  6.995643e-03  6.392603e-04 
           bt 
 3.274928e+00 
[1] "New improvement found, resetting step counter"
         step     negloglik            mu      sigma.sq            SE 
 3.000000e+00 -4.846737e+01  3.672357e-01  6.692637e-03  7.034321e-04 
           bt 
 3.287682e+00 
         step     negloglik            mu      sigma.sq            SE 
 4.000000e+00 -4.846737e+01  3.672357e-01  6.692637e-03  7.034321e-04 
           bt 
 3.287682e+00 
         step     negloglik            mu      sigma.sq            SE 
 5.000000e+00 -4.846737e+01  3.672357e-01  6.692637e-03  7.034321e-04 
           bt 
 3.287682e+00 
[1] "Now starting analysis"
[1] "Starting with initial values"
         mu    sigma.sq          bt 
0.974968580 0.008085052 1.000000000 
         step     negloglik            mu      sigma.sq            bt 
  1.000000000 -46.819357653   0.462015857   0.007909535   2.937908427 
[1] "New improvement found, but slight; taking the best value, but not resetting the step counter"
         step     negloglik            mu      sigma.sq            bt 
  2.000000000 -46.819765933   0.364133394   0.007766083   3.133816806 
         step     negloglik            mu      sigma.sq            bt 
  3.000000000 -46.819765933   0.364133394   0.007766083   3.133816806 
[1] "Now starting analysis"
[1] "Starting with initial values"
         mu    sigma.sq          SE 
0.974968580 0.008085052 0.004042526 
         step     negloglik            mu      sigma.sq            SE 
 1.000000e+00 -4.657333e+01  9.742201e-01  6.816769e-03  6.358598e-04 
         step     negloglik            mu      sigma.sq            SE 
 2.000000e+00 -4.657333e+01  9.742201e-01  6.816769e-03  6.358598e-04 
         step     negloglik            mu      sigma.sq            SE 
 3.000000e+00 -4.657333e+01  9.742201e-01  6.816769e-03  6.358598e-04 
[1] "Now starting analysis"
[1] "Starting with initial values"
         mu    sigma.sq 
0.974968580 0.008085052 
         step     negloglik            mu      sigma.sq 
  1.000000000 -45.238327333   0.974968580   0.008085052 
         step     negloglik            mu      sigma.sq 
  2.000000000 -45.238327333   0.974968580   0.008085052 
         step     negloglik            mu      sigma.sq 
  3.000000000 -45.238327333   0.974968580   0.008085052 
