000 (066.397.000) 07/26 17:14:46 Job submitted from host: <160.36.155.106:9618?addrs=160.36.155.106-9618&noUDP&sock=27742_4872_4>
...
001 (066.397.000) 07/29 12:54:07 Job executing on host: <10.130.210.206:9618?addrs=10.130.210.206-9618&noUDP&sock=76684_6c96_4>
...
006 (066.397.000) 07/29 12:54:15 Image size of job updated: 233896
	229  -  MemoryUsage of job (MB)
	233896  -  ResidentSetSize of job (KB)
...
006 (066.397.000) 07/29 12:59:15 Image size of job updated: 235840
	231  -  MemoryUsage of job (MB)
	235840  -  ResidentSetSize of job (KB)
...
006 (066.397.000) 07/30 13:21:41 Image size of job updated: 247008
	242  -  MemoryUsage of job (MB)
	247008  -  ResidentSetSize of job (KB)
...
006 (066.397.000) 07/30 20:22:27 Image size of job updated: 247116
	242  -  MemoryUsage of job (MB)
	247116  -  ResidentSetSize of job (KB)
...
006 (066.397.000) 07/30 20:52:29 Image size of job updated: 248556
	243  -  MemoryUsage of job (MB)
	248556  -  ResidentSetSize of job (KB)
...
005 (066.397.000) 07/31 14:36:52 Job terminated.
	(1) Normal termination (return value 0)
		Usr 2 01:38:39, Sys 0 00:00:17  -  Run Remote Usage
		Usr 0 00:00:00, Sys 0 00:00:00  -  Run Local Usage
		Usr 2 01:38:39, Sys 0 00:00:17  -  Total Remote Usage
		Usr 0 00:00:00, Sys 0 00:00:00  -  Total Local Usage
	32412  -  Run Bytes Sent By Job
	2422  -  Run Bytes Received By Job
	32412  -  Total Bytes Sent By Job
	2422  -  Total Bytes Received By Job
	Partitionable Resources :    Usage  Request Allocated 
	   Cpus                 :     1.00        1         1 
	   Disk (KB)            :    50           4    813884 
	   Memory (MB)          :   243           1       128 
...
