[1] "args"
[1] "66"   "1747"
[1] "Now starting analysis"
[1] "Starting with initial values"
        mu   sigma.sq         SE         bt         vh 
0.83321954 0.01051956 0.00525978 1.00000000 0.00525978 
         step     negloglik            mu      sigma.sq            SE 
 1.000000e+00 -2.707551e+01  7.528397e-01  1.075241e-02  8.008600e-06 
           bt            vh 
 1.177116e+00  9.042012e-02 
[1] "New improvement found, resetting step counter"
         step     negloglik            mu      sigma.sq            SE 
 2.000000e+00 -2.736059e+01  7.834819e-01  1.075645e-02  2.084732e-05 
           bt            vh 
 1.554478e+00  2.990408e-03 
         step     negloglik            mu      sigma.sq            SE 
 3.000000e+00 -2.736059e+01  7.834819e-01  1.075645e-02  2.084732e-05 
           bt            vh 
 1.554478e+00  2.990408e-03 
         step     negloglik            mu      sigma.sq            SE 
 4.000000e+00 -2.736059e+01  7.834819e-01  1.075645e-02  2.084732e-05 
           bt            vh 
 1.554478e+00  2.990408e-03 
[1] "Now starting analysis"
[1] "Starting with initial values"
        mu   sigma.sq         bt         vh 
0.83321954 0.01051956 1.00000000 0.00525978 
        step    negloglik           mu     sigma.sq           bt           vh 
  1.00000000 -27.46336067   0.66988307   0.01033968   1.87404638   0.01028434 
        step    negloglik           mu     sigma.sq           bt           vh 
  2.00000000 -27.46336067   0.66988307   0.01033968   1.87404638   0.01028434 
        step    negloglik           mu     sigma.sq           bt           vh 
  3.00000000 -27.46336067   0.66988307   0.01033968   1.87404638   0.01028434 
[1] "Now starting analysis"
[1] "Starting with initial values"
        mu   sigma.sq         SE         vh 
0.83321954 0.01051956 0.00525978 0.00525978 
         step     negloglik            mu      sigma.sq            SE 
 1.000000e+00 -2.690120e+01  7.940075e-01  1.062655e-02  4.599745e-06 
           vh 
 1.896811e-02 
         step     negloglik            mu      sigma.sq            SE 
 2.000000e+00 -2.690120e+01  7.940075e-01  1.062655e-02  4.599745e-06 
           vh 
 1.896811e-02 
[1] "New improvement found, but slight; taking the best value, but not resetting the step counter"
         step     negloglik            mu      sigma.sq            SE 
 3.000000e+00 -2.690465e+01  8.268650e-01  1.061025e-02  5.017459e-06 
           vh 
 1.963156e-02 
[1] "Now starting analysis"
[1] "Starting with initial values"
        mu   sigma.sq         vh 
0.83321954 0.01051956 0.00525978 
        step    negloglik           mu     sigma.sq           vh 
  1.00000000 -26.91523617   0.83321954   0.01051956   0.00525978 
        step    negloglik           mu     sigma.sq           vh 
  2.00000000 -26.91523617   0.83321954   0.01051956   0.00525978 
        step    negloglik           mu     sigma.sq           vh 
  3.00000000 -26.91523617   0.83321954   0.01051956   0.00525978 
[1] "Now starting analysis"
[1] "Starting with initial values"
        mu   sigma.sq         SE         bt 
0.83321954 0.01051956 0.00525978 1.00000000 
         step     negloglik            mu      sigma.sq            SE 
 1.000000e+00 -2.701670e+01  8.531605e-01  1.030151e-02  1.498998e-07 
           bt 
 1.071104e+00 
[1] "New improvement found, resetting step counter"
         step     negloglik            mu      sigma.sq            SE 
 2.000000e+00 -2.744860e+01  6.025018e-01  1.030207e-02  1.892327e-06 
           bt 
 1.888886e+00 
         step     negloglik            mu      sigma.sq            SE 
 3.000000e+00 -2.744860e+01  6.025018e-01  1.030207e-02  1.892327e-06 
           bt 
 1.888886e+00 
[1] "New improvement found, resetting step counter"
         step     negloglik            mu      sigma.sq            SE 
 4.000000e+00 -2.746344e+01  7.601776e-01  1.043013e-02  1.855339e-06 
           bt 
 1.794407e+00 
         step     negloglik            mu      sigma.sq            SE 
 5.000000e+00 -2.746344e+01  7.601776e-01  1.043013e-02  1.855339e-06 
           bt 
 1.794407e+00 
         step     negloglik            mu      sigma.sq            SE 
 6.000000e+00 -2.746344e+01  7.601776e-01  1.043013e-02  1.855339e-06 
           bt 
 1.794407e+00 
[1] "Now starting analysis"
[1] "Starting with initial values"
        mu   sigma.sq         bt 
0.83321954 0.01051956 1.00000000 
        step    negloglik           mu     sigma.sq           bt 
  1.00000000 -27.47941380   0.69581599   0.01038453   1.77247299 
        step    negloglik           mu     sigma.sq           bt 
  2.00000000 -27.47941380   0.69581599   0.01038453   1.77247299 
[1] "New improvement found, but slight; taking the best value, but not resetting the step counter"
        step    negloglik           mu     sigma.sq           bt 
  3.00000000 -27.48285092   0.69744867   0.01047077   1.87540148 
[1] "Now starting analysis"
[1] "Starting with initial values"
        mu   sigma.sq         SE 
0.83321954 0.01051956 0.00525978 
         step     negloglik            mu      sigma.sq            SE 
 1.000000e+00 -2.689760e+01  7.765239e-01  1.054032e-02  3.350854e-06 
[1] "New improvement found, resetting step counter"
         step     negloglik            mu      sigma.sq            SE 
 2.000000e+00 -2.690791e+01  8.541763e-01  1.054032e-02  3.350854e-06 
         step     negloglik            mu      sigma.sq            SE 
 3.000000e+00 -2.690791e+01  8.541763e-01  1.054032e-02  3.350854e-06 
         step     negloglik            mu      sigma.sq            SE 
 4.000000e+00 -2.690791e+01  8.541763e-01  1.054032e-02  3.350854e-06 
[1] "Now starting analysis"
[1] "Starting with initial values"
        mu   sigma.sq 
0.83321954 0.01051956 
        step    negloglik           mu     sigma.sq 
  1.00000000 -26.91537712   0.83321954   0.01051956 
        step    negloglik           mu     sigma.sq 
  2.00000000 -26.91537712   0.83321954   0.01051956 
        step    negloglik           mu     sigma.sq 
  3.00000000 -26.91537712   0.83321954   0.01051956 
