[1] "args"
[1] "66"   "1749"
[1] "Now starting analysis"
[1] "Starting with initial values"
         mu    sigma.sq          SE          bt          vh 
1.488229784 0.008766805 0.004383403 1.000000000 0.004383403 
         step     negloglik            mu      sigma.sq            SE 
 1.000000e+00 -4.584402e+01  1.260451e+00  7.218383e-03  1.969775e-06 
           bt            vh 
 1.302926e+00  3.889474e-01 
[1] "New improvement found, resetting step counter"
         step     negloglik            mu      sigma.sq            SE 
 2.000000e+00 -4.783698e+01  1.230056e+00  7.259301e-03  1.348177e-04 
           bt            vh 
 1.685943e+00  1.867159e-03 
[1] "New improvement found, resetting step counter"
         step     negloglik            mu      sigma.sq            SE 
 3.000000e+00 -4.829523e+01  9.924956e-01  7.815922e-03  5.009891e-06 
           bt            vh 
 1.622020e+00  1.095018e-03 
         step     negloglik            mu      sigma.sq            SE 
 4.000000e+00 -4.829523e+01  9.924956e-01  7.815922e-03  5.009891e-06 
           bt            vh 
 1.622020e+00  1.095018e-03 
         step     negloglik            mu      sigma.sq            SE 
 5.000000e+00 -4.829523e+01  9.924956e-01  7.815922e-03  5.009891e-06 
           bt            vh 
 1.622020e+00  1.095018e-03 
[1] "Now starting analysis"
[1] "Starting with initial values"
         mu    sigma.sq          bt          vh 
1.488229784 0.008766805 1.000000000 0.004383403 
         step     negloglik            mu      sigma.sq            bt 
 1.000000e+00 -4.846610e+01  1.187685e+00  8.201620e-03  1.613026e+00 
           vh 
 1.073652e-04 
[1] "New improvement found, but slight; taking the best value, but not resetting the step counter"
         step     negloglik            mu      sigma.sq            bt 
  2.000000000 -48.468531574   1.140210604   0.008143363   1.604474236 
           vh 
  0.000226098 
         step     negloglik            mu      sigma.sq            bt 
  3.000000000 -48.468531574   1.140210604   0.008143363   1.604474236 
           vh 
  0.000226098 
[1] "Now starting analysis"
[1] "Starting with initial values"
         mu    sigma.sq          SE          vh 
1.488229784 0.008766805 0.004383403 0.004383403 
         step     negloglik            mu      sigma.sq            SE 
 1.000000e+00 -4.430070e+01  1.605645e+00  7.607719e-03  1.050125e-05 
           vh 
 1.739768e-01 
[1] "New improvement found, resetting step counter"
         step     negloglik            mu      sigma.sq            SE 
 2.000000e+00 -4.491720e+01  1.296718e+00  7.606924e-03  1.496802e-06 
           vh 
 3.690480e-01 
         step     negloglik            mu      sigma.sq            SE 
 3.000000e+00 -4.491720e+01  1.296718e+00  7.606924e-03  1.496802e-06 
           vh 
 3.690480e-01 
         step     negloglik            mu      sigma.sq            SE 
 4.000000e+00 -4.491720e+01  1.296718e+00  7.606924e-03  1.496802e-06 
           vh 
 3.690480e-01 
[1] "Now starting analysis"
[1] "Starting with initial values"
         mu    sigma.sq          vh 
1.488229784 0.008766805 0.004383403 
         step     negloglik            mu      sigma.sq            vh 
  1.000000000 -44.885216880   1.394037940   0.007629395   0.399493033 
[1] "New improvement found, resetting step counter"
         step     negloglik            mu      sigma.sq            vh 
  2.000000000 -44.922993291   1.332050446   0.007720152   0.383973470 
         step     negloglik            mu      sigma.sq            vh 
  3.000000000 -44.922993291   1.332050446   0.007720152   0.383973470 
[1] "New improvement found, but slight; taking the best value, but not resetting the step counter"
         step     negloglik            mu      sigma.sq            vh 
  4.000000000 -44.924872816   1.324133759   0.007715325   0.383153885 
[1] "Now starting analysis"
[1] "Starting with initial values"
         mu    sigma.sq          SE          bt 
1.488229784 0.008766805 0.004383403 1.000000000 
         step     negloglik            mu      sigma.sq            SE 
 1.000000e+00 -4.845497e+01  1.238337e+00  7.736675e-03  2.132636e-07 
           bt 
 1.574641e+00 
[1] "New improvement found, resetting step counter"
         step     negloglik            mu      sigma.sq            SE 
 2.000000e+00 -4.847837e+01  1.191109e+00  7.736847e-03  5.464093e-07 
           bt 
 1.598285e+00 
         step     negloglik            mu      sigma.sq            SE 
 3.000000e+00 -4.847837e+01  1.191109e+00  7.736847e-03  5.464093e-07 
           bt 
 1.598285e+00 
         step     negloglik            mu      sigma.sq            SE 
 4.000000e+00 -4.847837e+01  1.191109e+00  7.736847e-03  5.464093e-07 
           bt 
 1.598285e+00 
[1] "Now starting analysis"
[1] "Starting with initial values"
         mu    sigma.sq          bt 
1.488229784 0.008766805 1.000000000 
         step     negloglik            mu      sigma.sq            bt 
  1.000000000 -48.480064171   1.137329785   0.007782505   1.610669456 
         step     negloglik            mu      sigma.sq            bt 
  2.000000000 -48.480064171   1.137329785   0.007782505   1.610669456 
         step     negloglik            mu      sigma.sq            bt 
  3.000000000 -48.480064171   1.137329785   0.007782505   1.610669456 
[1] "Now starting analysis"
[1] "Starting with initial values"
         mu    sigma.sq          SE 
1.488229784 0.008766805 0.004383403 
         step     negloglik            mu      sigma.sq            SE 
 1.000000e+00 -4.102421e+01  1.572063e+00  9.294625e-03  8.654987e-07 
         step     negloglik            mu      sigma.sq            SE 
 2.000000e+00 -4.102421e+01  1.572063e+00  9.294625e-03  8.654987e-07 
         step     negloglik            mu      sigma.sq            SE 
 3.000000e+00 -4.102421e+01  1.572063e+00  9.294625e-03  8.654987e-07 
[1] "Now starting analysis"
[1] "Starting with initial values"
         mu    sigma.sq 
1.488229784 0.008766805 
         step     negloglik            mu      sigma.sq 
  1.000000000 -41.025500168   1.562350603   0.009348145 
         step     negloglik            mu      sigma.sq 
  2.000000000 -41.025500168   1.562350603   0.009348145 
         step     negloglik            mu      sigma.sq 
  3.000000000 -41.025500168   1.562350603   0.009348145 
