000 (066.702.000) 07/26 17:14:46 Job submitted from host: <160.36.155.106:9618?addrs=160.36.155.106-9618&noUDP&sock=27742_4872_4>
...
012 (066.702.000) 08/03 14:16:36 Job was held.
	via condor_hold (by user bomeara)
	Code 1 Subcode 0
...
013 (066.702.000) 08/05 22:27:22 Job was released.
	via condor_release (by user bomeara)
...
012 (066.702.000) 08/09 10:35:17 Job was held.
	via condor_hold (by user bomeara)
	Code 1 Subcode 0
...
013 (066.702.000) 08/09 13:04:40 Job was released.
	via condor_release (by user bomeara)
...
001 (066.702.000) 08/09 16:51:47 Job executing on host: <10.129.213.175:9618?addrs=10.129.213.175-9618&noUDP&sock=2691_6172_4>
...
006 (066.702.000) 08/09 16:51:56 Image size of job updated: 233644
	229  -  MemoryUsage of job (MB)
	233644  -  ResidentSetSize of job (KB)
...
006 (066.702.000) 08/09 17:00:39 Image size of job updated: 439712
	229  -  MemoryUsage of job (MB)
	233644  -  ResidentSetSize of job (KB)
...
005 (066.702.000) 08/09 17:00:39 Job terminated.
	(1) Normal termination (return value 1)
		Usr 0 00:08:51, Sys 0 00:00:00  -  Run Remote Usage
		Usr 0 00:00:00, Sys 0 00:00:00  -  Run Local Usage
		Usr 0 00:08:51, Sys 0 00:00:00  -  Total Remote Usage
		Usr 0 00:00:00, Sys 0 00:00:00  -  Total Local Usage
	997  -  Run Bytes Sent By Job
	2422  -  Run Bytes Received By Job
	997  -  Total Bytes Sent By Job
	2422  -  Total Bytes Received By Job
	Partitionable Resources :    Usage  Request Allocated 
	   Cpus                 :     1.00        1         1 
	   Disk (KB)            :    19           4   1811513 
	   Memory (MB)          :   229           1       128 
...
