000 (066.350.000) 07/26 17:14:46 Job submitted from host: <160.36.155.106:9618?addrs=160.36.155.106-9618&noUDP&sock=27742_4872_4>
...
001 (066.350.000) 07/27 20:15:15 Job executing on host: <10.128.121.58:9618?addrs=10.128.121.58-9618&noUDP&sock=2263_cee9_4>
...
006 (066.350.000) 07/27 20:15:24 Image size of job updated: 220620
	216  -  MemoryUsage of job (MB)
	220620  -  ResidentSetSize of job (KB)
...
006 (066.350.000) 07/27 20:20:24 Image size of job updated: 230832
	226  -  MemoryUsage of job (MB)
	230832  -  ResidentSetSize of job (KB)
...
005 (066.350.000) 07/28 01:35:13 Job terminated.
	(1) Normal termination (return value 1)
		Usr 0 05:19:28, Sys 0 00:00:03  -  Run Remote Usage
		Usr 0 00:00:00, Sys 0 00:00:00  -  Run Local Usage
		Usr 0 05:19:28, Sys 0 00:00:03  -  Total Remote Usage
		Usr 0 00:00:00, Sys 0 00:00:00  -  Total Local Usage
	1693  -  Run Bytes Sent By Job
	2422  -  Run Bytes Received By Job
	1693  -  Total Bytes Sent By Job
	2422  -  Total Bytes Received By Job
	Partitionable Resources :    Usage  Request Allocated 
	   Cpus                 :     1.00        1         1 
	   Disk (KB)            :    19           4    888081 
	   Memory (MB)          :   226           1       128 
...
