[1] "args"
[1] "66"  "150"
[1] "Now starting analysis"
[1] "Starting with initial values"
         mu    sigma.sq          SE          bt          vh 
1.660121804 0.009479922 0.004739961 1.000000000 0.004739961 
         step     negloglik            mu      sigma.sq            SE 
 1.000000e+00 -6.039759e+00  1.514821e+00  8.505487e-03  1.082232e-06 
           bt            vh 
 1.126777e+00  3.122471e-01 
[1] "New improvement found, resetting step counter"
         step     negloglik            mu      sigma.sq            SE 
 2.000000e+00 -7.172693e+00  1.578672e+00  8.501325e-03  3.548055e-06 
           bt            vh 
 2.320957e+00  5.357243e-04 
         step     negloglik            mu      sigma.sq            SE 
 3.000000e+00 -7.172693e+00  1.578672e+00  8.501325e-03  3.548055e-06 
           bt            vh 
 2.320957e+00  5.357243e-04 
         step     negloglik            mu      sigma.sq            SE 
 4.000000e+00 -7.172693e+00  1.578672e+00  8.501325e-03  3.548055e-06 
           bt            vh 
 2.320957e+00  5.357243e-04 
[1] "Now starting analysis"
[1] "Starting with initial values"
         mu    sigma.sq          bt          vh 
1.660121804 0.009479922 1.000000000 0.004739961 
        step    negloglik           mu     sigma.sq           bt           vh 
 1.000000000 -7.140411054  1.522264937  0.008329598  2.363287591  0.001116164 
[1] "New improvement found, but slight; taking the best value, but not resetting the step counter"
        step    negloglik           mu     sigma.sq           bt           vh 
 2.000000000 -7.149658470  1.545278664  0.008422957  2.413442974  0.006940602 
[1] "New improvement found, resetting step counter"
        step    negloglik           mu     sigma.sq           bt           vh 
 3.000000000 -7.182547505  1.566502078  0.008690951  2.441639477  0.003087908 
        step    negloglik           mu     sigma.sq           bt           vh 
 4.000000000 -7.182547505  1.566502078  0.008690951  2.441639477  0.003087908 
        step    negloglik           mu     sigma.sq           bt           vh 
 5.000000000 -7.182547505  1.566502078  0.008690951  2.441639477  0.003087908 
[1] "Now starting analysis"
[1] "Starting with initial values"
         mu    sigma.sq          SE          vh 
1.660121804 0.009479922 0.004739961 0.004739961 
         step     negloglik            mu      sigma.sq            SE 
 1.000000e+00 -5.990007e+00  1.626242e+00  9.247373e-03  5.317038e-07 
           vh 
 4.884594e-01 
[1] "New improvement found, but slight; taking the best value, but not resetting the step counter"
         step     negloglik            mu      sigma.sq            SE 
 2.000000e+00 -5.991149e+00  1.626242e+00  9.247373e-03  5.317038e-07 
           vh 
 6.510835e-01 
         step     negloglik            mu      sigma.sq            SE 
 3.000000e+00 -5.991149e+00  1.626242e+00  9.247373e-03  5.317038e-07 
           vh 
 6.510835e-01 
[1] "Now starting analysis"
[1] "Starting with initial values"
         mu    sigma.sq          vh 
1.660121804 0.009479922 0.004739961 
        step    negloglik           mu     sigma.sq           vh 
 1.000000000 -5.991050483  1.607690835  0.009214974  0.493001440 
[1] "New improvement found, but slight; taking the best value, but not resetting the step counter"
       step   negloglik          mu    sigma.sq          vh 
 2.00000000 -5.99438576  1.61667915  0.00904489  0.56897687 
[1] "New improvement found, but slight; taking the best value, but not resetting the step counter"
        step    negloglik           mu     sigma.sq           vh 
 3.000000000 -5.994776830  1.610633690  0.009117649  0.549161305 
[1] "Now starting analysis"
[1] "Starting with initial values"
         mu    sigma.sq          SE          bt 
1.660121804 0.009479922 0.004739961 1.000000000 
         step     negloglik            mu      sigma.sq            SE 
 1.000000e+00 -5.745029e+00  1.495529e+00  9.771955e-03  1.617427e-07 
           bt 
 1.169684e+00 
[1] "New improvement found, resetting step counter"
         step     negloglik            mu      sigma.sq            SE 
 2.000000e+00 -7.119962e+00  1.593146e+00  9.767640e-03  3.063264e-07 
           bt 
 2.489074e+00 
         step     negloglik            mu      sigma.sq            SE 
 3.000000e+00 -7.119962e+00  1.593146e+00  9.767640e-03  3.063264e-07 
           bt 
 2.489074e+00 
         step     negloglik            mu      sigma.sq            SE 
 4.000000e+00 -7.119962e+00  1.593146e+00  9.767640e-03  3.063264e-07 
           bt 
 2.489074e+00 
[1] "Now starting analysis"
[1] "Starting with initial values"
         mu    sigma.sq          bt 
1.660121804 0.009479922 1.000000000 
        step    negloglik           mu     sigma.sq           bt 
 1.000000000 -7.192584317  1.594517706  0.008709482  2.411219707 
        step    negloglik           mu     sigma.sq           bt 
 2.000000000 -7.192584317  1.594517706  0.008709482  2.411219707 
        step    negloglik           mu     sigma.sq           bt 
 3.000000000 -7.192584317  1.594517706  0.008709482  2.411219707 
[1] "Now starting analysis"
[1] "Starting with initial values"
         mu    sigma.sq          SE 
1.660121804 0.009479922 0.004739961 
         step     negloglik            mu      sigma.sq            SE 
 1.000000e+00 -4.795362e+00  1.692579e+00  7.813391e-03  5.821346e-10 
         step     negloglik            mu      sigma.sq            SE 
 2.000000e+00 -4.795362e+00  1.692579e+00  7.813391e-03  5.821346e-10 
[1] "New improvement found, resetting step counter"
         step     negloglik            mu      sigma.sq            SE 
 3.000000e+00 -5.056946e+00  1.704023e+00  8.410066e-03  1.785780e-07 
[1] "New improvement found, resetting step counter"
         step     negloglik            mu      sigma.sq            SE 
 4.000000e+00 -5.126308e+00  1.696014e+00  8.631880e-03  3.433049e-08 
[1] "New improvement found, resetting step counter"
         step     negloglik            mu      sigma.sq            SE 
 5.000000e+00 -5.168987e+00  1.716569e+00  8.803520e-03  5.540039e-10 
[1] "New improvement found, resetting step counter"
         step     negloglik            mu      sigma.sq            SE 
 6.000000e+00 -5.279099e+00  1.706508e+00  9.484195e-03  2.417903e-07 
[1] "New improvement found, resetting step counter"
         step     negloglik            mu      sigma.sq            SE 
 7.000000e+00 -5.296922e+00  1.679196e+00  9.783444e-03  4.438888e-07 
         step     negloglik            mu      sigma.sq            SE 
 8.000000e+00 -5.296922e+00  1.679196e+00  9.783444e-03  4.438888e-07 
         step     negloglik            mu      sigma.sq            SE 
 9.000000e+00 -5.296922e+00  1.679196e+00  9.783444e-03  4.438888e-07 
[1] "Now starting analysis"
[1] "Starting with initial values"
         mu    sigma.sq 
1.660121804 0.009479922 
       step   negloglik          mu    sigma.sq 
 1.00000000 -5.29901856  1.72088688  0.00986496 
       step   negloglik          mu    sigma.sq 
 2.00000000 -5.29901856  1.72088688  0.00986496 
[1] "New improvement found, but slight; taking the best value, but not resetting the step counter"
       step   negloglik          mu    sigma.sq 
 3.00000000 -5.30142240  1.69879916  0.01018742 
