[1] "args"
[1] "66"  "232"
[1] "Now starting analysis"
[1] "Starting with initial values"
         mu    sigma.sq          SE          bt          vh 
1.657688884 0.010500955 0.005250478 1.000000000 0.005250478 
         step     negloglik            mu      sigma.sq            SE 
 1.000000e+00 -1.399773e+01  1.700785e+00  9.485059e-03  1.780566e-04 
           bt            vh 
 1.042530e+00  3.552712e-06 
[1] "New improvement found, resetting step counter"
         step     negloglik            mu      sigma.sq            SE 
 2.000000e+00 -1.405672e+01  1.521179e+00  9.483884e-03  1.746161e-04 
           bt            vh 
 1.042574e+00  5.072174e-05 
         step     negloglik            mu      sigma.sq            SE 
 3.000000e+00 -1.405672e+01  1.521179e+00  9.483884e-03  1.746161e-04 
           bt            vh 
 1.042574e+00  5.072174e-05 
         step     negloglik            mu      sigma.sq            SE 
 4.000000e+00 -1.405672e+01  1.521179e+00  9.483884e-03  1.746161e-04 
           bt            vh 
 1.042574e+00  5.072174e-05 
[1] "Now starting analysis"
[1] "Starting with initial values"
         mu    sigma.sq          bt          vh 
1.657688884 0.010500955 1.000000000 0.005250478 
         step     negloglik            mu      sigma.sq            bt 
 1.000000e+00 -1.352638e+01  1.670330e+00  1.021218e-02  1.041440e+00 
           vh 
 4.439359e-04 
[1] "New improvement found, resetting step counter"
         step     negloglik            mu      sigma.sq            bt 
  2.000000000 -13.569015026   1.564599066   0.010180223   1.041442142 
           vh 
  0.000135164 
         step     negloglik            mu      sigma.sq            bt 
  3.000000000 -13.569015026   1.564599066   0.010180223   1.041442142 
           vh 
  0.000135164 
         step     negloglik            mu      sigma.sq            bt 
  4.000000000 -13.569015026   1.564599066   0.010180223   1.041442142 
           vh 
  0.000135164 
[1] "Now starting analysis"
[1] "Starting with initial values"
         mu    sigma.sq          SE          vh 
1.657688884 0.010500955 0.005250478 0.005250478 
         step     negloglik            mu      sigma.sq            SE 
 1.000000e+00 -1.343768e+01  1.631139e+00  9.470896e-03  1.996532e-04 
           vh 
 6.869025e-04 
[1] "New improvement found, but slight; taking the best value, but not resetting the step counter"
         step     negloglik            mu      sigma.sq            SE 
 2.000000e+00 -1.344111e+01  1.626933e+00  9.469091e-03  1.937742e-04 
           vh 
 1.845908e-04 
         step     negloglik            mu      sigma.sq            SE 
 3.000000e+00 -1.344111e+01  1.626933e+00  9.469091e-03  1.937742e-04 
           vh 
 1.845908e-04 
[1] "Now starting analysis"
[1] "Starting with initial values"
         mu    sigma.sq          vh 
1.657688884 0.010500955 0.005250478 
         step     negloglik            mu      sigma.sq            vh 
 1.000000e+00 -1.299841e+01  1.715601e+00  1.026111e-02  1.783463e-04 
[1] "New improvement found, but slight; taking the best value, but not resetting the step counter"
         step     negloglik            mu      sigma.sq            vh 
 2.000000e+00 -1.300325e+01  1.690882e+00  1.024969e-02  1.051698e-04 
[1] "New improvement found, resetting step counter"
         step     negloglik            mu      sigma.sq            vh 
 3.000000e+00 -1.301937e+01  1.687732e+00  1.059429e-02  1.731614e-04 
         step     negloglik            mu      sigma.sq            vh 
 4.000000e+00 -1.301937e+01  1.687732e+00  1.059429e-02  1.731614e-04 
         step     negloglik            mu      sigma.sq            vh 
 5.000000e+00 -1.301937e+01  1.687732e+00  1.059429e-02  1.731614e-04 
[1] "Now starting analysis"
[1] "Starting with initial values"
         mu    sigma.sq          SE          bt 
1.657688884 0.010500955 0.005250478 1.000000000 
         step     negloglik            mu      sigma.sq            SE 
 1.000000e+00 -1.374035e+01  1.541321e+00  7.547036e-03  2.598124e-04 
           bt 
 1.050681e+00 
         step     negloglik            mu      sigma.sq            SE 
 2.000000e+00 -1.374035e+01  1.541321e+00  7.547036e-03  2.598124e-04 
           bt 
 1.050681e+00 
         step     negloglik            mu      sigma.sq            SE 
 3.000000e+00 -1.374035e+01  1.541321e+00  7.547036e-03  2.598124e-04 
           bt 
 1.050681e+00 
[1] "Now starting analysis"
[1] "Starting with initial values"
        mu   sigma.sq         bt 
1.65768888 0.01050096 1.00000000 
        step    negloglik           mu     sigma.sq           bt 
  1.00000000 -13.57455385   1.57712065   0.01049933   1.05024177 
[1] "New improvement found, but slight; taking the best value, but not resetting the step counter"
        step    negloglik           mu     sigma.sq           bt 
  2.00000000 -13.57631185   1.49811488   0.01067474   1.05036584 
[1] "New improvement found, but slight; taking the best value, but not resetting the step counter"
        step    negloglik           mu     sigma.sq           bt 
  3.00000000 -13.58507171   1.51759269   0.01040842   1.04824883 
[1] "Now starting analysis"
[1] "Starting with initial values"
         mu    sigma.sq          SE 
1.657688884 0.010500955 0.005250478 
         step     negloglik            mu      sigma.sq            SE 
 1.000000e+00 -1.343415e+01  1.738974e+00  9.702843e-03  1.906443e-04 
[1] "New improvement found, resetting step counter"
         step     negloglik            mu      sigma.sq            SE 
 2.000000e+00 -1.344637e+01  1.652012e+00  9.708412e-03  2.099015e-04 
         step     negloglik            mu      sigma.sq            SE 
 3.000000e+00 -1.344637e+01  1.652012e+00  9.708412e-03  2.099015e-04 
         step     negloglik            mu      sigma.sq            SE 
 4.000000e+00 -1.344637e+01  1.652012e+00  9.708412e-03  2.099015e-04 
[1] "Now starting analysis"
[1] "Starting with initial values"
        mu   sigma.sq 
1.65768888 0.01050096 
        step    negloglik           mu     sigma.sq 
  1.00000000 -13.02114115   1.63672495   0.01098661 
[1] "New improvement found, but slight; taking the best value, but not resetting the step counter"
        step    negloglik           mu     sigma.sq 
  2.00000000 -13.02123655   1.67274808   0.01054706 
[1] "New improvement found, but slight; taking the best value, but not resetting the step counter"
        step    negloglik           mu     sigma.sq 
  3.00000000 -13.02216899   1.64571904   0.01056249 
