[1] "args"
[1] "66"   "1687"
[1] "Now starting analysis"
[1] "Starting with initial values"
         mu    sigma.sq          SE          bt          vh 
1.209259932 0.008499287 0.004249644 1.000000000 0.004249644 
         step     negloglik            mu      sigma.sq            SE 
 1.000000e+00 -4.963477e+01  7.549036e-01  7.220504e-03  4.251177e-04 
           bt            vh 
 1.366294e+00  2.673118e-01 
[1] "New improvement found, resetting step counter"
         step     negloglik            mu      sigma.sq            SE 
 2.000000e+00 -5.102907e+01  7.940624e-01  7.175421e-03  3.949458e-04 
           bt            vh 
 4.889254e+00  3.688008e-03 
[1] "New improvement found, resetting step counter"
         step     negloglik            mu      sigma.sq            SE 
 3.000000e+00 -5.104823e+01  7.562363e-01  7.395999e-03  2.702627e-04 
           bt            vh 
 4.482071e+00  3.366682e-03 
         step     negloglik            mu      sigma.sq            SE 
 4.000000e+00 -5.104823e+01  7.562363e-01  7.395999e-03  2.702627e-04 
           bt            vh 
 4.482071e+00  3.366682e-03 
         step     negloglik            mu      sigma.sq            SE 
 5.000000e+00 -5.104823e+01  7.562363e-01  7.395999e-03  2.702627e-04 
           bt            vh 
 4.482071e+00  3.366682e-03 
[1] "Now starting analysis"
[1] "Starting with initial values"
         mu    sigma.sq          bt          vh 
1.209259932 0.008499287 1.000000000 0.004249644 
         step     negloglik            mu      sigma.sq            bt 
  1.000000000 -50.040698865   0.875585688   0.008236544   3.493796540 
           vh 
  0.018560826 
[1] "New improvement found, resetting step counter"
         step     negloglik            mu      sigma.sq            bt 
  2.000000000 -50.056653961   0.875585688   0.008236544   3.843176194 
           vh 
  0.018560826 
[1] "New improvement found, resetting step counter"
         step     negloglik            mu      sigma.sq            bt 
  3.000000000 -50.105141048   0.776899063   0.008015226   3.976997817 
           vh 
  0.006297047 
         step     negloglik            mu      sigma.sq            bt 
  4.000000000 -50.105141048   0.776899063   0.008015226   3.976997817 
           vh 
  0.006297047 
         step     negloglik            mu      sigma.sq            bt 
  5.000000000 -50.105141048   0.776899063   0.008015226   3.976997817 
           vh 
  0.006297047 
[1] "Now starting analysis"
[1] "Starting with initial values"
         mu    sigma.sq          SE          vh 
1.209259932 0.008499287 0.004249644 0.004249644 
         step     negloglik            mu      sigma.sq            SE 
 1.000000e+00 -4.888599e+01  1.218932e+00  7.860674e-03  2.617451e-04 
           vh 
 6.749562e-02 
[1] "New improvement found, resetting step counter"
         step     negloglik            mu      sigma.sq            SE 
 2.000000e+00 -4.955135e+01  7.583120e-01  7.869081e-03  2.606562e-04 
           vh 
 1.191291e+00 
[1] "New improvement found, resetting step counter"
         step     negloglik            mu      sigma.sq            SE 
 3.000000e+00 -4.958631e+01  8.402757e-01  7.875516e-03  2.980063e-04 
           vh 
 1.120340e+00 
         step     negloglik            mu      sigma.sq            SE 
 4.000000e+00 -4.958631e+01  8.402757e-01  7.875516e-03  2.980063e-04 
           vh 
 1.120340e+00 
[1] "New improvement found, resetting step counter"
         step     negloglik            mu      sigma.sq            SE 
 5.000000e+00 -4.965680e+01  8.232505e-01  7.530975e-03  3.687305e-04 
           vh 
 1.537069e+00 
         step     negloglik            mu      sigma.sq            SE 
 6.000000e+00 -4.965680e+01  8.232505e-01  7.530975e-03  3.687305e-04 
           vh 
 1.537069e+00 
         step     negloglik            mu      sigma.sq            SE 
 7.000000e+00 -4.965680e+01  8.232505e-01  7.530975e-03  3.687305e-04 
           vh 
 1.537069e+00 
[1] "Now starting analysis"
[1] "Starting with initial values"
         mu    sigma.sq          vh 
1.209259932 0.008499287 0.004249644 
         step     negloglik            mu      sigma.sq            vh 
  1.000000000 -48.621985414   0.763443013   0.008299552   0.769185570 
[1] "New improvement found, resetting step counter"
         step     negloglik            mu      sigma.sq            vh 
  2.000000000 -48.719041778   0.917280127   0.008299552   0.846104127 
         step     negloglik            mu      sigma.sq            vh 
  3.000000000 -48.719041778   0.917280127   0.008299552   0.846104127 
[1] "New improvement found, but slight; taking the best value, but not resetting the step counter"
         step     negloglik            mu      sigma.sq            vh 
  4.000000000 -48.726861744   0.869233425   0.008261991   0.916028377 
[1] "Now starting analysis"
[1] "Starting with initial values"
         mu    sigma.sq          SE          bt 
1.209259932 0.008499287 0.004249644 1.000000000 
         step     negloglik            mu      sigma.sq            SE 
 1.000000e+00 -4.887235e+01  1.219618e+00  7.768100e-03  3.348684e-04 
           bt 
 1.054131e+00 
[1] "New improvement found, resetting step counter"
         step     negloglik            mu      sigma.sq            SE 
 2.000000e+00 -5.098093e+01  7.922054e-01  7.756003e-03  2.251829e-04 
           bt 
 3.862435e+00 
         step     negloglik            mu      sigma.sq            SE 
 3.000000e+00 -5.098093e+01  7.922054e-01  7.756003e-03  2.251829e-04 
           bt 
 3.862435e+00 
[1] "New improvement found, resetting step counter"
         step     negloglik            mu      sigma.sq            SE 
 4.000000e+00 -5.101556e+01  8.005134e-01  7.661523e-03  3.020705e-04 
           bt 
 3.662330e+00 
[1] "New improvement found, resetting step counter"
         step     negloglik            mu      sigma.sq            SE 
 5.000000e+00 -5.107154e+01  7.392621e-01  7.476656e-03  3.795402e-04 
           bt 
 4.139927e+00 
         step     negloglik            mu      sigma.sq            SE 
 6.000000e+00 -5.107154e+01  7.392621e-01  7.476656e-03  3.795402e-04 
           bt 
 4.139927e+00 
         step     negloglik            mu      sigma.sq            SE 
 7.000000e+00 -5.107154e+01  7.392621e-01  7.476656e-03  3.795402e-04 
           bt 
 4.139927e+00 
[1] "Now starting analysis"
[1] "Starting with initial values"
         mu    sigma.sq          bt 
1.209259932 0.008499287 1.000000000 
         step     negloglik            mu      sigma.sq            bt 
  1.000000000 -50.073689049   0.769001103   0.008544969   3.905111497 
[1] "New improvement found, resetting step counter"
         step     negloglik            mu      sigma.sq            bt 
  2.000000000 -50.117156391   0.812539537   0.008100051   4.078820315 
[1] "New improvement found, but slight; taking the best value, but not resetting the step counter"
         step     negloglik            mu      sigma.sq            bt 
  3.000000000 -50.126722246   0.773709536   0.008137621   4.043179702 
         step     negloglik            mu      sigma.sq            bt 
  4.000000000 -50.126722246   0.773709536   0.008137621   4.043179702 
[1] "Now starting analysis"
[1] "Starting with initial values"
         mu    sigma.sq          SE 
1.209259932 0.008499287 0.004249644 
         step     negloglik            mu      sigma.sq            SE 
 1.000000e+00 -4.869087e+01  1.266318e+00  7.708489e-03  2.698335e-04 
[1] "New improvement found, resetting step counter"
         step     negloglik            mu      sigma.sq            SE 
 2.000000e+00 -4.871170e+01  1.224093e+00  7.715185e-03  2.931939e-04 
         step     negloglik            mu      sigma.sq            SE 
 3.000000e+00 -4.871170e+01  1.224093e+00  7.715185e-03  2.931939e-04 
[1] "New improvement found, but slight; taking the best value, but not resetting the step counter"
         step     negloglik            mu      sigma.sq            SE 
 4.000000e+00 -4.871644e+01  1.213601e+00  7.806413e-03  2.824295e-04 
[1] "Now starting analysis"
[1] "Starting with initial values"
         mu    sigma.sq 
1.209259932 0.008499287 
         step     negloglik            mu      sigma.sq 
  1.000000000 -47.984281436   1.209259932   0.008499287 
         step     negloglik            mu      sigma.sq 
  2.000000000 -47.984281436   1.209259932   0.008499287 
         step     negloglik            mu      sigma.sq 
  3.000000000 -47.984281436   1.209259932   0.008499287 
