[1] "args"
[1] "66"  "847"
[1] "Now starting analysis"
[1] "Starting with initial values"
        mu   sigma.sq         SE         bt         vh 
0.26116084 0.13582416 0.06791208 1.00000000 0.06791208 
        step    negloglik           mu     sigma.sq           SE           bt 
 1.000000000 26.271791373  0.304076118  0.004283306  0.052577656  1.127965204 
          vh 
 0.116073443 
[1] "New improvement found, resetting step counter"
        step    negloglik           mu     sigma.sq           SE           bt 
2.000000e+00 2.473583e+01 1.126412e-01 4.292511e-03 5.294232e-02 1.912635e+00 
          vh 
2.465762e-06 
[1] "New improvement found, resetting step counter"
        step    negloglik           mu     sigma.sq           SE           bt 
 3.000000000 24.702883445  0.216583883  0.004532711  0.053750822  1.872082474 
          vh 
 0.005519413 
[1] "New improvement found, resetting step counter"
        step    negloglik           mu     sigma.sq           SE           bt 
 4.000000000 24.564541978  0.237084748  0.004226945  0.051200785  2.072953139 
          vh 
 0.001595762 
        step    negloglik           mu     sigma.sq           SE           bt 
 5.000000000 24.564541978  0.237084748  0.004226945  0.051200785  2.072953139 
          vh 
 0.001595762 
        step    negloglik           mu     sigma.sq           SE           bt 
 6.000000000 24.564541978  0.237084748  0.004226945  0.051200785  2.072953139 
          vh 
 0.001595762 
[1] "Now starting analysis"
[1] "Starting with initial values"
        mu   sigma.sq         bt         vh 
0.26116084 0.13582416 1.00000000 0.06791208 
       step   negloglik          mu    sigma.sq          bt          vh 
 1.00000000 96.22377826  0.26116084  0.13582416  1.10000000  0.06791208 
[1] "New improvement found, resetting step counter"
       step   negloglik          mu    sigma.sq          bt          vh 
 2.00000000 96.16740885  0.26116084  0.13582416  1.21000000  0.06791208 
       step   negloglik          mu    sigma.sq          bt          vh 
 3.00000000 96.16740885  0.26116084  0.13582416  1.21000000  0.06791208 
       step   negloglik          mu    sigma.sq          bt          vh 
 4.00000000 96.16740885  0.26116084  0.13582416  1.21000000  0.06791208 
[1] "Now starting analysis"
[1] "Starting with initial values"
        mu   sigma.sq         SE         vh 
0.26116084 0.13582416 0.06791208 0.06791208 
        step    negloglik           mu     sigma.sq           SE           vh 
 1.000000000 26.813731959  0.292050371  0.004266412  0.051287524  0.107420231 
[1] "New improvement found, resetting step counter"
        step    negloglik           mu     sigma.sq           SE           vh 
 2.000000000 26.249061072  0.175698074  0.004493814  0.052596834  0.281734885 
        step    negloglik           mu     sigma.sq           SE           vh 
 3.000000000 26.249061072  0.175698074  0.004493814  0.052596834  0.281734885 
        step    negloglik           mu     sigma.sq           SE           vh 
 4.000000000 26.249061072  0.175698074  0.004493814  0.052596834  0.281734885 
[1] "Now starting analysis"
[1] "Starting with initial values"
        mu   sigma.sq         vh 
0.26116084 0.13582416 0.06791208 
       step   negloglik          mu    sigma.sq          vh 
 1.00000000 96.28857706  0.26116084  0.13582416  0.06791208 
       step   negloglik          mu    sigma.sq          vh 
 2.00000000 96.28857706  0.26116084  0.13582416  0.06791208 
       step   negloglik          mu    sigma.sq          vh 
 3.00000000 96.28857706  0.26116084  0.13582416  0.06791208 
[1] "Now starting analysis"
[1] "Starting with initial values"
        mu   sigma.sq         SE         bt 
0.26116084 0.13582416 0.06791208 1.00000000 
        step    negloglik           mu     sigma.sq           SE           bt 
 1.000000000 27.591352080  0.339354987  0.005597418  0.049887901  1.160078577 
[1] "New improvement found, resetting step counter"
        step    negloglik           mu     sigma.sq           SE           bt 
 2.000000000 24.548478686  0.232900109  0.004389347  0.054131038  2.068704177 
[1] "New improvement found, resetting step counter"
        step    negloglik           mu     sigma.sq           SE           bt 
 3.000000000 24.527967454  0.221988248  0.004392053  0.052324154  2.166371434 
        step    negloglik           mu     sigma.sq           SE           bt 
 4.000000000 24.527967454  0.221988248  0.004392053  0.052324154  2.166371434 
        step    negloglik           mu     sigma.sq           SE           bt 
 5.000000000 24.527967454  0.221988248  0.004392053  0.052324154  2.166371434 
[1] "Now starting analysis"
[1] "Starting with initial values"
       mu  sigma.sq        bt 
0.2611608 0.1358242 1.0000000 
      step  negloglik         mu   sigma.sq         bt 
 1.0000000 96.2058755  0.2611608  0.1358242  1.1000000 
[1] "New improvement found, resetting step counter"
      step  negloglik         mu   sigma.sq         bt 
 2.0000000 96.1457149  0.2611608  0.1358242  1.2100000 
[1] "New improvement found, resetting step counter"
      step  negloglik         mu   sigma.sq         bt 
 3.0000000 96.1282155  0.2445484  0.1323185  1.2899843 
      step  negloglik         mu   sigma.sq         bt 
 4.0000000 96.1282155  0.2445484  0.1323185  1.2899843 
[1] "New improvement found, but slight; taking the best value, but not resetting the step counter"
      step  negloglik         mu   sigma.sq         bt 
 5.0000000 96.1213324  0.2465587  0.1360733  1.2638196 
[1] "Now starting analysis"
[1] "Starting with initial values"
        mu   sigma.sq         SE 
0.26116084 0.13582416 0.06791208 
        step    negloglik           mu     sigma.sq           SE 
 1.000000000 29.016599564  0.329735979  0.005639373  0.053409576 
[1] "New improvement found, resetting step counter"
        step    negloglik           mu     sigma.sq           SE 
 2.000000000 28.982119559  0.236766068  0.005733292  0.052405090 
        step    negloglik           mu     sigma.sq           SE 
 3.000000000 28.982119559  0.236766068  0.005733292  0.052405090 
        step    negloglik           mu     sigma.sq           SE 
 4.000000000 28.982119559  0.236766068  0.005733292  0.052405090 
[1] "Now starting analysis"
[1] "Starting with initial values"
       mu  sigma.sq 
0.2611608 0.1358242 
      step  negloglik         mu   sigma.sq 
 1.0000000 96.2750324  0.2611608  0.1358242 
      step  negloglik         mu   sigma.sq 
 2.0000000 96.2750324  0.2611608  0.1358242 
[1] "New improvement found, but slight; taking the best value, but not resetting the step counter"
      step  negloglik         mu   sigma.sq 
 3.0000000 96.2747125  0.2751469  0.1365297 
