[1] "args"
[1] "66"  "376"
[1] "Now starting analysis"
[1] "Starting with initial values"
         mu    sigma.sq          SE          bt          vh 
1.056172549 0.007006962 0.003503481 1.000000000 0.003503481 
         step     negloglik            mu      sigma.sq            SE 
 1.000000e+00 -1.824714e+01  3.098988e-01  6.903476e-03  1.101051e-04 
           bt            vh 
 1.219211e+00  1.719167e-02 
[1] "New improvement found, resetting step counter"
         step     negloglik            mu      sigma.sq            SE 
 2.000000e+00 -1.829543e+01  3.857699e-01  6.926916e-03  1.395969e-04 
           bt            vh 
 1.228852e+00  9.863068e-03 
         step     negloglik            mu      sigma.sq            SE 
 3.000000e+00 -1.829543e+01  3.857699e-01  6.926916e-03  1.395969e-04 
           bt            vh 
 1.228852e+00  9.863068e-03 
         step     negloglik            mu      sigma.sq            SE 
 4.000000e+00 -1.829543e+01  3.857699e-01  6.926916e-03  1.395969e-04 
           bt            vh 
 1.228852e+00  9.863068e-03 
[1] "Now starting analysis"
[1] "Starting with initial values"
         mu    sigma.sq          bt          vh 
1.056172549 0.007006962 1.000000000 0.003503481 
         step     negloglik            mu      sigma.sq            bt 
  1.000000000 -17.875771315   0.957089492   0.007585281   1.081715003 
           vh 
  0.021771625 
[1] "New improvement found, resetting step counter"
         step     negloglik            mu      sigma.sq            bt 
  2.000000000 -18.149036663   0.422841421   0.007431439   1.229049396 
           vh 
  0.005500647 
         step     negloglik            mu      sigma.sq            bt 
  3.000000000 -18.149036663   0.422841421   0.007431439   1.229049396 
           vh 
  0.005500647 
         step     negloglik            mu      sigma.sq            bt 
  4.000000000 -18.149036663   0.422841421   0.007431439   1.229049396 
           vh 
  0.005500647 
[1] "Now starting analysis"
[1] "Starting with initial values"
         mu    sigma.sq          SE          vh 
1.056172549 0.007006962 0.003503481 0.003503481 
         step     negloglik            mu      sigma.sq            SE 
 1.000000e+00 -1.780804e+01  1.170429e+00  6.854636e-03  1.301907e-04 
           vh 
 3.142104e-02 
[1] "New improvement found, resetting step counter"
         step     negloglik            mu      sigma.sq            SE 
 2.000000e+00 -1.784551e+01  9.970640e-01  6.852139e-03  1.172187e-04 
           vh 
 4.212526e-02 
         step     negloglik            mu      sigma.sq            SE 
 3.000000e+00 -1.784551e+01  9.970640e-01  6.852139e-03  1.172187e-04 
           vh 
 4.212526e-02 
         step     negloglik            mu      sigma.sq            SE 
 4.000000e+00 -1.784551e+01  9.970640e-01  6.852139e-03  1.172187e-04 
           vh 
 4.212526e-02 
[1] "Now starting analysis"
[1] "Starting with initial values"
         mu    sigma.sq          vh 
1.056172549 0.007006962 0.003503481 
         step     negloglik            mu      sigma.sq            vh 
  1.000000000 -17.686608261   1.029404374   0.007365093   0.030277386 
         step     negloglik            mu      sigma.sq            vh 
  2.000000000 -17.686608261   1.029404374   0.007365093   0.030277386 
         step     negloglik            mu      sigma.sq            vh 
  3.000000000 -17.686608261   1.029404374   0.007365093   0.030277386 
[1] "Now starting analysis"
[1] "Starting with initial values"
         mu    sigma.sq          SE          bt 
1.056172549 0.007006962 0.003503481 1.000000000 
         step     negloglik            mu      sigma.sq            SE 
 1.000000e+00 -1.829938e+01  3.258712e-01  7.077482e-03  1.084848e-04 
           bt 
 1.274656e+00 
[1] "New improvement found, but slight; taking the best value, but not resetting the step counter"
         step     negloglik            mu      sigma.sq            SE 
 2.000000e+00 -1.830118e+01  3.432289e-01  7.082546e-03  1.301241e-04 
           bt 
 1.255847e+00 
         step     negloglik            mu      sigma.sq            SE 
 3.000000e+00 -1.830118e+01  3.432289e-01  7.082546e-03  1.301241e-04 
           bt 
 1.255847e+00 
[1] "Now starting analysis"
[1] "Starting with initial values"
         mu    sigma.sq          bt 
1.056172549 0.007006962 1.000000000 
        step    negloglik           mu     sigma.sq           bt 
  1.00000000 -18.14427739   0.32609930   0.00726234   1.24924065 
[1] "New improvement found, but slight; taking the best value, but not resetting the step counter"
         step     negloglik            mu      sigma.sq            bt 
  2.000000000 -18.154135393   0.409717125   0.007413706   1.248419063 
[1] "New improvement found, but slight; taking the best value, but not resetting the step counter"
         step     negloglik            mu      sigma.sq            bt 
  3.000000000 -18.155709343   0.330702697   0.007346521   1.267615813 
[1] "Now starting analysis"
[1] "Starting with initial values"
         mu    sigma.sq          SE 
1.056172549 0.007006962 0.003503481 
         step     negloglik            mu      sigma.sq            SE 
 1.000000e+00 -1.768889e+01  1.106118e+00  7.656324e-03  8.698337e-05 
         step     negloglik            mu      sigma.sq            SE 
 2.000000e+00 -1.768889e+01  1.106118e+00  7.656324e-03  8.698337e-05 
         step     negloglik            mu      sigma.sq            SE 
 3.000000e+00 -1.768889e+01  1.106118e+00  7.656324e-03  8.698337e-05 
[1] "Now starting analysis"
[1] "Starting with initial values"
         mu    sigma.sq 
1.056172549 0.007006962 
         step     negloglik            mu      sigma.sq 
  1.000000000 -17.572813008   1.105977170   0.008064166 
[1] "New improvement found, but slight; taking the best value, but not resetting the step counter"
         step     negloglik            mu      sigma.sq 
  2.000000000 -17.581535006   1.092314464   0.007740149 
[1] "New improvement found, but slight; taking the best value, but not resetting the step counter"
         step     negloglik            mu      sigma.sq 
  3.000000000 -17.581804239   1.098688221   0.007823809 
