[1] "args"
[1] "66"   "1277"
[1] "Now starting analysis"
[1] "Starting with initial values"
       mu  sigma.sq        SE        bt        vh 
1.2636537 0.6831093 0.3415547 1.0000000 0.3415547 
        step    negloglik           mu     sigma.sq           SE           bt 
 1.000000000 45.895547854  1.675873623  0.006664996  0.074903163  1.022572430 
          vh 
 0.434684527 
[1] "New improvement found, resetting step counter"
        step    negloglik           mu     sigma.sq           SE           bt 
 2.000000000 44.263711969  1.232369037  0.006395009  0.076268209  1.033641243 
          vh 
 0.005737357 
        step    negloglik           mu     sigma.sq           SE           bt 
 3.000000000 44.263711969  1.232369037  0.006395009  0.076268209  1.033641243 
          vh 
 0.005737357 
        step    negloglik           mu     sigma.sq           SE           bt 
 4.000000000 44.263711969  1.232369037  0.006395009  0.076268209  1.033641243 
          vh 
 0.005737357 
[1] "Now starting analysis"
[1] "Starting with initial values"
       mu  sigma.sq        bt        vh 
1.2636537 0.6831093 1.0000000 0.3415547 
       step   negloglik          mu    sigma.sq          bt          vh 
  1.0000000 174.0609839   1.2636537   0.6831093   1.0000000   0.3415547 
       step   negloglik          mu    sigma.sq          bt          vh 
  2.0000000 174.0609839   1.2636537   0.6831093   1.0000000   0.3415547 
       step   negloglik          mu    sigma.sq          bt          vh 
  3.0000000 174.0609839   1.2636537   0.6831093   1.0000000   0.3415547 
[1] "Now starting analysis"
[1] "Starting with initial values"
       mu  sigma.sq        SE        vh 
1.2636537 0.6831093 0.3415547 0.3415547 
        step    negloglik           mu     sigma.sq           SE           vh 
 1.000000000 46.381830450  1.409509109  0.006405964  0.070628536  0.702582183 
[1] "New improvement found, resetting step counter"
        step    negloglik           mu     sigma.sq           SE           vh 
 2.000000000 44.328044341  1.293756801  0.006760514  0.079933727  0.020611102 
        step    negloglik           mu     sigma.sq           SE           vh 
 3.000000000 44.328044341  1.293756801  0.006760514  0.079933727  0.020611102 
[1] "New improvement found, resetting step counter"
        step    negloglik           mu     sigma.sq           SE           vh 
 4.000000000 44.293427934  1.239006787  0.007023482  0.076619602  0.013667346 
        step    negloglik           mu     sigma.sq           SE           vh 
 5.000000000 44.293427934  1.239006787  0.007023482  0.076619602  0.013667346 
        step    negloglik           mu     sigma.sq           SE           vh 
 6.000000000 44.293427934  1.239006787  0.007023482  0.076619602  0.013667346 
[1] "Now starting analysis"
[1] "Starting with initial values"
       mu  sigma.sq        vh 
1.2636537 0.6831093 0.3415547 
       step   negloglik          mu    sigma.sq          vh 
  1.0000000 174.0609839   1.2636537   0.6831093   0.3415547 
       step   negloglik          mu    sigma.sq          vh 
  2.0000000 174.0609839   1.2636537   0.6831093   0.3415547 
       step   negloglik          mu    sigma.sq          vh 
  3.0000000 174.0609839   1.2636537   0.6831093   0.3415547 
[1] "Now starting analysis"
[1] "Starting with initial values"
       mu  sigma.sq        SE        bt 
1.2636537 0.6831093 0.3415547 1.0000000 
        step    negloglik           mu     sigma.sq           SE           bt 
 1.000000000 44.876695323  1.562874919  0.007048047  0.074861176  0.993946441 
[1] "New improvement found, resetting step counter"
        step    negloglik           mu     sigma.sq           SE           bt 
 2.000000000 44.270321548  1.240482806  0.007257259  0.074946939  1.006274465 
        step    negloglik           mu     sigma.sq           SE           bt 
 3.000000000 44.270321548  1.240482806  0.007257259  0.074946939  1.006274465 
        step    negloglik           mu     sigma.sq           SE           bt 
 4.000000000 44.270321548  1.240482806  0.007257259  0.074946939  1.006274465 
[1] "Now starting analysis"
[1] "Starting with initial values"
       mu  sigma.sq        bt 
1.2636537 0.6831093 1.0000000 
       step   negloglik          mu    sigma.sq          bt 
  1.0000000 173.9752964   1.2636537   0.6831093   1.0000000 
       step   negloglik          mu    sigma.sq          bt 
  2.0000000 173.9752964   1.2636537   0.6831093   1.0000000 
       step   negloglik          mu    sigma.sq          bt 
  3.0000000 173.9752964   1.2636537   0.6831093   1.0000000 
[1] "Now starting analysis"
[1] "Starting with initial values"
       mu  sigma.sq        SE 
1.2636537 0.6831093 0.3415547 
        step    negloglik           mu     sigma.sq           SE 
 1.000000000 44.457330942  1.410511841  0.007000447  0.073051012 
[1] "New improvement found, resetting step counter"
        step    negloglik           mu     sigma.sq           SE 
 2.000000000 44.292503094  1.292605326  0.006958934  0.073820249 
        step    negloglik           mu     sigma.sq           SE 
 3.000000000 44.292503094  1.292605326  0.006958934  0.073820249 
        step    negloglik           mu     sigma.sq           SE 
 4.000000000 44.292503094  1.292605326  0.006958934  0.073820249 
[1] "Now starting analysis"
[1] "Starting with initial values"
       mu  sigma.sq 
1.2636537 0.6831093 
       step   negloglik          mu    sigma.sq 
  1.0000000 173.9752964   1.2636537   0.6831093 
       step   negloglik          mu    sigma.sq 
  2.0000000 173.9752964   1.2636537   0.6831093 
       step   negloglik          mu    sigma.sq 
  3.0000000 173.9752964   1.2636537   0.6831093 
