000 (066.1576.000) 07/26 17:14:46 Job submitted from host: <160.36.155.106:9618?addrs=160.36.155.106-9618&noUDP&sock=27742_4872_4>
...
012 (066.1576.000) 08/03 14:17:20 Job was held.
	via condor_hold (by user bomeara)
	Code 1 Subcode 0
...
013 (066.1576.000) 08/05 22:28:07 Job was released.
	via condor_release (by user bomeara)
...
012 (066.1576.000) 08/09 10:36:15 Job was held.
	via condor_hold (by user bomeara)
	Code 1 Subcode 0
...
013 (066.1576.000) 08/09 13:05:26 Job was released.
	via condor_release (by user bomeara)
...
001 (066.1576.000) 09/19 20:56:47 Job executing on host: <10.131.171.171:9618?addrs=10.131.171.171-9618&noUDP&sock=2284_3666_4>
...
006 (066.1576.000) 09/19 20:56:55 Image size of job updated: 220080
	215  -  MemoryUsage of job (MB)
	220080  -  ResidentSetSize of job (KB)
...
006 (066.1576.000) 09/19 21:26:58 Image size of job updated: 228952
	224  -  MemoryUsage of job (MB)
	228952  -  ResidentSetSize of job (KB)
...
006 (066.1576.000) 09/19 22:27:05 Image size of job updated: 228964
	224  -  MemoryUsage of job (MB)
	228964  -  ResidentSetSize of job (KB)
...
022 (066.1576.000) 09/20 13:20:16 Job disconnected, attempting to reconnect
    Socket between submit and execute hosts closed unexpectedly
    Trying to reconnect to slot1_10@omearaclusterb <10.131.171.171:9618?addrs=10.131.171.171-9618&noUDP&sock=2284_3666_4>
...
024 (066.1576.000) 09/20 14:00:16 Job reconnection failed
    Job disconnected too long: JobLeaseDuration (2400 seconds) expired
    Can not reconnect to slot1_10@omearaclusterb, rescheduling job
...
012 (066.1576.000) 09/23 13:38:09 Job was held.
	via condor_hold (by user bomeara)
	Code 1 Subcode 0
...
001 (066.1576.000) 09/24 14:49:55 Job executing on host: <10.128.121.58:9618?addrs=10.128.121.58-9618&noUDP&sock=2329_1429_4>
...
013 (066.1576.000) 09/24 14:50:00 Job was released.
	via condor_release (by user bomeara)
...
005 (066.1576.000) 09/28 02:37:06 Job terminated.
	(1) Normal termination (return value 0)
		Usr 3 11:40:39, Sys 0 00:00:25  -  Run Remote Usage
		Usr 0 00:00:00, Sys 0 00:00:00  -  Run Local Usage
		Usr 3 11:40:39, Sys 0 00:00:25  -  Total Remote Usage
		Usr 0 00:00:00, Sys 0 00:00:00  -  Total Local Usage
	28741  -  Run Bytes Sent By Job
	2422  -  Run Bytes Received By Job
	28741  -  Total Bytes Sent By Job
	4844  -  Total Bytes Received By Job
	Partitionable Resources :    Usage  Request Allocated 
	   Cpus                 :     1.00        1         1 
	   Disk (KB)            :    47          75    888340 
	   Memory (MB)          :   245         245       256 
...
