[1] "args"
[1] "66"  "978"
[1] "Now starting analysis"
[1] "Starting with initial values"
       mu  sigma.sq        SE        bt        vh 
 1.589535 22.436285 11.218143  1.000000 11.218143 
       step   negloglik          mu    sigma.sq          SE          bt 
 1.00000000 17.95248660  1.14130077  0.01088729  0.08840335 36.40280982 
         vh 
 1.55232826 
[1] "New improvement found, resetting step counter"
        step    negloglik           mu     sigma.sq           SE           bt 
2.000000e+00 1.427821e+01 1.197917e+00 4.730920e-03 1.099175e-01 2.398521e+00 
          vh 
3.958908e-04 
        step    negloglik           mu     sigma.sq           SE           bt 
3.000000e+00 1.427821e+01 1.197917e+00 4.730920e-03 1.099175e-01 2.398521e+00 
          vh 
3.958908e-04 
        step    negloglik           mu     sigma.sq           SE           bt 
4.000000e+00 1.427821e+01 1.197917e+00 4.730920e-03 1.099175e-01 2.398521e+00 
          vh 
3.958908e-04 
[1] "Now starting analysis"
[1] "Starting with initial values"
       mu  sigma.sq        bt        vh 
 1.589535 22.436285  1.000000 11.218143 
     step negloglik        mu  sigma.sq        bt        vh 
 1.000000 95.044628  1.589535 22.436285  3.243629 11.218143 
     step negloglik        mu  sigma.sq        bt        vh 
 2.000000 95.044628  1.589535 22.436285  3.243629 11.218143 
[1] "New improvement found, but slight; taking the best value, but not resetting the step counter"
     step negloglik        mu  sigma.sq        bt        vh 
 3.000000 95.043663  1.638337 22.248165  3.276250 10.111562 
[1] "Now starting analysis"
[1] "Starting with initial values"
       mu  sigma.sq        SE        vh 
 1.589535 22.436285 11.218143 11.218143 
      step  negloglik         mu   sigma.sq         SE         vh 
 1.0000000 29.8699780  6.9866347  0.1261383  0.0611507 22.3930469 
[1] "New improvement found, resetting step counter"
        step    negloglik           mu     sigma.sq           SE           vh 
 2.000000000 16.742205012  1.357872302  0.006231262  0.095053169 18.774372439 
        step    negloglik           mu     sigma.sq           SE           vh 
 3.000000000 16.742205012  1.357872302  0.006231262  0.095053169 18.774372439 
        step    negloglik           mu     sigma.sq           SE           vh 
 4.000000000 16.742205012  1.357872302  0.006231262  0.095053169 18.774372439 
[1] "Now starting analysis"
[1] "Starting with initial values"
       mu  sigma.sq        vh 
 1.589535 22.436285 11.218143 
     step negloglik        mu  sigma.sq        vh 
 1.000000 95.045475  1.589535 22.436285 11.218143 
     step negloglik        mu  sigma.sq        vh 
 2.000000 95.045475  1.589535 22.436285 11.218143 
     step negloglik        mu  sigma.sq        vh 
 3.000000 95.045475  1.589535 22.436285 11.218143 
[1] "Now starting analysis"
[1] "Starting with initial values"
       mu  sigma.sq        SE        bt 
 1.589535 22.436285 11.218143  1.000000 
       step   negloglik          mu    sigma.sq          SE          bt 
 1.00000000 31.79249965  7.02766885  0.16742679  0.05964914 19.47602546 
[1] "New improvement found, resetting step counter"
        step    negloglik           mu     sigma.sq           SE           bt 
 2.000000000 14.156866260  1.301020627  0.004394583  0.100505673  2.251884457 
        step    negloglik           mu     sigma.sq           SE           bt 
 3.000000000 14.156866260  1.301020627  0.004394583  0.100505673  2.251884457 
        step    negloglik           mu     sigma.sq           SE           bt 
 4.000000000 14.156866260  1.301020627  0.004394583  0.100505673  2.251884457 
[1] "Now starting analysis"
[1] "Starting with initial values"
       mu  sigma.sq        bt 
 1.589535 22.436285  1.000000 
     step negloglik        mu  sigma.sq        bt 
 1.000000 95.027355  1.589535 22.436285  3.243629 
     step negloglik        mu  sigma.sq        bt 
 2.000000 95.027355  1.589535 22.436285  3.243629 
     step negloglik        mu  sigma.sq        bt 
 3.000000 95.027355  1.589535 22.436285  3.243629 
[1] "Now starting analysis"
[1] "Starting with initial values"
       mu  sigma.sq        SE 
 1.589535 22.436285 11.218143 
        step    negloglik           mu     sigma.sq           SE 
1.000000e+00 4.823790e+01 1.498857e+00 6.948622e-05 3.417239e+00 
[1] "New improvement found, resetting step counter"
       step   negloglik          mu    sigma.sq          SE 
 2.00000000 19.46337278  2.33815688  0.05226881  0.06836874 
       step   negloglik          mu    sigma.sq          SE 
 3.00000000 19.46337278  2.33815688  0.05226881  0.06836874 
       step   negloglik          mu    sigma.sq          SE 
 4.00000000 19.46337278  2.33815688  0.05226881  0.06836874 
[1] "Now starting analysis"
[1] "Starting with initial values"
       mu  sigma.sq 
 1.589535 22.436285 
     step negloglik        mu  sigma.sq 
 1.000000 95.028232  1.589535 22.436285 
     step negloglik        mu  sigma.sq 
 2.000000 95.028232  1.589535 22.436285 
     step negloglik        mu  sigma.sq 
 3.000000 95.028232  1.589535 22.436285 
