[1] "args"
[1] "66" "73"
[1] "Now starting analysis"
[1] "Starting with initial values"
         mu    sigma.sq          SE          bt          vh 
1.107733026 0.010546410 0.005273205 1.000000000 0.005273205 
         step     negloglik            mu      sigma.sq            SE 
 1.000000e+00 -3.076451e+01  1.188979e+00  9.647654e-03  4.122648e-04 
           bt            vh 
 1.030650e+00  3.416288e-02 
[1] "New improvement found, resetting step counter"
         step     negloglik            mu      sigma.sq            SE 
 2.000000e+00 -3.091187e+01  1.090939e+00  9.672114e-03  4.515633e-04 
           bt            vh 
 9.525636e-01  3.502959e-03 
         step     negloglik            mu      sigma.sq            SE 
 3.000000e+00 -3.091187e+01  1.090939e+00  9.672114e-03  4.515633e-04 
           bt            vh 
 9.525636e-01  3.502959e-03 
         step     negloglik            mu      sigma.sq            SE 
 4.000000e+00 -3.091187e+01  1.090939e+00  9.672114e-03  4.515633e-04 
           bt            vh 
 9.525636e-01  3.502959e-03 
[1] "Now starting analysis"
[1] "Starting with initial values"
         mu    sigma.sq          bt          vh 
1.107733026 0.010546410 1.000000000 0.005273205 
         step     negloglik            mu      sigma.sq            bt 
  1.000000000 -30.342684035   1.116430040   0.010699003   0.990847799 
           vh 
  0.003802116 
[1] "New improvement found, but slight; taking the best value, but not resetting the step counter"
         step     negloglik            mu      sigma.sq            bt 
  2.000000000 -30.344811776   1.120570047   0.010698392   0.936113567 
           vh 
  0.004901976 
         step     negloglik            mu      sigma.sq            bt 
  3.000000000 -30.344811776   1.120570047   0.010698392   0.936113567 
           vh 
  0.004901976 
[1] "Now starting analysis"
[1] "Starting with initial values"
         mu    sigma.sq          SE          vh 
1.107733026 0.010546410 0.005273205 0.005273205 
         step     negloglik            mu      sigma.sq            SE 
 1.000000e+00 -3.071979e+01  1.107117e+00  9.804340e-03  3.637036e-04 
           vh 
 6.706468e-02 
[1] "New improvement found, resetting step counter"
         step     negloglik            mu      sigma.sq            SE 
 2.000000e+00 -3.090685e+01  1.117435e+00  9.820197e-03  4.225395e-04 
           vh 
 2.196164e-03 
         step     negloglik            mu      sigma.sq            SE 
 3.000000e+00 -3.090685e+01  1.117435e+00  9.820197e-03  4.225395e-04 
           vh 
 2.196164e-03 
         step     negloglik            mu      sigma.sq            SE 
 4.000000e+00 -3.090685e+01  1.117435e+00  9.820197e-03  4.225395e-04 
           vh 
 2.196164e-03 
[1] "Now starting analysis"
[1] "Starting with initial values"
         mu    sigma.sq          vh 
1.107733026 0.010546410 0.005273205 
         step     negloglik            mu      sigma.sq            vh 
  1.000000000 -30.345441649   1.090928856   0.010700662   0.001802858 
         step     negloglik            mu      sigma.sq            vh 
  2.000000000 -30.345441649   1.090928856   0.010700662   0.001802858 
[1] "New improvement found, but slight; taking the best value, but not resetting the step counter"
         step     negloglik            mu      sigma.sq            vh 
  3.000000000 -30.347486769   1.102767408   0.010689373   0.001649684 
[1] "Now starting analysis"
[1] "Starting with initial values"
         mu    sigma.sq          SE          bt 
1.107733026 0.010546410 0.005273205 1.000000000 
         step     negloglik            mu      sigma.sq            SE 
  1.000000000 -30.859977860   1.225470012   0.009785318   0.000404392 
           bt 
  0.985801799 
[1] "New improvement found, resetting step counter"
         step     negloglik            mu      sigma.sq            SE 
 2.000000e+00 -3.092253e+01  1.103979e+00  9.781838e-03  3.998001e-04 
           bt 
 9.285459e-01 
         step     negloglik            mu      sigma.sq            SE 
 3.000000e+00 -3.092253e+01  1.103979e+00  9.781838e-03  3.998001e-04 
           bt 
 9.285459e-01 
         step     negloglik            mu      sigma.sq            SE 
 4.000000e+00 -3.092253e+01  1.103979e+00  9.781838e-03  3.998001e-04 
           bt 
 9.285459e-01 
[1] "Now starting analysis"
[1] "Starting with initial values"
        mu   sigma.sq         bt 
1.10773303 0.01054641 1.00000000 
        step    negloglik           mu     sigma.sq           bt 
  1.00000000 -30.36439528   1.09540084   0.01061853   0.95074338 
        step    negloglik           mu     sigma.sq           bt 
  2.00000000 -30.36439528   1.09540084   0.01061853   0.95074338 
        step    negloglik           mu     sigma.sq           bt 
  3.00000000 -30.36439528   1.09540084   0.01061853   0.95074338 
[1] "Now starting analysis"
[1] "Starting with initial values"
         mu    sigma.sq          SE 
1.107733026 0.010546410 0.005273205 
         step     negloglik            mu      sigma.sq            SE 
 1.000000e+00 -3.090087e+01  1.152854e+00  9.796842e-03  3.700047e-04 
[1] "New improvement found, but slight; taking the best value, but not resetting the step counter"
         step     negloglik            mu      sigma.sq            SE 
 2.000000e+00 -3.090865e+01  1.114356e+00  9.826473e-03  4.798298e-04 
         step     negloglik            mu      sigma.sq            SE 
 3.000000e+00 -3.090865e+01  1.114356e+00  9.826473e-03  4.798298e-04 
[1] "Now starting analysis"
[1] "Starting with initial values"
        mu   sigma.sq 
1.10773303 0.01054641 
        step    negloglik           mu     sigma.sq 
  1.00000000 -30.35709443   1.10773303   0.01054641 
        step    negloglik           mu     sigma.sq 
  2.00000000 -30.35709443   1.10773303   0.01054641 
        step    negloglik           mu     sigma.sq 
  3.00000000 -30.35709443   1.10773303   0.01054641 
