000 (066.1666.000) 07/26 17:14:46 Job submitted from host: <160.36.155.106:9618?addrs=160.36.155.106-9618&noUDP&sock=27742_4872_4>
...
012 (066.1666.000) 08/03 14:17:24 Job was held.
	via condor_hold (by user bomeara)
	Code 1 Subcode 0
...
013 (066.1666.000) 08/05 22:28:11 Job was released.
	via condor_release (by user bomeara)
...
012 (066.1666.000) 08/09 10:36:21 Job was held.
	via condor_hold (by user bomeara)
	Code 1 Subcode 0
...
013 (066.1666.000) 08/09 13:05:30 Job was released.
	via condor_release (by user bomeara)
...
012 (066.1666.000) 09/23 13:38:14 Job was held.
	via condor_hold (by user bomeara)
	Code 1 Subcode 0
...
013 (066.1666.000) 09/24 14:50:04 Job was released.
	via condor_release (by user bomeara)
...
001 (066.1666.000) 09/27 23:00:23 Job executing on host: <10.128.213.253:9618?addrs=10.128.213.253-9618&noUDP&sock=2289_a45f_4>
...
006 (066.1666.000) 09/27 23:00:31 Image size of job updated: 221220
	217  -  MemoryUsage of job (MB)
	221220  -  ResidentSetSize of job (KB)
...
006 (066.1666.000) 09/27 23:05:31 Image size of job updated: 229536
	225  -  MemoryUsage of job (MB)
	229536  -  ResidentSetSize of job (KB)
...
006 (066.1666.000) 09/27 23:15:33 Image size of job updated: 229552
	225  -  MemoryUsage of job (MB)
	229552  -  ResidentSetSize of job (KB)
...
006 (066.1666.000) 10/01 16:49:37 Image size of job updated: 231896
	227  -  MemoryUsage of job (MB)
	231896  -  ResidentSetSize of job (KB)
...
006 (066.1666.000) 10/08 03:26:27 Image size of job updated: 438292
	227  -  MemoryUsage of job (MB)
	231896  -  ResidentSetSize of job (KB)
...
005 (066.1666.000) 10/08 03:26:27 Job terminated.
	(1) Normal termination (return value 0)
		Usr 10 04:03:39, Sys 0 00:02:41  -  Run Remote Usage
		Usr 0 00:00:00, Sys 0 00:00:00  -  Run Local Usage
		Usr 10 04:03:39, Sys 0 00:02:41  -  Total Remote Usage
		Usr 0 00:00:00, Sys 0 00:00:00  -  Total Local Usage
	30059  -  Run Bytes Sent By Job
	2422  -  Run Bytes Received By Job
	30059  -  Total Bytes Sent By Job
	2422  -  Total Bytes Received By Job
	Partitionable Resources :    Usage  Request Allocated 
	   Cpus                 :     1.00        1         1 
	   Disk (KB)            :    47           4    892730 
	   Memory (MB)          :   227           1       128 
...
