000 (066.295.000) 07/26 17:14:46 Job submitted from host: <160.36.155.106:9618?addrs=160.36.155.106-9618&noUDP&sock=27742_4872_4>
...
001 (066.295.000) 07/27 05:53:02 Job executing on host: <160.36.154.249:9618?addrs=160.36.154.249-9618&noUDP&sock=66431_b80f_4>
...
006 (066.295.000) 07/27 05:53:10 Image size of job updated: 234056
	229  -  MemoryUsage of job (MB)
	234056  -  ResidentSetSize of job (KB)
...
006 (066.295.000) 07/27 05:58:10 Image size of job updated: 248160
	243  -  MemoryUsage of job (MB)
	248160  -  ResidentSetSize of job (KB)
...
006 (066.295.000) 07/27 10:53:38 Image size of job updated: 249380
	244  -  MemoryUsage of job (MB)
	249380  -  ResidentSetSize of job (KB)
...
005 (066.295.000) 07/27 18:16:28 Job terminated.
	(1) Normal termination (return value 0)
		Usr 0 12:21:42, Sys 0 00:00:12  -  Run Remote Usage
		Usr 0 00:00:00, Sys 0 00:00:00  -  Run Local Usage
		Usr 0 12:21:42, Sys 0 00:00:12  -  Total Remote Usage
		Usr 0 00:00:00, Sys 0 00:00:00  -  Total Local Usage
	32139  -  Run Bytes Sent By Job
	2422  -  Run Bytes Received By Job
	32139  -  Total Bytes Sent By Job
	2422  -  Total Bytes Received By Job
	Partitionable Resources :    Usage  Request Allocated 
	   Cpus                 :     1.00        1         1 
	   Disk (KB)            :    49           4    202517 
	   Memory (MB)          :   244           1       128 
...
