000 (066.391.000) 07/26 17:14:46 Job submitted from host: <160.36.155.106:9618?addrs=160.36.155.106-9618&noUDP&sock=27742_4872_4>
...
001 (066.391.000) 07/29 11:45:05 Job executing on host: <10.128.147.77:9618?addrs=10.128.147.77-9618&noUDP&sock=69960_51c7_4>
...
006 (066.391.000) 07/29 11:45:15 Image size of job updated: 233512
	229  -  MemoryUsage of job (MB)
	233512  -  ResidentSetSize of job (KB)
...
006 (066.391.000) 07/29 11:50:15 Image size of job updated: 249028
	244  -  MemoryUsage of job (MB)
	249028  -  ResidentSetSize of job (KB)
...
006 (066.391.000) 07/29 14:40:34 Image size of job updated: 249452
	244  -  MemoryUsage of job (MB)
	249452  -  ResidentSetSize of job (KB)
...
006 (066.391.000) 07/29 23:25:47 Image size of job updated: 455840
	244  -  MemoryUsage of job (MB)
	249452  -  ResidentSetSize of job (KB)
...
005 (066.391.000) 07/29 23:25:47 Job terminated.
	(1) Normal termination (return value 0)
		Usr 0 11:39:43, Sys 0 00:00:03  -  Run Remote Usage
		Usr 0 00:00:00, Sys 0 00:00:00  -  Run Local Usage
		Usr 0 11:39:43, Sys 0 00:00:03  -  Total Remote Usage
		Usr 0 00:00:00, Sys 0 00:00:00  -  Total Local Usage
	31450  -  Run Bytes Sent By Job
	2422  -  Run Bytes Received By Job
	31450  -  Total Bytes Sent By Job
	2422  -  Total Bytes Received By Job
	Partitionable Resources :    Usage  Request Allocated 
	   Cpus                 :     1.00        1         1 
	   Disk (KB)            :    48           4    888417 
	   Memory (MB)          :   244           1       128 
...
