000 (066.327.000) 07/26 17:14:46 Job submitted from host: <160.36.155.106:9618?addrs=160.36.155.106-9618&noUDP&sock=27742_4872_4>
...
001 (066.327.000) 07/27 12:30:07 Job executing on host: <10.128.121.58:9618?addrs=10.128.121.58-9618&noUDP&sock=2263_cee9_4>
...
006 (066.327.000) 07/27 12:30:16 Image size of job updated: 243120
	238  -  MemoryUsage of job (MB)
	243120  -  ResidentSetSize of job (KB)
...
006 (066.327.000) 07/27 12:35:17 Image size of job updated: 245232
	240  -  MemoryUsage of job (MB)
	245232  -  ResidentSetSize of job (KB)
...
006 (066.327.000) 07/27 12:40:17 Image size of job updated: 245248
	240  -  MemoryUsage of job (MB)
	245248  -  ResidentSetSize of job (KB)
...
006 (066.327.000) 07/28 05:26:59 Image size of job updated: 245268
	240  -  MemoryUsage of job (MB)
	245268  -  ResidentSetSize of job (KB)
...
006 (066.327.000) 07/28 07:32:13 Image size of job updated: 248076
	243  -  MemoryUsage of job (MB)
	248076  -  ResidentSetSize of job (KB)
...
006 (066.327.000) 07/28 16:18:09 Image size of job updated: 249320
	244  -  MemoryUsage of job (MB)
	249320  -  ResidentSetSize of job (KB)
...
005 (066.327.000) 07/29 11:48:34 Job terminated.
	(1) Normal termination (return value 0)
		Usr 1 23:14:33, Sys 0 00:00:18  -  Run Remote Usage
		Usr 0 00:00:00, Sys 0 00:00:00  -  Run Local Usage
		Usr 1 23:14:33, Sys 0 00:00:18  -  Total Remote Usage
		Usr 0 00:00:00, Sys 0 00:00:00  -  Total Local Usage
	31161  -  Run Bytes Sent By Job
	2422  -  Run Bytes Received By Job
	31161  -  Total Bytes Sent By Job
	2422  -  Total Bytes Received By Job
	Partitionable Resources :    Usage  Request Allocated 
	   Cpus                 :     1.00        1         1 
	   Disk (KB)            :    48           4    888081 
	   Memory (MB)          :   244           1       128 
...
