[1] "args"
[1] "66"  "995"
[1] "Now starting analysis"
[1] "Starting with initial values"
       mu  sigma.sq        SE        bt        vh 
1.9820348 0.2866797 0.1433399 1.0000000 0.1433399 
       step   negloglik          mu    sigma.sq          SE          bt 
 1.00000000 60.44503180  2.02187917  0.01345761  0.07638926  1.24889773 
         vh 
 0.19679828 
[1] "New improvement found, resetting step counter"
        step    negloglik           mu     sigma.sq           SE           bt 
2.000000e+00 5.720756e+01 1.320179e+00 1.337639e-02 7.474312e-02 1.808660e+00 
          vh 
2.675397e-04 
[1] "New improvement found, resetting step counter"
       step   negloglik          mu    sigma.sq          SE          bt 
 3.00000000 57.19168862  1.23728702  0.01203855  0.07959830  1.83042968 
         vh 
 0.01746170 
       step   negloglik          mu    sigma.sq          SE          bt 
 4.00000000 57.19168862  1.23728702  0.01203855  0.07959830  1.83042968 
         vh 
 0.01746170 
       step   negloglik          mu    sigma.sq          SE          bt 
 5.00000000 57.19168862  1.23728702  0.01203855  0.07959830  1.83042968 
         vh 
 0.01746170 
[1] "Now starting analysis"
[1] "Starting with initial values"
       mu  sigma.sq        bt        vh 
1.9820348 0.2866797 1.0000000 0.1433399 
        step    negloglik           mu     sigma.sq           bt           vh 
  1.00000000 136.21075938   1.62489532   0.26654940   1.89200577   0.01002887 
[1] "New improvement found, resetting step counter"
        step    negloglik           mu     sigma.sq           bt           vh 
  2.00000000 136.17108227   1.66979350   0.29093854   1.93690396   0.04014576 
        step    negloglik           mu     sigma.sq           bt           vh 
  3.00000000 136.17108227   1.66979350   0.29093854   1.93690396   0.04014576 
        step    negloglik           mu     sigma.sq           bt           vh 
  4.00000000 136.17108227   1.66979350   0.29093854   1.93690396   0.04014576 
[1] "Now starting analysis"
[1] "Starting with initial values"
       mu  sigma.sq        SE        vh 
1.9820348 0.2866797 0.1433399 0.1433399 
       step   negloglik          mu    sigma.sq          SE          vh 
 1.00000000 62.17044786  1.78183629  0.01408908  0.07519661  0.54878594 
[1] "New improvement found, resetting step counter"
       step   negloglik          mu    sigma.sq          SE          vh 
 2.00000000 62.08336346  1.66230633  0.01303584  0.07847247  0.69653143 
       step   negloglik          mu    sigma.sq          SE          vh 
 3.00000000 62.08336346  1.66230633  0.01303584  0.07847247  0.69653143 
       step   negloglik          mu    sigma.sq          SE          vh 
 4.00000000 62.08336346  1.66230633  0.01303584  0.07847247  0.69653143 
[1] "Now starting analysis"
[1] "Starting with initial values"
       mu  sigma.sq        vh 
1.9820348 0.2866797 0.1433399 
       step   negloglik          mu    sigma.sq          vh 
  1.0000000 137.0685380   1.9820348   0.2866797   0.1433399 
       step   negloglik          mu    sigma.sq          vh 
  2.0000000 137.0685380   1.9820348   0.2866797   0.1433399 
       step   negloglik          mu    sigma.sq          vh 
  3.0000000 137.0685380   1.9820348   0.2866797   0.1433399 
[1] "Now starting analysis"
[1] "Starting with initial values"
       mu  sigma.sq        SE        bt 
1.9820348 0.2866797 0.1433399 1.0000000 
       step   negloglik          mu    sigma.sq          SE          bt 
 1.00000000 60.63639460  2.35394602  0.01751765  0.08198905  1.50117869 
[1] "New improvement found, resetting step counter"
       step   negloglik          mu    sigma.sq          SE          bt 
 2.00000000 57.21727426  1.35654673  0.01347425  0.07632490  1.76544193 
[1] "New improvement found, resetting step counter"
       step   negloglik          mu    sigma.sq          SE          bt 
 3.00000000 57.17976775  1.28814382  0.01331630  0.07656474  1.80242473 
[1] "New improvement found, but slight; taking the best value, but not resetting the step counter"
       step   negloglik          mu    sigma.sq          SE          bt 
 4.00000000 57.17761543  1.22022166  0.01311876  0.07925277  1.79989068 
       step   negloglik          mu    sigma.sq          SE          bt 
 5.00000000 57.17761543  1.22022166  0.01311876  0.07925277  1.79989068 
[1] "Now starting analysis"
[1] "Starting with initial values"
       mu  sigma.sq        bt 
1.9820348 0.2866797 1.0000000 
       step   negloglik          mu    sigma.sq          bt 
  1.0000000 136.0909191   1.5818554   0.2882091   1.7645720 
       step   negloglik          mu    sigma.sq          bt 
  2.0000000 136.0909191   1.5818554   0.2882091   1.7645720 
       step   negloglik          mu    sigma.sq          bt 
  3.0000000 136.0909191   1.5818554   0.2882091   1.7645720 
[1] "Now starting analysis"
[1] "Starting with initial values"
       mu  sigma.sq        SE 
1.9820348 0.2866797 0.1433399 
       step   negloglik          mu    sigma.sq          SE 
 1.00000000 66.47109248  2.27770592  0.01954315  0.08304310 
[1] "New improvement found, resetting step counter"
       step   negloglik          mu    sigma.sq          SE 
 2.00000000 66.30937639  2.06484026  0.01966567  0.07841855 
       step   negloglik          mu    sigma.sq          SE 
 3.00000000 66.30937639  2.06484026  0.01966567  0.07841855 
       step   negloglik          mu    sigma.sq          SE 
 4.00000000 66.30937639  2.06484026  0.01966567  0.07841855 
[1] "Now starting analysis"
[1] "Starting with initial values"
       mu  sigma.sq 
1.9820348 0.2866797 
       step   negloglik          mu    sigma.sq 
  1.0000000 136.9876627   1.9820348   0.2866797 
       step   negloglik          mu    sigma.sq 
  2.0000000 136.9876627   1.9820348   0.2866797 
       step   negloglik          mu    sigma.sq 
  3.0000000 136.9876627   1.9820348   0.2866797 
