000 (066.439.000) 07/26 17:14:46 Job submitted from host: <160.36.155.106:9618?addrs=160.36.155.106-9618&noUDP&sock=27742_4872_4>
...
001 (066.439.000) 07/30 08:42:29 Job executing on host: <10.130.107.8:9618?addrs=10.130.107.8-9618&noUDP&sock=69199_5635_4>
...
006 (066.439.000) 07/30 08:42:38 Image size of job updated: 233776
	229  -  MemoryUsage of job (MB)
	233776  -  ResidentSetSize of job (KB)
...
006 (066.439.000) 07/30 08:47:39 Image size of job updated: 246848
	242  -  MemoryUsage of job (MB)
	246848  -  ResidentSetSize of job (KB)
...
006 (066.439.000) 07/30 17:58:35 Image size of job updated: 249344
	244  -  MemoryUsage of job (MB)
	249344  -  ResidentSetSize of job (KB)
...
006 (066.439.000) 07/31 20:36:20 Image size of job updated: 249356
	244  -  MemoryUsage of job (MB)
	249356  -  ResidentSetSize of job (KB)
...
005 (066.439.000) 08/01 05:09:01 Job terminated.
	(1) Normal termination (return value 0)
		Usr 1 20:22:14, Sys 0 00:00:18  -  Run Remote Usage
		Usr 0 00:00:00, Sys 0 00:00:00  -  Run Local Usage
		Usr 1 20:22:14, Sys 0 00:00:18  -  Total Remote Usage
		Usr 0 00:00:00, Sys 0 00:00:00  -  Total Local Usage
	32105  -  Run Bytes Sent By Job
	2422  -  Run Bytes Received By Job
	32105  -  Total Bytes Sent By Job
	2422  -  Total Bytes Received By Job
	Partitionable Resources :    Usage  Request Allocated 
	   Cpus                 :     1.00        1         1 
	   Disk (KB)            :    49           4    888358 
	   Memory (MB)          :   244           1       128 
...
