000 (066.737.000) 07/26 17:14:46 Job submitted from host: <160.36.155.106:9618?addrs=160.36.155.106-9618&noUDP&sock=27742_4872_4>
...
012 (066.737.000) 08/03 14:16:38 Job was held.
	via condor_hold (by user bomeara)
	Code 1 Subcode 0
...
013 (066.737.000) 08/05 22:27:24 Job was released.
	via condor_release (by user bomeara)
...
012 (066.737.000) 08/09 10:35:20 Job was held.
	via condor_hold (by user bomeara)
	Code 1 Subcode 0
...
013 (066.737.000) 08/09 13:04:42 Job was released.
	via condor_release (by user bomeara)
...
001 (066.737.000) 08/10 04:10:59 Job executing on host: <10.131.171.171:9618?addrs=10.131.171.171-9618&noUDP&sock=2142_cff3_4>
...
006 (066.737.000) 08/10 04:11:08 Image size of job updated: 243396
	238  -  MemoryUsage of job (MB)
	243396  -  ResidentSetSize of job (KB)
...
006 (066.737.000) 08/10 04:21:10 Image size of job updated: 247096
	242  -  MemoryUsage of job (MB)
	247096  -  ResidentSetSize of job (KB)
...
006 (066.737.000) 08/10 04:41:12 Image size of job updated: 247108
	242  -  MemoryUsage of job (MB)
	247108  -  ResidentSetSize of job (KB)
...
006 (066.737.000) 08/13 14:54:40 Image size of job updated: 249976
	245  -  MemoryUsage of job (MB)
	249976  -  ResidentSetSize of job (KB)
...
022 (066.737.000) 08/14 14:07:46 Job disconnected, attempting to reconnect
    Local schedd and job shadow died, schedd now running again
    Trying to reconnect to slot1_8@omearaclusterb <10.131.171.171:9618?addrs=10.131.171.171-9618&noUDP&sock=2142_cff3_4>
...
023 (066.737.000) 08/14 14:07:48 Job reconnected to slot1_8@omearaclusterb
    startd address: <10.131.171.171:9618?addrs=10.131.171.171-9618&noUDP&sock=2142_cff3_4>
    starter address: <10.131.171.171:9618?addrs=10.131.171.171-9618&noUDP&sock=2404_95db_15>
...
006 (066.737.000) 08/17 14:26:41 Image size of job updated: 250348
	245  -  MemoryUsage of job (MB)
	250348  -  ResidentSetSize of job (KB)
...
006 (066.737.000) 08/21 00:40:13 Image size of job updated: 250416
	245  -  MemoryUsage of job (MB)
	250416  -  ResidentSetSize of job (KB)
...
005 (066.737.000) 08/23 16:50:46 Job terminated.
	(1) Normal termination (return value 0)
		Usr 13 12:01:30, Sys 0 00:03:29  -  Run Remote Usage
		Usr 0 00:00:00, Sys 0 00:00:00  -  Run Local Usage
		Usr 13 12:01:30, Sys 0 00:03:29  -  Total Remote Usage
		Usr 0 00:00:00, Sys 0 00:00:00  -  Total Local Usage
	32659  -  Run Bytes Sent By Job
	0  -  Run Bytes Received By Job
	32659  -  Total Bytes Sent By Job
	2422  -  Total Bytes Received By Job
	Partitionable Resources :    Usage  Request Allocated 
	   Cpus                 :     1.00        1         1 
	   Disk (KB)            :    50          50    890691 
	   Memory (MB)          :   245         245       128 
...
