000 (066.740.000) 07/26 17:14:46 Job submitted from host: <160.36.155.106:9618?addrs=160.36.155.106-9618&noUDP&sock=27742_4872_4>
...
012 (066.740.000) 08/03 14:16:38 Job was held.
	via condor_hold (by user bomeara)
	Code 1 Subcode 0
...
013 (066.740.000) 08/05 22:27:24 Job was released.
	via condor_release (by user bomeara)
...
012 (066.740.000) 08/09 10:35:20 Job was held.
	via condor_hold (by user bomeara)
	Code 1 Subcode 0
...
013 (066.740.000) 08/09 13:04:43 Job was released.
	via condor_release (by user bomeara)
...
001 (066.740.000) 08/10 04:55:59 Job executing on host: <10.129.169.104:9618?addrs=10.129.169.104-9618&noUDP&sock=2758_564a_4>
...
006 (066.740.000) 08/10 04:56:08 Image size of job updated: 220888
	216  -  MemoryUsage of job (MB)
	220888  -  ResidentSetSize of job (KB)
...
006 (066.740.000) 08/10 05:01:09 Image size of job updated: 228000
	223  -  MemoryUsage of job (MB)
	228000  -  ResidentSetSize of job (KB)
...
005 (066.740.000) 08/11 01:32:20 Job terminated.
	(1) Normal termination (return value 0)
		Usr 0 20:34:02, Sys 0 00:00:11  -  Run Remote Usage
		Usr 0 00:00:00, Sys 0 00:00:00  -  Run Local Usage
		Usr 0 20:34:02, Sys 0 00:00:11  -  Total Remote Usage
		Usr 0 00:00:00, Sys 0 00:00:00  -  Total Local Usage
	28075  -  Run Bytes Sent By Job
	2422  -  Run Bytes Received By Job
	28075  -  Total Bytes Sent By Job
	2422  -  Total Bytes Received By Job
	Partitionable Resources :    Usage  Request Allocated 
	   Cpus                 :     1.00        1         1 
	   Disk (KB)            :    45           4    206102 
	   Memory (MB)          :   223           1       128 
...
