000 (066.1164.000) 07/26 17:14:46 Job submitted from host: <160.36.155.106:9618?addrs=160.36.155.106-9618&noUDP&sock=27742_4872_4>
...
012 (066.1164.000) 08/03 14:16:59 Job was held.
	via condor_hold (by user bomeara)
	Code 1 Subcode 0
...
013 (066.1164.000) 08/05 22:27:46 Job was released.
	via condor_release (by user bomeara)
...
012 (066.1164.000) 08/09 10:35:48 Job was held.
	via condor_hold (by user bomeara)
	Code 1 Subcode 0
...
013 (066.1164.000) 08/09 13:05:04 Job was released.
	via condor_release (by user bomeara)
...
001 (066.1164.000) 08/30 14:17:30 Job executing on host: <10.130.122.65:9618?addrs=10.130.122.65-9618&noUDP&sock=2440_372c_4>
...
006 (066.1164.000) 08/30 14:17:38 Image size of job updated: 219668
	215  -  MemoryUsage of job (MB)
	219196  -  ResidentSetSize of job (KB)
...
006 (066.1164.000) 08/30 14:22:38 Image size of job updated: 226852
	222  -  MemoryUsage of job (MB)
	226380  -  ResidentSetSize of job (KB)
...
006 (066.1164.000) 08/30 14:37:40 Image size of job updated: 232112
	227  -  MemoryUsage of job (MB)
	231640  -  ResidentSetSize of job (KB)
...
005 (066.1164.000) 08/30 15:04:16 Job terminated.
	(1) Normal termination (return value 0)
		Usr 0 00:46:27, Sys 0 00:00:00  -  Run Remote Usage
		Usr 0 00:00:00, Sys 0 00:00:00  -  Run Local Usage
		Usr 0 00:46:27, Sys 0 00:00:00  -  Total Remote Usage
		Usr 0 00:00:00, Sys 0 00:00:00  -  Total Local Usage
	27780  -  Run Bytes Sent By Job
	2422  -  Run Bytes Received By Job
	27780  -  Total Bytes Sent By Job
	2422  -  Total Bytes Received By Job
	Partitionable Resources :    Usage  Request Allocated 
	   Cpus                 :     1.00        1         1 
	   Disk (KB)            :    45           4    891653 
	   Memory (MB)          :   227           1       128 
...
