[1] "args"
[1] "66"  "314"
[1] "Now starting analysis"
[1] "Starting with initial values"
         mu    sigma.sq          SE          bt          vh 
0.304333049 0.008269703 0.004134852 1.000000000 0.004134852 
         step     negloglik            mu      sigma.sq            SE 
 1.000000e+00 -1.735847e+01  2.357596e-01  5.508739e-03  2.562018e-07 
           bt            vh 
 7.030820e-01  3.309203e-01 
[1] "New improvement found, resetting step counter"
         step     negloglik            mu      sigma.sq            SE 
 2.000000e+00 -1.926105e+01  1.049046e+00  5.521043e-03  2.870537e-07 
           bt            vh 
 6.482801e-01  6.268071e-01 
         step     negloglik            mu      sigma.sq            SE 
 3.000000e+00 -1.926105e+01  1.049046e+00  5.521043e-03  2.870537e-07 
           bt            vh 
 6.482801e-01  6.268071e-01 
         step     negloglik            mu      sigma.sq            SE 
 4.000000e+00 -1.926105e+01  1.049046e+00  5.521043e-03  2.870537e-07 
           bt            vh 
 6.482801e-01  6.268071e-01 
[1] "Now starting analysis"
[1] "Starting with initial values"
         mu    sigma.sq          bt          vh 
0.304333049 0.008269703 1.000000000 0.004134852 
         step     negloglik            mu      sigma.sq            bt 
  1.000000000 -19.446595228   0.996820767   0.004584347   0.673545192 
           vh 
  0.743756488 
         step     negloglik            mu      sigma.sq            bt 
  2.000000000 -19.446595228   0.996820767   0.004584347   0.673545192 
           vh 
  0.743756488 
         step     negloglik            mu      sigma.sq            bt 
  3.000000000 -19.446595228   0.996820767   0.004584347   0.673545192 
           vh 
  0.743756488 
[1] "Now starting analysis"
[1] "Starting with initial values"
         mu    sigma.sq          SE          vh 
0.304333049 0.008269703 0.004134852 0.004134852 
         step     negloglik            mu      sigma.sq            SE 
 1.000000e+00 -1.851191e+01  7.937841e-01  4.776494e-03  4.479396e-07 
           vh 
 3.319008e+00 
[1] "New improvement found, resetting step counter"
         step     negloglik            mu      sigma.sq            SE 
 2.000000e+00 -1.856866e+01  9.600774e-01  4.776844e-03  1.671160e-06 
           vh 
 3.179643e+00 
[1] "New improvement found, resetting step counter"
         step     negloglik            mu      sigma.sq            SE 
 3.000000e+00 -1.865422e+01  8.612066e-01  4.360787e-03  2.388346e-07 
           vh 
 2.387119e+00 
         step     negloglik            mu      sigma.sq            SE 
 4.000000e+00 -1.865422e+01  8.612066e-01  4.360787e-03  2.388346e-07 
           vh 
 2.387119e+00 
[1] "New improvement found, resetting step counter"
         step     negloglik            mu      sigma.sq            SE 
 5.000000e+00 -1.869608e+01  8.691243e-01  4.279533e-03  7.163821e-07 
           vh 
 1.557703e+00 
         step     negloglik            mu      sigma.sq            SE 
 6.000000e+00 -1.869608e+01  8.691243e-01  4.279533e-03  7.163821e-07 
           vh 
 1.557703e+00 
         step     negloglik            mu      sigma.sq            SE 
 7.000000e+00 -1.869608e+01  8.691243e-01  4.279533e-03  7.163821e-07 
           vh 
 1.557703e+00 
[1] "Now starting analysis"
[1] "Starting with initial values"
         mu    sigma.sq          vh 
0.304333049 0.008269703 0.004134852 
        step    negloglik           mu     sigma.sq           vh 
  1.00000000 -18.73959024   0.97819133   0.00472942   1.60464124 
[1] "New improvement found, resetting step counter"
         step     negloglik            mu      sigma.sq            vh 
  2.000000000 -18.751266881   0.924755527   0.004572717   1.711669556 
         step     negloglik            mu      sigma.sq            vh 
  3.000000000 -18.751266881   0.924755527   0.004572717   1.711669556 
         step     negloglik            mu      sigma.sq            vh 
  4.000000000 -18.751266881   0.924755527   0.004572717   1.711669556 
[1] "Now starting analysis"
[1] "Starting with initial values"
         mu    sigma.sq          SE          bt 
0.304333049 0.008269703 0.004134852 1.000000000 
         step     negloglik            mu      sigma.sq            SE 
 1.000000e+00 -1.709343e+01  1.171430e+00  5.998747e-03  4.112797e-07 
           bt 
 6.476884e-01 
[1] "New improvement found, resetting step counter"
         step     negloglik            mu      sigma.sq            SE 
 2.000000e+00 -1.717098e+01  1.288573e+00  5.998747e-03  4.112797e-07 
           bt 
 6.476884e-01 
[1] "New improvement found, resetting step counter"
         step     negloglik            mu      sigma.sq            SE 
 3.000000e+00 -1.719450e+01  1.332928e+00  6.274502e-03  7.471164e-07 
           bt 
 6.461242e-01 
         step     negloglik            mu      sigma.sq            SE 
 4.000000e+00 -1.719450e+01  1.332928e+00  6.274502e-03  7.471164e-07 
           bt 
 6.461242e-01 
         step     negloglik            mu      sigma.sq            SE 
 5.000000e+00 -1.719450e+01  1.332928e+00  6.274502e-03  7.471164e-07 
           bt 
 6.461242e-01 
[1] "Now starting analysis"
[1] "Starting with initial values"
         mu    sigma.sq          bt 
0.304333049 0.008269703 1.000000000 
         step     negloglik            mu      sigma.sq            bt 
  1.000000000 -17.193950571   1.368397218   0.006226894   0.639912394 
[1] "New improvement found, but slight; taking the best value, but not resetting the step counter"
         step     negloglik            mu      sigma.sq            bt 
  2.000000000 -17.194956755   1.334498014   0.006304383   0.639213452 
[1] "New improvement found, but slight; taking the best value, but not resetting the step counter"
         step     negloglik            mu      sigma.sq            bt 
  3.000000000 -17.195040077   1.313948104   0.006423718   0.643274464 
[1] "Now starting analysis"
[1] "Starting with initial values"
         mu    sigma.sq          SE 
0.304333049 0.008269703 0.004134852 
         step     negloglik            mu      sigma.sq            SE 
 1.000000e+00 -9.985605e+00  3.155551e-01  1.032598e-02  5.440933e-07 
[1] "New improvement found, resetting step counter"
         step     negloglik            mu      sigma.sq            SE 
 2.000000e+00 -1.005252e+01  1.047896e-01  1.033315e-02  5.067667e-06 
[1] "New improvement found, but slight; taking the best value, but not resetting the step counter"
         step     negloglik            mu      sigma.sq            SE 
 3.000000e+00 -1.006132e+01  1.170034e-01  9.935361e-03  1.365396e-06 
         step     negloglik            mu      sigma.sq            SE 
 4.000000e+00 -1.006132e+01  1.170034e-01  9.935361e-03  1.365396e-06 
[1] "Now starting analysis"
[1] "Starting with initial values"
         mu    sigma.sq 
0.304333049 0.008269703 
        step    negloglik           mu     sigma.sq 
  1.00000000 -10.06869358   0.13888910   0.01009748 
        step    negloglik           mu     sigma.sq 
  2.00000000 -10.06869358   0.13888910   0.01009748 
        step    negloglik           mu     sigma.sq 
  3.00000000 -10.06869358   0.13888910   0.01009748 
