000 (066.606.000) 07/26 17:14:46 Job submitted from host: <160.36.155.106:9618?addrs=160.36.155.106-9618&noUDP&sock=27742_4872_4>
...
001 (066.606.000) 08/01 19:32:14 Job executing on host: <10.129.169.104:9618?addrs=10.129.169.104-9618&noUDP&sock=60687_d010_4>
...
006 (066.606.000) 08/01 19:32:23 Image size of job updated: 232560
	228  -  MemoryUsage of job (MB)
	232560  -  ResidentSetSize of job (KB)
...
005 (066.606.000) 08/01 20:26:04 Job terminated.
	(1) Normal termination (return value 0)
		Usr 0 00:53:45, Sys 0 00:00:00  -  Run Remote Usage
		Usr 0 00:00:00, Sys 0 00:00:00  -  Run Local Usage
		Usr 0 00:53:45, Sys 0 00:00:00  -  Total Remote Usage
		Usr 0 00:00:00, Sys 0 00:00:00  -  Total Local Usage
	29693  -  Run Bytes Sent By Job
	2422  -  Run Bytes Received By Job
	29693  -  Total Bytes Sent By Job
	2422  -  Total Bytes Received By Job
	Partitionable Resources :    Usage  Request Allocated 
	   Cpus                 :     1.00        1         1 
	   Disk (KB)            :    47           4    205772 
	   Memory (MB)          :   228           1       128 
...
