[1] "args"
[1] "66" "80"
[1] "Now starting analysis"
[1] "Starting with initial values"
         mu    sigma.sq          SE          bt          vh 
1.323769061 0.016570634 0.008285317 1.000000000 0.008285317 
        step    negloglik           mu     sigma.sq           SE           bt 
1.000000e+00 3.653185e+00 4.093414e-01 1.173200e-02 2.715409e-06 1.576664e+00 
          vh 
2.766709e-01 
[1] "New improvement found, resetting step counter"
        step    negloglik           mu     sigma.sq           SE           bt 
2.000000e+00 1.906907e+00 7.938514e-01 1.175736e-02 2.106218e-05 1.961931e+00 
          vh 
1.127159e-04 
[1] "New improvement found, resetting step counter"
        step    negloglik           mu     sigma.sq           SE           bt 
3.000000e+00 1.461385e+00 4.347835e-01 1.188438e-02 1.310735e-06 2.352786e+00 
          vh 
2.330763e-04 
        step    negloglik           mu     sigma.sq           SE           bt 
4.000000e+00 1.461385e+00 4.347835e-01 1.188438e-02 1.310735e-06 2.352786e+00 
          vh 
2.330763e-04 
        step    negloglik           mu     sigma.sq           SE           bt 
5.000000e+00 1.461385e+00 4.347835e-01 1.188438e-02 1.310735e-06 2.352786e+00 
          vh 
2.330763e-04 
[1] "Now starting analysis"
[1] "Starting with initial values"
         mu    sigma.sq          bt          vh 
1.323769061 0.016570634 1.000000000 0.008285317 
        step    negloglik           mu     sigma.sq           bt           vh 
1.000000e+00 2.214419e+00 4.174058e-01 1.227993e-02 1.862361e+00 6.948162e-05 
[1] "New improvement found, resetting step counter"
        step    negloglik           mu     sigma.sq           bt           vh 
2.000000e+00 1.474094e+00 5.154239e-01 1.162061e-02 2.332665e+00 8.772819e-05 
        step    negloglik           mu     sigma.sq           bt           vh 
3.000000e+00 1.474094e+00 5.154239e-01 1.162061e-02 2.332665e+00 8.772819e-05 
[1] "New improvement found, resetting step counter"
        step    negloglik           mu     sigma.sq           bt           vh 
4.000000e+00 1.455991e+00 4.319834e-01 1.179061e-02 2.338705e+00 4.168651e-05 
        step    negloglik           mu     sigma.sq           bt           vh 
5.000000e+00 1.455991e+00 4.319834e-01 1.179061e-02 2.338705e+00 4.168651e-05 
        step    negloglik           mu     sigma.sq           bt           vh 
6.000000e+00 1.455991e+00 4.319834e-01 1.179061e-02 2.338705e+00 4.168651e-05 
[1] "Now starting analysis"
[1] "Starting with initial values"
         mu    sigma.sq          SE          vh 
1.323769061 0.016570634 0.008285317 0.008285317 
        step    negloglik           mu     sigma.sq           SE           vh 
1.000000e+00 4.776244e+00 1.106412e+00 1.190620e-02 6.971554e-06 4.757159e-01 
[1] "New improvement found, but slight; taking the best value, but not resetting the step counter"
        step    negloglik           mu     sigma.sq           SE           vh 
2.000000e+00 4.768446e+00 1.079406e+00 1.190723e-02 1.367078e-05 5.445354e-01 
        step    negloglik           mu     sigma.sq           SE           vh 
3.000000e+00 4.768446e+00 1.079406e+00 1.190723e-02 1.367078e-05 5.445354e-01 
[1] "Now starting analysis"
[1] "Starting with initial values"
         mu    sigma.sq          vh 
1.323769061 0.016570634 0.008285317 
      step  negloglik         mu   sigma.sq         vh 
1.00000000 4.76489266 1.03741044 0.01175992 0.48922709 
      step  negloglik         mu   sigma.sq         vh 
2.00000000 4.76489266 1.03741044 0.01175992 0.48922709 
[1] "New improvement found, but slight; taking the best value, but not resetting the step counter"
      step  negloglik         mu   sigma.sq         vh 
3.00000000 4.76267359 1.05434396 0.01171667 0.52216290 
[1] "Now starting analysis"
[1] "Starting with initial values"
         mu    sigma.sq          SE          bt 
1.323769061 0.016570634 0.008285317 1.000000000 
        step    negloglik           mu     sigma.sq           SE           bt 
1.000000e+00 1.460183e+00 4.669398e-01 1.123059e-02 2.161415e-06 2.319226e+00 
[1] "New improvement found, but slight; taking the best value, but not resetting the step counter"
        step    negloglik           mu     sigma.sq           SE           bt 
2.000000e+00 1.456633e+00 4.374368e-01 1.122884e-02 1.633823e-07 2.354414e+00 
[1] "New improvement found, but slight; taking the best value, but not resetting the step counter"
        step    negloglik           mu     sigma.sq           SE           bt 
3.000000e+00 1.456518e+00 4.327176e-01 1.181065e-02 1.607160e-08 2.332348e+00 
[1] "Now starting analysis"
[1] "Starting with initial values"
        mu   sigma.sq         bt 
1.32376906 0.01657063 1.00000000 
      step  negloglik         mu   sigma.sq         bt 
1.00000000 1.46442572 0.46820594 0.01112586 2.32166473 
[1] "New improvement found, resetting step counter"
      step  negloglik         mu   sigma.sq         bt 
2.00000000 1.45216383 0.43108667 0.01164032 2.34359474 
[1] "New improvement found, but slight; taking the best value, but not resetting the step counter"
      step  negloglik         mu   sigma.sq         bt 
3.00000000 1.45184391 0.42455310 0.01160346 2.34671099 
      step  negloglik         mu   sigma.sq         bt 
4.00000000 1.45184391 0.42455310 0.01160346 2.34671099 
[1] "Now starting analysis"
[1] "Starting with initial values"
         mu    sigma.sq          SE 
1.323769061 0.016570634 0.008285317 
        step    negloglik           mu     sigma.sq           SE 
1.000000e+00 7.709694e+00 1.378796e+00 1.737246e-02 2.696378e-06 
[1] "New improvement found, but slight; taking the best value, but not resetting the step counter"
        step    negloglik           mu     sigma.sq           SE 
2.000000e+00 7.704042e+00 1.362752e+00 1.737251e-02 3.206097e-06 
        step    negloglik           mu     sigma.sq           SE 
3.000000e+00 7.704042e+00 1.362752e+00 1.737251e-02 3.206097e-06 
[1] "Now starting analysis"
[1] "Starting with initial values"
        mu   sigma.sq 
1.32376906 0.01657063 
      step  negloglik         mu   sigma.sq 
1.00000000 7.69147684 1.28093078 0.01744324 
      step  negloglik         mu   sigma.sq 
2.00000000 7.69147684 1.28093078 0.01744324 
      step  negloglik         mu   sigma.sq 
3.00000000 7.69147684 1.28093078 0.01744324 
