000 (066.699.000) 07/26 17:14:46 Job submitted from host: <160.36.155.106:9618?addrs=160.36.155.106-9618&noUDP&sock=27742_4872_4>
...
012 (066.699.000) 08/03 14:16:36 Job was held.
	via condor_hold (by user bomeara)
	Code 1 Subcode 0
...
013 (066.699.000) 08/05 22:27:22 Job was released.
	via condor_release (by user bomeara)
...
012 (066.699.000) 08/09 10:35:17 Job was held.
	via condor_hold (by user bomeara)
	Code 1 Subcode 0
...
013 (066.699.000) 08/09 13:04:40 Job was released.
	via condor_release (by user bomeara)
...
001 (066.699.000) 08/09 16:51:47 Job executing on host: <10.129.213.175:9618?addrs=10.129.213.175-9618&noUDP&sock=2691_6172_4>
...
006 (066.699.000) 08/09 16:51:56 Image size of job updated: 243784
	239  -  MemoryUsage of job (MB)
	243784  -  ResidentSetSize of job (KB)
...
006 (066.699.000) 08/10 09:58:42 Image size of job updated: 247176
	242  -  MemoryUsage of job (MB)
	247176  -  ResidentSetSize of job (KB)
...
006 (066.699.000) 08/11 04:45:35 Image size of job updated: 248144
	243  -  MemoryUsage of job (MB)
	248144  -  ResidentSetSize of job (KB)
...
005 (066.699.000) 08/11 05:09:57 Job terminated.
	(1) Normal termination (return value 0)
		Usr 1 12:17:37, Sys 0 00:00:03  -  Run Remote Usage
		Usr 0 00:00:00, Sys 0 00:00:00  -  Run Local Usage
		Usr 1 12:17:37, Sys 0 00:00:03  -  Total Remote Usage
		Usr 0 00:00:00, Sys 0 00:00:00  -  Total Local Usage
	32544  -  Run Bytes Sent By Job
	2422  -  Run Bytes Received By Job
	32544  -  Total Bytes Sent By Job
	2422  -  Total Bytes Received By Job
	Partitionable Resources :    Usage  Request Allocated 
	   Cpus                 :     1.00        1         1 
	   Disk (KB)            :    50           4   1811513 
	   Memory (MB)          :   243           1       128 
...
