[1] "args"
[1] "66"  "703"
[1] "Now starting analysis"
[1] "Starting with initial values"
       mu  sigma.sq        SE        bt        vh 
1.4055210 0.2833388 0.1416694 1.0000000 0.1416694 
        step    negloglik           mu     sigma.sq           SE           bt 
 1.000000000 35.597559257  1.522957219  0.006964298  0.057923506  1.203439128 
          vh 
 0.178937496 
[1] "New improvement found, resetting step counter"
        step    negloglik           mu     sigma.sq           SE           bt 
 2.000000000 33.630045024  1.287365337  0.006021462  0.056285249  2.994418005 
          vh 
 0.003799311 
        step    negloglik           mu     sigma.sq           SE           bt 
 3.000000000 33.630045024  1.287365337  0.006021462  0.056285249  2.994418005 
          vh 
 0.003799311 
[1] "New improvement found, resetting step counter"
        step    negloglik           mu     sigma.sq           SE           bt 
 4.000000000 33.595323402  1.297762246  0.005113104  0.062623647  3.012528486 
          vh 
 0.002669280 
        step    negloglik           mu     sigma.sq           SE           bt 
 5.000000000 33.595323402  1.297762246  0.005113104  0.062623647  3.012528486 
          vh 
 0.002669280 
        step    negloglik           mu     sigma.sq           SE           bt 
 6.000000000 33.595323402  1.297762246  0.005113104  0.062623647  3.012528486 
          vh 
 0.002669280 
[1] "Now starting analysis"
[1] "Starting with initial values"
       mu  sigma.sq        bt        vh 
1.4055210 0.2833388 1.0000000 0.1416694 
       step   negloglik          mu    sigma.sq          bt          vh 
  1.0000000 130.7592832   1.4055210   0.2833388   1.1405521   0.1416694 
[1] "New improvement found, resetting step counter"
       step   negloglik          mu    sigma.sq          bt          vh 
  2.0000000 130.7460164   1.4055210   0.2833388   1.2811042   0.1416694 
       step   negloglik          mu    sigma.sq          bt          vh 
  3.0000000 130.7460164   1.4055210   0.2833388   1.2811042   0.1416694 
       step   negloglik          mu    sigma.sq          bt          vh 
  4.0000000 130.7460164   1.4055210   0.2833388   1.2811042   0.1416694 
[1] "Now starting analysis"
[1] "Starting with initial values"
       mu  sigma.sq        SE        vh 
1.4055210 0.2833388 0.1416694 0.1416694 
        step    negloglik           mu     sigma.sq           SE           vh 
 1.000000000 36.041189933  1.538806922  0.006069106  0.060334755  0.211377782 
[1] "New improvement found, resetting step counter"
        step    negloglik           mu     sigma.sq           SE           vh 
 2.000000000 35.070456061  1.265840105  0.005633172  0.059446833  1.015858668 
        step    negloglik           mu     sigma.sq           SE           vh 
 3.000000000 35.070456061  1.265840105  0.005633172  0.059446833  1.015858668 
        step    negloglik           mu     sigma.sq           SE           vh 
 4.000000000 35.070456061  1.265840105  0.005633172  0.059446833  1.015858668 
[1] "Now starting analysis"
[1] "Starting with initial values"
       mu  sigma.sq        vh 
1.4055210 0.2833388 0.1416694 
       step   negloglik          mu    sigma.sq          vh 
  1.0000000 130.7763727   1.4055210   0.2833388   0.1416694 
       step   negloglik          mu    sigma.sq          vh 
  2.0000000 130.7763727   1.4055210   0.2833388   0.1416694 
       step   negloglik          mu    sigma.sq          vh 
  3.0000000 130.7763727   1.4055210   0.2833388   0.1416694 
[1] "Now starting analysis"
[1] "Starting with initial values"
       mu  sigma.sq        SE        bt 
1.4055210 0.2833388 0.1416694 1.0000000 
        step    negloglik           mu     sigma.sq           SE           bt 
 1.000000000 35.818484220  1.478748236  0.006484795  0.057644281  1.296906394 
[1] "New improvement found, resetting step counter"
        step    negloglik           mu     sigma.sq           SE           bt 
 2.000000000 33.527521300  1.254800242  0.005239749  0.061856123  3.235277346 
        step    negloglik           mu     sigma.sq           SE           bt 
 3.000000000 33.527521300  1.254800242  0.005239749  0.061856123  3.235277346 
[1] "New improvement found, resetting step counter"
        step    negloglik           mu     sigma.sq           SE           bt 
 4.000000000 33.515238426  1.254679696  0.005441258  0.059903623  3.410685943 
        step    negloglik           mu     sigma.sq           SE           bt 
 5.000000000 33.515238426  1.254679696  0.005441258  0.059903623  3.410685943 
        step    negloglik           mu     sigma.sq           SE           bt 
 6.000000000 33.515238426  1.254679696  0.005441258  0.059903623  3.410685943 
[1] "Now starting analysis"
[1] "Starting with initial values"
       mu  sigma.sq        bt 
1.4055210 0.2833388 1.0000000 
       step   negloglik          mu    sigma.sq          bt 
  1.0000000 130.7512400   1.4055210   0.2833388   1.1405521 
[1] "New improvement found, resetting step counter"
       step   negloglik          mu    sigma.sq          bt 
  2.0000000 130.7377293   1.4055210   0.2833388   1.2811042 
       step   negloglik          mu    sigma.sq          bt 
  3.0000000 130.7377293   1.4055210   0.2833388   1.2811042 
       step   negloglik          mu    sigma.sq          bt 
  4.0000000 130.7377293   1.4055210   0.2833388   1.2811042 
[1] "Now starting analysis"
[1] "Starting with initial values"
       mu  sigma.sq        SE 
1.4055210 0.2833388 0.1416694 
        step    negloglik           mu     sigma.sq           SE 
 1.000000000 37.206139899  1.613102002  0.007764149  0.054887656 
[1] "New improvement found, resetting step counter"
       step   negloglik          mu    sigma.sq          SE 
 2.00000000 36.97900353  1.48669116  0.00721105  0.05733547 
[1] "New improvement found, resetting step counter"
        step    negloglik           mu     sigma.sq           SE 
 3.000000000 36.935213660  1.368195202  0.007624789  0.057243766 
        step    negloglik           mu     sigma.sq           SE 
 4.000000000 36.935213660  1.368195202  0.007624789  0.057243766 
        step    negloglik           mu     sigma.sq           SE 
 5.000000000 36.935213660  1.368195202  0.007624789  0.057243766 
[1] "Now starting analysis"
[1] "Starting with initial values"
       mu  sigma.sq 
1.4055210 0.2833388 
       step   negloglik          mu    sigma.sq 
  1.0000000 130.7686437   1.4055210   0.2833388 
       step   negloglik          mu    sigma.sq 
  2.0000000 130.7686437   1.4055210   0.2833388 
       step   negloglik          mu    sigma.sq 
  3.0000000 130.7686437   1.4055210   0.2833388 
