[1] "args"
[1] "66"   "1511"
[1] "Now starting analysis"
[1] "Starting with initial values"
       mu  sigma.sq        SE        bt        vh 
3.5142868 0.3059426 0.1529713 1.0000000 0.1529713 
       step   negloglik          mu    sigma.sq          SE          bt 
 1.00000000 57.26681418  3.47839451  0.02012149  0.05863098  1.36845509 
         vh 
 0.55377948 
[1] "New improvement found, resetting step counter"
        step    negloglik           mu     sigma.sq           SE           bt 
 2.000000000 49.879074382  1.872515800  0.016603322  0.051399322  1.919487106 
          vh 
 0.000476727 
        step    negloglik           mu     sigma.sq           SE           bt 
 3.000000000 49.879074382  1.872515800  0.016603322  0.051399322  1.919487106 
          vh 
 0.000476727 
        step    negloglik           mu     sigma.sq           SE           bt 
 4.000000000 49.879074382  1.872515800  0.016603322  0.051399322  1.919487106 
          vh 
 0.000476727 
[1] "Now starting analysis"
[1] "Starting with initial values"
       mu  sigma.sq        bt        vh 
3.5142868 0.3059426 1.0000000 0.1529713 
       step   negloglik          mu    sigma.sq          bt          vh 
  1.0000000 135.4576752   2.5793127   0.3037314   2.0604277   0.0280005 
       step   negloglik          mu    sigma.sq          bt          vh 
  2.0000000 135.4576752   2.5793127   0.3037314   2.0604277   0.0280005 
       step   negloglik          mu    sigma.sq          bt          vh 
  3.0000000 135.4576752   2.5793127   0.3037314   2.0604277   0.0280005 
[1] "Now starting analysis"
[1] "Starting with initial values"
       mu  sigma.sq        SE        vh 
3.5142868 0.3059426 0.1529713 0.1529713 
       step   negloglik          mu    sigma.sq          SE          vh 
 1.00000000 58.09199582  1.87339160  0.01307664  0.06886545  1.45269014 
[1] "New improvement found, resetting step counter"
       step   negloglik          mu    sigma.sq          SE          vh 
 2.00000000 57.89973810  1.73937121  0.01272162  0.06716003  0.97542426 
       step   negloglik          mu    sigma.sq          SE          vh 
 3.00000000 57.89973810  1.73937121  0.01272162  0.06716003  0.97542426 
       step   negloglik          mu    sigma.sq          SE          vh 
 4.00000000 57.89973810  1.73937121  0.01272162  0.06716003  0.97542426 
[1] "Now starting analysis"
[1] "Starting with initial values"
       mu  sigma.sq        vh 
3.5142868 0.3059426 0.1529713 
       step   negloglik          mu    sigma.sq          vh 
  1.0000000 136.3171444   3.5142868   0.3059426   0.1529713 
       step   negloglik          mu    sigma.sq          vh 
  2.0000000 136.3171444   3.5142868   0.3059426   0.1529713 
[1] "New improvement found, resetting step counter"
        step    negloglik           mu     sigma.sq           vh 
  3.00000000 136.23556685   4.06377516   0.31048559   0.01668172 
[1] "New improvement found, resetting step counter"
        step    negloglik           mu     sigma.sq           vh 
  4.00000000 136.22182272   3.97226713   0.30942177   0.01558472 
        step    negloglik           mu     sigma.sq           vh 
  5.00000000 136.22182272   3.97226713   0.30942177   0.01558472 
        step    negloglik           mu     sigma.sq           vh 
  6.00000000 136.22182272   3.97226713   0.30942177   0.01558472 
[1] "Now starting analysis"
[1] "Starting with initial values"
       mu  sigma.sq        SE        bt 
3.5142868 0.3059426 0.1529713 1.0000000 
        step    negloglik           mu     sigma.sq           SE           bt 
 1.000000000 49.416531272  2.096181229  0.009345865  0.071165336  1.766800858 
[1] "New improvement found, resetting step counter"
        step    negloglik           mu     sigma.sq           SE           bt 
 2.000000000 48.873481201  1.842750052  0.009322579  0.073406077  1.978284298 
[1] "New improvement found, resetting step counter"
       step   negloglik          mu    sigma.sq          SE          bt 
 3.00000000 48.84023134  1.80816671  0.01040485  0.07194449  1.93804088 
[1] "New improvement found, but slight; taking the best value, but not resetting the step counter"
       step   negloglik          mu    sigma.sq          SE          bt 
 4.00000000 48.83501860  1.79250854  0.01016326  0.07231605  1.96778006 
       step   negloglik          mu    sigma.sq          SE          bt 
 5.00000000 48.83501860  1.79250854  0.01016326  0.07231605  1.96778006 
[1] "Now starting analysis"
[1] "Starting with initial values"
       mu  sigma.sq        bt 
3.5142868 0.3059426 1.0000000 
       step   negloglik          mu    sigma.sq          bt 
  1.0000000 135.4560189   2.9322331   0.2949605   1.8236610 
       step   negloglik          mu    sigma.sq          bt 
  2.0000000 135.4560189   2.9322331   0.2949605   1.8236610 
       step   negloglik          mu    sigma.sq          bt 
  3.0000000 135.4560189   2.9322331   0.2949605   1.8236610 
[1] "Now starting analysis"
[1] "Starting with initial values"
       mu  sigma.sq        SE 
3.5142868 0.3059426 0.1529713 
       step   negloglik          mu    sigma.sq          SE 
 1.00000000 61.40721608  3.35655958  0.02812028  0.04701946 
       step   negloglik          mu    sigma.sq          SE 
 2.00000000 61.40721608  3.35655958  0.02812028  0.04701946 
       step   negloglik          mu    sigma.sq          SE 
 3.00000000 61.40721608  3.35655958  0.02812028  0.04701946 
[1] "Now starting analysis"
[1] "Starting with initial values"
       mu  sigma.sq 
3.5142868 0.3059426 
       step   negloglik          mu    sigma.sq 
  1.0000000 136.1739647   3.5142868   0.3059426 
       step   negloglik          mu    sigma.sq 
  2.0000000 136.1739647   3.5142868   0.3059426 
       step   negloglik          mu    sigma.sq 
  3.0000000 136.1739647   3.5142868   0.3059426 
