000 (066.1378.000) 07/26 17:14:46 Job submitted from host: <160.36.155.106:9618?addrs=160.36.155.106-9618&noUDP&sock=27742_4872_4>
...
012 (066.1378.000) 08/03 14:17:10 Job was held.
	via condor_hold (by user bomeara)
	Code 1 Subcode 0
...
013 (066.1378.000) 08/05 22:27:57 Job was released.
	via condor_release (by user bomeara)
...
012 (066.1378.000) 08/09 10:36:02 Job was held.
	via condor_hold (by user bomeara)
	Code 1 Subcode 0
...
013 (066.1378.000) 08/09 13:05:15 Job was released.
	via condor_release (by user bomeara)
...
001 (066.1378.000) 09/04 07:55:34 Job executing on host: <10.129.167.211:9618?addrs=10.129.167.211-9618&noUDP&sock=2343_ae7c_4>
...
006 (066.1378.000) 09/04 07:55:43 Image size of job updated: 220636
	216  -  MemoryUsage of job (MB)
	220588  -  ResidentSetSize of job (KB)
...
006 (066.1378.000) 09/04 08:00:43 Image size of job updated: 223980
	219  -  MemoryUsage of job (MB)
	223932  -  ResidentSetSize of job (KB)
...
006 (066.1378.000) 09/04 08:35:47 Image size of job updated: 229824
	225  -  MemoryUsage of job (MB)
	229776  -  ResidentSetSize of job (KB)
...
006 (066.1378.000) 09/04 09:55:56 Image size of job updated: 229836
	225  -  MemoryUsage of job (MB)
	229788  -  ResidentSetSize of job (KB)
...
022 (066.1378.000) 09/04 12:12:48 Job disconnected, attempting to reconnect
    Socket between submit and execute hosts closed unexpectedly
    Trying to reconnect to slot1_11@omearaclusterc <10.129.167.211:9618?addrs=10.129.167.211-9618&noUDP&sock=2343_ae7c_4>
...
024 (066.1378.000) 09/04 12:52:51 Job reconnection failed
    Job disconnected too long: JobLeaseDuration (2400 seconds) expired
    Can not reconnect to slot1_11@omearaclusterc, rescheduling job
...
001 (066.1378.000) 09/09 06:16:26 Job executing on host: <10.129.199.164:9618?addrs=10.129.199.164-9618&noUDP&sock=2357_48d0_4>
...
022 (066.1378.000) 09/20 13:15:54 Job disconnected, attempting to reconnect
    Socket between submit and execute hosts closed unexpectedly
    Trying to reconnect to slot1_4@omearaclusteri <10.129.199.164:9618?addrs=10.129.199.164-9618&noUDP&sock=2357_48d0_4>
...
024 (066.1378.000) 09/20 13:55:56 Job reconnection failed
    Job disconnected too long: JobLeaseDuration (2400 seconds) expired
    Can not reconnect to slot1_4@omearaclusteri, rescheduling job
...
012 (066.1378.000) 09/23 13:38:07 Job was held.
	via condor_hold (by user bomeara)
	Code 1 Subcode 0
...
001 (066.1378.000) 09/24 14:49:53 Job executing on host: <10.131.171.171:9618?addrs=10.131.171.171-9618&noUDP&sock=2227_1d80_4>
...
013 (066.1378.000) 09/24 14:49:59 Job was released.
	via condor_release (by user bomeara)
...
022 (066.1378.000) 10/04 13:15:52 Job disconnected, attempting to reconnect
    Socket between submit and execute hosts closed unexpectedly
    Trying to reconnect to slot1_9@omearaclusterb <10.131.171.171:9618?addrs=10.131.171.171-9618&noUDP&sock=2227_1d80_4>
...
024 (066.1378.000) 10/04 13:55:55 Job reconnection failed
    Job disconnected too long: JobLeaseDuration (2400 seconds) expired
    Can not reconnect to slot1_9@omearaclusterb, rescheduling job
...
001 (066.1378.000) 10/04 13:56:22 Job executing on host: <10.129.167.211:9618?addrs=10.129.167.211-9618&noUDP&sock=2359_a800_4>
...
005 (066.1378.000) 10/15 09:15:10 Job terminated.
	(1) Normal termination (return value 0)
		Usr 10 19:01:44, Sys 0 00:01:34  -  Run Remote Usage
		Usr 0 00:00:00, Sys 0 00:00:00  -  Run Local Usage
		Usr 10 19:01:44, Sys 0 00:01:34  -  Total Remote Usage
		Usr 0 00:00:00, Sys 0 00:00:00  -  Total Local Usage
	28698  -  Run Bytes Sent By Job
	2422  -  Run Bytes Received By Job
	28698  -  Total Bytes Sent By Job
	9688  -  Total Bytes Received By Job
	Partitionable Resources :    Usage  Request Allocated 
	   Cpus                 :     1.00        1         1 
	   Disk (KB)            :    46          75    892326 
	   Memory (MB)          :   245         245       256 
...
