[1] "args"
[1] "66"  "210"
[1] "Now starting analysis"
[1] "Starting with initial values"
       mu  sigma.sq        SE        bt        vh 
0.8282991 0.0896644 0.0448322 1.0000000 0.0448322 
       step   negloglik          mu    sigma.sq          SE          bt 
 1.00000000 15.46697813  0.70410929  0.01097562  0.06647039  2.74674476 
         vh 
 0.28872405 
[1] "New improvement found, resetting step counter"
        step    negloglik           mu     sigma.sq           SE           bt 
2.000000e+00 1.490329e+01 6.997052e-01 1.096814e-02 6.559063e-02 3.087777e+00 
          vh 
5.913717e-04 
        step    negloglik           mu     sigma.sq           SE           bt 
3.000000e+00 1.490329e+01 6.997052e-01 1.096814e-02 6.559063e-02 3.087777e+00 
          vh 
5.913717e-04 
        step    negloglik           mu     sigma.sq           SE           bt 
4.000000e+00 1.490329e+01 6.997052e-01 1.096814e-02 6.559063e-02 3.087777e+00 
          vh 
5.913717e-04 
[1] "Now starting analysis"
[1] "Starting with initial values"
       mu  sigma.sq        bt        vh 
0.8282991 0.0896644 1.0000000 0.0448322 
       step   negloglik          mu    sigma.sq          bt          vh 
 1.00000000 25.41509729  0.25501671  0.08484329  1.81106360  0.11086406 
[1] "New improvement found, resetting step counter"
       step   negloglik          mu    sigma.sq          bt          vh 
 2.00000000 25.11813927  0.81139647  0.08858118  2.81574330  0.02419080 
       step   negloglik          mu    sigma.sq          bt          vh 
 3.00000000 25.11813927  0.81139647  0.08858118  2.81574330  0.02419080 
       step   negloglik          mu    sigma.sq          bt          vh 
 4.00000000 25.11813927  0.81139647  0.08858118  2.81574330  0.02419080 
[1] "Now starting analysis"
[1] "Starting with initial values"
       mu  sigma.sq        SE        vh 
0.8282991 0.0896644 0.0448322 0.0448322 
       step   negloglik          mu    sigma.sq          SE          vh 
 1.00000000 17.15399357  0.84479048  0.01285893  0.05817067  0.21288464 
[1] "New improvement found, resetting step counter"
       step   negloglik          mu    sigma.sq          SE          vh 
 2.00000000 16.48590742  0.71504066  0.01103859  0.06543683  1.08362162 
       step   negloglik          mu    sigma.sq          SE          vh 
 3.00000000 16.48590742  0.71504066  0.01103859  0.06543683  1.08362162 
       step   negloglik          mu    sigma.sq          SE          vh 
 4.00000000 16.48590742  0.71504066  0.01103859  0.06543683  1.08362162 
[1] "Now starting analysis"
[1] "Starting with initial values"
       mu  sigma.sq        vh 
0.8282991 0.0896644 0.0448322 
      step  negloglik         mu   sigma.sq         vh 
 1.0000000 25.8339249  0.8282991  0.0896644  0.1276621 
[1] "New improvement found, resetting step counter"
      step  negloglik         mu   sigma.sq         vh 
 2.0000000 25.8229228  0.8282991  0.0896644  0.2104920 
      step  negloglik         mu   sigma.sq         vh 
 3.0000000 25.8229228  0.8282991  0.0896644  0.2104920 
[1] "New improvement found, but slight; taking the best value, but not resetting the step counter"
       step   negloglik          mu    sigma.sq          vh 
 4.00000000 25.82199025  0.89074651  0.09060405  0.22370702 
[1] "Now starting analysis"
[1] "Starting with initial values"
       mu  sigma.sq        SE        bt 
0.8282991 0.0896644 0.0448322 1.0000000 
       step   negloglik          mu    sigma.sq          SE          bt 
 1.00000000 16.13568077  0.35954001  0.01264360  0.06313385  1.85395175 
[1] "New improvement found, resetting step counter"
       step   negloglik          mu    sigma.sq          SE          bt 
 2.00000000 14.90088260  0.64091155  0.01062723  0.06401437  3.06774131 
[1] "New improvement found, but slight; taking the best value, but not resetting the step counter"
       step   negloglik          mu    sigma.sq          SE          bt 
 3.00000000 14.89817534  0.66809389  0.01083430  0.06439571  3.07738174 
       step   negloglik          mu    sigma.sq          SE          bt 
 4.00000000 14.89817534  0.66809389  0.01083430  0.06439571  3.07738174 
[1] "Now starting analysis"
[1] "Starting with initial values"
       mu  sigma.sq        bt 
0.8282991 0.0896644 1.0000000 
       step   negloglik          mu    sigma.sq          bt 
 1.00000000 25.08846784  0.69280529  0.08626934  3.19166667 
       step   negloglik          mu    sigma.sq          bt 
 2.00000000 25.08846784  0.69280529  0.08626934  3.19166667 
       step   negloglik          mu    sigma.sq          bt 
 3.00000000 25.08846784  0.69280529  0.08626934  3.19166667 
[1] "Now starting analysis"
[1] "Starting with initial values"
       mu  sigma.sq        SE 
0.8282991 0.0896644 0.0448322 
       step   negloglik          mu    sigma.sq          SE 
 1.00000000 18.46850872  0.85789196  0.01857025  0.06078664 
[1] "New improvement found, but slight; taking the best value, but not resetting the step counter"
       step   negloglik          mu    sigma.sq          SE 
 2.00000000 18.46696502  0.89859694  0.01886709  0.06486904 
       step   negloglik          mu    sigma.sq          SE 
 3.00000000 18.46696502  0.89859694  0.01886709  0.06486904 
[1] "Now starting analysis"
[1] "Starting with initial values"
       mu  sigma.sq 
0.8282991 0.0896644 
      step  negloglik         mu   sigma.sq 
 1.0000000 25.8625685  0.8282991  0.0896644 
      step  negloglik         mu   sigma.sq 
 2.0000000 25.8625685  0.8282991  0.0896644 
      step  negloglik         mu   sigma.sq 
 3.0000000 25.8625685  0.8282991  0.0896644 
