[1] "args"
[1] "66"  "646"
[1] "Now starting analysis"
[1] "Starting with initial values"
        mu   sigma.sq         SE         bt         vh 
4.79453899 0.05185042 0.02592521 1.00000000 0.02592521 
       step   negloglik          mu    sigma.sq          SE          bt 
1.000000000 8.954926237 1.675352357 0.002819669 0.048310349 2.369472870 
         vh 
0.214455889 
[1] "New improvement found, resetting step counter"
       step   negloglik          mu    sigma.sq          SE          bt 
2.000000000 8.933810657 1.609914280 0.003090279 0.049680599 2.398502738 
         vh 
0.194618176 
       step   negloglik          mu    sigma.sq          SE          bt 
3.000000000 8.933810657 1.609914280 0.003090279 0.049680599 2.398502738 
         vh 
0.194618176 
       step   negloglik          mu    sigma.sq          SE          bt 
4.000000000 8.933810657 1.609914280 0.003090279 0.049680599 2.398502738 
         vh 
0.194618176 
[1] "Now starting analysis"
[1] "Starting with initial values"
        mu   sigma.sq         bt         vh 
4.79453899 0.05185042 1.00000000 0.02592521 
        step    negloglik           mu     sigma.sq           bt           vh 
 1.000000000 14.719204548  1.606211347  0.048667691  2.297747325  0.003224987 
        step    negloglik           mu     sigma.sq           bt           vh 
 2.000000000 14.719204548  1.606211347  0.048667691  2.297747325  0.003224987 
        step    negloglik           mu     sigma.sq           bt           vh 
 3.000000000 14.719204548  1.606211347  0.048667691  2.297747325  0.003224987 
[1] "Now starting analysis"
[1] "Starting with initial values"
        mu   sigma.sq         SE         vh 
4.79453899 0.05185042 0.02592521 0.02592521 
       step   negloglik          mu    sigma.sq          SE          vh 
 1.00000000 13.73075583  4.51890317  0.01045027  0.03712234  1.04780825 
[1] "New improvement found, resetting step counter"
       step   negloglik          mu    sigma.sq          SE          vh 
 2.00000000 13.38289050  3.64133233  0.01060345  0.03216580  1.65329953 
       step   negloglik          mu    sigma.sq          SE          vh 
 3.00000000 13.38289050  3.64133233  0.01060345  0.03216580  1.65329953 
       step   negloglik          mu    sigma.sq          SE          vh 
 4.00000000 13.38289050  3.64133233  0.01060345  0.03216580  1.65329953 
[1] "Now starting analysis"
[1] "Starting with initial values"
        mu   sigma.sq         vh 
4.79453899 0.05185042 0.02592521 
        step    negloglik           mu     sigma.sq           vh 
 1.000000000 17.355682943  5.360560954  0.058509501  0.005947964 
        step    negloglik           mu     sigma.sq           vh 
 2.000000000 17.355682943  5.360560954  0.058509501  0.005947964 
[1] "New improvement found, but slight; taking the best value, but not resetting the step counter"
        step    negloglik           mu     sigma.sq           vh 
 3.000000000 17.347798023  5.207563162  0.059938310  0.004565335 
[1] "Now starting analysis"
[1] "Starting with initial values"
        mu   sigma.sq         SE         bt 
4.79453899 0.05185042 0.02592521 1.00000000 
      step  negloglik         mu   sigma.sq         SE         bt 
1.00000000 9.68638895 1.80940203 0.01481021 0.02654578 2.22161851 
[1] "New improvement found, but slight; taking the best value, but not resetting the step counter"
      step  negloglik         mu   sigma.sq         SE         bt 
2.00000000 9.68140834 1.75857326 0.01492247 0.02622931 2.23044304 
[1] "New improvement found, but slight; taking the best value, but not resetting the step counter"
      step  negloglik         mu   sigma.sq         SE         bt 
3.00000000 9.67679357 1.71818905 0.01537075 0.02639357 2.22659330 
[1] "Now starting analysis"
[1] "Starting with initial values"
        mu   sigma.sq         bt 
4.79453899 0.05185042 1.00000000 
       step   negloglik          mu    sigma.sq          bt 
 1.00000000 14.72112177  1.91526064  0.05063652  2.16056468 
[1] "New improvement found, but slight; taking the best value, but not resetting the step counter"
       step   negloglik          mu    sigma.sq          bt 
 2.00000000 14.71480237  1.91610461  0.04810461  2.16140865 
       step   negloglik          mu    sigma.sq          bt 
 3.00000000 14.71480237  1.91610461  0.04810461  2.16140865 
[1] "Now starting analysis"
[1] "Starting with initial values"
        mu   sigma.sq         SE 
4.79453899 0.05185042 0.02592521 
        step    negloglik           mu     sigma.sq           SE 
 1.000000000 14.572418005  5.175386810  0.037640644  0.007778565 
[1] "New improvement found, but slight; taking the best value, but not resetting the step counter"
        step    negloglik           mu     sigma.sq           SE 
 2.000000000 14.570464577  5.174792336  0.037876875  0.008731284 
        step    negloglik           mu     sigma.sq           SE 
 3.000000000 14.570464577  5.174792336  0.037876875  0.008731284 
[1] "Now starting analysis"
[1] "Starting with initial values"
        mu   sigma.sq 
4.79453899 0.05185042 
       step   negloglik          mu    sigma.sq 
 1.00000000 17.34058771  5.15386604  0.05799576 
       step   negloglik          mu    sigma.sq 
 2.00000000 17.34058771  5.15386604  0.05799576 
       step   negloglik          mu    sigma.sq 
 3.00000000 17.34058771  5.15386604  0.05799576 
