[1] "args"
[1] "66"   "1275"
[1] "Now starting analysis"
[1] "Starting with initial values"
        mu   sigma.sq         SE         bt         vh 
0.27556139 0.17269777 0.08634889 1.00000000 0.08634889 
       step   negloglik          mu    sigma.sq          SE          bt 
 1.00000000 45.66265188  0.29773631  0.01476357  0.04944885  1.08932224 
         vh 
 0.11443832 
[1] "New improvement found, resetting step counter"
        step    negloglik           mu     sigma.sq           SE           bt 
 2.000000000 43.483800482  0.586808313  0.014565814  0.047280023  0.677938502 
          vh 
 0.001076636 
[1] "New improvement found, resetting step counter"
        step    negloglik           mu     sigma.sq           SE           bt 
 3.000000000 43.351962321  0.637184026  0.012752231  0.053988415  0.663225305 
          vh 
 0.002852581 
        step    negloglik           mu     sigma.sq           SE           bt 
 4.000000000 43.351962321  0.637184026  0.012752231  0.053988415  0.663225305 
          vh 
 0.002852581 
        step    negloglik           mu     sigma.sq           SE           bt 
 5.000000000 43.351962321  0.637184026  0.012752231  0.053988415  0.663225305 
          vh 
 0.002852581 
[1] "Now starting analysis"
[1] "Starting with initial values"
        mu   sigma.sq         bt         vh 
0.27556139 0.17269777 1.00000000 0.08634889 
        step    negloglik           mu     sigma.sq           bt           vh 
  1.00000000 104.02970203   0.27556139   0.17269777   1.00000000   0.08634889 
        step    negloglik           mu     sigma.sq           bt           vh 
  2.00000000 104.02970203   0.27556139   0.17269777   1.00000000   0.08634889 
[1] "New improvement found, resetting step counter"
       step   negloglik          mu    sigma.sq          bt          vh 
  3.0000000 103.9778779   0.3820292   0.1679060   0.8637100   0.1067305 
       step   negloglik          mu    sigma.sq          bt          vh 
  4.0000000 103.9778779   0.3820292   0.1679060   0.8637100   0.1067305 
       step   negloglik          mu    sigma.sq          bt          vh 
  5.0000000 103.9778779   0.3820292   0.1679060   0.8637100   0.1067305 
[1] "Now starting analysis"
[1] "Starting with initial values"
        mu   sigma.sq         SE         vh 
0.27556139 0.17269777 0.08634889 0.08634889 
       step   negloglik          mu    sigma.sq          SE          vh 
 1.00000000 45.28126055  0.34858016  0.01453764  0.05311026  0.19012857 
[1] "New improvement found, resetting step counter"
       step   negloglik          mu    sigma.sq          SE          vh 
 2.00000000 45.04199991  0.48106204  0.01434959  0.05177795  0.06910579 
[1] "New improvement found, resetting step counter"
       step   negloglik          mu    sigma.sq          SE          vh 
 3.00000000 45.00217706  0.45116276  0.01386572  0.05164025  0.04014499 
       step   negloglik          mu    sigma.sq          SE          vh 
 4.00000000 45.00217706  0.45116276  0.01386572  0.05164025  0.04014499 
       step   negloglik          mu    sigma.sq          SE          vh 
 5.00000000 45.00217706  0.45116276  0.01386572  0.05164025  0.04014499 
[1] "Now starting analysis"
[1] "Starting with initial values"
        mu   sigma.sq         vh 
0.27556139 0.17269777 0.08634889 
        step    negloglik           mu     sigma.sq           vh 
  1.00000000 104.02965292   0.30311753   0.17269777   0.08634889 
        step    negloglik           mu     sigma.sq           vh 
  2.00000000 104.02965292   0.30311753   0.17269777   0.08634889 
        step    negloglik           mu     sigma.sq           vh 
  3.00000000 104.02965292   0.30311753   0.17269777   0.08634889 
[1] "Now starting analysis"
[1] "Starting with initial values"
        mu   sigma.sq         SE         bt 
0.27556139 0.17269777 0.08634889 1.00000000 
       step   negloglik          mu    sigma.sq          SE          bt 
 1.00000000 43.47653867  0.42350109  0.01339964  0.05138090  0.66819285 
[1] "New improvement found, resetting step counter"
       step   negloglik          mu    sigma.sq          SE          bt 
 2.00000000 43.40485419  0.49032037  0.01339964  0.05138090  0.66819285 
[1] "New improvement found, resetting step counter"
       step   negloglik          mu    sigma.sq          SE          bt 
 3.00000000 43.37263439  0.55639457  0.01265549  0.05095893  0.67493481 
[1] "New improvement found, resetting step counter"
       step   negloglik          mu    sigma.sq          SE          bt 
 4.00000000 43.33186907  0.63997526  0.01303244  0.05326393  0.67219283 
       step   negloglik          mu    sigma.sq          SE          bt 
 5.00000000 43.33186907  0.63997526  0.01303244  0.05326393  0.67219283 
       step   negloglik          mu    sigma.sq          SE          bt 
 6.00000000 43.33186907  0.63997526  0.01303244  0.05326393  0.67219283 
[1] "Now starting analysis"
[1] "Starting with initial values"
       mu  sigma.sq        bt 
0.2755614 0.1726978 1.0000000 
       step   negloglik          mu    sigma.sq          bt 
  1.0000000 103.9672032   0.2755614   0.1726978   1.0000000 
       step   negloglik          mu    sigma.sq          bt 
  2.0000000 103.9672032   0.2755614   0.1726978   1.0000000 
       step   negloglik          mu    sigma.sq          bt 
  3.0000000 103.9672032   0.2755614   0.1726978   1.0000000 
[1] "Now starting analysis"
[1] "Starting with initial values"
        mu   sigma.sq         SE 
0.27556139 0.17269777 0.08634889 
       step   negloglik          mu    sigma.sq          SE 
 1.00000000 44.97657682  0.35973947  0.01393296  0.04853904 
[1] "New improvement found, but slight; taking the best value, but not resetting the step counter"
       step   negloglik          mu    sigma.sq          SE 
 2.00000000 44.96916933  0.37500138  0.01544941  0.05247273 
[1] "New improvement found, resetting step counter"
       step   negloglik          mu    sigma.sq          SE 
 3.00000000 44.94322993  0.35321038  0.01460428  0.05403634 
[1] "New improvement found, resetting step counter"
       step   negloglik          mu    sigma.sq          SE 
 4.00000000 44.93183790  0.34648738  0.01439568  0.04924247 
       step   negloglik          mu    sigma.sq          SE 
 5.00000000 44.93183790  0.34648738  0.01439568  0.04924247 
[1] "New improvement found, resetting step counter"
       step   negloglik          mu    sigma.sq          SE 
 6.00000000 44.91524954  0.34311776  0.01410920  0.05245266 
       step   negloglik          mu    sigma.sq          SE 
 7.00000000 44.91524954  0.34311776  0.01410920  0.05245266 
       step   negloglik          mu    sigma.sq          SE 
 8.00000000 44.91524954  0.34311776  0.01410920  0.05245266 
[1] "Now starting analysis"
[1] "Starting with initial values"
       mu  sigma.sq 
0.2755614 0.1726978 
       step   negloglik          mu    sigma.sq 
  1.0000000 103.9672032   0.2755614   0.1726978 
       step   negloglik          mu    sigma.sq 
  2.0000000 103.9672032   0.2755614   0.1726978 
       step   negloglik          mu    sigma.sq 
  3.0000000 103.9672032   0.2755614   0.1726978 
