[1] "args"
[1] "66"  "348"
[1] "Now starting analysis"
[1] "Starting with initial values"
       mu  sigma.sq        SE        bt        vh 
0.9441971 0.0616792 0.0308396 1.0000000 0.0308396 
        step    negloglik           mu     sigma.sq           SE           bt 
 1.000000000 14.639369447  1.048018611  0.006813415  0.067846449  1.713102816 
          vh 
 0.063699464 
[1] "New improvement found, resetting step counter"
        step    negloglik           mu     sigma.sq           SE           bt 
2.000000e+00 1.427746e+01 9.748713e-01 6.235806e-03 6.349537e-02 1.872188e+00 
          vh 
4.586595e-04 
[1] "New improvement found, resetting step counter"
        step    negloglik           mu     sigma.sq           SE           bt 
3.000000e+00 1.424072e+01 9.288605e-01 6.841709e-03 6.429618e-02 1.812708e+00 
          vh 
5.696825e-05 
        step    negloglik           mu     sigma.sq           SE           bt 
4.000000e+00 1.424072e+01 9.288605e-01 6.841709e-03 6.429618e-02 1.812708e+00 
          vh 
5.696825e-05 
        step    negloglik           mu     sigma.sq           SE           bt 
5.000000e+00 1.424072e+01 9.288605e-01 6.841709e-03 6.429618e-02 1.812708e+00 
          vh 
5.696825e-05 
[1] "Now starting analysis"
[1] "Starting with initial values"
       mu  sigma.sq        bt        vh 
0.9441971 0.0616792 1.0000000 0.0308396 
        step    negloglik           mu     sigma.sq           bt           vh 
1.000000e+00 2.304000e+01 9.318219e-01 5.827862e-02 1.497520e+00 4.609407e-05 
[1] "New improvement found, resetting step counter"
        step    negloglik           mu     sigma.sq           bt           vh 
2.000000e+00 2.302207e+01 9.318219e-01 5.827862e-02 1.647272e+00 4.609407e-05 
        step    negloglik           mu     sigma.sq           bt           vh 
3.000000e+00 2.302207e+01 9.318219e-01 5.827862e-02 1.647272e+00 4.609407e-05 
        step    negloglik           mu     sigma.sq           bt           vh 
4.000000e+00 2.302207e+01 9.318219e-01 5.827862e-02 1.647272e+00 4.609407e-05 
[1] "Now starting analysis"
[1] "Starting with initial values"
       mu  sigma.sq        SE        vh 
0.9441971 0.0616792 0.0308396 0.0308396 
        step    negloglik           mu     sigma.sq           SE           vh 
 1.000000000 15.657590680  0.943880134  0.006956923  0.070044985  0.111059851 
[1] "New improvement found, resetting step counter"
        step    negloglik           mu     sigma.sq           SE           vh 
 2.000000000 15.536097866  0.929683220  0.006788039  0.071797905  0.255814333 
        step    negloglik           mu     sigma.sq           SE           vh 
 3.000000000 15.536097866  0.929683220  0.006788039  0.071797905  0.255814333 
        step    negloglik           mu     sigma.sq           SE           vh 
 4.000000000 15.536097866  0.929683220  0.006788039  0.071797905  0.255814333 
[1] "Now starting analysis"
[1] "Starting with initial values"
       mu  sigma.sq        vh 
0.9441971 0.0616792 0.0308396 
      step  negloglik         mu   sigma.sq         vh 
 1.0000000 23.6035566  0.9441971  0.0616792  0.0308396 
      step  negloglik         mu   sigma.sq         vh 
 2.0000000 23.6035566  0.9441971  0.0616792  0.0308396 
      step  negloglik         mu   sigma.sq         vh 
 3.0000000 23.6035566  0.9441971  0.0616792  0.0308396 
[1] "Now starting analysis"
[1] "Starting with initial values"
       mu  sigma.sq        SE        bt 
0.9441971 0.0616792 0.0308396 1.0000000 
        step    negloglik           mu     sigma.sq           SE           bt 
 1.000000000 16.102131736  0.953207242  0.006752229  0.090036125  1.086346317 
[1] "New improvement found, resetting step counter"
        step    negloglik           mu     sigma.sq           SE           bt 
 2.000000000 14.229301118  0.934900510  0.006411783  0.068443112  1.757784322 
        step    negloglik           mu     sigma.sq           SE           bt 
 3.000000000 14.229301118  0.934900510  0.006411783  0.068443112  1.757784322 
        step    negloglik           mu     sigma.sq           SE           bt 
 4.000000000 14.229301118  0.934900510  0.006411783  0.068443112  1.757784322 
[1] "Now starting analysis"
[1] "Starting with initial values"
       mu  sigma.sq        bt 
0.9441971 0.0616792 1.0000000 
       step   negloglik          mu    sigma.sq          bt 
 1.00000000 23.03659919  0.79003047  0.05751253  1.67916667 
[1] "New improvement found, resetting step counter"
       step   negloglik          mu    sigma.sq          bt 
 2.00000000 23.02447837  0.90110034  0.06013623  1.62231988 
[1] "New improvement found, but slight; taking the best value, but not resetting the step counter"
       step   negloglik          mu    sigma.sq          bt 
 3.00000000 23.02321316  0.95563273  0.05900813  1.59349146 
[1] "New improvement found, but slight; taking the best value, but not resetting the step counter"
       step   negloglik          mu    sigma.sq          bt 
 4.00000000 23.02210903  0.94476711  0.05854733  1.65359634 
[1] "Now starting analysis"
[1] "Starting with initial values"
       mu  sigma.sq        SE 
0.9441971 0.0616792 0.0308396 
        step    negloglik           mu     sigma.sq           SE 
 1.000000000 16.588613453  0.963921851  0.007348024  0.075152616 
[1] "New improvement found, but slight; taking the best value, but not resetting the step counter"
        step    negloglik           mu     sigma.sq           SE 
 2.000000000 16.586097697  0.929034408  0.008168104  0.079845966 
[1] "New improvement found, but slight; taking the best value, but not resetting the step counter"
        step    negloglik           mu     sigma.sq           SE 
 3.000000000 16.584175842  0.954801784  0.007192751  0.079151658 
[1] "Now starting analysis"
[1] "Starting with initial values"
       mu  sigma.sq 
0.9441971 0.0616792 
      step  negloglik         mu   sigma.sq 
 1.0000000 23.6080731  0.9441971  0.0616792 
      step  negloglik         mu   sigma.sq 
 2.0000000 23.6080731  0.9441971  0.0616792 
      step  negloglik         mu   sigma.sq 
 3.0000000 23.6080731  0.9441971  0.0616792 
