000 (066.1092.000) 07/26 17:14:46 Job submitted from host: <160.36.155.106:9618?addrs=160.36.155.106-9618&noUDP&sock=27742_4872_4>
...
012 (066.1092.000) 08/03 14:16:56 Job was held.
	via condor_hold (by user bomeara)
	Code 1 Subcode 0
...
013 (066.1092.000) 08/05 22:27:43 Job was released.
	via condor_release (by user bomeara)
...
012 (066.1092.000) 08/09 10:35:43 Job was held.
	via condor_hold (by user bomeara)
	Code 1 Subcode 0
...
013 (066.1092.000) 08/09 13:05:01 Job was released.
	via condor_release (by user bomeara)
...
001 (066.1092.000) 08/25 01:31:50 Job executing on host: <10.128.78.255:9618?addrs=10.128.78.255-9618&noUDP&sock=2316_296e_4>
...
006 (066.1092.000) 08/25 01:31:59 Image size of job updated: 234380
	229  -  MemoryUsage of job (MB)
	234380  -  ResidentSetSize of job (KB)
...
006 (066.1092.000) 08/25 01:37:00 Image size of job updated: 234396
	229  -  MemoryUsage of job (MB)
	234396  -  ResidentSetSize of job (KB)
...
005 (066.1092.000) 08/25 02:45:38 Job terminated.
	(1) Normal termination (return value 0)
		Usr 0 01:13:42, Sys 0 00:00:00  -  Run Remote Usage
		Usr 0 00:00:00, Sys 0 00:00:00  -  Run Local Usage
		Usr 0 01:13:42, Sys 0 00:00:00  -  Total Remote Usage
		Usr 0 00:00:00, Sys 0 00:00:00  -  Total Local Usage
	28750  -  Run Bytes Sent By Job
	2422  -  Run Bytes Received By Job
	28750  -  Total Bytes Sent By Job
	2422  -  Total Bytes Received By Job
	Partitionable Resources :    Usage  Request Allocated 
	   Cpus                 :     0.99        1         1 
	   Disk (KB)            :    46           4    893021 
	   Memory (MB)          :   229           1       128 
...
