[1] "args"
[1] "66"  "397"
[1] "Now starting analysis"
[1] "Starting with initial values"
       mu  sigma.sq        SE        bt        vh 
0.9022784 0.3477992 0.1738996 1.0000000 0.1738996 
        step    negloglik           mu     sigma.sq           SE           bt 
 1.000000000 32.727044827  0.980568465  0.006784807  0.058067776  1.373190978 
          vh 
 0.222478793 
[1] "New improvement found, resetting step counter"
        step    negloglik           mu     sigma.sq           SE           bt 
 2.000000000 31.453005513  0.470389122  0.005529153  0.060252290  1.943090545 
          vh 
 0.004775650 
[1] "New improvement found, resetting step counter"
        step    negloglik           mu     sigma.sq           SE           bt 
 3.000000000 31.394468487  0.296542289  0.005383801  0.063765689  2.148319454 
          vh 
 0.023893809 
[1] "New improvement found, resetting step counter"
        step    negloglik           mu     sigma.sq           SE           bt 
 4.000000000 31.068579504  0.417112532  0.005059809  0.061590898  2.331885490 
          vh 
 0.000203827 
[1] "New improvement found, resetting step counter"
        step    negloglik           mu     sigma.sq           SE           bt 
 5.000000000 31.027615351  0.219574549  0.005271767  0.069406360  2.866677924 
          vh 
 0.005464101 
[1] "New improvement found, resetting step counter"
        step    negloglik           mu     sigma.sq           SE           bt 
 6.000000000 31.003568025  0.129938815  0.005202191  0.059650531  2.825251330 
          vh 
 0.003193815 
        step    negloglik           mu     sigma.sq           SE           bt 
 7.000000000 31.003568025  0.129938815  0.005202191  0.059650531  2.825251330 
          vh 
 0.003193815 
        step    negloglik           mu     sigma.sq           SE           bt 
 8.000000000 31.003568025  0.129938815  0.005202191  0.059650531  2.825251330 
          vh 
 0.003193815 
[1] "Now starting analysis"
[1] "Starting with initial values"
       mu  sigma.sq        bt        vh 
0.9022784 0.3477992 1.0000000 0.1738996 
       step   negloglik          mu    sigma.sq          bt          vh 
  1.0000000 134.1799035   0.9022784   0.3477992   1.1000000   0.1738996 
[1] "New improvement found, but slight; taking the best value, but not resetting the step counter"
       step   negloglik          mu    sigma.sq          bt          vh 
  2.0000000 134.1713955   0.9022784   0.3477992   1.2100000   0.1738996 
       step   negloglik          mu    sigma.sq          bt          vh 
  3.0000000 134.1713955   0.9022784   0.3477992   1.2100000   0.1738996 
[1] "Now starting analysis"
[1] "Starting with initial values"
       mu  sigma.sq        SE        vh 
0.9022784 0.3477992 0.1738996 0.1738996 
        step    negloglik           mu     sigma.sq           SE           vh 
 1.000000000 33.782853712  1.268889525  0.008360534  0.053264444  0.258139536 
[1] "New improvement found, resetting step counter"
       step   negloglik          mu    sigma.sq          SE          vh 
 2.00000000 32.55963174  0.35034274  0.00541861  0.06125645  0.79242687 
       step   negloglik          mu    sigma.sq          SE          vh 
 3.00000000 32.55963174  0.35034274  0.00541861  0.06125645  0.79242687 
       step   negloglik          mu    sigma.sq          SE          vh 
 4.00000000 32.55963174  0.35034274  0.00541861  0.06125645  0.79242687 
[1] "Now starting analysis"
[1] "Starting with initial values"
       mu  sigma.sq        vh 
0.9022784 0.3477992 0.1738996 
       step   negloglik          mu    sigma.sq          vh 
  1.0000000 134.1872449   0.9925063   0.3477992   0.1738996 
[1] "New improvement found, but slight; taking the best value, but not resetting the step counter"
       step   negloglik          mu    sigma.sq          vh 
  2.0000000 134.1858434   1.0917569   0.3477992   0.1738996 
       step   negloglik          mu    sigma.sq          vh 
  3.0000000 134.1858434   1.0917569   0.3477992   0.1738996 
[1] "Now starting analysis"
[1] "Starting with initial values"
       mu  sigma.sq        SE        bt 
0.9022784 0.3477992 0.1738996 1.0000000 
        step    negloglik           mu     sigma.sq           SE           bt 
 1.000000000 32.117438454  0.875104916  0.005838818  0.059254437  1.506899508 
[1] "New improvement found, resetting step counter"
        step    negloglik           mu     sigma.sq           SE           bt 
 2.000000000 30.796441607  0.148187836  0.005462593  0.058929504  3.438066124 
        step    negloglik           mu     sigma.sq           SE           bt 
 3.000000000 30.796441607  0.148187836  0.005462593  0.058929504  3.438066124 
[1] "New improvement found, resetting step counter"
        step    negloglik           mu     sigma.sq           SE           bt 
 4.000000000 30.760533871  0.157960292  0.005094346  0.063375996  3.489718773 
        step    negloglik           mu     sigma.sq           SE           bt 
 5.000000000 30.760533871  0.157960292  0.005094346  0.063375996  3.489718773 
        step    negloglik           mu     sigma.sq           SE           bt 
 6.000000000 30.760533871  0.157960292  0.005094346  0.063375996  3.489718773 
[1] "Now starting analysis"
[1] "Starting with initial values"
       mu  sigma.sq        bt 
0.9022784 0.3477992 1.0000000 
       step   negloglik          mu    sigma.sq          bt 
  1.0000000 134.1657210   0.9022784   0.3477992   1.1000000 
[1] "New improvement found, but slight; taking the best value, but not resetting the step counter"
       step   negloglik          mu    sigma.sq          bt 
  2.0000000 134.1569534   0.9022784   0.3477992   1.2100000 
       step   negloglik          mu    sigma.sq          bt 
  3.0000000 134.1569534   0.9022784   0.3477992   1.2100000 
[1] "Now starting analysis"
[1] "Starting with initial values"
       mu  sigma.sq        SE 
0.9022784 0.3477992 0.1738996 
        step    negloglik           mu     sigma.sq           SE 
 1.000000000 33.463598575  1.188883922  0.007316172  0.054610753 
[1] "New improvement found, resetting step counter"
        step    negloglik           mu     sigma.sq           SE 
 2.000000000 33.402564828  1.085753159  0.007593881  0.058043975 
[1] "New improvement found, but slight; taking the best value, but not resetting the step counter"
        step    negloglik           mu     sigma.sq           SE 
 3.000000000 33.396047130  1.083225825  0.007610268  0.057008496 
[1] "New improvement found, but slight; taking the best value, but not resetting the step counter"
        step    negloglik           mu     sigma.sq           SE 
 4.000000000 33.395619232  1.071297661  0.007370621  0.057658439 
[1] "Now starting analysis"
[1] "Starting with initial values"
       mu  sigma.sq 
0.9022784 0.3477992 
       step   negloglik          mu    sigma.sq 
  1.0000000 134.1731399   0.9925063   0.3477992 
[1] "New improvement found, but slight; taking the best value, but not resetting the step counter"
       step   negloglik          mu    sigma.sq 
  2.0000000 134.1715152   1.0917569   0.3477992 
       step   negloglik          mu    sigma.sq 
  3.0000000 134.1715152   1.0917569   0.3477992 
