000 (066.754.000) 07/26 17:14:46 Job submitted from host: <160.36.155.106:9618?addrs=160.36.155.106-9618&noUDP&sock=27742_4872_4>
...
012 (066.754.000) 08/03 14:16:38 Job was held.
	via condor_hold (by user bomeara)
	Code 1 Subcode 0
...
013 (066.754.000) 08/05 22:27:24 Job was released.
	via condor_release (by user bomeara)
...
012 (066.754.000) 08/09 10:35:21 Job was held.
	via condor_hold (by user bomeara)
	Code 1 Subcode 0
...
013 (066.754.000) 08/09 13:04:43 Job was released.
	via condor_release (by user bomeara)
...
001 (066.754.000) 08/10 16:06:12 Job executing on host: <10.130.28.84:9618?addrs=10.130.28.84-9618&noUDP&sock=69176_8f87_4>
...
006 (066.754.000) 08/10 16:06:20 Image size of job updated: 220404
	216  -  MemoryUsage of job (MB)
	220404  -  ResidentSetSize of job (KB)
...
006 (066.754.000) 08/10 16:11:20 Image size of job updated: 229448
	225  -  MemoryUsage of job (MB)
	229448  -  ResidentSetSize of job (KB)
...
006 (066.754.000) 08/11 07:02:57 Image size of job updated: 231404
	226  -  MemoryUsage of job (MB)
	231404  -  ResidentSetSize of job (KB)
...
006 (066.754.000) 08/11 14:03:39 Image size of job updated: 231608
	227  -  MemoryUsage of job (MB)
	231608  -  ResidentSetSize of job (KB)
...
005 (066.754.000) 08/11 21:07:24 Job terminated.
	(1) Normal termination (return value 0)
		Usr 1 04:58:12, Sys 0 00:00:18  -  Run Remote Usage
		Usr 0 00:00:00, Sys 0 00:00:00  -  Run Local Usage
		Usr 1 04:58:12, Sys 0 00:00:18  -  Total Remote Usage
		Usr 0 00:00:00, Sys 0 00:00:00  -  Total Local Usage
	27375  -  Run Bytes Sent By Job
	2422  -  Run Bytes Received By Job
	27375  -  Total Bytes Sent By Job
	2422  -  Total Bytes Received By Job
	Partitionable Resources :    Usage  Request Allocated 
	   Cpus                 :     1.00        1         1 
	   Disk (KB)            :    45           4    891527 
	   Memory (MB)          :   227           1       128 
...
