000 (066.937.000) 07/26 17:14:46 Job submitted from host: <160.36.155.106:9618?addrs=160.36.155.106-9618&noUDP&sock=27742_4872_4>
...
012 (066.937.000) 08/03 14:16:48 Job was held.
	via condor_hold (by user bomeara)
	Code 1 Subcode 0
...
013 (066.937.000) 08/05 22:27:34 Job was released.
	via condor_release (by user bomeara)
...
012 (066.937.000) 08/09 10:35:33 Job was held.
	via condor_hold (by user bomeara)
	Code 1 Subcode 0
...
013 (066.937.000) 08/09 13:04:53 Job was released.
	via condor_release (by user bomeara)
...
022 (066.937.000) 08/14 14:07:46 Job disconnected, attempting to reconnect
    Local schedd and job shadow died, schedd now running again
    Trying to reconnect to slot1_3@omearalab11 <10.128.151.149:9618?addrs=10.128.151.149-9618&noUDP&sock=21393_65a7_4>
...
024 (066.937.000) 08/14 14:07:54 Job reconnection failed
    Job not found at execution machine
    Can not reconnect to slot1_3@omearalab11, rescheduling job
...
001 (066.937.000) 08/16 14:06:45 Job executing on host: <10.129.167.211:9618?addrs=10.129.167.211-9618&noUDP&sock=2331_7359_4>
...
006 (066.937.000) 08/16 14:06:54 Image size of job updated: 235176
	230  -  MemoryUsage of job (MB)
	235176  -  ResidentSetSize of job (KB)
...
006 (066.937.000) 08/16 14:11:55 Image size of job updated: 239436
	234  -  MemoryUsage of job (MB)
	239436  -  ResidentSetSize of job (KB)
...
006 (066.937.000) 08/16 14:16:55 Image size of job updated: 239452
	234  -  MemoryUsage of job (MB)
	239452  -  ResidentSetSize of job (KB)
...
006 (066.937.000) 08/18 06:41:05 Image size of job updated: 247992
	243  -  MemoryUsage of job (MB)
	247992  -  ResidentSetSize of job (KB)
...
006 (066.937.000) 08/18 20:22:31 Image size of job updated: 248156
	243  -  MemoryUsage of job (MB)
	248156  -  ResidentSetSize of job (KB)
...
005 (066.937.000) 08/19 04:22:43 Job terminated.
	(1) Normal termination (return value 0)
		Usr 2 14:10:31, Sys 0 00:00:23  -  Run Remote Usage
		Usr 0 00:00:00, Sys 0 00:00:00  -  Run Local Usage
		Usr 2 14:10:31, Sys 0 00:00:23  -  Total Remote Usage
		Usr 0 00:00:00, Sys 0 00:00:00  -  Total Local Usage
	32167  -  Run Bytes Sent By Job
	2422  -  Run Bytes Received By Job
	32167  -  Total Bytes Sent By Job
	2422  -  Total Bytes Received By Job
	Partitionable Resources :    Usage  Request Allocated 
	   Cpus                 :     1.00        1         1 
	   Disk (KB)            :    50           4    891902 
	   Memory (MB)          :   243           1       128 
...
