000 (066.150.000) 07/26 17:14:46 Job submitted from host: <160.36.155.106:9618?addrs=160.36.155.106-9618&noUDP&sock=27742_4872_4>
...
001 (066.150.000) 07/26 17:14:55 Job executing on host: <10.129.167.211:9618?addrs=10.129.167.211-9618&noUDP&sock=2276_b9a4_4>
...
006 (066.150.000) 07/26 17:15:04 Image size of job updated: 231616
	227  -  MemoryUsage of job (MB)
	231616  -  ResidentSetSize of job (KB)
...
005 (066.150.000) 07/26 18:32:54 Job terminated.
	(1) Normal termination (return value 0)
		Usr 0 01:17:52, Sys 0 00:00:01  -  Run Remote Usage
		Usr 0 00:00:00, Sys 0 00:00:00  -  Run Local Usage
		Usr 0 01:17:52, Sys 0 00:00:01  -  Total Remote Usage
		Usr 0 00:00:00, Sys 0 00:00:00  -  Total Local Usage
	29366  -  Run Bytes Sent By Job
	2422  -  Run Bytes Received By Job
	29366  -  Total Bytes Sent By Job
	2422  -  Total Bytes Received By Job
	Partitionable Resources :    Usage  Request Allocated 
	   Cpus                 :     1.00        1         1 
	   Disk (KB)            :    46           4    892167 
	   Memory (MB)          :   227           1       128 
...
