000 (066.968.000) 07/26 17:14:46 Job submitted from host: <160.36.155.106:9618?addrs=160.36.155.106-9618&noUDP&sock=27742_4872_4>
...
012 (066.968.000) 08/03 14:16:49 Job was held.
	via condor_hold (by user bomeara)
	Code 1 Subcode 0
...
013 (066.968.000) 08/05 22:27:35 Job was released.
	via condor_release (by user bomeara)
...
012 (066.968.000) 08/09 10:35:35 Job was held.
	via condor_hold (by user bomeara)
	Code 1 Subcode 0
...
013 (066.968.000) 08/09 13:04:55 Job was released.
	via condor_release (by user bomeara)
...
001 (066.968.000) 08/18 19:26:49 Job executing on host: <10.129.167.211:9618?addrs=10.129.167.211-9618&noUDP&sock=2331_7359_4>
...
006 (066.968.000) 08/18 19:26:58 Image size of job updated: 220452
	216  -  MemoryUsage of job (MB)
	220452  -  ResidentSetSize of job (KB)
...
006 (066.968.000) 08/18 19:31:59 Image size of job updated: 232024
	227  -  MemoryUsage of job (MB)
	232024  -  ResidentSetSize of job (KB)
...
005 (066.968.000) 08/19 04:16:57 Job terminated.
	(1) Normal termination (return value 0)
		Usr 0 08:49:20, Sys 0 00:00:04  -  Run Remote Usage
		Usr 0 00:00:00, Sys 0 00:00:00  -  Run Local Usage
		Usr 0 08:49:20, Sys 0 00:00:04  -  Total Remote Usage
		Usr 0 00:00:00, Sys 0 00:00:00  -  Total Local Usage
	27309  -  Run Bytes Sent By Job
	2422  -  Run Bytes Received By Job
	27309  -  Total Bytes Sent By Job
	2422  -  Total Bytes Received By Job
	Partitionable Resources :    Usage  Request Allocated 
	   Cpus                 :     1.00        1         1 
	   Disk (KB)            :    45           4    891902 
	   Memory (MB)          :   227           1       128 
...
