000 (066.123.000) 07/26 17:14:45 Job submitted from host: <160.36.155.106:9618?addrs=160.36.155.106-9618&noUDP&sock=27742_4872_4>
...
001 (066.123.000) 07/26 17:14:54 Job executing on host: <10.130.107.8:9618?addrs=10.130.107.8-9618&noUDP&sock=69199_5635_4>
...
006 (066.123.000) 07/26 17:15:02 Image size of job updated: 243264
	238  -  MemoryUsage of job (MB)
	243264  -  ResidentSetSize of job (KB)
...
006 (066.123.000) 07/26 17:20:02 Image size of job updated: 247944
	243  -  MemoryUsage of job (MB)
	247944  -  ResidentSetSize of job (KB)
...
006 (066.123.000) 07/26 17:30:03 Image size of job updated: 247960
	243  -  MemoryUsage of job (MB)
	247960  -  ResidentSetSize of job (KB)
...
006 (066.123.000) 07/27 18:42:39 Image size of job updated: 249076
	244  -  MemoryUsage of job (MB)
	249076  -  ResidentSetSize of job (KB)
...
006 (066.123.000) 07/29 17:07:26 Image size of job updated: 249196
	244  -  MemoryUsage of job (MB)
	249196  -  ResidentSetSize of job (KB)
...
005 (066.123.000) 07/30 06:44:46 Job terminated.
	(1) Normal termination (return value 0)
		Usr 3 13:22:26, Sys 0 00:00:33  -  Run Remote Usage
		Usr 0 00:00:00, Sys 0 00:00:00  -  Run Local Usage
		Usr 3 13:22:26, Sys 0 00:00:33  -  Total Remote Usage
		Usr 0 00:00:00, Sys 0 00:00:00  -  Total Local Usage
	32018  -  Run Bytes Sent By Job
	2422  -  Run Bytes Received By Job
	32018  -  Total Bytes Sent By Job
	2422  -  Total Bytes Received By Job
	Partitionable Resources :    Usage  Request Allocated 
	   Cpus                 :     1.00        1         1 
	   Disk (KB)            :    49           4    888358 
	   Memory (MB)          :   244           1       128 
...
