[1] "args"
[1] "66"   "1370"
[1] "Now starting analysis"
[1] "Starting with initial values"
         mu    sigma.sq          SE          bt          vh 
1.113958771 0.007368697 0.003684348 1.000000000 0.003684348 
         step     negloglik            mu      sigma.sq            SE 
  1.000000000 -13.446141655   1.107533289   0.004173590   0.001560121 
           bt            vh 
  1.072861665   0.028100477 
[1] "New improvement found, resetting step counter"
         step     negloglik            mu      sigma.sq            SE 
  2.000000000 -13.462114031   1.083325434   0.004185937   0.001590105 
           bt            vh 
  1.072277781   0.028425867 
         step     negloglik            mu      sigma.sq            SE 
  3.000000000 -13.462114031   1.083325434   0.004185937   0.001590105 
           bt            vh 
  1.072277781   0.028425867 
         step     negloglik            mu      sigma.sq            SE 
  4.000000000 -13.462114031   1.083325434   0.004185937   0.001590105 
           bt            vh 
  1.072277781   0.028425867 
[1] "Now starting analysis"
[1] "Starting with initial values"
         mu    sigma.sq          bt          vh 
1.113958771 0.007368697 1.000000000 0.003684348 
         step     negloglik            mu      sigma.sq            bt 
  1.000000000 -13.567293424   1.112798037   0.005789751   1.086045636 
           vh 
  0.015996149 
[1] "New improvement found, resetting step counter"
         step     negloglik            mu      sigma.sq            bt 
 2.000000e+00 -1.369481e+01  8.426585e-01  5.693979e-03  1.117147e+00 
           vh 
 1.629457e-04 
         step     negloglik            mu      sigma.sq            bt 
 3.000000e+00 -1.369481e+01  8.426585e-01  5.693979e-03  1.117147e+00 
           vh 
 1.629457e-04 
         step     negloglik            mu      sigma.sq            bt 
 4.000000e+00 -1.369481e+01  8.426585e-01  5.693979e-03  1.117147e+00 
           vh 
 1.629457e-04 
[1] "Now starting analysis"
[1] "Starting with initial values"
         mu    sigma.sq          SE          vh 
1.113958771 0.007368697 0.003684348 0.003684348 
         step     negloglik            mu      sigma.sq            SE 
 1.000000e+00 -1.315589e+01  1.139675e+00  6.349862e-03  4.611547e-07 
           vh 
 4.714297e-02 
         step     negloglik            mu      sigma.sq            SE 
 2.000000e+00 -1.315589e+01  1.139675e+00  6.349862e-03  4.611547e-07 
           vh 
 4.714297e-02 
[1] "New improvement found, resetting step counter"
         step     negloglik            mu      sigma.sq            SE 
 3.000000e+00 -1.318025e+01  1.187615e+00  6.202064e-03  2.698853e-06 
           vh 
 4.838385e-02 
         step     negloglik            mu      sigma.sq            SE 
 4.000000e+00 -1.318025e+01  1.187615e+00  6.202064e-03  2.698853e-06 
           vh 
 4.838385e-02 
         step     negloglik            mu      sigma.sq            SE 
 5.000000e+00 -1.318025e+01  1.187615e+00  6.202064e-03  2.698853e-06 
           vh 
 4.838385e-02 
[1] "Now starting analysis"
[1] "Starting with initial values"
         mu    sigma.sq          vh 
1.113958771 0.007368697 0.003684348 
         step     negloglik            mu      sigma.sq            vh 
  1.000000000 -13.269461950   1.133127601   0.005560145   0.061145511 
[1] "New improvement found, but slight; taking the best value, but not resetting the step counter"
         step     negloglik            mu      sigma.sq            vh 
  2.000000000 -13.275830687   1.102723567   0.005492522   0.046479361 
[1] "New improvement found, but slight; taking the best value, but not resetting the step counter"
         step     negloglik            mu      sigma.sq            vh 
  3.000000000 -13.277876848   1.115977726   0.005492013   0.053761269 
[1] "Now starting analysis"
[1] "Starting with initial values"
         mu    sigma.sq          SE          bt 
1.113958771 0.007368697 0.003684348 1.000000000 
         step     negloglik            mu      sigma.sq            SE 
 1.000000e+00 -1.350030e+01  1.055339e+00  5.596339e-03  1.064236e-06 
           bt 
 1.122527e+00 
[1] "New improvement found, resetting step counter"
         step     negloglik            mu      sigma.sq            SE 
 2.000000e+00 -1.368164e+01  7.961295e-01  5.596180e-03  6.401054e-07 
           bt 
 1.122776e+00 
[1] "New improvement found, but slight; taking the best value, but not resetting the step counter"
         step     negloglik            mu      sigma.sq            SE 
 3.000000e+00 -1.368614e+01  7.868626e-01  5.688215e-03  2.894527e-06 
           bt 
 1.125849e+00 
         step     negloglik            mu      sigma.sq            SE 
 4.000000e+00 -1.368614e+01  7.868626e-01  5.688215e-03  2.894527e-06 
           bt 
 1.125849e+00 
[1] "Now starting analysis"
[1] "Starting with initial values"
         mu    sigma.sq          bt 
1.113958771 0.007368697 1.000000000 
         step     negloglik            mu      sigma.sq            bt 
  1.000000000 -13.689045621   0.888107707   0.006010942   1.116266584 
[1] "New improvement found, resetting step counter"
         step     negloglik            mu      sigma.sq            bt 
  2.000000000 -13.699286392   0.832921187   0.005939277   1.115084628 
         step     negloglik            mu      sigma.sq            bt 
  3.000000000 -13.699286392   0.832921187   0.005939277   1.115084628 
         step     negloglik            mu      sigma.sq            bt 
  4.000000000 -13.699286392   0.832921187   0.005939277   1.115084628 
[1] "Now starting analysis"
[1] "Starting with initial values"
         mu    sigma.sq          SE 
1.113958771 0.007368697 0.003684348 
         step     negloglik            mu      sigma.sq            SE 
 1.000000e+00 -1.219127e+01  1.170406e+00  6.604807e-03  1.051668e-06 
[1] "New improvement found, resetting step counter"
         step     negloglik            mu      sigma.sq            SE 
 2.000000e+00 -1.224518e+01  1.020854e+00  6.604792e-03  9.111825e-07 
         step     negloglik            mu      sigma.sq            SE 
 3.000000e+00 -1.224518e+01  1.020854e+00  6.604792e-03  9.111825e-07 
         step     negloglik            mu      sigma.sq            SE 
 4.000000e+00 -1.224518e+01  1.020854e+00  6.604792e-03  9.111825e-07 
[1] "Now starting analysis"
[1] "Starting with initial values"
         mu    sigma.sq 
1.113958771 0.007368697 
         step     negloglik            mu      sigma.sq 
  1.000000000 -12.248981182   1.020390041   0.006525613 
         step     negloglik            mu      sigma.sq 
  2.000000000 -12.248981182   1.020390041   0.006525613 
[1] "New improvement found, but slight; taking the best value, but not resetting the step counter"
         step     negloglik            mu      sigma.sq 
  3.000000000 -12.249699729   1.045240978   0.006447129 
