000 (066.1433.000) 07/26 17:14:46 Job submitted from host: <160.36.155.106:9618?addrs=160.36.155.106-9618&noUDP&sock=27742_4872_4>
...
012 (066.1433.000) 08/03 14:17:13 Job was held.
	via condor_hold (by user bomeara)
	Code 1 Subcode 0
...
013 (066.1433.000) 08/05 22:28:00 Job was released.
	via condor_release (by user bomeara)
...
012 (066.1433.000) 08/09 10:36:06 Job was held.
	via condor_hold (by user bomeara)
	Code 1 Subcode 0
...
013 (066.1433.000) 08/09 13:05:18 Job was released.
	via condor_release (by user bomeara)
...
001 (066.1433.000) 09/12 19:06:54 Job executing on host: <10.128.121.58:9618?addrs=10.128.121.58-9618&noUDP&sock=2350_7ba6_4>
...
006 (066.1433.000) 09/12 19:07:03 Image size of job updated: 243260
	238  -  MemoryUsage of job (MB)
	243260  -  ResidentSetSize of job (KB)
...
006 (066.1433.000) 09/12 20:52:16 Image size of job updated: 246316
	241  -  MemoryUsage of job (MB)
	246316  -  ResidentSetSize of job (KB)
...
006 (066.1433.000) 09/13 00:07:37 Image size of job updated: 246332
	241  -  MemoryUsage of job (MB)
	246332  -  ResidentSetSize of job (KB)
...
022 (066.1433.000) 09/20 13:18:05 Job disconnected, attempting to reconnect
    Socket between submit and execute hosts closed unexpectedly
    Trying to reconnect to slot1_17@omearaclustere <10.128.121.58:9618?addrs=10.128.121.58-9618&noUDP&sock=2350_7ba6_4>
...
024 (066.1433.000) 09/20 13:58:06 Job reconnection failed
    Job disconnected too long: JobLeaseDuration (2400 seconds) expired
    Can not reconnect to slot1_17@omearaclustere, rescheduling job
...
012 (066.1433.000) 09/23 13:38:08 Job was held.
	via condor_hold (by user bomeara)
	Code 1 Subcode 0
...
001 (066.1433.000) 09/24 14:49:53 Job executing on host: <10.129.199.164:9618?addrs=10.129.199.164-9618&noUDP&sock=2250_e42e_4>
...
013 (066.1433.000) 09/24 14:49:59 Job was released.
	via condor_release (by user bomeara)
...
022 (066.1433.000) 10/04 13:15:43 Job disconnected, attempting to reconnect
    Socket between submit and execute hosts closed unexpectedly
    Trying to reconnect to slot1_10@omearaclusteri <10.129.199.164:9618?addrs=10.129.199.164-9618&noUDP&sock=2250_e42e_4>
...
024 (066.1433.000) 10/04 13:55:43 Job reconnection failed
    Job disconnected too long: JobLeaseDuration (2400 seconds) expired
    Can not reconnect to slot1_10@omearaclusteri, rescheduling job
...
001 (066.1433.000) 10/04 13:56:22 Job executing on host: <10.129.167.211:9618?addrs=10.129.167.211-9618&noUDP&sock=2359_a800_4>
...
005 (066.1433.000) 10/14 14:21:42 Job terminated.
	(1) Normal termination (return value 0)
		Usr 10 00:08:26, Sys 0 00:01:22  -  Run Remote Usage
		Usr 0 00:00:00, Sys 0 00:00:00  -  Run Local Usage
		Usr 10 00:08:26, Sys 0 00:01:22  -  Total Remote Usage
		Usr 0 00:00:00, Sys 0 00:00:00  -  Total Local Usage
	32395  -  Run Bytes Sent By Job
	2422  -  Run Bytes Received By Job
	32395  -  Total Bytes Sent By Job
	7266  -  Total Bytes Received By Job
	Partitionable Resources :    Usage  Request Allocated 
	   Cpus                 :     1.00        1         1 
	   Disk (KB)            :    50          75    892326 
	   Memory (MB)          :   245         245       256 
...
