000 (066.248.000) 07/26 17:14:46 Job submitted from host: <160.36.155.106:9618?addrs=160.36.155.106-9618&noUDP&sock=27742_4872_4>
...
001 (066.248.000) 07/26 20:34:52 Job executing on host: <10.129.199.164:9618?addrs=10.129.199.164-9618&noUDP&sock=2256_01bf_4>
...
006 (066.248.000) 07/26 20:35:00 Image size of job updated: 221856
	217  -  MemoryUsage of job (MB)
	221856  -  ResidentSetSize of job (KB)
...
006 (066.248.000) 07/26 20:40:00 Image size of job updated: 226756
	222  -  MemoryUsage of job (MB)
	226756  -  ResidentSetSize of job (KB)
...
006 (066.248.000) 07/27 17:52:16 Image size of job updated: 231544
	227  -  MemoryUsage of job (MB)
	231544  -  ResidentSetSize of job (KB)
...
006 (066.248.000) 07/28 23:45:48 Image size of job updated: 233108
	228  -  MemoryUsage of job (MB)
	232596  -  ResidentSetSize of job (KB)
...
005 (066.248.000) 07/29 07:41:24 Job terminated.
	(1) Normal termination (return value 0)
		Usr 2 11:00:32, Sys 0 00:00:22  -  Run Remote Usage
		Usr 0 00:00:00, Sys 0 00:00:00  -  Run Local Usage
		Usr 2 11:00:32, Sys 0 00:00:22  -  Total Remote Usage
		Usr 0 00:00:00, Sys 0 00:00:00  -  Total Local Usage
	29354  -  Run Bytes Sent By Job
	2422  -  Run Bytes Received By Job
	29354  -  Total Bytes Sent By Job
	2422  -  Total Bytes Received By Job
	Partitionable Resources :    Usage  Request Allocated 
	   Cpus                 :     0.99        1         1 
	   Disk (KB)            :    46           4    889814 
	   Memory (MB)          :   228           1       128 
...
