[1] "args"
[1] "66"  "159"
[1] "Now starting analysis"
[1] "Starting with initial values"
         mu    sigma.sq          SE          bt          vh 
0.813141606 0.011737190 0.005868595 1.000000000 0.005868595 
         step     negloglik            mu      sigma.sq            SE 
 1.000000e+00 -3.597925e+01  5.707998e-01  1.011503e-02  6.164205e-04 
           bt            vh 
 1.227490e+00  3.104836e-02 
         step     negloglik            mu      sigma.sq            SE 
 2.000000e+00 -3.597925e+01  5.707998e-01  1.011503e-02  6.164205e-04 
           bt            vh 
 1.227490e+00  3.104836e-02 
         step     negloglik            mu      sigma.sq            SE 
 3.000000e+00 -3.597925e+01  5.707998e-01  1.011503e-02  6.164205e-04 
           bt            vh 
 1.227490e+00  3.104836e-02 
[1] "Now starting analysis"
[1] "Starting with initial values"
         mu    sigma.sq          bt          vh 
0.813141606 0.011737190 1.000000000 0.005868595 
        step    negloglik           mu     sigma.sq           bt           vh 
  1.00000000 -35.05955676   0.59081961   0.01134146   1.30770089   0.04909080 
[1] "New improvement found, resetting step counter"
        step    negloglik           mu     sigma.sq           bt           vh 
  2.00000000 -35.10022263   0.56099106   0.01136652   1.26651751   0.03414626 
[1] "New improvement found, but slight; taking the best value, but not resetting the step counter"
        step    negloglik           mu     sigma.sq           bt           vh 
  3.00000000 -35.10428014   0.55923225   0.01151793   1.28079023   0.01344629 
        step    negloglik           mu     sigma.sq           bt           vh 
  4.00000000 -35.10428014   0.55923225   0.01151793   1.28079023   0.01344629 
[1] "Now starting analysis"
[1] "Starting with initial values"
         mu    sigma.sq          SE          vh 
0.813141606 0.011737190 0.005868595 0.005868595 
         step     negloglik            mu      sigma.sq            SE 
 1.000000e+00 -3.526691e+01  7.129917e-01  1.021196e-02  6.400699e-04 
           vh 
 1.324776e-01 
[1] "New improvement found, but slight; taking the best value, but not resetting the step counter"
         step     negloglik            mu      sigma.sq            SE 
 2.000000e+00 -3.527398e+01  6.951920e-01  1.016706e-02  6.094636e-04 
           vh 
 1.770647e-01 
         step     negloglik            mu      sigma.sq            SE 
 3.000000e+00 -3.527398e+01  6.951920e-01  1.016706e-02  6.094636e-04 
           vh 
 1.770647e-01 
[1] "Now starting analysis"
[1] "Starting with initial values"
         mu    sigma.sq          vh 
0.813141606 0.011737190 0.005868595 
        step    negloglik           mu     sigma.sq           vh 
  1.00000000 -34.35932258   0.65961878   0.01152543   0.17760241 
[1] "New improvement found, but slight; taking the best value, but not resetting the step counter"
        step    negloglik           mu     sigma.sq           vh 
  2.00000000 -34.36701777   0.70367925   0.01126777   0.15570100 
        step    negloglik           mu     sigma.sq           vh 
  3.00000000 -34.36701777   0.70367925   0.01126777   0.15570100 
[1] "Now starting analysis"
[1] "Starting with initial values"
         mu    sigma.sq          SE          bt 
0.813141606 0.011737190 0.005868595 1.000000000 
         step     negloglik            mu      sigma.sq            SE 
 1.000000e+00 -3.491055e+01  8.681624e-01  1.009473e-02  8.474722e-04 
           bt 
 1.050798e+00 
[1] "New improvement found, resetting step counter"
         step     negloglik            mu      sigma.sq            SE 
 2.000000e+00 -3.591639e+01  6.073533e-01  9.846177e-03  6.278002e-04 
           bt 
 1.262098e+00 
[1] "New improvement found, resetting step counter"
         step     negloglik            mu      sigma.sq            SE 
 3.000000e+00 -3.594765e+01  5.643858e-01  1.006799e-02  6.532832e-04 
           bt 
 1.276243e+00 
         step     negloglik            mu      sigma.sq            SE 
 4.000000e+00 -3.594765e+01  5.643858e-01  1.006799e-02  6.532832e-04 
           bt 
 1.276243e+00 
         step     negloglik            mu      sigma.sq            SE 
 5.000000e+00 -3.594765e+01  5.643858e-01  1.006799e-02  6.532832e-04 
           bt 
 1.276243e+00 
[1] "Now starting analysis"
[1] "Starting with initial values"
        mu   sigma.sq         bt 
0.81314161 0.01173719 1.00000000 
        step    negloglik           mu     sigma.sq           bt 
  1.00000000 -35.09380845   0.56319043   0.01159071   1.28754883 
        step    negloglik           mu     sigma.sq           bt 
  2.00000000 -35.09380845   0.56319043   0.01159071   1.28754883 
        step    negloglik           mu     sigma.sq           bt 
  3.00000000 -35.09380845   0.56319043   0.01159071   1.28754883 
[1] "Now starting analysis"
[1] "Starting with initial values"
         mu    sigma.sq          SE 
0.813141606 0.011737190 0.005868595 
         step     negloglik            mu      sigma.sq            SE 
 1.000000e+00 -3.462887e+01  7.960650e-01  1.060419e-02  4.977315e-04 
[1] "New improvement found, but slight; taking the best value, but not resetting the step counter"
         step     negloglik            mu      sigma.sq            SE 
 2.000000e+00 -3.463656e+01  7.694935e-01  1.062293e-02  5.508885e-04 
         step     negloglik            mu      sigma.sq            SE 
 3.000000e+00 -3.463656e+01  7.694935e-01  1.062293e-02  5.508885e-04 
[1] "Now starting analysis"
[1] "Starting with initial values"
        mu   sigma.sq 
0.81314161 0.01173719 
        step    negloglik           mu     sigma.sq 
  1.00000000 -33.90453338   0.73182745   0.01173719 
        step    negloglik           mu     sigma.sq 
  2.00000000 -33.90453338   0.73182745   0.01173719 
[1] "New improvement found, but slight; taking the best value, but not resetting the step counter"
        step    negloglik           mu     sigma.sq 
  3.00000000 -33.90479153   0.74064282   0.01168605 
