[1] "args"
[1] "66"   "1766"
[1] "Now starting analysis"
[1] "Starting with initial values"
        mu   sigma.sq         SE         bt         vh 
0.62391909 0.07693268 0.03846634 1.00000000 0.03846634 
        step    negloglik           mu     sigma.sq           SE           bt 
 1.000000000 16.392738587  0.606330334  0.010094030  0.064417412  1.133471761 
          vh 
 0.009384139 
[1] "New improvement found, resetting step counter"
        step    negloglik           mu     sigma.sq           SE           bt 
 2.000000000 16.202174497  0.379117403  0.010115432  0.062741110  1.134974346 
          vh 
 0.001401338 
        step    negloglik           mu     sigma.sq           SE           bt 
 3.000000000 16.202174497  0.379117403  0.010115432  0.062741110  1.134974346 
          vh 
 0.001401338 
        step    negloglik           mu     sigma.sq           SE           bt 
 4.000000000 16.202174497  0.379117403  0.010115432  0.062741110  1.134974346 
          vh 
 0.001401338 
[1] "Now starting analysis"
[1] "Starting with initial values"
        mu   sigma.sq         bt         vh 
0.62391909 0.07693268 1.00000000 0.03846634 
       step   negloglik          mu    sigma.sq          bt          vh 
 1.00000000 26.84577536  0.52712510  0.07602574  1.16101851  0.00788024 
       step   negloglik          mu    sigma.sq          bt          vh 
 2.00000000 26.84577536  0.52712510  0.07602574  1.16101851  0.00788024 
[1] "New improvement found, resetting step counter"
       step   negloglik          mu    sigma.sq          bt          vh 
 3.00000000 26.83162136  0.49553443  0.07559780  1.13280745  0.00410524 
       step   negloglik          mu    sigma.sq          bt          vh 
 4.00000000 26.83162136  0.49553443  0.07559780  1.13280745  0.00410524 
       step   negloglik          mu    sigma.sq          bt          vh 
 5.00000000 26.83162136  0.49553443  0.07559780  1.13280745  0.00410524 
[1] "Now starting analysis"
[1] "Starting with initial values"
        mu   sigma.sq         SE         vh 
0.62391909 0.07693268 0.03846634 0.03846634 
        step    negloglik           mu     sigma.sq           SE           vh 
 1.000000000 16.521514372  0.744255279  0.012036317  0.058969576  0.002512466 
[1] "New improvement found, but slight; taking the best value, but not resetting the step counter"
        step    negloglik           mu     sigma.sq           SE           vh 
 2.000000000 16.513703193  0.675853117  0.012079862  0.058956149  0.004390404 
        step    negloglik           mu     sigma.sq           SE           vh 
 3.000000000 16.513703193  0.675853117  0.012079862  0.058956149  0.004390404 
[1] "Now starting analysis"
[1] "Starting with initial values"
        mu   sigma.sq         vh 
0.62391909 0.07693268 0.03846634 
       step   negloglik          mu    sigma.sq          vh 
 1.00000000 26.90258091  0.68631099  0.07693268  0.03846634 
       step   negloglik          mu    sigma.sq          vh 
 2.00000000 26.90258091  0.68631099  0.07693268  0.03846634 
       step   negloglik          mu    sigma.sq          vh 
 3.00000000 26.90258091  0.68631099  0.07693268  0.03846634 
[1] "Now starting analysis"
[1] "Starting with initial values"
        mu   sigma.sq         SE         bt 
0.62391909 0.07693268 0.03846634 1.00000000 
       step   negloglik          mu    sigma.sq          SE          bt 
 1.00000000 16.40290179  0.74907437  0.01182788  0.05711042  1.06119978 
[1] "New improvement found, resetting step counter"
       step   negloglik          mu    sigma.sq          SE          bt 
 2.00000000 16.20217312  0.48658344  0.01044000  0.06010186  1.11396133 
       step   negloglik          mu    sigma.sq          SE          bt 
 3.00000000 16.20217312  0.48658344  0.01044000  0.06010186  1.11396133 
       step   negloglik          mu    sigma.sq          SE          bt 
 4.00000000 16.20217312  0.48658344  0.01044000  0.06010186  1.11396133 
[1] "Now starting analysis"
[1] "Starting with initial values"
        mu   sigma.sq         bt 
0.62391909 0.07693268 1.00000000 
       step   negloglik          mu    sigma.sq          bt 
 1.00000000 26.83878807  0.62391909  0.07693268  1.10000000 
       step   negloglik          mu    sigma.sq          bt 
 2.00000000 26.83878807  0.62391909  0.07693268  1.10000000 
       step   negloglik          mu    sigma.sq          bt 
 3.00000000 26.83878807  0.62391909  0.07693268  1.10000000 
[1] "Now starting analysis"
[1] "Starting with initial values"
        mu   sigma.sq         SE 
0.62391909 0.07693268 0.03846634 
       step   negloglik          mu    sigma.sq          SE 
 1.00000000 16.50098148  0.64210437  0.01195687  0.05712739 
[1] "New improvement found, but slight; taking the best value, but not resetting the step counter"
       step   negloglik          mu    sigma.sq          SE 
 2.00000000 16.49870214  0.70631481  0.01195687  0.05712739 
       step   negloglik          mu    sigma.sq          SE 
 3.00000000 16.49870214  0.70631481  0.01195687  0.05712739 
[1] "Now starting analysis"
[1] "Starting with initial values"
        mu   sigma.sq 
0.62391909 0.07693268 
       step   negloglik          mu    sigma.sq 
 1.00000000 26.87621338  0.68631099  0.07693268 
       step   negloglik          mu    sigma.sq 
 2.00000000 26.87621338  0.68631099  0.07693268 
       step   negloglik          mu    sigma.sq 
 3.00000000 26.87621338  0.68631099  0.07693268 
