000 (066.1677.000) 07/26 17:14:46 Job submitted from host: <160.36.155.106:9618?addrs=160.36.155.106-9618&noUDP&sock=27742_4872_4>
...
012 (066.1677.000) 08/03 14:17:25 Job was held.
	via condor_hold (by user bomeara)
	Code 1 Subcode 0
...
013 (066.1677.000) 08/05 22:28:12 Job was released.
	via condor_release (by user bomeara)
...
012 (066.1677.000) 08/09 10:36:22 Job was held.
	via condor_hold (by user bomeara)
	Code 1 Subcode 0
...
013 (066.1677.000) 08/09 13:05:31 Job was released.
	via condor_release (by user bomeara)
...
012 (066.1677.000) 09/23 13:38:14 Job was held.
	via condor_hold (by user bomeara)
	Code 1 Subcode 0
...
013 (066.1677.000) 09/24 14:50:05 Job was released.
	via condor_release (by user bomeara)
...
001 (066.1677.000) 09/28 07:23:28 Job executing on host: <10.128.106.188:9618?addrs=10.128.106.188-9618&noUDP&sock=2100_00f9_4>
...
006 (066.1677.000) 09/28 07:23:37 Image size of job updated: 243044
	238  -  MemoryUsage of job (MB)
	243044  -  ResidentSetSize of job (KB)
...
006 (066.1677.000) 09/28 07:33:38 Image size of job updated: 244952
	240  -  MemoryUsage of job (MB)
	244952  -  ResidentSetSize of job (KB)
...
006 (066.1677.000) 09/28 07:48:40 Image size of job updated: 244964
	240  -  MemoryUsage of job (MB)
	244964  -  ResidentSetSize of job (KB)
...
006 (066.1677.000) 10/07 11:01:10 Image size of job updated: 248072
	243  -  MemoryUsage of job (MB)
	248072  -  ResidentSetSize of job (KB)
...
006 (066.1677.000) 10/08 05:18:01 Image size of job updated: 248264
	243  -  MemoryUsage of job (MB)
	248264  -  ResidentSetSize of job (KB)
...
006 (066.1677.000) 10/14 10:52:19 Image size of job updated: 451320
	243  -  MemoryUsage of job (MB)
	248264  -  ResidentSetSize of job (KB)
...
005 (066.1677.000) 10/14 10:52:19 Job terminated.
	(1) Normal termination (return value 0)
		Usr 16 02:37:51, Sys 0 00:04:44  -  Run Remote Usage
		Usr 0 00:00:00, Sys 0 00:00:00  -  Run Local Usage
		Usr 16 02:37:51, Sys 0 00:04:44  -  Total Remote Usage
		Usr 0 00:00:00, Sys 0 00:00:00  -  Total Local Usage
	32613  -  Run Bytes Sent By Job
	2422  -  Run Bytes Received By Job
	32613  -  Total Bytes Sent By Job
	2422  -  Total Bytes Received By Job
	Partitionable Resources :    Usage  Request Allocated 
	   Cpus                 :     1.00        1         1 
	   Disk (KB)            :    50           4    891763 
	   Memory (MB)          :   243           1       128 
...
