000 (066.1744.000) 07/26 17:14:46 Job submitted from host: <160.36.155.106:9618?addrs=160.36.155.106-9618&noUDP&sock=27742_4872_4>
...
012 (066.1744.000) 08/03 14:17:28 Job was held.
	via condor_hold (by user bomeara)
	Code 1 Subcode 0
...
013 (066.1744.000) 08/05 22:28:15 Job was released.
	via condor_release (by user bomeara)
...
012 (066.1744.000) 08/09 10:36:27 Job was held.
	via condor_hold (by user bomeara)
	Code 1 Subcode 0
...
013 (066.1744.000) 08/09 13:05:34 Job was released.
	via condor_release (by user bomeara)
...
012 (066.1744.000) 09/23 13:38:02 Job was held.
	via condor_hold (by user bomeara)
	Code 1 Subcode 0
...
013 (066.1744.000) 09/24 14:49:52 Job was released.
	via condor_release (by user bomeara)
...
001 (066.1744.000) 10/01 16:26:08 Job executing on host: <10.130.122.65:9618?addrs=10.130.122.65-9618&noUDP&sock=2405_355c_4>
...
006 (066.1744.000) 10/01 16:26:17 Image size of job updated: 220256
	216  -  MemoryUsage of job (MB)
	220256  -  ResidentSetSize of job (KB)
...
006 (066.1744.000) 10/01 16:31:17 Image size of job updated: 225684
	221  -  MemoryUsage of job (MB)
	225684  -  ResidentSetSize of job (KB)
...
006 (066.1744.000) 10/01 16:41:18 Image size of job updated: 225700
	221  -  MemoryUsage of job (MB)
	225700  -  ResidentSetSize of job (KB)
...
006 (066.1744.000) 10/03 01:29:41 Image size of job updated: 228076
	223  -  MemoryUsage of job (MB)
	228076  -  ResidentSetSize of job (KB)
...
006 (066.1744.000) 10/06 06:52:43 Image size of job updated: 231320
	226  -  MemoryUsage of job (MB)
	231320  -  ResidentSetSize of job (KB)
...
005 (066.1744.000) 10/09 12:41:20 Job terminated.
	(1) Normal termination (return value 0)
		Usr 7 19:59:43, Sys 0 00:01:34  -  Run Remote Usage
		Usr 0 00:00:00, Sys 0 00:00:00  -  Run Local Usage
		Usr 7 19:59:43, Sys 0 00:01:34  -  Total Remote Usage
		Usr 0 00:00:00, Sys 0 00:00:00  -  Total Local Usage
	30360  -  Run Bytes Sent By Job
	2422  -  Run Bytes Received By Job
	30360  -  Total Bytes Sent By Job
	2422  -  Total Bytes Received By Job
	Partitionable Resources :    Usage  Request Allocated 
	   Cpus                 :     1.00        1         1 
	   Disk (KB)            :    47           4    892237 
	   Memory (MB)          :   226           1       128 
...
