[1] "args"
[1] "66"   "1584"
[1] "Now starting analysis"
[1] "Starting with initial values"
         mu    sigma.sq          SE          bt          vh 
0.560917919 0.008198544 0.004099272 1.000000000 0.004099272 
         step     negloglik            mu      sigma.sq            SE 
 1.000000e+00 -1.557639e+01  6.154534e-01  7.762107e-03  2.253664e-07 
           bt            vh 
 8.767123e-01  2.101893e-04 
[1] "New improvement found, resetting step counter"
         step     negloglik            mu      sigma.sq            SE 
 2.000000e+00 -1.559917e+01  5.940738e-01  7.761980e-03  7.655276e-08 
           bt            vh 
 9.313332e-01  1.956784e-05 
         step     negloglik            mu      sigma.sq            SE 
 3.000000e+00 -1.559917e+01  5.940738e-01  7.761980e-03  7.655276e-08 
           bt            vh 
 9.313332e-01  1.956784e-05 
         step     negloglik            mu      sigma.sq            SE 
 4.000000e+00 -1.559917e+01  5.940738e-01  7.761980e-03  7.655276e-08 
           bt            vh 
 9.313332e-01  1.956784e-05 
[1] "Now starting analysis"
[1] "Starting with initial values"
         mu    sigma.sq          bt          vh 
0.560917919 0.008198544 1.000000000 0.004099272 
         step     negloglik            mu      sigma.sq            bt 
 1.000000e+00 -1.562030e+01  5.970708e-01  8.108781e-03  9.600180e-01 
           vh 
 2.802996e-04 
         step     negloglik            mu      sigma.sq            bt 
 2.000000e+00 -1.562030e+01  5.970708e-01  8.108781e-03  9.600180e-01 
           vh 
 2.802996e-04 
         step     negloglik            mu      sigma.sq            bt 
 3.000000e+00 -1.562030e+01  5.970708e-01  8.108781e-03  9.600180e-01 
           vh 
 2.802996e-04 
[1] "Now starting analysis"
[1] "Starting with initial values"
         mu    sigma.sq          SE          vh 
0.560917919 0.008198544 0.004099272 0.004099272 
         step     negloglik            mu      sigma.sq            SE 
 1.000000e+00 -1.555510e+01  5.743636e-01  7.513255e-03  8.050931e-08 
           vh 
 2.874441e-05 
         step     negloglik            mu      sigma.sq            SE 
 2.000000e+00 -1.555510e+01  5.743636e-01  7.513255e-03  8.050931e-08 
           vh 
 2.874441e-05 
[1] "New improvement found, resetting step counter"
         step     negloglik            mu      sigma.sq            SE 
 3.000000e+00 -1.557909e+01  5.857651e-01  7.678341e-03  7.576181e-08 
           vh 
 2.556911e-05 
         step     negloglik            mu      sigma.sq            SE 
 4.000000e+00 -1.557909e+01  5.857651e-01  7.678341e-03  7.576181e-08 
           vh 
 2.556911e-05 
         step     negloglik            mu      sigma.sq            SE 
 5.000000e+00 -1.557909e+01  5.857651e-01  7.678341e-03  7.576181e-08 
           vh 
 2.556911e-05 
[1] "Now starting analysis"
[1] "Starting with initial values"
         mu    sigma.sq          vh 
0.560917919 0.008198544 0.004099272 
         step     negloglik            mu      sigma.sq            vh 
 1.000000e+00 -1.561071e+01  5.908765e-01  8.303534e-03  1.690122e-04 
         step     negloglik            mu      sigma.sq            vh 
 2.000000e+00 -1.561071e+01  5.908765e-01  8.303534e-03  1.690122e-04 
         step     negloglik            mu      sigma.sq            vh 
 3.000000e+00 -1.561071e+01  5.908765e-01  8.303534e-03  1.690122e-04 
[1] "Now starting analysis"
[1] "Starting with initial values"
         mu    sigma.sq          SE          bt 
0.560917919 0.008198544 0.004099272 1.000000000 
         step     negloglik            mu      sigma.sq            SE 
 1.000000e+00 -1.561521e+01  5.362909e-01  8.219796e-03  4.172051e-08 
           bt 
 9.322001e-01 
[1] "New improvement found, but slight; taking the best value, but not resetting the step counter"
         step     negloglik            mu      sigma.sq            SE 
 2.000000e+00 -1.561604e+01  6.295109e-01  8.219796e-03  4.172051e-08 
           bt 
 9.322001e-01 
         step     negloglik            mu      sigma.sq            SE 
 3.000000e+00 -1.561604e+01  6.295109e-01  8.219796e-03  4.172051e-08 
           bt 
 9.322001e-01 
[1] "Now starting analysis"
[1] "Starting with initial values"
         mu    sigma.sq          bt 
0.560917919 0.008198544 1.000000000 
        step    negloglik           mu     sigma.sq           bt 
  1.00000000 -15.62391816   0.57205073   0.00813344   0.94446615 
        step    negloglik           mu     sigma.sq           bt 
  2.00000000 -15.62391816   0.57205073   0.00813344   0.94446615 
        step    negloglik           mu     sigma.sq           bt 
  3.00000000 -15.62391816   0.57205073   0.00813344   0.94446615 
[1] "Now starting analysis"
[1] "Starting with initial values"
         mu    sigma.sq          SE 
0.560917919 0.008198544 0.004099272 
         step     negloglik            mu      sigma.sq            SE 
 1.000000e+00 -1.530512e+01  2.848095e-01  7.563164e-03  8.837083e-08 
[1] "New improvement found, resetting step counter"
         step     negloglik            mu      sigma.sq            SE 
 2.000000e+00 -1.552939e+01  5.291794e-01  7.567734e-03  2.957553e-06 
[1] "New improvement found, resetting step counter"
         step     negloglik            mu      sigma.sq            SE 
 3.000000e+00 -1.555737e+01  5.587809e-01  7.513648e-03  3.107866e-08 
[1] "New improvement found, resetting step counter"
         step     negloglik            mu      sigma.sq            SE 
 4.000000e+00 -1.557752e+01  5.418651e-01  8.010831e-03  3.018433e-06 
[1] "New improvement found, but slight; taking the best value, but not resetting the step counter"
         step     negloglik            mu      sigma.sq            SE 
 5.000000e+00 -1.557791e+01  5.562348e-01  7.638419e-03  2.515925e-08 
         step     negloglik            mu      sigma.sq            SE 
 6.000000e+00 -1.557791e+01  5.562348e-01  7.638419e-03  2.515925e-08 
[1] "Now starting analysis"
[1] "Starting with initial values"
         mu    sigma.sq 
0.560917919 0.008198544 
         step     negloglik            mu      sigma.sq 
  1.000000000 -15.616843312   0.560917919   0.008198544 
         step     negloglik            mu      sigma.sq 
  2.000000000 -15.616843312   0.560917919   0.008198544 
         step     negloglik            mu      sigma.sq 
  3.000000000 -15.616843312   0.560917919   0.008198544 
