000 (066.355.000) 07/26 17:14:46 Job submitted from host: <160.36.155.106:9618?addrs=160.36.155.106-9618&noUDP&sock=27742_4872_4>
...
001 (066.355.000) 07/28 04:11:49 Job executing on host: <10.129.199.164:9618?addrs=10.129.199.164-9618&noUDP&sock=2256_01bf_4>
...
006 (066.355.000) 07/28 04:11:58 Image size of job updated: 233552
	229  -  MemoryUsage of job (MB)
	233552  -  ResidentSetSize of job (KB)
...
006 (066.355.000) 07/28 04:16:59 Image size of job updated: 247088
	242  -  MemoryUsage of job (MB)
	247088  -  ResidentSetSize of job (KB)
...
006 (066.355.000) 07/28 08:47:26 Image size of job updated: 248920
	244  -  MemoryUsage of job (MB)
	248920  -  ResidentSetSize of job (KB)
...
006 (066.355.000) 07/28 11:22:42 Image size of job updated: 248940
	244  -  MemoryUsage of job (MB)
	248940  -  ResidentSetSize of job (KB)
...
006 (066.355.000) 07/28 14:13:00 Image size of job updated: 249396
	244  -  MemoryUsage of job (MB)
	249396  -  ResidentSetSize of job (KB)
...
006 (066.355.000) 07/28 16:27:08 Image size of job updated: 454644
	244  -  MemoryUsage of job (MB)
	249396  -  ResidentSetSize of job (KB)
...
005 (066.355.000) 07/28 16:27:08 Job terminated.
	(1) Normal termination (return value 0)
		Usr 0 12:14:13, Sys 0 00:00:05  -  Run Remote Usage
		Usr 0 00:00:00, Sys 0 00:00:00  -  Run Local Usage
		Usr 0 12:14:13, Sys 0 00:00:05  -  Total Remote Usage
		Usr 0 00:00:00, Sys 0 00:00:00  -  Total Local Usage
	31152  -  Run Bytes Sent By Job
	2422  -  Run Bytes Received By Job
	31152  -  Total Bytes Sent By Job
	2422  -  Total Bytes Received By Job
	Partitionable Resources :    Usage  Request Allocated 
	   Cpus                 :     1.00        1         1 
	   Disk (KB)            :    48           4    889814 
	   Memory (MB)          :   244           1       128 
...
