[1] "args"
[1] "66" "33"
[1] "Now starting analysis"
[1] "Starting with initial values"
         mu    sigma.sq          SE          bt          vh 
1.501088991 0.012111249 0.006055624 1.000000000 0.006055624 
         step     negloglik            mu      sigma.sq            SE 
 1.000000e+00 -4.246583e+01  4.181542e-01  8.106083e-03  7.582805e-08 
           bt            vh 
 1.760051e+00  4.065853e-01 
[1] "New improvement found, resetting step counter"
         step     negloglik            mu      sigma.sq            SE 
 2.000000e+00 -4.394435e+01  6.535781e-01  8.098637e-03  1.611365e-06 
           bt            vh 
 2.342562e+00  8.619489e-01 
         step     negloglik            mu      sigma.sq            SE 
 3.000000e+00 -4.394435e+01  6.535781e-01  8.098637e-03  1.611365e-06 
           bt            vh 
 2.342562e+00  8.619489e-01 
         step     negloglik            mu      sigma.sq            SE 
 4.000000e+00 -4.394435e+01  6.535781e-01  8.098637e-03  1.611365e-06 
           bt            vh 
 2.342562e+00  8.619489e-01 
[1] "Now starting analysis"
[1] "Starting with initial values"
         mu    sigma.sq          bt          vh 
1.501088991 0.012111249 1.000000000 0.006055624 
         step     negloglik            mu      sigma.sq            bt 
  1.000000000 -43.949937674   0.716023261   0.008508059   2.288436993 
           vh 
  1.041932817 
[1] "New improvement found, resetting step counter"
         step     negloglik            mu      sigma.sq            bt 
  2.000000000 -44.022673449   0.696440593   0.008620673   2.339027099 
           vh 
  0.845800811 
[1] "New improvement found, but slight; taking the best value, but not resetting the step counter"
         step     negloglik            mu      sigma.sq            bt 
  3.000000000 -44.025564504   0.683831902   0.008575977   2.335316414 
           vh 
  0.842431021 
[1] "New improvement found, but slight; taking the best value, but not resetting the step counter"
         step     negloglik            mu      sigma.sq            bt 
  4.000000000 -44.034083728   0.691149950   0.008607094   2.458921992 
           vh 
  0.769274258 
[1] "Now starting analysis"
[1] "Starting with initial values"
         mu    sigma.sq          SE          vh 
1.501088991 0.012111249 0.006055624 0.006055624 
         step     negloglik            mu      sigma.sq            SE 
 1.000000e+00 -4.129447e+01  6.889599e-01  8.290209e-03  3.769541e-07 
           vh 
 8.496352e-01 
[1] "New improvement found, resetting step counter"
         step     negloglik            mu      sigma.sq            SE 
 2.000000e+00 -4.214781e+01  6.587082e-01  8.297031e-03  4.413450e-06 
           vh 
 1.944173e+00 
[1] "New improvement found, resetting step counter"
         step     negloglik            mu      sigma.sq            SE 
 3.000000e+00 -4.216978e+01  7.606319e-01  8.275297e-03  1.289361e-05 
           vh 
 1.963232e+00 
         step     negloglik            mu      sigma.sq            SE 
 4.000000e+00 -4.216978e+01  7.606319e-01  8.275297e-03  1.289361e-05 
           vh 
 1.963232e+00 
[1] "New improvement found, but slight; taking the best value, but not resetting the step counter"
         step     negloglik            mu      sigma.sq            SE 
 5.000000e+00 -4.216994e+01  7.378491e-01  8.206991e-03  3.963468e-06 
           vh 
 2.076727e+00 
[1] "Now starting analysis"
[1] "Starting with initial values"
         mu    sigma.sq          vh 
1.501088991 0.012111249 0.006055624 
         step     negloglik            mu      sigma.sq            vh 
  1.000000000 -42.174146999   0.755446176   0.008594781   1.574451294 
[1] "New improvement found, resetting step counter"
         step     negloglik            mu      sigma.sq            vh 
  2.000000000 -42.209218597   0.755446176   0.008594781   1.731896423 
         step     negloglik            mu      sigma.sq            vh 
  3.000000000 -42.209218597   0.755446176   0.008594781   1.731896423 
         step     negloglik            mu      sigma.sq            vh 
  4.000000000 -42.209218597   0.755446176   0.008594781   1.731896423 
[1] "Now starting analysis"
[1] "Starting with initial values"
         mu    sigma.sq          SE          bt 
1.501088991 0.012111249 0.006055624 1.000000000 
         step     negloglik            mu      sigma.sq            SE 
 1.000000e+00 -3.373987e+01  2.277435e-01  1.135346e-02  4.605757e-09 
           bt 
 3.220203e+00 
         step     negloglik            mu      sigma.sq            SE 
 2.000000e+00 -3.373987e+01  2.277435e-01  1.135346e-02  4.605757e-09 
           bt 
 3.220203e+00 
         step     negloglik            mu      sigma.sq            SE 
 3.000000e+00 -3.373987e+01  2.277435e-01  1.135346e-02  4.605757e-09 
           bt 
 3.220203e+00 
[1] "Now starting analysis"
[1] "Starting with initial values"
        mu   sigma.sq         bt 
1.50108899 0.01211125 1.00000000 
        step    negloglik           mu     sigma.sq           bt 
  1.00000000 -33.73224342   0.26624027   0.01140965   3.20737541 
        step    negloglik           mu     sigma.sq           bt 
  2.00000000 -33.73224342   0.26624027   0.01140965   3.20737541 
        step    negloglik           mu     sigma.sq           bt 
  3.00000000 -33.73224342   0.26624027   0.01140965   3.20737541 
[1] "Now starting analysis"
[1] "Starting with initial values"
         mu    sigma.sq          SE 
1.501088991 0.012111249 0.006055624 
         step     negloglik            mu      sigma.sq            SE 
 1.000000e+00 -1.643536e+01  1.620121e+00  1.605995e-02  2.398655e-09 
         step     negloglik            mu      sigma.sq            SE 
 2.000000e+00 -1.643536e+01  1.620121e+00  1.605995e-02  2.398655e-09 
         step     negloglik            mu      sigma.sq            SE 
 3.000000e+00 -1.643536e+01  1.620121e+00  1.605995e-02  2.398655e-09 
[1] "Now starting analysis"
[1] "Starting with initial values"
        mu   sigma.sq 
1.50108899 0.01211125 
        step    negloglik           mu     sigma.sq 
  1.00000000 -16.43321012   1.63507291   0.01621579 
        step    negloglik           mu     sigma.sq 
  2.00000000 -16.43321012   1.63507291   0.01621579 
        step    negloglik           mu     sigma.sq 
  3.00000000 -16.43321012   1.63507291   0.01621579 
