[1] "args"
[1] "66"   "1504"
[1] "Now starting analysis"
[1] "Starting with initial values"
        mu   sigma.sq         SE         bt         vh 
0.44989197 0.18573915 0.09286957 1.00000000 0.09286957 
        step    negloglik           mu     sigma.sq           SE           bt 
1.000000e+00 1.406877e+01 5.556782e-01 3.461712e-03 9.689002e-02 9.275637e-01 
          vh 
5.465244e-05 
        step    negloglik           mu     sigma.sq           SE           bt 
2.000000e+00 1.406877e+01 5.556782e-01 3.461712e-03 9.689002e-02 9.275637e-01 
          vh 
5.465244e-05 
        step    negloglik           mu     sigma.sq           SE           bt 
3.000000e+00 1.406877e+01 5.556782e-01 3.461712e-03 9.689002e-02 9.275637e-01 
          vh 
5.465244e-05 
[1] "Now starting analysis"
[1] "Starting with initial values"
        mu   sigma.sq         bt         vh 
0.44989197 0.18573915 1.00000000 0.09286957 
        step    negloglik           mu     sigma.sq           bt           vh 
 1.000000000 34.431095483  0.442277771  0.189738969  1.125203187  0.001085465 
        step    negloglik           mu     sigma.sq           bt           vh 
 2.000000000 34.431095483  0.442277771  0.189738969  1.125203187  0.001085465 
        step    negloglik           mu     sigma.sq           bt           vh 
 3.000000000 34.431095483  0.442277771  0.189738969  1.125203187  0.001085465 
[1] "Now starting analysis"
[1] "Starting with initial values"
        mu   sigma.sq         SE         vh 
0.44989197 0.18573915 0.09286957 0.09286957 
        step    negloglik           mu     sigma.sq           SE           vh 
 1.000000000 14.826909473  0.555606229  0.007209854  0.072093837  0.079218239 
[1] "New improvement found, resetting step counter"
        step    negloglik           mu     sigma.sq           SE           vh 
2.000000e+00 1.416780e+01 3.761024e-01 3.979543e-03 9.293565e-02 4.667757e-04 
        step    negloglik           mu     sigma.sq           SE           vh 
3.000000e+00 1.416780e+01 3.761024e-01 3.979543e-03 9.293565e-02 4.667757e-04 
        step    negloglik           mu     sigma.sq           SE           vh 
4.000000e+00 1.416780e+01 3.761024e-01 3.979543e-03 9.293565e-02 4.667757e-04 
[1] "Now starting analysis"
[1] "Starting with initial values"
        mu   sigma.sq         vh 
0.44989197 0.18573915 0.09286957 
        step    negloglik           mu     sigma.sq           vh 
 1.000000000 34.530552394  0.504298272  0.185837505  0.001940406 
        step    negloglik           mu     sigma.sq           vh 
 2.000000000 34.530552394  0.504298272  0.185837505  0.001940406 
        step    negloglik           mu     sigma.sq           vh 
 3.000000000 34.530552394  0.504298272  0.185837505  0.001940406 
[1] "Now starting analysis"
[1] "Starting with initial values"
        mu   sigma.sq         SE         bt 
0.44989197 0.18573915 0.09286957 1.00000000 
        step    negloglik           mu     sigma.sq           SE           bt 
 1.000000000 14.182207105  0.783397556  0.001963738  0.110688866  0.899242267 
[1] "New improvement found, resetting step counter"
        step    negloglik           mu     sigma.sq           SE           bt 
 2.000000000 14.111696190  0.664756138  0.003585022  0.094950107  0.930534478 
[1] "New improvement found, resetting step counter"
        step    negloglik           mu     sigma.sq           SE           bt 
 3.000000000 14.096471846  0.630169460  0.003370843  0.094542696  0.904718120 
        step    negloglik           mu     sigma.sq           SE           bt 
 4.000000000 14.096471846  0.630169460  0.003370843  0.094542696  0.904718120 
        step    negloglik           mu     sigma.sq           SE           bt 
 5.000000000 14.096471846  0.630169460  0.003370843  0.094542696  0.904718120 
[1] "Now starting analysis"
[1] "Starting with initial values"
       mu  sigma.sq        bt 
0.4498920 0.1857391 1.0000000 
      step  negloglik         mu   sigma.sq         bt 
 1.0000000 34.4122985  0.3498920  0.1857391  1.1666667 
      step  negloglik         mu   sigma.sq         bt 
 2.0000000 34.4122985  0.3498920  0.1857391  1.1666667 
      step  negloglik         mu   sigma.sq         bt 
 3.0000000 34.4122985  0.3498920  0.1857391  1.1666667 
[1] "Now starting analysis"
[1] "Starting with initial values"
        mu   sigma.sq         SE 
0.44989197 0.18573915 0.09286957 
        step    negloglik           mu     sigma.sq           SE 
 1.000000000 14.200280160  0.453718621  0.004505492  0.090676109 
[1] "New improvement found, resetting step counter"
        step    negloglik           mu     sigma.sq           SE 
 2.000000000 14.144155437  0.295923617  0.004846831  0.088321743 
        step    negloglik           mu     sigma.sq           SE 
 3.000000000 14.144155437  0.295923617  0.004846831  0.088321743 
        step    negloglik           mu     sigma.sq           SE 
 4.000000000 14.144155437  0.295923617  0.004846831  0.088321743 
[1] "Now starting analysis"
[1] "Starting with initial values"
       mu  sigma.sq 
0.4498920 0.1857391 
      step  negloglik         mu   sigma.sq 
 1.0000000 34.5229652  0.4498920  0.1857391 
      step  negloglik         mu   sigma.sq 
 2.0000000 34.5229652  0.4498920  0.1857391 
      step  negloglik         mu   sigma.sq 
 3.0000000 34.5229652  0.4498920  0.1857391 
