000 (066.1265.000) 07/26 17:14:46 Job submitted from host: <160.36.155.106:9618?addrs=160.36.155.106-9618&noUDP&sock=27742_4872_4>
...
012 (066.1265.000) 08/03 14:17:04 Job was held.
	via condor_hold (by user bomeara)
	Code 1 Subcode 0
...
013 (066.1265.000) 08/05 22:27:51 Job was released.
	via condor_release (by user bomeara)
...
012 (066.1265.000) 08/09 10:35:55 Job was held.
	via condor_hold (by user bomeara)
	Code 1 Subcode 0
...
013 (066.1265.000) 08/09 13:05:09 Job was released.
	via condor_release (by user bomeara)
...
001 (066.1265.000) 08/31 14:06:51 Job executing on host: <10.129.199.164:9618?addrs=10.129.199.164-9618&noUDP&sock=2350_7ba6_4>
...
006 (066.1265.000) 08/31 14:07:00 Image size of job updated: 243560
	238  -  MemoryUsage of job (MB)
	243560  -  ResidentSetSize of job (KB)
...
006 (066.1265.000) 08/31 15:57:13 Image size of job updated: 245240
	240  -  MemoryUsage of job (MB)
	245240  -  ResidentSetSize of job (KB)
...
006 (066.1265.000) 08/31 19:37:35 Image size of job updated: 245256
	240  -  MemoryUsage of job (MB)
	245256  -  ResidentSetSize of job (KB)
...
022 (066.1265.000) 09/04 07:52:25 Job disconnected, attempting to reconnect
    Socket between submit and execute hosts closed unexpectedly
    Trying to reconnect to slot1_19@omearaclusteri <10.129.199.164:9618?addrs=10.129.199.164-9618&noUDP&sock=2350_7ba6_4>
...
024 (066.1265.000) 09/04 08:32:25 Job reconnection failed
    Job disconnected too long: JobLeaseDuration (2400 seconds) expired
    Can not reconnect to slot1_19@omearaclusteri, rescheduling job
...
001 (066.1265.000) 09/06 16:49:30 Job executing on host: <10.130.28.84:9618?addrs=10.130.28.84-9618&noUDP&sock=2385_7d77_4>
...
006 (066.1265.000) 09/06 17:19:42 Image size of job updated: 250252
	245  -  MemoryUsage of job (MB)
	250164  -  ResidentSetSize of job (KB)
...
006 (066.1265.000) 09/06 18:19:49 Image size of job updated: 250268
	245  -  MemoryUsage of job (MB)
	250180  -  ResidentSetSize of job (KB)
...
006 (066.1265.000) 09/07 09:31:22 Image size of job updated: 250272
	245  -  MemoryUsage of job (MB)
	250180  -  ResidentSetSize of job (KB)
...
022 (066.1265.000) 09/08 08:35:16 Job disconnected, attempting to reconnect
    Socket between submit and execute hosts closed unexpectedly
    Trying to reconnect to slot1_14@omearaclusterd <10.130.28.84:9618?addrs=10.130.28.84-9618&noUDP&sock=2385_7d77_4>
...
023 (066.1265.000) 09/08 08:41:04 Job reconnected to slot1_14@omearaclusterd
    startd address: <10.130.28.84:9618?addrs=10.130.28.84-9618&noUDP&sock=2385_7d77_4>
    starter address: <10.130.28.84:9618?addrs=10.130.28.84-9618&noUDP&sock=2963_7392_16>
...
006 (066.1265.000) 10/08 20:54:23 Image size of job updated: 250956
	245  -  MemoryUsage of job (MB)
	250864  -  ResidentSetSize of job (KB)
...
005 (066.1265.000) 10/13 14:07:05 Job terminated.
	(1) Normal termination (return value 0)
		Usr 36 19:55:35, Sys 0 00:08:07  -  Run Remote Usage
		Usr 0 00:00:00, Sys 0 00:00:00  -  Run Local Usage
		Usr 36 19:55:35, Sys 0 00:08:07  -  Total Remote Usage
		Usr 0 00:00:00, Sys 0 00:00:00  -  Total Local Usage
	32677  -  Run Bytes Sent By Job
	2422  -  Run Bytes Received By Job
	32677  -  Total Bytes Sent By Job
	4844  -  Total Bytes Received By Job
	Partitionable Resources :    Usage  Request Allocated 
	   Cpus                 :     1.00        1         1 
	   Disk (KB)            :    50          75    891642 
	   Memory (MB)          :   245         245       256 
...
