[1] "args"
[1] "66"  "747"
[1] "Now starting analysis"
[1] "Starting with initial values"
         mu    sigma.sq          SE          bt          vh 
1.284019361 0.009614714 0.004807357 1.000000000 0.004807357 
         step     negloglik            mu      sigma.sq            SE 
 1.000000e+00 -3.676177e+01  1.679537e+00  8.830606e-03  3.256504e-04 
           bt            vh 
 6.911244e-01  7.213608e-05 
[1] "New improvement found, resetting step counter"
         step     negloglik            mu      sigma.sq            SE 
 2.000000e+00 -3.679623e+01  1.847490e+00  8.830606e-03  3.256504e-04 
           bt            vh 
 6.911244e-01  7.213608e-05 
         step     negloglik            mu      sigma.sq            SE 
 3.000000e+00 -3.679623e+01  1.847490e+00  8.830606e-03  3.256504e-04 
           bt            vh 
 6.911244e-01  7.213608e-05 
         step     negloglik            mu      sigma.sq            SE 
 4.000000e+00 -3.679623e+01  1.847490e+00  8.830606e-03  3.256504e-04 
           bt            vh 
 6.911244e-01  7.213608e-05 
[1] "Now starting analysis"
[1] "Starting with initial values"
         mu    sigma.sq          bt          vh 
1.284019361 0.009614714 1.000000000 0.004807357 
         step     negloglik            mu      sigma.sq            bt 
 1.000000e+00 -3.628737e+01  1.413332e+00  9.303615e-03  7.302293e-01 
           vh 
 1.407682e-04 
[1] "New improvement found, resetting step counter"
         step     negloglik            mu      sigma.sq            bt 
 2.000000e+00 -3.661275e+01  1.728128e+00  9.320682e-03  7.225024e-01 
           vh 
 3.542248e-05 
         step     negloglik            mu      sigma.sq            bt 
 3.000000e+00 -3.661275e+01  1.728128e+00  9.320682e-03  7.225024e-01 
           vh 
 3.542248e-05 
         step     negloglik            mu      sigma.sq            bt 
 4.000000e+00 -3.661275e+01  1.728128e+00  9.320682e-03  7.225024e-01 
           vh 
 3.542248e-05 
[1] "Now starting analysis"
[1] "Starting with initial values"
         mu    sigma.sq          SE          vh 
1.284019361 0.009614714 0.004807357 0.004807357 
         step     negloglik            mu      sigma.sq            SE 
 1.000000e+00 -3.420176e+01  1.355985e+00  9.092899e-03  3.673585e-04 
           vh 
 5.902617e-02 
[1] "New improvement found, resetting step counter"
         step     negloglik            mu      sigma.sq            SE 
 2.000000e+00 -3.422201e+01  1.320286e+00  9.057756e-03  2.673053e-04 
           vh 
 6.276108e-02 
         step     negloglik            mu      sigma.sq            SE 
 3.000000e+00 -3.422201e+01  1.320286e+00  9.057756e-03  2.673053e-04 
           vh 
 6.276108e-02 
         step     negloglik            mu      sigma.sq            SE 
 4.000000e+00 -3.422201e+01  1.320286e+00  9.057756e-03  2.673053e-04 
           vh 
 6.276108e-02 
[1] "Now starting analysis"
[1] "Starting with initial values"
         mu    sigma.sq          vh 
1.284019361 0.009614714 0.004807357 
         step     negloglik            mu      sigma.sq            vh 
  1.000000000 -34.083770293   1.282876315   0.009477131   0.063406879 
         step     negloglik            mu      sigma.sq            vh 
  2.000000000 -34.083770293   1.282876315   0.009477131   0.063406879 
         step     negloglik            mu      sigma.sq            vh 
  3.000000000 -34.083770293   1.282876315   0.009477131   0.063406879 
[1] "Now starting analysis"
[1] "Starting with initial values"
         mu    sigma.sq          SE          bt 
1.284019361 0.009614714 0.004807357 1.000000000 
         step     negloglik            mu      sigma.sq            SE 
 1.000000e+00 -3.665588e+01  1.553704e+00  9.114741e-03  2.478454e-04 
           bt 
 7.069071e-01 
[1] "New improvement found, resetting step counter"
         step     negloglik            mu      sigma.sq            SE 
 2.000000e+00 -3.680001e+01  1.787435e+00  9.113846e-03  2.337548e-04 
           bt 
 6.952544e-01 
         step     negloglik            mu      sigma.sq            SE 
 3.000000e+00 -3.680001e+01  1.787435e+00  9.113846e-03  2.337548e-04 
           bt 
 6.952544e-01 
[1] "New improvement found, but slight; taking the best value, but not resetting the step counter"
         step     negloglik            mu      sigma.sq            SE 
 4.000000e+00 -3.680153e+01  1.750602e+00  8.830883e-03  3.783997e-04 
           bt 
 7.079651e-01 
[1] "Now starting analysis"
[1] "Starting with initial values"
         mu    sigma.sq          bt 
1.284019361 0.009614714 1.000000000 
         step     negloglik            mu      sigma.sq            bt 
  1.000000000 -36.299022103   1.456715319   0.008828512   0.729833062 
[1] "New improvement found, resetting step counter"
         step     negloglik            mu      sigma.sq            bt 
  2.000000000 -36.615023794   1.711061592   0.009047826   0.706492977 
         step     negloglik            mu      sigma.sq            bt 
  3.000000000 -36.615023794   1.711061592   0.009047826   0.706492977 
         step     negloglik            mu      sigma.sq            bt 
  4.000000000 -36.615023794   1.711061592   0.009047826   0.706492977 
[1] "Now starting analysis"
[1] "Starting with initial values"
         mu    sigma.sq          SE 
1.284019361 0.009614714 0.004807357 
         step     negloglik            mu      sigma.sq            SE 
 1.000000e+00 -3.335812e+01  1.376620e+00  9.510478e-03  1.443478e-04 
[1] "New improvement found, resetting step counter"
         step     negloglik            mu      sigma.sq            SE 
 2.000000e+00 -3.338053e+01  1.330712e+00  9.519535e-03  1.764852e-04 
         step     negloglik            mu      sigma.sq            SE 
 3.000000e+00 -3.338053e+01  1.330712e+00  9.519535e-03  1.764852e-04 
         step     negloglik            mu      sigma.sq            SE 
 4.000000e+00 -3.338053e+01  1.330712e+00  9.519535e-03  1.764852e-04 
[1] "Now starting analysis"
[1] "Starting with initial values"
         mu    sigma.sq 
1.284019361 0.009614714 
         step     negloglik            mu      sigma.sq 
  1.000000000 -33.290191371   1.267781030   0.009990892 
         step     negloglik            mu      sigma.sq 
  2.000000000 -33.290191371   1.267781030   0.009990892 
[1] "New improvement found, but slight; taking the best value, but not resetting the step counter"
        step    negloglik           mu     sigma.sq 
  3.00000000 -33.29193647   1.26852921   0.00985219 
