[1] "args"
[1] "66"   "1045"
[1] "Now starting analysis"
[1] "Starting with initial values"
        mu   sigma.sq         SE         bt         vh 
1.28768834 0.17611461 0.08805731 1.00000000 0.08805731 
        step    negloglik           mu     sigma.sq           SE           bt 
 1.000000000 31.988845446  1.356375412  0.007547586  0.045833865  1.002076599 
          vh 
 0.158614518 
[1] "New improvement found, resetting step counter"
        step    negloglik           mu     sigma.sq           SE           bt 
 2.000000000 31.709733526  1.349331444  0.007523136  0.045529301  0.947872532 
          vh 
 0.001300007 
[1] "New improvement found, but slight; taking the best value, but not resetting the step counter"
        step    negloglik           mu     sigma.sq           SE           bt 
 3.000000000 31.701849853  1.291313822  0.007176325  0.047208133  0.910715617 
          vh 
 0.002051394 
[1] "New improvement found, but slight; taking the best value, but not resetting the step counter"
        step    negloglik           mu     sigma.sq           SE           bt 
 4.000000000 31.692941245  1.289989891  0.007706485  0.045230665  0.931814380 
          vh 
 0.004912959 
[1] "Now starting analysis"
[1] "Starting with initial values"
        mu   sigma.sq         bt         vh 
1.28768834 0.17611461 1.00000000 0.08805731 
        step    negloglik           mu     sigma.sq           bt           vh 
  1.00000000 113.87454755   1.28768834   0.17611461   1.00000000   0.08805731 
        step    negloglik           mu     sigma.sq           bt           vh 
  2.00000000 113.87454755   1.28768834   0.17611461   1.00000000   0.08805731 
        step    negloglik           mu     sigma.sq           bt           vh 
  3.00000000 113.87454755   1.28768834   0.17611461   1.00000000   0.08805731 
[1] "Now starting analysis"
[1] "Starting with initial values"
        mu   sigma.sq         SE         vh 
1.28768834 0.17611461 0.08805731 0.08805731 
        step    negloglik           mu     sigma.sq           SE           vh 
 1.000000000 32.101556139  1.280181813  0.007894564  0.048292225  0.250234859 
[1] "New improvement found, resetting step counter"
        step    negloglik           mu     sigma.sq           SE           vh 
 2.000000000 31.733064819  1.336284847  0.008043789  0.045630799  0.002685449 
[1] "New improvement found, resetting step counter"
        step    negloglik           mu     sigma.sq           SE           vh 
 3.000000000 31.706112082  1.272170858  0.007696226  0.045483343  0.004599925 
        step    negloglik           mu     sigma.sq           SE           vh 
 4.000000000 31.706112082  1.272170858  0.007696226  0.045483343  0.004599925 
        step    negloglik           mu     sigma.sq           SE           vh 
 5.000000000 31.706112082  1.272170858  0.007696226  0.045483343  0.004599925 
[1] "Now starting analysis"
[1] "Starting with initial values"
        mu   sigma.sq         vh 
1.28768834 0.17611461 0.08805731 
        step    negloglik           mu     sigma.sq           vh 
  1.00000000 113.87454755   1.28768834   0.17611461   0.08805731 
        step    negloglik           mu     sigma.sq           vh 
  2.00000000 113.87454755   1.28768834   0.17611461   0.08805731 
        step    negloglik           mu     sigma.sq           vh 
  3.00000000 113.87454755   1.28768834   0.17611461   0.08805731 
[1] "Now starting analysis"
[1] "Starting with initial values"
        mu   sigma.sq         SE         bt 
1.28768834 0.17611461 0.08805731 1.00000000 
        step    negloglik           mu     sigma.sq           SE           bt 
 1.000000000 31.901984878  1.449865895  0.007894564  0.048292225  0.992493470 
[1] "New improvement found, resetting step counter"
        step    negloglik           mu     sigma.sq           SE           bt 
 2.000000000 31.701439406  1.268020835  0.007960248  0.044374690  0.973858708 
[1] "New improvement found, but slight; taking the best value, but not resetting the step counter"
        step    negloglik           mu     sigma.sq           SE           bt 
 3.000000000 31.696058373  1.276788480  0.007898123  0.045739168  0.870569659 
[1] "New improvement found, but slight; taking the best value, but not resetting the step counter"
        step    negloglik           mu     sigma.sq           SE           bt 
 4.000000000 31.696007910  1.300016784  0.007859097  0.043994094  0.907372499 
[1] "Now starting analysis"
[1] "Starting with initial values"
       mu  sigma.sq        bt 
1.2876883 0.1761146 1.0000000 
       step   negloglik          mu    sigma.sq          bt 
  1.0000000 113.8645571   1.2876883   0.1761146   1.0000000 
       step   negloglik          mu    sigma.sq          bt 
  2.0000000 113.8645571   1.2876883   0.1761146   1.0000000 
       step   negloglik          mu    sigma.sq          bt 
  3.0000000 113.8645571   1.2876883   0.1761146   1.0000000 
[1] "Now starting analysis"
[1] "Starting with initial values"
        mu   sigma.sq         SE 
1.28768834 0.17611461 0.08805731 
       step   negloglik          mu    sigma.sq          SE 
 1.00000000 31.76947620  1.36918422  0.00741835  0.04426124 
[1] "New improvement found, resetting step counter"
        step    negloglik           mu     sigma.sq           SE 
 2.000000000 31.699541185  1.268673161  0.007697625  0.044979231 
        step    negloglik           mu     sigma.sq           SE 
 3.000000000 31.699541185  1.268673161  0.007697625  0.044979231 
        step    negloglik           mu     sigma.sq           SE 
 4.000000000 31.699541185  1.268673161  0.007697625  0.044979231 
[1] "Now starting analysis"
[1] "Starting with initial values"
       mu  sigma.sq 
1.2876883 0.1761146 
       step   negloglik          mu    sigma.sq 
  1.0000000 113.8645571   1.2876883   0.1761146 
       step   negloglik          mu    sigma.sq 
  2.0000000 113.8645571   1.2876883   0.1761146 
       step   negloglik          mu    sigma.sq 
  3.0000000 113.8645571   1.2876883   0.1761146 
