[1] "args"
[1] "66"   "1166"
[1] "Now starting analysis"
[1] "Starting with initial values"
         mu    sigma.sq          SE          bt          vh 
0.318727264 0.011037972 0.005518986 1.000000000 0.005518986 
         step     negloglik            mu      sigma.sq            SE 
 1.000000e+00 -1.128085e+01  5.016107e-01  1.069683e-02  4.534101e-07 
           bt            vh 
 7.952557e-01  1.125488e-03 
[1] "New improvement found, resetting step counter"
         step     negloglik            mu      sigma.sq            SE 
 2.000000e+00 -1.133918e+01  5.815549e-01  1.069868e-02  2.640679e-06 
           bt            vh 
 7.801190e-01  1.095891e-06 
[1] "New improvement found, resetting step counter"
         step     negloglik            mu      sigma.sq            SE 
 3.000000e+00 -1.136390e+01  5.942969e-01  1.023674e-02  2.503269e-06 
           bt            vh 
 7.793152e-01  7.642237e-06 
[1] "New improvement found, resetting step counter"
         step     negloglik            mu      sigma.sq            SE 
 4.000000e+00 -1.138664e+01  7.305862e-01  9.358039e-03  1.993254e-08 
           bt            vh 
 7.379244e-01  8.753711e-04 
         step     negloglik            mu      sigma.sq            SE 
 5.000000e+00 -1.138664e+01  7.305862e-01  9.358039e-03  1.993254e-08 
           bt            vh 
 7.379244e-01  8.753711e-04 
[1] "New improvement found, but slight; taking the best value, but not resetting the step counter"
         step     negloglik            mu      sigma.sq            SE 
 6.000000e+00 -1.139039e+01  6.074817e-01  1.003257e-02  5.123503e-07 
           bt            vh 
 7.322510e-01  2.245703e-04 
[1] "Now starting analysis"
[1] "Starting with initial values"
         mu    sigma.sq          bt          vh 
0.318727264 0.011037972 1.000000000 0.005518986 
         step     negloglik            mu      sigma.sq            bt 
 1.000000e+00 -1.144196e+01  7.663954e-01  1.024415e-02  7.054050e-01 
           vh 
 3.397714e-04 
         step     negloglik            mu      sigma.sq            bt 
 2.000000e+00 -1.144196e+01  7.663954e-01  1.024415e-02  7.054050e-01 
           vh 
 3.397714e-04 
         step     negloglik            mu      sigma.sq            bt 
 3.000000e+00 -1.144196e+01  7.663954e-01  1.024415e-02  7.054050e-01 
           vh 
 3.397714e-04 
[1] "Now starting analysis"
[1] "Starting with initial values"
         mu    sigma.sq          SE          vh 
0.318727264 0.011037972 0.005518986 0.005518986 
         step     negloglik            mu      sigma.sq            SE 
 1.000000e+00 -1.028066e+01  3.082805e-01  1.063992e-02  1.746875e-08 
           vh 
 3.362709e-02 
[1] "New improvement found, resetting step counter"
         step     negloglik            mu      sigma.sq            SE 
 2.000000e+00 -1.043134e+01  3.198846e-01  1.063783e-02  1.211164e-08 
           vh 
 4.627545e-04 
         step     negloglik            mu      sigma.sq            SE 
 3.000000e+00 -1.043134e+01  3.198846e-01  1.063783e-02  1.211164e-08 
           vh 
 4.627545e-04 
         step     negloglik            mu      sigma.sq            SE 
 4.000000e+00 -1.043134e+01  3.198846e-01  1.063783e-02  1.211164e-08 
           vh 
 4.627545e-04 
[1] "Now starting analysis"
[1] "Starting with initial values"
         mu    sigma.sq          vh 
0.318727264 0.011037972 0.005518986 
         step     negloglik            mu      sigma.sq            vh 
 1.000000e+00 -1.043640e+01  2.903260e-01  1.072382e-02  5.953661e-04 
         step     negloglik            mu      sigma.sq            vh 
 2.000000e+00 -1.043640e+01  2.903260e-01  1.072382e-02  5.953661e-04 
         step     negloglik            mu      sigma.sq            vh 
 3.000000e+00 -1.043640e+01  2.903260e-01  1.072382e-02  5.953661e-04 
[1] "Now starting analysis"
[1] "Starting with initial values"
         mu    sigma.sq          SE          bt 
0.318727264 0.011037972 0.005518986 1.000000000 
         step     negloglik            mu      sigma.sq            SE 
 1.000000e+00 -1.143809e+01  7.033643e-01  9.971255e-03  2.996439e-07 
           bt 
 7.210787e-01 
[1] "New improvement found, but slight; taking the best value, but not resetting the step counter"
         step     negloglik            mu      sigma.sq            SE 
 2.000000e+00 -1.144703e+01  7.754722e-01  9.971255e-03  2.996439e-07 
           bt 
 7.210787e-01 
         step     negloglik            mu      sigma.sq            SE 
 3.000000e+00 -1.144703e+01  7.754722e-01  9.971255e-03  2.996439e-07 
           bt 
 7.210787e-01 
[1] "Now starting analysis"
[1] "Starting with initial values"
        mu   sigma.sq         bt 
0.31872726 0.01103797 1.00000000 
        step    negloglik           mu     sigma.sq           bt 
  1.00000000 -11.44808106   0.76664472   0.01000108   0.72564951 
        step    negloglik           mu     sigma.sq           bt 
  2.00000000 -11.44808106   0.76664472   0.01000108   0.72564951 
        step    negloglik           mu     sigma.sq           bt 
  3.00000000 -11.44808106   0.76664472   0.01000108   0.72564951 
[1] "Now starting analysis"
[1] "Starting with initial values"
         mu    sigma.sq          SE 
0.318727264 0.011037972 0.005518986 
         step     negloglik            mu      sigma.sq            SE 
 1.000000e+00 -1.043222e+01  3.205300e-01  1.079385e-02  5.961578e-07 
         step     negloglik            mu      sigma.sq            SE 
 2.000000e+00 -1.043222e+01  3.205300e-01  1.079385e-02  5.961578e-07 
         step     negloglik            mu      sigma.sq            SE 
 3.000000e+00 -1.043222e+01  3.205300e-01  1.079385e-02  5.961578e-07 
[1] "Now starting analysis"
[1] "Starting with initial values"
        mu   sigma.sq 
0.31872726 0.01103797 
        step    negloglik           mu     sigma.sq 
  1.00000000 -10.43269122   0.31872726   0.01103797 
        step    negloglik           mu     sigma.sq 
  2.00000000 -10.43269122   0.31872726   0.01103797 
[1] "New improvement found, but slight; taking the best value, but not resetting the step counter"
        step    negloglik           mu     sigma.sq 
  3.00000000 -10.43780652   0.29970009   0.01094468 
