000 (066.1160.000) 07/26 17:14:46 Job submitted from host: <160.36.155.106:9618?addrs=160.36.155.106-9618&noUDP&sock=27742_4872_4>
...
012 (066.1160.000) 08/03 14:16:59 Job was held.
	via condor_hold (by user bomeara)
	Code 1 Subcode 0
...
013 (066.1160.000) 08/05 22:27:46 Job was released.
	via condor_release (by user bomeara)
...
012 (066.1160.000) 08/09 10:35:48 Job was held.
	via condor_hold (by user bomeara)
	Code 1 Subcode 0
...
013 (066.1160.000) 08/09 13:05:04 Job was released.
	via condor_release (by user bomeara)
...
001 (066.1160.000) 08/30 14:17:29 Job executing on host: <10.130.122.65:9618?addrs=10.130.122.65-9618&noUDP&sock=2440_372c_4>
...
006 (066.1160.000) 08/30 14:17:38 Image size of job updated: 220920
	216  -  MemoryUsage of job (MB)
	220740  -  ResidentSetSize of job (KB)
...
006 (066.1160.000) 08/30 14:22:39 Image size of job updated: 225244
	220  -  MemoryUsage of job (MB)
	225064  -  ResidentSetSize of job (KB)
...
006 (066.1160.000) 08/30 14:27:39 Image size of job updated: 225260
	220  -  MemoryUsage of job (MB)
	225080  -  ResidentSetSize of job (KB)
...
006 (066.1160.000) 09/01 01:06:18 Image size of job updated: 225304
	220  -  MemoryUsage of job (MB)
	225124  -  ResidentSetSize of job (KB)
...
006 (066.1160.000) 09/01 10:57:21 Image size of job updated: 229572
	225  -  MemoryUsage of job (MB)
	229392  -  ResidentSetSize of job (KB)
...
006 (066.1160.000) 09/03 14:57:44 Image size of job updated: 230796
	226  -  MemoryUsage of job (MB)
	230616  -  ResidentSetSize of job (KB)
...
005 (066.1160.000) 09/04 12:54:31 Job terminated.
	(1) Normal termination (return value 0)
		Usr 4 22:26:12, Sys 0 00:01:32  -  Run Remote Usage
		Usr 0 00:00:00, Sys 0 00:00:00  -  Run Local Usage
		Usr 4 22:26:12, Sys 0 00:01:32  -  Total Remote Usage
		Usr 0 00:00:00, Sys 0 00:00:00  -  Total Local Usage
	28541  -  Run Bytes Sent By Job
	2422  -  Run Bytes Received By Job
	28541  -  Total Bytes Sent By Job
	2422  -  Total Bytes Received By Job
	Partitionable Resources :    Usage  Request Allocated 
	   Cpus                 :     1.00        1         1 
	   Disk (KB)            :    46           4    891653 
	   Memory (MB)          :   226           1       128 
...
