[1] "args"
[1] "66"   "1623"
[1] "Now starting analysis"
[1] "Starting with initial values"
        mu   sigma.sq         SE         bt         vh 
0.64718036 0.10626585 0.05313292 1.00000000 0.05313292 
       step   negloglik          mu    sigma.sq          SE          bt 
 1.00000000 42.36842842  0.66615116  0.01088021  0.06323998  1.08841468 
         vh 
 0.11399386 
[1] "New improvement found, resetting step counter"
        step    negloglik           mu     sigma.sq           SE           bt 
 2.000000000 41.630810862  0.456605711  0.008796573  0.071617245  1.328686542 
          vh 
 0.005770640 
[1] "New improvement found, resetting step counter"
        step    negloglik           mu     sigma.sq           SE           bt 
 3.000000000 41.573428444  0.451681802  0.009634958  0.067342397  1.290587195 
          vh 
 0.002437077 
        step    negloglik           mu     sigma.sq           SE           bt 
 4.000000000 41.573428444  0.451681802  0.009634958  0.067342397  1.290587195 
          vh 
 0.002437077 
        step    negloglik           mu     sigma.sq           SE           bt 
 5.000000000 41.573428444  0.451681802  0.009634958  0.067342397  1.290587195 
          vh 
 0.002437077 
[1] "Now starting analysis"
[1] "Starting with initial values"
        mu   sigma.sq         bt         vh 
0.64718036 0.10626585 1.00000000 0.05313292 
       step   negloglik          mu    sigma.sq          bt          vh 
 1.00000000 81.12213277  0.64718036  0.10626585  1.10000000  0.05313292 
[1] "New improvement found, resetting step counter"
       step   negloglik          mu    sigma.sq          bt          vh 
 2.00000000 81.09921497  0.64718036  0.10626585  1.21000000  0.05313292 
       step   negloglik          mu    sigma.sq          bt          vh 
 3.00000000 81.09921497  0.64718036  0.10626585  1.21000000  0.05313292 
       step   negloglik          mu    sigma.sq          bt          vh 
 4.00000000 81.09921497  0.64718036  0.10626585  1.21000000  0.05313292 
[1] "Now starting analysis"
[1] "Starting with initial values"
        mu   sigma.sq         SE         vh 
0.64718036 0.10626585 0.05313292 0.05313292 
       step   negloglik          mu    sigma.sq          SE          vh 
 1.00000000 42.54940594  0.64054293  0.01073568  0.06066054  0.07739277 
[1] "New improvement found, resetting step counter"
       step   negloglik          mu    sigma.sq          SE          vh 
 2.00000000 42.43364002  0.63837894  0.01148402  0.06414738  0.01205511 
[1] "New improvement found, resetting step counter"
        step    negloglik           mu     sigma.sq           SE           vh 
 3.000000000 42.402325704  0.678838743  0.010729785  0.064938734  0.004886958 
        step    negloglik           mu     sigma.sq           SE           vh 
 4.000000000 42.402325704  0.678838743  0.010729785  0.064938734  0.004886958 
        step    negloglik           mu     sigma.sq           SE           vh 
 5.000000000 42.402325704  0.678838743  0.010729785  0.064938734  0.004886958 
[1] "Now starting analysis"
[1] "Starting with initial values"
        mu   sigma.sq         vh 
0.64718036 0.10626585 0.05313292 
       step   negloglik          mu    sigma.sq          vh 
 1.00000000 81.17247384  0.64718036  0.10626585  0.05313292 
       step   negloglik          mu    sigma.sq          vh 
 2.00000000 81.17247384  0.64718036  0.10626585  0.05313292 
       step   negloglik          mu    sigma.sq          vh 
 3.00000000 81.17247384  0.64718036  0.10626585  0.05313292 
[1] "Now starting analysis"
[1] "Starting with initial values"
        mu   sigma.sq         SE         bt 
0.64718036 0.10626585 0.05313292 1.00000000 
       step   negloglik          mu    sigma.sq          SE          bt 
 1.00000000 41.88216768  0.66826522  0.01043838  0.06204622  1.15346777 
[1] "New improvement found, resetting step counter"
        step    negloglik           mu     sigma.sq           SE           bt 
 2.000000000 41.568895745  0.447143353  0.009550235  0.068796638  1.293545008 
[1] "New improvement found, resetting step counter"
        step    negloglik           mu     sigma.sq           SE           bt 
 3.000000000 41.557161128  0.371945369  0.008768046  0.070057908  1.321773475 
        step    negloglik           mu     sigma.sq           SE           bt 
 4.000000000 41.557161128  0.371945369  0.008768046  0.070057908  1.321773475 
        step    negloglik           mu     sigma.sq           SE           bt 
 5.000000000 41.557161128  0.371945369  0.008768046  0.070057908  1.321773475 
[1] "Now starting analysis"
[1] "Starting with initial values"
       mu  sigma.sq        bt 
0.6471804 0.1062658 1.0000000 
      step  negloglik         mu   sigma.sq         bt 
 1.0000000 81.0928412  0.6471804  0.1062658  1.1000000 
[1] "New improvement found, resetting step counter"
      step  negloglik         mu   sigma.sq         bt 
 2.0000000 81.0691683  0.6471804  0.1062658  1.2100000 
[1] "New improvement found, resetting step counter"
      step  negloglik         mu   sigma.sq         bt 
 3.0000000 81.0518604  0.4985269  0.1049670  1.2921087 
      step  negloglik         mu   sigma.sq         bt 
 4.0000000 81.0518604  0.4985269  0.1049670  1.2921087 
      step  negloglik         mu   sigma.sq         bt 
 5.0000000 81.0518604  0.4985269  0.1049670  1.2921087 
[1] "Now starting analysis"
[1] "Starting with initial values"
        mu   sigma.sq         SE 
0.64718036 0.10626585 0.05313292 
       step   negloglik          mu    sigma.sq          SE 
 1.00000000 42.39317907  0.68046997  0.01092254  0.06315201 
       step   negloglik          mu    sigma.sq          SE 
 2.00000000 42.39317907  0.68046997  0.01092254  0.06315201 
       step   negloglik          mu    sigma.sq          SE 
 3.00000000 42.39317907  0.68046997  0.01092254  0.06315201 
[1] "Now starting analysis"
[1] "Starting with initial values"
       mu  sigma.sq 
0.6471804 0.1062658 
      step  negloglik         mu   sigma.sq 
 1.0000000 81.1446299  0.6471804  0.1062658 
      step  negloglik         mu   sigma.sq 
 2.0000000 81.1446299  0.6471804  0.1062658 
      step  negloglik         mu   sigma.sq 
 3.0000000 81.1446299  0.6471804  0.1062658 
