000 (066.1029.000) 07/26 17:14:46 Job submitted from host: <160.36.155.106:9618?addrs=160.36.155.106-9618&noUDP&sock=27742_4872_4>
...
012 (066.1029.000) 08/03 14:16:52 Job was held.
	via condor_hold (by user bomeara)
	Code 1 Subcode 0
...
013 (066.1029.000) 08/05 22:27:38 Job was released.
	via condor_release (by user bomeara)
...
012 (066.1029.000) 08/09 10:35:39 Job was held.
	via condor_hold (by user bomeara)
	Code 1 Subcode 0
...
013 (066.1029.000) 08/09 13:04:58 Job was released.
	via condor_release (by user bomeara)
...
001 (066.1029.000) 08/20 05:03:16 Job executing on host: <10.130.107.8:9618?addrs=10.130.107.8-9618&noUDP&sock=69199_5635_4>
...
006 (066.1029.000) 08/20 05:03:25 Image size of job updated: 242924
	238  -  MemoryUsage of job (MB)
	242924  -  ResidentSetSize of job (KB)
...
006 (066.1029.000) 08/20 05:08:26 Image size of job updated: 244428
	239  -  MemoryUsage of job (MB)
	244428  -  ResidentSetSize of job (KB)
...
006 (066.1029.000) 08/20 05:13:26 Image size of job updated: 244444
	239  -  MemoryUsage of job (MB)
	244444  -  ResidentSetSize of job (KB)
...
006 (066.1029.000) 08/21 01:40:35 Image size of job updated: 247880
	243  -  MemoryUsage of job (MB)
	247880  -  ResidentSetSize of job (KB)
...
006 (066.1029.000) 08/22 04:38:24 Image size of job updated: 247892
	243  -  MemoryUsage of job (MB)
	247892  -  ResidentSetSize of job (KB)
...
006 (066.1029.000) 08/22 22:45:12 Image size of job updated: 248260
	243  -  MemoryUsage of job (MB)
	248260  -  ResidentSetSize of job (KB)
...
006 (066.1029.000) 08/23 20:00:50 Image size of job updated: 453708
	243  -  MemoryUsage of job (MB)
	248260  -  ResidentSetSize of job (KB)
...
005 (066.1029.000) 08/23 20:00:50 Job terminated.
	(1) Normal termination (return value 0)
		Usr 3 14:49:04, Sys 0 00:00:48  -  Run Remote Usage
		Usr 0 00:00:00, Sys 0 00:00:00  -  Run Local Usage
		Usr 3 14:49:04, Sys 0 00:00:48  -  Total Remote Usage
		Usr 0 00:00:00, Sys 0 00:00:00  -  Total Local Usage
	31444  -  Run Bytes Sent By Job
	2422  -  Run Bytes Received By Job
	31444  -  Total Bytes Sent By Job
	2422  -  Total Bytes Received By Job
	Partitionable Resources :    Usage  Request Allocated 
	   Cpus                 :     0.99        1         1 
	   Disk (KB)            :    49           4    888358 
	   Memory (MB)          :   243           1       128 
...
