[1] "args"
[1] "66"  "963"
[1] "Now starting analysis"
[1] "Starting with initial values"
         mu    sigma.sq          SE          bt          vh 
1.407927631 0.012476927 0.006238464 1.000000000 0.006238464 
         step     negloglik            mu      sigma.sq            SE 
 1.000000e+00 -3.901843e+01  2.117694e+00  9.411079e-03  1.494869e-04 
           bt            vh 
 6.804509e-01  7.701044e-04 
[1] "New improvement found, resetting step counter"
         step     negloglik            mu      sigma.sq            SE 
 2.000000e+00 -3.906177e+01  2.058590e+00  9.413338e-03  1.574453e-04 
           bt            vh 
 6.835956e-01  3.352867e-03 
         step     negloglik            mu      sigma.sq            SE 
 3.000000e+00 -3.906177e+01  2.058590e+00  9.413338e-03  1.574453e-04 
           bt            vh 
 6.835956e-01  3.352867e-03 
[1] "New improvement found, resetting step counter"
         step     negloglik            mu      sigma.sq            SE 
 4.000000e+00 -3.909908e+01  1.879641e+00  9.891517e-03  1.198547e-04 
           bt            vh 
 7.114406e-01  2.754412e-03 
         step     negloglik            mu      sigma.sq            SE 
 5.000000e+00 -3.909908e+01  1.879641e+00  9.891517e-03  1.198547e-04 
           bt            vh 
 7.114406e-01  2.754412e-03 
[1] "New improvement found, but slight; taking the best value, but not resetting the step counter"
         step     negloglik            mu      sigma.sq            SE 
 6.000000e+00 -3.910462e+01  1.919026e+00  9.692056e-03  6.585580e-05 
           bt            vh 
 7.072260e-01  1.013402e-03 
[1] "Now starting analysis"
[1] "Starting with initial values"
         mu    sigma.sq          bt          vh 
1.407927631 0.012476927 1.000000000 0.006238464 
         step     negloglik            mu      sigma.sq            bt 
  1.000000000 -38.973431935   1.913658581   0.009897456   0.690307197 
           vh 
  0.002057212 
         step     negloglik            mu      sigma.sq            bt 
  2.000000000 -38.973431935   1.913658581   0.009897456   0.690307197 
           vh 
  0.002057212 
         step     negloglik            mu      sigma.sq            bt 
  3.000000000 -38.973431935   1.913658581   0.009897456   0.690307197 
           vh 
  0.002057212 
[1] "Now starting analysis"
[1] "Starting with initial values"
         mu    sigma.sq          SE          vh 
1.407927631 0.012476927 0.006238464 0.006238464 
         step     negloglik            mu      sigma.sq            SE 
 1.000000e+00 -3.746346e+01  1.477033e+00  9.341232e-03  1.406505e-04 
           vh 
 1.160696e-01 
[1] "New improvement found, resetting step counter"
         step     negloglik            mu      sigma.sq            SE 
 2.000000e+00 -3.757875e+01  1.483902e+00  9.336301e-03  1.283299e-04 
           vh 
 2.102951e-01 
         step     negloglik            mu      sigma.sq            SE 
 3.000000e+00 -3.757875e+01  1.483902e+00  9.336301e-03  1.283299e-04 
           vh 
 2.102951e-01 
[1] "New improvement found, resetting step counter"
         step     negloglik            mu      sigma.sq            SE 
 4.000000e+00 -3.759098e+01  1.405929e+00  9.184775e-03  1.490213e-04 
           vh 
 1.793996e-01 
[1] "New improvement found, but slight; taking the best value, but not resetting the step counter"
         step     negloglik            mu      sigma.sq            SE 
 5.000000e+00 -3.760083e+01  1.407385e+00  9.290600e-03  1.525893e-04 
           vh 
 1.749971e-01 
[1] "New improvement found, resetting step counter"
         step     negloglik            mu      sigma.sq            SE 
 6.000000e+00 -3.761424e+01  1.335409e+00  9.484373e-03  1.705007e-04 
           vh 
 1.939410e-01 
         step     negloglik            mu      sigma.sq            SE 
 7.000000e+00 -3.761424e+01  1.335409e+00  9.484373e-03  1.705007e-04 
           vh 
 1.939410e-01 
         step     negloglik            mu      sigma.sq            SE 
 8.000000e+00 -3.761424e+01  1.335409e+00  9.484373e-03  1.705007e-04 
           vh 
 1.939410e-01 
[1] "Now starting analysis"
[1] "Starting with initial values"
         mu    sigma.sq          vh 
1.407927631 0.012476927 0.006238464 
         step     negloglik            mu      sigma.sq            vh 
  1.000000000 -37.421845040   1.315496168   0.009923972   0.157152517 
         step     negloglik            mu      sigma.sq            vh 
  2.000000000 -37.421845040   1.315496168   0.009923972   0.157152517 
[1] "New improvement found, resetting step counter"
         step     negloglik            mu      sigma.sq            vh 
  3.000000000 -37.435544340   1.313187182   0.009622352   0.187846846 
         step     negloglik            mu      sigma.sq            vh 
  4.000000000 -37.435544340   1.313187182   0.009622352   0.187846846 
         step     negloglik            mu      sigma.sq            vh 
  5.000000000 -37.435544340   1.313187182   0.009622352   0.187846846 
[1] "Now starting analysis"
[1] "Starting with initial values"
         mu    sigma.sq          SE          bt 
1.407927631 0.012476927 0.006238464 1.000000000 
         step     negloglik            mu      sigma.sq            SE 
  1.000000000 -39.144730766   1.934222571   0.009706081   0.000101550 
           bt 
  0.688988476 
         step     negloglik            mu      sigma.sq            SE 
  2.000000000 -39.144730766   1.934222571   0.009706081   0.000101550 
           bt 
  0.688988476 
         step     negloglik            mu      sigma.sq            SE 
  3.000000000 -39.144730766   1.934222571   0.009706081   0.000101550 
           bt 
  0.688988476 
[1] "Now starting analysis"
[1] "Starting with initial values"
        mu   sigma.sq         bt 
1.40792763 0.01247693 1.00000000 
         step     negloglik            mu      sigma.sq            bt 
  1.000000000 -38.891756635   1.749086310   0.009649593   0.703246544 
[1] "New improvement found, resetting step counter"
         step     negloglik            mu      sigma.sq            bt 
  2.000000000 -38.968719285   1.923994941   0.009649593   0.703246544 
[1] "New improvement found, but slight; taking the best value, but not resetting the step counter"
         step     negloglik            mu      sigma.sq            bt 
  3.000000000 -38.974750082   1.856216582   0.009796214   0.702230653 
         step     negloglik            mu      sigma.sq            bt 
  4.000000000 -38.974750082   1.856216582   0.009796214   0.702230653 
[1] "Now starting analysis"
[1] "Starting with initial values"
         mu    sigma.sq          SE 
1.407927631 0.012476927 0.006238464 
         step     negloglik            mu      sigma.sq            SE 
 1.000000e+00 -3.503758e+01  1.417109e+00  1.041779e-02  1.076961e-04 
[1] "New improvement found, but slight; taking the best value, but not resetting the step counter"
         step     negloglik            mu      sigma.sq            SE 
 2.000000e+00 -3.503951e+01  1.417126e+00  1.041011e-02  8.028135e-05 
         step     negloglik            mu      sigma.sq            SE 
 3.000000e+00 -3.503951e+01  1.417126e+00  1.041011e-02  8.028135e-05 
[1] "Now starting analysis"
[1] "Starting with initial values"
        mu   sigma.sq 
1.40792763 0.01247693 
        step    negloglik           mu     sigma.sq 
  1.00000000 -34.95943202   1.40875259   0.01082701 
        step    negloglik           mu     sigma.sq 
  2.00000000 -34.95943202   1.40875259   0.01082701 
        step    negloglik           mu     sigma.sq 
  3.00000000 -34.95943202   1.40875259   0.01082701 
