[1] "args"
[1] "66"  "799"
[1] "Now starting analysis"
[1] "Starting with initial values"
         mu    sigma.sq          SE          bt          vh 
1.630187033 0.009624922 0.004812461 1.000000000 0.004812461 
         step     negloglik            mu      sigma.sq            SE 
 1.000000e+00 -4.475841e+01  1.578046e+00  9.659302e-03  5.973951e-08 
           bt            vh 
 1.075301e+00  7.581365e-03 
[1] "New improvement found, resetting step counter"
         step     negloglik            mu      sigma.sq            SE 
 2.000000e+00 -4.505720e+01  1.587331e+00  9.659424e-03  2.416009e-07 
           bt            vh 
 1.518064e+00  9.353709e-03 
         step     negloglik            mu      sigma.sq            SE 
 3.000000e+00 -4.505720e+01  1.587331e+00  9.659424e-03  2.416009e-07 
           bt            vh 
 1.518064e+00  9.353709e-03 
         step     negloglik            mu      sigma.sq            SE 
 4.000000e+00 -4.505720e+01  1.587331e+00  9.659424e-03  2.416009e-07 
           bt            vh 
 1.518064e+00  9.353709e-03 
[1] "Now starting analysis"
[1] "Starting with initial values"
         mu    sigma.sq          bt          vh 
1.630187033 0.009624922 1.000000000 0.004812461 
         step     negloglik            mu      sigma.sq            bt 
  1.000000000 -45.119558385   1.476010662   0.009628021   1.715549491 
           vh 
  0.002464624 
         step     negloglik            mu      sigma.sq            bt 
  2.000000000 -45.119558385   1.476010662   0.009628021   1.715549491 
           vh 
  0.002464624 
         step     negloglik            mu      sigma.sq            bt 
  3.000000000 -45.119558385   1.476010662   0.009628021   1.715549491 
           vh 
  0.002464624 
[1] "Now starting analysis"
[1] "Starting with initial values"
         mu    sigma.sq          SE          vh 
1.630187033 0.009624922 0.004812461 0.004812461 
         step     negloglik            mu      sigma.sq            SE 
 1.000000e+00 -4.435808e+01  1.351557e+00  9.430474e-03  1.287267e-07 
           vh 
 1.694369e-01 
[1] "New improvement found, resetting step counter"
         step     negloglik            mu      sigma.sq            SE 
 2.000000e+00 -4.461096e+01  1.633572e+00  9.430853e-03  7.128291e-07 
           vh 
 2.580669e-02 
         step     negloglik            mu      sigma.sq            SE 
 3.000000e+00 -4.461096e+01  1.633572e+00  9.430853e-03  7.128291e-07 
           vh 
 2.580669e-02 
         step     negloglik            mu      sigma.sq            SE 
 4.000000e+00 -4.461096e+01  1.633572e+00  9.430853e-03  7.128291e-07 
           vh 
 2.580669e-02 
[1] "Now starting analysis"
[1] "Starting with initial values"
         mu    sigma.sq          vh 
1.630187033 0.009624922 0.004812461 
         step     negloglik            mu      sigma.sq            vh 
  1.000000000 -44.654069480   1.630187033   0.009624922   0.004812461 
         step     negloglik            mu      sigma.sq            vh 
  2.000000000 -44.654069480   1.630187033   0.009624922   0.004812461 
         step     negloglik            mu      sigma.sq            vh 
  3.000000000 -44.654069480   1.630187033   0.009624922   0.004812461 
[1] "Now starting analysis"
[1] "Starting with initial values"
         mu    sigma.sq          SE          bt 
1.630187033 0.009624922 0.004812461 1.000000000 
         step     negloglik            mu      sigma.sq            SE 
 1.000000e+00 -4.486491e+01  1.492701e+00  9.824553e-03  7.437439e-08 
           bt 
 1.196122e+00 
[1] "New improvement found, resetting step counter"
         step     negloglik            mu      sigma.sq            SE 
 2.000000e+00 -4.504122e+01  1.457249e+00  9.824671e-03  4.704900e-07 
           bt 
 1.475537e+00 
         step     negloglik            mu      sigma.sq            SE 
 3.000000e+00 -4.504122e+01  1.457249e+00  9.824671e-03  4.704900e-07 
           bt 
 1.475537e+00 
[1] "New improvement found, resetting step counter"
         step     negloglik            mu      sigma.sq            SE 
 4.000000e+00 -4.510950e+01  1.482367e+00  9.526268e-03  2.688136e-07 
           bt 
 1.620258e+00 
         step     negloglik            mu      sigma.sq            SE 
 5.000000e+00 -4.510950e+01  1.482367e+00  9.526268e-03  2.688136e-07 
           bt 
 1.620258e+00 
         step     negloglik            mu      sigma.sq            SE 
 6.000000e+00 -4.510950e+01  1.482367e+00  9.526268e-03  2.688136e-07 
           bt 
 1.620258e+00 
[1] "Now starting analysis"
[1] "Starting with initial values"
         mu    sigma.sq          bt 
1.630187033 0.009624922 1.000000000 
         step     negloglik            mu      sigma.sq            bt 
  1.000000000 -45.124107382   1.485281519   0.009624922   1.742640759 
         step     negloglik            mu      sigma.sq            bt 
  2.000000000 -45.124107382   1.485281519   0.009624922   1.742640759 
         step     negloglik            mu      sigma.sq            bt 
  3.000000000 -45.124107382   1.485281519   0.009624922   1.742640759 
[1] "Now starting analysis"
[1] "Starting with initial values"
         mu    sigma.sq          SE 
1.630187033 0.009624922 0.004812461 
         step     negloglik            mu      sigma.sq            SE 
 1.000000e+00 -4.460261e+01  1.714441e+00  1.002042e-02  3.373559e-07 
[1] "New improvement found, resetting step counter"
         step     negloglik            mu      sigma.sq            SE 
 2.000000e+00 -4.462227e+01  1.679811e+00  1.002034e-02  3.848369e-08 
[1] "New improvement found, but slight; taking the best value, but not resetting the step counter"
         step     negloglik            mu      sigma.sq            SE 
 3.000000e+00 -4.462544e+01  1.701984e+00  9.890541e-03  3.666445e-07 
         step     negloglik            mu      sigma.sq            SE 
 4.000000e+00 -4.462544e+01  1.701984e+00  9.890541e-03  3.666445e-07 
[1] "Now starting analysis"
[1] "Starting with initial values"
         mu    sigma.sq 
1.630187033 0.009624922 
         step     negloglik            mu      sigma.sq 
  1.000000000 -44.655936534   1.630187033   0.009624922 
         step     negloglik            mu      sigma.sq 
  2.000000000 -44.655936534   1.630187033   0.009624922 
         step     negloglik            mu      sigma.sq 
  3.000000000 -44.655936534   1.630187033   0.009624922 
