000 (066.597.000) 07/26 17:14:46 Job submitted from host: <160.36.155.106:9618?addrs=160.36.155.106-9618&noUDP&sock=27742_4872_4>
...
001 (066.597.000) 08/01 18:04:13 Job executing on host: <10.130.28.84:9618?addrs=10.130.28.84-9618&noUDP&sock=69176_8f87_4>
...
006 (066.597.000) 08/01 18:04:22 Image size of job updated: 242900
	238  -  MemoryUsage of job (MB)
	242900  -  ResidentSetSize of job (KB)
...
006 (066.597.000) 08/01 18:14:24 Image size of job updated: 249464
	244  -  MemoryUsage of job (MB)
	249464  -  ResidentSetSize of job (KB)
...
006 (066.597.000) 08/01 18:29:26 Image size of job updated: 249480
	244  -  MemoryUsage of job (MB)
	249480  -  ResidentSetSize of job (KB)
...
006 (066.597.000) 08/04 12:01:05 Image size of job updated: 249592
	244  -  MemoryUsage of job (MB)
	249592  -  ResidentSetSize of job (KB)
...
006 (066.597.000) 08/06 21:57:05 Image size of job updated: 249624
	244  -  MemoryUsage of job (MB)
	249592  -  ResidentSetSize of job (KB)
...
005 (066.597.000) 08/10 02:12:06 Job terminated.
	(1) Normal termination (return value 0)
		Usr 8 07:50:12, Sys 0 00:01:43  -  Run Remote Usage
		Usr 0 00:00:00, Sys 0 00:00:00  -  Run Local Usage
		Usr 8 07:50:12, Sys 0 00:01:43  -  Total Remote Usage
		Usr 0 00:00:00, Sys 0 00:00:00  -  Total Local Usage
	31985  -  Run Bytes Sent By Job
	2422  -  Run Bytes Received By Job
	31985  -  Total Bytes Sent By Job
	2422  -  Total Bytes Received By Job
	Partitionable Resources :    Usage  Request Allocated 
	   Cpus                 :     0.99        1         1 
	   Disk (KB)            :    49           4    891527 
	   Memory (MB)          :   244           1       128 
...
