[1] "args"
[1] "66"  "644"
[1] "Now starting analysis"
[1] "Starting with initial values"
        mu   sigma.sq         SE         bt         vh 
3.80560053 0.19090354 0.09545177 1.00000000 0.09545177 
        step    negloglik           mu     sigma.sq           SE           bt 
1.000000e+00 1.345437e+01 1.941561e+00 3.792309e-03 1.030609e-01 2.760781e+00 
          vh 
2.498242e-04 
[1] "New improvement found, resetting step counter"
        step    negloglik           mu     sigma.sq           SE           bt 
2.000000e+00 1.322203e+01 1.911164e+00 3.390051e-03 9.671877e-02 2.605690e+00 
          vh 
8.723423e-04 
        step    negloglik           mu     sigma.sq           SE           bt 
3.000000e+00 1.322203e+01 1.911164e+00 3.390051e-03 9.671877e-02 2.605690e+00 
          vh 
8.723423e-04 
        step    negloglik           mu     sigma.sq           SE           bt 
4.000000e+00 1.322203e+01 1.911164e+00 3.390051e-03 9.671877e-02 2.605690e+00 
          vh 
8.723423e-04 
[1] "Now starting analysis"
[1] "Starting with initial values"
        mu   sigma.sq         bt         vh 
3.80560053 0.19090354 1.00000000 0.09545177 
      step  negloglik         mu   sigma.sq         bt         vh 
 1.0000000 33.7063310  2.9399853  0.1776478  2.4033213  0.1460341 
[1] "New improvement found, resetting step counter"
       step   negloglik          mu    sigma.sq          bt          vh 
 2.00000000 33.64358906  2.95346143  0.19552023  2.34329783  0.08773328 
[1] "New improvement found, resetting step counter"
        step    negloglik           mu     sigma.sq           bt           vh 
 3.000000000 33.543947153  2.751615520  0.184963250  2.251525391  0.009908773 
[1] "New improvement found, resetting step counter"
       step   negloglik          mu    sigma.sq          bt          vh 
 4.00000000 33.50945197  2.07105911  0.18311293  2.39247056  0.01460511 
       step   negloglik          mu    sigma.sq          bt          vh 
 5.00000000 33.50945197  2.07105911  0.18311293  2.39247056  0.01460511 
       step   negloglik          mu    sigma.sq          bt          vh 
 6.00000000 33.50945197  2.07105911  0.18311293  2.39247056  0.01460511 
[1] "Now starting analysis"
[1] "Starting with initial values"
        mu   sigma.sq         SE         vh 
3.80560053 0.19090354 0.09545177 0.09545177 
       step   negloglik          mu    sigma.sq          SE          vh 
 1.00000000 18.53431747  2.79588319  0.00692737  0.08812097  0.57833045 
[1] "New improvement found, resetting step counter"
        step    negloglik           mu     sigma.sq           SE           vh 
 2.000000000 18.298437746  3.196638985  0.007762116  0.083244203  0.908382324 
        step    negloglik           mu     sigma.sq           SE           vh 
 3.000000000 18.298437746  3.196638985  0.007762116  0.083244203  0.908382324 
        step    negloglik           mu     sigma.sq           SE           vh 
 4.000000000 18.298437746  3.196638985  0.007762116  0.083244203  0.908382324 
[1] "Now starting analysis"
[1] "Starting with initial values"
        mu   sigma.sq         vh 
3.80560053 0.19090354 0.09545177 
       step   negloglik          mu    sigma.sq          vh 
 1.00000000 34.53474400  3.80560053  0.19090354  0.09545177 
       step   negloglik          mu    sigma.sq          vh 
 2.00000000 34.53474400  3.80560053  0.19090354  0.09545177 
[1] "New improvement found, but slight; taking the best value, but not resetting the step counter"
      step  negloglik         mu   sigma.sq         vh 
 3.0000000 34.5343884  3.8340296  0.1961593  0.1939332 
[1] "Now starting analysis"
[1] "Starting with initial values"
        mu   sigma.sq         SE         bt 
3.80560053 0.19090354 0.09545177 1.00000000 
        step    negloglik           mu     sigma.sq           SE           bt 
 1.000000000 13.971009867  1.926602138  0.004122732  0.102861810  2.951945129 
[1] "New improvement found, resetting step counter"
        step    negloglik           mu     sigma.sq           SE           bt 
 2.000000000 13.210688356  1.862628498  0.003853299  0.093974644  2.584235514 
        step    negloglik           mu     sigma.sq           SE           bt 
 3.000000000 13.210688356  1.862628498  0.003853299  0.093974644  2.584235514 
[1] "New improvement found, but slight; taking the best value, but not resetting the step counter"
        step    negloglik           mu     sigma.sq           SE           bt 
 4.000000000 13.208279919  1.906467082  0.003760488  0.096650119  2.595131744 
[1] "Now starting analysis"
[1] "Starting with initial values"
       mu  sigma.sq        bt 
3.8056005 0.1909035 1.0000000 
      step  negloglik         mu   sigma.sq         bt 
 1.0000000 33.4985862  2.2411737  0.1890438  2.4549962 
      step  negloglik         mu   sigma.sq         bt 
 2.0000000 33.4985862  2.2411737  0.1890438  2.4549962 
      step  negloglik         mu   sigma.sq         bt 
 3.0000000 33.4985862  2.2411737  0.1890438  2.4549962 
[1] "Now starting analysis"
[1] "Starting with initial values"
        mu   sigma.sq         SE 
3.80560053 0.19090354 0.09545177 
       step   negloglik          mu    sigma.sq          SE 
 1.00000000 22.61046069  4.11656650  0.04038667  0.07186514 
[1] "New improvement found, resetting step counter"
       step   negloglik          mu    sigma.sq          SE 
 2.00000000 22.53678028  3.99497072  0.03470538  0.06917003 
       step   negloglik          mu    sigma.sq          SE 
 3.00000000 22.53678028  3.99497072  0.03470538  0.06917003 
[1] "New improvement found, but slight; taking the best value, but not resetting the step counter"
       step   negloglik          mu    sigma.sq          SE 
 4.00000000 22.53416307  3.99957486  0.03558622  0.06971060 
[1] "Now starting analysis"
[1] "Starting with initial values"
       mu  sigma.sq 
3.8056005 0.1909035 
      step  negloglik         mu   sigma.sq 
 1.0000000 34.5294319  3.8056005  0.1909035 
      step  negloglik         mu   sigma.sq 
 2.0000000 34.5294319  3.8056005  0.1909035 
[1] "New improvement found, resetting step counter"
      step  negloglik         mu   sigma.sq 
 3.0000000 34.5143559  3.9336930  0.1960024 
      step  negloglik         mu   sigma.sq 
 4.0000000 34.5143559  3.9336930  0.1960024 
      step  negloglik         mu   sigma.sq 
 5.0000000 34.5143559  3.9336930  0.1960024 
