000 (066.378.000) 07/26 17:14:46 Job submitted from host: <160.36.155.106:9618?addrs=160.36.155.106-9618&noUDP&sock=27742_4872_4>
...
001 (066.378.000) 07/28 10:25:50 Job executing on host: <10.128.213.253:9618?addrs=10.128.213.253-9618&noUDP&sock=68980_1ef7_4>
...
006 (066.378.000) 07/28 10:25:58 Image size of job updated: 227864
	223  -  MemoryUsage of job (MB)
	227864  -  ResidentSetSize of job (KB)
...
006 (066.378.000) 07/28 10:30:58 Image size of job updated: 227880
	223  -  MemoryUsage of job (MB)
	227880  -  ResidentSetSize of job (KB)
...
006 (066.378.000) 07/28 10:45:59 Image size of job updated: 229956
	225  -  MemoryUsage of job (MB)
	229956  -  ResidentSetSize of job (KB)
...
005 (066.378.000) 07/28 11:20:12 Job terminated.
	(1) Normal termination (return value 0)
		Usr 0 00:54:16, Sys 0 00:00:00  -  Run Remote Usage
		Usr 0 00:00:00, Sys 0 00:00:00  -  Run Local Usage
		Usr 0 00:54:16, Sys 0 00:00:00  -  Total Remote Usage
		Usr 0 00:00:00, Sys 0 00:00:00  -  Total Local Usage
	27993  -  Run Bytes Sent By Job
	2422  -  Run Bytes Received By Job
	27993  -  Total Bytes Sent By Job
	2422  -  Total Bytes Received By Job
	Partitionable Resources :    Usage  Request Allocated 
	   Cpus                 :     1.00        1         1 
	   Disk (KB)            :    45           4    892965 
	   Memory (MB)          :   225           1       128 
...
