000 (066.1572.000) 07/26 17:14:46 Job submitted from host: <160.36.155.106:9618?addrs=160.36.155.106-9618&noUDP&sock=27742_4872_4>
...
012 (066.1572.000) 08/03 14:17:20 Job was held.
	via condor_hold (by user bomeara)
	Code 1 Subcode 0
...
013 (066.1572.000) 08/05 22:28:07 Job was released.
	via condor_release (by user bomeara)
...
012 (066.1572.000) 08/09 10:36:15 Job was held.
	via condor_hold (by user bomeara)
	Code 1 Subcode 0
...
013 (066.1572.000) 08/09 13:05:25 Job was released.
	via condor_release (by user bomeara)
...
001 (066.1572.000) 09/19 18:38:45 Job executing on host: <10.128.213.253:9618?addrs=10.128.213.253-9618&noUDP&sock=2289_a45f_4>
...
006 (066.1572.000) 09/19 18:38:53 Image size of job updated: 228432
	224  -  MemoryUsage of job (MB)
	228432  -  ResidentSetSize of job (KB)
...
006 (066.1572.000) 09/19 18:58:54 Image size of job updated: 231344
	226  -  MemoryUsage of job (MB)
	231344  -  ResidentSetSize of job (KB)
...
006 (066.1572.000) 09/19 19:36:36 Image size of job updated: 231356
	226  -  MemoryUsage of job (MB)
	231344  -  ResidentSetSize of job (KB)
...
005 (066.1572.000) 09/19 19:36:36 Job terminated.
	(1) Normal termination (return value 0)
		Usr 0 00:57:47, Sys 0 00:00:00  -  Run Remote Usage
		Usr 0 00:00:00, Sys 0 00:00:00  -  Run Local Usage
		Usr 0 00:57:47, Sys 0 00:00:00  -  Total Remote Usage
		Usr 0 00:00:00, Sys 0 00:00:00  -  Total Local Usage
	28094  -  Run Bytes Sent By Job
	2422  -  Run Bytes Received By Job
	28094  -  Total Bytes Sent By Job
	2422  -  Total Bytes Received By Job
	Partitionable Resources :    Usage  Request Allocated 
	   Cpus                 :     1.00        1         1 
	   Disk (KB)            :    45           4    892730 
	   Memory (MB)          :   226           1       128 
...
