[1] "args"
[1] "66"   "1609"
[1] "Now starting analysis"
[1] "Starting with initial values"
         mu    sigma.sq          SE          bt          vh 
1.293940078 0.012093631 0.006046816 1.000000000 0.006046816 
         step     negloglik            mu      sigma.sq            SE 
 1.000000e+00 -1.085952e+01  1.216194e+00  1.208131e-02  6.007175e-07 
           bt            vh 
 1.003879e+00  8.591570e-02 
[1] "New improvement found, resetting step counter"
         step     negloglik            mu      sigma.sq            SE 
 2.000000e+00 -1.174370e+01  1.283094e+00  1.208122e-02  4.295976e-07 
           bt            vh 
 1.853170e+00  3.609615e-03 
         step     negloglik            mu      sigma.sq            SE 
 3.000000e+00 -1.174370e+01  1.283094e+00  1.208122e-02  4.295976e-07 
           bt            vh 
 1.853170e+00  3.609615e-03 
         step     negloglik            mu      sigma.sq            SE 
 4.000000e+00 -1.174370e+01  1.283094e+00  1.208122e-02  4.295976e-07 
           bt            vh 
 1.853170e+00  3.609615e-03 
[1] "Now starting analysis"
[1] "Starting with initial values"
         mu    sigma.sq          bt          vh 
1.293940078 0.012093631 1.000000000 0.006046816 
         step     negloglik            mu      sigma.sq            bt 
  1.000000000 -11.746398890   1.175673384   0.012159126   2.113104343 
           vh 
  0.004377424 
[1] "New improvement found, but slight; taking the best value, but not resetting the step counter"
         step     negloglik            mu      sigma.sq            bt 
 2.000000e+00 -1.175600e+01  1.209404e+00  1.226827e-02  2.104969e+00 
           vh 
 1.530846e-05 
         step     negloglik            mu      sigma.sq            bt 
 3.000000e+00 -1.175600e+01  1.209404e+00  1.226827e-02  2.104969e+00 
           vh 
 1.530846e-05 
[1] "Now starting analysis"
[1] "Starting with initial values"
         mu    sigma.sq          SE          vh 
1.293940078 0.012093631 0.006046816 0.006046816 
         step     negloglik            mu      sigma.sq            SE 
 1.000000e+00 -1.081298e+01  1.224914e+00  1.151864e-02  1.579637e-06 
           vh 
 1.683334e-01 
[1] "New improvement found, resetting step counter"
         step     negloglik            mu      sigma.sq            SE 
 2.000000e+00 -1.085989e+01  1.338527e+00  1.151820e-02  1.203076e-07 
           vh 
 2.245283e-01 
         step     negloglik            mu      sigma.sq            SE 
 3.000000e+00 -1.085989e+01  1.338527e+00  1.151820e-02  1.203076e-07 
           vh 
 2.245283e-01 
         step     negloglik            mu      sigma.sq            SE 
 4.000000e+00 -1.085989e+01  1.338527e+00  1.151820e-02  1.203076e-07 
           vh 
 2.245283e-01 
[1] "Now starting analysis"
[1] "Starting with initial values"
         mu    sigma.sq          vh 
1.293940078 0.012093631 0.006046816 
        step    negloglik           mu     sigma.sq           vh 
  1.00000000 -10.93670324   1.30834527   0.01200939   0.19297735 
[1] "New improvement found, but slight; taking the best value, but not resetting the step counter"
        step    negloglik           mu     sigma.sq           vh 
  2.00000000 -10.94365584   1.36639457   0.01230752   0.16380364 
        step    negloglik           mu     sigma.sq           vh 
  3.00000000 -10.94365584   1.36639457   0.01230752   0.16380364 
[1] "Now starting analysis"
[1] "Starting with initial values"
         mu    sigma.sq          SE          bt 
1.293940078 0.012093631 0.006046816 1.000000000 
         step     negloglik            mu      sigma.sq            SE 
 1.000000e+00 -1.105163e+01  1.257970e+00  1.143170e-02  2.401120e-07 
           bt 
 1.161544e+00 
[1] "New improvement found, resetting step counter"
         step     negloglik            mu      sigma.sq            SE 
 2.000000e+00 -1.168292e+01  1.263957e+00  1.143191e-02  1.878140e-06 
           bt 
 2.003165e+00 
[1] "New improvement found, resetting step counter"
         step     negloglik            mu      sigma.sq            SE 
 3.000000e+00 -1.176271e+01  1.217820e+00  1.198559e-02  9.523567e-07 
           bt 
 1.992741e+00 
         step     negloglik            mu      sigma.sq            SE 
 4.000000e+00 -1.176271e+01  1.217820e+00  1.198559e-02  9.523567e-07 
           bt 
 1.992741e+00 
         step     negloglik            mu      sigma.sq            SE 
 5.000000e+00 -1.176271e+01  1.217820e+00  1.198559e-02  9.523567e-07 
           bt 
 1.992741e+00 
[1] "Now starting analysis"
[1] "Starting with initial values"
        mu   sigma.sq         bt 
1.29394008 0.01209363 1.00000000 
        step    negloglik           mu     sigma.sq           bt 
  1.00000000 -11.75747741   1.23880071   0.01187542   1.94227278 
        step    negloglik           mu     sigma.sq           bt 
  2.00000000 -11.75747741   1.23880071   0.01187542   1.94227278 
        step    negloglik           mu     sigma.sq           bt 
  3.00000000 -11.75747741   1.23880071   0.01187542   1.94227278 
[1] "Now starting analysis"
[1] "Starting with initial values"
         mu    sigma.sq          SE 
1.293940078 0.012093631 0.006046816 
         step     negloglik            mu      sigma.sq            SE 
 1.000000e+00 -1.086736e+01  1.433571e+00  1.229709e-02  4.852124e-07 
         step     negloglik            mu      sigma.sq            SE 
 2.000000e+00 -1.086736e+01  1.433571e+00  1.229709e-02  4.852124e-07 
         step     negloglik            mu      sigma.sq            SE 
 3.000000e+00 -1.086736e+01  1.433571e+00  1.229709e-02  4.852124e-07 
[1] "Now starting analysis"
[1] "Starting with initial values"
        mu   sigma.sq 
1.29394008 0.01209363 
        step    negloglik           mu     sigma.sq 
  1.00000000 -10.86359814   1.39485540   0.01244112 
        step    negloglik           mu     sigma.sq 
  2.00000000 -10.86359814   1.39485540   0.01244112 
        step    negloglik           mu     sigma.sq 
  3.00000000 -10.86359814   1.39485540   0.01244112 
