[1] "args"
[1] "66"  "839"
[1] "Now starting analysis"
[1] "Starting with initial values"
        mu   sigma.sq         SE         bt         vh 
2.04392593 0.07043125 0.03521563 1.00000000 0.03521563 
        step    negloglik           mu     sigma.sq           SE           bt 
1.000000e+00 3.239955e+01 7.640710e-01 8.446194e-03 5.233656e-02 1.943390e+00 
          vh 
2.687606e-04 
[1] "New improvement found, resetting step counter"
        step    negloglik           mu     sigma.sq           SE           bt 
 2.000000000 32.066043587  0.677459882  0.007835038  0.050110056  2.082038227 
          vh 
 0.002391419 
        step    negloglik           mu     sigma.sq           SE           bt 
 3.000000000 32.066043587  0.677459882  0.007835038  0.050110056  2.082038227 
          vh 
 0.002391419 
        step    negloglik           mu     sigma.sq           SE           bt 
 4.000000000 32.066043587  0.677459882  0.007835038  0.050110056  2.082038227 
          vh 
 0.002391419 
[1] "Now starting analysis"
[1] "Starting with initial values"
        mu   sigma.sq         bt         vh 
2.04392593 0.07043125 1.00000000 0.03521563 
        step    negloglik           mu     sigma.sq           bt           vh 
 1.000000000 62.109385618  1.539235617  0.066120828  1.995832393  0.002141822 
[1] "New improvement found, resetting step counter"
        step    negloglik           mu     sigma.sq           bt           vh 
 2.000000000 61.823511635  0.594137996  0.066260143  2.148448657  0.004778624 
        step    negloglik           mu     sigma.sq           bt           vh 
 3.000000000 61.823511635  0.594137996  0.066260143  2.148448657  0.004778624 
        step    negloglik           mu     sigma.sq           bt           vh 
 4.000000000 61.823511635  0.594137996  0.066260143  2.148448657  0.004778624 
[1] "Now starting analysis"
[1] "Starting with initial values"
        mu   sigma.sq         SE         vh 
2.04392593 0.07043125 0.03521563 0.03521563 
        step    negloglik           mu     sigma.sq           SE           vh 
 1.000000000 41.051643223  0.845908947  0.008464846  0.051393550  1.165050394 
[1] "New improvement found, resetting step counter"
        step    negloglik           mu     sigma.sq           SE           vh 
 2.000000000 41.036749623  0.884945069  0.007717497  0.051537571  1.204086516 
        step    negloglik           mu     sigma.sq           SE           vh 
 3.000000000 41.036749623  0.884945069  0.007717497  0.051537571  1.204086516 
        step    negloglik           mu     sigma.sq           SE           vh 
 4.000000000 41.036749623  0.884945069  0.007717497  0.051537571  1.204086516 
[1] "Now starting analysis"
[1] "Starting with initial values"
        mu   sigma.sq         vh 
2.04392593 0.07043125 0.03521563 
       step   negloglik          mu    sigma.sq          vh 
 1.00000000 66.03388978  1.92375065  0.06759246  0.46008727 
       step   negloglik          mu    sigma.sq          vh 
 2.00000000 66.03388978  1.92375065  0.06759246  0.46008727 
       step   negloglik          mu    sigma.sq          vh 
 3.00000000 66.03388978  1.92375065  0.06759246  0.46008727 
[1] "Now starting analysis"
[1] "Starting with initial values"
        mu   sigma.sq         SE         bt 
2.04392593 0.07043125 0.03521563 1.00000000 
        step    negloglik           mu     sigma.sq           SE           bt 
 1.000000000 31.940506995  0.803807408  0.005105526  0.062610788  2.056981235 
[1] "New improvement found, resetting step counter"
        step    negloglik           mu     sigma.sq           SE           bt 
 2.000000000 31.849401011  0.727560828  0.005851216  0.057078807  2.068504238 
        step    negloglik           mu     sigma.sq           SE           bt 
 3.000000000 31.849401011  0.727560828  0.005851216  0.057078807  2.068504238 
        step    negloglik           mu     sigma.sq           SE           bt 
 4.000000000 31.849401011  0.727560828  0.005851216  0.057078807  2.068504238 
[1] "Now starting analysis"
[1] "Starting with initial values"
        mu   sigma.sq         bt 
2.04392593 0.07043125 1.00000000 
       step   negloglik          mu    sigma.sq          bt 
 1.00000000 61.95194374  1.07281798  0.06194337  2.10993247 
[1] "New improvement found, resetting step counter"
       step   negloglik          mu    sigma.sq          bt 
 2.00000000 61.89220616  1.11103608  0.06450752  1.96060103 
[1] "New improvement found, resetting step counter"
       step   negloglik          mu    sigma.sq          bt 
 3.00000000 61.83513010  0.91012982  0.06400896  2.11210690 
       step   negloglik          mu    sigma.sq          bt 
 4.00000000 61.83513010  0.91012982  0.06400896  2.11210690 
       step   negloglik          mu    sigma.sq          bt 
 5.00000000 61.83513010  0.91012982  0.06400896  2.11210690 
[1] "Now starting analysis"
[1] "Starting with initial values"
        mu   sigma.sq         SE 
2.04392593 0.07043125 0.03521563 
       step   negloglik          mu    sigma.sq          SE 
 1.00000000 50.67180649  2.20456032  0.02742376  0.02684928 
       step   negloglik          mu    sigma.sq          SE 
 2.00000000 50.67180649  2.20456032  0.02742376  0.02684928 
       step   negloglik          mu    sigma.sq          SE 
 3.00000000 50.67180649  2.20456032  0.02742376  0.02684928 
[1] "Now starting analysis"
[1] "Starting with initial values"
        mu   sigma.sq 
2.04392593 0.07043125 
       step   negloglik          mu    sigma.sq 
 1.00000000 66.92888864  2.14452541  0.07362489 
       step   negloglik          mu    sigma.sq 
 2.00000000 66.92888864  2.14452541  0.07362489 
       step   negloglik          mu    sigma.sq 
 3.00000000 66.92888864  2.14452541  0.07362489 
