000 (066.458.000) 07/26 17:14:46 Job submitted from host: <160.36.155.106:9618?addrs=160.36.155.106-9618&noUDP&sock=27742_4872_4>
...
001 (066.458.000) 07/31 02:15:42 Job executing on host: <10.128.213.253:9618?addrs=10.128.213.253-9618&noUDP&sock=68980_1ef7_4>
...
006 (066.458.000) 07/31 02:15:51 Image size of job updated: 220596
	216  -  MemoryUsage of job (MB)
	220596  -  ResidentSetSize of job (KB)
...
006 (066.458.000) 07/31 02:20:51 Image size of job updated: 224860
	220  -  MemoryUsage of job (MB)
	224860  -  ResidentSetSize of job (KB)
...
006 (066.458.000) 07/31 14:47:09 Image size of job updated: 227380
	223  -  MemoryUsage of job (MB)
	227380  -  ResidentSetSize of job (KB)
...
006 (066.458.000) 08/01 07:28:52 Image size of job updated: 230388
	225  -  MemoryUsage of job (MB)
	230388  -  ResidentSetSize of job (KB)
...
022 (066.458.000) 08/01 10:00:36 Job disconnected, attempting to reconnect
    Socket between submit and execute hosts closed unexpectedly
    Trying to reconnect to slot1_12@omearaclusterh <10.128.213.253:9618?addrs=10.128.213.253-9618&noUDP&sock=68980_1ef7_4>
...
024 (066.458.000) 08/01 10:40:57 Job reconnection failed
    Job disconnected too long: JobLeaseDuration (2400 seconds) expired
    Can not reconnect to slot1_12@omearaclusterh, rescheduling job
...
001 (066.458.000) 08/01 16:52:23 Job executing on host: <10.128.213.253:9618?addrs=10.128.213.253-9618&noUDP&sock=68980_1ef7_4>
...
005 (066.458.000) 08/01 23:34:40 Job terminated.
	(1) Normal termination (return value 0)
		Usr 0 06:41:41, Sys 0 00:00:02  -  Run Remote Usage
		Usr 0 00:00:00, Sys 0 00:00:00  -  Run Local Usage
		Usr 0 06:41:41, Sys 0 00:00:02  -  Total Remote Usage
		Usr 0 00:00:00, Sys 0 00:00:00  -  Total Local Usage
	27913  -  Run Bytes Sent By Job
	2422  -  Run Bytes Received By Job
	27913  -  Total Bytes Sent By Job
	4844  -  Total Bytes Received By Job
	Partitionable Resources :    Usage  Request Allocated 
	   Cpus                 :     1.00        1         1 
	   Disk (KB)            :    46          75    892965 
	   Memory (MB)          :   245         245       256 
...
