000 (066.1706.000) 07/26 17:14:46 Job submitted from host: <160.36.155.106:9618?addrs=160.36.155.106-9618&noUDP&sock=27742_4872_4>
...
012 (066.1706.000) 08/03 14:17:27 Job was held.
	via condor_hold (by user bomeara)
	Code 1 Subcode 0
...
013 (066.1706.000) 08/05 22:28:13 Job was released.
	via condor_release (by user bomeara)
...
012 (066.1706.000) 08/09 10:36:24 Job was held.
	via condor_hold (by user bomeara)
	Code 1 Subcode 0
...
013 (066.1706.000) 08/09 13:05:32 Job was released.
	via condor_release (by user bomeara)
...
012 (066.1706.000) 09/23 13:37:59 Job was held.
	via condor_hold (by user bomeara)
	Code 1 Subcode 0
...
013 (066.1706.000) 09/24 14:49:48 Job was released.
	via condor_release (by user bomeara)
...
001 (066.1706.000) 09/30 20:37:47 Job executing on host: <10.131.171.171:9618?addrs=10.131.171.171-9618&noUDP&sock=2227_1d80_4>
...
006 (066.1706.000) 09/30 20:37:55 Image size of job updated: 220568
	216  -  MemoryUsage of job (MB)
	220568  -  ResidentSetSize of job (KB)
...
006 (066.1706.000) 09/30 20:42:55 Image size of job updated: 234584
	230  -  MemoryUsage of job (MB)
	234584  -  ResidentSetSize of job (KB)
...
006 (066.1706.000) 10/01 02:23:07 Image size of job updated: 440952
	230  -  MemoryUsage of job (MB)
	234584  -  ResidentSetSize of job (KB)
...
005 (066.1706.000) 10/01 02:23:07 Job terminated.
	(1) Normal termination (return value 0)
		Usr 0 05:44:41, Sys 0 00:00:03  -  Run Remote Usage
		Usr 0 00:00:00, Sys 0 00:00:00  -  Run Local Usage
		Usr 0 05:44:41, Sys 0 00:00:03  -  Total Remote Usage
		Usr 0 00:00:00, Sys 0 00:00:00  -  Total Local Usage
	28429  -  Run Bytes Sent By Job
	2422  -  Run Bytes Received By Job
	28429  -  Total Bytes Sent By Job
	2422  -  Total Bytes Received By Job
	Partitionable Resources :    Usage  Request Allocated 
	   Cpus                 :     1.00        1         1 
	   Disk (KB)            :    46           4    890607 
	   Memory (MB)          :   230           1       128 
...
