[1] "args"
[1] "66"   "1483"
[1] "Now starting analysis"
[1] "Starting with initial values"
        mu   sigma.sq         SE         bt         vh 
1.43670913 0.09595345 0.04797673 1.00000000 0.04797673 
        step    negloglik           mu     sigma.sq           SE           bt 
 1.000000000 42.246809440  1.454318193  0.009874415  0.054645969  1.084646553 
          vh 
 0.180945640 
[1] "New improvement found, resetting step counter"
        step    negloglik           mu     sigma.sq           SE           bt 
 2.000000000 39.143209512  0.883395128  0.007683407  0.061432917  4.423247986 
          vh 
 0.001183910 
        step    negloglik           mu     sigma.sq           SE           bt 
 3.000000000 39.143209512  0.883395128  0.007683407  0.061432917  4.423247986 
          vh 
 0.001183910 
        step    negloglik           mu     sigma.sq           SE           bt 
 4.000000000 39.143209512  0.883395128  0.007683407  0.061432917  4.423247986 
          vh 
 0.001183910 
[1] "Now starting analysis"
[1] "Starting with initial values"
        mu   sigma.sq         bt         vh 
1.43670913 0.09595345 1.00000000 0.04797673 
       step   negloglik          mu    sigma.sq          bt          vh 
 1.00000000 79.27945332  0.76795411  0.09696416  2.54659470  0.02971561 
[1] "New improvement found, resetting step counter"
       step   negloglik          mu    sigma.sq          bt          vh 
 2.00000000 79.22765347  1.02261358  0.09696416  2.54659470  0.02971561 
       step   negloglik          mu    sigma.sq          bt          vh 
 3.00000000 79.22765347  1.02261358  0.09696416  2.54659470  0.02971561 
       step   negloglik          mu    sigma.sq          bt          vh 
 4.00000000 79.22765347  1.02261358  0.09696416  2.54659470  0.02971561 
[1] "Now starting analysis"
[1] "Starting with initial values"
        mu   sigma.sq         SE         vh 
1.43670913 0.09595345 0.04797673 0.04797673 
        step    negloglik           mu     sigma.sq           SE           vh 
 1.000000000 42.265194183  1.554714214  0.009377561  0.050400009  0.472918874 
[1] "New improvement found, resetting step counter"
       step   negloglik          mu    sigma.sq          SE          vh 
 2.00000000 41.28728964  1.00946815  0.01054015  0.05503104  0.85917746 
[1] "New improvement found, resetting step counter"
        step    negloglik           mu     sigma.sq           SE           vh 
 3.000000000 41.035165749  1.071367122  0.007811621  0.062640736  1.044279635 
        step    negloglik           mu     sigma.sq           SE           vh 
 4.000000000 41.035165749  1.071367122  0.007811621  0.062640736  1.044279635 
        step    negloglik           mu     sigma.sq           SE           vh 
 5.000000000 41.035165749  1.071367122  0.007811621  0.062640736  1.044279635 
[1] "Now starting analysis"
[1] "Starting with initial values"
        mu   sigma.sq         vh 
1.43670913 0.09595345 0.04797673 
       step   negloglik          mu    sigma.sq          vh 
 1.00000000 79.77259342  1.58038004  0.09595345  0.04797673 
       step   negloglik          mu    sigma.sq          vh 
 2.00000000 79.77259342  1.58038004  0.09595345  0.04797673 
       step   negloglik          mu    sigma.sq          vh 
 3.00000000 79.77259342  1.58038004  0.09595345  0.04797673 
[1] "Now starting analysis"
[1] "Starting with initial values"
        mu   sigma.sq         SE         bt 
1.43670913 0.09595345 0.04797673 1.00000000 
       step   negloglik          mu    sigma.sq          SE          bt 
 1.00000000 43.05693834  1.35944254  0.01411449  0.04965145  1.25527306 
[1] "New improvement found, resetting step counter"
        step    negloglik           mu     sigma.sq           SE           bt 
 2.000000000 39.114260022  1.008888285  0.007536355  0.063382676  4.473231016 
        step    negloglik           mu     sigma.sq           SE           bt 
 3.000000000 39.114260022  1.008888285  0.007536355  0.063382676  4.473231016 
[1] "New improvement found, but slight; taking the best value, but not resetting the step counter"
        step    negloglik           mu     sigma.sq           SE           bt 
 4.000000000 39.110948265  0.996602882  0.006851446  0.063635414  3.925673849 
[1] "Now starting analysis"
[1] "Starting with initial values"
        mu   sigma.sq         bt 
1.43670913 0.09595345 1.00000000 
      step  negloglik         mu   sigma.sq         bt 
 1.0000000 79.3511968  0.7950400  0.1000275  2.3058699 
[1] "New improvement found, resetting step counter"
       step   negloglik          mu    sigma.sq          bt 
 2.00000000 79.28942637  0.87430430  0.09282161  2.38513421 
[1] "New improvement found, resetting step counter"
       step   negloglik          mu    sigma.sq          bt 
 3.00000000 79.19877880  1.12627124  0.09376226  2.66373965 
       step   negloglik          mu    sigma.sq          bt 
 4.00000000 79.19877880  1.12627124  0.09376226  2.66373965 
       step   negloglik          mu    sigma.sq          bt 
 5.00000000 79.19877880  1.12627124  0.09376226  2.66373965 
[1] "Now starting analysis"
[1] "Starting with initial values"
        mu   sigma.sq         SE 
1.43670913 0.09595345 0.04797673 
       step   negloglik          mu    sigma.sq          SE 
 1.00000000 44.23755938  1.58174218  0.01453275  0.04849451 
       step   negloglik          mu    sigma.sq          SE 
 2.00000000 44.23755938  1.58174218  0.01453275  0.04849451 
       step   negloglik          mu    sigma.sq          SE 
 3.00000000 44.23755938  1.58174218  0.01453275  0.04849451 
[1] "Now starting analysis"
[1] "Starting with initial values"
        mu   sigma.sq 
1.43670913 0.09595345 
       step   negloglik          mu    sigma.sq 
 1.00000000 79.77373676  1.58038004  0.09595345 
       step   negloglik          mu    sigma.sq 
 2.00000000 79.77373676  1.58038004  0.09595345 
       step   negloglik          mu    sigma.sq 
 3.00000000 79.77373676  1.58038004  0.09595345 
