000 (066.1795.000) 07/26 17:14:46 Job submitted from host: <160.36.155.106:9618?addrs=160.36.155.106-9618&noUDP&sock=27742_4872_4>
...
012 (066.1795.000) 08/03 14:17:31 Job was held.
	via condor_hold (by user bomeara)
	Code 1 Subcode 0
...
013 (066.1795.000) 08/05 22:28:18 Job was released.
	via condor_release (by user bomeara)
...
012 (066.1795.000) 08/09 10:36:30 Job was held.
	via condor_hold (by user bomeara)
	Code 1 Subcode 0
...
013 (066.1795.000) 08/09 13:05:36 Job was released.
	via condor_release (by user bomeara)
...
012 (066.1795.000) 09/23 13:38:05 Job was held.
	via condor_hold (by user bomeara)
	Code 1 Subcode 0
...
013 (066.1795.000) 09/24 14:49:57 Job was released.
	via condor_release (by user bomeara)
...
001 (066.1795.000) 10/03 17:02:10 Job executing on host: <10.128.78.255:9618?addrs=10.128.78.255-9618&noUDP&sock=2386_2d0f_4>
...
006 (066.1795.000) 10/03 17:02:18 Image size of job updated: 234364
	229  -  MemoryUsage of job (MB)
	234364  -  ResidentSetSize of job (KB)
...
006 (066.1795.000) 10/03 17:07:18 Image size of job updated: 247564
	242  -  MemoryUsage of job (MB)
	247564  -  ResidentSetSize of job (KB)
...
006 (066.1795.000) 10/03 18:52:30 Image size of job updated: 248944
	244  -  MemoryUsage of job (MB)
	248944  -  ResidentSetSize of job (KB)
...
006 (066.1795.000) 10/03 21:27:47 Image size of job updated: 249144
	244  -  MemoryUsage of job (MB)
	249144  -  ResidentSetSize of job (KB)
...
006 (066.1795.000) 10/04 00:28:07 Image size of job updated: 249444
	244  -  MemoryUsage of job (MB)
	249444  -  ResidentSetSize of job (KB)
...
006 (066.1795.000) 10/04 00:37:10 Image size of job updated: 455916
	244  -  MemoryUsage of job (MB)
	249444  -  ResidentSetSize of job (KB)
...
005 (066.1795.000) 10/04 00:37:10 Job terminated.
	(1) Normal termination (return value 0)
		Usr 0 07:34:07, Sys 0 00:00:05  -  Run Remote Usage
		Usr 0 00:00:00, Sys 0 00:00:00  -  Run Local Usage
		Usr 0 07:34:07, Sys 0 00:00:05  -  Total Remote Usage
		Usr 0 00:00:00, Sys 0 00:00:00  -  Total Local Usage
	31399  -  Run Bytes Sent By Job
	2422  -  Run Bytes Received By Job
	31399  -  Total Bytes Sent By Job
	2422  -  Total Bytes Received By Job
	Partitionable Resources :    Usage  Request Allocated 
	   Cpus                 :     0.99        1         1 
	   Disk (KB)            :    49           4    892794 
	   Memory (MB)          :   244           1       128 
...
