[1] "args"
[1] "66"   "1355"
[1] "Now starting analysis"
[1] "Starting with initial values"
       mu  sigma.sq        SE        bt        vh 
1.8291754 0.2601529 0.1300764 1.0000000 0.1300764 
       step   negloglik          mu    sigma.sq          SE          bt 
 1.00000000 55.90683988  2.03508332  0.01821297  0.06533241  1.27500568 
         vh 
 0.14416121 
[1] "New improvement found, resetting step counter"
        step    negloglik           mu     sigma.sq           SE           bt 
 2.000000000 53.954432894  1.221314094  0.018556931  0.067523677  1.752493711 
          vh 
 0.001812201 
        step    negloglik           mu     sigma.sq           SE           bt 
 3.000000000 53.954432894  1.221314094  0.018556931  0.067523677  1.752493711 
          vh 
 0.001812201 
        step    negloglik           mu     sigma.sq           SE           bt 
 4.000000000 53.954432894  1.221314094  0.018556931  0.067523677  1.752493711 
          vh 
 0.001812201 
[1] "Now starting analysis"
[1] "Starting with initial values"
       mu  sigma.sq        bt        vh 
1.8291754 0.2601529 1.0000000 0.1300764 
        step    negloglik           mu     sigma.sq           bt           vh 
  1.00000000 120.60198308   1.33528675   0.25224013   1.56717598   0.06628516 
[1] "New improvement found, resetting step counter"
        step    negloglik           mu     sigma.sq           bt           vh 
  2.00000000 120.58724445   1.33528675   0.25224013   1.72389358   0.06628516 
        step    negloglik           mu     sigma.sq           bt           vh 
  3.00000000 120.58724445   1.33528675   0.25224013   1.72389358   0.06628516 
        step    negloglik           mu     sigma.sq           bt           vh 
  4.00000000 120.58724445   1.33528675   0.25224013   1.72389358   0.06628516 
[1] "Now starting analysis"
[1] "Starting with initial values"
       mu  sigma.sq        SE        vh 
1.8291754 0.2601529 0.1300764 0.1300764 
       step   negloglik          mu    sigma.sq          SE          vh 
 1.00000000 57.03227668  1.82907260  0.01726111  0.06844931  0.34829543 
[1] "New improvement found, resetting step counter"
       step   negloglik          mu    sigma.sq          SE          vh 
 2.00000000 56.80161837  1.53138091  0.01782069  0.07058703  0.25615680 
       step   negloglik          mu    sigma.sq          SE          vh 
 3.00000000 56.80161837  1.53138091  0.01782069  0.07058703  0.25615680 
       step   negloglik          mu    sigma.sq          SE          vh 
 4.00000000 56.80161837  1.53138091  0.01782069  0.07058703  0.25615680 
[1] "Now starting analysis"
[1] "Starting with initial values"
       mu  sigma.sq        vh 
1.8291754 0.2601529 0.1300764 
       step   negloglik          mu    sigma.sq          vh 
  1.0000000 120.9279849   1.8291754   0.2601529   0.1300764 
       step   negloglik          mu    sigma.sq          vh 
  2.0000000 120.9279849   1.8291754   0.2601529   0.1300764 
       step   negloglik          mu    sigma.sq          vh 
  3.0000000 120.9279849   1.8291754   0.2601529   0.1300764 
[1] "Now starting analysis"
[1] "Starting with initial values"
       mu  sigma.sq        SE        bt 
1.8291754 0.2601529 0.1300764 1.0000000 
       step   negloglik          mu    sigma.sq          SE          bt 
 1.00000000 55.75057424  2.05152130  0.01937703  0.06297494  1.29003929 
[1] "New improvement found, resetting step counter"
       step   negloglik          mu    sigma.sq          SE          bt 
 2.00000000 53.87496911  1.16861113  0.01724646  0.06982339  1.80233170 
       step   negloglik          mu    sigma.sq          SE          bt 
 3.00000000 53.87496911  1.16861113  0.01724646  0.06982339  1.80233170 
       step   negloglik          mu    sigma.sq          SE          bt 
 4.00000000 53.87496911  1.16861113  0.01724646  0.06982339  1.80233170 
[1] "Now starting analysis"
[1] "Starting with initial values"
       mu  sigma.sq        bt 
1.8291754 0.2601529 1.0000000 
       step   negloglik          mu    sigma.sq          bt 
  1.0000000 120.5317754   1.4252325   0.2525313   1.7545349 
       step   negloglik          mu    sigma.sq          bt 
  2.0000000 120.5317754   1.4252325   0.2525313   1.7545349 
       step   negloglik          mu    sigma.sq          bt 
  3.0000000 120.5317754   1.4252325   0.2525313   1.7545349 
[1] "Now starting analysis"
[1] "Starting with initial values"
       mu  sigma.sq        SE 
1.8291754 0.2601529 0.1300764 
       step   negloglik          mu    sigma.sq          SE 
 1.00000000 57.75660465  1.98003635  0.02148699  0.06625239 
[1] "New improvement found, resetting step counter"
       step   negloglik          mu    sigma.sq          SE 
 2.00000000 57.71895260  1.81490481  0.02087308  0.06712332 
       step   negloglik          mu    sigma.sq          SE 
 3.00000000 57.71895260  1.81490481  0.02087308  0.06712332 
       step   negloglik          mu    sigma.sq          SE 
 4.00000000 57.71895260  1.81490481  0.02087308  0.06712332 
[1] "Now starting analysis"
[1] "Starting with initial values"
       mu  sigma.sq 
1.8291754 0.2601529 
       step   negloglik          mu    sigma.sq 
  1.0000000 120.8348472   1.8291754   0.2601529 
       step   negloglik          mu    sigma.sq 
  2.0000000 120.8348472   1.8291754   0.2601529 
       step   negloglik          mu    sigma.sq 
  3.0000000 120.8348472   1.8291754   0.2601529 
