000 (066.571.000) 07/26 17:14:46 Job submitted from host: <160.36.155.106:9618?addrs=160.36.155.106-9618&noUDP&sock=27742_4872_4>
...
001 (066.571.000) 08/01 16:56:14 Job executing on host: <10.128.121.58:9618?addrs=10.128.121.58-9618&noUDP&sock=2263_cee9_4>
...
006 (066.571.000) 08/01 16:56:22 Image size of job updated: 235560
	231  -  MemoryUsage of job (MB)
	235560  -  ResidentSetSize of job (KB)
...
006 (066.571.000) 08/01 17:01:22 Image size of job updated: 246548
	241  -  MemoryUsage of job (MB)
	246548  -  ResidentSetSize of job (KB)
...
006 (066.571.000) 08/02 03:27:25 Image size of job updated: 249224
	244  -  MemoryUsage of job (MB)
	249224  -  ResidentSetSize of job (KB)
...
006 (066.571.000) 08/02 03:42:27 Image size of job updated: 249296
	244  -  MemoryUsage of job (MB)
	249296  -  ResidentSetSize of job (KB)
...
022 (066.571.000) 08/02 16:20:19 Job disconnected, attempting to reconnect
    Socket between submit and execute hosts closed unexpectedly
    Trying to reconnect to slot1_24@omearaclustere <10.128.121.58:9618?addrs=10.128.121.58-9618&noUDP&sock=2263_cee9_4>
...
024 (066.571.000) 08/02 17:00:21 Job reconnection failed
    Job disconnected too long: JobLeaseDuration (2400 seconds) expired
    Can not reconnect to slot1_24@omearaclustere, rescheduling job
...
012 (066.571.000) 08/03 14:17:33 Job was held.
	via condor_hold (by user bomeara)
	Code 1 Subcode 0
...
013 (066.571.000) 08/05 22:28:19 Job was released.
	via condor_release (by user bomeara)
...
001 (066.571.000) 08/05 22:32:41 Job executing on host: <10.129.167.211:9618?addrs=10.129.167.211-9618&noUDP&sock=2276_b9a4_4>
...
005 (066.571.000) 08/07 04:30:06 Job terminated.
	(1) Normal termination (return value 0)
		Usr 1 05:52:59, Sys 0 00:00:16  -  Run Remote Usage
		Usr 0 00:00:00, Sys 0 00:00:00  -  Run Local Usage
		Usr 1 05:52:59, Sys 0 00:00:16  -  Total Remote Usage
		Usr 0 00:00:00, Sys 0 00:00:00  -  Total Local Usage
	30907  -  Run Bytes Sent By Job
	2422  -  Run Bytes Received By Job
	30907  -  Total Bytes Sent By Job
	4844  -  Total Bytes Received By Job
	Partitionable Resources :    Usage  Request Allocated 
	   Cpus                 :     1.00        1         1 
	   Disk (KB)            :    49          75    892167 
	   Memory (MB)          :   245         245       256 
...
