[1] "args"
[1] "66"   "1773"
[1] "Now starting analysis"
[1] "Starting with initial values"
        mu   sigma.sq         SE         bt         vh 
1.76454127 0.11532983 0.05766491 1.00000000 0.05766491 
        step    negloglik           mu     sigma.sq           SE           bt 
 1.000000000 40.859539555  1.630390930  0.006365164  0.064444243  1.332693588 
          vh 
 0.540884745 
[1] "New improvement found, resetting step counter"
        step    negloglik           mu     sigma.sq           SE           bt 
2.000000e+00 3.815466e+01 1.301004e+00 7.058151e-03 6.704353e-02 1.900835e+00 
          vh 
1.713965e-04 
[1] "New improvement found, resetting step counter"
        step    negloglik           mu     sigma.sq           SE           bt 
 3.000000000 37.609597060  0.691357893  0.005323249  0.070143504  2.229478757 
          vh 
 0.003980092 
[1] "New improvement found, resetting step counter"
        step    negloglik           mu     sigma.sq           SE           bt 
 4.000000000 37.321866612  0.794074951  0.006450420  0.065133518  2.145433008 
          vh 
 0.001183756 
        step    negloglik           mu     sigma.sq           SE           bt 
 5.000000000 37.321866612  0.794074951  0.006450420  0.065133518  2.145433008 
          vh 
 0.001183756 
        step    negloglik           mu     sigma.sq           SE           bt 
 6.000000000 37.321866612  0.794074951  0.006450420  0.065133518  2.145433008 
          vh 
 0.001183756 
[1] "Now starting analysis"
[1] "Starting with initial values"
        mu   sigma.sq         bt         vh 
1.76454127 0.11532983 1.00000000 0.05766491 
        step    negloglik           mu     sigma.sq           bt           vh 
 1.000000000 91.127588760  0.904926060  0.119493286  1.995191024  0.002097052 
        step    negloglik           mu     sigma.sq           bt           vh 
 2.000000000 91.127588760  0.904926060  0.119493286  1.995191024  0.002097052 
        step    negloglik           mu     sigma.sq           bt           vh 
 3.000000000 91.127588760  0.904926060  0.119493286  1.995191024  0.002097052 
[1] "Now starting analysis"
[1] "Starting with initial values"
        mu   sigma.sq         SE         vh 
1.76454127 0.11532983 0.05766491 0.05766491 
        step    negloglik           mu     sigma.sq           SE           vh 
 1.000000000 42.477336022  1.805539694  0.006866616  0.065010531  0.313937591 
[1] "New improvement found, resetting step counter"
        step    negloglik           mu     sigma.sq           SE           vh 
 2.000000000 41.947797822  1.424319128  0.007283392  0.063565986  0.600578819 
        step    negloglik           mu     sigma.sq           SE           vh 
 3.000000000 41.947797822  1.424319128  0.007283392  0.063565986  0.600578819 
[1] "New improvement found, resetting step counter"
        step    negloglik           mu     sigma.sq           SE           vh 
 4.000000000 41.914721059  1.529881426  0.006922367  0.067158052  0.743211687 
        step    negloglik           mu     sigma.sq           SE           vh 
 5.000000000 41.914721059  1.529881426  0.006922367  0.067158052  0.743211687 
[1] "New improvement found, resetting step counter"
        step    negloglik           mu     sigma.sq           SE           vh 
 6.000000000 41.901728534  1.472547947  0.006491122  0.065297873  0.674571355 
        step    negloglik           mu     sigma.sq           SE           vh 
 7.000000000 41.901728534  1.472547947  0.006491122  0.065297873  0.674571355 
        step    negloglik           mu     sigma.sq           SE           vh 
 8.000000000 41.901728534  1.472547947  0.006491122  0.065297873  0.674571355 
[1] "Now starting analysis"
[1] "Starting with initial values"
        mu   sigma.sq         vh 
1.76454127 0.11532983 0.05766491 
      step  negloglik         mu   sigma.sq         vh 
 1.0000000 92.5447574  1.7645413  0.1153298  0.2341190 
      step  negloglik         mu   sigma.sq         vh 
 2.0000000 92.5447574  1.7645413  0.1153298  0.2341190 
[1] "New improvement found, but slight; taking the best value, but not resetting the step counter"
      step  negloglik         mu   sigma.sq         vh 
 3.0000000 92.5425922  1.8339282  0.1157479  0.2477253 
[1] "Now starting analysis"
[1] "Starting with initial values"
        mu   sigma.sq         SE         bt 
1.76454127 0.11532983 0.05766491 1.00000000 
        step    negloglik           mu     sigma.sq           SE           bt 
 1.000000000 38.491601369  0.706334570  0.007340849  0.062644847  1.736469957 
[1] "New improvement found, resetting step counter"
        step    negloglik           mu     sigma.sq           SE           bt 
 2.000000000 37.185156658  0.873963968  0.006779138  0.066059012  1.989205884 
[1] "New improvement found, resetting step counter"
        step    negloglik           mu     sigma.sq           SE           bt 
 3.000000000 37.146992737  0.831907242  0.006126356  0.065983924  2.032865249 
        step    negloglik           mu     sigma.sq           SE           bt 
 4.000000000 37.146992737  0.831907242  0.006126356  0.065983924  2.032865249 
        step    negloglik           mu     sigma.sq           SE           bt 
 5.000000000 37.146992737  0.831907242  0.006126356  0.065983924  2.032865249 
[1] "Now starting analysis"
[1] "Starting with initial values"
       mu  sigma.sq        bt 
1.7645413 0.1153298 1.0000000 
      step  negloglik         mu   sigma.sq         bt 
 1.0000000 91.0938761  0.7428501  0.1131514  2.1066506 
      step  negloglik         mu   sigma.sq         bt 
 2.0000000 91.0938761  0.7428501  0.1131514  2.1066506 
      step  negloglik         mu   sigma.sq         bt 
 3.0000000 91.0938761  0.7428501  0.1131514  2.1066506 
[1] "Now starting analysis"
[1] "Starting with initial values"
        mu   sigma.sq         SE 
1.76454127 0.11532983 0.05766491 
       step   negloglik          mu    sigma.sq          SE 
 1.00000000 49.47534644  2.11501779  0.01501204  0.06324016 
[1] "New improvement found, resetting step counter"
       step   negloglik          mu    sigma.sq          SE 
 2.00000000 49.30156310  1.86361382  0.01428038  0.06152551 
       step   negloglik          mu    sigma.sq          SE 
 3.00000000 49.30156310  1.86361382  0.01428038  0.06152551 
[1] "New improvement found, but slight; taking the best value, but not resetting the step counter"
       step   negloglik          mu    sigma.sq          SE 
 4.00000000 49.30055472  1.87253068  0.01403119  0.06046656 
[1] "Now starting analysis"
[1] "Starting with initial values"
       mu  sigma.sq 
1.7645413 0.1153298 
     step negloglik        mu  sigma.sq 
 1.000000 92.577859  1.850011  0.120844 
     step negloglik        mu  sigma.sq 
 2.000000 92.577859  1.850011  0.120844 
     step negloglik        mu  sigma.sq 
 3.000000 92.577859  1.850011  0.120844 
