000 (066.619.000) 07/26 17:14:46 Job submitted from host: <160.36.155.106:9618?addrs=160.36.155.106-9618&noUDP&sock=27742_4872_4>
...
001 (066.619.000) 08/01 23:42:17 Job executing on host: <10.128.213.253:9618?addrs=10.128.213.253-9618&noUDP&sock=68980_1ef7_4>
...
006 (066.619.000) 08/01 23:42:26 Image size of job updated: 234648
	230  -  MemoryUsage of job (MB)
	234648  -  ResidentSetSize of job (KB)
...
006 (066.619.000) 08/01 23:47:26 Image size of job updated: 250504
	245  -  MemoryUsage of job (MB)
	250504  -  ResidentSetSize of job (KB)
...
005 (066.619.000) 08/02 12:56:34 Job terminated.
	(1) Normal termination (return value 0)
		Usr 0 13:13:04, Sys 0 00:00:05  -  Run Remote Usage
		Usr 0 00:00:00, Sys 0 00:00:00  -  Run Local Usage
		Usr 0 13:13:04, Sys 0 00:00:05  -  Total Remote Usage
		Usr 0 00:00:00, Sys 0 00:00:00  -  Total Local Usage
	31841  -  Run Bytes Sent By Job
	2422  -  Run Bytes Received By Job
	31841  -  Total Bytes Sent By Job
	2422  -  Total Bytes Received By Job
	Partitionable Resources :    Usage  Request Allocated 
	   Cpus                 :     1.00        1         1 
	   Disk (KB)            :    49           4    892965 
	   Memory (MB)          :   245           1       128 
...
