[1] "args"
[1] "66"   "1103"
[1] "Now starting analysis"
[1] "Starting with initial values"
         mu    sigma.sq          SE          bt          vh 
2.908950927 0.014487698 0.007243849 1.000000000 0.007243849 
         step     negloglik            mu      sigma.sq            SE 
 1.000000e+00 -2.852937e+01  1.755770e+00  1.112919e-02  1.621659e-04 
           bt            vh 
 1.761649e+00  1.803130e-05 
[1] "New improvement found, resetting step counter"
         step     negloglik            mu      sigma.sq            SE 
 2.000000e+00 -2.887096e+01  1.447345e+00  1.107854e-02  5.283712e-06 
           bt            vh 
 1.794900e+00  8.269932e-03 
         step     negloglik            mu      sigma.sq            SE 
 3.000000e+00 -2.887096e+01  1.447345e+00  1.107854e-02  5.283712e-06 
           bt            vh 
 1.794900e+00  8.269932e-03 
         step     negloglik            mu      sigma.sq            SE 
 4.000000e+00 -2.887096e+01  1.447345e+00  1.107854e-02  5.283712e-06 
           bt            vh 
 1.794900e+00  8.269932e-03 
[1] "Now starting analysis"
[1] "Starting with initial values"
         mu    sigma.sq          bt          vh 
2.908950927 0.014487698 1.000000000 0.007243849 
         step     negloglik            mu      sigma.sq            bt 
  1.000000000 -28.821318604   1.545241397   0.010435422   1.798450591 
           vh 
  0.002771489 
[1] "New improvement found, resetting step counter"
         step     negloglik            mu      sigma.sq            bt 
  2.000000000 -28.884008851   1.415179433   0.010521488   1.811988333 
           vh 
  0.004462683 
[1] "New improvement found, but slight; taking the best value, but not resetting the step counter"
         step     negloglik            mu      sigma.sq            bt 
  3.000000000 -28.889324862   1.367776795   0.010712419   1.824106581 
           vh 
  0.001915532 
[1] "New improvement found, but slight; taking the best value, but not resetting the step counter"
         step     negloglik            mu      sigma.sq            bt 
  4.000000000 -28.897178691   1.474293937   0.010982287   1.798183172 
           vh 
  0.000314244 
[1] "Now starting analysis"
[1] "Starting with initial values"
         mu    sigma.sq          SE          vh 
2.908950927 0.014487698 0.007243849 0.007243849 
         step     negloglik            mu      sigma.sq            SE 
 1.000000e+00 -2.139518e+01  1.348736e+00  1.093218e-02  4.428969e-06 
           vh 
 9.212624e-01 
         step     negloglik            mu      sigma.sq            SE 
 2.000000e+00 -2.139518e+01  1.348736e+00  1.093218e-02  4.428969e-06 
           vh 
 9.212624e-01 
         step     negloglik            mu      sigma.sq            SE 
 3.000000e+00 -2.139518e+01  1.348736e+00  1.093218e-02  4.428969e-06 
           vh 
 9.212624e-01 
[1] "Now starting analysis"
[1] "Starting with initial values"
         mu    sigma.sq          vh 
2.908950927 0.014487698 0.007243849 
        step    negloglik           mu     sigma.sq           vh 
  1.00000000 -21.11602468   1.38054843   0.01127865   1.41505669 
[1] "New improvement found, resetting step counter"
        step    negloglik           mu     sigma.sq           vh 
  2.00000000 -21.39084890   1.40509662   0.01100739   0.93647361 
[1] "New improvement found, but slight; taking the best value, but not resetting the step counter"
        step    negloglik           mu     sigma.sq           vh 
  3.00000000 -21.39354466   1.32652288   0.01097266   0.91244074 
        step    negloglik           mu     sigma.sq           vh 
  4.00000000 -21.39354466   1.32652288   0.01097266   0.91244074 
[1] "Now starting analysis"
[1] "Starting with initial values"
         mu    sigma.sq          SE          bt 
2.908950927 0.014487698 0.007243849 1.000000000 
         step     negloglik            mu      sigma.sq            SE 
 1.000000e+00 -2.890414e+01  1.444778e+00  1.080296e-02  5.921329e-07 
           bt 
 1.788378e+00 
         step     negloglik            mu      sigma.sq            SE 
 2.000000e+00 -2.890414e+01  1.444778e+00  1.080296e-02  5.921329e-07 
           bt 
 1.788378e+00 
         step     negloglik            mu      sigma.sq            SE 
 3.000000e+00 -2.890414e+01  1.444778e+00  1.080296e-02  5.921329e-07 
           bt 
 1.788378e+00 
[1] "Now starting analysis"
[1] "Starting with initial values"
       mu  sigma.sq        bt 
2.9089509 0.0144877 1.0000000 
        step    negloglik           mu     sigma.sq           bt 
  1.00000000 -28.90536267   1.46039854   0.01080513   1.79197414 
        step    negloglik           mu     sigma.sq           bt 
  2.00000000 -28.90536267   1.46039854   0.01080513   1.79197414 
        step    negloglik           mu     sigma.sq           bt 
  3.00000000 -28.90536267   1.46039854   0.01080513   1.79197414 
[1] "Now starting analysis"
[1] "Starting with initial values"
         mu    sigma.sq          SE 
2.908950927 0.014487698 0.007243849 
         step     negloglik            mu      sigma.sq            SE 
 1.000000e+00 -8.095188e+00  3.023246e+00  1.561637e-02  4.471211e-08 
[1] "New improvement found, resetting step counter"
         step     negloglik            mu      sigma.sq            SE 
 2.000000e+00 -8.352654e+00  3.325571e+00  1.561637e-02  4.471211e-08 
         step     negloglik            mu      sigma.sq            SE 
 3.000000e+00 -8.352654e+00  3.325571e+00  1.561637e-02  4.471211e-08 
         step     negloglik            mu      sigma.sq            SE 
 4.000000e+00 -8.352654e+00  3.325571e+00  1.561637e-02  4.471211e-08 
[1] "Now starting analysis"
[1] "Starting with initial values"
       mu  sigma.sq 
2.9089509 0.0144877 
       step   negloglik          mu    sigma.sq 
 1.00000000 -8.40387982  3.33370355  0.01629092 
       step   negloglik          mu    sigma.sq 
 2.00000000 -8.40387982  3.33370355  0.01629092 
       step   negloglik          mu    sigma.sq 
 3.00000000 -8.40387982  3.33370355  0.01629092 
