000 (066.098.000) 07/26 17:14:45 Job submitted from host: <160.36.155.106:9618?addrs=160.36.155.106-9618&noUDP&sock=27742_4872_4>
...
001 (066.098.000) 07/26 17:14:53 Job executing on host: <10.130.210.206:9618?addrs=10.130.210.206-9618&noUDP&sock=76684_6c96_4>
...
006 (066.098.000) 07/26 17:15:01 Image size of job updated: 220488
	216  -  MemoryUsage of job (MB)
	220488  -  ResidentSetSize of job (KB)
...
006 (066.098.000) 07/26 17:20:01 Image size of job updated: 226484
	222  -  MemoryUsage of job (MB)
	226484  -  ResidentSetSize of job (KB)
...
006 (066.098.000) 07/27 08:21:35 Image size of job updated: 226540
	222  -  MemoryUsage of job (MB)
	226540  -  ResidentSetSize of job (KB)
...
005 (066.098.000) 07/27 12:01:15 Job terminated.
	(1) Normal termination (return value 1)
		Usr 0 18:44:52, Sys 0 00:00:08  -  Run Remote Usage
		Usr 0 00:00:00, Sys 0 00:00:00  -  Run Local Usage
		Usr 0 18:44:52, Sys 0 00:00:08  -  Total Remote Usage
		Usr 0 00:00:00, Sys 0 00:00:00  -  Total Local Usage
	2002  -  Run Bytes Sent By Job
	2422  -  Run Bytes Received By Job
	2002  -  Total Bytes Sent By Job
	2422  -  Total Bytes Received By Job
	Partitionable Resources :    Usage  Request Allocated 
	   Cpus                 :     1.00        1         1 
	   Disk (KB)            :    20           4    813884 
	   Memory (MB)          :   222           1       128 
...
