000 (066.1689.000) 07/26 17:14:46 Job submitted from host: <160.36.155.106:9618?addrs=160.36.155.106-9618&noUDP&sock=27742_4872_4>
...
012 (066.1689.000) 08/03 14:17:26 Job was held.
	via condor_hold (by user bomeara)
	Code 1 Subcode 0
...
013 (066.1689.000) 08/05 22:28:13 Job was released.
	via condor_release (by user bomeara)
...
012 (066.1689.000) 08/09 10:36:23 Job was held.
	via condor_hold (by user bomeara)
	Code 1 Subcode 0
...
013 (066.1689.000) 08/09 13:05:31 Job was released.
	via condor_release (by user bomeara)
...
012 (066.1689.000) 09/23 13:37:58 Job was held.
	via condor_hold (by user bomeara)
	Code 1 Subcode 0
...
013 (066.1689.000) 09/24 14:49:47 Job was released.
	via condor_release (by user bomeara)
...
001 (066.1689.000) 09/29 11:22:11 Job executing on host: <10.129.199.164:9618?addrs=10.129.199.164-9618&noUDP&sock=2250_e42e_4>
...
006 (066.1689.000) 09/29 11:22:19 Image size of job updated: 243112
	238  -  MemoryUsage of job (MB)
	243112  -  ResidentSetSize of job (KB)
...
006 (066.1689.000) 09/29 11:27:19 Image size of job updated: 243252
	238  -  MemoryUsage of job (MB)
	243252  -  ResidentSetSize of job (KB)
...
006 (066.1689.000) 09/29 11:37:20 Image size of job updated: 243268
	238  -  MemoryUsage of job (MB)
	243268  -  ResidentSetSize of job (KB)
...
006 (066.1689.000) 10/01 19:33:09 Image size of job updated: 243312
	238  -  MemoryUsage of job (MB)
	243312  -  ResidentSetSize of job (KB)
...
006 (066.1689.000) 10/02 20:15:45 Image size of job updated: 247752
	242  -  MemoryUsage of job (MB)
	247752  -  ResidentSetSize of job (KB)
...
006 (066.1689.000) 10/03 02:06:20 Image size of job updated: 248180
	243  -  MemoryUsage of job (MB)
	248180  -  ResidentSetSize of job (KB)
...
022 (066.1689.000) 10/04 13:16:16 Job disconnected, attempting to reconnect
    Socket between submit and execute hosts closed unexpectedly
    Trying to reconnect to slot1_12@omearaclusteri <10.129.199.164:9618?addrs=10.129.199.164-9618&noUDP&sock=2250_e42e_4>
...
024 (066.1689.000) 10/04 13:56:16 Job reconnection failed
    Job disconnected too long: JobLeaseDuration (2400 seconds) expired
    Can not reconnect to slot1_12@omearaclusteri, rescheduling job
...
001 (066.1689.000) 10/06 03:56:29 Job executing on host: <10.128.147.77:9618?addrs=10.128.147.77-9618&noUDP&sock=2387_dca7_4>
...
005 (066.1689.000) 10/08 19:44:04 Job terminated.
	(1) Normal termination (return value 1)
		Usr 2 15:38:22, Sys 0 00:00:19  -  Run Remote Usage
		Usr 0 00:00:00, Sys 0 00:00:00  -  Run Local Usage
		Usr 2 15:38:22, Sys 0 00:00:19  -  Total Remote Usage
		Usr 0 00:00:00, Sys 0 00:00:00  -  Total Local Usage
	2426  -  Run Bytes Sent By Job
	2422  -  Run Bytes Received By Job
	2426  -  Total Bytes Sent By Job
	4844  -  Total Bytes Received By Job
	Partitionable Resources :    Usage  Request Allocated 
	   Cpus                 :     0.99        1         1 
	   Disk (KB)            :    21          75    888593 
	   Memory (MB)          :   245         245       256 
...
