[1] "args"
[1] "66"  "399"
[1] "Now starting analysis"
[1] "Starting with initial values"
        mu   sigma.sq         SE         bt         vh 
1.12283783 0.13523264 0.06761632 1.00000000 0.06761632 
        step    negloglik           mu     sigma.sq           SE           bt 
 1.000000000 49.244946692  1.238407064  0.006121781  0.093486662  1.020368398 
          vh 
 0.124490932 
[1] "New improvement found, resetting step counter"
        step    negloglik           mu     sigma.sq           SE           bt 
 2.000000000 48.991932992  1.290108172  0.005944503  0.088719076  0.870418822 
          vh 
 0.028934322 
[1] "New improvement found, resetting step counter"
        step    negloglik           mu     sigma.sq           SE           bt 
 3.000000000 48.846014204  1.331044649  0.007011647  0.089392473  0.824796545 
          vh 
 0.001600696 
        step    negloglik           mu     sigma.sq           SE           bt 
 4.000000000 48.846014204  1.331044649  0.007011647  0.089392473  0.824796545 
          vh 
 0.001600696 
        step    negloglik           mu     sigma.sq           SE           bt 
 5.000000000 48.846014204  1.331044649  0.007011647  0.089392473  0.824796545 
          vh 
 0.001600696 
[1] "Now starting analysis"
[1] "Starting with initial values"
        mu   sigma.sq         bt         vh 
1.12283783 0.13523264 1.00000000 0.06761632 
       step   negloglik          mu    sigma.sq          bt          vh 
 1.00000000 94.28856926  1.23512161  0.13523264  1.00000000  0.06761632 
[1] "New improvement found, resetting step counter"
        step    negloglik           mu     sigma.sq           bt           vh 
 2.000000000 94.178136118  1.373245433  0.135044171  0.906538520  0.008530781 
        step    negloglik           mu     sigma.sq           bt           vh 
 3.000000000 94.178136118  1.373245433  0.135044171  0.906538520  0.008530781 
        step    negloglik           mu     sigma.sq           bt           vh 
 4.000000000 94.178136118  1.373245433  0.135044171  0.906538520  0.008530781 
[1] "Now starting analysis"
[1] "Starting with initial values"
        mu   sigma.sq         SE         vh 
1.12283783 0.13523264 0.06761632 0.06761632 
        step    negloglik           mu     sigma.sq           SE           vh 
 1.000000000 49.216799463  1.213178254  0.005708979  0.090136261  0.116948148 
[1] "New improvement found, resetting step counter"
        step    negloglik           mu     sigma.sq           SE           vh 
 2.000000000 49.145953012  1.220432704  0.005861991  0.091500124  0.070592916 
[1] "New improvement found, resetting step counter"
        step    negloglik           mu     sigma.sq           SE           vh 
 3.000000000 49.121899302  1.226280316  0.006736992  0.090990640  0.065642634 
        step    negloglik           mu     sigma.sq           SE           vh 
 4.000000000 49.121899302  1.226280316  0.006736992  0.090990640  0.065642634 
        step    negloglik           mu     sigma.sq           SE           vh 
 5.000000000 49.121899302  1.226280316  0.006736992  0.090990640  0.065642634 
[1] "Now starting analysis"
[1] "Starting with initial values"
        mu   sigma.sq         vh 
1.12283783 0.13523264 0.06761632 
       step   negloglik          mu    sigma.sq          vh 
 1.00000000 94.28856926  1.23512161  0.13523264  0.06761632 
       step   negloglik          mu    sigma.sq          vh 
 2.00000000 94.28856926  1.23512161  0.13523264  0.06761632 
       step   negloglik          mu    sigma.sq          vh 
 3.00000000 94.28856926  1.23512161  0.13523264  0.06761632 
[1] "Now starting analysis"
[1] "Starting with initial values"
        mu   sigma.sq         SE         bt 
1.12283783 0.13523264 0.06761632 1.00000000 
        step    negloglik           mu     sigma.sq           SE           bt 
 1.000000000 49.405285911  1.261698451  0.008328448  0.083339354  1.043482806 
[1] "New improvement found, resetting step counter"
        step    negloglik           mu     sigma.sq           SE           bt 
 2.000000000 48.847530305  1.371112124  0.007954138  0.086865701  0.761121480 
        step    negloglik           mu     sigma.sq           SE           bt 
 3.000000000 48.847530305  1.371112124  0.007954138  0.086865701  0.761121480 
        step    negloglik           mu     sigma.sq           SE           bt 
 4.000000000 48.847530305  1.371112124  0.007954138  0.086865701  0.761121480 
[1] "Now starting analysis"
[1] "Starting with initial values"
       mu  sigma.sq        bt 
1.1228378 0.1352326 1.0000000 
      step  negloglik         mu   sigma.sq         bt 
 1.0000000 94.1991004  1.2351216  0.1352326  1.0000000 
      step  negloglik         mu   sigma.sq         bt 
 2.0000000 94.1991004  1.2351216  0.1352326  1.0000000 
      step  negloglik         mu   sigma.sq         bt 
 3.0000000 94.1991004  1.2351216  0.1352326  1.0000000 
[1] "Now starting analysis"
[1] "Starting with initial values"
        mu   sigma.sq         SE 
1.12283783 0.13523264 0.06761632 
        step    negloglik           mu     sigma.sq           SE 
 1.000000000 49.291895088  1.357346463  0.007900718  0.086931952 
[1] "New improvement found, resetting step counter"
        step    negloglik           mu     sigma.sq           SE 
 2.000000000 49.197528434  1.207228744  0.007864572  0.085570990 
[1] "New improvement found, but slight; taking the best value, but not resetting the step counter"
       step   negloglik          mu    sigma.sq          SE 
 3.00000000 49.19354637  1.21335059  0.00770986  0.08853532 
       step   negloglik          mu    sigma.sq          SE 
 4.00000000 49.19354637  1.21335059  0.00770986  0.08853532 
[1] "Now starting analysis"
[1] "Starting with initial values"
       mu  sigma.sq 
1.1228378 0.1352326 
      step  negloglik         mu   sigma.sq 
 1.0000000 94.1991004  1.2351216  0.1352326 
      step  negloglik         mu   sigma.sq 
 2.0000000 94.1991004  1.2351216  0.1352326 
      step  negloglik         mu   sigma.sq 
 3.0000000 94.1991004  1.2351216  0.1352326 
