[1] "args"
[1] "66"   "1739"
[1] "Now starting analysis"
[1] "Starting with initial values"
         mu    sigma.sq          SE          bt          vh 
2.383891247 0.016596794 0.008298397 1.000000000 0.008298397 
         step     negloglik            mu      sigma.sq            SE 
 1.000000e+00 -2.502201e+01  9.650504e-01  1.137826e-02  4.230997e-05 
           bt            vh 
 1.952918e+00  1.360723e-04 
[1] "New improvement found, resetting step counter"
         step     negloglik            mu      sigma.sq            SE 
 2.000000e+00 -2.573801e+01  1.083005e+00  1.137062e-02  1.300524e-05 
           bt            vh 
 2.088878e+00  1.526456e-04 
[1] "New improvement found, resetting step counter"
         step     negloglik            mu      sigma.sq            SE 
 3.000000e+00 -2.588592e+01  1.218250e+00  1.093340e-02  1.325588e-04 
           bt            vh 
 2.111072e+00  2.359047e-04 
         step     negloglik            mu      sigma.sq            SE 
 4.000000e+00 -2.588592e+01  1.218250e+00  1.093340e-02  1.325588e-04 
           bt            vh 
 2.111072e+00  2.359047e-04 
         step     negloglik            mu      sigma.sq            SE 
 5.000000e+00 -2.588592e+01  1.218250e+00  1.093340e-02  1.325588e-04 
           bt            vh 
 2.111072e+00  2.359047e-04 
[1] "Now starting analysis"
[1] "Starting with initial values"
         mu    sigma.sq          bt          vh 
2.383891247 0.016596794 1.000000000 0.008298397 
         step     negloglik            mu      sigma.sq            bt 
 1.000000e+00 -2.572221e+01  1.188255e+00  1.016186e-02  2.064757e+00 
           vh 
 4.372911e-04 
[1] "New improvement found, resetting step counter"
         step     negloglik            mu      sigma.sq            bt 
  2.000000000 -25.741523248   1.263046917   0.010455754   2.111950294 
           vh 
  0.009841093 
[1] "New improvement found, resetting step counter"
         step     negloglik            mu      sigma.sq            bt 
 3.000000e+00 -2.590879e+01  1.247917e+00  1.117631e-02  2.124849e+00 
           vh 
 7.010037e-05 
         step     negloglik            mu      sigma.sq            bt 
 4.000000e+00 -2.590879e+01  1.247917e+00  1.117631e-02  2.124849e+00 
           vh 
 7.010037e-05 
         step     negloglik            mu      sigma.sq            bt 
 5.000000e+00 -2.590879e+01  1.247917e+00  1.117631e-02  2.124849e+00 
           vh 
 7.010037e-05 
[1] "Now starting analysis"
[1] "Starting with initial values"
         mu    sigma.sq          SE          vh 
2.383891247 0.016596794 0.008298397 0.008298397 
         step     negloglik            mu      sigma.sq            SE 
 1.000000e+00 -1.702822e+01  9.473428e-01  1.112044e-02  1.265889e-05 
           vh 
 8.853394e-01 
[1] "New improvement found, resetting step counter"
         step     negloglik            mu      sigma.sq            SE 
 2.000000e+00 -1.714196e+01  9.952792e-01  1.112007e-02  1.062162e-05 
           vh 
 1.147816e+00 
         step     negloglik            mu      sigma.sq            SE 
 3.000000e+00 -1.714196e+01  9.952792e-01  1.112007e-02  1.062162e-05 
           vh 
 1.147816e+00 
         step     negloglik            mu      sigma.sq            SE 
 4.000000e+00 -1.714196e+01  9.952792e-01  1.112007e-02  1.062162e-05 
           vh 
 1.147816e+00 
[1] "Now starting analysis"
[1] "Starting with initial values"
         mu    sigma.sq          vh 
2.383891247 0.016596794 0.008298397 
        step    negloglik           mu     sigma.sq           vh 
  1.00000000 -17.14062606   0.99475956   0.01107853   1.20613017 
        step    negloglik           mu     sigma.sq           vh 
  2.00000000 -17.14062606   0.99475956   0.01107853   1.20613017 
        step    negloglik           mu     sigma.sq           vh 
  3.00000000 -17.14062606   0.99475956   0.01107853   1.20613017 
[1] "Now starting analysis"
[1] "Starting with initial values"
         mu    sigma.sq          SE          bt 
2.383891247 0.016596794 0.008298397 1.000000000 
         step     negloglik            mu      sigma.sq            SE 
 1.000000e+00 -2.530287e+01  1.662120e+00  1.062619e-02  8.170757e-05 
           bt 
 2.121374e+00 
[1] "New improvement found, resetting step counter"
         step     negloglik            mu      sigma.sq            SE 
 2.000000e+00 -2.591775e+01  1.268240e+00  1.061827e-02  6.072449e-05 
           bt 
 2.115793e+00 
         step     negloglik            mu      sigma.sq            SE 
 3.000000e+00 -2.591775e+01  1.268240e+00  1.061827e-02  6.072449e-05 
           bt 
 2.115793e+00 
         step     negloglik            mu      sigma.sq            SE 
 4.000000e+00 -2.591775e+01  1.268240e+00  1.061827e-02  6.072449e-05 
           bt 
 2.115793e+00 
[1] "Now starting analysis"
[1] "Starting with initial values"
        mu   sigma.sq         bt 
2.38389125 0.01659679 1.00000000 
        step    negloglik           mu     sigma.sq           bt 
  1.00000000 -25.92538143   1.26626322   0.01093036   2.11891392 
        step    negloglik           mu     sigma.sq           bt 
  2.00000000 -25.92538143   1.26626322   0.01093036   2.11891392 
[1] "New improvement found, but slight; taking the best value, but not resetting the step counter"
        step    negloglik           mu     sigma.sq           bt 
  3.00000000 -25.92621407   1.25681801   0.01092722   2.11336302 
[1] "Now starting analysis"
[1] "Starting with initial values"
         mu    sigma.sq          SE 
2.383891247 0.016596794 0.008298397 
         step     negloglik            mu      sigma.sq            SE 
 1.000000e+00 -6.009342e+00  2.152283e+00  1.540721e-02  3.310137e-07 
[1] "New improvement found, resetting step counter"
         step     negloglik            mu      sigma.sq            SE 
 2.000000e+00 -6.110312e+00  2.367511e+00  1.540721e-02  3.310137e-07 
[1] "New improvement found, resetting step counter"
         step     negloglik            mu      sigma.sq            SE 
 3.000000e+00 -6.169501e+00  2.348531e+00  1.645968e-02  3.340475e-07 
[1] "New improvement found, but slight; taking the best value, but not resetting the step counter"
         step     negloglik            mu      sigma.sq            SE 
 4.000000e+00 -6.173054e+00  2.343239e+00  1.636668e-02  3.142341e-07 
         step     negloglik            mu      sigma.sq            SE 
 5.000000e+00 -6.173054e+00  2.343239e+00  1.636668e-02  3.142341e-07 
[1] "Now starting analysis"
[1] "Starting with initial values"
        mu   sigma.sq 
2.38389125 0.01659679 
      step  negloglik         mu   sigma.sq 
 1.0000000 -6.1732104  2.3286099  0.0163458 
[1] "New improvement found, but slight; taking the best value, but not resetting the step counter"
       step   negloglik          mu    sigma.sq 
 2.00000000 -6.17382443  2.32691503  0.01609708 
       step   negloglik          mu    sigma.sq 
 3.00000000 -6.17382443  2.32691503  0.01609708 
