000 (066.1248.000) 07/26 17:14:46 Job submitted from host: <160.36.155.106:9618?addrs=160.36.155.106-9618&noUDP&sock=27742_4872_4>
...
012 (066.1248.000) 08/03 14:17:03 Job was held.
	via condor_hold (by user bomeara)
	Code 1 Subcode 0
...
013 (066.1248.000) 08/05 22:27:50 Job was released.
	via condor_release (by user bomeara)
...
012 (066.1248.000) 08/09 10:35:54 Job was held.
	via condor_hold (by user bomeara)
	Code 1 Subcode 0
...
013 (066.1248.000) 08/09 13:05:08 Job was released.
	via condor_release (by user bomeara)
...
001 (066.1248.000) 08/31 04:35:40 Job executing on host: <10.130.107.8:9618?addrs=10.130.107.8-9618&noUDP&sock=69199_5635_4>
...
006 (066.1248.000) 08/31 04:35:48 Image size of job updated: 231312
	226  -  MemoryUsage of job (MB)
	231312  -  ResidentSetSize of job (KB)
...
006 (066.1248.000) 08/31 04:40:48 Image size of job updated: 231328
	226  -  MemoryUsage of job (MB)
	231328  -  ResidentSetSize of job (KB)
...
005 (066.1248.000) 08/31 06:14:57 Job terminated.
	(1) Normal termination (return value 0)
		Usr 0 01:39:08, Sys 0 00:00:00  -  Run Remote Usage
		Usr 0 00:00:00, Sys 0 00:00:00  -  Run Local Usage
		Usr 0 01:39:08, Sys 0 00:00:00  -  Total Remote Usage
		Usr 0 00:00:00, Sys 0 00:00:00  -  Total Local Usage
	28181  -  Run Bytes Sent By Job
	2422  -  Run Bytes Received By Job
	28181  -  Total Bytes Sent By Job
	2422  -  Total Bytes Received By Job
	Partitionable Resources :    Usage  Request Allocated 
	   Cpus                 :     1.00        1         1 
	   Disk (KB)            :    46           4    888358 
	   Memory (MB)          :   226           1       128 
...
