[1] "args"
[1] "66" "47"
[1] "Now starting analysis"
[1] "Starting with initial values"
        mu   sigma.sq         SE         bt         vh 
2.33366358 0.07687875 0.03843938 1.00000000 0.03843938 
       step   negloglik          mu    sigma.sq          SE          bt 
 1.00000000 48.32089912  1.14887872  0.01074895  0.06672051  1.62326264 
         vh 
 1.30963345 
[1] "New improvement found, resetting step counter"
        step    negloglik           mu     sigma.sq           SE           bt 
 2.000000000 44.163449530  1.318094579  0.013220661  0.055666660  2.215973374 
          vh 
 0.001497633 
        step    negloglik           mu     sigma.sq           SE           bt 
 3.000000000 44.163449530  1.318094579  0.013220661  0.055666660  2.215973374 
          vh 
 0.001497633 
[1] "New improvement found, resetting step counter"
        step    negloglik           mu     sigma.sq           SE           bt 
4.000000e+00 4.407443e+01 1.110006e+00 1.014349e-02 7.190068e-02 2.351629e+00 
          vh 
7.617467e-05 
[1] "New improvement found, resetting step counter"
        step    negloglik           mu     sigma.sq           SE           bt 
 5.000000000 43.979979540  0.969550146  0.012064625  0.058760949  2.277590811 
          vh 
 0.009805609 
        step    negloglik           mu     sigma.sq           SE           bt 
 6.000000000 43.979979540  0.969550146  0.012064625  0.058760949  2.277590811 
          vh 
 0.009805609 
        step    negloglik           mu     sigma.sq           SE           bt 
 7.000000000 43.979979540  0.969550146  0.012064625  0.058760949  2.277590811 
          vh 
 0.009805609 
[1] "Now starting analysis"
[1] "Starting with initial values"
        mu   sigma.sq         bt         vh 
2.33366358 0.07687875 1.00000000 0.03843938 
       step   negloglik          mu    sigma.sq          bt          vh 
 1.00000000 68.21166994  1.77537989  0.07600777  2.30335701  0.01243024 
[1] "New improvement found, resetting step counter"
       step   negloglik          mu    sigma.sq          bt          vh 
 2.00000000 67.88493154  1.39508400  0.07185179  2.21619448  0.01127581 
[1] "New improvement found, resetting step counter"
        step    negloglik           mu     sigma.sq           bt           vh 
 3.000000000 67.827199384  1.235031926  0.075112118  2.096079219  0.007021611 
        step    negloglik           mu     sigma.sq           bt           vh 
 4.000000000 67.827199384  1.235031926  0.075112118  2.096079219  0.007021611 
        step    negloglik           mu     sigma.sq           bt           vh 
 5.000000000 67.827199384  1.235031926  0.075112118  2.096079219  0.007021611 
[1] "Now starting analysis"
[1] "Starting with initial values"
        mu   sigma.sq         SE         vh 
2.33366358 0.07687875 0.03843938 0.03843938 
       step   negloglik          mu    sigma.sq          SE          vh 
 1.00000000 50.06423635  1.12166392  0.01121623  0.06399244  1.20492861 
[1] "New improvement found, resetting step counter"
       step   negloglik          mu    sigma.sq          SE          vh 
 2.00000000 50.04913240  1.09174900  0.01154026  0.06304352  1.28044494 
       step   negloglik          mu    sigma.sq          SE          vh 
 3.00000000 50.04913240  1.09174900  0.01154026  0.06304352  1.28044494 
       step   negloglik          mu    sigma.sq          SE          vh 
 4.00000000 50.04913240  1.09174900  0.01154026  0.06304352  1.28044494 
[1] "Now starting analysis"
[1] "Starting with initial values"
        mu   sigma.sq         vh 
2.33366358 0.07687875 0.03843938 
      step  negloglik         mu   sigma.sq         vh 
 1.0000000 71.4707137  2.2044208  0.0756633  0.3759293 
      step  negloglik         mu   sigma.sq         vh 
 2.0000000 71.4707137  2.2044208  0.0756633  0.3759293 
[1] "New improvement found, but slight; taking the best value, but not resetting the step counter"
       step   negloglik          mu    sigma.sq          vh 
 3.00000000 71.46888919  2.18269960  0.07822528  0.45462561 
[1] "Now starting analysis"
[1] "Starting with initial values"
        mu   sigma.sq         SE         bt 
2.33366358 0.07687875 0.03843938 1.00000000 
       step   negloglik          mu    sigma.sq          SE          bt 
 1.00000000 44.05961585  1.20271008  0.01084410  0.06917008  2.33427969 
[1] "New improvement found, resetting step counter"
      step  negloglik         mu   sigma.sq         SE         bt 
 2.0000000 43.8789687  1.1049250  0.0113291  0.0613621  2.3457370 
[1] "New improvement found, resetting step counter"
       step   negloglik          mu    sigma.sq          SE          bt 
 3.00000000 43.83153139  1.01620059  0.01114515  0.06430892  2.28177389 
       step   negloglik          mu    sigma.sq          SE          bt 
 4.00000000 43.83153139  1.01620059  0.01114515  0.06430892  2.28177389 
[1] "New improvement found, but slight; taking the best value, but not resetting the step counter"
       step   negloglik          mu    sigma.sq          SE          bt 
 5.00000000 43.82469134  1.09143241  0.01109528  0.06185028  2.28049154 
[1] "Now starting analysis"
[1] "Starting with initial values"
        mu   sigma.sq         bt 
2.33366358 0.07687875 1.00000000 
       step   negloglik          mu    sigma.sq          bt 
 1.00000000 67.80790061  1.17621026  0.07371258  2.03695873 
[1] "New improvement found, resetting step counter"
       step   negloglik          mu    sigma.sq          bt 
 2.00000000 67.78510888  1.17621026  0.07371258  2.24065460 
       step   negloglik          mu    sigma.sq          bt 
 3.00000000 67.78510888  1.17621026  0.07371258  2.24065460 
       step   negloglik          mu    sigma.sq          bt 
 4.00000000 67.78510888  1.17621026  0.07371258  2.24065460 
[1] "Now starting analysis"
[1] "Starting with initial values"
        mu   sigma.sq         SE 
2.33366358 0.07687875 0.03843938 
       step   negloglik          mu    sigma.sq          SE 
 1.00000000 58.36433523  2.30322540  0.02743557  0.04855183 
       step   negloglik          mu    sigma.sq          SE 
 2.00000000 58.36433523  2.30322540  0.02743557  0.04855183 
       step   negloglik          mu    sigma.sq          SE 
 3.00000000 58.36433523  2.30322540  0.02743557  0.04855183 
[1] "Now starting analysis"
[1] "Starting with initial values"
        mu   sigma.sq 
2.33366358 0.07687875 
       step   negloglik          mu    sigma.sq 
 1.00000000 71.87787701  2.33366358  0.07687875 
       step   negloglik          mu    sigma.sq 
 2.00000000 71.87787701  2.33366358  0.07687875 
       step   negloglik          mu    sigma.sq 
 3.00000000 71.87787701  2.33366358  0.07687875 
