[1] "args"
[1] "66"  "791"
[1] "Now starting analysis"
[1] "Starting with initial values"
       mu  sigma.sq        SE        bt        vh 
2.0787763 0.2149911 0.1074956 1.0000000 0.1074956 
       step   negloglik          mu    sigma.sq          SE          bt 
 1.00000000 40.98632078  1.82414259  0.01111593  0.04704817  1.93819539 
         vh 
 0.23963480 
[1] "New improvement found, resetting step counter"
        step    negloglik           mu     sigma.sq           SE           bt 
2.000000e+00 3.936175e+01 7.074825e-01 1.223067e-02 4.754464e-02 2.092232e+00 
          vh 
3.709583e-04 
        step    negloglik           mu     sigma.sq           SE           bt 
3.000000e+00 3.936175e+01 7.074825e-01 1.223067e-02 4.754464e-02 2.092232e+00 
          vh 
3.709583e-04 
        step    negloglik           mu     sigma.sq           SE           bt 
4.000000e+00 3.936175e+01 7.074825e-01 1.223067e-02 4.754464e-02 2.092232e+00 
          vh 
3.709583e-04 
[1] "Now starting analysis"
[1] "Starting with initial values"
       mu  sigma.sq        bt        vh 
2.0787763 0.2149911 1.0000000 0.1074956 
        step    negloglik           mu     sigma.sq           bt           vh 
  1.00000000 113.71965596   1.87625264   0.21061849   1.53096056   0.08301701 
[1] "New improvement found, resetting step counter"
        step    negloglik           mu     sigma.sq           bt           vh 
  2.00000000 113.56604915   1.77310970   0.20973670   1.70925552   0.01807707 
        step    negloglik           mu     sigma.sq           bt           vh 
  3.00000000 113.56604915   1.77310970   0.20973670   1.70925552   0.01807707 
        step    negloglik           mu     sigma.sq           bt           vh 
  4.00000000 113.56604915   1.77310970   0.20973670   1.70925552   0.01807707 
[1] "Now starting analysis"
[1] "Starting with initial values"
       mu  sigma.sq        SE        vh 
2.0787763 0.2149911 0.1074956 0.1074956 
       step   negloglik          mu    sigma.sq          SE          vh 
 1.00000000 46.62471826  2.04472383  0.01170011  0.05063602  0.43970849 
[1] "New improvement found, resetting step counter"
       step   negloglik          mu    sigma.sq          SE          vh 
 2.00000000 45.20718109  2.20241735  0.01069355  0.04864804  1.23815466 
[1] "New improvement found, resetting step counter"
        step    negloglik           mu     sigma.sq           SE           vh 
 3.000000000 45.085955092  1.790832481  0.009861063  0.049498955  1.566111975 
        step    negloglik           mu     sigma.sq           SE           vh 
 4.000000000 45.085955092  1.790832481  0.009861063  0.049498955  1.566111975 
[1] "New improvement found, resetting step counter"
       step   negloglik          mu    sigma.sq          SE          vh 
 5.00000000 45.05110204  1.87139238  0.01035159  0.04787859  1.43602067 
       step   negloglik          mu    sigma.sq          SE          vh 
 6.00000000 45.05110204  1.87139238  0.01035159  0.04787859  1.43602067 
       step   negloglik          mu    sigma.sq          SE          vh 
 7.00000000 45.05110204  1.87139238  0.01035159  0.04787859  1.43602067 
[1] "Now starting analysis"
[1] "Starting with initial values"
       mu  sigma.sq        vh 
2.0787763 0.2149911 0.1074956 
       step   negloglik          mu    sigma.sq          vh 
  1.0000000 114.5004063   2.0787763   0.2149911   0.1074956 
       step   negloglik          mu    sigma.sq          vh 
  2.0000000 114.5004063   2.0787763   0.2149911   0.1074956 
       step   negloglik          mu    sigma.sq          vh 
  3.0000000 114.5004063   2.0787763   0.2149911   0.1074956 
[1] "Now starting analysis"
[1] "Starting with initial values"
       mu  sigma.sq        SE        bt 
2.0787763 0.2149911 0.1074956 1.0000000 
       step   negloglik          mu    sigma.sq          SE          bt 
 1.00000000 41.96630931  1.77547075  0.01526112  0.04254839  1.90947944 
[1] "New improvement found, resetting step counter"
       step   negloglik          mu    sigma.sq          SE          bt 
 2.00000000 39.33465041  0.82193487  0.01227748  0.04470639  2.03542192 
       step   negloglik          mu    sigma.sq          SE          bt 
 3.00000000 39.33465041  0.82193487  0.01227748  0.04470639  2.03542192 
[1] "New improvement found, resetting step counter"
       step   negloglik          mu    sigma.sq          SE          bt 
 4.00000000 39.32214554  0.74122963  0.01173892  0.04643415  2.03305219 
       step   negloglik          mu    sigma.sq          SE          bt 
 5.00000000 39.32214554  0.74122963  0.01173892  0.04643415  2.03305219 
[1] "New improvement found, but slight; taking the best value, but not resetting the step counter"
       step   negloglik          mu    sigma.sq          SE          bt 
 6.00000000 39.32109688  0.78556913  0.01194502  0.04607091  2.04718280 
[1] "Now starting analysis"
[1] "Starting with initial values"
       mu  sigma.sq        bt 
2.0787763 0.2149911 1.0000000 
       step   negloglik          mu    sigma.sq          bt 
  1.0000000 113.5196556   1.7178777   0.2121039   1.8401721 
       step   negloglik          mu    sigma.sq          bt 
  2.0000000 113.5196556   1.7178777   0.2121039   1.8401721 
[1] "New improvement found, resetting step counter"
       step   negloglik          mu    sigma.sq          bt 
  3.0000000 113.4766111   1.5715161   0.2154419   1.8493766 
       step   negloglik          mu    sigma.sq          bt 
  4.0000000 113.4766111   1.5715161   0.2154419   1.8493766 
[1] "New improvement found, resetting step counter"
       step   negloglik          mu    sigma.sq          bt 
  5.0000000 113.4534106   1.4705384   0.2115066   1.8782946 
[1] "New improvement found, resetting step counter"
       step   negloglik          mu    sigma.sq          bt 
  6.0000000 113.4430306   1.1865048   0.2174287   2.1314221 
[1] "New improvement found, but slight; taking the best value, but not resetting the step counter"
       step   negloglik          mu    sigma.sq          bt 
  7.0000000 113.4348160   1.3695307   0.2139732   1.9460833 
       step   negloglik          mu    sigma.sq          bt 
  8.0000000 113.4348160   1.3695307   0.2139732   1.9460833 
[1] "Now starting analysis"
[1] "Starting with initial values"
       mu  sigma.sq        SE 
2.0787763 0.2149911 0.1074956 
       step   negloglik          mu    sigma.sq          SE 
 1.00000000 50.51421408  1.87095656  0.02299045  0.03947923 
[1] "New improvement found, resetting step counter"
       step   negloglik          mu    sigma.sq          SE 
 2.00000000 50.44543996  2.05805221  0.02299045  0.03947923 
       step   negloglik          mu    sigma.sq          SE 
 3.00000000 50.44543996  2.05805221  0.02299045  0.03947923 
       step   negloglik          mu    sigma.sq          SE 
 4.00000000 50.44543996  2.05805221  0.02299045  0.03947923 
[1] "Now starting analysis"
[1] "Starting with initial values"
       mu  sigma.sq 
2.0787763 0.2149911 
       step   negloglik          mu    sigma.sq 
  1.0000000 114.3968532   2.0787763   0.2149911 
       step   negloglik          mu    sigma.sq 
  2.0000000 114.3968532   2.0787763   0.2149911 
       step   negloglik          mu    sigma.sq 
  3.0000000 114.3968532   2.0787763   0.2149911 
