[1] "args"
[1] "66"  "671"
[1] "Now starting analysis"
[1] "Starting with initial values"
         mu    sigma.sq          SE          bt          vh 
2.192637920 0.010727783 0.005363891 1.000000000 0.005363891 
         step     negloglik            mu      sigma.sq            SE 
 1.000000e+00 -4.849730e+01  1.773339e+00  7.387526e-03  6.255526e-06 
           bt            vh 
 1.703373e+00  2.204761e-01 
[1] "New improvement found, resetting step counter"
         step     negloglik            mu      sigma.sq            SE 
 2.000000e+00 -4.967728e+01  1.117834e+00  7.402041e-03  4.039755e-05 
           bt            vh 
 1.853574e+00  8.501474e-02 
         step     negloglik            mu      sigma.sq            SE 
 3.000000e+00 -4.967728e+01  1.117834e+00  7.402041e-03  4.039755e-05 
           bt            vh 
 1.853574e+00  8.501474e-02 
[1] "New improvement found, but slight; taking the best value, but not resetting the step counter"
         step     negloglik            mu      sigma.sq            SE 
 4.000000e+00 -4.968712e+01  1.033255e+00  7.583330e-03  1.972287e-05 
           bt            vh 
 1.884672e+00  9.259914e-02 
[1] "Now starting analysis"
[1] "Starting with initial values"
         mu    sigma.sq          bt          vh 
2.192637920 0.010727783 1.000000000 0.005363891 
         step     negloglik            mu      sigma.sq            bt 
  1.000000000 -47.260777959   2.194211275   0.006870914   1.537096217 
           vh 
  0.214588142 
[1] "New improvement found, resetting step counter"
        step    negloglik           mu     sigma.sq           bt           vh 
  2.00000000 -49.72617609   1.13459081   0.00706088   1.87233959   0.08178403 
[1] "New improvement found, resetting step counter"
         step     negloglik            mu      sigma.sq            bt 
  3.000000000 -49.766512101   1.019765927   0.007055778   1.877323656 
           vh 
  0.089175728 
         step     negloglik            mu      sigma.sq            bt 
  4.000000000 -49.766512101   1.019765927   0.007055778   1.877323656 
           vh 
  0.089175728 
         step     negloglik            mu      sigma.sq            bt 
  5.000000000 -49.766512101   1.019765927   0.007055778   1.877323656 
           vh 
  0.089175728 
[1] "Now starting analysis"
[1] "Starting with initial values"
         mu    sigma.sq          SE          vh 
2.192637920 0.010727783 0.005363891 0.005363891 
         step     negloglik            mu      sigma.sq            SE 
 1.000000e+00 -4.507653e+01  1.928023e+00  6.988916e-03  3.538906e-07 
           vh 
 5.068259e-01 
         step     negloglik            mu      sigma.sq            SE 
 2.000000e+00 -4.507653e+01  1.928023e+00  6.988916e-03  3.538906e-07 
           vh 
 5.068259e-01 
         step     negloglik            mu      sigma.sq            SE 
 3.000000e+00 -4.507653e+01  1.928023e+00  6.988916e-03  3.538906e-07 
           vh 
 5.068259e-01 
[1] "Now starting analysis"
[1] "Starting with initial values"
         mu    sigma.sq          vh 
2.192637920 0.010727783 0.005363891 
         step     negloglik            mu      sigma.sq            vh 
  1.000000000 -45.086352040   1.993027256   0.007246988   0.568178492 
[1] "New improvement found, but slight; taking the best value, but not resetting the step counter"
        step    negloglik           mu     sigma.sq           vh 
  2.00000000 -45.08924175   1.99124584   0.00705506   0.57193326 
        step    negloglik           mu     sigma.sq           vh 
  3.00000000 -45.08924175   1.99124584   0.00705506   0.57193326 
[1] "Now starting analysis"
[1] "Starting with initial values"
         mu    sigma.sq          SE          bt 
2.192637920 0.010727783 0.005363891 1.000000000 
         step     negloglik            mu      sigma.sq            SE 
 1.000000e+00 -4.891994e+01  8.968051e-01  7.628064e-03  3.247662e-05 
           bt 
 1.982665e+00 
[1] "New improvement found, resetting step counter"
         step     negloglik            mu      sigma.sq            SE 
 2.000000e+00 -4.897351e+01  9.080231e-01  7.619468e-03  2.728122e-06 
           bt 
 1.972659e+00 
[1] "New improvement found, but slight; taking the best value, but not resetting the step counter"
         step     negloglik            mu      sigma.sq            SE 
 3.000000e+00 -4.898101e+01  9.098024e-01  7.718338e-03  4.840407e-06 
           bt 
 1.978643e+00 
         step     negloglik            mu      sigma.sq            SE 
 4.000000e+00 -4.898101e+01  9.098024e-01  7.718338e-03  4.840407e-06 
           bt 
 1.978643e+00 
[1] "Now starting analysis"
[1] "Starting with initial values"
        mu   sigma.sq         bt 
2.19263792 0.01072778 1.00000000 
         step     negloglik            mu      sigma.sq            bt 
  1.000000000 -48.988313040   0.914049975   0.007702205   1.965952181 
         step     negloglik            mu      sigma.sq            bt 
  2.000000000 -48.988313040   0.914049975   0.007702205   1.965952181 
         step     negloglik            mu      sigma.sq            bt 
  3.000000000 -48.988313040   0.914049975   0.007702205   1.965952181 
[1] "Now starting analysis"
[1] "Starting with initial values"
         mu    sigma.sq          SE 
2.192637920 0.010727783 0.005363891 
         step     negloglik            mu      sigma.sq            SE 
 1.000000e+00 -1.997861e+01  2.192037e+00  8.757176e-03  1.368924e-06 
[1] "New improvement found, but slight; taking the best value, but not resetting the step counter"
         step     negloglik            mu      sigma.sq            SE 
 2.000000e+00 -1.998327e+01  2.166530e+00  8.757286e-03  1.623518e-06 
[1] "New improvement found, resetting step counter"
         step     negloglik            mu      sigma.sq            SE 
 3.000000e+00 -2.154802e+01  2.263915e+00  9.472546e-03  1.572211e-06 
         step     negloglik            mu      sigma.sq            SE 
 4.000000e+00 -2.154802e+01  2.263915e+00  9.472546e-03  1.572211e-06 
         step     negloglik            mu      sigma.sq            SE 
 5.000000e+00 -2.154802e+01  2.263915e+00  9.472546e-03  1.572211e-06 
[1] "Now starting analysis"
[1] "Starting with initial values"
        mu   sigma.sq 
2.19263792 0.01072778 
        step    negloglik           mu     sigma.sq 
  1.00000000 -24.13246758   2.11268907   0.01302962 
        step    negloglik           mu     sigma.sq 
  2.00000000 -24.13246758   2.11268907   0.01302962 
[1] "New improvement found, but slight; taking the best value, but not resetting the step counter"
        step    negloglik           mu     sigma.sq 
  3.00000000 -24.13545325   2.17530326   0.01264027 
