[1] "args"
[1] "66"   "1378"
[1] "Now starting analysis"
[1] "Starting with initial values"
         mu    sigma.sq          SE          bt          vh 
2.926558567 0.017514492 0.008757246 1.000000000 0.008757246 
         step     negloglik            mu      sigma.sq            SE 
 1.000000e+00 -8.181998e+00  2.032459e+00  1.555753e-02  1.604302e-06 
           bt            vh 
 1.459946e+00  1.846221e-01 
[1] "New improvement found, resetting step counter"
         step     negloglik            mu      sigma.sq            SE 
 2.000000e+00 -1.017985e+01  1.251305e+00  1.555751e-02  2.188244e-06 
           bt            vh 
 1.852653e+00  2.624586e-04 
         step     negloglik            mu      sigma.sq            SE 
 3.000000e+00 -1.017985e+01  1.251305e+00  1.555751e-02  2.188244e-06 
           bt            vh 
 1.852653e+00  2.624586e-04 
         step     negloglik            mu      sigma.sq            SE 
 4.000000e+00 -1.017985e+01  1.251305e+00  1.555751e-02  2.188244e-06 
           bt            vh 
 1.852653e+00  2.624586e-04 
[1] "Now starting analysis"
[1] "Starting with initial values"
         mu    sigma.sq          bt          vh 
2.926558567 0.017514492 1.000000000 0.008757246 
         step     negloglik            mu      sigma.sq            bt 
 1.0000000000 -9.7607606310  1.4877295774  0.0146193416  1.5595168321 
           vh 
 0.0004099814 
[1] "New improvement found, resetting step counter"
         step     negloglik            mu      sigma.sq            bt 
 2.000000e+00 -1.037803e+01  1.322412e+00  1.286364e-02  1.830026e+00 
           vh 
 2.026742e-04 
         step     negloglik            mu      sigma.sq            bt 
 3.000000e+00 -1.037803e+01  1.322412e+00  1.286364e-02  1.830026e+00 
           vh 
 2.026742e-04 
[1] "New improvement found, but slight; taking the best value, but not resetting the step counter"
         step     negloglik            mu      sigma.sq            bt 
 4.000000e+00 -1.038094e+01  1.221338e+00  1.285526e-02  1.801685e+00 
           vh 
 5.395056e-04 
[1] "Now starting analysis"
[1] "Starting with initial values"
         mu    sigma.sq          SE          vh 
2.926558567 0.017514492 0.008757246 0.008757246 
         step     negloglik            mu      sigma.sq            SE 
 1.000000e+00 -5.222503e+00  2.661241e+00  1.443636e-02  2.012542e-06 
           vh 
 3.404456e-01 
[1] "New improvement found, but slight; taking the best value, but not resetting the step counter"
         step     negloglik            mu      sigma.sq            SE 
 2.000000e+00 -5.226796e+00  2.773339e+00  1.443615e-02  1.688772e-06 
           vh 
 3.823742e-01 
[1] "New improvement found, but slight; taking the best value, but not resetting the step counter"
         step     negloglik            mu      sigma.sq            SE 
 3.000000e+00 -5.227172e+00  2.816397e+00  1.422070e-02  2.067906e-06 
           vh 
 3.308825e-01 
[1] "Now starting analysis"
[1] "Starting with initial values"
         mu    sigma.sq          vh 
2.926558567 0.017514492 0.008757246 
      step  negloglik         mu   sigma.sq         vh 
 1.0000000 -5.1450136  2.7539373  0.0151011  0.3238958 
      step  negloglik         mu   sigma.sq         vh 
 2.0000000 -5.1450136  2.7539373  0.0151011  0.3238958 
      step  negloglik         mu   sigma.sq         vh 
 3.0000000 -5.1450136  2.7539373  0.0151011  0.3238958 
[1] "Now starting analysis"
[1] "Starting with initial values"
         mu    sigma.sq          SE          bt 
2.926558567 0.017514492 0.008757246 1.000000000 
         step     negloglik            mu      sigma.sq            SE 
 1.000000e+00 -1.049904e+01  1.387259e+00  1.257345e-02  2.153079e-06 
           bt 
 1.837266e+00 
[1] "New improvement found, resetting step counter"
         step     negloglik            mu      sigma.sq            SE 
 2.000000e+00 -1.055633e+01  1.212555e+00  1.257351e-02  2.333203e-06 
           bt 
 1.837520e+00 
[1] "New improvement found, but slight; taking the best value, but not resetting the step counter"
         step     negloglik            mu      sigma.sq            SE 
 3.000000e+00 -1.055660e+01  1.201785e+00  1.206654e-02  2.402154e-06 
           bt 
 1.841312e+00 
         step     negloglik            mu      sigma.sq            SE 
 4.000000e+00 -1.055660e+01  1.201785e+00  1.206654e-02  2.402154e-06 
           bt 
 1.841312e+00 
[1] "Now starting analysis"
[1] "Starting with initial values"
        mu   sigma.sq         bt 
2.92655857 0.01751449 1.00000000 
        step    negloglik           mu     sigma.sq           bt 
  1.00000000 -10.39801739   1.23143967   0.01278228   1.83894087 
        step    negloglik           mu     sigma.sq           bt 
  2.00000000 -10.39801739   1.23143967   0.01278228   1.83894087 
        step    negloglik           mu     sigma.sq           bt 
  3.00000000 -10.39801739   1.23143967   0.01278228   1.83894087 
[1] "Now starting analysis"
[1] "Starting with initial values"
         mu    sigma.sq          SE 
2.926558567 0.017514492 0.008757246 
         step     negloglik            mu      sigma.sq            SE 
 1.000000e+00 -4.025817e+00  3.080668e+00  1.922234e-02  1.230466e-06 
[1] "New improvement found, resetting step counter"
         step     negloglik            mu      sigma.sq            SE 
 2.000000e+00 -4.296857e+00  2.644141e+00  1.922218e-02  6.430786e-07 
         step     negloglik            mu      sigma.sq            SE 
 3.000000e+00 -4.296857e+00  2.644141e+00  1.922218e-02  6.430786e-07 
         step     negloglik            mu      sigma.sq            SE 
 4.000000e+00 -4.296857e+00  2.644141e+00  1.922218e-02  6.430786e-07 
[1] "Now starting analysis"
[1] "Starting with initial values"
        mu   sigma.sq 
2.92655857 0.01751449 
       step   negloglik          mu    sigma.sq 
 1.00000000 -4.27831457  2.63994017  0.01915782 
       step   negloglik          mu    sigma.sq 
 2.00000000 -4.27831457  2.63994017  0.01915782 
       step   negloglik          mu    sigma.sq 
 3.00000000 -4.27831457  2.63994017  0.01915782 
