[1] "args"
[1] "66"   "1798"
[1] "Now starting analysis"
[1] "Starting with initial values"
        mu   sigma.sq         SE         bt         vh 
2.46410035 0.15978984 0.07989492 1.00000000 0.07989492 
       step   negloglik          mu    sigma.sq          SE          bt 
 1.00000000 17.14506288  2.37604752  0.00911534  0.06414310  1.94584930 
         vh 
 0.46230321 
[1] "New improvement found, resetting step counter"
        step    negloglik           mu     sigma.sq           SE           bt 
 2.000000000 13.870248442  0.091478963  0.010000624  0.072130197  2.562402571 
          vh 
 0.003374952 
        step    negloglik           mu     sigma.sq           SE           bt 
 3.000000000 13.870248442  0.091478963  0.010000624  0.072130197  2.562402571 
          vh 
 0.003374952 
        step    negloglik           mu     sigma.sq           SE           bt 
 4.000000000 13.870248442  0.091478963  0.010000624  0.072130197  2.562402571 
          vh 
 0.003374952 
[1] "Now starting analysis"
[1] "Starting with initial values"
        mu   sigma.sq         bt         vh 
2.46410035 0.15978984 1.00000000 0.07989492 
       step   negloglik          mu    sigma.sq          bt          vh 
 1.00000000 31.89705248  0.32549734  0.15316344  2.86954524  0.01499082 
[1] "New improvement found, resetting step counter"
       step   negloglik          mu    sigma.sq          bt          vh 
 2.00000000 31.80618091  0.26720130  0.14932204  2.35627581  0.00622106 
[1] "New improvement found, but slight; taking the best value, but not resetting the step counter"
        step    negloglik           mu     sigma.sq           bt           vh 
 3.000000000 31.801053759  0.264149028  0.154251202  2.513871645  0.007427519 
        step    negloglik           mu     sigma.sq           bt           vh 
 4.000000000 31.801053759  0.264149028  0.154251202  2.513871645  0.007427519 
[1] "Now starting analysis"
[1] "Starting with initial values"
        mu   sigma.sq         SE         vh 
2.46410035 0.15978984 0.07989492 0.07989492 
        step    negloglik           mu     sigma.sq           SE           vh 
 1.000000000 19.591943759  1.622211351  0.009045265  0.061836827  0.624146962 
[1] "New improvement found, resetting step counter"
        step    negloglik           mu     sigma.sq           SE           vh 
 2.000000000 18.954728673  1.605262201  0.007476314  0.067816871  1.345984678 
        step    negloglik           mu     sigma.sq           SE           vh 
 3.000000000 18.954728673  1.605262201  0.007476314  0.067816871  1.345984678 
[1] "New improvement found, but slight; taking the best value, but not resetting the step counter"
       step   negloglik          mu    sigma.sq          SE          vh 
 4.00000000 18.95377984  1.63048920  0.00734319  0.06866531  1.27155117 
[1] "Now starting analysis"
[1] "Starting with initial values"
        mu   sigma.sq         vh 
2.46410035 0.15978984 0.07989492 
       step   negloglik          mu    sigma.sq          vh 
 1.00000000 33.49982370  2.46410035  0.15978984  0.07989492 
       step   negloglik          mu    sigma.sq          vh 
 2.00000000 33.49982370  2.46410035  0.15978984  0.07989492 
       step   negloglik          mu    sigma.sq          vh 
 3.00000000 33.49982370  2.46410035  0.15978984  0.07989492 
[1] "Now starting analysis"
[1] "Starting with initial values"
        mu   sigma.sq         SE         bt 
2.46410035 0.15978984 0.07989492 1.00000000 
       step   negloglik          mu    sigma.sq          SE          bt 
 1.00000000 14.22674864  0.22215454  0.01129037  0.05861485  2.22885107 
[1] "New improvement found, resetting step counter"
       step   negloglik          mu    sigma.sq          SE          bt 
 2.00000000 13.83666712  0.14894775  0.01027952  0.06356807  2.47605355 
       step   negloglik          mu    sigma.sq          SE          bt 
 3.00000000 13.83666712  0.14894775  0.01027952  0.06356807  2.47605355 
[1] "New improvement found, but slight; taking the best value, but not resetting the step counter"
        step    negloglik           mu     sigma.sq           SE           bt 
 4.000000000 13.831216192  0.113337695  0.009616616  0.065685797  2.491282619 
[1] "Now starting analysis"
[1] "Starting with initial values"
       mu  sigma.sq        bt 
2.4641003 0.1597898 1.0000000 
      step  negloglik         mu   sigma.sq         bt 
 1.0000000 31.8552608  0.3490648  0.1597347  2.7528622 
[1] "New improvement found, resetting step counter"
       step   negloglik          mu    sigma.sq          bt 
 2.00000000 31.78540302  0.03819958  0.15431817  2.49297584 
       step   negloglik          mu    sigma.sq          bt 
 3.00000000 31.78540302  0.03819958  0.15431817  2.49297584 
       step   negloglik          mu    sigma.sq          bt 
 4.00000000 31.78540302  0.03819958  0.15431817  2.49297584 
[1] "Now starting analysis"
[1] "Starting with initial values"
        mu   sigma.sq         SE 
2.46410035 0.15978984 0.07989492 
       step   negloglik          mu    sigma.sq          SE 
 1.00000000 23.06475275  2.43301243  0.04605916  0.05100132 
[1] "New improvement found, but slight; taking the best value, but not resetting the step counter"
       step   negloglik          mu    sigma.sq          SE 
 2.00000000 23.06465836  2.43211475  0.04346570  0.05539014 
[1] "New improvement found, but slight; taking the best value, but not resetting the step counter"
       step   negloglik          mu    sigma.sq          SE 
 3.00000000 23.06125845  2.37588878  0.04519637  0.05382155 
[1] "Now starting analysis"
[1] "Starting with initial values"
       mu  sigma.sq 
2.4641003 0.1597898 
      step  negloglik         mu   sigma.sq 
 1.0000000 33.4494681  2.3331950  0.1751905 
[1] "New improvement found, but slight; taking the best value, but not resetting the step counter"
      step  negloglik         mu   sigma.sq 
 2.0000000 33.4493560  2.5665145  0.1751905 
[1] "New improvement found, but slight; taking the best value, but not resetting the step counter"
      step  negloglik         mu   sigma.sq 
 3.0000000 33.4444985  2.3638754  0.1680897 
