[1] "args"
[1] "66"   "1284"
[1] "Now starting analysis"
[1] "Starting with initial values"
       mu  sigma.sq        SE        bt        vh 
0.5603932 0.1688676 0.0844338 1.0000000 0.0844338 
        step    negloglik           mu     sigma.sq           SE           bt 
1.000000e+00 1.254112e+01 6.928671e-01 9.819463e-06 1.154448e-01 1.156346e+00 
          vh 
1.194122e-01 
[1] "New improvement found, resetting step counter"
        step    negloglik           mu     sigma.sq           SE           bt 
2.000000e+00 1.141487e+01 7.621274e-01 1.791971e-06 1.123911e-01 7.898318e-01 
          vh 
2.687773e-04 
        step    negloglik           mu     sigma.sq           SE           bt 
3.000000e+00 1.141487e+01 7.621274e-01 1.791971e-06 1.123911e-01 7.898318e-01 
          vh 
2.687773e-04 
        step    negloglik           mu     sigma.sq           SE           bt 
4.000000e+00 1.141487e+01 7.621274e-01 1.791971e-06 1.123911e-01 7.898318e-01 
          vh 
2.687773e-04 
[1] "Now starting analysis"
[1] "Starting with initial values"
       mu  sigma.sq        bt        vh 
0.5603932 0.1688676 1.0000000 0.0844338 
      step  negloglik         mu   sigma.sq         bt         vh 
 1.0000000 34.5101479  0.5603932  0.1688676  1.0000000  0.0844338 
      step  negloglik         mu   sigma.sq         bt         vh 
 2.0000000 34.5101479  0.5603932  0.1688676  1.0000000  0.0844338 
      step  negloglik         mu   sigma.sq         bt         vh 
 3.0000000 34.5101479  0.5603932  0.1688676  1.0000000  0.0844338 
[1] "Now starting analysis"
[1] "Starting with initial values"
       mu  sigma.sq        SE        vh 
0.5603932 0.1688676 0.0844338 0.0844338 
        step    negloglik           mu     sigma.sq           SE           vh 
1.000000e+00 1.267849e+01 6.346339e-01 4.617216e-06 1.242279e-01 2.118051e-01 
[1] "New improvement found, resetting step counter"
        step    negloglik           mu     sigma.sq           SE           vh 
2.000000e+00 1.197068e+01 7.117248e-01 4.070506e-06 1.117522e-01 5.532007e-03 
        step    negloglik           mu     sigma.sq           SE           vh 
3.000000e+00 1.197068e+01 7.117248e-01 4.070506e-06 1.117522e-01 5.532007e-03 
[1] "New improvement found, resetting step counter"
        step    negloglik           mu     sigma.sq           SE           vh 
4.000000e+00 1.182875e+01 6.556567e-01 2.050683e-06 1.223421e-01 5.246942e-04 
        step    negloglik           mu     sigma.sq           SE           vh 
5.000000e+00 1.182875e+01 6.556567e-01 2.050683e-06 1.223421e-01 5.246942e-04 
        step    negloglik           mu     sigma.sq           SE           vh 
6.000000e+00 1.182875e+01 6.556567e-01 2.050683e-06 1.223421e-01 5.246942e-04 
[1] "Now starting analysis"
[1] "Starting with initial values"
       mu  sigma.sq        vh 
0.5603932 0.1688676 0.0844338 
      step  negloglik         mu   sigma.sq         vh 
 1.0000000 34.5101479  0.5603932  0.1688676  0.0844338 
      step  negloglik         mu   sigma.sq         vh 
 2.0000000 34.5101479  0.5603932  0.1688676  0.0844338 
      step  negloglik         mu   sigma.sq         vh 
 3.0000000 34.5101479  0.5603932  0.1688676  0.0844338 
[1] "Now starting analysis"
[1] "Starting with initial values"
       mu  sigma.sq        SE        bt 
0.5603932 0.1688676 0.0844338 1.0000000 
        step    negloglik           mu     sigma.sq           SE           bt 
1.000000e+00 1.140542e+01 7.507602e-01 2.015524e-06 1.158649e-01 8.234810e-01 
[1] "New improvement found, resetting step counter"
        step    negloglik           mu     sigma.sq           SE           bt 
2.000000e+00 1.139044e+01 7.554673e-01 2.250144e-07 1.160225e-01 8.009205e-01 
        step    negloglik           mu     sigma.sq           SE           bt 
3.000000e+00 1.139044e+01 7.554673e-01 2.250144e-07 1.160225e-01 8.009205e-01 
        step    negloglik           mu     sigma.sq           SE           bt 
4.000000e+00 1.139044e+01 7.554673e-01 2.250144e-07 1.160225e-01 8.009205e-01 
[1] "Now starting analysis"
[1] "Starting with initial values"
       mu  sigma.sq        bt 
0.5603932 0.1688676 1.0000000 
      step  negloglik         mu   sigma.sq         bt 
 1.0000000 34.4987079  0.5603932  0.1688676  1.0000000 
      step  negloglik         mu   sigma.sq         bt 
 2.0000000 34.4987079  0.5603932  0.1688676  1.0000000 
[1] "New improvement found, but slight; taking the best value, but not resetting the step counter"
      step  negloglik         mu   sigma.sq         bt 
 3.0000000 34.4941227  0.6901850  0.1685998  0.8474271 
[1] "Now starting analysis"
[1] "Starting with initial values"
       mu  sigma.sq        SE 
0.5603932 0.1688676 0.0844338 
        step    negloglik           mu     sigma.sq           SE 
1.000000e+00 1.189495e+01 6.303312e-01 2.712630e-05 1.198083e-01 
[1] "New improvement found, but slight; taking the best value, but not resetting the step counter"
        step    negloglik           mu     sigma.sq           SE 
2.000000e+00 1.188840e+01 6.589982e-01 3.995042e-05 1.254945e-01 
[1] "New improvement found, resetting step counter"
        step    negloglik           mu     sigma.sq           SE 
3.000000e+00 1.185302e+01 6.466886e-01 2.076665e-06 1.144990e-01 
[1] "New improvement found, resetting step counter"
        step    negloglik           mu     sigma.sq           SE 
4.000000e+00 1.182846e+01 6.511733e-01 3.018436e-06 1.199310e-01 
        step    negloglik           mu     sigma.sq           SE 
5.000000e+00 1.182846e+01 6.511733e-01 3.018436e-06 1.199310e-01 
[1] "New improvement found, but slight; taking the best value, but not resetting the step counter"
        step    negloglik           mu     sigma.sq           SE 
6.000000e+00 1.182219e+01 6.533050e-01 1.207243e-08 1.210688e-01 
[1] "Now starting analysis"
[1] "Starting with initial values"
       mu  sigma.sq 
0.5603932 0.1688676 
      step  negloglik         mu   sigma.sq 
 1.0000000 34.4987079  0.5603932  0.1688676 
      step  negloglik         mu   sigma.sq 
 2.0000000 34.4987079  0.5603932  0.1688676 
      step  negloglik         mu   sigma.sq 
 3.0000000 34.4987079  0.5603932  0.1688676 
