[1] "args"
[1] "66"   "1772"
[1] "Now starting analysis"
[1] "Starting with initial values"
        mu   sigma.sq         SE         bt         vh 
2.29039205 0.17633466 0.08816733 1.00000000 0.08816733 
        step    negloglik           mu     sigma.sq           SE           bt 
 1.000000000 11.744328031  1.774232885  0.004107434  0.065896109  1.755512946 
          vh 
 0.001769615 
[1] "New improvement found, resetting step counter"
        step    negloglik           mu     sigma.sq           SE           bt 
2.000000e+00 1.092984e+01 1.525097e+00 1.471245e-03 9.711940e-02 1.834897e+00 
          vh 
5.201721e-04 
        step    negloglik           mu     sigma.sq           SE           bt 
3.000000e+00 1.092984e+01 1.525097e+00 1.471245e-03 9.711940e-02 1.834897e+00 
          vh 
5.201721e-04 
[1] "New improvement found, resetting step counter"
        step    negloglik           mu     sigma.sq           SE           bt 
4.000000e+00 1.090473e+01 1.459938e+00 2.409302e-03 7.973143e-02 2.002912e+00 
          vh 
9.447624e-05 
[1] "New improvement found, but slight; taking the best value, but not resetting the step counter"
        step    negloglik           mu     sigma.sq           SE           bt 
 5.000000000 10.901994722  1.404069331  0.002035763  0.080155531  1.988632794 
          vh 
 0.001819068 
[1] "New improvement found, resetting step counter"
        step    negloglik           mu     sigma.sq           SE           bt 
6.000000e+00 1.084028e+01 1.492609e+00 1.650499e-03 8.584411e-02 1.927790e+00 
          vh 
1.382935e-04 
        step    negloglik           mu     sigma.sq           SE           bt 
7.000000e+00 1.084028e+01 1.492609e+00 1.650499e-03 8.584411e-02 1.927790e+00 
          vh 
1.382935e-04 
        step    negloglik           mu     sigma.sq           SE           bt 
8.000000e+00 1.084028e+01 1.492609e+00 1.650499e-03 8.584411e-02 1.927790e+00 
          vh 
1.382935e-04 
[1] "Now starting analysis"
[1] "Starting with initial values"
        mu   sigma.sq         bt         vh 
2.29039205 0.17633466 1.00000000 0.08816733 
       step   negloglik          mu    sigma.sq          bt          vh 
 1.00000000 27.50613554  1.57368993  0.16346282  1.96732195  0.01486267 
       step   negloglik          mu    sigma.sq          bt          vh 
 2.00000000 27.50613554  1.57368993  0.16346282  1.96732195  0.01486267 
       step   negloglik          mu    sigma.sq          bt          vh 
 3.00000000 27.50613554  1.57368993  0.16346282  1.96732195  0.01486267 
[1] "Now starting analysis"
[1] "Starting with initial values"
        mu   sigma.sq         SE         vh 
2.29039205 0.17633466 0.08816733 0.08816733 
       step   negloglik          mu    sigma.sq          SE          vh 
 1.00000000 15.11108836  1.93157107  0.00573867  0.08020855  0.15806258 
[1] "New improvement found, resetting step counter"
        step    negloglik           mu     sigma.sq           SE           vh 
 2.000000000 15.086520538  1.861091669  0.005607039  0.083636475  0.208926929 
        step    negloglik           mu     sigma.sq           SE           vh 
 3.000000000 15.086520538  1.861091669  0.005607039  0.083636475  0.208926929 
        step    negloglik           mu     sigma.sq           SE           vh 
 4.000000000 15.086520538  1.861091669  0.005607039  0.083636475  0.208926929 
[1] "Now starting analysis"
[1] "Starting with initial values"
        mu   sigma.sq         vh 
2.29039205 0.17633466 0.08816733 
       step   negloglik          mu    sigma.sq          vh 
 1.00000000 27.80548648  2.44427777  0.17275592  0.01301384 
       step   negloglik          mu    sigma.sq          vh 
 2.00000000 27.80548648  2.44427777  0.17275592  0.01301384 
       step   negloglik          mu    sigma.sq          vh 
 3.00000000 27.80548648  2.44427777  0.17275592  0.01301384 
[1] "Now starting analysis"
[1] "Starting with initial values"
        mu   sigma.sq         SE         bt 
2.29039205 0.17633466 0.08816733 1.00000000 
        step    negloglik           mu     sigma.sq           SE           bt 
 1.000000000 13.785593708  2.355364705  0.009222568  0.069450929  1.398372627 
[1] "New improvement found, resetting step counter"
        step    negloglik           mu     sigma.sq           SE           bt 
 2.000000000 10.828145928  1.484244628  0.001648305  0.088307386  1.910982368 
        step    negloglik           mu     sigma.sq           SE           bt 
 3.000000000 10.828145928  1.484244628  0.001648305  0.088307386  1.910982368 
[1] "New improvement found, but slight; taking the best value, but not resetting the step counter"
        step    negloglik           mu     sigma.sq           SE           bt 
 4.000000000 10.822904689  1.469552182  0.001832876  0.084537285  1.910089024 
[1] "Now starting analysis"
[1] "Starting with initial values"
       mu  sigma.sq        bt 
2.2903921 0.1763347 1.0000000 
      step  negloglik         mu   sigma.sq         bt 
 1.0000000 27.4669250  1.5125542  0.1695012  2.0441077 
      step  negloglik         mu   sigma.sq         bt 
 2.0000000 27.4669250  1.5125542  0.1695012  2.0441077 
      step  negloglik         mu   sigma.sq         bt 
 3.0000000 27.4669250  1.5125542  0.1695012  2.0441077 
[1] "Now starting analysis"
[1] "Starting with initial values"
        mu   sigma.sq         SE 
2.29039205 0.17633466 0.08816733 
       step   negloglik          mu    sigma.sq          SE 
 1.00000000 15.54957787  2.10820812  0.01058427  0.08571489 
[1] "New improvement found, resetting step counter"
       step   negloglik          mu    sigma.sq          SE 
 2.00000000 15.53531639  2.18221731  0.01187261  0.07695536 
[1] "New improvement found, but slight; taking the best value, but not resetting the step counter"
       step   negloglik          mu    sigma.sq          SE 
 3.00000000 15.53177632  2.15557370  0.01040479  0.07805743 
[1] "New improvement found, but slight; taking the best value, but not resetting the step counter"
       step   negloglik          mu    sigma.sq          SE 
 4.00000000 15.52688331  2.19139070  0.01136657  0.07900407 
[1] "Now starting analysis"
[1] "Starting with initial values"
       mu  sigma.sq 
2.2903921 0.1763347 
      step  negloglik         mu   sigma.sq 
 1.0000000 27.7854580  2.2903921  0.1763347 
      step  negloglik         mu   sigma.sq 
 2.0000000 27.7854580  2.2903921  0.1763347 
      step  negloglik         mu   sigma.sq 
 3.0000000 27.7854580  2.2903921  0.1763347 
