000 (066.965.000) 07/26 17:14:46 Job submitted from host: <160.36.155.106:9618?addrs=160.36.155.106-9618&noUDP&sock=27742_4872_4>
...
012 (066.965.000) 08/03 14:16:49 Job was held.
	via condor_hold (by user bomeara)
	Code 1 Subcode 0
...
013 (066.965.000) 08/05 22:27:35 Job was released.
	via condor_release (by user bomeara)
...
012 (066.965.000) 08/09 10:35:35 Job was held.
	via condor_hold (by user bomeara)
	Code 1 Subcode 0
...
013 (066.965.000) 08/09 13:04:54 Job was released.
	via condor_release (by user bomeara)
...
001 (066.965.000) 08/18 11:02:36 Job executing on host: <10.128.121.58:9618?addrs=10.128.121.58-9618&noUDP&sock=2361_0731_4>
...
006 (066.965.000) 08/18 11:02:44 Image size of job updated: 243400
	238  -  MemoryUsage of job (MB)
	243400  -  ResidentSetSize of job (KB)
...
006 (066.965.000) 08/18 11:12:45 Image size of job updated: 243508
	238  -  MemoryUsage of job (MB)
	243508  -  ResidentSetSize of job (KB)
...
006 (066.965.000) 08/18 11:22:46 Image size of job updated: 243520
	238  -  MemoryUsage of job (MB)
	243520  -  ResidentSetSize of job (KB)
...
006 (066.965.000) 08/28 07:01:40 Image size of job updated: 249184
	244  -  MemoryUsage of job (MB)
	249184  -  ResidentSetSize of job (KB)
...
005 (066.965.000) 08/30 17:18:21 Job terminated.
	(1) Normal termination (return value 0)
		Usr 12 05:50:25, Sys 0 00:01:55  -  Run Remote Usage
		Usr 0 00:00:00, Sys 0 00:00:00  -  Run Local Usage
		Usr 12 05:50:25, Sys 0 00:01:55  -  Total Remote Usage
		Usr 0 00:00:00, Sys 0 00:00:00  -  Total Local Usage
	32585  -  Run Bytes Sent By Job
	2422  -  Run Bytes Received By Job
	32585  -  Total Bytes Sent By Job
	2422  -  Total Bytes Received By Job
	Partitionable Resources :    Usage  Request Allocated 
	   Cpus                 :     0.99        1         1 
	   Disk (KB)            :    50           4    888433 
	   Memory (MB)          :   244           1       128 
...
