[1] "args"
[1] "66"   "1581"
[1] "Now starting analysis"
[1] "Starting with initial values"
        mu   sigma.sq         SE         bt         vh 
1.14433699 0.15101154 0.07550577 1.00000000 0.07550577 
        step    negloglik           mu     sigma.sq           SE           bt 
 1.000000000 49.084759054  1.114094060  0.009301847  0.074254114  1.089080668 
          vh 
 0.241654370 
[1] "New improvement found, resetting step counter"
        step    negloglik           mu     sigma.sq           SE           bt 
 2.000000000 48.347566485  1.024435657  0.008590951  0.076323477  1.320683509 
          vh 
 0.096288460 
        step    negloglik           mu     sigma.sq           SE           bt 
 3.000000000 48.347566485  1.024435657  0.008590951  0.076323477  1.320683509 
          vh 
 0.096288460 
        step    negloglik           mu     sigma.sq           SE           bt 
 4.000000000 48.347566485  1.024435657  0.008590951  0.076323477  1.320683509 
          vh 
 0.096288460 
[1] "Now starting analysis"
[1] "Starting with initial values"
        mu   sigma.sq         bt         vh 
1.14433699 0.15101154 1.00000000 0.07550577 
        step    negloglik           mu     sigma.sq           bt           vh 
  1.00000000 101.32279516   1.14433699   0.15101154   1.11443370   0.07550577 
        step    negloglik           mu     sigma.sq           bt           vh 
  2.00000000 101.32279516   1.14433699   0.15101154   1.11443370   0.07550577 
        step    negloglik           mu     sigma.sq           bt           vh 
  3.00000000 101.32279516   1.14433699   0.15101154   1.11443370   0.07550577 
[1] "Now starting analysis"
[1] "Starting with initial values"
        mu   sigma.sq         SE         vh 
1.14433699 0.15101154 0.07550577 0.07550577 
       step   negloglik          mu    sigma.sq          SE          vh 
 1.00000000 49.21490937  1.11875967  0.00878494  0.07049553  0.17765686 
[1] "New improvement found, resetting step counter"
        step    negloglik           mu     sigma.sq           SE           vh 
 2.000000000 48.830957500  1.201108239  0.009600477  0.072017433  0.005115573 
[1] "New improvement found, resetting step counter"
        step    negloglik           mu     sigma.sq           SE           vh 
 3.000000000 48.796271831  1.137123423  0.010032855  0.071117766  0.007749567 
        step    negloglik           mu     sigma.sq           SE           vh 
 4.000000000 48.796271831  1.137123423  0.010032855  0.071117766  0.007749567 
        step    negloglik           mu     sigma.sq           SE           vh 
 5.000000000 48.796271831  1.137123423  0.010032855  0.071117766  0.007749567 
[1] "Now starting analysis"
[1] "Starting with initial values"
        mu   sigma.sq         vh 
1.14433699 0.15101154 0.07550577 
        step    negloglik           mu     sigma.sq           vh 
  1.00000000 101.33515550   1.14433699   0.15101154   0.07550577 
        step    negloglik           mu     sigma.sq           vh 
  2.00000000 101.33515550   1.14433699   0.15101154   0.07550577 
        step    negloglik           mu     sigma.sq           vh 
  3.00000000 101.33515550   1.14433699   0.15101154   0.07550577 
[1] "Now starting analysis"
[1] "Starting with initial values"
        mu   sigma.sq         SE         bt 
1.14433699 0.15101154 0.07550577 1.00000000 
       step   negloglik          mu    sigma.sq          SE          bt 
 1.00000000 48.63398518  1.22827069  0.01097245  0.06756139  1.17228454 
[1] "New improvement found, resetting step counter"
       step   negloglik          mu    sigma.sq          SE          bt 
 2.00000000 48.46783969  1.02657187  0.01019091  0.07101402  1.19827010 
       step   negloglik          mu    sigma.sq          SE          bt 
 3.00000000 48.46783969  1.02657187  0.01019091  0.07101402  1.19827010 
       step   negloglik          mu    sigma.sq          SE          bt 
 4.00000000 48.46783969  1.02657187  0.01019091  0.07101402  1.19827010 
[1] "Now starting analysis"
[1] "Starting with initial values"
       mu  sigma.sq        bt 
1.1443370 0.1510115 1.0000000 
       step   negloglik          mu    sigma.sq          bt 
  1.0000000 101.2424513   1.1443370   0.1510115   1.1144337 
       step   negloglik          mu    sigma.sq          bt 
  2.0000000 101.2424513   1.1443370   0.1510115   1.1144337 
       step   negloglik          mu    sigma.sq          bt 
  3.0000000 101.2424513   1.1443370   0.1510115   1.1144337 
[1] "Now starting analysis"
[1] "Starting with initial values"
        mu   sigma.sq         SE 
1.14433699 0.15101154 0.07550577 
       step   negloglik          mu    sigma.sq          SE 
 1.00000000 48.89448916  1.24141905  0.01175384  0.06909525 
[1] "New improvement found, resetting step counter"
       step   negloglik          mu    sigma.sq          SE 
 2.00000000 48.84884983  1.17881103  0.01152110  0.07040211 
       step   negloglik          mu    sigma.sq          SE 
 3.00000000 48.84884983  1.17881103  0.01152110  0.07040211 
       step   negloglik          mu    sigma.sq          SE 
 4.00000000 48.84884983  1.17881103  0.01152110  0.07040211 
[1] "Now starting analysis"
[1] "Starting with initial values"
       mu  sigma.sq 
1.1443370 0.1510115 
       step   negloglik          mu    sigma.sq 
  1.0000000 101.2530686   1.1443370   0.1510115 
       step   negloglik          mu    sigma.sq 
  2.0000000 101.2530686   1.1443370   0.1510115 
       step   negloglik          mu    sigma.sq 
  3.0000000 101.2530686   1.1443370   0.1510115 
