[1] "args"
[1] "66"   "1291"
[1] "Now starting analysis"
[1] "Starting with initial values"
        mu   sigma.sq         SE         bt         vh 
1.03192669 0.08447468 0.04223734 1.00000000 0.04223734 
        step    negloglik           mu     sigma.sq           SE           bt 
 1.000000000 47.338579445  1.024739106  0.007936326  0.073425208  0.692792630 
          vh 
 0.292450081 
[1] "New improvement found, resetting step counter"
        step    negloglik           mu     sigma.sq           SE           bt 
 2.000000000 46.672312068  1.207398491  0.008058351  0.079321727  0.484766699 
          vh 
 0.006356879 
[1] "New improvement found, resetting step counter"
        step    negloglik           mu     sigma.sq           SE           bt 
 3.000000000 46.608237236  1.191230436  0.008509600  0.072510555  0.520383759 
          vh 
 0.002066971 
[1] "New improvement found, resetting step counter"
        step    negloglik           mu     sigma.sq           SE           bt 
4.000000e+00 4.659317e+01 1.134876e+00 8.380384e-03 6.968722e-02 4.757943e-01 
          vh 
6.418823e-04 
        step    negloglik           mu     sigma.sq           SE           bt 
5.000000e+00 4.659317e+01 1.134876e+00 8.380384e-03 6.968722e-02 4.757943e-01 
          vh 
6.418823e-04 
        step    negloglik           mu     sigma.sq           SE           bt 
6.000000e+00 4.659317e+01 1.134876e+00 8.380384e-03 6.968722e-02 4.757943e-01 
          vh 
6.418823e-04 
[1] "Now starting analysis"
[1] "Starting with initial values"
        mu   sigma.sq         bt         vh 
1.03192669 0.08447468 1.00000000 0.04223734 
       step   negloglik          mu    sigma.sq          bt          vh 
 1.00000000 77.87808349  1.03192669  0.08447468  1.00000000  0.04223734 
       step   negloglik          mu    sigma.sq          bt          vh 
 2.00000000 77.87808349  1.03192669  0.08447468  1.00000000  0.04223734 
[1] "New improvement found, resetting step counter"
       step   negloglik          mu    sigma.sq          bt          vh 
 3.00000000 77.75904956  1.25821378  0.08383458  0.57731257  0.24790557 
[1] "New improvement found, resetting step counter"
       step   negloglik          mu    sigma.sq          bt          vh 
 4.00000000 77.66994984  1.31512877  0.08303866  0.48611928  0.04543172 
       step   negloglik          mu    sigma.sq          bt          vh 
 5.00000000 77.66994984  1.31512877  0.08303866  0.48611928  0.04543172 
       step   negloglik          mu    sigma.sq          bt          vh 
 6.00000000 77.66994984  1.31512877  0.08303866  0.48611928  0.04543172 
[1] "Now starting analysis"
[1] "Starting with initial values"
        mu   sigma.sq         SE         vh 
1.03192669 0.08447468 0.04223734 0.04223734 
        step    negloglik           mu     sigma.sq           SE           vh 
 1.000000000 47.896869999  1.019903703  0.008160244  0.072917752  0.141033355 
[1] "New improvement found, resetting step counter"
        step    negloglik           mu     sigma.sq           SE           vh 
 2.000000000 47.757151066  1.089897582  0.008404575  0.072250124  0.354451192 
        step    negloglik           mu     sigma.sq           SE           vh 
 3.000000000 47.757151066  1.089897582  0.008404575  0.072250124  0.354451192 
        step    negloglik           mu     sigma.sq           SE           vh 
 4.000000000 47.757151066  1.089897582  0.008404575  0.072250124  0.354451192 
[1] "Now starting analysis"
[1] "Starting with initial values"
        mu   sigma.sq         vh 
1.03192669 0.08447468 0.04223734 
       step   negloglik          mu    sigma.sq          vh 
 1.00000000 77.87808349  1.03192669  0.08447468  0.04223734 
       step   negloglik          mu    sigma.sq          vh 
 2.00000000 77.87808349  1.03192669  0.08447468  0.04223734 
       step   negloglik          mu    sigma.sq          vh 
 3.00000000 77.87808349  1.03192669  0.08447468  0.04223734 
[1] "Now starting analysis"
[1] "Starting with initial values"
        mu   sigma.sq         SE         bt 
1.03192669 0.08447468 0.04223734 1.00000000 
        step    negloglik           mu     sigma.sq           SE           bt 
 1.000000000 48.523326246  0.971049275  0.008622037  0.074886800  0.995312080 
[1] "New improvement found, resetting step counter"
        step    negloglik           mu     sigma.sq           SE           bt 
 2.000000000 46.561035192  1.076528564  0.008198368  0.073223513  0.524589040 
[1] "New improvement found, resetting step counter"
        step    negloglik           mu     sigma.sq           SE           bt 
 3.000000000 46.544234597  1.135898997  0.008102217  0.073946597  0.482284491 
        step    negloglik           mu     sigma.sq           SE           bt 
 4.000000000 46.544234597  1.135898997  0.008102217  0.073946597  0.482284491 
        step    negloglik           mu     sigma.sq           SE           bt 
 5.000000000 46.544234597  1.135898997  0.008102217  0.073946597  0.482284491 
[1] "Now starting analysis"
[1] "Starting with initial values"
        mu   sigma.sq         bt 
1.03192669 0.08447468 1.00000000 
       step   negloglik          mu    sigma.sq          bt 
 1.00000000 77.86677882  1.03192669  0.08447468  1.00000000 
       step   negloglik          mu    sigma.sq          bt 
 2.00000000 77.86677882  1.03192669  0.08447468  1.00000000 
[1] "New improvement found, resetting step counter"
       step   negloglik          mu    sigma.sq          bt 
 3.00000000 77.81725192  1.08041502  0.08609526  0.91344418 
[1] "New improvement found, resetting step counter"
       step   negloglik          mu    sigma.sq          bt 
 4.00000000 77.71609495  1.08357708  0.08769456  0.69441115 
       step   negloglik          mu    sigma.sq          bt 
 5.00000000 77.71609495  1.08357708  0.08769456  0.69441115 
[1] "New improvement found, resetting step counter"
       step   negloglik          mu    sigma.sq          bt 
 6.00000000 77.66136046  1.34089978  0.08607281  0.52078734 
[1] "New improvement found, resetting step counter"
       step   negloglik          mu    sigma.sq          bt 
 7.00000000 77.62871934  1.11490527  0.08494307  0.45259131 
       step   negloglik          mu    sigma.sq          bt 
 8.00000000 77.62871934  1.11490527  0.08494307  0.45259131 
       step   negloglik          mu    sigma.sq          bt 
 9.00000000 77.62871934  1.11490527  0.08494307  0.45259131 
[1] "Now starting analysis"
[1] "Starting with initial values"
        mu   sigma.sq         SE 
1.03192669 0.08447468 0.04223734 
       step   negloglik          mu    sigma.sq          SE 
 1.00000000 48.50807724  0.96049731  0.00949631  0.07263062 
[1] "New improvement found, resetting step counter"
       step   negloglik          mu    sigma.sq          SE 
 2.00000000 48.49722066  1.05654704  0.00949631  0.07263062 
       step   negloglik          mu    sigma.sq          SE 
 3.00000000 48.49722066  1.05654704  0.00949631  0.07263062 
       step   negloglik          mu    sigma.sq          SE 
 4.00000000 48.49722066  1.05654704  0.00949631  0.07263062 
[1] "Now starting analysis"
[1] "Starting with initial values"
        mu   sigma.sq 
1.03192669 0.08447468 
       step   negloglik          mu    sigma.sq 
 1.00000000 77.86677882  1.03192669  0.08447468 
       step   negloglik          mu    sigma.sq 
 2.00000000 77.86677882  1.03192669  0.08447468 
       step   negloglik          mu    sigma.sq 
 3.00000000 77.86677882  1.03192669  0.08447468 
