000 (066.1025.000) 07/26 17:14:46 Job submitted from host: <160.36.155.106:9618?addrs=160.36.155.106-9618&noUDP&sock=27742_4872_4>
...
012 (066.1025.000) 08/03 14:16:52 Job was held.
	via condor_hold (by user bomeara)
	Code 1 Subcode 0
...
013 (066.1025.000) 08/05 22:27:38 Job was released.
	via condor_release (by user bomeara)
...
012 (066.1025.000) 08/09 10:35:39 Job was held.
	via condor_hold (by user bomeara)
	Code 1 Subcode 0
...
013 (066.1025.000) 08/09 13:04:57 Job was released.
	via condor_release (by user bomeara)
...
001 (066.1025.000) 08/20 04:01:16 Job executing on host: <10.128.78.255:9618?addrs=10.128.78.255-9618&noUDP&sock=2316_296e_4>
...
006 (066.1025.000) 08/20 04:01:24 Image size of job updated: 243364
	238  -  MemoryUsage of job (MB)
	243364  -  ResidentSetSize of job (KB)
...
006 (066.1025.000) 08/20 04:16:25 Image size of job updated: 249784
	244  -  MemoryUsage of job (MB)
	249784  -  ResidentSetSize of job (KB)
...
006 (066.1025.000) 08/20 04:46:27 Image size of job updated: 249796
	244  -  MemoryUsage of job (MB)
	249796  -  ResidentSetSize of job (KB)
...
005 (066.1025.000) 09/04 03:33:30 Job terminated.
	(1) Normal termination (return value 0)
		Usr 14 23:00:37, Sys 0 00:02:36  -  Run Remote Usage
		Usr 0 00:00:00, Sys 0 00:00:00  -  Run Local Usage
		Usr 14 23:00:37, Sys 0 00:02:36  -  Total Remote Usage
		Usr 0 00:00:00, Sys 0 00:00:00  -  Total Local Usage
	31627  -  Run Bytes Sent By Job
	2422  -  Run Bytes Received By Job
	31627  -  Total Bytes Sent By Job
	2422  -  Total Bytes Received By Job
	Partitionable Resources :    Usage  Request Allocated 
	   Cpus                 :     1.00        1         1 
	   Disk (KB)            :    49           4    893021 
	   Memory (MB)          :   244           1       128 
...
