[1] "args"
[1] "66"   "1741"
[1] "Now starting analysis"
[1] "Starting with initial values"
         mu    sigma.sq          SE          bt          vh 
0.696345939 0.009279825 0.004639912 1.000000000 0.004639912 
         step     negloglik            mu      sigma.sq            SE 
 1.000000e+00 -3.359448e+01  7.904788e-01  9.132669e-03  2.217253e-07 
           bt            vh 
 9.782016e-01  2.081026e-02 
[1] "New improvement found, resetting step counter"
         step     negloglik            mu      sigma.sq            SE 
 2.000000e+00 -3.378950e+01  6.409977e-01  9.136192e-03  3.601777e-05 
           bt            vh 
 9.136798e-01  9.123965e-04 
         step     negloglik            mu      sigma.sq            SE 
 3.000000e+00 -3.378950e+01  6.409977e-01  9.136192e-03  3.601777e-05 
           bt            vh 
 9.136798e-01  9.123965e-04 
[1] "New improvement found, resetting step counter"
         step     negloglik            mu      sigma.sq            SE 
 4.000000e+00 -3.385634e+01  7.042526e-01  9.220472e-03  2.558020e-06 
           bt            vh 
 8.867654e-01  5.313219e-04 
         step     negloglik            mu      sigma.sq            SE 
 5.000000e+00 -3.385634e+01  7.042526e-01  9.220472e-03  2.558020e-06 
           bt            vh 
 8.867654e-01  5.313219e-04 
         step     negloglik            mu      sigma.sq            SE 
 6.000000e+00 -3.385634e+01  7.042526e-01  9.220472e-03  2.558020e-06 
           bt            vh 
 8.867654e-01  5.313219e-04 
[1] "Now starting analysis"
[1] "Starting with initial values"
         mu    sigma.sq          bt          vh 
0.696345939 0.009279825 1.000000000 0.004639912 
         step     negloglik            mu      sigma.sq            bt 
 1.000000e+00 -3.364165e+01  7.483904e-01  9.384000e-03  9.999672e-01 
           vh 
 4.796683e-04 
[1] "New improvement found, resetting step counter"
         step     negloglik            mu      sigma.sq            bt 
  2.000000000 -33.677090773   0.744096436   0.009664267   0.964988659 
           vh 
  0.003142152 
[1] "New improvement found, resetting step counter"
         step     negloglik            mu      sigma.sq            bt 
  3.000000000 -33.808632290   0.701737359   0.009514530   0.892088713 
           vh 
  0.005716025 
         step     negloglik            mu      sigma.sq            bt 
  4.000000000 -33.808632290   0.701737359   0.009514530   0.892088713 
           vh 
  0.005716025 
         step     negloglik            mu      sigma.sq            bt 
  5.000000000 -33.808632290   0.701737359   0.009514530   0.892088713 
           vh 
  0.005716025 
[1] "Now starting analysis"
[1] "Starting with initial values"
         mu    sigma.sq          SE          vh 
0.696345939 0.009279825 0.004639912 0.004639912 
         step     negloglik            mu      sigma.sq            SE 
 1.000000e+00 -3.361454e+01  7.073580e-01  9.248960e-03  1.773633e-05 
           vh 
 9.251734e-03 
[1] "New improvement found, resetting step counter"
         step     negloglik            mu      sigma.sq            SE 
 2.000000e+00 -3.365100e+01  7.030325e-01  9.244373e-03  2.434669e-06 
           vh 
 2.388424e-04 
         step     negloglik            mu      sigma.sq            SE 
 3.000000e+00 -3.365100e+01  7.030325e-01  9.244373e-03  2.434669e-06 
           vh 
 2.388424e-04 
         step     negloglik            mu      sigma.sq            SE 
 4.000000e+00 -3.365100e+01  7.030325e-01  9.244373e-03  2.434669e-06 
           vh 
 2.388424e-04 
[1] "Now starting analysis"
[1] "Starting with initial values"
         mu    sigma.sq          vh 
0.696345939 0.009279825 0.004639912 
         step     negloglik            mu      sigma.sq            vh 
  1.000000000 -33.640029317   0.696345939   0.009279825   0.004639912 
         step     negloglik            mu      sigma.sq            vh 
  2.000000000 -33.640029317   0.696345939   0.009279825   0.004639912 
         step     negloglik            mu      sigma.sq            vh 
  3.000000000 -33.640029317   0.696345939   0.009279825   0.004639912 
[1] "Now starting analysis"
[1] "Starting with initial values"
         mu    sigma.sq          SE          bt 
0.696345939 0.009279825 0.004639912 1.000000000 
         step     negloglik            mu      sigma.sq            SE 
 1.000000e+00 -3.388128e+01  7.618828e-01  9.397777e-03  5.905150e-06 
           bt 
 8.011982e-01 
         step     negloglik            mu      sigma.sq            SE 
 2.000000e+00 -3.388128e+01  7.618828e-01  9.397777e-03  5.905150e-06 
           bt 
 8.011982e-01 
[1] "New improvement found, but slight; taking the best value, but not resetting the step counter"
         step     negloglik            mu      sigma.sq            SE 
 3.000000e+00 -3.388830e+01  7.070703e-01  9.457477e-03  1.176557e-06 
           bt 
 8.054737e-01 
[1] "Now starting analysis"
[1] "Starting with initial values"
         mu    sigma.sq          bt 
0.696345939 0.009279825 1.000000000 
         step     negloglik            mu      sigma.sq            bt 
  1.000000000 -33.894305008   0.723864506   0.009131532   0.828444493 
         step     negloglik            mu      sigma.sq            bt 
  2.000000000 -33.894305008   0.723864506   0.009131532   0.828444493 
[1] "New improvement found, but slight; taking the best value, but not resetting the step counter"
         step     negloglik            mu      sigma.sq            bt 
  3.000000000 -33.900830875   0.702814240   0.009276795   0.812496719 
[1] "Now starting analysis"
[1] "Starting with initial values"
         mu    sigma.sq          SE 
0.696345939 0.009279825 0.004639912 
         step     negloglik            mu      sigma.sq            SE 
 1.000000e+00 -3.361553e+01  7.353415e-01  9.508597e-03  2.959853e-05 
[1] "New improvement found, resetting step counter"
         step     negloglik            mu      sigma.sq            SE 
 2.000000e+00 -3.362560e+01  6.618130e-01  9.506025e-03  2.076510e-05 
[1] "New improvement found, resetting step counter"
         step     negloglik            mu      sigma.sq            SE 
 3.000000e+00 -3.364335e+01  7.414526e-01  9.277159e-03  5.383517e-06 
         step     negloglik            mu      sigma.sq            SE 
 4.000000e+00 -3.364335e+01  7.414526e-01  9.277159e-03  5.383517e-06 
         step     negloglik            mu      sigma.sq            SE 
 5.000000e+00 -3.364335e+01  7.414526e-01  9.277159e-03  5.383517e-06 
[1] "Now starting analysis"
[1] "Starting with initial values"
         mu    sigma.sq 
0.696345939 0.009279825 
         step     negloglik            mu      sigma.sq 
  1.000000000 -33.654475961   0.696345939   0.009279825 
         step     negloglik            mu      sigma.sq 
  2.000000000 -33.654475961   0.696345939   0.009279825 
         step     negloglik            mu      sigma.sq 
  3.000000000 -33.654475961   0.696345939   0.009279825 
