000 (066.1401.000) 07/26 17:14:46 Job submitted from host: <160.36.155.106:9618?addrs=160.36.155.106-9618&noUDP&sock=27742_4872_4>
...
012 (066.1401.000) 08/03 14:17:11 Job was held.
	via condor_hold (by user bomeara)
	Code 1 Subcode 0
...
013 (066.1401.000) 08/05 22:27:58 Job was released.
	via condor_release (by user bomeara)
...
012 (066.1401.000) 08/09 10:36:04 Job was held.
	via condor_hold (by user bomeara)
	Code 1 Subcode 0
...
013 (066.1401.000) 08/09 13:05:16 Job was released.
	via condor_release (by user bomeara)
...
001 (066.1401.000) 09/04 07:55:37 Job executing on host: <10.129.167.211:9618?addrs=10.129.167.211-9618&noUDP&sock=2343_ae7c_4>
...
006 (066.1401.000) 09/04 07:55:45 Image size of job updated: 243400
	238  -  MemoryUsage of job (MB)
	243376  -  ResidentSetSize of job (KB)
...
006 (066.1401.000) 09/04 08:00:45 Image size of job updated: 246400
	241  -  MemoryUsage of job (MB)
	246376  -  ResidentSetSize of job (KB)
...
006 (066.1401.000) 09/04 08:45:49 Image size of job updated: 246420
	241  -  MemoryUsage of job (MB)
	246376  -  ResidentSetSize of job (KB)
...
006 (066.1401.000) 09/04 09:10:51 Image size of job updated: 246448
	241  -  MemoryUsage of job (MB)
	246376  -  ResidentSetSize of job (KB)
...
022 (066.1401.000) 09/04 12:12:48 Job disconnected, attempting to reconnect
    Socket between submit and execute hosts closed unexpectedly
    Trying to reconnect to slot1_23@omearaclusterc <10.129.167.211:9618?addrs=10.129.167.211-9618&noUDP&sock=2343_ae7c_4>
...
024 (066.1401.000) 09/04 12:52:51 Job reconnection failed
    Job disconnected too long: JobLeaseDuration (2400 seconds) expired
    Can not reconnect to slot1_23@omearaclusterc, rescheduling job
...
001 (066.1401.000) 09/10 08:08:00 Job executing on host: <10.129.213.175:9618?addrs=10.129.213.175-9618&noUDP&sock=2702_ecfc_4>
...
006 (066.1401.000) 10/12 12:44:55 Image size of job updated: 455856
	245  -  MemoryUsage of job (MB)
	250000  -  ResidentSetSize of job (KB)
...
005 (066.1401.000) 10/12 12:44:55 Job terminated.
	(1) Normal termination (return value 0)
		Usr 32 04:18:31, Sys 0 00:01:47  -  Run Remote Usage
		Usr 0 00:00:00, Sys 0 00:00:00  -  Run Local Usage
		Usr 32 04:18:31, Sys 0 00:01:47  -  Total Remote Usage
		Usr 0 00:00:00, Sys 0 00:00:00  -  Total Local Usage
	32813  -  Run Bytes Sent By Job
	2422  -  Run Bytes Received By Job
	32813  -  Total Bytes Sent By Job
	4844  -  Total Bytes Received By Job
	Partitionable Resources :    Usage  Request Allocated 
	   Cpus                 :     1.00        1         1 
	   Disk (KB)            :    51          75   1811553 
	   Memory (MB)          :   245         245       256 
...
