000 (066.1130.000) 07/26 17:14:46 Job submitted from host: <160.36.155.106:9618?addrs=160.36.155.106-9618&noUDP&sock=27742_4872_4>
...
012 (066.1130.000) 08/03 14:16:58 Job was held.
	via condor_hold (by user bomeara)
	Code 1 Subcode 0
...
013 (066.1130.000) 08/05 22:27:44 Job was released.
	via condor_release (by user bomeara)
...
012 (066.1130.000) 08/09 10:35:46 Job was held.
	via condor_hold (by user bomeara)
	Code 1 Subcode 0
...
013 (066.1130.000) 08/09 13:05:03 Job was released.
	via condor_release (by user bomeara)
...
001 (066.1130.000) 08/29 11:23:01 Job executing on host: <10.130.210.206:9618?addrs=10.130.210.206-9618&noUDP&sock=76684_6c96_4>
...
006 (066.1130.000) 08/29 11:23:11 Image size of job updated: 220548
	216  -  MemoryUsage of job (MB)
	220548  -  ResidentSetSize of job (KB)
...
006 (066.1130.000) 08/29 11:28:11 Image size of job updated: 227116
	222  -  MemoryUsage of job (MB)
	227116  -  ResidentSetSize of job (KB)
...
006 (066.1130.000) 08/29 13:28:24 Image size of job updated: 232488
	228  -  MemoryUsage of job (MB)
	232488  -  ResidentSetSize of job (KB)
...
005 (066.1130.000) 08/29 18:05:55 Job terminated.
	(1) Normal termination (return value 0)
		Usr 0 06:42:28, Sys 0 00:00:01  -  Run Remote Usage
		Usr 0 00:00:00, Sys 0 00:00:00  -  Run Local Usage
		Usr 0 06:42:28, Sys 0 00:00:01  -  Total Remote Usage
		Usr 0 00:00:00, Sys 0 00:00:00  -  Total Local Usage
	27938  -  Run Bytes Sent By Job
	2422  -  Run Bytes Received By Job
	27938  -  Total Bytes Sent By Job
	2422  -  Total Bytes Received By Job
	Partitionable Resources :    Usage  Request Allocated 
	   Cpus                 :     0.99        1         1 
	   Disk (KB)            :    45           4    813884 
	   Memory (MB)          :   228           1       128 
...
