[1] "args"
[1] "66"   "1110"
[1] "Now starting analysis"
[1] "Starting with initial values"
         mu    sigma.sq          SE          bt          vh 
2.443857839 0.012121339 0.006060669 1.000000000 0.006060669 
         step     negloglik            mu      sigma.sq            SE 
 1.000000e+00 -1.264848e+01  1.956645e+00  4.241179e-03  6.203413e-03 
           bt            vh 
 4.036217e+00  1.143762e-04 
[1] "New improvement found, resetting step counter"
         step     negloglik            mu      sigma.sq            SE 
 2.000000e+00 -1.266088e+01  1.944709e+00  4.313399e-03  6.369939e-03 
           bt            vh 
 4.243860e+00  1.479583e-04 
         step     negloglik            mu      sigma.sq            SE 
 3.000000e+00 -1.266088e+01  1.944709e+00  4.313399e-03  6.369939e-03 
           bt            vh 
 4.243860e+00  1.479583e-04 
         step     negloglik            mu      sigma.sq            SE 
 4.000000e+00 -1.266088e+01  1.944709e+00  4.313399e-03  6.369939e-03 
           bt            vh 
 4.243860e+00  1.479583e-04 
[1] "Now starting analysis"
[1] "Starting with initial values"
         mu    sigma.sq          bt          vh 
2.443857839 0.012121339 1.000000000 0.006060669 
         step     negloglik            mu      sigma.sq            bt 
 1.000000e+00 -1.237263e+01  1.911098e+00  8.531271e-03  4.277227e+00 
           vh 
 3.028721e-04 
         step     negloglik            mu      sigma.sq            bt 
 2.000000e+00 -1.237263e+01  1.911098e+00  8.531271e-03  4.277227e+00 
           vh 
 3.028721e-04 
         step     negloglik            mu      sigma.sq            bt 
 3.000000e+00 -1.237263e+01  1.911098e+00  8.531271e-03  4.277227e+00 
           vh 
 3.028721e-04 
[1] "Now starting analysis"
[1] "Starting with initial values"
         mu    sigma.sq          SE          vh 
2.443857839 0.012121339 0.006060669 0.006060669 
         step     negloglik            mu      sigma.sq            SE 
  1.000000000 -10.790076900   1.975294142   0.007192722   0.001514776 
           vh 
  1.513969697 
[1] "New improvement found, resetting step counter"
         step     negloglik            mu      sigma.sq            SE 
  2.000000000 -10.804138663   1.943389158   0.007139844   0.001435507 
           vh 
  1.900355914 
         step     negloglik            mu      sigma.sq            SE 
  3.000000000 -10.804138663   1.943389158   0.007139844   0.001435507 
           vh 
  1.900355914 
         step     negloglik            mu      sigma.sq            SE 
  4.000000000 -10.804138663   1.943389158   0.007139844   0.001435507 
           vh 
  1.900355914 
[1] "Now starting analysis"
[1] "Starting with initial values"
         mu    sigma.sq          vh 
2.443857839 0.012121339 0.006060669 
        step    negloglik           mu     sigma.sq           vh 
  1.00000000 -10.44644502   1.98284499   0.00848426   1.55563632 
[1] "New improvement found, but slight; taking the best value, but not resetting the step counter"
        step    negloglik           mu     sigma.sq           vh 
  2.00000000 -10.45514349   1.98284499   0.00848426   1.75392082 
[1] "New improvement found, but slight; taking the best value, but not resetting the step counter"
         step     negloglik            mu      sigma.sq            vh 
  3.000000000 -10.456599565   1.947655645   0.008501221   1.867590417 
[1] "Now starting analysis"
[1] "Starting with initial values"
         mu    sigma.sq          SE          bt 
2.443857839 0.012121339 0.006060669 1.000000000 
         step     negloglik            mu      sigma.sq            SE 
  1.000000000 -12.832011285   1.909442770   0.006278670   0.002203526 
           bt 
  4.308275338 
[1] "New improvement found, but slight; taking the best value, but not resetting the step counter"
         step     negloglik            mu      sigma.sq            SE 
  2.000000000 -12.833166088   1.949727304   0.006318200   0.002204535 
           bt 
  4.180405918 
         step     negloglik            mu      sigma.sq            SE 
  3.000000000 -12.833166088   1.949727304   0.006318200   0.002204535 
           bt 
  4.180405918 
[1] "Now starting analysis"
[1] "Starting with initial values"
        mu   sigma.sq         bt 
2.44385784 0.01212134 1.00000000 
         step     negloglik            mu      sigma.sq            bt 
  1.000000000 -12.373437795   1.941049467   0.008274047   4.146571997 
         step     negloglik            mu      sigma.sq            bt 
  2.000000000 -12.373437795   1.941049467   0.008274047   4.146571997 
[1] "New improvement found, but slight; taking the best value, but not resetting the step counter"
         step     negloglik            mu      sigma.sq            bt 
  3.000000000 -12.373689155   1.944610249   0.008511454   4.156210259 
[1] "Now starting analysis"
[1] "Starting with initial values"
         mu    sigma.sq          SE 
2.443857839 0.012121339 0.006060669 
         step     negloglik            mu      sigma.sq            SE 
 1.000000e+00 -6.128642e+00  2.433570e+00  1.254246e-02  9.748755e-06 
         step     negloglik            mu      sigma.sq            SE 
 2.000000e+00 -6.128642e+00  2.433570e+00  1.254246e-02  9.748755e-06 
         step     negloglik            mu      sigma.sq            SE 
 3.000000e+00 -6.128642e+00  2.433570e+00  1.254246e-02  9.748755e-06 
[1] "Now starting analysis"
[1] "Starting with initial values"
        mu   sigma.sq 
2.44385784 0.01212134 
       step   negloglik          mu    sigma.sq 
 1.00000000 -6.14242323  2.53846522  0.01287833 
[1] "New improvement found, but slight; taking the best value, but not resetting the step counter"
       step   negloglik          mu    sigma.sq 
 2.00000000 -6.14261234  2.54504805  0.01260332 
       step   negloglik          mu    sigma.sq 
 3.00000000 -6.14261234  2.54504805  0.01260332 
