[1] "args"
[1] "66"  "221"
[1] "Now starting analysis"
[1] "Starting with initial values"
         mu    sigma.sq          SE          bt          vh 
0.556745882 0.012337183 0.006168591 1.000000000 0.006168591 
         step     negloglik            mu      sigma.sq            SE 
 1.000000e+00 -2.191192e+01  7.142153e-01  1.202450e-02  1.661229e-04 
           bt            vh 
 9.504409e-01  1.401914e-05 
[1] "New improvement found, but slight; taking the best value, but not resetting the step counter"
         step     negloglik            mu      sigma.sq            SE 
 2.000000e+00 -2.191353e+01  7.650036e-01  1.203264e-02  1.746429e-04 
           bt            vh 
 9.435831e-01  3.226444e-04 
         step     negloglik            mu      sigma.sq            SE 
 3.000000e+00 -2.191353e+01  7.650036e-01  1.203264e-02  1.746429e-04 
           bt            vh 
 9.435831e-01  3.226444e-04 
[1] "Now starting analysis"
[1] "Starting with initial values"
         mu    sigma.sq          bt          vh 
0.556745882 0.012337183 1.000000000 0.006168591 
         step     negloglik            mu      sigma.sq            bt 
 1.000000e+00 -2.165057e+01  6.867962e-01  1.272424e-02  9.997349e-01 
           vh 
 3.213126e-04 
[1] "New improvement found, resetting step counter"
         step     negloglik            mu      sigma.sq            bt 
 2.000000e+00 -2.169616e+01  7.294471e-01  1.247199e-02  9.888921e-01 
           vh 
 2.463422e-04 
[1] "New improvement found, resetting step counter"
         step     negloglik            mu      sigma.sq            bt 
  3.000000000 -21.732726528   0.723061982   0.012182985   0.970796792 
           vh 
  0.000296877 
         step     negloglik            mu      sigma.sq            bt 
  4.000000000 -21.732726528   0.723061982   0.012182985   0.970796792 
           vh 
  0.000296877 
         step     negloglik            mu      sigma.sq            bt 
  5.000000000 -21.732726528   0.723061982   0.012182985   0.970796792 
           vh 
  0.000296877 
[1] "Now starting analysis"
[1] "Starting with initial values"
         mu    sigma.sq          SE          vh 
0.556745882 0.012337183 0.006168591 0.006168591 
         step     negloglik            mu      sigma.sq            SE 
 1.000000e+00 -2.176363e+01  6.150428e-01  1.196369e-02  1.901708e-04 
           vh 
 1.425974e-04 
[1] "New improvement found, resetting step counter"
         step     negloglik            mu      sigma.sq            SE 
 2.000000e+00 -2.178125e+01  6.765470e-01  1.196369e-02  1.901708e-04 
           vh 
 1.425974e-04 
         step     negloglik            mu      sigma.sq            SE 
 3.000000e+00 -2.178125e+01  6.765470e-01  1.196369e-02  1.901708e-04 
           vh 
 1.425974e-04 
         step     negloglik            mu      sigma.sq            SE 
 4.000000e+00 -2.178125e+01  6.765470e-01  1.196369e-02  1.901708e-04 
           vh 
 1.425974e-04 
[1] "Now starting analysis"
[1] "Starting with initial values"
         mu    sigma.sq          vh 
0.556745882 0.012337183 0.006168591 
         step     negloglik            mu      sigma.sq            vh 
 1.000000e+00 -2.164929e+01  6.616095e-01  1.242651e-02  4.921208e-04 
         step     negloglik            mu      sigma.sq            vh 
 2.000000e+00 -2.164929e+01  6.616095e-01  1.242651e-02  4.921208e-04 
         step     negloglik            mu      sigma.sq            vh 
 3.000000e+00 -2.164929e+01  6.616095e-01  1.242651e-02  4.921208e-04 
[1] "Now starting analysis"
[1] "Starting with initial values"
         mu    sigma.sq          SE          bt 
0.556745882 0.012337183 0.006168591 1.000000000 
         step     negloglik            mu      sigma.sq            SE 
 1.000000e+00 -2.191055e+01  7.173053e-01  1.203732e-02  1.438676e-04 
           bt 
 9.463235e-01 
[1] "New improvement found, but slight; taking the best value, but not resetting the step counter"
         step     negloglik            mu      sigma.sq            SE 
 2.000000e+00 -2.191702e+01  7.688085e-01  1.205851e-02  1.780532e-04 
           bt 
 9.378939e-01 
         step     negloglik            mu      sigma.sq            SE 
 3.000000e+00 -2.191702e+01  7.688085e-01  1.205851e-02  1.780532e-04 
           bt 
 9.378939e-01 
[1] "Now starting analysis"
[1] "Starting with initial values"
        mu   sigma.sq         bt 
0.55674588 0.01233718 1.00000000 
        step    negloglik           mu     sigma.sq           bt 
  1.00000000 -21.78332882   0.73982151   0.01241585   0.94765896 
        step    negloglik           mu     sigma.sq           bt 
  2.00000000 -21.78332882   0.73982151   0.01241585   0.94765896 
        step    negloglik           mu     sigma.sq           bt 
  3.00000000 -21.78332882   0.73982151   0.01241585   0.94765896 
[1] "Now starting analysis"
[1] "Starting with initial values"
         mu    sigma.sq          SE 
0.556745882 0.012337183 0.006168591 
         step     negloglik            mu      sigma.sq            SE 
 1.000000e+00 -2.177183e+01  6.313391e-01  1.202062e-02  2.019885e-04 
[1] "New improvement found, resetting step counter"
         step     negloglik            mu      sigma.sq            SE 
 2.000000e+00 -2.178274e+01  6.944730e-01  1.202062e-02  2.019885e-04 
         step     negloglik            mu      sigma.sq            SE 
 3.000000e+00 -2.178274e+01  6.944730e-01  1.202062e-02  2.019885e-04 
         step     negloglik            mu      sigma.sq            SE 
 4.000000e+00 -2.178274e+01  6.944730e-01  1.202062e-02  2.019885e-04 
[1] "Now starting analysis"
[1] "Starting with initial values"
        mu   sigma.sq 
0.55674588 0.01233718 
        step    negloglik           mu     sigma.sq 
  1.00000000 -21.65077827   0.66809506   0.01233718 
        step    negloglik           mu     sigma.sq 
  2.00000000 -21.65077827   0.66809506   0.01233718 
        step    negloglik           mu     sigma.sq 
  3.00000000 -21.65077827   0.66809506   0.01233718 
