[1] "args"
[1] "66"  "533"
[1] "Now starting analysis"
[1] "Starting with initial values"
         mu    sigma.sq          SE          bt          vh 
1.269515193 0.011768831 0.005884416 1.000000000 0.005884416 
         step     negloglik            mu      sigma.sq            SE 
 1.000000e+00 -3.456959e+01  1.249872e+00  9.974915e-03  1.442674e-07 
           bt            vh 
 8.641778e-01  1.547001e-01 
[1] "New improvement found, resetting step counter"
         step     negloglik            mu      sigma.sq            SE 
 2.000000e+00 -3.487061e+01  9.241599e-01  9.975371e-03  1.128299e-06 
           bt            vh 
 9.000139e-01  1.876330e-01 
[1] "New improvement found, resetting step counter"
         step     negloglik            mu      sigma.sq            SE 
 3.000000e+00 -3.488186e+01  7.787130e-01  9.965514e-03  1.350548e-06 
           bt            vh 
 9.036781e-01  2.164574e-01 
         step     negloglik            mu      sigma.sq            SE 
 4.000000e+00 -3.488186e+01  7.787130e-01  9.965514e-03  1.350548e-06 
           bt            vh 
 9.036781e-01  2.164574e-01 
         step     negloglik            mu      sigma.sq            SE 
 5.000000e+00 -3.488186e+01  7.787130e-01  9.965514e-03  1.350548e-06 
           bt            vh 
 9.036781e-01  2.164574e-01 
[1] "Now starting analysis"
[1] "Starting with initial values"
         mu    sigma.sq          bt          vh 
1.269515193 0.011768831 1.000000000 0.005884416 
         step     negloglik            mu      sigma.sq            bt 
  1.000000000 -34.823443926   0.926681359   0.009797423   0.896006332 
           vh 
  0.247484777 
[1] "New improvement found, resetting step counter"
        step    negloglik           mu     sigma.sq           bt           vh 
  2.00000000 -34.88629034   0.82782542   0.01014129   0.90068934   0.20387000 
        step    negloglik           mu     sigma.sq           bt           vh 
  3.00000000 -34.88629034   0.82782542   0.01014129   0.90068934   0.20387000 
        step    negloglik           mu     sigma.sq           bt           vh 
  4.00000000 -34.88629034   0.82782542   0.01014129   0.90068934   0.20387000 
[1] "Now starting analysis"
[1] "Starting with initial values"
         mu    sigma.sq          SE          vh 
1.269515193 0.011768831 0.005884416 0.005884416 
         step     negloglik            mu      sigma.sq            SE 
 1.000000e+00 -3.386975e+01  1.336305e+00  1.017317e-02  1.848150e-06 
           vh 
 1.563383e-01 
[1] "New improvement found, resetting step counter"
         step     negloglik            mu      sigma.sq            SE 
 2.000000e+00 -3.473030e+01  6.691160e-01  1.017432e-02  1.662060e-06 
           vh 
 2.369643e-01 
         step     negloglik            mu      sigma.sq            SE 
 3.000000e+00 -3.473030e+01  6.691160e-01  1.017432e-02  1.662060e-06 
           vh 
 2.369643e-01 
         step     negloglik            mu      sigma.sq            SE 
 4.000000e+00 -3.473030e+01  6.691160e-01  1.017432e-02  1.662060e-06 
           vh 
 2.369643e-01 
[1] "Now starting analysis"
[1] "Starting with initial values"
         mu    sigma.sq          vh 
1.269515193 0.011768831 0.005884416 
         step     negloglik            mu      sigma.sq            vh 
  1.000000000 -34.755717469   0.716906299   0.009821947   0.235359572 
         step     negloglik            mu      sigma.sq            vh 
  2.000000000 -34.755717469   0.716906299   0.009821947   0.235359572 
         step     negloglik            mu      sigma.sq            vh 
  3.000000000 -34.755717469   0.716906299   0.009821947   0.235359572 
[1] "Now starting analysis"
[1] "Starting with initial values"
         mu    sigma.sq          SE          bt 
1.269515193 0.011768831 0.005884416 1.000000000 
         step     negloglik            mu      sigma.sq            SE 
 1.000000e+00 -3.348358e+01  1.387376e+00  1.093598e-02  3.311630e-07 
           bt 
 8.884923e-01 
[1] "New improvement found, resetting step counter"
         step     negloglik            mu      sigma.sq            SE 
 2.000000e+00 -3.350987e+01  1.310661e+00  1.093578e-02  6.346155e-09 
           bt 
 8.880108e-01 
         step     negloglik            mu      sigma.sq            SE 
 3.000000e+00 -3.350987e+01  1.310661e+00  1.093578e-02  6.346155e-09 
           bt 
 8.880108e-01 
         step     negloglik            mu      sigma.sq            SE 
 4.000000e+00 -3.350987e+01  1.310661e+00  1.093578e-02  6.346155e-09 
           bt 
 8.880108e-01 
[1] "Now starting analysis"
[1] "Starting with initial values"
        mu   sigma.sq         bt 
1.26951519 0.01176883 1.00000000 
        step    negloglik           mu     sigma.sq           bt 
  1.00000000 -33.48741992   1.34216748   0.01127522   0.89221656 
[1] "New improvement found, resetting step counter"
        step    negloglik           mu     sigma.sq           bt 
  2.00000000 -33.50608361   1.31146409   0.01111138   0.88667881 
        step    negloglik           mu     sigma.sq           bt 
  3.00000000 -33.50608361   1.31146409   0.01111138   0.88667881 
[1] "New improvement found, but slight; taking the best value, but not resetting the step counter"
        step    negloglik           mu     sigma.sq           bt 
  4.00000000 -33.50941961   1.31242656   0.01102359   0.89390518 
[1] "Now starting analysis"
[1] "Starting with initial values"
         mu    sigma.sq          SE 
1.269515193 0.011768831 0.005884416 
         step     negloglik            mu      sigma.sq            SE 
 1.000000e+00 -3.270600e+01  1.318850e+00  1.131247e-02  1.667417e-08 
[1] "New improvement found, resetting step counter"
         step     negloglik            mu      sigma.sq            SE 
 2.000000e+00 -3.287373e+01  1.124074e+00  1.131314e-02  2.379834e-06 
         step     negloglik            mu      sigma.sq            SE 
 3.000000e+00 -3.287373e+01  1.124074e+00  1.131314e-02  2.379834e-06 
[1] "New improvement found, resetting step counter"
         step     negloglik            mu      sigma.sq            SE 
 4.000000e+00 -3.288891e+01  1.123255e+00  1.128714e-02  2.254113e-07 
         step     negloglik            mu      sigma.sq            SE 
 5.000000e+00 -3.288891e+01  1.123255e+00  1.128714e-02  2.254113e-07 
         step     negloglik            mu      sigma.sq            SE 
 6.000000e+00 -3.288891e+01  1.123255e+00  1.128714e-02  2.254113e-07 
[1] "Now starting analysis"
[1] "Starting with initial values"
        mu   sigma.sq 
1.26951519 0.01176883 
        step    negloglik           mu     sigma.sq 
  1.00000000 -32.88189478   1.14820265   0.01090487 
[1] "New improvement found, but slight; taking the best value, but not resetting the step counter"
      step  negloglik         mu   sigma.sq 
  2.000000 -32.889265   1.076384   0.011017 
[1] "New improvement found, but slight; taking the best value, but not resetting the step counter"
        step    negloglik           mu     sigma.sq 
  3.00000000 -32.89422541   1.08817202   0.01113359 
