[1] "args"
[1] "66"  "774"
[1] "Now starting analysis"
[1] "Starting with initial values"
      mu sigma.sq       SE       bt       vh 
1.656856 5.922306 2.961153 1.000000 2.961153 
        step    negloglik           mu     sigma.sq           SE           bt 
 1.000000000 11.201407634  0.771906215  0.003937153  0.072973955  1.175168227 
          vh 
 5.982719355 
[1] "New improvement found, resetting step counter"
        step    negloglik           mu     sigma.sq           SE           bt 
2.000000e+00 6.139557e+00 1.334276e+00 9.330198e-05 9.272715e-02 2.109096e+00 
          vh 
1.296272e-04 
        step    negloglik           mu     sigma.sq           SE           bt 
3.000000e+00 6.139557e+00 1.334276e+00 9.330198e-05 9.272715e-02 2.109096e+00 
          vh 
1.296272e-04 
        step    negloglik           mu     sigma.sq           SE           bt 
4.000000e+00 6.139557e+00 1.334276e+00 9.330198e-05 9.272715e-02 2.109096e+00 
          vh 
1.296272e-04 
[1] "Now starting analysis"
[1] "Starting with initial values"
      mu sigma.sq       bt       vh 
1.656856 5.922306 1.000000 2.961153 
     step negloglik        mu  sigma.sq        bt        vh 
 1.000000 79.907290  1.656856  5.922306  1.592231  2.961153 
     step negloglik        mu  sigma.sq        bt        vh 
 2.000000 79.907290  1.656856  5.922306  1.592231  2.961153 
     step negloglik        mu  sigma.sq        bt        vh 
 3.000000 79.907290  1.656856  5.922306  1.592231  2.961153 
[1] "Now starting analysis"
[1] "Starting with initial values"
      mu sigma.sq       SE       vh 
1.656856 5.922306 2.961153 2.961153 
        step    negloglik           mu     sigma.sq           SE           vh 
1.0000000000 8.8606156396 1.3843399157 0.0003811023 0.0752009113 7.1102424576 
[1] "New improvement found, resetting step counter"
        step    negloglik           mu     sigma.sq           SE           vh 
2.0000000000 7.9868947929 1.3914272619 0.0004128722 0.0782576660 0.4432227203 
[1] "New improvement found, but slight; taking the best value, but not resetting the step counter"
        step    negloglik           mu     sigma.sq           SE           vh 
3.0000000000 7.9864369194 1.3771764107 0.0002851043 0.0827001241 0.4519155993 
        step    negloglik           mu     sigma.sq           SE           vh 
4.0000000000 7.9864369194 1.3771764107 0.0002851043 0.0827001241 0.4519155993 
[1] "Now starting analysis"
[1] "Starting with initial values"
      mu sigma.sq       vh 
1.656856 5.922306 2.961153 
     step negloglik        mu  sigma.sq        vh 
 1.000000 79.907791  1.656856  5.922306  2.961153 
     step negloglik        mu  sigma.sq        vh 
 2.000000 79.907791  1.656856  5.922306  2.961153 
     step negloglik        mu  sigma.sq        vh 
 3.000000 79.907791  1.656856  5.922306  2.961153 
[1] "Now starting analysis"
[1] "Starting with initial values"
      mu sigma.sq       SE       bt 
1.656856 5.922306 2.961153 1.000000 
       step   negloglik          mu    sigma.sq          SE          bt 
 1.00000000 24.19550763  5.16792184  0.06111351  0.04036396  4.72842700 
[1] "New improvement found, resetting step counter"
        step    negloglik           mu     sigma.sq           SE           bt 
2.000000e+00 6.089904e+00 1.350363e+00 3.160053e-06 7.484013e-02 1.952214e+00 
        step    negloglik           mu     sigma.sq           SE           bt 
3.000000e+00 6.089904e+00 1.350363e+00 3.160053e-06 7.484013e-02 1.952214e+00 
[1] "New improvement found, resetting step counter"
        step    negloglik           mu     sigma.sq           SE           bt 
4.000000e+00 5.895316e+00 1.343660e+00 1.037537e-06 8.108200e-02 2.133599e+00 
        step    negloglik           mu     sigma.sq           SE           bt 
5.000000e+00 5.895316e+00 1.343660e+00 1.037537e-06 8.108200e-02 2.133599e+00 
        step    negloglik           mu     sigma.sq           SE           bt 
6.000000e+00 5.895316e+00 1.343660e+00 1.037537e-06 8.108200e-02 2.133599e+00 
[1] "Now starting analysis"
[1] "Starting with initial values"
      mu sigma.sq       bt 
1.656856 5.922306 1.000000 
     step negloglik        mu  sigma.sq        bt 
 1.000000 79.898522  1.656856  5.922306  1.592231 
     step negloglik        mu  sigma.sq        bt 
 2.000000 79.898522  1.656856  5.922306  1.592231 
     step negloglik        mu  sigma.sq        bt 
 3.000000 79.898522  1.656856  5.922306  1.592231 
[1] "Now starting analysis"
[1] "Starting with initial values"
      mu sigma.sq       SE 
1.656856 5.922306 2.961153 
       step   negloglik          mu    sigma.sq          SE 
 1.00000000 28.97390175  7.80602656  0.10773556  0.03665082 
[1] "New improvement found, resetting step counter"
       step   negloglik          mu    sigma.sq          SE 
2.000000000 9.000989588 1.707262540 0.003048706 0.073724753 
       step   negloglik          mu    sigma.sq          SE 
3.000000000 9.000989588 1.707262540 0.003048706 0.073724753 
       step   negloglik          mu    sigma.sq          SE 
4.000000000 9.000989588 1.707262540 0.003048706 0.073724753 
[1] "Now starting analysis"
[1] "Starting with initial values"
      mu sigma.sq 
1.656856 5.922306 
     step negloglik        mu  sigma.sq 
 1.000000 79.899032  1.656856  5.922306 
     step negloglik        mu  sigma.sq 
 2.000000 79.899032  1.656856  5.922306 
     step negloglik        mu  sigma.sq 
 3.000000 79.899032  1.656856  5.922306 
