000 (066.1377.000) 07/26 17:14:46 Job submitted from host: <160.36.155.106:9618?addrs=160.36.155.106-9618&noUDP&sock=27742_4872_4>
...
012 (066.1377.000) 08/03 14:17:10 Job was held.
	via condor_hold (by user bomeara)
	Code 1 Subcode 0
...
013 (066.1377.000) 08/05 22:27:57 Job was released.
	via condor_release (by user bomeara)
...
012 (066.1377.000) 08/09 10:36:02 Job was held.
	via condor_hold (by user bomeara)
	Code 1 Subcode 0
...
013 (066.1377.000) 08/09 13:05:15 Job was released.
	via condor_release (by user bomeara)
...
001 (066.1377.000) 09/04 07:55:35 Job executing on host: <10.129.199.164:9618?addrs=10.129.199.164-9618&noUDP&sock=2274_5a74_4>
...
006 (066.1377.000) 09/04 07:55:43 Image size of job updated: 177116
	173  -  MemoryUsage of job (MB)
	176940  -  ResidentSetSize of job (KB)
...
006 (066.1377.000) 09/04 08:00:43 Image size of job updated: 246852
	241  -  MemoryUsage of job (MB)
	246660  -  ResidentSetSize of job (KB)
...
006 (066.1377.000) 09/04 08:05:43 Image size of job updated: 246864
	241  -  MemoryUsage of job (MB)
	246672  -  ResidentSetSize of job (KB)
...
022 (066.1377.000) 09/04 12:12:48 Job disconnected, attempting to reconnect
    Socket between submit and execute hosts closed unexpectedly
    Trying to reconnect to slot1_11@omearaclusteri <10.129.199.164:9618?addrs=10.129.199.164-9618&noUDP&sock=2274_5a74_4>
...
024 (066.1377.000) 09/04 12:52:50 Job reconnection failed
    Job disconnected too long: JobLeaseDuration (2400 seconds) expired
    Can not reconnect to slot1_11@omearaclusteri, rescheduling job
...
001 (066.1377.000) 09/09 06:15:26 Job executing on host: <10.130.28.84:9618?addrs=10.130.28.84-9618&noUDP&sock=2385_7d77_4>
...
005 (066.1377.000) 09/11 09:30:05 Job terminated.
	(1) Normal termination (return value 0)
		Usr 2 03:10:04, Sys 0 00:00:32  -  Run Remote Usage
		Usr 0 00:00:00, Sys 0 00:00:00  -  Run Local Usage
		Usr 2 03:10:04, Sys 0 00:00:32  -  Total Remote Usage
		Usr 0 00:00:00, Sys 0 00:00:00  -  Total Local Usage
	33493  -  Run Bytes Sent By Job
	2422  -  Run Bytes Received By Job
	33493  -  Total Bytes Sent By Job
	4844  -  Total Bytes Received By Job
	Partitionable Resources :    Usage  Request Allocated 
	   Cpus                 :     1.00        1         1 
	   Disk (KB)            :    51          75    891642 
	   Memory (MB)          :   245         245       256 
...
