[1] "args"
[1] "66"   "1290"
[1] "Now starting analysis"
[1] "Starting with initial values"
        mu   sigma.sq         SE         bt         vh 
1.17078496 0.07550650 0.03775325 1.00000000 0.03775325 
        step    negloglik           mu     sigma.sq           SE           bt 
 1.000000000 14.507778780  1.577672755  0.003432489  0.087484738  0.257175576 
          vh 
 0.562535975 
[1] "New improvement found, resetting step counter"
        step    negloglik           mu     sigma.sq           SE           bt 
2.000000e+00 1.363271e+01 1.711445e+00 3.456022e-03 7.769703e-02 2.430804e-01 
          vh 
2.941843e-04 
        step    negloglik           mu     sigma.sq           SE           bt 
3.000000e+00 1.363271e+01 1.711445e+00 3.456022e-03 7.769703e-02 2.430804e-01 
          vh 
2.941843e-04 
        step    negloglik           mu     sigma.sq           SE           bt 
4.000000e+00 1.363271e+01 1.711445e+00 3.456022e-03 7.769703e-02 2.430804e-01 
          vh 
2.941843e-04 
[1] "Now starting analysis"
[1] "Starting with initial values"
        mu   sigma.sq         bt         vh 
1.17078496 0.07550650 1.00000000 0.03775325 
       step   negloglik          mu    sigma.sq          bt          vh 
 1.00000000 29.50786741  1.48696093  0.07345948  0.28739296  0.20795179 
[1] "New improvement found, resetting step counter"
       step   negloglik          mu    sigma.sq          bt          vh 
 2.00000000 29.46338630  1.76785068  0.07622983  0.23829065  0.02707046 
       step   negloglik          mu    sigma.sq          bt          vh 
 3.00000000 29.46338630  1.76785068  0.07622983  0.23829065  0.02707046 
       step   negloglik          mu    sigma.sq          bt          vh 
 4.00000000 29.46338630  1.76785068  0.07622983  0.23829065  0.02707046 
[1] "Now starting analysis"
[1] "Starting with initial values"
        mu   sigma.sq         SE         vh 
1.17078496 0.07550650 0.03775325 0.03775325 
        step    negloglik           mu     sigma.sq           SE           vh 
 1.000000000 16.679827812  1.161387186  0.005974353  0.087304208  0.141678354 
[1] "New improvement found, resetting step counter"
        step    negloglik           mu     sigma.sq           SE           vh 
 2.000000000 15.458974437  1.599071147  0.003631282  0.080758393  0.896485968 
[1] "New improvement found, resetting step counter"
        step    negloglik           mu     sigma.sq           SE           vh 
 3.000000000 15.426191725  1.662758587  0.004270314  0.078619347  1.533525755 
        step    negloglik           mu     sigma.sq           SE           vh 
 4.000000000 15.426191725  1.662758587  0.004270314  0.078619347  1.533525755 
        step    negloglik           mu     sigma.sq           SE           vh 
 5.000000000 15.426191725  1.662758587  0.004270314  0.078619347  1.533525755 
[1] "Now starting analysis"
[1] "Starting with initial values"
        mu   sigma.sq         vh 
1.17078496 0.07550650 0.03775325 
       step   negloglik          mu    sigma.sq          vh 
 1.00000000 29.72425119  1.17078496  0.07550650  0.03775325 
       step   negloglik          mu    sigma.sq          vh 
 2.00000000 29.72425119  1.17078496  0.07550650  0.03775325 
       step   negloglik          mu    sigma.sq          vh 
 3.00000000 29.72425119  1.17078496  0.07550650  0.03775325 
[1] "Now starting analysis"
[1] "Starting with initial values"
        mu   sigma.sq         SE         bt 
1.17078496 0.07550650 0.03775325 1.00000000 
        step    negloglik           mu     sigma.sq           SE           bt 
 1.000000000 14.067740637  1.422402388  0.003817857  0.075048075  0.297881296 
[1] "New improvement found, resetting step counter"
        step    negloglik           mu     sigma.sq           SE           bt 
 2.000000000 13.627955078  1.673406458  0.003428431  0.076228979  0.250422009 
        step    negloglik           mu     sigma.sq           SE           bt 
 3.000000000 13.627955078  1.673406458  0.003428431  0.076228979  0.250422009 
[1] "New improvement found, but slight; taking the best value, but not resetting the step counter"
       step   negloglik          mu    sigma.sq          SE          bt 
 4.00000000 13.62621477  1.64840946  0.00315182  0.08031590  0.25974375 
[1] "Now starting analysis"
[1] "Starting with initial values"
       mu  sigma.sq        bt 
1.1707850 0.0755065 1.0000000 
       step   negloglik          mu    sigma.sq          bt 
 1.00000000 29.47939842  1.57486839  0.07306736  0.19427229 
[1] "New improvement found, resetting step counter"
       step   negloglik          mu    sigma.sq          bt 
 2.00000000 29.45936274  1.73235522  0.07306736  0.19427229 
       step   negloglik          mu    sigma.sq          bt 
 3.00000000 29.45936274  1.73235522  0.07306736  0.19427229 
       step   negloglik          mu    sigma.sq          bt 
 4.00000000 29.45936274  1.73235522  0.07306736  0.19427229 
[1] "Now starting analysis"
[1] "Starting with initial values"
        mu   sigma.sq         SE 
1.17078496 0.07550650 0.03775325 
        step    negloglik           mu     sigma.sq           SE 
 1.000000000 17.034145317  1.151602693  0.007033109  0.074192129 
[1] "New improvement found, but slight; taking the best value, but not resetting the step counter"
        step    negloglik           mu     sigma.sq           SE 
 2.000000000 17.028561908  1.227659266  0.006906937  0.075752181 
[1] "New improvement found, but slight; taking the best value, but not resetting the step counter"
        step    negloglik           mu     sigma.sq           SE 
 3.000000000 17.025301043  1.201332867  0.006710336  0.074433786 
[1] "Now starting analysis"
[1] "Starting with initial values"
       mu  sigma.sq 
1.1707850 0.0755065 
      step  negloglik         mu   sigma.sq 
 1.0000000 29.7194088  1.1707850  0.0755065 
      step  negloglik         mu   sigma.sq 
 2.0000000 29.7194088  1.1707850  0.0755065 
      step  negloglik         mu   sigma.sq 
 3.0000000 29.7194088  1.1707850  0.0755065 
