000 (066.615.000) 07/26 17:14:46 Job submitted from host: <160.36.155.106:9618?addrs=160.36.155.106-9618&noUDP&sock=27742_4872_4>
...
001 (066.615.000) 08/01 22:17:16 Job executing on host: <10.129.169.104:9618?addrs=10.129.169.104-9618&noUDP&sock=60687_d010_4>
...
006 (066.615.000) 08/01 22:17:25 Image size of job updated: 243456
	238  -  MemoryUsage of job (MB)
	243456  -  ResidentSetSize of job (KB)
...
006 (066.615.000) 08/01 22:22:26 Image size of job updated: 246088
	241  -  MemoryUsage of job (MB)
	246088  -  ResidentSetSize of job (KB)
...
006 (066.615.000) 08/02 09:58:35 Image size of job updated: 248704
	243  -  MemoryUsage of job (MB)
	248704  -  ResidentSetSize of job (KB)
...
006 (066.615.000) 08/03 02:10:13 Image size of job updated: 248932
	244  -  MemoryUsage of job (MB)
	248932  -  ResidentSetSize of job (KB)
...
006 (066.615.000) 08/03 09:25:57 Image size of job updated: 249136
	244  -  MemoryUsage of job (MB)
	249136  -  ResidentSetSize of job (KB)
...
005 (066.615.000) 08/03 14:43:51 Job terminated.
	(1) Normal termination (return value 0)
		Usr 1 16:22:15, Sys 0 00:00:17  -  Run Remote Usage
		Usr 0 00:00:00, Sys 0 00:00:00  -  Run Local Usage
		Usr 1 16:22:15, Sys 0 00:00:17  -  Total Remote Usage
		Usr 0 00:00:00, Sys 0 00:00:00  -  Total Local Usage
	31650  -  Run Bytes Sent By Job
	2422  -  Run Bytes Received By Job
	31650  -  Total Bytes Sent By Job
	2422  -  Total Bytes Received By Job
	Partitionable Resources :    Usage  Request Allocated 
	   Cpus                 :     0.99        1         1 
	   Disk (KB)            :    49           4    205772 
	   Memory (MB)          :   244           1       128 
...
