[1] "args"
[1] "66"   "1090"
[1] "Now starting analysis"
[1] "Starting with initial values"
         mu    sigma.sq          SE          bt          vh 
3.155132663 0.011675115 0.005837558 1.000000000 0.005837558 
       step   negloglik          mu    sigma.sq          SE          bt 
1.000000000 3.233831215 3.171850803 0.006524442 0.004825324 1.413394684 
         vh 
0.122428201 
[1] "New improvement found, resetting step counter"
         step     negloglik            mu      sigma.sq            SE 
 2.000000e+00 -6.535097e-01  2.236871e+00  1.256224e-02  3.488815e-06 
           bt            vh 
 1.767787e+00  1.181855e-03 
[1] "New improvement found, resetting step counter"
         step     negloglik            mu      sigma.sq            SE 
 3.000000e+00 -3.599470e+00  1.456208e+00  6.658264e-03  2.604852e-03 
           bt            vh 
 1.986326e+00  4.340267e-05 
[1] "New improvement found, resetting step counter"
         step     negloglik            mu      sigma.sq            SE 
 4.000000e+00 -3.718342e+00  1.422617e+00  5.215686e-03  5.611560e-03 
           bt            vh 
 1.989521e+00  3.263874e-06 
         step     negloglik            mu      sigma.sq            SE 
 5.000000e+00 -3.718342e+00  1.422617e+00  5.215686e-03  5.611560e-03 
           bt            vh 
 1.989521e+00  3.263874e-06 
         step     negloglik            mu      sigma.sq            SE 
 6.000000e+00 -3.718342e+00  1.422617e+00  5.215686e-03  5.611560e-03 
           bt            vh 
 1.989521e+00  3.263874e-06 
[1] "Now starting analysis"
[1] "Starting with initial values"
         mu    sigma.sq          bt          vh 
3.155132663 0.011675115 1.000000000 0.005837558 
        step    negloglik           mu     sigma.sq           bt           vh 
 1.000000000 -2.187360775  1.719150874  0.007945792  2.100809682  0.012490904 
[1] "New improvement found, resetting step counter"
         step     negloglik            mu      sigma.sq            bt 
 2.000000e+00 -3.049969e+00  1.751397e+00  7.706760e-03  1.924469e+00 
           vh 
 2.449179e-05 
[1] "New improvement found, resetting step counter"
         step     negloglik            mu      sigma.sq            bt 
 3.000000e+00 -3.293246e+00  1.504076e+00  7.168065e-03  1.968070e+00 
           vh 
 8.368251e-06 
         step     negloglik            mu      sigma.sq            bt 
 4.000000e+00 -3.293246e+00  1.504076e+00  7.168065e-03  1.968070e+00 
           vh 
 8.368251e-06 
[1] "New improvement found, resetting step counter"
         step     negloglik            mu      sigma.sq            bt 
 5.000000e+00 -3.324992e+00  1.420751e+00  7.925255e-03  1.995730e+00 
           vh 
 9.925790e-06 
[1] "New improvement found, but slight; taking the best value, but not resetting the step counter"
         step     negloglik            mu      sigma.sq            bt 
 6.0000000000 -3.3252149332  1.4968472600  0.0078015646  1.9645601272 
           vh 
 0.0000208382 
         step     negloglik            mu      sigma.sq            bt 
 7.0000000000 -3.3252149332  1.4968472600  0.0078015646  1.9645601272 
           vh 
 0.0000208382 
[1] "Now starting analysis"
[1] "Starting with initial values"
         mu    sigma.sq          SE          vh 
3.155132663 0.011675115 0.005837558 0.005837558 
        step    negloglik           mu     sigma.sq           SE           vh 
1.000000e+00 5.188859e+00 3.023581e+00 9.370522e-03 2.800394e-05 6.044711e-01 
[1] "New improvement found, resetting step counter"
        step    negloglik           mu     sigma.sq           SE           vh 
2.000000e+00 5.156227e+00 2.948527e+00 9.359960e-03 3.879951e-06 7.079442e-01 
        step    negloglik           mu     sigma.sq           SE           vh 
3.000000e+00 5.156227e+00 2.948527e+00 9.359960e-03 3.879951e-06 7.079442e-01 
        step    negloglik           mu     sigma.sq           SE           vh 
4.000000e+00 5.156227e+00 2.948527e+00 9.359960e-03 3.879951e-06 7.079442e-01 
[1] "Now starting analysis"
[1] "Starting with initial values"
         mu    sigma.sq          vh 
3.155132663 0.011675115 0.005837558 
       step   negloglik          mu    sigma.sq          vh 
1.000000000 5.147430934 2.794993222 0.008977296 0.662557387 
[1] "New improvement found, resetting step counter"
       step   negloglik          mu    sigma.sq          vh 
2.000000000 5.134940058 2.749128018 0.009429174 0.700603084 
       step   negloglik          mu    sigma.sq          vh 
3.000000000 5.134940058 2.749128018 0.009429174 0.700603084 
[1] "New improvement found, but slight; taking the best value, but not resetting the step counter"
       step   negloglik          mu    sigma.sq          vh 
4.000000000 5.134206411 2.704226451 0.009308911 0.668345175 
[1] "Now starting analysis"
[1] "Starting with initial values"
         mu    sigma.sq          SE          bt 
3.155132663 0.011675115 0.005837558 1.000000000 
        step    negloglik           mu     sigma.sq           SE           bt 
 1.000000000 -3.701406764  1.493163742  0.005410637  0.005155158  1.970336457 
[1] "New improvement found, resetting step counter"
        step    negloglik           mu     sigma.sq           SE           bt 
 2.000000000 -3.713554405  1.423529059  0.005373840  0.005154704  1.983585393 
        step    negloglik           mu     sigma.sq           SE           bt 
 3.000000000 -3.713554405  1.423529059  0.005373840  0.005154704  1.983585393 
        step    negloglik           mu     sigma.sq           SE           bt 
 4.000000000 -3.713554405  1.423529059  0.005373840  0.005154704  1.983585393 
[1] "Now starting analysis"
[1] "Starting with initial values"
        mu   sigma.sq         bt 
3.15513266 0.01167512 1.00000000 
        step    negloglik           mu     sigma.sq           bt 
 1.000000000 -3.313375671  1.491328848  0.007664785  1.994521124 
[1] "New improvement found, resetting step counter"
       step   negloglik          mu    sigma.sq          bt 
 2.00000000 -3.33725913  1.42978926  0.00758803  1.97986118 
       step   negloglik          mu    sigma.sq          bt 
 3.00000000 -3.33725913  1.42978926  0.00758803  1.97986118 
       step   negloglik          mu    sigma.sq          bt 
 4.00000000 -3.33725913  1.42978926  0.00758803  1.97986118 
[1] "Now starting analysis"
[1] "Starting with initial values"
         mu    sigma.sq          SE 
3.155132663 0.011675115 0.005837558 
        step    negloglik           mu     sigma.sq           SE 
1.000000e+00 1.184631e+01 3.275444e+00 2.043498e-02 1.874604e-04 
[1] "New improvement found, resetting step counter"
        step    negloglik           mu     sigma.sq           SE 
2.000000e+00 1.181869e+01 3.258488e+00 2.041088e-02 5.243510e-06 
        step    negloglik           mu     sigma.sq           SE 
3.000000e+00 1.181869e+01 3.258488e+00 2.041088e-02 5.243510e-06 
[1] "New improvement found, but slight; taking the best value, but not resetting the step counter"
        step    negloglik           mu     sigma.sq           SE 
4.000000e+00 1.181588e+01 3.279816e+00 2.138307e-02 8.449918e-06 
[1] "Now starting analysis"
[1] "Starting with initial values"
        mu   sigma.sq 
3.15513266 0.01167512 
       step   negloglik          mu    sigma.sq 
 1.00000000 11.82001583  3.22310587  0.02048658 
[1] "New improvement found, but slight; taking the best value, but not resetting the step counter"
       step   negloglik          mu    sigma.sq 
 2.00000000 11.81308353  3.29595232  0.02084068 
       step   negloglik          mu    sigma.sq 
 3.00000000 11.81308353  3.29595232  0.02084068 
