000 (066.002.000) 07/26 17:14:45 Job submitted from host: <160.36.155.106:9618?addrs=160.36.155.106-9618&noUDP&sock=27742_4872_4>
...
001 (066.002.000) 07/26 17:14:47 Job executing on host: <10.130.107.8:9618?addrs=10.130.107.8-9618&noUDP&sock=69199_5635_4>
...
006 (066.002.000) 07/26 17:14:57 Image size of job updated: 220748
	216  -  MemoryUsage of job (MB)
	220736  -  ResidentSetSize of job (KB)
...
006 (066.002.000) 07/26 17:19:57 Image size of job updated: 226032
	221  -  MemoryUsage of job (MB)
	226020  -  ResidentSetSize of job (KB)
...
006 (066.002.000) 07/27 03:10:57 Image size of job updated: 228928
	224  -  MemoryUsage of job (MB)
	228916  -  ResidentSetSize of job (KB)
...
006 (066.002.000) 07/27 07:16:23 Image size of job updated: 229396
	225  -  MemoryUsage of job (MB)
	229384  -  ResidentSetSize of job (KB)
...
005 (066.002.000) 07/27 17:06:45 Job terminated.
	(1) Normal termination (return value 0)
		Usr 0 23:49:50, Sys 0 00:00:09  -  Run Remote Usage
		Usr 0 00:00:00, Sys 0 00:00:00  -  Run Local Usage
		Usr 0 23:49:50, Sys 0 00:00:09  -  Total Remote Usage
		Usr 0 00:00:00, Sys 0 00:00:00  -  Total Local Usage
	28382  -  Run Bytes Sent By Job
	2422  -  Run Bytes Received By Job
	28382  -  Total Bytes Sent By Job
	2422  -  Total Bytes Received By Job
	Partitionable Resources :    Usage  Request Allocated 
	   Cpus                 :     1.00        1         1 
	   Disk (KB)            :    45           4    888358 
	   Memory (MB)          :   225           1       128 
...
