[1] "args"
[1] "66"   "1533"
[1] "Now starting analysis"
[1] "Starting with initial values"
         mu    sigma.sq          SE          bt          vh 
1.315932442 0.010808608 0.005404304 1.000000000 0.005404304 
         step     negloglik            mu      sigma.sq            SE 
 1.000000e+00 -4.713304e+01  5.202557e-01  8.734174e-03  3.447513e-06 
           bt            vh 
 2.455517e+00  2.122734e-03 
[1] "New improvement found, resetting step counter"
         step     negloglik            mu      sigma.sq            SE 
 2.000000e+00 -4.721979e+01  6.583144e-01  8.732353e-03  1.784653e-06 
           bt            vh 
 2.431912e+00  7.540513e-03 
[1] "New improvement found, resetting step counter"
         step     negloglik            mu      sigma.sq            SE 
 3.000000e+00 -4.724881e+01  6.862584e-01  9.416729e-03  7.129150e-07 
           bt            vh 
 2.352775e+00  3.409201e-03 
[1] "New improvement found, but slight; taking the best value, but not resetting the step counter"
         step     negloglik            mu      sigma.sq            SE 
 4.000000e+00 -4.725177e+01  6.841840e-01  9.264294e-03  3.922995e-06 
           bt            vh 
 2.385158e+00  4.570931e-03 
[1] "New improvement found, resetting step counter"
         step     negloglik            mu      sigma.sq            SE 
 5.000000e+00 -4.728021e+01  6.940652e-01  9.040509e-03  1.456955e-06 
           bt            vh 
 2.390465e+00  3.336548e-03 
         step     negloglik            mu      sigma.sq            SE 
 6.000000e+00 -4.728021e+01  6.940652e-01  9.040509e-03  1.456955e-06 
           bt            vh 
 2.390465e+00  3.336548e-03 
         step     negloglik            mu      sigma.sq            SE 
 7.000000e+00 -4.728021e+01  6.940652e-01  9.040509e-03  1.456955e-06 
           bt            vh 
 2.390465e+00  3.336548e-03 
[1] "Now starting analysis"
[1] "Starting with initial values"
         mu    sigma.sq          bt          vh 
1.315932442 0.010808608 1.000000000 0.005404304 
         step     negloglik            mu      sigma.sq            bt 
  1.000000000 -47.329006279   0.664816016   0.008995839   2.318827254 
           vh 
  0.001490896 
[1] "New improvement found, but slight; taking the best value, but not resetting the step counter"
         step     negloglik            mu      sigma.sq            bt 
  2.000000000 -47.329603346   0.735018437   0.008948074   2.298355396 
           vh 
  0.001396655 
         step     negloglik            mu      sigma.sq            bt 
  3.000000000 -47.329603346   0.735018437   0.008948074   2.298355396 
           vh 
  0.001396655 
[1] "Now starting analysis"
[1] "Starting with initial values"
         mu    sigma.sq          SE          vh 
1.315932442 0.010808608 0.005404304 0.005404304 
         step     negloglik            mu      sigma.sq            SE 
 1.000000e+00 -4.227397e+01  7.418941e-01  8.929162e-03  1.754565e-06 
           vh 
 4.971502e-01 
[1] "New improvement found, resetting step counter"
         step     negloglik            mu      sigma.sq            SE 
 2.000000e+00 -4.258618e+01  8.150168e-01  8.933767e-03  1.106184e-05 
           vh 
 9.027722e-01 
         step     negloglik            mu      sigma.sq            SE 
 3.000000e+00 -4.258618e+01  8.150168e-01  8.933767e-03  1.106184e-05 
           vh 
 9.027722e-01 
         step     negloglik            mu      sigma.sq            SE 
 4.000000e+00 -4.258618e+01  8.150168e-01  8.933767e-03  1.106184e-05 
           vh 
 9.027722e-01 
[1] "Now starting analysis"
[1] "Starting with initial values"
         mu    sigma.sq          vh 
1.315932442 0.010808608 0.005404304 
         step     negloglik            mu      sigma.sq            vh 
  1.000000000 -42.522678154   0.717178904   0.008882063   0.707771353 
[1] "New improvement found, resetting step counter"
         step     negloglik            mu      sigma.sq            vh 
  2.000000000 -42.557262746   0.717178904   0.008882063   0.779489243 
[1] "New improvement found, resetting step counter"
         step     negloglik            mu      sigma.sq            vh 
  3.000000000 -42.579061495   0.742079537   0.009233769   0.839701024 
[1] "New improvement found, resetting step counter"
         step     negloglik            mu      sigma.sq            vh 
  4.000000000 -42.594436215   0.759447542   0.009000527   0.825329985 
         step     negloglik            mu      sigma.sq            vh 
  5.000000000 -42.594436215   0.759447542   0.009000527   0.825329985 
[1] "New improvement found, but slight; taking the best value, but not resetting the step counter"
        step    negloglik           mu     sigma.sq           vh 
  6.00000000 -42.59818832   0.80006894   0.00917251   0.85514844 
[1] "Now starting analysis"
[1] "Starting with initial values"
         mu    sigma.sq          SE          bt 
1.315932442 0.010808608 0.005404304 1.000000000 
         step     negloglik            mu      sigma.sq            SE 
 1.000000e+00 -4.733141e+01  6.842494e-01  9.135545e-03  1.147783e-06 
           bt 
 2.284742e+00 
         step     negloglik            mu      sigma.sq            SE 
 2.000000e+00 -4.733141e+01  6.842494e-01  9.135545e-03  1.147783e-06 
           bt 
 2.284742e+00 
         step     negloglik            mu      sigma.sq            SE 
 3.000000e+00 -4.733141e+01  6.842494e-01  9.135545e-03  1.147783e-06 
           bt 
 2.284742e+00 
[1] "Now starting analysis"
[1] "Starting with initial values"
        mu   sigma.sq         bt 
1.31593244 0.01080861 1.00000000 
         step     negloglik            mu      sigma.sq            bt 
  1.000000000 -47.333769148   0.697282249   0.008854993   2.252365095 
         step     negloglik            mu      sigma.sq            bt 
  2.000000000 -47.333769148   0.697282249   0.008854993   2.252365095 
[1] "New improvement found, but slight; taking the best value, but not resetting the step counter"
         step     negloglik            mu      sigma.sq            bt 
  3.000000000 -47.340069769   0.713558009   0.008881469   2.278609919 
[1] "Now starting analysis"
[1] "Starting with initial values"
         mu    sigma.sq          SE 
1.315932442 0.010808608 0.005404304 
         step     negloglik            mu      sigma.sq            SE 
 1.000000e+00 -3.358492e+01  1.283380e+00  1.161200e-02  3.873206e-06 
         step     negloglik            mu      sigma.sq            SE 
 2.000000e+00 -3.358492e+01  1.283380e+00  1.161200e-02  3.873206e-06 
         step     negloglik            mu      sigma.sq            SE 
 3.000000e+00 -3.358492e+01  1.283380e+00  1.161200e-02  3.873206e-06 
[1] "Now starting analysis"
[1] "Starting with initial values"
        mu   sigma.sq 
1.31593244 0.01080861 
        step    negloglik           mu     sigma.sq 
  1.00000000 -33.41600240   1.24910775   0.01286475 
[1] "New improvement found, resetting step counter"
        step    negloglik           mu     sigma.sq 
  2.00000000 -33.60309055   1.28164295   0.01171354 
        step    negloglik           mu     sigma.sq 
  3.00000000 -33.60309055   1.28164295   0.01171354 
        step    negloglik           mu     sigma.sq 
  4.00000000 -33.60309055   1.28164295   0.01171354 
