[1] "args"
[1] "66"   "1066"
[1] "Now starting analysis"
[1] "Starting with initial values"
        mu   sigma.sq         SE         bt         vh 
2.79504297 0.13660379 0.06830189 1.00000000 0.06830189 
       step   negloglik          mu    sigma.sq          SE          bt 
 1.00000000 16.38166143  2.55323665  0.01756808  0.04275089  1.75432330 
         vh 
 0.37861872 
[1] "New improvement found, resetting step counter"
        step    negloglik           mu     sigma.sq           SE           bt 
 2.000000000 14.113920518 -0.066713655  0.017248546  0.037170872  2.359468607 
          vh 
 0.001135863 
        step    negloglik           mu     sigma.sq           SE           bt 
 3.000000000 14.113920518 -0.066713655  0.017248546  0.037170872  2.359468607 
          vh 
 0.001135863 
        step    negloglik           mu     sigma.sq           SE           bt 
 4.000000000 14.113920518 -0.066713655  0.017248546  0.037170872  2.359468607 
          vh 
 0.001135863 
[1] "Now starting analysis"
[1] "Starting with initial values"
        mu   sigma.sq         bt         vh 
2.79504297 0.13660379 1.00000000 0.06830189 
       step   negloglik          mu    sigma.sq          bt          vh 
 1.00000000 31.28395839 -0.02983133  0.13599495  2.48373505  0.02963791 
[1] "New improvement found, resetting step counter"
        step    negloglik           mu     sigma.sq           bt           vh 
 2.000000000 31.229312685 -0.046291604  0.137202191  2.326670272  0.001089184 
