[1] "args"
[1] "66"  "823"
[1] "Now starting analysis"
[1] "Starting with initial values"
         mu    sigma.sq          SE          bt          vh 
1.299718747 0.007654548 0.003827274 1.000000000 0.003827274 
         step     negloglik            mu      sigma.sq            SE 
 1.000000e+00 -4.886405e+01  1.417130e+00  7.325105e-03  2.026687e-05 
           bt            vh 
 9.569471e-01  3.752980e-02 
[1] "New improvement found, resetting step counter"
         step     negloglik            mu      sigma.sq            SE 
 2.000000e+00 -4.910775e+01  1.277654e+00  7.324746e-03  1.892347e-05 
           bt            vh 
 9.203847e-01  5.119233e-04 
         step     negloglik            mu      sigma.sq            SE 
 3.000000e+00 -4.910775e+01  1.277654e+00  7.324746e-03  1.892347e-05 
           bt            vh 
 9.203847e-01  5.119233e-04 
         step     negloglik            mu      sigma.sq            SE 
 4.000000e+00 -4.910775e+01  1.277654e+00  7.324746e-03  1.892347e-05 
           bt            vh 
 9.203847e-01  5.119233e-04 
[1] "Now starting analysis"
[1] "Starting with initial values"
         mu    sigma.sq          bt          vh 
1.299718747 0.007654548 1.000000000 0.003827274 
         step     negloglik            mu      sigma.sq            bt 
  1.000000000 -48.205562943   1.309311555   0.007731474   0.928201729 
           vh 
  0.004989844 
[1] "New improvement found, resetting step counter"
         step     negloglik            mu      sigma.sq            bt 
  2.000000000 -48.216612057   1.274181767   0.007735223   0.920479333 
           vh 
  0.002369892 
         step     negloglik            mu      sigma.sq            bt 
  3.000000000 -48.216612057   1.274181767   0.007735223   0.920479333 
           vh 
  0.002369892 
         step     negloglik            mu      sigma.sq            bt 
  4.000000000 -48.216612057   1.274181767   0.007735223   0.920479333 
           vh 
  0.002369892 
[1] "Now starting analysis"
[1] "Starting with initial values"
         mu    sigma.sq          SE          vh 
1.299718747 0.007654548 0.003827274 0.003827274 
         step     negloglik            mu      sigma.sq            SE 
 1.000000e+00 -4.882576e+01  1.327751e+00  7.098490e-03  1.633552e-05 
           vh 
 8.616937e-02 
[1] "New improvement found, resetting step counter"
         step     negloglik            mu      sigma.sq            SE 
 2.000000e+00 -4.904588e+01  1.262457e+00  7.098896e-03  1.768091e-05 
           vh 
 1.029672e-02 
         step     negloglik            mu      sigma.sq            SE 
 3.000000e+00 -4.904588e+01  1.262457e+00  7.098896e-03  1.768091e-05 
           vh 
 1.029672e-02 
         step     negloglik            mu      sigma.sq            SE 
 4.000000e+00 -4.904588e+01  1.262457e+00  7.098896e-03  1.768091e-05 
           vh 
 1.029672e-02 
[1] "Now starting analysis"
[1] "Starting with initial values"
         mu    sigma.sq          vh 
1.299718747 0.007654548 0.003827274 
         step     negloglik            mu      sigma.sq            vh 
  1.000000000 -48.193523296   1.299718747   0.007654548   0.003827274 
         step     negloglik            mu      sigma.sq            vh 
  2.000000000 -48.193523296   1.299718747   0.007654548   0.003827274 
         step     negloglik            mu      sigma.sq            vh 
  3.000000000 -48.193523296   1.299718747   0.007654548   0.003827274 
[1] "Now starting analysis"
[1] "Starting with initial values"
         mu    sigma.sq          SE          bt 
1.299718747 0.007654548 0.003827274 1.000000000 
         step     negloglik            mu      sigma.sq            SE 
 1.000000e+00 -4.831913e+01  1.154481e+00  6.272628e-03  1.988559e-05 
           bt 
 1.135744e+00 
[1] "New improvement found, resetting step counter"
         step     negloglik            mu      sigma.sq            SE 
 2.000000e+00 -4.860916e+01  1.237647e+00  6.272428e-03  1.887319e-05 
           bt 
 9.166633e-01 
[1] "New improvement found, resetting step counter"
         step     negloglik            mu      sigma.sq            SE 
 3.000000e+00 -4.900789e+01  1.253210e+00  6.865874e-03  2.562247e-05 
           bt 
 9.809766e-01 
[1] "New improvement found, resetting step counter"
         step     negloglik            mu      sigma.sq            SE 
 4.000000e+00 -4.910931e+01  1.307867e+00  7.276233e-03  1.959744e-05 
           bt 
 9.149519e-01 
         step     negloglik            mu      sigma.sq            SE 
 5.000000e+00 -4.910931e+01  1.307867e+00  7.276233e-03  1.959744e-05 
           bt 
 9.149519e-01 
         step     negloglik            mu      sigma.sq            SE 
 6.000000e+00 -4.910931e+01  1.307867e+00  7.276233e-03  1.959744e-05 
           bt 
 9.149519e-01 
[1] "Now starting analysis"
[1] "Starting with initial values"
         mu    sigma.sq          bt 
1.299718747 0.007654548 1.000000000 
         step     negloglik            mu      sigma.sq            bt 
  1.000000000 -48.232497152   1.294916727   0.007619291   0.937432702 
         step     negloglik            mu      sigma.sq            bt 
  2.000000000 -48.232497152   1.294916727   0.007619291   0.937432702 
         step     negloglik            mu      sigma.sq            bt 
  3.000000000 -48.232497152   1.294916727   0.007619291   0.937432702 
[1] "Now starting analysis"
[1] "Starting with initial values"
         mu    sigma.sq          SE 
1.299718747 0.007654548 0.003827274 
         step     negloglik            mu      sigma.sq            SE 
 1.000000e+00 -4.904347e+01  1.367894e+00  7.186503e-03  1.527746e-05 
[1] "New improvement found, resetting step counter"
         step     negloglik            mu      sigma.sq            SE 
 2.000000e+00 -4.907750e+01  1.284302e+00  7.185801e-03  1.281166e-05 
         step     negloglik            mu      sigma.sq            SE 
 3.000000e+00 -4.907750e+01  1.284302e+00  7.185801e-03  1.281166e-05 
         step     negloglik            mu      sigma.sq            SE 
 4.000000e+00 -4.907750e+01  1.284302e+00  7.185801e-03  1.281166e-05 
[1] "Now starting analysis"
[1] "Starting with initial values"
         mu    sigma.sq 
1.299718747 0.007654548 
         step     negloglik            mu      sigma.sq 
  1.000000000 -48.206557475   1.299718747   0.007654548 
         step     negloglik            mu      sigma.sq 
  2.000000000 -48.206557475   1.299718747   0.007654548 
         step     negloglik            mu      sigma.sq 
  3.000000000 -48.206557475   1.299718747   0.007654548 
