000 (066.192.000) 07/26 17:14:46 Job submitted from host: <160.36.155.106:9618?addrs=160.36.155.106-9618&noUDP&sock=27742_4872_4>
...
001 (066.192.000) 07/26 17:22:48 Job executing on host: <10.129.169.104:9618?addrs=10.129.169.104-9618&noUDP&sock=60687_d010_4>
...
006 (066.192.000) 07/26 17:22:56 Image size of job updated: 232412
	227  -  MemoryUsage of job (MB)
	232412  -  ResidentSetSize of job (KB)
...
006 (066.192.000) 07/26 17:27:56 Image size of job updated: 232428
	227  -  MemoryUsage of job (MB)
	232428  -  ResidentSetSize of job (KB)
...
006 (066.192.000) 07/26 18:16:19 Image size of job updated: 438892
	227  -  MemoryUsage of job (MB)
	232428  -  ResidentSetSize of job (KB)
...
005 (066.192.000) 07/26 18:16:19 Job terminated.
	(1) Normal termination (return value 0)
		Usr 0 00:53:25, Sys 0 00:00:01  -  Run Remote Usage
		Usr 0 00:00:00, Sys 0 00:00:00  -  Run Local Usage
		Usr 0 00:53:25, Sys 0 00:00:01  -  Total Remote Usage
		Usr 0 00:00:00, Sys 0 00:00:00  -  Total Local Usage
	27689  -  Run Bytes Sent By Job
	2422  -  Run Bytes Received By Job
	27689  -  Total Bytes Sent By Job
	2422  -  Total Bytes Received By Job
	Partitionable Resources :    Usage  Request Allocated 
	   Cpus                 :     1.00        1         1 
	   Disk (KB)            :    45           4    205772 
	   Memory (MB)          :   227           1       128 
...
