[1] "args"
[1] "66"  "356"
[1] "Now starting analysis"
[1] "Starting with initial values"
        mu   sigma.sq         SE         bt         vh 
2.87986384 0.08811948 0.04405974 1.00000000 0.04405974 
        step    negloglik           mu     sigma.sq           SE           bt 
1.000000e+00 1.382095e+01 2.906470e+00 3.356972e-05 9.877348e-02 7.502221e-01 
          vh 
4.629312e-01 
[1] "New improvement found, resetting step counter"
        step    negloglik           mu     sigma.sq           SE           bt 
2.000000e+00 1.378047e+01 2.808856e+00 2.554668e-05 9.736112e-02 7.658089e-01 
          vh 
4.888439e-01 
[1] "New improvement found, resetting step counter"
        step    negloglik           mu     sigma.sq           SE           bt 
3.000000e+00 1.358703e+01 1.690219e+00 4.296481e-05 1.060769e-01 1.111337e+00 
          vh 
4.425150e-01 
        step    negloglik           mu     sigma.sq           SE           bt 
4.000000e+00 1.358703e+01 1.690219e+00 4.296481e-05 1.060769e-01 1.111337e+00 
          vh 
4.425150e-01 
        step    negloglik           mu     sigma.sq           SE           bt 
5.000000e+00 1.358703e+01 1.690219e+00 4.296481e-05 1.060769e-01 1.111337e+00 
          vh 
4.425150e-01 
[1] "Now starting analysis"
[1] "Starting with initial values"
        mu   sigma.sq         bt         vh 
2.87986384 0.08811948 1.00000000 0.04405974 
       step   negloglik          mu    sigma.sq          bt          vh 
 1.00000000 29.10005320  3.07702670  0.08798546  0.91873852  0.01911591 
       step   negloglik          mu    sigma.sq          bt          vh 
 2.00000000 29.10005320  3.07702670  0.08798546  0.91873852  0.01911591 
[1] "New improvement found, but slight; taking the best value, but not resetting the step counter"
        step    negloglik           mu     sigma.sq           bt           vh 
 3.000000000 29.092232379  2.992574601  0.089415604  0.947171802  0.009210512 
[1] "Now starting analysis"
[1] "Starting with initial values"
        mu   sigma.sq         SE         vh 
2.87986384 0.08811948 0.04405974 0.04405974 
        step    negloglik           mu     sigma.sq           SE           vh 
1.000000e+00 1.373683e+01 2.452534e+00 1.295384e-04 9.794493e-02 5.236220e-01 
[1] "New improvement found, resetting step counter"
        step    negloglik           mu     sigma.sq           SE           vh 
2.000000e+00 1.362632e+01 2.049825e+00 2.245233e-04 9.629488e-02 3.949269e-01 
[1] "New improvement found, resetting step counter"
        step    negloglik           mu     sigma.sq           SE           vh 
3.000000e+00 1.358096e+01 2.095392e+00 7.599398e-06 1.031038e-01 4.577970e-01 
        step    negloglik           mu     sigma.sq           SE           vh 
4.000000e+00 1.358096e+01 2.095392e+00 7.599398e-06 1.031038e-01 4.577970e-01 
        step    negloglik           mu     sigma.sq           SE           vh 
5.000000e+00 1.358096e+01 2.095392e+00 7.599398e-06 1.031038e-01 4.577970e-01 
[1] "Now starting analysis"
[1] "Starting with initial values"
        mu   sigma.sq         vh 
2.87986384 0.08811948 0.04405974 
        step    negloglik           mu     sigma.sq           vh 
 1.000000000 29.103707149  2.752322996  0.092759889  0.006514642 
        step    negloglik           mu     sigma.sq           vh 
 2.000000000 29.103707149  2.752322996  0.092759889  0.006514642 
        step    negloglik           mu     sigma.sq           vh 
 3.000000000 29.103707149  2.752322996  0.092759889  0.006514642 
[1] "Now starting analysis"
[1] "Starting with initial values"
        mu   sigma.sq         SE         bt 
2.87986384 0.08811948 0.04405974 1.00000000 
        step    negloglik           mu     sigma.sq           SE           bt 
 1.000000000 16.232395893  3.428805130  0.007794757  0.093413426  0.762321536 
[1] "New improvement found, resetting step counter"
        step    negloglik           mu     sigma.sq           SE           bt 
 2.000000000 15.911708942  2.614808248  0.006925627  0.091301087  0.977179736 
[1] "New improvement found, but slight; taking the best value, but not resetting the step counter"
        step    negloglik           mu     sigma.sq           SE           bt 
 3.000000000 15.906857758  2.521068708  0.006898408  0.089748635  1.014407713 
        step    negloglik           mu     sigma.sq           SE           bt 
 4.000000000 15.906857758  2.521068708  0.006898408  0.089748635  1.014407713 
[1] "Now starting analysis"
[1] "Starting with initial values"
        mu   sigma.sq         bt 
2.87986384 0.08811948 1.00000000 
       step   negloglik          mu    sigma.sq          bt 
 1.00000000 29.08235467  2.92748659  0.08924443  0.90362956 
       step   negloglik          mu    sigma.sq          bt 
 2.00000000 29.08235467  2.92748659  0.08924443  0.90362956 
       step   negloglik          mu    sigma.sq          bt 
 3.00000000 29.08235467  2.92748659  0.08924443  0.90362956 
[1] "Now starting analysis"
[1] "Starting with initial values"
        mu   sigma.sq         SE 
2.87986384 0.08811948 0.04405974 
        step    negloglik           mu     sigma.sq           SE 
 1.000000000 16.000778190  2.766184398  0.007929174  0.089117875 
[1] "New improvement found, resetting step counter"
        step    negloglik           mu     sigma.sq           SE 
 2.000000000 15.904764425  2.574297828  0.006015274  0.092130435 
        step    negloglik           mu     sigma.sq           SE 
 3.000000000 15.904764425  2.574297828  0.006015274  0.092130435 
[1] "New improvement found, but slight; taking the best value, but not resetting the step counter"
        step    negloglik           mu     sigma.sq           SE 
 4.000000000 15.901707086  2.549248059  0.006262481  0.091941253 
[1] "Now starting analysis"
[1] "Starting with initial values"
        mu   sigma.sq 
2.87986384 0.08811948 
       step   negloglik          mu    sigma.sq 
 1.00000000 29.09126838  2.87986384  0.08811948 
       step   negloglik          mu    sigma.sq 
 2.00000000 29.09126838  2.87986384  0.08811948 
       step   negloglik          mu    sigma.sq 
 3.00000000 29.09126838  2.87986384  0.08811948 
