000 (066.1003.000) 07/26 17:14:46 Job submitted from host: <160.36.155.106:9618?addrs=160.36.155.106-9618&noUDP&sock=27742_4872_4>
...
012 (066.1003.000) 08/03 14:16:51 Job was held.
	via condor_hold (by user bomeara)
	Code 1 Subcode 0
...
013 (066.1003.000) 08/05 22:27:37 Job was released.
	via condor_release (by user bomeara)
...
012 (066.1003.000) 08/09 10:35:37 Job was held.
	via condor_hold (by user bomeara)
	Code 1 Subcode 0
...
013 (066.1003.000) 08/09 13:04:56 Job was released.
	via condor_release (by user bomeara)
...
001 (066.1003.000) 08/20 03:56:14 Job executing on host: <10.128.78.255:9618?addrs=10.128.78.255-9618&noUDP&sock=2316_296e_4>
...
006 (066.1003.000) 08/20 03:56:23 Image size of job updated: 234980
	230  -  MemoryUsage of job (MB)
	234980  -  ResidentSetSize of job (KB)
...
006 (066.1003.000) 08/20 04:01:23 Image size of job updated: 247688
	242  -  MemoryUsage of job (MB)
	247688  -  ResidentSetSize of job (KB)
...
005 (066.1003.000) 08/22 05:28:50 Job terminated.
	(1) Normal termination (return value 0)
		Usr 2 01:28:07, Sys 0 00:00:26  -  Run Remote Usage
		Usr 0 00:00:00, Sys 0 00:00:00  -  Run Local Usage
		Usr 2 01:28:07, Sys 0 00:00:26  -  Total Remote Usage
		Usr 0 00:00:00, Sys 0 00:00:00  -  Total Local Usage
	31161  -  Run Bytes Sent By Job
	2422  -  Run Bytes Received By Job
	31161  -  Total Bytes Sent By Job
	2422  -  Total Bytes Received By Job
	Partitionable Resources :    Usage  Request Allocated 
	   Cpus                 :     0.99        1         1 
	   Disk (KB)            :    48           4    893021 
	   Memory (MB)          :   242           1       128 
...
