[1] "args"
[1] "66"   "1216"
[1] "Now starting analysis"
[1] "Starting with initial values"
       mu  sigma.sq        SE        bt        vh 
1.4787871 0.5065583 0.2532792 1.0000000 0.2532792 
        step    negloglik           mu     sigma.sq           SE           bt 
 1.000000000 15.676671671  1.508232735  0.005184486  0.060744054  1.143372918 
          vh 
 0.394382071 
[1] "New improvement found, resetting step counter"
        step    negloglik           mu     sigma.sq           SE           bt 
 2.000000000 14.577311296  1.494849162  0.011596756  0.053978496  0.989337388 
          vh 
 0.003140487 
[1] "New improvement found, resetting step counter"
        step    negloglik           mu     sigma.sq           SE           bt 
 3.000000000 14.555589555  1.311527031  0.012999062  0.051838883  1.019715833 
          vh 
 0.005706651 
[1] "New improvement found, but slight; taking the best value, but not resetting the step counter"
       step   negloglik          mu    sigma.sq          SE          bt 
 4.00000000 14.55505463  1.46845512  0.01235313  0.04997113  0.99273296 
         vh 
 0.00181676 
[1] "New improvement found, but slight; taking the best value, but not resetting the step counter"
        step    negloglik           mu     sigma.sq           SE           bt 
 5.000000000 14.551837554  1.387357096  0.012128402  0.051780386  0.999176649 
          vh 
 0.002476402 
[1] "Now starting analysis"
[1] "Starting with initial values"
       mu  sigma.sq        bt        vh 
1.4787871 0.5065583 1.0000000 0.2532792 
      step  negloglik         mu   sigma.sq         bt         vh 
 1.0000000 50.3728066  1.4210942  0.5143566  1.0717010  0.0303780 
      step  negloglik         mu   sigma.sq         bt         vh 
 2.0000000 50.3728066  1.4210942  0.5143566  1.0717010  0.0303780 
      step  negloglik         mu   sigma.sq         bt         vh 
 3.0000000 50.3728066  1.4210942  0.5143566  1.0717010  0.0303780 
[1] "Now starting analysis"
[1] "Starting with initial values"
       mu  sigma.sq        SE        vh 
1.4787871 0.5065583 0.2532792 0.2532792 
       step   negloglik          mu    sigma.sq          SE          vh 
 1.00000000 15.55757456  1.60083902  0.00665452  0.05608935  0.35445552 
[1] "New improvement found, resetting step counter"
       step   negloglik          mu    sigma.sq          SE          vh 
 2.00000000 14.59466296  1.35259311  0.01137951  0.05592956  0.01169498 
[1] "New improvement found, resetting step counter"
        step    negloglik           mu     sigma.sq           SE           vh 
 3.000000000 14.545290778  1.436432720  0.012602367  0.052934333  0.002150436 
        step    negloglik           mu     sigma.sq           SE           vh 
 4.000000000 14.545290778  1.436432720  0.012602367  0.052934333  0.002150436 
        step    negloglik           mu     sigma.sq           SE           vh 
 5.000000000 14.545290778  1.436432720  0.012602367  0.052934333  0.002150436 
[1] "Now starting analysis"
[1] "Starting with initial values"
       mu  sigma.sq        vh 
1.4787871 0.5065583 0.2532792 
       step   negloglik          mu    sigma.sq          vh 
 1.00000000 50.35910910  1.45003294  0.51066608  0.01092239 
       step   negloglik          mu    sigma.sq          vh 
 2.00000000 50.35910910  1.45003294  0.51066608  0.01092239 
       step   negloglik          mu    sigma.sq          vh 
 3.00000000 50.35910910  1.45003294  0.51066608  0.01092239 
[1] "Now starting analysis"
[1] "Starting with initial values"
       mu  sigma.sq        SE        bt 
1.4787871 0.5065583 0.2532792 1.0000000 
       step   negloglik          mu    sigma.sq          SE          bt 
 1.00000000 14.75174168  1.45630638  0.01306281  0.04890773  1.10355585 
[1] "New improvement found, resetting step counter"
       step   negloglik          mu    sigma.sq          SE          bt 
 2.00000000 14.53766336  1.40046532  0.01244441  0.05165038  1.01566935 
       step   negloglik          mu    sigma.sq          SE          bt 
 3.00000000 14.53766336  1.40046532  0.01244441  0.05165038  1.01566935 
       step   negloglik          mu    sigma.sq          SE          bt 
 4.00000000 14.53766336  1.40046532  0.01244441  0.05165038  1.01566935 
[1] "Now starting analysis"
[1] "Starting with initial values"
       mu  sigma.sq        bt 
1.4787871 0.5065583 1.0000000 
      step  negloglik         mu   sigma.sq         bt 
 1.0000000 50.3523704  1.4787871  0.5065583  1.0000000 
      step  negloglik         mu   sigma.sq         bt 
 2.0000000 50.3523704  1.4787871  0.5065583  1.0000000 
      step  negloglik         mu   sigma.sq         bt 
 3.0000000 50.3523704  1.4787871  0.5065583  1.0000000 
[1] "Now starting analysis"
[1] "Starting with initial values"
       mu  sigma.sq        SE 
1.4787871 0.5065583 0.2532792 
       step   negloglik          mu    sigma.sq          SE 
 1.00000000 15.09691352  1.88564164  0.01405524  0.05382491 
[1] "New improvement found, resetting step counter"
       step   negloglik          mu    sigma.sq          SE 
 2.00000000 14.54619764  1.43683415  0.01359962  0.05020185 
       step   negloglik          mu    sigma.sq          SE 
 3.00000000 14.54619764  1.43683415  0.01359962  0.05020185 
[1] "New improvement found, but slight; taking the best value, but not resetting the step counter"
       step   negloglik          mu    sigma.sq          SE 
 4.00000000 14.54353379  1.39922548  0.01331273  0.05033204 
[1] "Now starting analysis"
[1] "Starting with initial values"
       mu  sigma.sq 
1.4787871 0.5065583 
      step  negloglik         mu   sigma.sq 
 1.0000000 50.3523704  1.4787871  0.5065583 
      step  negloglik         mu   sigma.sq 
 2.0000000 50.3523704  1.4787871  0.5065583 
      step  negloglik         mu   sigma.sq 
 3.0000000 50.3523704  1.4787871  0.5065583 
