000 (066.024.000) 07/26 17:14:45 Job submitted from host: <160.36.155.106:9618?addrs=160.36.155.106-9618&noUDP&sock=27742_4872_4>
...
001 (066.024.000) 07/26 17:14:48 Job executing on host: <10.131.171.171:9618?addrs=10.131.171.171-9618&noUDP&sock=2084_0775_4>
...
006 (066.024.000) 07/26 17:14:57 Image size of job updated: 233508
	228  -  MemoryUsage of job (MB)
	232648  -  ResidentSetSize of job (KB)
...
006 (066.024.000) 07/26 17:19:58 Image size of job updated: 233540
	228  -  MemoryUsage of job (MB)
	232660  -  ResidentSetSize of job (KB)
...
006 (066.024.000) 07/26 17:24:59 Image size of job updated: 233556
	228  -  MemoryUsage of job (MB)
	232660  -  ResidentSetSize of job (KB)
...
006 (066.024.000) 07/26 17:40:01 Image size of job updated: 233560
	228  -  MemoryUsage of job (MB)
	232660  -  ResidentSetSize of job (KB)
...
005 (066.024.000) 07/26 18:41:39 Job terminated.
	(1) Normal termination (return value 0)
		Usr 0 01:26:41, Sys 0 00:00:01  -  Run Remote Usage
		Usr 0 00:00:00, Sys 0 00:00:00  -  Run Local Usage
		Usr 0 01:26:41, Sys 0 00:00:01  -  Total Remote Usage
		Usr 0 00:00:00, Sys 0 00:00:00  -  Total Local Usage
	28382  -  Run Bytes Sent By Job
	2422  -  Run Bytes Received By Job
	28382  -  Total Bytes Sent By Job
	2422  -  Total Bytes Received By Job
	Partitionable Resources :    Usage  Request Allocated 
	   Cpus                 :     1.00        1         1 
	   Disk (KB)            :    45           4    890340 
	   Memory (MB)          :   228           1       128 
...
