000 (066.962.000) 07/26 17:14:46 Job submitted from host: <160.36.155.106:9618?addrs=160.36.155.106-9618&noUDP&sock=27742_4872_4>
...
012 (066.962.000) 08/03 14:16:49 Job was held.
	via condor_hold (by user bomeara)
	Code 1 Subcode 0
...
013 (066.962.000) 08/05 22:27:35 Job was released.
	via condor_release (by user bomeara)
...
012 (066.962.000) 08/09 10:35:35 Job was held.
	via condor_hold (by user bomeara)
	Code 1 Subcode 0
...
013 (066.962.000) 08/09 13:04:54 Job was released.
	via condor_release (by user bomeara)
...
001 (066.962.000) 08/17 17:26:14 Job executing on host: <10.130.122.65:9618?addrs=10.130.122.65-9618&noUDP&sock=77628_edfd_4>
...
006 (066.962.000) 08/17 17:26:22 Image size of job updated: 221068
	216  -  MemoryUsage of job (MB)
	221068  -  ResidentSetSize of job (KB)
...
006 (066.962.000) 08/17 17:31:22 Image size of job updated: 229164
	224  -  MemoryUsage of job (MB)
	229164  -  ResidentSetSize of job (KB)
...
006 (066.962.000) 08/19 08:38:54 Image size of job updated: 435652
	224  -  MemoryUsage of job (MB)
	229164  -  ResidentSetSize of job (KB)
...
005 (066.962.000) 08/19 08:38:54 Job terminated.
	(1) Normal termination (return value 1)
		Usr 1 15:08:41, Sys 0 00:00:28  -  Run Remote Usage
		Usr 0 00:00:00, Sys 0 00:00:00  -  Run Local Usage
		Usr 1 15:08:41, Sys 0 00:00:28  -  Total Remote Usage
		Usr 0 00:00:00, Sys 0 00:00:00  -  Total Local Usage
	3846  -  Run Bytes Sent By Job
	2422  -  Run Bytes Received By Job
	3846  -  Total Bytes Sent By Job
	2422  -  Total Bytes Received By Job
	Partitionable Resources :    Usage  Request Allocated 
	   Cpus                 :     1.00        1         1 
	   Disk (KB)            :    22           4    891678 
	   Memory (MB)          :   224           1       128 
...
