[1] "args"
[1] "66"   "1587"
[1] "Now starting analysis"
[1] "Starting with initial values"
         mu    sigma.sq          SE          bt          vh 
1.538741006 0.010807159 0.005403579 1.000000000 0.005403579 
         step     negloglik            mu      sigma.sq            SE 
 1.000000e+00 -2.291017e+01  1.291670e+00  1.130553e-02  5.173252e-06 
           bt            vh 
 1.211346e+00  1.307743e-02 
[1] "New improvement found, resetting step counter"
         step     negloglik            mu      sigma.sq            SE 
 2.000000e+00 -2.305439e+01  1.399167e+00  1.130482e-02  2.107652e-06 
           bt            vh 
 1.165720e+00  5.592464e-04 
[1] "New improvement found, resetting step counter"
         step     negloglik            mu      sigma.sq            SE 
 3.000000e+00 -2.310201e+01  1.448868e+00  1.032592e-02  8.687327e-06 
           bt            vh 
 1.126586e+00  1.214298e-03 
         step     negloglik            mu      sigma.sq            SE 
 4.000000e+00 -2.310201e+01  1.448868e+00  1.032592e-02  8.687327e-06 
           bt            vh 
 1.126586e+00  1.214298e-03 
         step     negloglik            mu      sigma.sq            SE 
 5.000000e+00 -2.310201e+01  1.448868e+00  1.032592e-02  8.687327e-06 
           bt            vh 
 1.126586e+00  1.214298e-03 
[1] "Now starting analysis"
[1] "Starting with initial values"
         mu    sigma.sq          bt          vh 
1.538741006 0.010807159 1.000000000 0.005403579 
         step     negloglik            mu      sigma.sq            bt 
 1.000000e+00 -2.314394e+01  1.468113e+00  1.082031e-02  1.117331e+00 
           vh 
 2.879819e-05 
         step     negloglik            mu      sigma.sq            bt 
 2.000000e+00 -2.314394e+01  1.468113e+00  1.082031e-02  1.117331e+00 
           vh 
 2.879819e-05 
         step     negloglik            mu      sigma.sq            bt 
 3.000000e+00 -2.314394e+01  1.468113e+00  1.082031e-02  1.117331e+00 
           vh 
 2.879819e-05 
[1] "Now starting analysis"
[1] "Starting with initial values"
         mu    sigma.sq          SE          vh 
1.538741006 0.010807159 0.005403579 0.005403579 
         step     negloglik            mu      sigma.sq            SE 
 1.000000e+00 -2.287354e+01  1.537216e+00  1.099202e-02  4.054931e-06 
           vh 
 2.158986e-02 
[1] "New improvement found, resetting step counter"
         step     negloglik            mu      sigma.sq            SE 
 2.000000e+00 -2.294966e+01  1.601269e+00  1.099115e-02  1.305609e-06 
           vh 
 1.394698e-03 
         step     negloglik            mu      sigma.sq            SE 
 3.000000e+00 -2.294966e+01  1.601269e+00  1.099115e-02  1.305609e-06 
           vh 
 1.394698e-03 
         step     negloglik            mu      sigma.sq            SE 
 4.000000e+00 -2.294966e+01  1.601269e+00  1.099115e-02  1.305609e-06 
           vh 
 1.394698e-03 
[1] "Now starting analysis"
[1] "Starting with initial values"
         mu    sigma.sq          vh 
1.538741006 0.010807159 0.005403579 
         step     negloglik            mu      sigma.sq            vh 
  1.000000000 -22.962711922   1.538741006   0.010807159   0.005403579 
         step     negloglik            mu      sigma.sq            vh 
  2.000000000 -22.962711922   1.538741006   0.010807159   0.005403579 
         step     negloglik            mu      sigma.sq            vh 
  3.000000000 -22.962711922   1.538741006   0.010807159   0.005403579 
[1] "Now starting analysis"
[1] "Starting with initial values"
         mu    sigma.sq          SE          bt 
1.538741006 0.010807159 0.005403579 1.000000000 
         step     negloglik            mu      sigma.sq            SE 
 1.000000e+00 -2.269135e+01  1.322130e+00  9.494556e-03  4.753788e-06 
           bt 
 1.120492e+00 
[1] "New improvement found, resetting step counter"
         step     negloglik            mu      sigma.sq            SE 
 2.000000e+00 -2.277468e+01  1.454343e+00  9.494556e-03  4.753788e-06 
           bt 
 1.120492e+00 
         step     negloglik            mu      sigma.sq            SE 
 3.000000e+00 -2.277468e+01  1.454343e+00  9.494556e-03  4.753788e-06 
           bt 
 1.120492e+00 
[1] "New improvement found, resetting step counter"
         step     negloglik            mu      sigma.sq            SE 
 4.000000e+00 -2.293827e+01  1.390358e+00  9.803760e-03  4.089400e-06 
           bt 
 1.127755e+00 
[1] "New improvement found, resetting step counter"
         step     negloglik            mu      sigma.sq            SE 
 5.000000e+00 -2.301525e+01  1.454100e+00  9.964126e-03  4.599140e-06 
           bt 
 1.121391e+00 
[1] "New improvement found, resetting step counter"
         step     negloglik            mu      sigma.sq            SE 
 6.000000e+00 -2.312760e+01  1.373607e+00  1.080144e-02  2.304233e-06 
           bt 
 1.135105e+00 
         step     negloglik            mu      sigma.sq            SE 
 7.000000e+00 -2.312760e+01  1.373607e+00  1.080144e-02  2.304233e-06 
           bt 
 1.135105e+00 
[1] "New improvement found, resetting step counter"
         step     negloglik            mu      sigma.sq            SE 
 8.000000e+00 -2.313935e+01  1.393042e+00  1.071337e-02  1.424093e-06 
           bt 
 1.147870e+00 
         step     negloglik            mu      sigma.sq            SE 
 9.000000e+00 -2.313935e+01  1.393042e+00  1.071337e-02  1.424093e-06 
           bt 
 1.147870e+00 
         step     negloglik            mu      sigma.sq            SE 
 1.000000e+01 -2.313935e+01  1.393042e+00  1.071337e-02  1.424093e-06 
           bt 
 1.147870e+00 
[1] "Now starting analysis"
[1] "Starting with initial values"
        mu   sigma.sq         bt 
1.53874101 0.01080716 1.00000000 
        step    negloglik           mu     sigma.sq           bt 
  1.00000000 -23.13635877   1.44191328   0.01095588   1.12670131 
[1] "New improvement found, but slight; taking the best value, but not resetting the step counter"
        step    negloglik           mu     sigma.sq           bt 
  2.00000000 -23.14413411   1.44205409   0.01053345   1.12684213 
        step    negloglik           mu     sigma.sq           bt 
  3.00000000 -23.14413411   1.44205409   0.01053345   1.12684213 
[1] "Now starting analysis"
[1] "Starting with initial values"
         mu    sigma.sq          SE 
1.538741006 0.010807159 0.005403579 
         step     negloglik            mu      sigma.sq            SE 
 1.000000e+00 -2.298579e+01  1.555108e+00  1.072078e-02  6.244781e-07 
         step     negloglik            mu      sigma.sq            SE 
 2.000000e+00 -2.298579e+01  1.555108e+00  1.072078e-02  6.244781e-07 
         step     negloglik            mu      sigma.sq            SE 
 3.000000e+00 -2.298579e+01  1.555108e+00  1.072078e-02  6.244781e-07 
[1] "Now starting analysis"
[1] "Starting with initial values"
        mu   sigma.sq 
1.53874101 0.01080716 
        step    negloglik           mu     sigma.sq 
  1.00000000 -22.98568139   1.53874101   0.01080716 
        step    negloglik           mu     sigma.sq 
  2.00000000 -22.98568139   1.53874101   0.01080716 
        step    negloglik           mu     sigma.sq 
  3.00000000 -22.98568139   1.53874101   0.01080716 
