000 (066.690.000) 07/26 17:14:46 Job submitted from host: <160.36.155.106:9618?addrs=160.36.155.106-9618&noUDP&sock=27742_4872_4>
...
012 (066.690.000) 08/03 14:17:35 Job was held.
	via condor_hold (by user bomeara)
	Code 1 Subcode 0
...
013 (066.690.000) 08/05 22:28:21 Job was released.
	via condor_release (by user bomeara)
...
012 (066.690.000) 08/09 10:36:32 Job was held.
	via condor_hold (by user bomeara)
	Code 1 Subcode 0
...
001 (066.690.000) 08/09 13:05:24 Job executing on host: <10.128.213.253:9618?addrs=10.128.213.253-9618&noUDP&sock=2256_01bf_4>
...
006 (066.690.000) 08/09 13:05:33 Image size of job updated: 229120
	224  -  MemoryUsage of job (MB)
	229120  -  ResidentSetSize of job (KB)
...
013 (066.690.000) 08/09 13:05:38 Job was released.
	via condor_release (by user bomeara)
...
006 (066.690.000) 08/09 13:10:34 Image size of job updated: 229132
	224  -  MemoryUsage of job (MB)
	229132  -  ResidentSetSize of job (KB)
...
006 (066.690.000) 08/09 14:05:40 Image size of job updated: 232068
	227  -  MemoryUsage of job (MB)
	232068  -  ResidentSetSize of job (KB)
...
005 (066.690.000) 08/09 14:57:04 Job terminated.
	(1) Normal termination (return value 0)
		Usr 0 01:51:30, Sys 0 00:00:01  -  Run Remote Usage
		Usr 0 00:00:00, Sys 0 00:00:00  -  Run Local Usage
		Usr 0 01:51:30, Sys 0 00:00:01  -  Total Remote Usage
		Usr 0 00:00:00, Sys 0 00:00:00  -  Total Local Usage
	28865  -  Run Bytes Sent By Job
	2422  -  Run Bytes Received By Job
	28865  -  Total Bytes Sent By Job
	2422  -  Total Bytes Received By Job
	Partitionable Resources :    Usage  Request Allocated 
	   Cpus                 :     0.99        1         1 
	   Disk (KB)            :    46           4    892992 
	   Memory (MB)          :   227           1       128 
...
