[1] "args"
[1] "66"  "618"
[1] "Now starting analysis"
[1] "Starting with initial values"
        mu   sigma.sq         SE         bt         vh 
0.91078589 0.08240385 0.04120192 1.00000000 0.04120192 
        step    negloglik           mu     sigma.sq           SE           bt 
 1.000000000 10.824944645  0.903587311  0.005464713  0.061520390  1.111453269 
          vh 
 0.056396329 
[1] "New improvement found, resetting step counter"
        step    negloglik           mu     sigma.sq           SE           bt 
2.000000e+00 1.028365e+01 7.955172e-01 5.077891e-03 6.740331e-02 1.413744e+00 
          vh 
1.850133e-05 
[1] "New improvement found, resetting step counter"
        step    negloglik           mu     sigma.sq           SE           bt 
3.000000e+00 1.025420e+01 8.152971e-01 4.509611e-03 6.892409e-02 1.447681e+00 
          vh 
5.220701e-04 
        step    negloglik           mu     sigma.sq           SE           bt 
4.000000e+00 1.025420e+01 8.152971e-01 4.509611e-03 6.892409e-02 1.447681e+00 
          vh 
5.220701e-04 
        step    negloglik           mu     sigma.sq           SE           bt 
5.000000e+00 1.025420e+01 8.152971e-01 4.509611e-03 6.892409e-02 1.447681e+00 
          vh 
5.220701e-04 
[1] "Now starting analysis"
[1] "Starting with initial values"
        mu   sigma.sq         bt         vh 
0.91078589 0.08240385 1.00000000 0.04120192 
       step   negloglik          mu    sigma.sq          bt          vh 
 1.00000000 23.08056514  0.73350331  0.08323641  1.24459243  0.01596708 
[1] "New improvement found, resetting step counter"
       step   negloglik          mu    sigma.sq          bt          vh 
 2.00000000 23.06938105  0.73350331  0.08323641  1.36905167  0.01596708 
       step   negloglik          mu    sigma.sq          bt          vh 
 3.00000000 23.06938105  0.73350331  0.08323641  1.36905167  0.01596708 
       step   negloglik          mu    sigma.sq          bt          vh 
 4.00000000 23.06938105  0.73350331  0.08323641  1.36905167  0.01596708 
[1] "Now starting analysis"
[1] "Starting with initial values"
        mu   sigma.sq         SE         vh 
0.91078589 0.08240385 0.04120192 0.04120192 
        step    negloglik           mu     sigma.sq           SE           vh 
 1.000000000 10.980036634  0.893872231  0.004701731  0.072437824  0.042604628 
[1] "New improvement found, resetting step counter"
        step    negloglik           mu     sigma.sq           SE           vh 
 2.000000000 10.967841172  0.859940326  0.004837196  0.069511098  0.044211564 
[1] "New improvement found, but slight; taking the best value, but not resetting the step counter"
        step    negloglik           mu     sigma.sq           SE           vh 
 3.000000000 10.967668037  0.870893304  0.004837605  0.069627384  0.039288524 
        step    negloglik           mu     sigma.sq           SE           vh 
 4.000000000 10.967668037  0.870893304  0.004837605  0.069627384  0.039288524 
[1] "Now starting analysis"
[1] "Starting with initial values"
        mu   sigma.sq         vh 
0.91078589 0.08240385 0.04120192 
       step   negloglik          mu    sigma.sq          vh 
 1.00000000 23.14113271  0.91078589  0.08240385  0.04120192 
       step   negloglik          mu    sigma.sq          vh 
 2.00000000 23.14113271  0.91078589  0.08240385  0.04120192 
       step   negloglik          mu    sigma.sq          vh 
 3.00000000 23.14113271  0.91078589  0.08240385  0.04120192 
[1] "Now starting analysis"
[1] "Starting with initial values"
        mu   sigma.sq         SE         bt 
0.91078589 0.08240385 0.04120192 1.00000000 
        step    negloglik           mu     sigma.sq           SE           bt 
 1.000000000 10.305217165  0.762346589  0.004567375  0.069247222  1.339144509 
[1] "New improvement found, resetting step counter"
        step    negloglik           mu     sigma.sq           SE           bt 
 2.000000000 10.248872962  0.826017398  0.004256595  0.070001392  1.444663584 
        step    negloglik           mu     sigma.sq           SE           bt 
 3.000000000 10.248872962  0.826017398  0.004256595  0.070001392  1.444663584 
        step    negloglik           mu     sigma.sq           SE           bt 
 4.000000000 10.248872962  0.826017398  0.004256595  0.070001392  1.444663584 
[1] "Now starting analysis"
[1] "Starting with initial values"
        mu   sigma.sq         bt 
0.91078589 0.08240385 1.00000000 
       step   negloglik          mu    sigma.sq          bt 
 1.00000000 23.05829895  0.86310070  0.08101496  1.34120370 
[1] "New improvement found, but slight; taking the best value, but not resetting the step counter"
       step   negloglik          mu    sigma.sq          bt 
 2.00000000 23.05533954  0.86310070  0.08101496  1.47532407 
       step   negloglik          mu    sigma.sq          bt 
 3.00000000 23.05533954  0.86310070  0.08101496  1.47532407 
[1] "Now starting analysis"
[1] "Starting with initial values"
        mu   sigma.sq         SE 
0.91078589 0.08240385 0.04120192 
        step    negloglik           mu     sigma.sq           SE 
 1.000000000 11.020951028  0.821750392  0.005059482  0.070284698 
[1] "New improvement found, resetting step counter"
        step    negloglik           mu     sigma.sq           SE 
 2.000000000 11.003389757  0.904406545  0.005539916  0.068842035 
        step    negloglik           mu     sigma.sq           SE 
 3.000000000 11.003389757  0.904406545  0.005539916  0.068842035 
        step    negloglik           mu     sigma.sq           SE 
 4.000000000 11.003389757  0.904406545  0.005539916  0.068842035 
[1] "Now starting analysis"
[1] "Starting with initial values"
        mu   sigma.sq 
0.91078589 0.08240385 
       step   negloglik          mu    sigma.sq 
 1.00000000 23.12326997  0.91078589  0.08240385 
       step   negloglik          mu    sigma.sq 
 2.00000000 23.12326997  0.91078589  0.08240385 
       step   negloglik          mu    sigma.sq 
 3.00000000 23.12326997  0.91078589  0.08240385 
