000 (066.666.000) 07/26 17:14:46 Job submitted from host: <160.36.155.106:9618?addrs=160.36.155.106-9618&noUDP&sock=27742_4872_4>
...
001 (066.666.000) 08/03 14:01:47 Job executing on host: <10.128.106.188:9618?addrs=10.128.106.188-9618&noUDP&sock=2127_8608_4>
...
006 (066.666.000) 08/03 14:01:55 Image size of job updated: 234312
	229  -  MemoryUsage of job (MB)
	234312  -  ResidentSetSize of job (KB)
...
006 (066.666.000) 08/03 14:57:00 Image size of job updated: 236784
	232  -  MemoryUsage of job (MB)
	236784  -  ResidentSetSize of job (KB)
...
005 (066.666.000) 08/03 15:18:10 Job terminated.
	(1) Normal termination (return value 0)
		Usr 0 01:16:15, Sys 0 00:00:00  -  Run Remote Usage
		Usr 0 00:00:00, Sys 0 00:00:00  -  Run Local Usage
		Usr 0 01:16:15, Sys 0 00:00:00  -  Total Remote Usage
		Usr 0 00:00:00, Sys 0 00:00:00  -  Total Local Usage
	30162  -  Run Bytes Sent By Job
	2422  -  Run Bytes Received By Job
	30162  -  Total Bytes Sent By Job
	2422  -  Total Bytes Received By Job
	Partitionable Resources :    Usage  Request Allocated 
	   Cpus                 :     1.00        1         1 
	   Disk (KB)            :    47           4    892170 
	   Memory (MB)          :   232           1       128 
...
