[1] "args"
[1] "66" "96"
[1] "Now starting analysis"
[1] "Starting with initial values"
         mu    sigma.sq          SE          bt          vh 
1.590119806 0.007550610 0.003775305 1.000000000 0.003775305 
         step     negloglik            mu      sigma.sq            SE 
 1.000000e+00 -8.745109e+00  1.912051e+00  5.161518e-03  3.891958e-05 
           bt            vh 
 3.859602e-01  5.759285e-05 
[1] "New improvement found, resetting step counter"
         step     negloglik            mu      sigma.sq            SE 
 2.000000e+00 -8.936368e+00  1.789492e+00  5.181039e-03  1.892165e-06 
           bt            vh 
 3.685404e-01  4.533444e-04 
[1] "New improvement found, resetting step counter"
         step     negloglik            mu      sigma.sq            SE 
 3.0000000000 -8.9847031218  1.8520701942  0.0055847005  0.0001200429 
           bt            vh 
 0.3394825344  0.0002713045 
[1] "New improvement found, resetting step counter"
         step     negloglik            mu      sigma.sq            SE 
 4.000000e+00 -9.040061e+00  1.766908e+00  5.336218e-03  1.179175e-06 
           bt            vh 
 3.784805e-01  1.170187e-03 
         step     negloglik            mu      sigma.sq            SE 
 5.000000e+00 -9.040061e+00  1.766908e+00  5.336218e-03  1.179175e-06 
           bt            vh 
 3.784805e-01  1.170187e-03 
[1] "New improvement found, resetting step counter"
         step     negloglik            mu      sigma.sq            SE 
 6.0000000000 -9.1335805810  1.8484954489  0.0065254987  0.0001229348 
           bt            vh 
 0.3768660594  0.0010424278 
         step     negloglik            mu      sigma.sq            SE 
 7.0000000000 -9.1335805810  1.8484954489  0.0065254987  0.0001229348 
           bt            vh 
 0.3768660594  0.0010424278 
         step     negloglik            mu      sigma.sq            SE 
 8.0000000000 -9.1335805810  1.8484954489  0.0065254987  0.0001229348 
           bt            vh 
 0.3768660594  0.0010424278 
[1] "Now starting analysis"
[1] "Starting with initial values"
         mu    sigma.sq          bt          vh 
1.590119806 0.007550610 1.000000000 0.003775305 
         step     negloglik            mu      sigma.sq            bt 
 1.000000e+00 -9.284496e+00  1.685888e+00  6.575798e-03  3.784362e-01 
           vh 
 9.852864e-05 
         step     negloglik            mu      sigma.sq            bt 
 2.000000e+00 -9.284496e+00  1.685888e+00  6.575798e-03  3.784362e-01 
           vh 
 9.852864e-05 
         step     negloglik            mu      sigma.sq            bt 
 3.000000e+00 -9.284496e+00  1.685888e+00  6.575798e-03  3.784362e-01 
           vh 
 9.852864e-05 
[1] "Now starting analysis"
[1] "Starting with initial values"
         mu    sigma.sq          SE          vh 
1.590119806 0.007550610 0.003775305 0.003775305 
         step     negloglik            mu      sigma.sq            SE 
 1.000000e+00 -7.329323e+00  1.492276e+00  6.793446e-03  5.964506e-07 
           vh 
 1.532149e-01 
[1] "New improvement found, resetting step counter"
         step     negloglik            mu      sigma.sq            SE 
 2.000000e+00 -7.878520e+00  1.699893e+00  6.793482e-03  9.039161e-07 
           vh 
 6.532950e-01 
[1] "New improvement found, resetting step counter"
         step     negloglik            mu      sigma.sq            SE 
 3.000000e+00 -7.888611e+00  1.723213e+00  6.534589e-03  1.927552e-07 
           vh 
 7.320798e-01 
         step     negloglik            mu      sigma.sq            SE 
 4.000000e+00 -7.888611e+00  1.723213e+00  6.534589e-03  1.927552e-07 
           vh 
 7.320798e-01 
         step     negloglik            mu      sigma.sq            SE 
 5.000000e+00 -7.888611e+00  1.723213e+00  6.534589e-03  1.927552e-07 
           vh 
 7.320798e-01 
[1] "Now starting analysis"
[1] "Starting with initial values"
         mu    sigma.sq          vh 
1.590119806 0.007550610 0.003775305 
        step    negloglik           mu     sigma.sq           vh 
 1.000000000 -7.873058152  1.733573557  0.006374469  0.645613829 
[1] "New improvement found, resetting step counter"
        step    negloglik           mu     sigma.sq           vh 
 2.000000000 -7.887451579  1.730258211  0.006689544  0.762685535 
        step    negloglik           mu     sigma.sq           vh 
 3.000000000 -7.887451579  1.730258211  0.006689544  0.762685535 
[1] "New improvement found, but slight; taking the best value, but not resetting the step counter"
       step   negloglik          mu    sigma.sq          vh 
 4.00000000 -7.88922651  1.69315384  0.00657595  0.80668352 
[1] "Now starting analysis"
[1] "Starting with initial values"
         mu    sigma.sq          SE          bt 
1.590119806 0.007550610 0.003775305 1.000000000 
         step     negloglik            mu      sigma.sq            SE 
 1.000000e+00 -9.167580e+00  1.910097e+00  6.446755e-03  4.518232e-08 
           bt 
 3.762586e-01 
[1] "New improvement found, resetting step counter"
         step     negloglik            mu      sigma.sq            SE 
 2.000000e+00 -9.299529e+00  1.729181e+00  6.447141e-03  1.004899e-06 
           bt 
 3.774947e-01 
         step     negloglik            mu      sigma.sq            SE 
 3.000000e+00 -9.299529e+00  1.729181e+00  6.447141e-03  1.004899e-06 
           bt 
 3.774947e-01 
         step     negloglik            mu      sigma.sq            SE 
 4.000000e+00 -9.299529e+00  1.729181e+00  6.447141e-03  1.004899e-06 
           bt 
 3.774947e-01 
[1] "Now starting analysis"
[1] "Starting with initial values"
        mu   sigma.sq         bt 
1.59011981 0.00755061 1.00000000 
        step    negloglik           mu     sigma.sq           bt 
 1.000000000 -9.296817294  1.702219428  0.006428214  0.385837497 
[1] "New improvement found, but slight; taking the best value, but not resetting the step counter"
        step    negloglik           mu     sigma.sq           bt 
 2.000000000 -9.300940954  1.737371011  0.006344264  0.374723123 
        step    negloglik           mu     sigma.sq           bt 
 3.000000000 -9.300940954  1.737371011  0.006344264  0.374723123 
[1] "Now starting analysis"
[1] "Starting with initial values"
         mu    sigma.sq          SE 
1.590119806 0.007550610 0.003775305 
         step     negloglik            mu      sigma.sq            SE 
 1.000000e+00 -6.380834e+00  1.664376e+00  6.848883e-03  1.093959e-06 
[1] "New improvement found, resetting step counter"
         step     negloglik            mu      sigma.sq            SE 
 2.000000e+00 -6.395954e+00  1.621171e+00  6.848904e-03  1.602376e-06 
         step     negloglik            mu      sigma.sq            SE 
 3.000000e+00 -6.395954e+00  1.621171e+00  6.848904e-03  1.602376e-06 
         step     negloglik            mu      sigma.sq            SE 
 4.000000e+00 -6.395954e+00  1.621171e+00  6.848904e-03  1.602376e-06 
[1] "Now starting analysis"
[1] "Starting with initial values"
        mu   sigma.sq 
1.59011981 0.00755061 
       step   negloglik          mu    sigma.sq 
 1.00000000 -6.49922012  1.59011981  0.00755061 
       step   negloglik          mu    sigma.sq 
 2.00000000 -6.49922012  1.59011981  0.00755061 
       step   negloglik          mu    sigma.sq 
 3.00000000 -6.49922012  1.59011981  0.00755061 
