[1] "args"
[1] "66"  "909"
[1] "Now starting analysis"
[1] "Starting with initial values"
       mu  sigma.sq        SE        bt        vh 
2.0268430 0.2212452 0.1106226 1.0000000 0.1106226 
       step   negloglik          mu    sigma.sq          SE          bt 
 1.00000000 52.58879301  1.98406139  0.01018496  0.07685856  1.31163977 
         vh 
 0.21078428 
[1] "New improvement found, resetting step counter"
        step    negloglik           mu     sigma.sq           SE           bt 
 2.000000000 48.862527811  1.227064091  0.008321186  0.081459901  1.942481962 
          vh 
 0.006304542 
[1] "New improvement found, resetting step counter"
        step    negloglik           mu     sigma.sq           SE           bt 
 3.000000000 48.807686966  1.156516827  0.007801273  0.079993030  2.004801147 
          vh 
 0.001740230 
        step    negloglik           mu     sigma.sq           SE           bt 
 4.000000000 48.807686966  1.156516827  0.007801273  0.079993030  2.004801147 
          vh 
 0.001740230 
        step    negloglik           mu     sigma.sq           SE           bt 
 5.000000000 48.807686966  1.156516827  0.007801273  0.079993030  2.004801147 
          vh 
 0.001740230 
[1] "Now starting analysis"
[1] "Starting with initial values"
       mu  sigma.sq        bt        vh 
2.0268430 0.2212452 1.0000000 0.1106226 
        step    negloglik           mu     sigma.sq           bt           vh 
  1.00000000 121.78088151   1.74600578   0.21360000   1.27654457   0.04870022 
[1] "New improvement found, resetting step counter"
        step    negloglik           mu     sigma.sq           bt           vh 
  2.00000000 121.72581362   1.74600578   0.21360000   1.45114515   0.04870022 
        step    negloglik           mu     sigma.sq           bt           vh 
  3.00000000 121.72581362   1.74600578   0.21360000   1.45114515   0.04870022 
        step    negloglik           mu     sigma.sq           bt           vh 
  4.00000000 121.72581362   1.74600578   0.21360000   1.45114515   0.04870022 
[1] "Now starting analysis"
[1] "Starting with initial values"
       mu  sigma.sq        SE        vh 
2.0268430 0.2212452 0.1106226 0.1106226 
       step   negloglik          mu    sigma.sq          SE          vh 
 1.00000000 54.27609716  1.97693308  0.01064762  0.08128459  0.13242450 
[1] "New improvement found, resetting step counter"
        step    negloglik           mu     sigma.sq           SE           vh 
 2.000000000 53.311015246  1.200935352  0.009199837  0.081618321  0.633672047 
        step    negloglik           mu     sigma.sq           SE           vh 
 3.000000000 53.311015246  1.200935352  0.009199837  0.081618321  0.633672047 
        step    negloglik           mu     sigma.sq           SE           vh 
 4.000000000 53.311015246  1.200935352  0.009199837  0.081618321  0.633672047 
[1] "Now starting analysis"
[1] "Starting with initial values"
       mu  sigma.sq        vh 
2.0268430 0.2212452 0.1106226 
       step   negloglik          mu    sigma.sq          vh 
  1.0000000 121.9657421   2.0268430   0.2212452   0.1106226 
       step   negloglik          mu    sigma.sq          vh 
  2.0000000 121.9657421   2.0268430   0.2212452   0.1106226 
       step   negloglik          mu    sigma.sq          vh 
  3.0000000 121.9657421   2.0268430   0.2212452   0.1106226 
[1] "Now starting analysis"
[1] "Starting with initial values"
       mu  sigma.sq        SE        bt 
2.0268430 0.2212452 0.1106226 1.0000000 
       step   negloglik          mu    sigma.sq          SE          bt 
 1.00000000 51.23550938  2.03921217  0.01018933  0.07433440  1.47558618 
[1] "New improvement found, resetting step counter"
        step    negloglik           mu     sigma.sq           SE           bt 
 2.000000000 48.861035266  1.192715706  0.007508846  0.078848032  2.087220804 
[1] "New improvement found, resetting step counter"
        step    negloglik           mu     sigma.sq           SE           bt 
 3.000000000 48.836274280  1.274604199  0.007421252  0.083794051  1.953997749 
        step    negloglik           mu     sigma.sq           SE           bt 
 4.000000000 48.836274280  1.274604199  0.007421252  0.083794051  1.953997749 
        step    negloglik           mu     sigma.sq           SE           bt 
 5.000000000 48.836274280  1.274604199  0.007421252  0.083794051  1.953997749 
[1] "Now starting analysis"
[1] "Starting with initial values"
       mu  sigma.sq        bt 
2.0268430 0.2212452 1.0000000 
       step   negloglik          mu    sigma.sq          bt 
  1.0000000 121.6304359   1.6432912   0.2233565   1.6974311 
[1] "New improvement found, but slight; taking the best value, but not resetting the step counter"
       step   negloglik          mu    sigma.sq          bt 
  2.0000000 121.6266066   1.6432912   0.2233565   1.8671742 
       step   negloglik          mu    sigma.sq          bt 
  3.0000000 121.6266066   1.6432912   0.2233565   1.8671742 
[1] "Now starting analysis"
[1] "Starting with initial values"
       mu  sigma.sq        SE 
2.0268430 0.2212452 0.1106226 
       step   negloglik          mu    sigma.sq          SE 
 1.00000000 54.42139676  1.81544535  0.01217113  0.07678446 
       step   negloglik          mu    sigma.sq          SE 
 2.00000000 54.42139676  1.81544535  0.01217113  0.07678446 
       step   negloglik          mu    sigma.sq          SE 
 3.00000000 54.42139676  1.81544535  0.01217113  0.07678446 
[1] "Now starting analysis"
[1] "Starting with initial values"
       mu  sigma.sq 
2.0268430 0.2212452 
       step   negloglik          mu    sigma.sq 
  1.0000000 121.8952089   2.0268430   0.2212452 
       step   negloglik          mu    sigma.sq 
  2.0000000 121.8952089   2.0268430   0.2212452 
       step   negloglik          mu    sigma.sq 
  3.0000000 121.8952089   2.0268430   0.2212452 
