[1] "args"
[1] "66" "21"
[1] "Now starting analysis"
[1] "Starting with initial values"
         mu    sigma.sq          SE          bt          vh 
1.829148586 0.009701632 0.004850816 1.000000000 0.004850816 
         step     negloglik            mu      sigma.sq            SE 
 1.000000e+00 -3.492021e+01  1.269885e+00  9.208040e-03  1.040030e-05 
           bt            vh 
 1.879816e+00  8.288036e-04 
[1] "New improvement found, resetting step counter"
         step     negloglik            mu      sigma.sq            SE 
 2.000000e+00 -3.508799e+01  1.269885e+00  9.208040e-03  1.040030e-05 
           bt            vh 
 2.067798e+00  8.288036e-04 
[1] "New improvement found, resetting step counter"
         step     negloglik            mu      sigma.sq            SE 
 3.000000e+00 -3.528652e+01  1.224976e+00  8.509509e-03  5.984275e-06 
           bt            vh 
 2.080969e+00  4.653411e-04 
         step     negloglik            mu      sigma.sq            SE 
 4.000000e+00 -3.528652e+01  1.224976e+00  8.509509e-03  5.984275e-06 
           bt            vh 
 2.080969e+00  4.653411e-04 
         step     negloglik            mu      sigma.sq            SE 
 5.000000e+00 -3.528652e+01  1.224976e+00  8.509509e-03  5.984275e-06 
           bt            vh 
 2.080969e+00  4.653411e-04 
[1] "Now starting analysis"
[1] "Starting with initial values"
         mu    sigma.sq          bt          vh 
1.829148586 0.009701632 1.000000000 0.004850816 
         step     negloglik            mu      sigma.sq            bt 
 1.000000e+00 -3.530147e+01  1.207040e+00  8.516936e-03  2.058524e+00 
           vh 
 5.221127e-04 
         step     negloglik            mu      sigma.sq            bt 
 2.000000e+00 -3.530147e+01  1.207040e+00  8.516936e-03  2.058524e+00 
           vh 
 5.221127e-04 
         step     negloglik            mu      sigma.sq            bt 
 3.000000e+00 -3.530147e+01  1.207040e+00  8.516936e-03  2.058524e+00 
           vh 
 5.221127e-04 
[1] "Now starting analysis"
[1] "Starting with initial values"
         mu    sigma.sq          SE          vh 
1.829148586 0.009701632 0.004850816 0.004850816 
         step     negloglik            mu      sigma.sq            SE 
 1.000000e+00 -3.053878e+01  1.454520e+00  8.487099e-03  9.173641e-07 
           vh 
 5.137733e-01 
[1] "New improvement found, resetting step counter"
         step     negloglik            mu      sigma.sq            SE 
 2.000000e+00 -3.069542e+01  1.287982e+00  8.489536e-03  9.465217e-06 
           vh 
 7.720333e-01 
         step     negloglik            mu      sigma.sq            SE 
 3.000000e+00 -3.069542e+01  1.287982e+00  8.489536e-03  9.465217e-06 
           vh 
 7.720333e-01 
[1] "New improvement found, but slight; taking the best value, but not resetting the step counter"
         step     negloglik            mu      sigma.sq            SE 
 4.000000e+00 -3.070466e+01  1.315126e+00  8.698876e-03  4.960327e-07 
           vh 
 7.444480e-01 
[1] "Now starting analysis"
[1] "Starting with initial values"
         mu    sigma.sq          vh 
1.829148586 0.009701632 0.004850816 
         step     negloglik            mu      sigma.sq            vh 
  1.000000000 -30.685284535   1.274867008   0.008552773   0.647795916 
[1] "New improvement found, resetting step counter"
         step     negloglik            mu      sigma.sq            vh 
  2.000000000 -30.715365486   1.274867008   0.008552773   0.775282616 
         step     negloglik            mu      sigma.sq            vh 
  3.000000000 -30.715365486   1.274867008   0.008552773   0.775282616 
         step     negloglik            mu      sigma.sq            vh 
  4.000000000 -30.715365486   1.274867008   0.008552773   0.775282616 
[1] "Now starting analysis"
[1] "Starting with initial values"
         mu    sigma.sq          SE          bt 
1.829148586 0.009701632 0.004850816 1.000000000 
         step     negloglik            mu      sigma.sq            SE 
 1.000000e+00 -3.528561e+01  1.194268e+00  8.317389e-03  2.048745e-06 
           bt 
 2.033611e+00 
         step     negloglik            mu      sigma.sq            SE 
 2.000000e+00 -3.528561e+01  1.194268e+00  8.317389e-03  2.048745e-06 
           bt 
 2.033611e+00 
         step     negloglik            mu      sigma.sq            SE 
 3.000000e+00 -3.528561e+01  1.194268e+00  8.317389e-03  2.048745e-06 
           bt 
 2.033611e+00 
[1] "Now starting analysis"
[1] "Starting with initial values"
         mu    sigma.sq          bt 
1.829148586 0.009701632 1.000000000 
         step     negloglik            mu      sigma.sq            bt 
  1.000000000 -35.300171411   1.239608050   0.008546708   2.050359624 
         step     negloglik            mu      sigma.sq            bt 
  2.000000000 -35.300171411   1.239608050   0.008546708   2.050359624 
         step     negloglik            mu      sigma.sq            bt 
  3.000000000 -35.300171411   1.239608050   0.008546708   2.050359624 
[1] "Now starting analysis"
[1] "Starting with initial values"
         mu    sigma.sq          SE 
1.829148586 0.009701632 0.004850816 
         step     negloglik            mu      sigma.sq            SE 
 1.000000e+00 -2.266298e+01  1.714381e+00  8.651640e-03  2.238096e-06 
[1] "New improvement found, resetting step counter"
         step     negloglik            mu      sigma.sq            SE 
 2.000000e+00 -2.293613e+01  1.905767e+00  8.651683e-03  2.452828e-06 
[1] "New improvement found, but slight; taking the best value, but not resetting the step counter"
         step     negloglik            mu      sigma.sq            SE 
 3.000000e+00 -2.294526e+01  1.929692e+00  8.653211e-03  1.940226e-06 
         step     negloglik            mu      sigma.sq            SE 
 4.000000e+00 -2.294526e+01  1.929692e+00  8.653211e-03  1.940226e-06 
[1] "Now starting analysis"
[1] "Starting with initial values"
         mu    sigma.sq 
1.829148586 0.009701632 
        step    negloglik           mu     sigma.sq 
  1.00000000 -24.04966587   1.92740504   0.01039382 
        step    negloglik           mu     sigma.sq 
  2.00000000 -24.04966587   1.92740504   0.01039382 
[1] "New improvement found, but slight; taking the best value, but not resetting the step counter"
        step    negloglik           mu     sigma.sq 
  3.00000000 -24.05707901   1.91209844   0.01058505 
