000 (066.660.000) 07/26 17:14:46 Job submitted from host: <160.36.155.106:9618?addrs=160.36.155.106-9618&noUDP&sock=27742_4872_4>
...
001 (066.660.000) 08/02 14:37:33 Job executing on host: <10.128.78.255:9618?addrs=10.128.78.255-9618&noUDP&sock=69000_d6dc_4>
...
006 (066.660.000) 08/02 14:37:42 Image size of job updated: 229828
	225  -  MemoryUsage of job (MB)
	229828  -  ResidentSetSize of job (KB)
...
006 (066.660.000) 08/02 14:42:43 Image size of job updated: 229840
	225  -  MemoryUsage of job (MB)
	229840  -  ResidentSetSize of job (KB)
...
022 (066.660.000) 08/02 16:24:25 Job disconnected, attempting to reconnect
    Socket between submit and execute hosts closed unexpectedly
    Trying to reconnect to slot1_19@omearaclusterl <10.128.78.255:9618?addrs=10.128.78.255-9618&noUDP&sock=69000_d6dc_4>
...
024 (066.660.000) 08/02 17:04:27 Job reconnection failed
    Job disconnected too long: JobLeaseDuration (2400 seconds) expired
    Can not reconnect to slot1_19@omearaclusterl, rescheduling job
...
012 (066.660.000) 08/03 14:17:33 Job was held.
	via condor_hold (by user bomeara)
	Code 1 Subcode 0
...
013 (066.660.000) 08/05 22:28:20 Job was released.
	via condor_release (by user bomeara)
...
001 (066.660.000) 08/06 15:08:55 Job executing on host: <10.128.151.149:9618?addrs=10.128.151.149-9618&noUDP&sock=21393_65a7_4>
...
006 (066.660.000) 08/06 15:45:55 Image size of job updated: 438992
	245  -  MemoryUsage of job (MB)
	250000  -  ResidentSetSize of job (KB)
...
005 (066.660.000) 08/06 15:45:55 Job terminated.
	(1) Normal termination (return value 0)
		Usr 0 00:36:58, Sys 0 00:00:00  -  Run Remote Usage
		Usr 0 00:00:00, Sys 0 00:00:00  -  Run Local Usage
		Usr 0 00:36:58, Sys 0 00:00:00  -  Total Remote Usage
		Usr 0 00:00:00, Sys 0 00:00:00  -  Total Local Usage
	28156  -  Run Bytes Sent By Job
	2422  -  Run Bytes Received By Job
	28156  -  Total Bytes Sent By Job
	4844  -  Total Bytes Received By Job
	Partitionable Resources :    Usage  Request Allocated 
	   Cpus                 :     1.00        1         1 
	   Disk (KB)            :    46          75   1811025 
	   Memory (MB)          :   245         245       256 
...
