[1] "args"
[1] "66"   "1786"
[1] "Now starting analysis"
[1] "Starting with initial values"
        mu   sigma.sq         SE         bt         vh 
4.04415767 0.19002486 0.09501243 1.00000000 0.09501243 
        step    negloglik           mu     sigma.sq           SE           bt 
 1.000000000 20.254130844  2.649287473  0.005651628  0.124801277  2.197332032 
          vh 
 0.402134551 
[1] "New improvement found, resetting step counter"
        step    negloglik           mu     sigma.sq           SE           bt 
 2.000000000 18.411090619  1.803762872  0.004105927  0.125271646  1.953557907 
          vh 
 0.054706517 
        step    negloglik           mu     sigma.sq           SE           bt 
 3.000000000 18.411090619  1.803762872  0.004105927  0.125271646  1.953557907 
          vh 
 0.054706517 
        step    negloglik           mu     sigma.sq           SE           bt 
 4.000000000 18.411090619  1.803762872  0.004105927  0.125271646  1.953557907 
          vh 
 0.054706517 
[1] "Now starting analysis"
[1] "Starting with initial values"
        mu   sigma.sq         bt         vh 
4.04415767 0.19002486 1.00000000 0.09501243 
        step    negloglik           mu     sigma.sq           bt           vh 
 1.000000000 36.835540345  3.611378699  0.188027315  1.639761584  0.002578138 
[1] "New improvement found, resetting step counter"
       step   negloglik          mu    sigma.sq          bt          vh 
 2.00000000 36.60179063  2.23963429  0.18286226  2.00203389  0.02054772 
       step   negloglik          mu    sigma.sq          bt          vh 
 3.00000000 36.60179063  2.23963429  0.18286226  2.00203389  0.02054772 
       step   negloglik          mu    sigma.sq          bt          vh 
 4.00000000 36.60179063  2.23963429  0.18286226  2.00203389  0.02054772 
[1] "Now starting analysis"
[1] "Starting with initial values"
        mu   sigma.sq         SE         vh 
4.04415767 0.19002486 0.09501243 0.09501243 
       step   negloglik          mu    sigma.sq          SE          vh 
 1.00000000 24.41536885  4.78434705  0.01154518  0.09442942  1.68577229 
[1] "New improvement found, resetting step counter"
        step    negloglik           mu     sigma.sq           SE           vh 
 2.000000000 23.394198324  2.427106404  0.008562206  0.104568180  1.148275169 
[1] "New improvement found, resetting step counter"
        step    negloglik           mu     sigma.sq           SE           vh 
 3.000000000 23.359325550  2.770561843  0.007874594  0.109966174  1.202606834 
        step    negloglik           mu     sigma.sq           SE           vh 
 4.000000000 23.359325550  2.770561843  0.007874594  0.109966174  1.202606834 
        step    negloglik           mu     sigma.sq           SE           vh 
 5.000000000 23.359325550  2.770561843  0.007874594  0.109966174  1.202606834 
[1] "Now starting analysis"
[1] "Starting with initial values"
        mu   sigma.sq         vh 
4.04415767 0.19002486 0.09501243 
      step  negloglik         mu   sigma.sq         vh 
 1.0000000 38.4657171  3.7239952  0.2068755  0.4488762 
      step  negloglik         mu   sigma.sq         vh 
 2.0000000 38.4657171  3.7239952  0.2068755  0.4488762 
      step  negloglik         mu   sigma.sq         vh 
 3.0000000 38.4657171  3.7239952  0.2068755  0.4488762 
[1] "Now starting analysis"
[1] "Starting with initial values"
        mu   sigma.sq         SE         bt 
4.04415767 0.19002486 0.09501243 1.00000000 
        step    negloglik           mu     sigma.sq           SE           bt 
 1.000000000 18.618625214  1.797268858  0.003793031  0.130266722  1.980869539 
        step    negloglik           mu     sigma.sq           SE           bt 
 2.000000000 18.618625214  1.797268858  0.003793031  0.130266722  1.980869539 
[1] "New improvement found, but slight; taking the best value, but not resetting the step counter"
        step    negloglik           mu     sigma.sq           SE           bt 
 3.000000000 18.615163237  1.832410824  0.004204596  0.132678398  1.948160459 
[1] "Now starting analysis"
[1] "Starting with initial values"
       mu  sigma.sq        bt 
4.0441577 0.1900249 1.0000000 
      step  negloglik         mu   sigma.sq         bt 
 1.0000000 36.6430758  2.5630703  0.2011481  1.9811889 
[1] "New improvement found, resetting step counter"
     step negloglik        mu  sigma.sq        bt 
 2.000000 36.589888  2.521539  0.183349  1.911179 
     step negloglik        mu  sigma.sq        bt 
 3.000000 36.589888  2.521539  0.183349  1.911179 
[1] "New improvement found, but slight; taking the best value, but not resetting the step counter"
      step  negloglik         mu   sigma.sq         bt 
 4.0000000 36.5822169  2.4027006  0.1895857  1.8554334 
[1] "Now starting analysis"
[1] "Starting with initial values"
        mu   sigma.sq         SE 
4.04415767 0.19002486 0.09501243 
       step   negloglik          mu    sigma.sq          SE 
 1.00000000 28.78908669  3.87931037  0.05894713  0.07554105 
       step   negloglik          mu    sigma.sq          SE 
 2.00000000 28.78908669  3.87931037  0.05894713  0.07554105 
       step   negloglik          mu    sigma.sq          SE 
 3.00000000 28.78908669  3.87931037  0.05894713  0.07554105 
[1] "Now starting analysis"
[1] "Starting with initial values"
       mu  sigma.sq 
4.0441577 0.1900249 
      step  negloglik         mu   sigma.sq 
 1.0000000 38.6445134  4.0441577  0.1900249 
      step  negloglik         mu   sigma.sq 
 2.0000000 38.6445134  4.0441577  0.1900249 
[1] "New improvement found, resetting step counter"
      step  negloglik         mu   sigma.sq 
 3.0000000 38.5628931  4.4000813  0.2241291 
[1] "New improvement found, resetting step counter"
      step  negloglik         mu   sigma.sq 
 4.0000000 38.5437488  4.0263969  0.2138087 
      step  negloglik         mu   sigma.sq 
 5.0000000 38.5437488  4.0263969  0.2138087 
      step  negloglik         mu   sigma.sq 
 6.0000000 38.5437488  4.0263969  0.2138087 
