[1] "args"
[1] "66"  "767"
[1] "Now starting analysis"
[1] "Starting with initial values"
       mu  sigma.sq        SE        bt        vh 
2.4582904 0.2643232 0.1321616 1.0000000 0.1321616 
       step   negloglik          mu    sigma.sq          SE          bt 
 1.00000000 49.36749711  2.37878878  0.01275909  0.06187303  1.43080277 
         vh 
 0.23748698 
[1] "New improvement found, resetting step counter"
       step   negloglik          mu    sigma.sq          SE          bt 
 2.00000000 44.39197793  0.52143231  0.00954147  0.06960129  3.44988280 
         vh 
 0.01849842 
       step   negloglik          mu    sigma.sq          SE          bt 
 3.00000000 44.39197793  0.52143231  0.00954147  0.06960129  3.44988280 
         vh 
 0.01849842 
[1] "New improvement found, resetting step counter"
       step   negloglik          mu    sigma.sq          SE          bt 
 4.00000000 44.35799009  0.57371639  0.00904291  0.07117284  3.10815314 
         vh 
 0.01722229 
[1] "New improvement found, but slight; taking the best value, but not resetting the step counter"
        step    negloglik           mu     sigma.sq           SE           bt 
 5.000000000 44.353792427  0.495867844  0.009781711  0.067706799  3.372919038 
          vh 
 0.016410952 
        step    negloglik           mu     sigma.sq           SE           bt 
 6.000000000 44.353792427  0.495867844  0.009781711  0.067706799  3.372919038 
          vh 
 0.016410952 
[1] "Now starting analysis"
[1] "Starting with initial values"
       mu  sigma.sq        bt        vh 
2.4582904 0.2643232 1.0000000 0.1321616 
        step    negloglik           mu     sigma.sq           bt           vh 
  1.00000000 129.28572962   1.78110403   0.25948154   1.74881412   0.08093605 
[1] "New improvement found, resetting step counter"
        step    negloglik           mu     sigma.sq           bt           vh 
  2.00000000 129.25433145   1.78110403   0.25948154   1.92692452   0.08093605 
        step    negloglik           mu     sigma.sq           bt           vh 
  3.00000000 129.25433145   1.78110403   0.25948154   1.92692452   0.08093605 
        step    negloglik           mu     sigma.sq           bt           vh 
  4.00000000 129.25433145   1.78110403   0.25948154   1.92692452   0.08093605 
[1] "Now starting analysis"
[1] "Starting with initial values"
       mu  sigma.sq        SE        vh 
2.4582904 0.2643232 0.1321616 0.1321616 
       step   negloglik          mu    sigma.sq          SE          vh 
 1.00000000 52.20561716  2.29650997  0.01585446  0.06030063  0.22773758 
[1] "New improvement found, resetting step counter"
       step   negloglik          mu    sigma.sq          SE          vh 
 2.00000000 51.29867413  2.10547000  0.01167296  0.06284292  0.71079763 
       step   negloglik          mu    sigma.sq          SE          vh 
 3.00000000 51.29867413  2.10547000  0.01167296  0.06284292  0.71079763 
[1] "New improvement found, but slight; taking the best value, but not resetting the step counter"
       step   negloglik          mu    sigma.sq          SE          vh 
 4.00000000 51.29265283  2.10819224  0.01163191  0.06422172  0.62664381 
[1] "Now starting analysis"
[1] "Starting with initial values"
       mu  sigma.sq        vh 
2.4582904 0.2643232 0.1321616 
       step   negloglik          mu    sigma.sq          vh 
  1.0000000 129.7372131   2.4582904   0.2643232   0.1321616 
       step   negloglik          mu    sigma.sq          vh 
  2.0000000 129.7372131   2.4582904   0.2643232   0.1321616 
       step   negloglik          mu    sigma.sq          vh 
  3.0000000 129.7372131   2.4582904   0.2643232   0.1321616 
[1] "Now starting analysis"
[1] "Starting with initial values"
       mu  sigma.sq        SE        bt 
2.4582904 0.2643232 0.1321616 1.0000000 
       step   negloglik          mu    sigma.sq          SE          bt 
 1.00000000 49.92735108  2.45414368  0.01481101  0.05643917  1.67233027 
[1] "New improvement found, resetting step counter"
       step   negloglik          mu    sigma.sq          SE          bt 
 2.00000000 44.46938442  0.50401348  0.01098465  0.06737558  3.35844840 
[1] "New improvement found, resetting step counter"
        step    negloglik           mu     sigma.sq           SE           bt 
 3.000000000 44.392463099  0.520508969  0.009608146  0.066979178  3.135534905 
        step    negloglik           mu     sigma.sq           SE           bt 
 4.000000000 44.392463099  0.520508969  0.009608146  0.066979178  3.135534905 
        step    negloglik           mu     sigma.sq           SE           bt 
 5.000000000 44.392463099  0.520508969  0.009608146  0.066979178  3.135534905 
[1] "Now starting analysis"
[1] "Starting with initial values"
       mu  sigma.sq        bt 
2.4582904 0.2643232 1.0000000 
       step   negloglik          mu    sigma.sq          bt 
  1.0000000 129.2111500   1.6439817   0.2489589   2.3981527 
       step   negloglik          mu    sigma.sq          bt 
  2.0000000 129.2111500   1.6439817   0.2489589   2.3981527 
[1] "New improvement found, resetting step counter"
       step   negloglik          mu    sigma.sq          bt 
  3.0000000 129.1081638   1.4344016   0.2593327   2.5892595 
[1] "New improvement found, resetting step counter"
       step   negloglik          mu    sigma.sq          bt 
  4.0000000 129.0896129   1.1698214   0.2694466   2.8134854 
       step   negloglik          mu    sigma.sq          bt 
  5.0000000 129.0896129   1.1698214   0.2694466   2.8134854 
       step   negloglik          mu    sigma.sq          bt 
  6.0000000 129.0896129   1.1698214   0.2694466   2.8134854 
[1] "Now starting analysis"
[1] "Starting with initial values"
       mu  sigma.sq        SE 
2.4582904 0.2643232 0.1321616 
       step   negloglik          mu    sigma.sq          SE 
 1.00000000 54.04824741  2.51350834  0.01974915  0.06268057 
[1] "New improvement found, resetting step counter"
       step   negloglik          mu    sigma.sq          SE 
 2.00000000 54.02152044  2.57217518  0.02058133  0.05622619 
       step   negloglik          mu    sigma.sq          SE 
 3.00000000 54.02152044  2.57217518  0.02058133  0.05622619 
[1] "New improvement found, but slight; taking the best value, but not resetting the step counter"
       step   negloglik          mu    sigma.sq          SE 
 4.00000000 54.01335892  2.52339521  0.01988125  0.05654584 
[1] "Now starting analysis"
[1] "Starting with initial values"
       mu  sigma.sq 
2.4582904 0.2643232 
       step   negloglik          mu    sigma.sq 
  1.0000000 129.6179069   2.4582904   0.2643232 
       step   negloglik          mu    sigma.sq 
  2.0000000 129.6179069   2.4582904   0.2643232 
       step   negloglik          mu    sigma.sq 
  3.0000000 129.6179069   2.4582904   0.2643232 
