[1] "args"
[1] "66"  "956"
[1] "Now starting analysis"
[1] "Starting with initial values"
        mu   sigma.sq         SE         bt         vh 
3.43586295 0.01318594 0.00659297 1.00000000 0.00659297 
         step     negloglik            mu      sigma.sq            SE 
 1.000000e+00 -6.972130e+00  2.523990e+00  9.013885e-03  3.301749e-07 
           bt            vh 
 1.504515e+00  1.664834e-05 
[1] "New improvement found, resetting step counter"
         step     negloglik            mu      sigma.sq            SE 
 2.000000e+00 -7.767647e+00  2.489985e+00  9.014907e-03  4.486394e-08 
           bt            vh 
 1.827304e+00  8.014333e-04 
[1] "New improvement found, resetting step counter"
         step     negloglik            mu      sigma.sq            SE 
 3.000000e+00 -7.800146e+00  2.536957e+00  9.110592e-03  7.067629e-07 
           bt            vh 
 1.808986e+00  5.101766e-04 
[1] "New improvement found, resetting step counter"
         step     negloglik            mu      sigma.sq            SE 
 4.000000e+00 -7.855333e+00  2.583401e+00  9.175663e-03  1.785857e-07 
           bt            vh 
 1.863554e+00  1.915369e-04 
         step     negloglik            mu      sigma.sq            SE 
 5.000000e+00 -7.855333e+00  2.583401e+00  9.175663e-03  1.785857e-07 
           bt            vh 
 1.863554e+00  1.915369e-04 
         step     negloglik            mu      sigma.sq            SE 
 6.000000e+00 -7.855333e+00  2.583401e+00  9.175663e-03  1.785857e-07 
           bt            vh 
 1.863554e+00  1.915369e-04 
[1] "Now starting analysis"
[1] "Starting with initial values"
        mu   sigma.sq         bt         vh 
3.43586295 0.01318594 1.00000000 0.00659297 
         step     negloglik            mu      sigma.sq            bt 
 1.000000e+00 -7.817774e+00  2.752834e+00  9.096713e-03  1.868771e+00 
           vh 
 6.813853e-05 
[1] "New improvement found, resetting step counter"
        step    negloglik           mu     sigma.sq           bt           vh 
 2.000000000 -7.847329159  2.721958656  0.009121008  1.797125526  0.000069371 
        step    negloglik           mu     sigma.sq           bt           vh 
 3.000000000 -7.847329159  2.721958656  0.009121008  1.797125526  0.000069371 
        step    negloglik           mu     sigma.sq           bt           vh 
 4.000000000 -7.847329159  2.721958656  0.009121008  1.797125526  0.000069371 
[1] "Now starting analysis"
[1] "Starting with initial values"
        mu   sigma.sq         SE         vh 
3.43586295 0.01318594 0.00659297 0.00659297 
         step     negloglik            mu      sigma.sq            SE 
 1.000000e+00 -4.930230e+00  3.489159e+00  1.095081e-02  3.249893e-07 
           vh 
 9.206673e-02 
[1] "New improvement found, resetting step counter"
         step     negloglik            mu      sigma.sq            SE 
 2.000000e+00 -4.947275e+00  3.446562e+00  1.095086e-02  3.180174e-07 
           vh 
 7.556060e-02 
         step     negloglik            mu      sigma.sq            SE 
 3.000000e+00 -4.947275e+00  3.446562e+00  1.095086e-02  3.180174e-07 
           vh 
 7.556060e-02 
[1] "New improvement found, resetting step counter"
         step     negloglik            mu      sigma.sq            SE 
 4.000000e+00 -4.961357e+00  3.398323e+00  1.080464e-02  1.301205e-06 
           vh 
 7.662688e-02 
         step     negloglik            mu      sigma.sq            SE 
 5.000000e+00 -4.961357e+00  3.398323e+00  1.080464e-02  1.301205e-06 
           vh 
 7.662688e-02 
         step     negloglik            mu      sigma.sq            SE 
 6.000000e+00 -4.961357e+00  3.398323e+00  1.080464e-02  1.301205e-06 
           vh 
 7.662688e-02 
[1] "Now starting analysis"
[1] "Starting with initial values"
        mu   sigma.sq         vh 
3.43586295 0.01318594 0.00659297 
       step   negloglik          mu    sigma.sq          vh 
 1.00000000 -4.97898208  3.37642365  0.01015691  0.08442865 
       step   negloglik          mu    sigma.sq          vh 
 2.00000000 -4.97898208  3.37642365  0.01015691  0.08442865 
       step   negloglik          mu    sigma.sq          vh 
 3.00000000 -4.97898208  3.37642365  0.01015691  0.08442865 
[1] "Now starting analysis"
[1] "Starting with initial values"
        mu   sigma.sq         SE         bt 
3.43586295 0.01318594 0.00659297 1.00000000 
         step     negloglik            mu      sigma.sq            SE 
 1.000000e+00 -7.862041e+00  2.623987e+00  9.083724e-03  2.201118e-07 
           bt 
 1.878835e+00 
         step     negloglik            mu      sigma.sq            SE 
 2.000000e+00 -7.862041e+00  2.623987e+00  9.083724e-03  2.201118e-07 
           bt 
 1.878835e+00 
         step     negloglik            mu      sigma.sq            SE 
 3.000000e+00 -7.862041e+00  2.623987e+00  9.083724e-03  2.201118e-07 
           bt 
 1.878835e+00 
[1] "Now starting analysis"
[1] "Starting with initial values"
        mu   sigma.sq         bt 
3.43586295 0.01318594 1.00000000 
        step    negloglik           mu     sigma.sq           bt 
 1.000000000 -7.865234689  2.621759356  0.009174856  1.860086113 
[1] "New improvement found, but slight; taking the best value, but not resetting the step counter"
        step    negloglik           mu     sigma.sq           bt 
 2.000000000 -7.865285348  2.647171563  0.009178634  1.852498744 
        step    negloglik           mu     sigma.sq           bt 
 3.000000000 -7.865285348  2.647171563  0.009178634  1.852498744 
[1] "Now starting analysis"
[1] "Starting with initial values"
        mu   sigma.sq         SE 
3.43586295 0.01318594 0.00659297 
         step     negloglik            mu      sigma.sq            SE 
 1.000000e+00 -4.244209e+00  3.443695e+00  1.215330e-02  2.260652e-07 
         step     negloglik            mu      sigma.sq            SE 
 2.000000e+00 -4.244209e+00  3.443695e+00  1.215330e-02  2.260652e-07 
         step     negloglik            mu      sigma.sq            SE 
 3.000000e+00 -4.244209e+00  3.443695e+00  1.215330e-02  2.260652e-07 
[1] "Now starting analysis"
[1] "Starting with initial values"
        mu   sigma.sq 
3.43586295 0.01318594 
       step   negloglik          mu    sigma.sq 
 1.00000000 -4.25393784  3.46277640  0.01170225 
       step   negloglik          mu    sigma.sq 
 2.00000000 -4.25393784  3.46277640  0.01170225 
       step   negloglik          mu    sigma.sq 
 3.00000000 -4.25393784  3.46277640  0.01170225 
