[1] "args"
[1] "66"   "1299"
[1] "Now starting analysis"
[1] "Starting with initial values"
         mu    sigma.sq          SE          bt          vh 
1.126243197 0.009080553 0.004540276 1.000000000 0.004540276 
         step     negloglik            mu      sigma.sq            SE 
 1.000000e+00 -4.289945e+01  1.540538e+00  7.721193e-03  3.219483e-04 
           bt            vh 
 6.684901e-01  4.158383e-04 
[1] "New improvement found, resetting step counter"
         step     negloglik            mu      sigma.sq            SE 
 2.000000e+00 -4.300077e+01  1.396541e+00  7.723792e-03  3.153013e-04 
           bt            vh 
 6.817445e-01  2.694845e-03 
         step     negloglik            mu      sigma.sq            SE 
 3.000000e+00 -4.300077e+01  1.396541e+00  7.723792e-03  3.153013e-04 
           bt            vh 
 6.817445e-01  2.694845e-03 
         step     negloglik            mu      sigma.sq            SE 
 4.000000e+00 -4.300077e+01  1.396541e+00  7.723792e-03  3.153013e-04 
           bt            vh 
 6.817445e-01  2.694845e-03 
[1] "Now starting analysis"
[1] "Starting with initial values"
         mu    sigma.sq          bt          vh 
1.126243197 0.009080553 1.000000000 0.004540276 
         step     negloglik            mu      sigma.sq            bt 
  1.000000000 -42.308118236   1.461998570   0.008687646   0.661205726 
           vh 
  0.001793564 
[1] "New improvement found, resetting step counter"
         step     negloglik            mu      sigma.sq            bt 
 2.000000e+00 -4.236743e+01  1.376092e+00  8.585873e-03  6.771215e-01 
           vh 
 9.880584e-05 
         step     negloglik            mu      sigma.sq            bt 
 3.000000e+00 -4.236743e+01  1.376092e+00  8.585873e-03  6.771215e-01 
           vh 
 9.880584e-05 
         step     negloglik            mu      sigma.sq            bt 
 4.000000e+00 -4.236743e+01  1.376092e+00  8.585873e-03  6.771215e-01 
           vh 
 9.880584e-05 
[1] "Now starting analysis"
[1] "Starting with initial values"
         mu    sigma.sq          SE          vh 
1.126243197 0.009080553 0.004540276 0.004540276 
         step     negloglik            mu      sigma.sq            SE 
 1.000000e+00 -4.132435e+01  1.195989e+00  7.656664e-03  4.605313e-04 
           vh 
 3.442019e-02 
[1] "New improvement found, resetting step counter"
         step     negloglik            mu      sigma.sq            SE 
 2.000000e+00 -4.140984e+01  1.171890e+00  7.636280e-03  3.879745e-04 
           vh 
 2.870321e-02 
[1] "New improvement found, resetting step counter"
         step     negloglik            mu      sigma.sq            SE 
 3.000000e+00 -4.143752e+01  1.193010e+00  8.271670e-03  3.101767e-04 
           vh 
 9.654055e-03 
         step     negloglik            mu      sigma.sq            SE 
 4.000000e+00 -4.143752e+01  1.193010e+00  8.271670e-03  3.101767e-04 
           vh 
 9.654055e-03 
         step     negloglik            mu      sigma.sq            SE 
 5.000000e+00 -4.143752e+01  1.193010e+00  8.271670e-03  3.101767e-04 
           vh 
 9.654055e-03 
[1] "Now starting analysis"
[1] "Starting with initial values"
         mu    sigma.sq          vh 
1.126243197 0.009080553 0.004540276 
        step    negloglik           mu     sigma.sq           vh 
  1.00000000 -40.94695153   1.09096255   0.00855507   0.01305798 
        step    negloglik           mu     sigma.sq           vh 
  2.00000000 -40.94695153   1.09096255   0.00855507   0.01305798 
        step    negloglik           mu     sigma.sq           vh 
  3.00000000 -40.94695153   1.09096255   0.00855507   0.01305798 
[1] "Now starting analysis"
[1] "Starting with initial values"
         mu    sigma.sq          SE          bt 
1.126243197 0.009080553 0.004540276 1.000000000 
         step     negloglik            mu      sigma.sq            SE 
 1.000000e+00 -4.301916e+01  1.335523e+00  7.723752e-03  2.930474e-04 
           bt 
 6.937011e-01 
[1] "New improvement found, resetting step counter"
         step     negloglik            mu      sigma.sq            SE 
  2.000000000 -43.031488971   1.411335257   0.007726018   0.000310631 
           bt 
  0.675609296 
         step     negloglik            mu      sigma.sq            SE 
  3.000000000 -43.031488971   1.411335257   0.007726018   0.000310631 
           bt 
  0.675609296 
         step     negloglik            mu      sigma.sq            SE 
  4.000000000 -43.031488971   1.411335257   0.007726018   0.000310631 
           bt 
  0.675609296 
[1] "Now starting analysis"
[1] "Starting with initial values"
         mu    sigma.sq          bt 
1.126243197 0.009080553 1.000000000 
        step    negloglik           mu     sigma.sq           bt 
  1.00000000 -42.34600938   1.32551599   0.00833329   0.66338032 
[1] "New improvement found, resetting step counter"
        step    negloglik           mu     sigma.sq           bt 
  2.00000000 -42.36080092   1.45806759   0.00833329   0.66338032 
[1] "New improvement found, but slight; taking the best value, but not resetting the step counter"
         step     negloglik            mu      sigma.sq            bt 
  3.000000000 -42.364131242   1.376956622   0.008587685   0.664675047 
         step     negloglik            mu      sigma.sq            bt 
  4.000000000 -42.364131242   1.376956622   0.008587685   0.664675047 
[1] "Now starting analysis"
[1] "Starting with initial values"
         mu    sigma.sq          SE 
1.126243197 0.009080553 0.004540276 
         step     negloglik            mu      sigma.sq            SE 
 1.000000e+00 -4.146922e+01  1.126406e+00  8.225958e-03  2.769127e-04 
[1] "New improvement found, resetting step counter"
         step     negloglik            mu      sigma.sq            SE 
 2.000000e+00 -4.147961e+01  1.070079e+00  8.228479e-03  2.877051e-04 
         step     negloglik            mu      sigma.sq            SE 
 3.000000e+00 -4.147961e+01  1.070079e+00  8.228479e-03  2.877051e-04 
         step     negloglik            mu      sigma.sq            SE 
 4.000000e+00 -4.147961e+01  1.070079e+00  8.228479e-03  2.877051e-04 
[1] "Now starting analysis"
[1] "Starting with initial values"
         mu    sigma.sq 
1.126243197 0.009080553 
         step     negloglik            mu      sigma.sq 
  1.000000000 -40.923123679   1.072852506   0.008516881 
         step     negloglik            mu      sigma.sq 
  2.000000000 -40.923123679   1.072852506   0.008516881 
         step     negloglik            mu      sigma.sq 
  3.000000000 -40.923123679   1.072852506   0.008516881 
