[1] "args"
[1] "66"  "372"
[1] "Now starting analysis"
[1] "Starting with initial values"
         mu    sigma.sq          SE          bt          vh 
1.532087319 0.012670362 0.006335181 1.000000000 0.006335181 
         step     negloglik            mu      sigma.sq            SE 
 1.0000000000 -2.7760482794  1.6541215258  0.0101034056  0.0021593146 
           bt            vh 
 1.0864807891  0.0002808423 
[1] "New improvement found, resetting step counter"
         step     negloglik            mu      sigma.sq            SE 
 2.000000e+00 -2.812122e+00  1.621704e+00  1.009989e-02  2.179268e-03 
           bt            vh 
 1.012668e+00  7.359095e-05 
         step     negloglik            mu      sigma.sq            SE 
 3.000000e+00 -2.812122e+00  1.621704e+00  1.009989e-02  2.179268e-03 
           bt            vh 
 1.012668e+00  7.359095e-05 
         step     negloglik            mu      sigma.sq            SE 
 4.000000e+00 -2.812122e+00  1.621704e+00  1.009989e-02  2.179268e-03 
           bt            vh 
 1.012668e+00  7.359095e-05 
[1] "Now starting analysis"
[1] "Starting with initial values"
         mu    sigma.sq          bt          vh 
1.532087319 0.012670362 1.000000000 0.006335181 
         step     negloglik            mu      sigma.sq            bt 
 1.0000000000 -2.3459931100  1.5623556787  0.0125310365  1.0160662839 
           vh 
 0.0001902461 
         step     negloglik            mu      sigma.sq            bt 
 2.0000000000 -2.3459931100  1.5623556787  0.0125310365  1.0160662839 
           vh 
 0.0001902461 
         step     negloglik            mu      sigma.sq            bt 
 3.0000000000 -2.3459931100  1.5623556787  0.0125310365  1.0160662839 
           vh 
 0.0001902461 
[1] "Now starting analysis"
[1] "Starting with initial values"
         mu    sigma.sq          SE          vh 
1.532087319 0.012670362 0.006335181 0.006335181 
        step    negloglik           mu     sigma.sq           SE           vh 
 1.000000000 -2.723030019  1.698824124  0.010119576  0.002136391  0.024369875 
[1] "New improvement found, resetting step counter"
         step     negloglik            mu      sigma.sq            SE 
 2.0000000000 -2.8145995062  1.5609455242  0.0100865395  0.0020522925 
           vh 
 0.0004301664 
         step     negloglik            mu      sigma.sq            SE 
 3.0000000000 -2.8145995062  1.5609455242  0.0100865395  0.0020522925 
           vh 
 0.0004301664 
         step     negloglik            mu      sigma.sq            SE 
 4.0000000000 -2.8145995062  1.5609455242  0.0100865395  0.0020522925 
           vh 
 0.0004301664 
[1] "Now starting analysis"
[1] "Starting with initial values"
         mu    sigma.sq          vh 
1.532087319 0.012670362 0.006335181 
         step     negloglik            mu      sigma.sq            vh 
 1.000000e+00 -2.345450e+00  1.611885e+00  1.254239e-02  7.587192e-05 
[1] "New improvement found, but slight; taking the best value, but not resetting the step counter"
         step     negloglik            mu      sigma.sq            vh 
 2.000000e+00 -2.347232e+00  1.597336e+00  1.263835e-02  6.867814e-05 
         step     negloglik            mu      sigma.sq            vh 
 3.000000e+00 -2.347232e+00  1.597336e+00  1.263835e-02  6.867814e-05 
[1] "Now starting analysis"
[1] "Starting with initial values"
         mu    sigma.sq          SE          bt 
1.532087319 0.012670362 0.006335181 1.000000000 
        step    negloglik           mu     sigma.sq           SE           bt 
 1.000000000 -2.816354535  1.597399594  0.010015604  0.002073681  1.018927751 
[1] "New improvement found, but slight; taking the best value, but not resetting the step counter"
        step    negloglik           mu     sigma.sq           SE           bt 
 2.000000000 -2.816459680  1.564687480  0.010012043  0.002121316  1.037913704 
        step    negloglik           mu     sigma.sq           SE           bt 
 3.000000000 -2.816459680  1.564687480  0.010012043  0.002121316  1.037913704 
[1] "Now starting analysis"
[1] "Starting with initial values"
        mu   sigma.sq         bt 
1.53208732 0.01267036 1.00000000 
       step   negloglik          mu    sigma.sq          bt 
 1.00000000 -2.34685688  1.55975209  0.01266413  1.01702527 
[1] "New improvement found, but slight; taking the best value, but not resetting the step counter"
       step   negloglik          mu    sigma.sq          bt 
 2.00000000 -2.34705627  1.60018763  0.01267153  1.01305121 
       step   negloglik          mu    sigma.sq          bt 
 3.00000000 -2.34705627  1.60018763  0.01267153  1.01305121 
[1] "Now starting analysis"
[1] "Starting with initial values"
         mu    sigma.sq          SE 
1.532087319 0.012670362 0.006335181 
        step    negloglik           mu     sigma.sq           SE 
 1.000000000 -2.817512115  1.587528923  0.010035378  0.002101672 
        step    negloglik           mu     sigma.sq           SE 
 2.000000000 -2.817512115  1.587528923  0.010035378  0.002101672 
        step    negloglik           mu     sigma.sq           SE 
 3.000000000 -2.817512115  1.587528923  0.010035378  0.002101672 
[1] "Now starting analysis"
[1] "Starting with initial values"
        mu   sigma.sq 
1.53208732 0.01267036 
       step   negloglik          mu    sigma.sq 
 1.00000000 -2.34732985  1.59641016  0.01269608 
       step   negloglik          mu    sigma.sq 
 2.00000000 -2.34732985  1.59641016  0.01269608 
[1] "New improvement found, but slight; taking the best value, but not resetting the step counter"
       step   negloglik          mu    sigma.sq 
 3.00000000 -2.34750155  1.58826696  0.01260194 
