000 (066.542.000) 07/26 17:14:46 Job submitted from host: <160.36.155.106:9618?addrs=160.36.155.106-9618&noUDP&sock=27742_4872_4>
...
001 (066.542.000) 08/01 16:53:12 Job executing on host: <10.129.169.104:9618?addrs=10.129.169.104-9618&noUDP&sock=60687_d010_4>
...
006 (066.542.000) 08/01 16:53:20 Image size of job updated: 220688
	216  -  MemoryUsage of job (MB)
	220688  -  ResidentSetSize of job (KB)
...
006 (066.542.000) 08/01 16:58:20 Image size of job updated: 222508
	218  -  MemoryUsage of job (MB)
	222508  -  ResidentSetSize of job (KB)
...
006 (066.542.000) 08/01 19:23:35 Image size of job updated: 225476
	221  -  MemoryUsage of job (MB)
	225476  -  ResidentSetSize of job (KB)
...
006 (066.542.000) 08/01 19:53:38 Image size of job updated: 231128
	226  -  MemoryUsage of job (MB)
	231128  -  ResidentSetSize of job (KB)
...
005 (066.542.000) 08/02 01:01:59 Job terminated.
	(1) Normal termination (return value 0)
		Usr 0 08:08:05, Sys 0 00:00:03  -  Run Remote Usage
		Usr 0 00:00:00, Sys 0 00:00:00  -  Run Local Usage
		Usr 0 08:08:05, Sys 0 00:00:03  -  Total Remote Usage
		Usr 0 00:00:00, Sys 0 00:00:00  -  Total Local Usage
	28772  -  Run Bytes Sent By Job
	2422  -  Run Bytes Received By Job
	28772  -  Total Bytes Sent By Job
	2422  -  Total Bytes Received By Job
	Partitionable Resources :    Usage  Request Allocated 
	   Cpus                 :     1.00        1         1 
	   Disk (KB)            :    46           4    205772 
	   Memory (MB)          :   226           1       128 
...
