[1] "args"
[1] "66"  "609"
[1] "Now starting analysis"
[1] "Starting with initial values"
         mu    sigma.sq          SE          bt          vh 
2.595755612 0.009880165 0.004940082 1.000000000 0.004940082 
         step     negloglik            mu      sigma.sq            SE 
 1.000000e+00 -3.346565e+01  1.889423e+00  8.372019e-03  8.670880e-05 
           bt            vh 
 1.332510e+00  2.479019e-01 
[1] "New improvement found, resetting step counter"
         step     negloglik            mu      sigma.sq            SE 
 2.000000e+00 -3.409862e+01  1.931284e+00  8.380269e-03  8.264874e-05 
           bt            vh 
 1.615178e+00  1.153013e-01 
         step     negloglik            mu      sigma.sq            SE 
 3.000000e+00 -3.409862e+01  1.931284e+00  8.380269e-03  8.264874e-05 
           bt            vh 
 1.615178e+00  1.153013e-01 
         step     negloglik            mu      sigma.sq            SE 
 4.000000e+00 -3.409862e+01  1.931284e+00  8.380269e-03  8.264874e-05 
           bt            vh 
 1.615178e+00  1.153013e-01 
[1] "Now starting analysis"
[1] "Starting with initial values"
         mu    sigma.sq          bt          vh 
2.595755612 0.009880165 1.000000000 0.004940082 
         step     negloglik            mu      sigma.sq            bt 
  1.000000000 -34.222820794   1.952924802   0.008997513   1.568486528 
           vh 
  0.104515827 
[1] "New improvement found, but slight; taking the best value, but not resetting the step counter"
         step     negloglik            mu      sigma.sq            bt 
  2.000000000 -34.224282197   2.006268556   0.009145424   1.616108823 
           vh 
  0.099578918 
[1] "New improvement found, resetting step counter"
         step     negloglik            mu      sigma.sq            bt 
  3.000000000 -34.235199880   1.928867936   0.009025013   1.614599825 
           vh 
  0.097328644 
         step     negloglik            mu      sigma.sq            bt 
  4.000000000 -34.235199880   1.928867936   0.009025013   1.614599825 
           vh 
  0.097328644 
         step     negloglik            mu      sigma.sq            bt 
  5.000000000 -34.235199880   1.928867936   0.009025013   1.614599825 
           vh 
  0.097328644 
[1] "Now starting analysis"
[1] "Starting with initial values"
         mu    sigma.sq          SE          vh 
2.595755612 0.009880165 0.004940082 0.004940082 
         step     negloglik            mu      sigma.sq            SE 
 1.000000e+00 -3.158219e+01  2.988986e+00  7.692370e-03  3.187378e-04 
           vh 
 1.984424e-01 
[1] "New improvement found, resetting step counter"
         step     negloglik            mu      sigma.sq            SE 
 2.000000e+00 -3.187183e+01  2.903978e+00  7.640129e-03  1.254253e-04 
           vh 
 2.993021e-01 
[1] "New improvement found, resetting step counter"
         step     negloglik            mu      sigma.sq            SE 
 3.000000e+00 -3.188857e+01  2.704121e+00  7.508912e-03  1.882842e-04 
           vh 
 2.822785e-01 
[1] "New improvement found, resetting step counter"
         step     negloglik            mu      sigma.sq            SE 
 4.000000e+00 -3.196617e+01  2.576900e+00  7.600380e-03  2.873397e-04 
           vh 
 3.431181e-01 
[1] "New improvement found, resetting step counter"
         step     negloglik            mu      sigma.sq            SE 
 5.000000e+00 -3.247830e+01  2.641653e+00  8.287602e-03  7.570479e-05 
           vh 
 3.347976e-01 
         step     negloglik            mu      sigma.sq            SE 
 6.000000e+00 -3.247830e+01  2.641653e+00  8.287602e-03  7.570479e-05 
           vh 
 3.347976e-01 
         step     negloglik            mu      sigma.sq            SE 
 7.000000e+00 -3.247830e+01  2.641653e+00  8.287602e-03  7.570479e-05 
           vh 
 3.347976e-01 
[1] "Now starting analysis"
[1] "Starting with initial values"
         mu    sigma.sq          vh 
2.595755612 0.009880165 0.004940082 
         step     negloglik            mu      sigma.sq            vh 
  1.000000000 -32.649376970   2.485248722   0.008919791   0.344484339 
[1] "New improvement found, resetting step counter"
         step     negloglik            mu      sigma.sq            vh 
  2.000000000 -32.683594950   2.599064942   0.009192829   0.282262109 
         step     negloglik            mu      sigma.sq            vh 
  3.000000000 -32.683594950   2.599064942   0.009192829   0.282262109 
         step     negloglik            mu      sigma.sq            vh 
  4.000000000 -32.683594950   2.599064942   0.009192829   0.282262109 
[1] "Now starting analysis"
[1] "Starting with initial values"
         mu    sigma.sq          SE          bt 
2.595755612 0.009880165 0.004940082 1.000000000 
         step     negloglik            mu      sigma.sq            SE 
 1.000000e+00 -3.334754e+01  1.907990e+00  9.605902e-03  1.203008e-05 
           bt 
 1.611669e+00 
         step     negloglik            mu      sigma.sq            SE 
 2.000000e+00 -3.334754e+01  1.907990e+00  9.605902e-03  1.203008e-05 
           bt 
 1.611669e+00 
[1] "New improvement found, but slight; taking the best value, but not resetting the step counter"
         step     negloglik            mu      sigma.sq            SE 
 3.000000e+00 -3.335540e+01  1.986289e+00  9.865647e-03  1.253476e-05 
           bt 
 1.634027e+00 
[1] "Now starting analysis"
[1] "Starting with initial values"
         mu    sigma.sq          bt 
2.595755612 0.009880165 1.000000000 
         step     negloglik            mu      sigma.sq            bt 
  1.000000000 -33.409021083   1.930141117   0.009433914   1.665761778 
         step     negloglik            mu      sigma.sq            bt 
  2.000000000 -33.409021083   1.930141117   0.009433914   1.665761778 
         step     negloglik            mu      sigma.sq            bt 
  3.000000000 -33.409021083   1.930141117   0.009433914   1.665761778 
[1] "Now starting analysis"
[1] "Starting with initial values"
         mu    sigma.sq          SE 
2.595755612 0.009880165 0.004940082 
         step     negloglik            mu      sigma.sq            SE 
 1.000000e+00 -2.939679e+01  2.717817e+00  1.036508e-02  8.152487e-06 
[1] "New improvement found, but slight; taking the best value, but not resetting the step counter"
         step     negloglik            mu      sigma.sq            SE 
 2.000000e+00 -2.940650e+01  2.724851e+00  1.036305e-02  9.786633e-07 
[1] "New improvement found, but slight; taking the best value, but not resetting the step counter"
         step     negloglik            mu      sigma.sq            SE 
 3.000000e+00 -2.940655e+01  2.739163e+00  1.037313e-02  1.739792e-07 
[1] "Now starting analysis"
[1] "Starting with initial values"
         mu    sigma.sq 
2.595755612 0.009880165 
        step    negloglik           mu     sigma.sq 
  1.00000000 -29.39681809   2.69296970   0.01013366 
[1] "New improvement found, but slight; taking the best value, but not resetting the step counter"
        step    negloglik           mu     sigma.sq 
  2.00000000 -29.39689923   2.69070967   0.01044595 
[1] "New improvement found, but slight; taking the best value, but not resetting the step counter"
        step    negloglik           mu     sigma.sq 
  3.00000000 -29.39870535   2.75964988   0.01044375 
