000 (066.1659.000) 07/26 17:14:46 Job submitted from host: <160.36.155.106:9618?addrs=160.36.155.106-9618&noUDP&sock=27742_4872_4>
...
012 (066.1659.000) 08/03 14:17:24 Job was held.
	via condor_hold (by user bomeara)
	Code 1 Subcode 0
...
013 (066.1659.000) 08/05 22:28:11 Job was released.
	via condor_release (by user bomeara)
...
012 (066.1659.000) 08/09 10:36:21 Job was held.
	via condor_hold (by user bomeara)
	Code 1 Subcode 0
...
013 (066.1659.000) 08/09 13:05:30 Job was released.
	via condor_release (by user bomeara)
...
012 (066.1659.000) 09/23 13:38:13 Job was held.
	via condor_hold (by user bomeara)
	Code 1 Subcode 0
...
013 (066.1659.000) 09/24 14:50:04 Job was released.
	via condor_release (by user bomeara)
...
001 (066.1659.000) 09/27 15:21:20 Job executing on host: <10.128.151.149:9618?addrs=10.128.151.149-9618&noUDP&sock=2702_ecfc_4>
...
006 (066.1659.000) 09/27 15:21:28 Image size of job updated: 243216
	238  -  MemoryUsage of job (MB)
	243216  -  ResidentSetSize of job (KB)
...
006 (066.1659.000) 09/28 02:47:40 Image size of job updated: 248096
	243  -  MemoryUsage of job (MB)
	248096  -  ResidentSetSize of job (KB)
...
006 (066.1659.000) 09/28 20:14:33 Image size of job updated: 248692
	243  -  MemoryUsage of job (MB)
	248692  -  ResidentSetSize of job (KB)
...
006 (066.1659.000) 09/30 02:02:35 Image size of job updated: 449268
	243  -  MemoryUsage of job (MB)
	248692  -  ResidentSetSize of job (KB)
...
005 (066.1659.000) 09/30 02:02:35 Job terminated.
	(1) Normal termination (return value 0)
		Usr 2 10:39:11, Sys 0 00:00:15  -  Run Remote Usage
		Usr 0 00:00:00, Sys 0 00:00:00  -  Run Local Usage
		Usr 2 10:39:11, Sys 0 00:00:15  -  Total Remote Usage
		Usr 0 00:00:00, Sys 0 00:00:00  -  Total Local Usage
	31846  -  Run Bytes Sent By Job
	2422  -  Run Bytes Received By Job
	31846  -  Total Bytes Sent By Job
	2422  -  Total Bytes Received By Job
	Partitionable Resources :    Usage  Request Allocated 
	   Cpus                 :     1.00        1         1 
	   Disk (KB)            :    49           4   1811004 
	   Memory (MB)          :   243           1       128 
...
