[1] "args"
[1] "66"   "1079"
[1] "Now starting analysis"
[1] "Starting with initial values"
        mu   sigma.sq         SE         bt         vh 
1.43879193 0.16305973 0.08152986 1.00000000 0.08152986 
        step    negloglik           mu     sigma.sq           SE           bt 
 1.000000000 56.679479125  0.650713464  0.004068555  0.099281637  1.931407180 
          vh 
 1.047439969 
[1] "New improvement found, resetting step counter"
        step    negloglik           mu     sigma.sq           SE           bt 
 2.000000000 55.115654395  0.497029341  0.004430959  0.097230309  2.056880432 
          vh 
 0.304959199 
        step    negloglik           mu     sigma.sq           SE           bt 
 3.000000000 55.115654395  0.497029341  0.004430959  0.097230309  2.056880432 
          vh 
 0.304959199 
        step    negloglik           mu     sigma.sq           SE           bt 
 4.000000000 55.115654395  0.497029341  0.004430959  0.097230309  2.056880432 
          vh 
 0.304959199 
[1] "Now starting analysis"
[1] "Starting with initial values"
        mu   sigma.sq         bt         vh 
1.43879193 0.16305973 1.00000000 0.08152986 
       step   negloglik          mu    sigma.sq          bt          vh 
  1.0000000 112.8750800   0.4884539   0.1627605   2.6062303   0.0536386 
       step   negloglik          mu    sigma.sq          bt          vh 
  2.0000000 112.8750800   0.4884539   0.1627605   2.6062303   0.0536386 
       step   negloglik          mu    sigma.sq          bt          vh 
  3.0000000 112.8750800   0.4884539   0.1627605   2.6062303   0.0536386 
[1] "Now starting analysis"
[1] "Starting with initial values"
        mu   sigma.sq         SE         vh 
1.43879193 0.16305973 0.08152986 0.08152986 
        step    negloglik           mu     sigma.sq           SE           vh 
 1.000000000 58.810929212  0.526287061  0.003896238  0.100339377  0.612747696 
[1] "New improvement found, resetting step counter"
        step    negloglik           mu     sigma.sq           SE           vh 
 2.000000000 58.452787307  0.548667884  0.004076707  0.100983175  0.911445264 
        step    negloglik           mu     sigma.sq           SE           vh 
 3.000000000 58.452787307  0.548667884  0.004076707  0.100983175  0.911445264 
        step    negloglik           mu     sigma.sq           SE           vh 
 4.000000000 58.452787307  0.548667884  0.004076707  0.100983175  0.911445264 
[1] "Now starting analysis"
[1] "Starting with initial values"
        mu   sigma.sq         vh 
1.43879193 0.16305973 0.08152986 
        step    negloglik           mu     sigma.sq           vh 
  1.00000000 114.78610272   1.43879193   0.16305973   0.08152986 
        step    negloglik           mu     sigma.sq           vh 
  2.00000000 114.78610272   1.43879193   0.16305973   0.08152986 
[1] "New improvement found, resetting step counter"
        step    negloglik           mu     sigma.sq           vh 
  3.00000000 114.77405797   1.56513888   0.17024695   0.07673669 
        step    negloglik           mu     sigma.sq           vh 
  4.00000000 114.77405797   1.56513888   0.17024695   0.07673669 
        step    negloglik           mu     sigma.sq           vh 
  5.00000000 114.77405797   1.56513888   0.17024695   0.07673669 
[1] "Now starting analysis"
[1] "Starting with initial values"
        mu   sigma.sq         SE         bt 
1.43879193 0.16305973 0.08152986 1.00000000 
        step    negloglik           mu     sigma.sq           SE           bt 
 1.000000000 58.902292770  0.485932031  0.008663429  0.096558668  1.765822067 
[1] "New improvement found, resetting step counter"
        step    negloglik           mu     sigma.sq           SE           bt 
 2.000000000 57.008589590  0.662111024  0.007727536  0.098915892  2.169394167 
[1] "New improvement found, resetting step counter"
        step    negloglik           mu     sigma.sq           SE           bt 
 3.000000000 56.997788444  0.764637414  0.007531766  0.094854473  2.166976921 
        step    negloglik           mu     sigma.sq           SE           bt 
 4.000000000 56.997788444  0.764637414  0.007531766  0.094854473  2.166976921 
[1] "New improvement found, resetting step counter"
        step    negloglik           mu     sigma.sq           SE           bt 
 5.000000000 56.980890130  0.704691782  0.007585931  0.097568162  2.166480336 
        step    negloglik           mu     sigma.sq           SE           bt 
 6.000000000 56.980890130  0.704691782  0.007585931  0.097568162  2.166480336 
        step    negloglik           mu     sigma.sq           SE           bt 
 7.000000000 56.980890130  0.704691782  0.007585931  0.097568162  2.166480336 
[1] "Now starting analysis"
[1] "Starting with initial values"
       mu  sigma.sq        bt 
1.4387919 0.1630597 1.0000000 
       step   negloglik          mu    sigma.sq          bt 
  1.0000000 112.8435098   1.0995541   0.1619742   2.5590202 
       step   negloglik          mu    sigma.sq          bt 
  2.0000000 112.8435098   1.0995541   0.1619742   2.5590202 
       step   negloglik          mu    sigma.sq          bt 
  3.0000000 112.8435098   1.0995541   0.1619742   2.5590202 
[1] "Now starting analysis"
[1] "Starting with initial values"
        mu   sigma.sq         SE 
1.43879193 0.16305973 0.08152986 
       step   negloglik          mu    sigma.sq          SE 
 1.00000000 69.69173888  1.77294105  0.01632096  0.09553691 
[1] "New improvement found, resetting step counter"
       step   negloglik          mu    sigma.sq          SE 
 2.00000000 69.40382139  1.59859602  0.01506684  0.09940494 
[1] "New improvement found, resetting step counter"
       step   negloglik          mu    sigma.sq          SE 
 3.00000000 69.32634235  1.43709628  0.01510879  0.09640839 
       step   negloglik          mu    sigma.sq          SE 
 4.00000000 69.32634235  1.43709628  0.01510879  0.09640839 
       step   negloglik          mu    sigma.sq          SE 
 5.00000000 69.32634235  1.43709628  0.01510879  0.09640839 
[1] "Now starting analysis"
[1] "Starting with initial values"
       mu  sigma.sq 
1.4387919 0.1630597 
       step   negloglik          mu    sigma.sq 
  1.0000000 114.8041116   1.5826711   0.1630597 
[1] "New improvement found, but slight; taking the best value, but not resetting the step counter"
       step   negloglik          mu    sigma.sq 
  2.0000000 114.8026365   1.6568588   0.1729514 
[1] "New improvement found, resetting step counter"
       step   negloglik          mu    sigma.sq 
  3.0000000 114.7905262   1.5066230   0.1719084 
       step   negloglik          mu    sigma.sq 
  4.0000000 114.7905262   1.5066230   0.1719084 
       step   negloglik          mu    sigma.sq 
  5.0000000 114.7905262   1.5066230   0.1719084 
