[1] "args"
[1] "66"  "239"
[1] "Now starting analysis"
[1] "Starting with initial values"
        mu   sigma.sq         SE         bt         vh 
2.21109224 0.01039796 0.00519898 1.00000000 0.00519898 
         step     negloglik            mu      sigma.sq            SE 
 1.000000e+00 -3.876264e+01  2.068991e+00  8.291537e-03  9.622941e-07 
           bt            vh 
 1.621583e+00  5.930305e-01 
[1] "New improvement found, resetting step counter"
         step     negloglik            mu      sigma.sq            SE 
 2.000000e+00 -4.422323e+01  6.033092e-01  8.298909e-03  4.386381e-05 
           bt            vh 
 2.320846e+00  1.573775e-04 
         step     negloglik            mu      sigma.sq            SE 
 3.000000e+00 -4.422323e+01  6.033092e-01  8.298909e-03  4.386381e-05 
           bt            vh 
 2.320846e+00  1.573775e-04 
         step     negloglik            mu      sigma.sq            SE 
 4.000000e+00 -4.422323e+01  6.033092e-01  8.298909e-03  4.386381e-05 
           bt            vh 
 2.320846e+00  1.573775e-04 
[1] "Now starting analysis"
[1] "Starting with initial values"
        mu   sigma.sq         bt         vh 
2.21109224 0.01039796 1.00000000 0.00519898 
         step     negloglik            mu      sigma.sq            bt 
  1.000000000 -44.291021232   0.565115006   0.008262601   2.247522732 
           vh 
  0.000738256 
[1] "New improvement found, resetting step counter"
         step     negloglik            mu      sigma.sq            bt 
  2.000000000 -44.349954705   0.515636059   0.008314894   2.348802298 
           vh 
  0.002122965 
         step     negloglik            mu      sigma.sq            bt 
  3.000000000 -44.349954705   0.515636059   0.008314894   2.348802298 
           vh 
  0.002122965 
         step     negloglik            mu      sigma.sq            bt 
  4.000000000 -44.349954705   0.515636059   0.008314894   2.348802298 
           vh 
  0.002122965 
[1] "Now starting analysis"
[1] "Starting with initial values"
        mu   sigma.sq         SE         vh 
2.21109224 0.01039796 0.00519898 0.00519898 
         step     negloglik            mu      sigma.sq            SE 
 1.000000e+00 -3.643096e+01  1.228639e+00  8.298963e-03  2.062878e-06 
           vh 
 6.330199e-01 
[1] "New improvement found, resetting step counter"
         step     negloglik            mu      sigma.sq            SE 
 2.000000e+00 -3.655786e+01  1.327186e+00  8.299197e-03  2.530625e-06 
           vh 
 7.315667e-01 
         step     negloglik            mu      sigma.sq            SE 
 3.000000e+00 -3.655786e+01  1.327186e+00  8.299197e-03  2.530625e-06 
           vh 
 7.315667e-01 
[1] "New improvement found, but slight; taking the best value, but not resetting the step counter"
         step     negloglik            mu      sigma.sq            SE 
 4.000000e+00 -3.656021e+01  1.368201e+00  8.715641e-03  8.834294e-07 
           vh 
 8.264790e-01 
[1] "Now starting analysis"
[1] "Starting with initial values"
        mu   sigma.sq         vh 
2.21109224 0.01039796 0.00519898 
         step     negloglik            mu      sigma.sq            vh 
  1.000000000 -36.617118808   1.468307771   0.008380309   0.775971981 
[1] "New improvement found, but slight; taking the best value, but not resetting the step counter"
         step     negloglik            mu      sigma.sq            vh 
  2.000000000 -36.622378590   1.615138548   0.008380309   0.775971981 
[1] "New improvement found, but slight; taking the best value, but not resetting the step counter"
         step     negloglik            mu      sigma.sq            vh 
  3.000000000 -36.629371431   1.523246018   0.008324068   0.881825266 
[1] "Now starting analysis"
[1] "Starting with initial values"
        mu   sigma.sq         SE         bt 
2.21109224 0.01039796 0.00519898 1.00000000 
         step     negloglik            mu      sigma.sq            SE 
 1.000000e+00 -4.437511e+01  5.334954e-01  7.954946e-03  3.728319e-06 
           bt 
 2.347988e+00 
         step     negloglik            mu      sigma.sq            SE 
 2.000000e+00 -4.437511e+01  5.334954e-01  7.954946e-03  3.728319e-06 
           bt 
 2.347988e+00 
         step     negloglik            mu      sigma.sq            SE 
 3.000000e+00 -4.437511e+01  5.334954e-01  7.954946e-03  3.728319e-06 
           bt 
 2.347988e+00 
[1] "Now starting analysis"
[1] "Starting with initial values"
        mu   sigma.sq         bt 
2.21109224 0.01039796 1.00000000 
         step     negloglik            mu      sigma.sq            bt 
  1.000000000 -44.392834991   0.549049973   0.008036455   2.355731303 
         step     negloglik            mu      sigma.sq            bt 
  2.000000000 -44.392834991   0.549049973   0.008036455   2.355731303 
[1] "New improvement found, but slight; taking the best value, but not resetting the step counter"
         step     negloglik            mu      sigma.sq            bt 
  3.000000000 -44.393270563   0.518567632   0.008187983   2.384754682 
[1] "Now starting analysis"
[1] "Starting with initial values"
        mu   sigma.sq         SE 
2.21109224 0.01039796 0.00519898 
         step     negloglik            mu      sigma.sq            SE 
 1.000000e+00 -2.648012e+01  2.085051e+00  8.843591e-03  7.899700e-06 
[1] "New improvement found, resetting step counter"
         step     negloglik            mu      sigma.sq            SE 
 2.000000e+00 -2.665162e+01  2.243364e+00  8.841889e-03  1.901063e-06 
         step     negloglik            mu      sigma.sq            SE 
 3.000000e+00 -2.665162e+01  2.243364e+00  8.841889e-03  1.901063e-06 
         step     negloglik            mu      sigma.sq            SE 
 4.000000e+00 -2.665162e+01  2.243364e+00  8.841889e-03  1.901063e-06 
[1] "Now starting analysis"
[1] "Starting with initial values"
        mu   sigma.sq 
2.21109224 0.01039796 
        step    negloglik           mu     sigma.sq 
  1.00000000 -28.18680339   2.26471973   0.01110647 
        step    negloglik           mu     sigma.sq 
  2.00000000 -28.18680339   2.26471973   0.01110647 
[1] "New improvement found, but slight; taking the best value, but not resetting the step counter"
        step    negloglik           mu     sigma.sq 
  3.00000000 -28.18692476   2.26943391   0.01131406 
