[1] "args"
[1] "66"  "554"
[1] "Now starting analysis"
[1] "Starting with initial values"
        mu   sigma.sq         SE         bt         vh 
0.94755986 0.08963355 0.04481678 1.00000000 0.04481678 
        step    negloglik           mu     sigma.sq           SE           bt 
 1.000000000 19.383730424  1.053437022  0.006678495  0.116174953  0.902291654 
          vh 
 0.001129773 
[1] "New improvement found, resetting step counter"
        step    negloglik           mu     sigma.sq           SE           bt 
 2.000000000 19.304037982  1.123039129  0.006636922  0.119494153  0.971893761 
          vh 
 0.002851404 
[1] "New improvement found, but slight; taking the best value, but not resetting the step counter"
        step    negloglik           mu     sigma.sq           SE           bt 
 3.000000000 19.297734206  1.083584638  0.006090819  0.123872256  0.966001581 
          vh 
 0.001065197 
[1] "New improvement found, resetting step counter"
        step    negloglik           mu     sigma.sq           SE           bt 
4.000000e+00 1.928748e+01 1.093377e+00 6.564741e-03 1.197231e-01 9.473004e-01 
          vh 
2.116787e-04 
        step    negloglik           mu     sigma.sq           SE           bt 
5.000000e+00 1.928748e+01 1.093377e+00 6.564741e-03 1.197231e-01 9.473004e-01 
          vh 
2.116787e-04 
        step    negloglik           mu     sigma.sq           SE           bt 
6.000000e+00 1.928748e+01 1.093377e+00 6.564741e-03 1.197231e-01 9.473004e-01 
          vh 
2.116787e-04 
[1] "Now starting analysis"
[1] "Starting with initial values"
        mu   sigma.sq         bt         vh 
0.94755986 0.08963355 1.00000000 0.04481678 
       step   negloglik          mu    sigma.sq          bt          vh 
 1.00000000 25.86032398  0.94755986  0.08963355  1.00000000  0.04481678 
       step   negloglik          mu    sigma.sq          bt          vh 
 2.00000000 25.86032398  0.94755986  0.08963355  1.00000000  0.04481678 
[1] "New improvement found, resetting step counter"
        step    negloglik           mu     sigma.sq           bt           vh 
 3.000000000 25.827855531  1.071920224  0.089902666  0.948021075  0.002548589 
        step    negloglik           mu     sigma.sq           bt           vh 
 4.000000000 25.827855531  1.071920224  0.089902666  0.948021075  0.002548589 
        step    negloglik           mu     sigma.sq           bt           vh 
 5.000000000 25.827855531  1.071920224  0.089902666  0.948021075  0.002548589 
[1] "Now starting analysis"
[1] "Starting with initial values"
        mu   sigma.sq         SE         vh 
0.94755986 0.08963355 0.04481678 0.04481678 
        step    negloglik           mu     sigma.sq           SE           vh 
 1.000000000 19.791827973  1.012301900  0.010370302  0.082523979  0.009184672 
[1] "New improvement found, resetting step counter"
        step    negloglik           mu     sigma.sq           SE           vh 
 2.000000000 19.331739770  1.068458281  0.006897344  0.124955577  0.004474310 
        step    negloglik           mu     sigma.sq           SE           vh 
 3.000000000 19.331739770  1.068458281  0.006897344  0.124955577  0.004474310 
        step    negloglik           mu     sigma.sq           SE           vh 
 4.000000000 19.331739770  1.068458281  0.006897344  0.124955577  0.004474310 
[1] "Now starting analysis"
[1] "Starting with initial values"
        mu   sigma.sq         vh 
0.94755986 0.08963355 0.04481678 
        step    negloglik           mu     sigma.sq           vh 
 1.000000000 25.833307749  1.015172206  0.090346416  0.003635211 
        step    negloglik           mu     sigma.sq           vh 
 2.000000000 25.833307749  1.015172206  0.090346416  0.003635211 
        step    negloglik           mu     sigma.sq           vh 
 3.000000000 25.833307749  1.015172206  0.090346416  0.003635211 
[1] "Now starting analysis"
[1] "Starting with initial values"
        mu   sigma.sq         SE         bt 
0.94755986 0.08963355 0.04481678 1.00000000 
        step    negloglik           mu     sigma.sq           SE           bt 
 1.000000000 19.361508725  0.981179990  0.006305642  0.114021951  1.034466132 
[1] "New improvement found, resetting step counter"
        step    negloglik           mu     sigma.sq           SE           bt 
 2.000000000 19.310022967  1.038429846  0.007418135  0.121629922  0.998529036 
[1] "New improvement found, but slight; taking the best value, but not resetting the step counter"
        step    negloglik           mu     sigma.sq           SE           bt 
 3.000000000 19.308523594  0.987650535  0.006572075  0.119533904  0.993979283 
        step    negloglik           mu     sigma.sq           SE           bt 
 4.000000000 19.308523594  0.987650535  0.006572075  0.119533904  0.993979283 
[1] "Now starting analysis"
[1] "Starting with initial values"
        mu   sigma.sq         bt 
0.94755986 0.08963355 1.00000000 
       step   negloglik          mu    sigma.sq          bt 
 1.00000000 25.82986786  0.94755986  0.08963355  1.00000000 
       step   negloglik          mu    sigma.sq          bt 
 2.00000000 25.82986786  0.94755986  0.08963355  1.00000000 
[1] "New improvement found, but slight; taking the best value, but not resetting the step counter"
       step   negloglik          mu    sigma.sq          bt 
 3.00000000 25.82896877  0.99206081  0.08813362  0.97071604 
[1] "Now starting analysis"
[1] "Starting with initial values"
        mu   sigma.sq         SE 
0.94755986 0.08963355 0.04481678 
        step    negloglik           mu     sigma.sq           SE 
 1.000000000 19.301397698  1.026264523  0.006667021  0.116158258 
        step    negloglik           mu     sigma.sq           SE 
 2.000000000 19.301397698  1.026264523  0.006667021  0.116158258 
        step    negloglik           mu     sigma.sq           SE 
 3.000000000 19.301397698  1.026264523  0.006667021  0.116158258 
[1] "Now starting analysis"
[1] "Starting with initial values"
        mu   sigma.sq 
0.94755986 0.08963355 
       step   negloglik          mu    sigma.sq 
 1.00000000 25.82986786  0.94755986  0.08963355 
       step   negloglik          mu    sigma.sq 
 2.00000000 25.82986786  0.94755986  0.08963355 
       step   negloglik          mu    sigma.sq 
 3.00000000 25.82986786  0.94755986  0.08963355 
