000 (066.1726.000) 07/26 17:14:46 Job submitted from host: <160.36.155.106:9618?addrs=160.36.155.106-9618&noUDP&sock=27742_4872_4>
...
012 (066.1726.000) 08/03 14:17:28 Job was held.
	via condor_hold (by user bomeara)
	Code 1 Subcode 0
...
013 (066.1726.000) 08/05 22:28:14 Job was released.
	via condor_release (by user bomeara)
...
012 (066.1726.000) 08/09 10:36:26 Job was held.
	via condor_hold (by user bomeara)
	Code 1 Subcode 0
...
013 (066.1726.000) 08/09 13:05:33 Job was released.
	via condor_release (by user bomeara)
...
012 (066.1726.000) 09/23 13:38:00 Job was held.
	via condor_hold (by user bomeara)
	Code 1 Subcode 0
...
013 (066.1726.000) 09/24 14:49:50 Job was released.
	via condor_release (by user bomeara)
...
001 (066.1726.000) 10/01 16:26:06 Job executing on host: <10.130.122.65:9618?addrs=10.130.122.65-9618&noUDP&sock=2405_355c_4>
...
006 (066.1726.000) 10/01 16:26:15 Image size of job updated: 223512
	219  -  MemoryUsage of job (MB)
	223412  -  ResidentSetSize of job (KB)
...
006 (066.1726.000) 10/01 16:36:16 Image size of job updated: 226584
	222  -  MemoryUsage of job (MB)
	226484  -  ResidentSetSize of job (KB)
...
006 (066.1726.000) 10/01 16:46:18 Image size of job updated: 226596
	222  -  MemoryUsage of job (MB)
	226496  -  ResidentSetSize of job (KB)
...
006 (066.1726.000) 10/04 09:22:58 Image size of job updated: 228724
	224  -  MemoryUsage of job (MB)
	228624  -  ResidentSetSize of job (KB)
...
006 (066.1726.000) 10/05 08:40:16 Image size of job updated: 229824
	225  -  MemoryUsage of job (MB)
	229724  -  ResidentSetSize of job (KB)
...
006 (066.1726.000) 10/12 07:37:44 Image size of job updated: 435356
	225  -  MemoryUsage of job (MB)
	229724  -  ResidentSetSize of job (KB)
...
005 (066.1726.000) 10/12 07:37:44 Job terminated.
	(1) Normal termination (return value 0)
		Usr 10 14:55:11, Sys 0 00:02:26  -  Run Remote Usage
		Usr 0 00:00:00, Sys 0 00:00:00  -  Run Local Usage
		Usr 10 14:55:11, Sys 0 00:02:26  -  Total Remote Usage
		Usr 0 00:00:00, Sys 0 00:00:00  -  Total Local Usage
	29739  -  Run Bytes Sent By Job
	2422  -  Run Bytes Received By Job
	29739  -  Total Bytes Sent By Job
	2422  -  Total Bytes Received By Job
	Partitionable Resources :    Usage  Request Allocated 
	   Cpus                 :     1.00        1         1 
	   Disk (KB)            :    47           4    892237 
	   Memory (MB)          :   225           1       128 
...
