000 (066.1484.000) 07/26 17:14:46 Job submitted from host: <160.36.155.106:9618?addrs=160.36.155.106-9618&noUDP&sock=27742_4872_4>
...
012 (066.1484.000) 08/03 14:17:15 Job was held.
	via condor_hold (by user bomeara)
	Code 1 Subcode 0
...
013 (066.1484.000) 08/05 22:28:02 Job was released.
	via condor_release (by user bomeara)
...
012 (066.1484.000) 08/09 10:36:09 Job was held.
	via condor_hold (by user bomeara)
	Code 1 Subcode 0
...
013 (066.1484.000) 08/09 13:05:20 Job was released.
	via condor_release (by user bomeara)
...
001 (066.1484.000) 09/15 07:07:01 Job executing on host: <10.130.28.84:9618?addrs=10.130.28.84-9618&noUDP&sock=2385_7d77_4>
...
006 (066.1484.000) 09/15 07:07:11 Image size of job updated: 227888
	223  -  MemoryUsage of job (MB)
	227888  -  ResidentSetSize of job (KB)
...
005 (066.1484.000) 09/15 07:30:49 Job terminated.
	(1) Normal termination (return value 1)
		Usr 0 00:23:46, Sys 0 00:00:00  -  Run Remote Usage
		Usr 0 00:00:00, Sys 0 00:00:00  -  Run Local Usage
		Usr 0 00:23:46, Sys 0 00:00:00  -  Total Remote Usage
		Usr 0 00:00:00, Sys 0 00:00:00  -  Total Local Usage
	969  -  Run Bytes Sent By Job
	2422  -  Run Bytes Received By Job
	969  -  Total Bytes Sent By Job
	2422  -  Total Bytes Received By Job
	Partitionable Resources :    Usage  Request Allocated 
	   Cpus                 :     1.00        1         1 
	   Disk (KB)            :    19           4    891642 
	   Memory (MB)          :   223           1       128 
...
