000 (066.1713.000) 07/26 17:14:46 Job submitted from host: <160.36.155.106:9618?addrs=160.36.155.106-9618&noUDP&sock=27742_4872_4>
...
012 (066.1713.000) 08/03 14:17:27 Job was held.
	via condor_hold (by user bomeara)
	Code 1 Subcode 0
...
013 (066.1713.000) 08/05 22:28:14 Job was released.
	via condor_release (by user bomeara)
...
012 (066.1713.000) 08/09 10:36:25 Job was held.
	via condor_hold (by user bomeara)
	Code 1 Subcode 0
...
013 (066.1713.000) 08/09 13:05:32 Job was released.
	via condor_release (by user bomeara)
...
012 (066.1713.000) 09/23 13:38:00 Job was held.
	via condor_hold (by user bomeara)
	Code 1 Subcode 0
...
013 (066.1713.000) 09/24 14:49:49 Job was released.
	via condor_release (by user bomeara)
...
001 (066.1713.000) 10/01 07:55:58 Job executing on host: <10.129.167.211:9618?addrs=10.129.167.211-9618&noUDP&sock=2357_48d0_4>
...
006 (066.1713.000) 10/01 07:56:06 Image size of job updated: 243108
	238  -  MemoryUsage of job (MB)
	243108  -  ResidentSetSize of job (KB)
...
006 (066.1713.000) 10/01 08:01:06 Image size of job updated: 243208
	238  -  MemoryUsage of job (MB)
	243208  -  ResidentSetSize of job (KB)
...
006 (066.1713.000) 10/01 14:21:43 Image size of job updated: 248816
	243  -  MemoryUsage of job (MB)
	248816  -  ResidentSetSize of job (KB)
...
006 (066.1713.000) 10/02 07:58:03 Image size of job updated: 449572
	243  -  MemoryUsage of job (MB)
	248816  -  ResidentSetSize of job (KB)
...
005 (066.1713.000) 10/02 07:58:03 Job terminated.
	(1) Normal termination (return value 0)
		Usr 1 00:00:02, Sys 0 00:00:07  -  Run Remote Usage
		Usr 0 00:00:00, Sys 0 00:00:00  -  Run Local Usage
		Usr 1 00:00:02, Sys 0 00:00:07  -  Total Remote Usage
		Usr 0 00:00:00, Sys 0 00:00:00  -  Total Local Usage
	31628  -  Run Bytes Sent By Job
	2422  -  Run Bytes Received By Job
	31628  -  Total Bytes Sent By Job
	2422  -  Total Bytes Received By Job
	Partitionable Resources :    Usage  Request Allocated 
	   Cpus                 :     1.00        1         1 
	   Disk (KB)            :    49           4    891850 
	   Memory (MB)          :   243           1       128 
...
