000 (066.1280.000) 07/26 17:14:46 Job submitted from host: <160.36.155.106:9618?addrs=160.36.155.106-9618&noUDP&sock=27742_4872_4>
...
012 (066.1280.000) 08/03 14:17:05 Job was held.
	via condor_hold (by user bomeara)
	Code 1 Subcode 0
...
013 (066.1280.000) 08/05 22:27:52 Job was released.
	via condor_release (by user bomeara)
...
012 (066.1280.000) 08/09 10:35:56 Job was held.
	via condor_hold (by user bomeara)
	Code 1 Subcode 0
...
013 (066.1280.000) 08/09 13:05:10 Job was released.
	via condor_release (by user bomeara)
...
001 (066.1280.000) 08/31 23:48:04 Job executing on host: <10.131.171.171:9618?addrs=10.131.171.171-9618&noUDP&sock=2142_cff3_4>
...
006 (066.1280.000) 08/31 23:48:12 Image size of job updated: 227192
	222  -  MemoryUsage of job (MB)
	227192  -  ResidentSetSize of job (KB)
...
006 (066.1280.000) 08/31 23:53:12 Image size of job updated: 227208
	222  -  MemoryUsage of job (MB)
	227208  -  ResidentSetSize of job (KB)
...
006 (066.1280.000) 09/01 00:18:15 Image size of job updated: 230480
	226  -  MemoryUsage of job (MB)
	230480  -  ResidentSetSize of job (KB)
...
005 (066.1280.000) 09/01 01:25:44 Job terminated.
	(1) Normal termination (return value 0)
		Usr 0 01:37:29, Sys 0 00:00:01  -  Run Remote Usage
		Usr 0 00:00:00, Sys 0 00:00:00  -  Run Local Usage
		Usr 0 01:37:29, Sys 0 00:00:01  -  Total Remote Usage
		Usr 0 00:00:00, Sys 0 00:00:00  -  Total Local Usage
	28527  -  Run Bytes Sent By Job
	2422  -  Run Bytes Received By Job
	28527  -  Total Bytes Sent By Job
	2422  -  Total Bytes Received By Job
	Partitionable Resources :    Usage  Request Allocated 
	   Cpus                 :     1.00        1         1 
	   Disk (KB)            :    46           4    890691 
	   Memory (MB)          :   226           1       128 
...
