000 (066.404.000) 07/26 17:14:46 Job submitted from host: <160.36.155.106:9618?addrs=160.36.155.106-9618&noUDP&sock=27742_4872_4>
...
001 (066.404.000) 07/29 14:39:08 Job executing on host: <10.130.210.206:9618?addrs=10.130.210.206-9618&noUDP&sock=76684_6c96_4>
...
006 (066.404.000) 07/29 14:39:16 Image size of job updated: 220656
	216  -  MemoryUsage of job (MB)
	220656  -  ResidentSetSize of job (KB)
...
006 (066.404.000) 07/29 14:44:16 Image size of job updated: 227724
	223  -  MemoryUsage of job (MB)
	227724  -  ResidentSetSize of job (KB)
...
006 (066.404.000) 07/29 22:45:07 Image size of job updated: 231108
	226  -  MemoryUsage of job (MB)
	231108  -  ResidentSetSize of job (KB)
...
005 (066.404.000) 07/30 01:55:48 Job terminated.
	(1) Normal termination (return value 0)
		Usr 0 11:15:45, Sys 0 00:00:04  -  Run Remote Usage
		Usr 0 00:00:00, Sys 0 00:00:00  -  Run Local Usage
		Usr 0 11:15:45, Sys 0 00:00:04  -  Total Remote Usage
		Usr 0 00:00:00, Sys 0 00:00:00  -  Total Local Usage
	28124  -  Run Bytes Sent By Job
	2422  -  Run Bytes Received By Job
	28124  -  Total Bytes Sent By Job
	2422  -  Total Bytes Received By Job
	Partitionable Resources :    Usage  Request Allocated 
	   Cpus                 :     1.00        1         1 
	   Disk (KB)            :    45           4    813884 
	   Memory (MB)          :   226           1       128 
...
