000 (066.293.000) 07/26 17:14:46 Job submitted from host: <160.36.155.106:9618?addrs=160.36.155.106-9618&noUDP&sock=27742_4872_4>
...
001 (066.293.000) 07/27 05:28:01 Job executing on host: <10.130.210.206:9618?addrs=10.130.210.206-9618&noUDP&sock=76684_6c96_4>
...
006 (066.293.000) 07/27 05:28:09 Image size of job updated: 243472
	238  -  MemoryUsage of job (MB)
	243472  -  ResidentSetSize of job (KB)
...
006 (066.293.000) 07/27 05:33:09 Image size of job updated: 243516
	238  -  MemoryUsage of job (MB)
	243516  -  ResidentSetSize of job (KB)
...
006 (066.293.000) 07/27 05:38:10 Image size of job updated: 243528
	238  -  MemoryUsage of job (MB)
	243528  -  ResidentSetSize of job (KB)
...
006 (066.293.000) 07/28 20:42:06 Image size of job updated: 247352
	242  -  MemoryUsage of job (MB)
	247352  -  ResidentSetSize of job (KB)
...
006 (066.293.000) 07/30 19:47:04 Image size of job updated: 247604
	242  -  MemoryUsage of job (MB)
	247604  -  ResidentSetSize of job (KB)
...
005 (066.293.000) 07/30 22:22:56 Job terminated.
	(1) Normal termination (return value 0)
		Usr 3 16:46:44, Sys 0 00:00:41  -  Run Remote Usage
		Usr 0 00:00:00, Sys 0 00:00:00  -  Run Local Usage
		Usr 3 16:46:44, Sys 0 00:00:41  -  Total Remote Usage
		Usr 0 00:00:00, Sys 0 00:00:00  -  Total Local Usage
	32009  -  Run Bytes Sent By Job
	2422  -  Run Bytes Received By Job
	32009  -  Total Bytes Sent By Job
	2422  -  Total Bytes Received By Job
	Partitionable Resources :    Usage  Request Allocated 
	   Cpus                 :     1.00        1         1 
	   Disk (KB)            :    49           4    813884 
	   Memory (MB)          :   242           1       128 
...
