000 (066.1742.000) 07/26 17:14:46 Job submitted from host: <160.36.155.106:9618?addrs=160.36.155.106-9618&noUDP&sock=27742_4872_4>
...
012 (066.1742.000) 08/03 14:17:28 Job was held.
	via condor_hold (by user bomeara)
	Code 1 Subcode 0
...
013 (066.1742.000) 08/05 22:28:15 Job was released.
	via condor_release (by user bomeara)
...
012 (066.1742.000) 08/09 10:36:27 Job was held.
	via condor_hold (by user bomeara)
	Code 1 Subcode 0
...
013 (066.1742.000) 08/09 13:05:34 Job was released.
	via condor_release (by user bomeara)
...
012 (066.1742.000) 09/23 13:38:02 Job was held.
	via condor_hold (by user bomeara)
	Code 1 Subcode 0
...
013 (066.1742.000) 09/24 14:49:52 Job was released.
	via condor_release (by user bomeara)
...
001 (066.1742.000) 10/01 16:26:08 Job executing on host: <10.130.122.65:9618?addrs=10.130.122.65-9618&noUDP&sock=2405_355c_4>
...
006 (066.1742.000) 10/01 16:26:17 Image size of job updated: 220672
	216  -  MemoryUsage of job (MB)
	220672  -  ResidentSetSize of job (KB)
...
006 (066.1742.000) 10/01 16:31:18 Image size of job updated: 229092
	224  -  MemoryUsage of job (MB)
	229092  -  ResidentSetSize of job (KB)
...
005 (066.1742.000) 10/02 10:22:12 Job terminated.
	(1) Normal termination (return value 0)
		Usr 0 17:54:26, Sys 0 00:00:11  -  Run Remote Usage
		Usr 0 00:00:00, Sys 0 00:00:00  -  Run Local Usage
		Usr 0 17:54:26, Sys 0 00:00:11  -  Total Remote Usage
		Usr 0 00:00:00, Sys 0 00:00:00  -  Total Local Usage
	29839  -  Run Bytes Sent By Job
	2422  -  Run Bytes Received By Job
	29839  -  Total Bytes Sent By Job
	2422  -  Total Bytes Received By Job
	Partitionable Resources :    Usage  Request Allocated 
	   Cpus                 :     1.00        1         1 
	   Disk (KB)            :    47           4    892237 
	   Memory (MB)          :   224           1       128 
...
