000 (066.1184.000) 07/26 17:14:46 Job submitted from host: <160.36.155.106:9618?addrs=160.36.155.106-9618&noUDP&sock=27742_4872_4>
...
012 (066.1184.000) 08/03 14:17:00 Job was held.
	via condor_hold (by user bomeara)
	Code 1 Subcode 0
...
013 (066.1184.000) 08/05 22:27:47 Job was released.
	via condor_release (by user bomeara)
...
012 (066.1184.000) 08/09 10:35:49 Job was held.
	via condor_hold (by user bomeara)
	Code 1 Subcode 0
...
013 (066.1184.000) 08/09 13:05:05 Job was released.
	via condor_release (by user bomeara)
...
001 (066.1184.000) 08/30 14:21:28 Job executing on host: <10.129.199.164:9618?addrs=10.129.199.164-9618&noUDP&sock=2350_7ba6_4>
...
006 (066.1184.000) 08/30 14:21:37 Image size of job updated: 220724
	216  -  MemoryUsage of job (MB)
	220492  -  ResidentSetSize of job (KB)
...
006 (066.1184.000) 08/30 14:26:38 Image size of job updated: 225844
	221  -  MemoryUsage of job (MB)
	225612  -  ResidentSetSize of job (KB)
...
006 (066.1184.000) 08/31 11:43:49 Image size of job updated: 228160
	223  -  MemoryUsage of job (MB)
	227928  -  ResidentSetSize of job (KB)
...
006 (066.1184.000) 09/01 11:31:15 Image size of job updated: 228940
	224  -  MemoryUsage of job (MB)
	228708  -  ResidentSetSize of job (KB)
...
006 (066.1184.000) 09/01 15:06:37 Image size of job updated: 230868
	226  -  MemoryUsage of job (MB)
	230636  -  ResidentSetSize of job (KB)
...
006 (066.1184.000) 09/02 11:21:26 Image size of job updated: 437020
	226  -  MemoryUsage of job (MB)
	230636  -  ResidentSetSize of job (KB)
...
005 (066.1184.000) 09/02 11:21:26 Job terminated.
	(1) Normal termination (return value 0)
		Usr 2 20:54:28, Sys 0 00:00:20  -  Run Remote Usage
		Usr 0 00:00:00, Sys 0 00:00:00  -  Run Local Usage
		Usr 2 20:54:28, Sys 0 00:00:20  -  Total Remote Usage
		Usr 0 00:00:00, Sys 0 00:00:00  -  Total Local Usage
	29105  -  Run Bytes Sent By Job
	2422  -  Run Bytes Received By Job
	29105  -  Total Bytes Sent By Job
	2422  -  Total Bytes Received By Job
	Partitionable Resources :    Usage  Request Allocated 
	   Cpus                 :     1.00        1         1 
	   Disk (KB)            :    46           4    889887 
	   Memory (MB)          :   226           1       128 
...
