[1] "args"
[1] "66"  "328"
[1] "Now starting analysis"
[1] "Starting with initial values"
        mu   sigma.sq         SE         bt         vh 
1.38991177 0.03994806 0.01997403 1.00000000 0.01997403 
        step    negloglik           mu     sigma.sq           SE           bt 
 1.000000000 16.626955122  0.555502268  0.006151763  0.063992484  1.552165749 
          vh 
 0.203419455 
[1] "New improvement found, resetting step counter"
        step    negloglik           mu     sigma.sq           SE           bt 
 2.000000000 16.614030173  0.491798182  0.006312084  0.062705920  1.592338804 
          vh 
 0.201469603 
        step    negloglik           mu     sigma.sq           SE           bt 
 3.000000000 16.614030173  0.491798182  0.006312084  0.062705920  1.592338804 
          vh 
 0.201469603 
[1] "New improvement found, but slight; taking the best value, but not resetting the step counter"
        step    negloglik           mu     sigma.sq           SE           bt 
 4.000000000 16.609215059  0.554359042  0.007518076  0.058411613  1.597591278 
          vh 
 0.200027878 
[1] "Now starting analysis"
[1] "Starting with initial values"
        mu   sigma.sq         bt         vh 
1.38991177 0.03994806 1.00000000 0.01997403 
       step   negloglik          mu    sigma.sq          bt          vh 
 1.00000000 17.35576564  0.93622618  0.03866771  1.24449774  0.03286032 
       step   negloglik          mu    sigma.sq          bt          vh 
 2.00000000 17.35576564  0.93622618  0.03866771  1.24449774  0.03286032 
       step   negloglik          mu    sigma.sq          bt          vh 
 3.00000000 17.35576564  0.93622618  0.03866771  1.24449774  0.03286032 
[1] "Now starting analysis"
[1] "Starting with initial values"
        mu   sigma.sq         SE         vh 
1.38991177 0.03994806 0.01997403 0.01997403 
       step   negloglik          mu    sigma.sq          SE          vh 
 1.00000000 17.46561786  1.31424926  0.02219390  0.02725514  0.08728447 
[1] "New improvement found, but slight; taking the best value, but not resetting the step counter"
       step   negloglik          mu    sigma.sq          SE          vh 
 2.00000000 17.45853706  1.32409061  0.02140614  0.02736881  0.07648994 
[1] "New improvement found, but slight; taking the best value, but not resetting the step counter"
       step   negloglik          mu    sigma.sq          SE          vh 
 3.00000000 17.45632764  1.35806275  0.02175678  0.02828026  0.06811739 
[1] "Now starting analysis"
[1] "Starting with initial values"
        mu   sigma.sq         vh 
1.38991177 0.03994806 0.01997403 
        step    negloglik           mu     sigma.sq           vh 
 1.000000000 17.504617500  1.344732600  0.040319507  0.001856668 
        step    negloglik           mu     sigma.sq           vh 
 2.000000000 17.504617500  1.344732600  0.040319507  0.001856668 
        step    negloglik           mu     sigma.sq           vh 
 3.000000000 17.504617500  1.344732600  0.040319507  0.001856668 
[1] "Now starting analysis"
[1] "Starting with initial values"
        mu   sigma.sq         SE         bt 
1.38991177 0.03994806 0.01997403 1.00000000 
       step   negloglik          mu    sigma.sq          SE          bt 
 1.00000000 17.24324626  1.03116400  0.02556138  0.02273577  1.28238034 
[1] "New improvement found, but slight; taking the best value, but not resetting the step counter"
       step   negloglik          mu    sigma.sq          SE          bt 
 2.00000000 17.23372886  1.07256390  0.02494378  0.02269548  1.20825331 
[1] "New improvement found, resetting step counter"
       step   negloglik          mu    sigma.sq          SE          bt 
 3.00000000 17.22097108  1.03889455  0.02432803  0.02519352  1.23063663 
       step   negloglik          mu    sigma.sq          SE          bt 
 4.00000000 17.22097108  1.03889455  0.02432803  0.02519352  1.23063663 
       step   negloglik          mu    sigma.sq          SE          bt 
 5.00000000 17.22097108  1.03889455  0.02432803  0.02519352  1.23063663 
[1] "Now starting analysis"
[1] "Starting with initial values"
        mu   sigma.sq         bt 
1.38991177 0.03994806 1.00000000 
       step   negloglik          mu    sigma.sq          bt 
 1.00000000 17.38354342  1.16270383  0.04205947  1.15887866 
[1] "New improvement found, but slight; taking the best value, but not resetting the step counter"
       step   negloglik          mu    sigma.sq          bt 
 2.00000000 17.37873396  1.12515818  0.03842602  1.16008981 
[1] "New improvement found, resetting step counter"
       step   negloglik          mu    sigma.sq          bt 
 3.00000000 17.35895786  1.05063652  0.04101214  1.19381148 
[1] "New improvement found, but slight; taking the best value, but not resetting the step counter"
       step   negloglik          mu    sigma.sq          bt 
 4.00000000 17.35802796  1.07261934  0.04003792  1.19617774 
       step   negloglik          mu    sigma.sq          bt 
 5.00000000 17.35802796  1.07261934  0.04003792  1.19617774 
[1] "Now starting analysis"
[1] "Starting with initial values"
        mu   sigma.sq         SE 
1.38991177 0.03994806 0.01997403 
       step   negloglik          mu    sigma.sq          SE 
 1.00000000 17.51134704  1.43253674  0.02943981  0.01694435 
[1] "New improvement found, but slight; taking the best value, but not resetting the step counter"
       step   negloglik          mu    sigma.sq          SE 
 2.00000000 17.50389039  1.36064563  0.02867631  0.01823640 
       step   negloglik          mu    sigma.sq          SE 
 3.00000000 17.50389039  1.36064563  0.02867631  0.01823640 
[1] "Now starting analysis"
[1] "Starting with initial values"
        mu   sigma.sq 
1.38991177 0.03994806 
       step   negloglik          mu    sigma.sq 
 1.00000000 17.50359143  1.34206569  0.04008379 
       step   negloglik          mu    sigma.sq 
 2.00000000 17.50359143  1.34206569  0.04008379 
       step   negloglik          mu    sigma.sq 
 3.00000000 17.50359143  1.34206569  0.04008379 
