000 (066.770.000) 07/26 17:14:46 Job submitted from host: <160.36.155.106:9618?addrs=160.36.155.106-9618&noUDP&sock=27742_4872_4>
...
012 (066.770.000) 08/03 14:16:39 Job was held.
	via condor_hold (by user bomeara)
	Code 1 Subcode 0
...
013 (066.770.000) 08/05 22:27:25 Job was released.
	via condor_release (by user bomeara)
...
012 (066.770.000) 08/09 10:35:22 Job was held.
	via condor_hold (by user bomeara)
	Code 1 Subcode 0
...
013 (066.770.000) 08/09 13:04:44 Job was released.
	via condor_release (by user bomeara)
...
001 (066.770.000) 08/11 01:40:19 Job executing on host: <10.129.169.104:9618?addrs=10.129.169.104-9618&noUDP&sock=2758_564a_4>
...
006 (066.770.000) 08/11 01:40:28 Image size of job updated: 220700
	216  -  MemoryUsage of job (MB)
	220700  -  ResidentSetSize of job (KB)
...
006 (066.770.000) 08/11 01:45:29 Image size of job updated: 226000
	221  -  MemoryUsage of job (MB)
	226000  -  ResidentSetSize of job (KB)
...
006 (066.770.000) 08/11 01:50:29 Image size of job updated: 226016
	221  -  MemoryUsage of job (MB)
	226016  -  ResidentSetSize of job (KB)
...
006 (066.770.000) 08/12 00:32:45 Image size of job updated: 227596
	223  -  MemoryUsage of job (MB)
	227596  -  ResidentSetSize of job (KB)
...
022 (066.770.000) 08/12 22:56:43 Job disconnected, attempting to reconnect
    Socket between submit and execute hosts closed unexpectedly
    Trying to reconnect to slot1_11@omearalab22 <10.129.169.104:9618?addrs=10.129.169.104-9618&noUDP&sock=2758_564a_4>
...
024 (066.770.000) 08/12 23:36:46 Job reconnection failed
    Job disconnected too long: JobLeaseDuration (2400 seconds) expired
    Can not reconnect to slot1_11@omearalab22, rescheduling job
...
001 (066.770.000) 08/14 14:22:50 Job executing on host: <10.128.106.188:9618?addrs=10.128.106.188-9618&noUDP&sock=2127_8608_4>
...
005 (066.770.000) 08/15 01:37:45 Job terminated.
	(1) Normal termination (return value 0)
		Usr 0 11:13:23, Sys 0 00:00:09  -  Run Remote Usage
		Usr 0 00:00:00, Sys 0 00:00:00  -  Run Local Usage
		Usr 0 11:13:23, Sys 0 00:00:09  -  Total Remote Usage
		Usr 0 00:00:00, Sys 0 00:00:00  -  Total Local Usage
	28592  -  Run Bytes Sent By Job
	2422  -  Run Bytes Received By Job
	28592  -  Total Bytes Sent By Job
	4844  -  Total Bytes Received By Job
	Partitionable Resources :    Usage  Request Allocated 
	   Cpus                 :     0.99        1         1 
	   Disk (KB)            :    46          75    892170 
	   Memory (MB)          :   245         245       256 
...
