[1] "args"
[1] "66"   "1535"
[1] "Now starting analysis"
[1] "Starting with initial values"
         mu    sigma.sq          SE          bt          vh 
2.076224411 0.012742954 0.006371477 1.000000000 0.006371477 
[1] "Initial search had a convergence code of 1, indicating it did not converge. See ?optim for what the code may mean. Starting again, likely near that point. Negative log likelihood was -49.1324839883018"
[1] "Parameter estimates were"
          mu     sigma.sq           SE           bt           vh 
1.432702e+00 8.933586e-03 5.627752e-05 2.021112e+00 7.181393e-05 
         step     negloglik            mu      sigma.sq            SE 
 1.000000e+00 -4.481163e+01  6.130935e-01  8.808829e-03  8.063520e-05 
           bt            vh 
 1.549236e+00  7.002739e-02 
[1] "New improvement found, resetting step counter"
         step     negloglik            mu      sigma.sq            SE 
 2.000000e+00 -5.159939e+01  7.665539e-01  8.778872e-03  1.712649e-08 
           bt            vh 
 2.027255e+00  5.592842e-04 
         step     negloglik            mu      sigma.sq            SE 
 3.000000e+00 -5.159939e+01  7.665539e-01  8.778872e-03  1.712649e-08 
           bt            vh 
 2.027255e+00  5.592842e-04 
         step     negloglik            mu      sigma.sq            SE 
 4.000000e+00 -5.159939e+01  7.665539e-01  8.778872e-03  1.712649e-08 
           bt            vh 
 2.027255e+00  5.592842e-04 
[1] "Now starting analysis"
[1] "Starting with initial values"
         mu    sigma.sq          bt          vh 
2.076224411 0.012742954 1.000000000 0.006371477 
         step     negloglik            mu      sigma.sq            bt 
 1.000000e+00 -5.168595e+01  7.813703e-01  8.466908e-03  2.028660e+00 
           vh 
 6.180748e-05 
[1] "New improvement found, but slight; taking the best value, but not resetting the step counter"
         step     negloglik            mu      sigma.sq            bt 
 2.000000e+00 -5.168682e+01  7.488401e-01  8.465450e-03  2.028730e+00 
           vh 
 2.408457e-05 
         step     negloglik            mu      sigma.sq            bt 
 3.000000e+00 -5.168682e+01  7.488401e-01  8.465450e-03  2.028730e+00 
           vh 
 2.408457e-05 
[1] "Now starting analysis"
[1] "Starting with initial values"
         mu    sigma.sq          SE          vh 
2.076224411 0.012742954 0.006371477 0.006371477 
         step     negloglik            mu      sigma.sq            SE 
 1.000000e+00 -4.044369e+01  1.367951e+00  8.745607e-03  2.257778e-09 
           vh 
 5.895194e-01 
[1] "New improvement found, resetting step counter"
         step     negloglik            mu      sigma.sq            SE 
 2.000000e+00 -4.048410e+01  1.504747e+00  8.745607e-03  2.257778e-09 
           vh 
 5.895194e-01 
[1] "New improvement found, resetting step counter"
         step     negloglik            mu      sigma.sq            SE 
 3.000000e+00 -4.050120e+01  1.620562e+00  8.957042e-03  2.087609e-09 
           vh 
 6.264338e-01 
[1] "New improvement found, but slight; taking the best value, but not resetting the step counter"
         step     negloglik            mu      sigma.sq            SE 
 4.000000e+00 -4.050736e+01  1.695723e+00  8.791281e-03  2.044528e-09 
           vh 
 5.952183e-01 
         step     negloglik            mu      sigma.sq            SE 
 5.000000e+00 -4.050736e+01  1.695723e+00  8.791281e-03  2.044528e-09 
           vh 
 5.952183e-01 
[1] "Now starting analysis"
[1] "Starting with initial values"
         mu    sigma.sq          vh 
2.076224411 0.012742954 0.006371477 
         step     negloglik            mu      sigma.sq            vh 
  1.000000000 -40.521769381   1.798037045   0.008805164   0.678605472 
         step     negloglik            mu      sigma.sq            vh 
  2.000000000 -40.521769381   1.798037045   0.008805164   0.678605472 
[1] "New improvement found, but slight; taking the best value, but not resetting the step counter"
         step     negloglik            mu      sigma.sq            vh 
  3.000000000 -40.524212527   1.735307432   0.008816997   0.690038119 
[1] "Now starting analysis"
[1] "Starting with initial values"
         mu    sigma.sq          SE          bt 
2.076224411 0.012742954 0.006371477 1.000000000 
         step     negloglik            mu      sigma.sq            SE 
 1.000000e+00 -5.132875e+01  5.820474e-01  8.533900e-03  6.253568e-08 
           bt 
 1.982048e+00 
[1] "New improvement found, resetting step counter"
         step     negloglik            mu      sigma.sq            SE 
 2.000000e+00 -5.165553e+01  7.550299e-01  8.533879e-03  6.177639e-08 
           bt 
 2.007437e+00 
         step     negloglik            mu      sigma.sq            SE 
 3.000000e+00 -5.165553e+01  7.550299e-01  8.533879e-03  6.177639e-08 
           bt 
 2.007437e+00 
         step     negloglik            mu      sigma.sq            SE 
 4.000000e+00 -5.165553e+01  7.550299e-01  8.533879e-03  6.177639e-08 
           bt 
 2.007437e+00 
[1] "Now starting analysis"
[1] "Starting with initial values"
        mu   sigma.sq         bt 
2.07622441 0.01274295 1.00000000 
        step    negloglik           mu     sigma.sq           bt 
  1.00000000 -51.66914593   0.80421380   0.00846704   2.04811207 
[1] "New improvement found, resetting step counter"
         step     negloglik            mu      sigma.sq            bt 
  2.000000000 -51.683561139   0.763999566   0.008214249   2.026387734 
         step     negloglik            mu      sigma.sq            bt 
  3.000000000 -51.683561139   0.763999566   0.008214249   2.026387734 
         step     negloglik            mu      sigma.sq            bt 
  4.000000000 -51.683561139   0.763999566   0.008214249   2.026387734 
[1] "Now starting analysis"
[1] "Starting with initial values"
         mu    sigma.sq          SE 
2.076224411 0.012742954 0.006371477 
        step    negloglik           mu     sigma.sq           SE 
1.000000e+00 1.705566e+00 2.060109e+00 1.389752e-02 1.558665e-08 
[1] "New improvement found, but slight; taking the best value, but not resetting the step counter"
        step    negloglik           mu     sigma.sq           SE 
2.000000e+00 1.705454e+00 2.064016e+00 1.389755e-02 9.648968e-08 
        step    negloglik           mu     sigma.sq           SE 
3.000000e+00 1.705454e+00 2.064016e+00 1.389755e-02 9.648968e-08 
[1] "Now starting analysis"
[1] "Starting with initial values"
        mu   sigma.sq 
2.07622441 0.01274295 
       step   negloglik          mu    sigma.sq 
 1.00000000 -4.08131120  2.06688849  0.02189674 
[1] "New improvement found, but slight; taking the best value, but not resetting the step counter"
       step   negloglik          mu    sigma.sq 
 2.00000000 -4.08333414  2.10135503  0.02159082 
[1] "New improvement found, but slight; taking the best value, but not resetting the step counter"
       step   negloglik          mu    sigma.sq 
 3.00000000 -4.08375964  2.07423228  0.02174653 
