000 (066.1105.000) 07/26 17:14:46 Job submitted from host: <160.36.155.106:9618?addrs=160.36.155.106-9618&noUDP&sock=27742_4872_4>
...
012 (066.1105.000) 08/03 14:16:56 Job was held.
	via condor_hold (by user bomeara)
	Code 1 Subcode 0
...
013 (066.1105.000) 08/05 22:27:43 Job was released.
	via condor_release (by user bomeara)
...
012 (066.1105.000) 08/09 10:35:44 Job was held.
	via condor_hold (by user bomeara)
	Code 1 Subcode 0
...
013 (066.1105.000) 08/09 13:05:01 Job was released.
	via condor_release (by user bomeara)
...
001 (066.1105.000) 08/25 16:01:03 Job executing on host: <160.36.154.249:9618?addrs=160.36.154.249-9618&noUDP&sock=66431_b80f_4>
...
006 (066.1105.000) 08/25 16:01:12 Image size of job updated: 233548
	229  -  MemoryUsage of job (MB)
	233548  -  ResidentSetSize of job (KB)
...
006 (066.1105.000) 08/25 16:06:13 Image size of job updated: 248024
	243  -  MemoryUsage of job (MB)
	248024  -  ResidentSetSize of job (KB)
...
006 (066.1105.000) 08/25 18:01:26 Image size of job updated: 248324
	243  -  MemoryUsage of job (MB)
	248324  -  ResidentSetSize of job (KB)
...
006 (066.1105.000) 08/25 18:31:30 Image size of job updated: 248468
	243  -  MemoryUsage of job (MB)
	248468  -  ResidentSetSize of job (KB)
...
006 (066.1105.000) 08/25 20:11:40 Image size of job updated: 249752
	244  -  MemoryUsage of job (MB)
	249752  -  ResidentSetSize of job (KB)
...
005 (066.1105.000) 08/26 00:46:49 Job terminated.
	(1) Normal termination (return value 0)
		Usr 0 08:44:37, Sys 0 00:00:05  -  Run Remote Usage
		Usr 0 00:00:00, Sys 0 00:00:00  -  Run Local Usage
		Usr 0 08:44:37, Sys 0 00:00:05  -  Total Remote Usage
		Usr 0 00:00:00, Sys 0 00:00:00  -  Total Local Usage
	31480  -  Run Bytes Sent By Job
	2422  -  Run Bytes Received By Job
	31480  -  Total Bytes Sent By Job
	2422  -  Total Bytes Received By Job
	Partitionable Resources :    Usage  Request Allocated 
	   Cpus                 :     1.00        1         1 
	   Disk (KB)            :    49           4    202517 
	   Memory (MB)          :   244           1       128 
...
