000 (066.1633.000) 07/26 17:14:46 Job submitted from host: <160.36.155.106:9618?addrs=160.36.155.106-9618&noUDP&sock=27742_4872_4>
...
012 (066.1633.000) 08/03 14:17:23 Job was held.
	via condor_hold (by user bomeara)
	Code 1 Subcode 0
...
013 (066.1633.000) 08/05 22:28:10 Job was released.
	via condor_release (by user bomeara)
...
012 (066.1633.000) 08/09 10:36:19 Job was held.
	via condor_hold (by user bomeara)
	Code 1 Subcode 0
...
013 (066.1633.000) 08/09 13:05:28 Job was released.
	via condor_release (by user bomeara)
...
012 (066.1633.000) 09/23 13:38:12 Job was held.
	via condor_hold (by user bomeara)
	Code 1 Subcode 0
...
013 (066.1633.000) 09/24 14:50:03 Job was released.
	via condor_release (by user bomeara)
...
001 (066.1633.000) 09/25 16:42:35 Job executing on host: <10.128.121.58:9618?addrs=10.128.121.58-9618&noUDP&sock=2329_1429_4>
...
006 (066.1633.000) 09/25 16:42:43 Image size of job updated: 232968
	228  -  MemoryUsage of job (MB)
	232968  -  ResidentSetSize of job (KB)
...
006 (066.1633.000) 09/25 16:47:43 Image size of job updated: 251232
	246  -  MemoryUsage of job (MB)
	251232  -  ResidentSetSize of job (KB)
...
006 (066.1633.000) 09/25 22:29:41 Image size of job updated: 251256
	246  -  MemoryUsage of job (MB)
	251232  -  ResidentSetSize of job (KB)
...
005 (066.1633.000) 09/25 22:29:41 Job terminated.
	(1) Normal termination (return value 0)
		Usr 0 05:46:42, Sys 0 00:00:01  -  Run Remote Usage
		Usr 0 00:00:00, Sys 0 00:00:00  -  Run Local Usage
		Usr 0 05:46:42, Sys 0 00:00:01  -  Total Remote Usage
		Usr 0 00:00:00, Sys 0 00:00:00  -  Total Local Usage
	31454  -  Run Bytes Sent By Job
	2422  -  Run Bytes Received By Job
	31454  -  Total Bytes Sent By Job
	2422  -  Total Bytes Received By Job
	Partitionable Resources :    Usage  Request Allocated 
	   Cpus                 :     1.00        1         1 
	   Disk (KB)            :    49           4    888340 
	   Memory (MB)          :   246           1       128 
...
