000 (066.313.000) 07/26 17:14:46 Job submitted from host: <160.36.155.106:9618?addrs=160.36.155.106-9618&noUDP&sock=27742_4872_4>
...
001 (066.313.000) 07/27 08:33:01 Job executing on host: <160.36.154.249:9618?addrs=160.36.154.249-9618&noUDP&sock=66431_b80f_4>
...
006 (066.313.000) 07/27 08:33:10 Image size of job updated: 233980
	229  -  MemoryUsage of job (MB)
	233980  -  ResidentSetSize of job (KB)
...
006 (066.313.000) 07/27 08:38:11 Image size of job updated: 247652
	242  -  MemoryUsage of job (MB)
	247652  -  ResidentSetSize of job (KB)
...
006 (066.313.000) 07/27 10:43:24 Image size of job updated: 250088
	245  -  MemoryUsage of job (MB)
	250088  -  ResidentSetSize of job (KB)
...
006 (066.313.000) 07/27 11:23:28 Image size of job updated: 250172
	245  -  MemoryUsage of job (MB)
	250172  -  ResidentSetSize of job (KB)
...
006 (066.313.000) 07/27 14:03:44 Image size of job updated: 250220
	245  -  MemoryUsage of job (MB)
	250220  -  ResidentSetSize of job (KB)
...
005 (066.313.000) 07/27 17:18:35 Job terminated.
	(1) Normal termination (return value 0)
		Usr 0 08:44:25, Sys 0 00:00:05  -  Run Remote Usage
		Usr 0 00:00:00, Sys 0 00:00:00  -  Run Local Usage
		Usr 0 08:44:25, Sys 0 00:00:05  -  Total Remote Usage
		Usr 0 00:00:00, Sys 0 00:00:00  -  Total Local Usage
	31329  -  Run Bytes Sent By Job
	2422  -  Run Bytes Received By Job
	31329  -  Total Bytes Sent By Job
	2422  -  Total Bytes Received By Job
	Partitionable Resources :    Usage  Request Allocated 
	   Cpus                 :     1.00        1         1 
	   Disk (KB)            :    48           4    202517 
	   Memory (MB)          :   245           1       128 
...
