[1] "args"
[1] "66"   "1276"
[1] "Now starting analysis"
[1] "Starting with initial values"
       mu  sigma.sq        SE        bt        vh 
1.6909208 0.1925736 0.0962868 1.0000000 0.0962868 
       step   negloglik          mu    sigma.sq          SE          bt 
 1.00000000 16.26939087  1.63514895  0.01670058  0.05189093  1.16332956 
         vh 
 0.32769118 
[1] "New improvement found, resetting step counter"
        step    negloglik           mu     sigma.sq           SE           bt 
2.000000e+00 1.468266e+01 1.382462e+00 1.755303e-02 4.772681e-02 1.131367e+00 
          vh 
5.130020e-05 
        step    negloglik           mu     sigma.sq           SE           bt 
3.000000e+00 1.468266e+01 1.382462e+00 1.755303e-02 4.772681e-02 1.131367e+00 
          vh 
5.130020e-05 
[1] "New improvement found, resetting step counter"
        step    negloglik           mu     sigma.sq           SE           bt 
4.000000e+00 1.459635e+01 1.137043e+00 1.596719e-02 4.455420e-02 1.185143e+00 
          vh 
6.959585e-04 
[1] "New improvement found, resetting step counter"
        step    negloglik           mu     sigma.sq           SE           bt 
5.000000e+00 1.454326e+01 1.166346e+00 1.175135e-02 5.799160e-02 1.180540e+00 
          vh 
5.806853e-04 
        step    negloglik           mu     sigma.sq           SE           bt 
6.000000e+00 1.454326e+01 1.166346e+00 1.175135e-02 5.799160e-02 1.180540e+00 
          vh 
5.806853e-04 
        step    negloglik           mu     sigma.sq           SE           bt 
7.000000e+00 1.454326e+01 1.166346e+00 1.175135e-02 5.799160e-02 1.180540e+00 
          vh 
5.806853e-04 
[1] "Now starting analysis"
[1] "Starting with initial values"
       mu  sigma.sq        bt        vh 
1.6909208 0.1925736 1.0000000 0.0962868 
       step   negloglik          mu    sigma.sq          bt          vh 
 1.00000000 37.55624420  1.65746666  0.19280065  1.06166019  0.01676171 
[1] "New improvement found, resetting step counter"
        step    negloglik           mu     sigma.sq           bt           vh 
 2.000000000 37.540280614  1.747575983  0.196891063  1.057323055  0.002536453 
        step    negloglik           mu     sigma.sq           bt           vh 
 3.000000000 37.540280614  1.747575983  0.196891063  1.057323055  0.002536453 
        step    negloglik           mu     sigma.sq           bt           vh 
 4.000000000 37.540280614  1.747575983  0.196891063  1.057323055  0.002536453 
[1] "Now starting analysis"
[1] "Starting with initial values"
       mu  sigma.sq        SE        vh 
1.6909208 0.1925736 0.0962868 0.0962868 
       step   negloglik          mu    sigma.sq          SE          vh 
 1.00000000 15.34604888  1.72869579  0.01492791  0.04518179  0.03734994 
[1] "New improvement found, resetting step counter"
        step    negloglik           mu     sigma.sq           SE           vh 
2.000000e+00 1.508988e+01 1.636467e+00 1.627249e-02 4.752217e-02 3.735805e-04 
        step    negloglik           mu     sigma.sq           SE           vh 
3.000000e+00 1.508988e+01 1.636467e+00 1.627249e-02 4.752217e-02 3.735805e-04 
        step    negloglik           mu     sigma.sq           SE           vh 
4.000000e+00 1.508988e+01 1.636467e+00 1.627249e-02 4.752217e-02 3.735805e-04 
[1] "Now starting analysis"
[1] "Starting with initial values"
       mu  sigma.sq        vh 
1.6909208 0.1925736 0.0962868 
        step    negloglik           mu     sigma.sq           vh 
 1.000000000 37.536423505  1.794251302  0.190624332  0.001242564 
        step    negloglik           mu     sigma.sq           vh 
 2.000000000 37.536423505  1.794251302  0.190624332  0.001242564 
        step    negloglik           mu     sigma.sq           vh 
 3.000000000 37.536423505  1.794251302  0.190624332  0.001242564 
[1] "Now starting analysis"
[1] "Starting with initial values"
       mu  sigma.sq        SE        bt 
1.6909208 0.1925736 0.0962868 1.0000000 
       step   negloglik          mu    sigma.sq          SE          bt 
 1.00000000 14.53723889  1.27221240  0.01399041  0.05005884  1.16963691 
[1] "New improvement found, resetting step counter"
       step   negloglik          mu    sigma.sq          SE          bt 
 2.00000000 14.52444604  1.22930437  0.01406954  0.04800694  1.15915233 
[1] "New improvement found, resetting step counter"
       step   negloglik          mu    sigma.sq          SE          bt 
 3.00000000 14.50555366  1.13210886  0.01330328  0.05090579  1.16452928 
       step   negloglik          mu    sigma.sq          SE          bt 
 4.00000000 14.50555366  1.13210886  0.01330328  0.05090579  1.16452928 
       step   negloglik          mu    sigma.sq          SE          bt 
 5.00000000 14.50555366  1.13210886  0.01330328  0.05090579  1.16452928 
[1] "Now starting analysis"
[1] "Starting with initial values"
       mu  sigma.sq        bt 
1.6909208 0.1925736 1.0000000 
      step  negloglik         mu   sigma.sq         bt 
 1.0000000 37.5300582  1.6909208  0.1925736  1.0000000 
      step  negloglik         mu   sigma.sq         bt 
 2.0000000 37.5300582  1.6909208  0.1925736  1.0000000 
      step  negloglik         mu   sigma.sq         bt 
 3.0000000 37.5300582  1.6909208  0.1925736  1.0000000 
[1] "Now starting analysis"
[1] "Starting with initial values"
       mu  sigma.sq        SE 
1.6909208 0.1925736 0.0962868 
       step   negloglik          mu    sigma.sq          SE 
 1.00000000 15.08760315  1.66712409  0.01588992  0.04564172 
[1] "New improvement found, but slight; taking the best value, but not resetting the step counter"
       step   negloglik          mu    sigma.sq          SE 
 2.00000000 15.08650099  1.63956905  0.01673504  0.04433589 
       step   negloglik          mu    sigma.sq          SE 
 3.00000000 15.08650099  1.63956905  0.01673504  0.04433589 
[1] "Now starting analysis"
[1] "Starting with initial values"
       mu  sigma.sq 
1.6909208 0.1925736 
      step  negloglik         mu   sigma.sq 
 1.0000000 37.5300582  1.6909208  0.1925736 
      step  negloglik         mu   sigma.sq 
 2.0000000 37.5300582  1.6909208  0.1925736 
      step  negloglik         mu   sigma.sq 
 3.0000000 37.5300582  1.6909208  0.1925736 
