[1] "args"
[1] "66" "60"
[1] "Now starting analysis"
[1] "Starting with initial values"
       mu  sigma.sq        SE        bt        vh 
0.9130163 2.0246813 1.0123407 1.0000000 1.0123407 
       step   negloglik          mu    sigma.sq          SE          bt 
 1.00000000 12.63744875  0.71154705  0.01977641  0.03973517  1.41991106 
         vh 
 1.92069846 
[1] "New improvement found, resetting step counter"
        step    negloglik           mu     sigma.sq           SE           bt 
 2.000000000 11.997365657  0.523247729  0.018507018  0.043944767  2.735281078 
          vh 
 0.002025993 
[1] "New improvement found, resetting step counter"
        step    negloglik           mu     sigma.sq           SE           bt 
 3.000000000 11.984036690  0.421467076  0.017877481  0.043386823  2.927235582 
          vh 
 0.005245187 
        step    negloglik           mu     sigma.sq           SE           bt 
 4.000000000 11.984036690  0.421467076  0.017877481  0.043386823  2.927235582 
          vh 
 0.005245187 
        step    negloglik           mu     sigma.sq           SE           bt 
 5.000000000 11.984036690  0.421467076  0.017877481  0.043386823  2.927235582 
          vh 
 0.005245187 
[1] "Now starting analysis"
[1] "Starting with initial values"
       mu  sigma.sq        bt        vh 
0.9130163 2.0246813 1.0000000 1.0123407 
      step  negloglik         mu   sigma.sq         bt         vh 
 1.0000000 63.2890377  0.9130163  2.0246813  1.2024681  1.0123407 
[1] "New improvement found, but slight; taking the best value, but not resetting the step counter"
      step  negloglik         mu   sigma.sq         bt         vh 
 2.0000000 63.2884442  0.9130163  2.0246813  1.4049363  1.0123407 
      step  negloglik         mu   sigma.sq         bt         vh 
 3.0000000 63.2884442  0.9130163  2.0246813  1.4049363  1.0123407 
[1] "Now starting analysis"
[1] "Starting with initial values"
       mu  sigma.sq        SE        vh 
0.9130163 2.0246813 1.0123407 1.0123407 
       step   negloglik          mu    sigma.sq          SE          vh 
 1.00000000 13.50391376  1.62223651  0.02439466  0.03513996  2.21253293 
[1] "New improvement found, resetting step counter"
       step   negloglik          mu    sigma.sq          SE          vh 
 2.00000000 12.85431067  0.75842418  0.01734273  0.04274662  2.54077863 
[1] "New improvement found, but slight; taking the best value, but not resetting the step counter"
       step   negloglik          mu    sigma.sq          SE          vh 
 3.00000000 12.84869411  0.62532021  0.02042283  0.04184113  3.27236557 
[1] "New improvement found, resetting step counter"
       step   negloglik          mu    sigma.sq          SE          vh 
 4.00000000 12.80166168  0.65130623  0.02174388  0.03899257  2.52579543 
       step   negloglik          mu    sigma.sq          SE          vh 
 5.00000000 12.80166168  0.65130623  0.02174388  0.03899257  2.52579543 
[1] "New improvement found, resetting step counter"
       step   negloglik          mu    sigma.sq          SE          vh 
 6.00000000 12.38951638  0.93198570  0.01864577  0.04075931  0.00682050 
       step   negloglik          mu    sigma.sq          SE          vh 
 7.00000000 12.38951638  0.93198570  0.01864577  0.04075931  0.00682050 
       step   negloglik          mu    sigma.sq          SE          vh 
 8.00000000 12.38951638  0.93198570  0.01864577  0.04075931  0.00682050 
[1] "Now starting analysis"
[1] "Starting with initial values"
       mu  sigma.sq        vh 
0.9130163 2.0246813 1.0123407 
      step  negloglik         mu   sigma.sq         vh 
 1.0000000 63.2900533  0.9130163  2.0246813  1.0123407 
      step  negloglik         mu   sigma.sq         vh 
 2.0000000 63.2900533  0.9130163  2.0246813  1.0123407 
      step  negloglik         mu   sigma.sq         vh 
 3.0000000 63.2900533  0.9130163  2.0246813  1.0123407 
[1] "Now starting analysis"
[1] "Starting with initial values"
       mu  sigma.sq        SE        bt 
0.9130163 2.0246813 1.0123407 1.0000000 
       step   negloglik          mu    sigma.sq          SE          bt 
 1.00000000 14.35898903  2.10626394  0.02611527  0.04428177  2.24750669 
[1] "New improvement found, resetting step counter"
       step   negloglik          mu    sigma.sq          SE          bt 
 2.00000000 11.97448062  0.38825925  0.01849477  0.04169718  3.21981869 
       step   negloglik          mu    sigma.sq          SE          bt 
 3.00000000 11.97448062  0.38825925  0.01849477  0.04169718  3.21981869 
       step   negloglik          mu    sigma.sq          SE          bt 
 4.00000000 11.97448062  0.38825925  0.01849477  0.04169718  3.21981869 
[1] "Now starting analysis"
[1] "Starting with initial values"
       mu  sigma.sq        bt 
0.9130163 2.0246813 1.0000000 
      step  negloglik         mu   sigma.sq         bt 
 1.0000000 63.2839769  0.9130163  2.0246813  1.2024681 
[1] "New improvement found, but slight; taking the best value, but not resetting the step counter"
      step  negloglik         mu   sigma.sq         bt 
 2.0000000 63.2833774  0.9130163  2.0246813  1.4049363 
      step  negloglik         mu   sigma.sq         bt 
 3.0000000 63.2833774  0.9130163  2.0246813  1.4049363 
[1] "Now starting analysis"
[1] "Starting with initial values"
       mu  sigma.sq        SE 
0.9130163 2.0246813 1.0123407 
       step   negloglik          mu    sigma.sq          SE 
 1.00000000 15.64017524  2.89071216  0.02967462  0.03968051 
[1] "New improvement found, resetting step counter"
       step   negloglik          mu    sigma.sq          SE 
 2.00000000 12.37816745  0.83477955  0.02025976  0.04080450 
[1] "New improvement found, but slight; taking the best value, but not resetting the step counter"
       step   negloglik          mu    sigma.sq          SE 
 3.00000000 12.37395658  0.90544967  0.01930261  0.04189821 
       step   negloglik          mu    sigma.sq          SE 
 4.00000000 12.37395658  0.90544967  0.01930261  0.04189821 
[1] "Now starting analysis"
[1] "Starting with initial values"
       mu  sigma.sq 
0.9130163 2.0246813 
      step  negloglik         mu   sigma.sq 
 1.0000000 63.2850029  0.9130163  2.0246813 
      step  negloglik         mu   sigma.sq 
 2.0000000 63.2850029  0.9130163  2.0246813 
      step  negloglik         mu   sigma.sq 
 3.0000000 63.2850029  0.9130163  2.0246813 
