[1] "args"
[1] "66"  "374"
[1] "Now starting analysis"
[1] "Starting with initial values"
        mu   sigma.sq         SE         bt         vh 
1.02449009 0.00994362 0.00497181 1.00000000 0.00497181 
         step     negloglik            mu      sigma.sq            SE 
 1.000000e+00 -1.116410e+01  1.005400e+00  1.049400e-02  3.469813e-05 
           bt            vh 
 1.031660e+00  3.738762e-03 
[1] "New improvement found, resetting step counter"
         step     negloglik            mu      sigma.sq            SE 
 2.000000e+00 -1.119671e+01  8.818220e-01  1.049327e-02  3.519108e-05 
           bt            vh 
 1.064861e+00  2.005591e-04 
         step     negloglik            mu      sigma.sq            SE 
 3.000000e+00 -1.119671e+01  8.818220e-01  1.049327e-02  3.519108e-05 
           bt            vh 
 1.064861e+00  2.005591e-04 
         step     negloglik            mu      sigma.sq            SE 
 4.000000e+00 -1.119671e+01  8.818220e-01  1.049327e-02  3.519108e-05 
           bt            vh 
 1.064861e+00  2.005591e-04 
[1] "Now starting analysis"
[1] "Starting with initial values"
        mu   sigma.sq         bt         vh 
1.02449009 0.00994362 1.00000000 0.00497181 
         step     negloglik            mu      sigma.sq            bt 
 1.000000e+00 -1.100020e+01  9.432694e-01  1.004936e-02  1.051143e+00 
           vh 
 8.974704e-06 
         step     negloglik            mu      sigma.sq            bt 
 2.000000e+00 -1.100020e+01  9.432694e-01  1.004936e-02  1.051143e+00 
           vh 
 8.974704e-06 
         step     negloglik            mu      sigma.sq            bt 
 3.000000e+00 -1.100020e+01  9.432694e-01  1.004936e-02  1.051143e+00 
           vh 
 8.974704e-06 
[1] "Now starting analysis"
[1] "Starting with initial values"
        mu   sigma.sq         SE         vh 
1.02449009 0.00994362 0.00497181 0.00497181 
         step     negloglik            mu      sigma.sq            SE 
 1.000000e+00 -1.121695e+01  1.041330e+00  9.726361e-03  3.732151e-05 
           vh 
 4.678942e-04 
[1] "New improvement found, but slight; taking the best value, but not resetting the step counter"
         step     negloglik            mu      sigma.sq            SE 
 2.000000e+00 -1.121845e+01  1.038659e+00  9.728683e-03  4.550922e-05 
           vh 
 1.051923e-04 
[1] "New improvement found, but slight; taking the best value, but not resetting the step counter"
         step     negloglik            mu      sigma.sq            SE 
 3.000000e+00 -1.122034e+01  1.037438e+00  9.452647e-03  3.900835e-05 
           vh 
 1.265958e-04 
[1] "Now starting analysis"
[1] "Starting with initial values"
        mu   sigma.sq         vh 
1.02449009 0.00994362 0.00497181 
         step     negloglik            mu      sigma.sq            vh 
 1.000000e+00 -1.096141e+01  9.924498e-01  1.001866e-02  6.780895e-04 
         step     negloglik            mu      sigma.sq            vh 
 2.000000e+00 -1.096141e+01  9.924498e-01  1.001866e-02  6.780895e-04 
[1] "New improvement found, but slight; taking the best value, but not resetting the step counter"
         step     negloglik            mu      sigma.sq            vh 
 3.000000e+00 -1.096182e+01  1.042351e+00  1.020141e-02  7.169877e-04 
[1] "Now starting analysis"
[1] "Starting with initial values"
        mu   sigma.sq         SE         bt 
1.02449009 0.00994362 0.00497181 1.00000000 
         step     negloglik            mu      sigma.sq            SE 
 1.000000e+00 -1.115847e+01  1.173894e+00  9.383281e-03  4.807773e-05 
           bt 
 9.905750e-01 
[1] "New improvement found, resetting step counter"
         step     negloglik            mu      sigma.sq            SE 
 2.000000e+00 -1.125955e+01  8.933889e-01  9.381007e-03  3.988710e-05 
           bt 
 1.073113e+00 
         step     negloglik            mu      sigma.sq            SE 
 3.000000e+00 -1.125955e+01  8.933889e-01  9.381007e-03  3.988710e-05 
           bt 
 1.073113e+00 
         step     negloglik            mu      sigma.sq            SE 
 4.000000e+00 -1.125955e+01  8.933889e-01  9.381007e-03  3.988710e-05 
           bt 
 1.073113e+00 
[1] "Now starting analysis"
[1] "Starting with initial values"
        mu   sigma.sq         bt 
1.02449009 0.00994362 1.00000000 
        step    negloglik           mu     sigma.sq           bt 
  1.00000000 -10.99893436   0.93878097   0.01008769   1.04395071 
[1] "New improvement found, but slight; taking the best value, but not resetting the step counter"
         step     negloglik            mu      sigma.sq            bt 
  2.000000000 -11.001253530   0.931562463   0.009994235   1.058481178 
         step     negloglik            mu      sigma.sq            bt 
  3.000000000 -11.001253530   0.931562463   0.009994235   1.058481178 
[1] "Now starting analysis"
[1] "Starting with initial values"
        mu   sigma.sq         SE 
1.02449009 0.00994362 0.00497181 
         step     negloglik            mu      sigma.sq            SE 
 1.000000e+00 -1.121246e+01  1.081783e+00  9.646392e-03  3.897774e-05 
[1] "New improvement found, but slight; taking the best value, but not resetting the step counter"
         step     negloglik            mu      sigma.sq            SE 
 2.000000e+00 -1.122131e+01  1.041715e+00  9.647281e-03  4.208662e-05 
         step     negloglik            mu      sigma.sq            SE 
 3.000000e+00 -1.122131e+01  1.041715e+00  9.647281e-03  4.208662e-05 
[1] "Now starting analysis"
[1] "Starting with initial values"
        mu   sigma.sq 
1.02449009 0.00994362 
        step    negloglik           mu     sigma.sq 
  1.00000000 -10.96529306   1.02449009   0.00994362 
        step    negloglik           mu     sigma.sq 
  2.00000000 -10.96529306   1.02449009   0.00994362 
        step    negloglik           mu     sigma.sq 
  3.00000000 -10.96529306   1.02449009   0.00994362 
