000 (066.1011.000) 07/26 17:14:46 Job submitted from host: <160.36.155.106:9618?addrs=160.36.155.106-9618&noUDP&sock=27742_4872_4>
...
012 (066.1011.000) 08/03 14:16:51 Job was held.
	via condor_hold (by user bomeara)
	Code 1 Subcode 0
...
013 (066.1011.000) 08/05 22:27:37 Job was released.
	via condor_release (by user bomeara)
...
012 (066.1011.000) 08/09 10:35:38 Job was held.
	via condor_hold (by user bomeara)
	Code 1 Subcode 0
...
013 (066.1011.000) 08/09 13:04:57 Job was released.
	via condor_release (by user bomeara)
...
001 (066.1011.000) 08/20 03:56:15 Job executing on host: <10.128.78.255:9618?addrs=10.128.78.255-9618&noUDP&sock=2316_296e_4>
...
006 (066.1011.000) 08/20 03:56:24 Image size of job updated: 243304
	238  -  MemoryUsage of job (MB)
	243304  -  ResidentSetSize of job (KB)
...
006 (066.1011.000) 08/20 04:06:24 Image size of job updated: 243404
	238  -  MemoryUsage of job (MB)
	243404  -  ResidentSetSize of job (KB)
...
006 (066.1011.000) 08/20 04:16:26 Image size of job updated: 243420
	238  -  MemoryUsage of job (MB)
	243420  -  ResidentSetSize of job (KB)
...
006 (066.1011.000) 08/23 01:18:41 Image size of job updated: 246716
	241  -  MemoryUsage of job (MB)
	246716  -  ResidentSetSize of job (KB)
...
006 (066.1011.000) 08/28 04:16:17 Image size of job updated: 247176
	242  -  MemoryUsage of job (MB)
	247176  -  ResidentSetSize of job (KB)
...
006 (066.1011.000) 08/28 11:26:58 Image size of job updated: 247384
	242  -  MemoryUsage of job (MB)
	247384  -  ResidentSetSize of job (KB)
...
006 (066.1011.000) 08/29 11:49:27 Image size of job updated: 248452
	243  -  MemoryUsage of job (MB)
	248452  -  ResidentSetSize of job (KB)
...
005 (066.1011.000) 08/29 17:46:12 Job terminated.
	(1) Normal termination (return value 0)
		Usr 9 13:29:55, Sys 0 00:01:32  -  Run Remote Usage
		Usr 0 00:00:00, Sys 0 00:00:00  -  Run Local Usage
		Usr 9 13:29:55, Sys 0 00:01:32  -  Total Remote Usage
		Usr 0 00:00:00, Sys 0 00:00:00  -  Total Local Usage
	32830  -  Run Bytes Sent By Job
	2422  -  Run Bytes Received By Job
	32830  -  Total Bytes Sent By Job
	2422  -  Total Bytes Received By Job
	Partitionable Resources :    Usage  Request Allocated 
	   Cpus                 :     1.00        1         1 
	   Disk (KB)            :    50           4    893021 
	   Memory (MB)          :   243           1       128 
...
