000 (066.126.000) 07/26 17:14:45 Job submitted from host: <160.36.155.106:9618?addrs=160.36.155.106-9618&noUDP&sock=27742_4872_4>
...
001 (066.126.000) 07/26 17:14:54 Job executing on host: <10.128.121.58:9618?addrs=10.128.121.58-9618&noUDP&sock=2263_cee9_4>
...
006 (066.126.000) 07/26 17:15:03 Image size of job updated: 226456
	222  -  MemoryUsage of job (MB)
	226456  -  ResidentSetSize of job (KB)
...
006 (066.126.000) 07/26 17:20:04 Image size of job updated: 226472
	222  -  MemoryUsage of job (MB)
	226472  -  ResidentSetSize of job (KB)
...
006 (066.126.000) 07/26 17:35:06 Image size of job updated: 226492
	222  -  MemoryUsage of job (MB)
	226492  -  ResidentSetSize of job (KB)
...
006 (066.126.000) 07/26 17:50:07 Image size of job updated: 229272
	224  -  MemoryUsage of job (MB)
	229272  -  ResidentSetSize of job (KB)
...
005 (066.126.000) 07/26 18:20:28 Job terminated.
	(1) Normal termination (return value 0)
		Usr 0 01:05:30, Sys 0 00:00:00  -  Run Remote Usage
		Usr 0 00:00:00, Sys 0 00:00:00  -  Run Local Usage
		Usr 0 01:05:30, Sys 0 00:00:00  -  Total Remote Usage
		Usr 0 00:00:00, Sys 0 00:00:00  -  Total Local Usage
	28480  -  Run Bytes Sent By Job
	2422  -  Run Bytes Received By Job
	28480  -  Total Bytes Sent By Job
	2422  -  Total Bytes Received By Job
	Partitionable Resources :    Usage  Request Allocated 
	   Cpus                 :     0.99        1         1 
	   Disk (KB)            :    45           4    888081 
	   Memory (MB)          :   224           1       128 
...
