[1] "args"
[1] "66"   "1186"
[1] "Now starting analysis"
[1] "Starting with initial values"
         mu    sigma.sq          SE          bt          vh 
4.049742556 0.019828171 0.009914086 1.000000000 0.009914086 
       step   negloglik          mu    sigma.sq          SE          bt 
1.000000000 4.450143118 4.196629694 0.007242930 0.002173432 1.262168340 
         vh 
0.543845334 
[1] "New improvement found, resetting step counter"
        step    negloglik           mu     sigma.sq           SE           bt 
 2.000000000 -0.117165787  1.036006362  0.005177610  0.006457237  2.295462118 
          vh 
 0.157959824 
[1] "New improvement found, resetting step counter"
        step    negloglik           mu     sigma.sq           SE           bt 
 3.000000000 -0.325404325  1.024134048  0.005904838  0.004093448  2.288110447 
          vh 
 0.156211367 
[1] "New improvement found, resetting step counter"
        step    negloglik           mu     sigma.sq           SE           bt 
 4.000000000 -0.415834849  1.028664808  0.007208721  0.001560859  2.283126455 
          vh 
 0.152849821 
        step    negloglik           mu     sigma.sq           SE           bt 
 5.000000000 -0.415834849  1.028664808  0.007208721  0.001560859  2.283126455 
          vh 
 0.152849821 
        step    negloglik           mu     sigma.sq           SE           bt 
 6.000000000 -0.415834849  1.028664808  0.007208721  0.001560859  2.283126455 
          vh 
 0.152849821 
[1] "Now starting analysis"
[1] "Starting with initial values"
         mu    sigma.sq          bt          vh 
4.049742556 0.019828171 1.000000000 0.009914086 
        step    negloglik           mu     sigma.sq           bt           vh 
 1.000000000 -0.399432146  1.075371994  0.008188714  2.229779628  0.149482431 
[1] "New improvement found, but slight; taking the best value, but not resetting the step counter"
      step  negloglik         mu   sigma.sq         bt         vh 
 2.0000000 -0.4030272  1.0410813  0.0081568  2.2552351  0.1495617 
[1] "New improvement found, but slight; taking the best value, but not resetting the step counter"
        step    negloglik           mu     sigma.sq           bt           vh 
 3.000000000 -0.403454706  1.038174296  0.008145836  2.267357989  0.151154793 
[1] "Now starting analysis"
[1] "Starting with initial values"
         mu    sigma.sq          SE          vh 
4.049742556 0.019828171 0.009914086 0.009914086 
       step   negloglik          mu    sigma.sq          SE          vh 
1.000000000 4.185884454 3.608535940 0.008505389 0.000280972 1.326226417 
[1] "New improvement found, resetting step counter"
        step    negloglik           mu     sigma.sq           SE           vh 
2.0000000000 3.9640046598 2.7524058470 0.0084824711 0.0000832876 1.0503898411 
        step    negloglik           mu     sigma.sq           SE           vh 
3.0000000000 3.9640046598 2.7524058470 0.0084824711 0.0000832876 1.0503898411 
[1] "New improvement found, but slight; taking the best value, but not resetting the step counter"
        step    negloglik           mu     sigma.sq           SE           vh 
4.000000e+00 3.959266e+00 2.762266e+00 8.352079e-03 7.264894e-05 1.072896e+00 
[1] "Now starting analysis"
[1] "Starting with initial values"
         mu    sigma.sq          vh 
4.049742556 0.019828171 0.009914086 
       step   negloglik          mu    sigma.sq          vh 
1.000000000 3.967094769 2.856764851 0.008335598 1.175644943 
[1] "New improvement found, resetting step counter"
       step   negloglik          mu    sigma.sq          vh 
2.000000000 3.956407619 2.773448355 0.008318161 1.056618886 
       step   negloglik          mu    sigma.sq          vh 
3.000000000 3.956407619 2.773448355 0.008318161 1.056618886 
       step   negloglik          mu    sigma.sq          vh 
4.000000000 3.956407619 2.773448355 0.008318161 1.056618886 
[1] "Now starting analysis"
[1] "Starting with initial values"
         mu    sigma.sq          SE          bt 
4.049742556 0.019828171 0.009914086 1.000000000 
        step    negloglik           mu     sigma.sq           SE           bt 
1.000000e+00 8.067793e+00 3.197638e+00 1.949197e-02 2.839329e-05 2.243903e+00 
[1] "New improvement found, resetting step counter"
        step    negloglik           mu     sigma.sq           SE           bt 
2.000000e+00 4.241217e+00 1.309172e+00 2.013285e-02 7.716172e-06 2.224214e+00 
[1] "New improvement found, resetting step counter"
        step    negloglik           mu     sigma.sq           SE           bt 
3.000000e+00 4.065477e+00 1.227097e+00 1.949882e-02 3.104217e-06 2.248032e+00 
        step    negloglik           mu     sigma.sq           SE           bt 
4.000000e+00 4.065477e+00 1.227097e+00 1.949882e-02 3.104217e-06 2.248032e+00 
[1] "New improvement found, resetting step counter"
        step    negloglik           mu     sigma.sq           SE           bt 
5.000000e+00 3.966177e+00 1.206593e+00 1.910282e-02 8.728654e-06 2.263406e+00 
[1] "New improvement found, resetting step counter"
        step    negloglik           mu     sigma.sq           SE           bt 
6.000000e+00 3.803085e+00 1.129827e+00 1.845854e-02 1.084069e-06 2.267860e+00 
[1] "New improvement found, resetting step counter"
        step    negloglik           mu     sigma.sq           SE           bt 
7.0000000000 3.4829450897 1.0384647825 0.0170075176 0.0000016378 2.2593567530 
[1] "New improvement found, resetting step counter"
        step    negloglik           mu     sigma.sq           SE           bt 
8.000000e+00 3.356908e+00 1.250796e+00 1.654292e-02 2.015657e-06 2.221911e+00 
        step    negloglik           mu     sigma.sq           SE           bt 
9.000000e+00 3.356908e+00 1.250796e+00 1.654292e-02 2.015657e-06 2.221911e+00 
[1] "New improvement found, resetting step counter"
        step    negloglik           mu     sigma.sq           SE           bt 
1.000000e+01 3.338377e+00 1.239082e+00 1.645774e-02 3.329114e-06 2.233666e+00 
        step    negloglik           mu     sigma.sq           SE           bt 
1.100000e+01 3.338377e+00 1.239082e+00 1.645774e-02 3.329114e-06 2.233666e+00 
[1] "New improvement found, resetting step counter"
        step    negloglik           mu     sigma.sq           SE           bt 
1.200000e+01 3.128232e+00 1.240813e+00 1.526475e-02 2.911549e-06 2.262393e+00 
[1] "New improvement found, resetting step counter"
        step    negloglik           mu     sigma.sq           SE           bt 
1.300000e+01 2.909339e+00 1.183188e+00 1.311127e-02 1.386145e-05 2.264609e+00 
        step    negloglik           mu     sigma.sq           SE           bt 
1.400000e+01 2.909339e+00 1.183188e+00 1.311127e-02 1.386145e-05 2.264609e+00 
        step    negloglik           mu     sigma.sq           SE           bt 
1.500000e+01 2.909339e+00 1.183188e+00 1.311127e-02 1.386145e-05 2.264609e+00 
[1] "Now starting analysis"
[1] "Starting with initial values"
        mu   sigma.sq         bt 
4.04974256 0.01982817 1.00000000 
      step  negloglik         mu   sigma.sq         bt 
1.00000000 2.90218759 1.14916989 0.01271524 2.25174411 
[1] "New improvement found, but slight; taking the best value, but not resetting the step counter"
     step negloglik        mu  sigma.sq        bt 
2.0000000 2.8971835 1.1974991 0.0127173 2.2414353 
     step negloglik        mu  sigma.sq        bt 
3.0000000 2.8971835 1.1974991 0.0127173 2.2414353 
[1] "Now starting analysis"
[1] "Starting with initial values"
         mu    sigma.sq          SE 
4.049742556 0.019828171 0.009914086 
       step   negloglik          mu    sigma.sq          SE 
 1.00000000 18.26862243  4.01751321  0.02683843  0.02236538 
       step   negloglik          mu    sigma.sq          SE 
 2.00000000 18.26862243  4.01751321  0.02683843  0.02236538 
       step   negloglik          mu    sigma.sq          SE 
 3.00000000 18.26862243  4.01751321  0.02683843  0.02236538 
[1] "Now starting analysis"
[1] "Starting with initial values"
        mu   sigma.sq 
4.04974256 0.01982817 
       step   negloglik          mu    sigma.sq 
 1.00000000 18.38639575  4.09245468  0.03564748 
[1] "New improvement found, but slight; taking the best value, but not resetting the step counter"
       step   negloglik          mu    sigma.sq 
 2.00000000 18.38447673  3.95167664  0.03584731 
[1] "New improvement found, but slight; taking the best value, but not resetting the step counter"
       step   negloglik          mu    sigma.sq 
 3.00000000 18.38255569  4.00585301  0.03577684 
