[1] "args"
[1] "66"  "779"
[1] "Now starting analysis"
[1] "Starting with initial values"
        mu   sigma.sq         SE         bt         vh 
2.78098258 0.08099127 0.04049564 1.00000000 0.04049564 
        step    negloglik           mu     sigma.sq           SE           bt 
 1.000000000 40.833931454  2.503206356  0.009457544  0.052009912  1.504856267 
          vh 
 0.012519298 
[1] "New improvement found, resetting step counter"
        step    negloglik           mu     sigma.sq           SE           bt 
 2.000000000 37.770100879  1.548988955  0.006897479  0.075728793  1.727713598 
          vh 
 0.008179825 
        step    negloglik           mu     sigma.sq           SE           bt 
 3.000000000 37.770100879  1.548988955  0.006897479  0.075728793  1.727713598 
          vh 
 0.008179825 
[1] "New improvement found, resetting step counter"
        step    negloglik           mu     sigma.sq           SE           bt 
 4.000000000 37.571569731  1.378103910  0.007265329  0.064500455  1.852657132 
          vh 
 0.005912132 
[1] "New improvement found, resetting step counter"
        step    negloglik           mu     sigma.sq           SE           bt 
5.000000e+00 3.754404e+01 1.494970e+00 6.400159e-03 6.787883e-02 1.765711e+00 
          vh 
8.614014e-04 
[1] "New improvement found, resetting step counter"
        step    negloglik           mu     sigma.sq           SE           bt 
 6.000000000 37.507136760  1.396710577  0.006598631  0.070143732  1.795492695 
          vh 
 0.001033782 
        step    negloglik           mu     sigma.sq           SE           bt 
 7.000000000 37.507136760  1.396710577  0.006598631  0.070143732  1.795492695 
          vh 
 0.001033782 
        step    negloglik           mu     sigma.sq           SE           bt 
 8.000000000 37.507136760  1.396710577  0.006598631  0.070143732  1.795492695 
          vh 
 0.001033782 
[1] "Now starting analysis"
[1] "Starting with initial values"
        mu   sigma.sq         bt         vh 
2.78098258 0.08099127 1.00000000 0.04049564 
        step    negloglik           mu     sigma.sq           bt           vh 
 1.000000000 71.380442903  2.219183224  0.079269994  1.509131635  0.007360261 
[1] "New improvement found, resetting step counter"
        step    negloglik           mu     sigma.sq           bt           vh 
 2.000000000 71.358480664  2.108719712  0.078402305  1.676066026  0.006741002 
        step    negloglik           mu     sigma.sq           bt           vh 
 3.000000000 71.358480664  2.108719712  0.078402305  1.676066026  0.006741002 
        step    negloglik           mu     sigma.sq           bt           vh 
 4.000000000 71.358480664  2.108719712  0.078402305  1.676066026  0.006741002 
[1] "Now starting analysis"
[1] "Starting with initial values"
        mu   sigma.sq         SE         vh 
2.78098258 0.08099127 0.04049564 0.04049564 
        step    negloglik           mu     sigma.sq           SE           vh 
 1.000000000 42.292641149  1.978957274  0.006588808  0.073305121  0.370444984 
[1] "New improvement found, resetting step counter"
        step    negloglik           mu     sigma.sq           SE           vh 
 2.000000000 42.159416817  1.931303994  0.006499779  0.067932194  0.495950465 
        step    negloglik           mu     sigma.sq           SE           vh 
 3.000000000 42.159416817  1.931303994  0.006499779  0.067932194  0.495950465 
        step    negloglik           mu     sigma.sq           SE           vh 
 4.000000000 42.159416817  1.931303994  0.006499779  0.067932194  0.495950465 
[1] "Now starting analysis"
[1] "Starting with initial values"
        mu   sigma.sq         vh 
2.78098258 0.08099127 0.04049564 
       step   negloglik          mu    sigma.sq          vh 
 1.00000000 72.44828541  2.78098258  0.08099127  0.04049564 
       step   negloglik          mu    sigma.sq          vh 
 2.00000000 72.44828541  2.78098258  0.08099127  0.04049564 
       step   negloglik          mu    sigma.sq          vh 
 3.00000000 72.44828541  2.78098258  0.08099127  0.04049564 
[1] "Now starting analysis"
[1] "Starting with initial values"
        mu   sigma.sq         SE         bt 
2.78098258 0.08099127 0.04049564 1.00000000 
        step    negloglik           mu     sigma.sq           SE           bt 
 1.000000000 37.514154223  1.425147618  0.007739911  0.065290972  1.795454566 
[1] "New improvement found, resetting step counter"
        step    negloglik           mu     sigma.sq           SE           bt 
 2.000000000 37.494125583  1.440480878  0.007277957  0.065494281  1.776268283 
[1] "New improvement found, but slight; taking the best value, but not resetting the step counter"
        step    negloglik           mu     sigma.sq           SE           bt 
 3.000000000 37.493440698  1.435272260  0.007248575  0.067696398  1.768241473 
        step    negloglik           mu     sigma.sq           SE           bt 
 4.000000000 37.493440698  1.435272260  0.007248575  0.067696398  1.768241473 
[1] "Now starting analysis"
[1] "Starting with initial values"
        mu   sigma.sq         bt 
2.78098258 0.08099127 1.00000000 
       step   negloglik          mu    sigma.sq          bt 
 1.00000000 71.20904527  1.67831942  0.08142988  1.76187948 
       step   negloglik          mu    sigma.sq          bt 
 2.00000000 71.20904527  1.67831942  0.08142988  1.76187948 
[1] "New improvement found, but slight; taking the best value, but not resetting the step counter"
       step   negloglik          mu    sigma.sq          bt 
 3.00000000 71.20583797  1.67108929  0.07989338  1.80465488 
[1] "Now starting analysis"
[1] "Starting with initial values"
        mu   sigma.sq         SE 
2.78098258 0.08099127 0.04049564 
       step   negloglik          mu    sigma.sq          SE 
 1.00000000 45.03401662  2.85322247  0.01347829  0.05936255 
[1] "New improvement found, resetting step counter"
       step   negloglik          mu    sigma.sq          SE 
 2.00000000 45.01432441  2.70975508  0.01328212  0.06117127 
[1] "New improvement found, but slight; taking the best value, but not resetting the step counter"
       step   negloglik          mu    sigma.sq          SE 
 3.00000000 45.01342444  2.67759230  0.01348103  0.05822072 
       step   negloglik          mu    sigma.sq          SE 
 4.00000000 45.01342444  2.67759230  0.01348103  0.05822072 
[1] "Now starting analysis"
[1] "Starting with initial values"
        mu   sigma.sq 
2.78098258 0.08099127 
       step   negloglik          mu    sigma.sq 
 1.00000000 72.38736385  2.78098258  0.08099127 
       step   negloglik          mu    sigma.sq 
 2.00000000 72.38736385  2.78098258  0.08099127 
       step   negloglik          mu    sigma.sq 
 3.00000000 72.38736385  2.78098258  0.08099127 
