[1] "args"
[1] "66"  "497"
[1] "Now starting analysis"
[1] "Starting with initial values"
       mu  sigma.sq        SE        bt        vh 
0.9165941 0.2640093 0.1320046 1.0000000 0.1320046 
        step    negloglik           mu     sigma.sq           SE           bt 
 1.000000000 46.598667890  0.985587578  0.008877762  0.062175217  1.196673101 
          vh 
 0.195503440 
[1] "New improvement found, resetting step counter"
        step    negloglik           mu     sigma.sq           SE           bt 
 2.000000000 46.146476285  0.814058472  0.009358479  0.058987507  1.164663572 
          vh 
 0.066023474 
        step    negloglik           mu     sigma.sq           SE           bt 
 3.000000000 46.146476285  0.814058472  0.009358479  0.058987507  1.164663572 
          vh 
 0.066023474 
        step    negloglik           mu     sigma.sq           SE           bt 
 4.000000000 46.146476285  0.814058472  0.009358479  0.058987507  1.164663572 
          vh 
 0.066023474 
[1] "Now starting analysis"
[1] "Starting with initial values"
       mu  sigma.sq        bt        vh 
0.9165941 0.2640093 1.0000000 0.1320046 
       step   negloglik          mu    sigma.sq          bt          vh 
  1.0000000 139.9918558   0.9165941   0.2640093   1.1000000   0.1320046 
[1] "New improvement found, resetting step counter"
       step   negloglik          mu    sigma.sq          bt          vh 
  2.0000000 139.9688977   0.9165941   0.2640093   1.2100000   0.1320046 
       step   negloglik          mu    sigma.sq          bt          vh 
  3.0000000 139.9688977   0.9165941   0.2640093   1.2100000   0.1320046 
       step   negloglik          mu    sigma.sq          bt          vh 
  4.0000000 139.9688977   0.9165941   0.2640093   1.2100000   0.1320046 
[1] "Now starting analysis"
[1] "Starting with initial values"
       mu  sigma.sq        SE        vh 
0.9165941 0.2640093 0.1320046 0.1320046 
        step    negloglik           mu     sigma.sq           SE           vh 
 1.000000000 47.040854063  1.131506856  0.009027495  0.061880878  0.273551221 
[1] "New improvement found, resetting step counter"
        step    negloglik           mu     sigma.sq           SE           vh 
 2.000000000 46.552883000  0.923183728  0.009093064  0.060429928  0.160206120 
[1] "New improvement found, but slight; taking the best value, but not resetting the step counter"
        step    negloglik           mu     sigma.sq           SE           vh 
 3.000000000 46.551933576  0.935074696  0.008875007  0.059753699  0.147919234 
[1] "New improvement found, but slight; taking the best value, but not resetting the step counter"
        step    negloglik           mu     sigma.sq           SE           vh 
 4.000000000 46.547525365  0.887139764  0.008738853  0.059173047  0.185854823 
[1] "Now starting analysis"
[1] "Starting with initial values"
       mu  sigma.sq        vh 
0.9165941 0.2640093 0.1320046 
       step   negloglik          mu    sigma.sq          vh 
  1.0000000 140.0469536   1.0082535   0.2640093   0.1320046 
       step   negloglik          mu    sigma.sq          vh 
  2.0000000 140.0469536   1.0082535   0.2640093   0.1320046 
[1] "New improvement found, resetting step counter"
        step    negloglik           mu     sigma.sq           vh 
  3.00000000 140.00001475   1.14860152   0.26752544   0.05490413 
        step    negloglik           mu     sigma.sq           vh 
  4.00000000 140.00001475   1.14860152   0.26752544   0.05490413 
        step    negloglik           mu     sigma.sq           vh 
  5.00000000 140.00001475   1.14860152   0.26752544   0.05490413 
[1] "Now starting analysis"
[1] "Starting with initial values"
       mu  sigma.sq        SE        bt 
0.9165941 0.2640093 0.1320046 1.0000000 
        step    negloglik           mu     sigma.sq           SE           bt 
 1.000000000 46.814815392  1.018980249  0.009938829  0.057944737  1.248750265 
[1] "New improvement found, resetting step counter"
        step    negloglik           mu     sigma.sq           SE           bt 
 2.000000000 46.294105018  0.782202249  0.009830588  0.056355277  1.218082522 
[1] "New improvement found, but slight; taking the best value, but not resetting the step counter"
       step   negloglik          mu    sigma.sq          SE          bt 
 3.00000000 46.29247981  0.76442057  0.01057773  0.05664876  1.20299934 
[1] "New improvement found, but slight; taking the best value, but not resetting the step counter"
       step   negloglik          mu    sigma.sq          SE          bt 
 4.00000000 46.28298582  0.72884519  0.01023287  0.05789471  1.24192293 
[1] "Now starting analysis"
[1] "Starting with initial values"
       mu  sigma.sq        bt 
0.9165941 0.2640093 1.0000000 
       step   negloglik          mu    sigma.sq          bt 
  1.0000000 139.8893831   0.9165941   0.2640093   1.1000000 
[1] "New improvement found, resetting step counter"
       step   negloglik          mu    sigma.sq          bt 
  2.0000000 139.8627066   0.9165941   0.2640093   1.2100000 
       step   negloglik          mu    sigma.sq          bt 
  3.0000000 139.8627066   0.9165941   0.2640093   1.2100000 
       step   negloglik          mu    sigma.sq          bt 
  4.0000000 139.8627066   0.9165941   0.2640093   1.2100000 
[1] "Now starting analysis"
[1] "Starting with initial values"
       mu  sigma.sq        SE 
0.9165941 0.2640093 0.1320046 
       step   negloglik          mu    sigma.sq          SE 
 1.00000000 47.74292466  1.13049835  0.01118838  0.05715009 
[1] "New improvement found, resetting step counter"
       step   negloglik          mu    sigma.sq          SE 
 2.00000000 47.59162460  1.03081352  0.01106151  0.05706481 
       step   negloglik          mu    sigma.sq          SE 
 3.00000000 47.59162460  1.03081352  0.01106151  0.05706481 
[1] "New improvement found, resetting step counter"
       step   negloglik          mu    sigma.sq          SE 
 4.00000000 47.55015204  0.98723233  0.01039417  0.05841504 
       step   negloglik          mu    sigma.sq          SE 
 5.00000000 47.55015204  0.98723233  0.01039417  0.05841504 
       step   negloglik          mu    sigma.sq          SE 
 6.00000000 47.55015204  0.98723233  0.01039417  0.05841504 
[1] "Now starting analysis"
[1] "Starting with initial values"
       mu  sigma.sq 
0.9165941 0.2640093 
       step   negloglik          mu    sigma.sq 
  1.0000000 139.9498519   1.0082535   0.2640093 
       step   negloglik          mu    sigma.sq 
  2.0000000 139.9498519   1.0082535   0.2640093 
       step   negloglik          mu    sigma.sq 
  3.0000000 139.9498519   1.0082535   0.2640093 
