000 (066.405.000) 07/26 17:14:46 Job submitted from host: <160.36.155.106:9618?addrs=160.36.155.106-9618&noUDP&sock=27742_4872_4>
...
001 (066.405.000) 07/29 15:08:08 Job executing on host: <160.36.154.249:9618?addrs=160.36.154.249-9618&noUDP&sock=66431_b80f_4>
...
006 (066.405.000) 07/29 15:08:17 Image size of job updated: 243336
	238  -  MemoryUsage of job (MB)
	243336  -  ResidentSetSize of job (KB)
...
006 (066.405.000) 07/29 15:13:18 Image size of job updated: 246456
	241  -  MemoryUsage of job (MB)
	246456  -  ResidentSetSize of job (KB)
...
006 (066.405.000) 07/29 23:04:03 Image size of job updated: 249392
	244  -  MemoryUsage of job (MB)
	249392  -  ResidentSetSize of job (KB)
...
006 (066.405.000) 07/30 18:05:54 Image size of job updated: 455844
	244  -  MemoryUsage of job (MB)
	249392  -  ResidentSetSize of job (KB)
...
005 (066.405.000) 07/30 18:05:54 Job terminated.
	(1) Normal termination (return value 0)
		Usr 1 02:53:54, Sys 0 00:00:20  -  Run Remote Usage
		Usr 0 00:00:00, Sys 0 00:00:00  -  Run Local Usage
		Usr 1 02:53:54, Sys 0 00:00:20  -  Total Remote Usage
		Usr 0 00:00:00, Sys 0 00:00:00  -  Total Local Usage
	31191  -  Run Bytes Sent By Job
	2422  -  Run Bytes Received By Job
	31191  -  Total Bytes Sent By Job
	2422  -  Total Bytes Received By Job
	Partitionable Resources :    Usage  Request Allocated 
	   Cpus                 :     0.99        1         1 
	   Disk (KB)            :    48           4    202517 
	   Memory (MB)          :   244           1       128 
...
