000 (066.783.000) 07/26 17:14:46 Job submitted from host: <160.36.155.106:9618?addrs=160.36.155.106-9618&noUDP&sock=27742_4872_4>
...
012 (066.783.000) 08/03 14:16:40 Job was held.
	via condor_hold (by user bomeara)
	Code 1 Subcode 0
...
013 (066.783.000) 08/05 22:27:26 Job was released.
	via condor_release (by user bomeara)
...
012 (066.783.000) 08/09 10:35:23 Job was held.
	via condor_hold (by user bomeara)
	Code 1 Subcode 0
...
013 (066.783.000) 08/09 13:04:45 Job was released.
	via condor_release (by user bomeara)
...
001 (066.783.000) 08/11 05:35:21 Job executing on host: <10.128.121.58:9618?addrs=10.128.121.58-9618&noUDP&sock=2361_0731_4>
...
006 (066.783.000) 08/11 05:35:29 Image size of job updated: 243136
	238  -  MemoryUsage of job (MB)
	243136  -  ResidentSetSize of job (KB)
...
006 (066.783.000) 08/11 05:55:30 Image size of job updated: 243280
	238  -  MemoryUsage of job (MB)
	243280  -  ResidentSetSize of job (KB)
...
006 (066.783.000) 08/11 06:30:34 Image size of job updated: 243296
	238  -  MemoryUsage of job (MB)
	243296  -  ResidentSetSize of job (KB)
...
022 (066.783.000) 08/14 14:07:46 Job disconnected, attempting to reconnect
    Local schedd and job shadow died, schedd now running again
    Trying to reconnect to slot1_6@omearaclustere <10.128.121.58:9618?addrs=10.128.121.58-9618&noUDP&sock=2361_0731_4>
...
023 (066.783.000) 08/14 14:07:49 Job reconnected to slot1_6@omearaclustere
    startd address: <10.128.121.58:9618?addrs=10.128.121.58-9618&noUDP&sock=2361_0731_4>
    starter address: <10.128.121.58:9618?addrs=10.128.121.58-9618&noUDP&sock=2696_5367_9>
...
005 (066.783.000) 08/28 11:42:37 Job terminated.
	(1) Normal termination (return value 0)
		Usr 17 05:31:50, Sys 0 00:02:39  -  Run Remote Usage
		Usr 0 00:00:00, Sys 0 00:00:00  -  Run Local Usage
		Usr 17 05:31:50, Sys 0 00:02:39  -  Total Remote Usage
		Usr 0 00:00:00, Sys 0 00:00:00  -  Total Local Usage
	31745  -  Run Bytes Sent By Job
	0  -  Run Bytes Received By Job
	31745  -  Total Bytes Sent By Job
	2422  -  Total Bytes Received By Job
	Partitionable Resources :    Usage  Request Allocated 
	   Cpus                 :     1.00        1         1 
	   Disk (KB)            :    49          49    888433 
	   Memory (MB)          :   245         245       128 
...
