000 (066.021.000) 07/26 17:14:45 Job submitted from host: <160.36.155.106:9618?addrs=160.36.155.106-9618&noUDP&sock=27742_4872_4>
...
001 (066.021.000) 07/26 17:14:48 Job executing on host: <10.128.106.188:9618?addrs=10.128.106.188-9618&noUDP&sock=2127_8608_4>
...
006 (066.021.000) 07/26 17:14:57 Image size of job updated: 243576
	238  -  MemoryUsage of job (MB)
	243576  -  ResidentSetSize of job (KB)
...
006 (066.021.000) 07/26 17:19:58 Image size of job updated: 243616
	238  -  MemoryUsage of job (MB)
	243616  -  ResidentSetSize of job (KB)
...
006 (066.021.000) 07/27 09:31:40 Image size of job updated: 248728
	243  -  MemoryUsage of job (MB)
	248728  -  ResidentSetSize of job (KB)
...
005 (066.021.000) 07/28 23:06:12 Job terminated.
	(1) Normal termination (return value 0)
		Usr 2 05:44:07, Sys 0 00:00:36  -  Run Remote Usage
		Usr 0 00:00:00, Sys 0 00:00:00  -  Run Local Usage
		Usr 2 05:44:07, Sys 0 00:00:36  -  Total Remote Usage
		Usr 0 00:00:00, Sys 0 00:00:00  -  Total Local Usage
	32002  -  Run Bytes Sent By Job
	2422  -  Run Bytes Received By Job
	32002  -  Total Bytes Sent By Job
	2422  -  Total Bytes Received By Job
	Partitionable Resources :    Usage  Request Allocated 
	   Cpus                 :     1.00        1         1 
	   Disk (KB)            :    49           4    892170 
	   Memory (MB)          :   243           1       128 
...
