[1] "args"
[1] "66"   "1495"
[1] "Now starting analysis"
[1] "Starting with initial values"
       mu  sigma.sq        SE        bt        vh 
1.4804280 0.3633103 0.1816551 1.0000000 0.1816551 
        step    negloglik           mu     sigma.sq           SE           bt 
 1.000000000 54.295968279  1.520926992  0.008064222  0.090269751  1.097874079 
          vh 
 0.374580771 
[1] "New improvement found, resetting step counter"
        step    negloglik           mu     sigma.sq           SE           bt 
 2.000000000 53.710984604  1.469281253  0.008155272  0.091923138  0.976147667 
          vh 
 0.002675698 
        step    negloglik           mu     sigma.sq           SE           bt 
 3.000000000 53.710984604  1.469281253  0.008155272  0.091923138  0.976147667 
          vh 
 0.002675698 
        step    negloglik           mu     sigma.sq           SE           bt 
 4.000000000 53.710984604  1.469281253  0.008155272  0.091923138  0.976147667 
          vh 
 0.002675698 
[1] "Now starting analysis"
[1] "Starting with initial values"
       mu  sigma.sq        bt        vh 
1.4804280 0.3633103 1.0000000 0.1816551 
       step   negloglik          mu    sigma.sq          bt          vh 
  1.0000000 141.3443966   1.4804280   0.3633103   1.0000000   0.1816551 
       step   negloglik          mu    sigma.sq          bt          vh 
  2.0000000 141.3443966   1.4804280   0.3633103   1.0000000   0.1816551 
       step   negloglik          mu    sigma.sq          bt          vh 
  3.0000000 141.3443966   1.4804280   0.3633103   1.0000000   0.1816551 
[1] "Now starting analysis"
[1] "Starting with initial values"
       mu  sigma.sq        SE        vh 
1.4804280 0.3633103 0.1816551 0.1816551 
        step    negloglik           mu     sigma.sq           SE           vh 
 1.000000000 54.261721460  1.556870228  0.008457257  0.093213870  0.358299576 
[1] "New improvement found, resetting step counter"
        step    negloglik           mu     sigma.sq           SE           vh 
 2.000000000 53.750150233  1.502852209  0.008291831  0.089238131  0.004088442 
[1] "New improvement found, but slight; taking the best value, but not resetting the step counter"
        step    negloglik           mu     sigma.sq           SE           vh 
 3.000000000 53.743193955  1.488500556  0.008552457  0.092121822  0.007650452 
        step    negloglik           mu     sigma.sq           SE           vh 
 4.000000000 53.743193955  1.488500556  0.008552457  0.092121822  0.007650452 
[1] "Now starting analysis"
[1] "Starting with initial values"
       mu  sigma.sq        vh 
1.4804280 0.3633103 0.1816551 
       step   negloglik          mu    sigma.sq          vh 
  1.0000000 141.3443966   1.4804280   0.3633103   0.1816551 
       step   negloglik          mu    sigma.sq          vh 
  2.0000000 141.3443966   1.4804280   0.3633103   0.1816551 
       step   negloglik          mu    sigma.sq          vh 
  3.0000000 141.3443966   1.4804280   0.3633103   0.1816551 
[1] "Now starting analysis"
[1] "Starting with initial values"
       mu  sigma.sq        SE        bt 
1.4804280 0.3633103 0.1816551 1.0000000 
        step    negloglik           mu     sigma.sq           SE           bt 
 1.000000000 53.998490925  1.657072476  0.008457257  0.093213870  1.076442186 
[1] "New improvement found, resetting step counter"
        step    negloglik           mu     sigma.sq           SE           bt 
 2.000000000 53.738598872  1.497427149  0.007628931  0.099563572  0.915947286 
[1] "New improvement found, but slight; taking the best value, but not resetting the step counter"
        step    negloglik           mu     sigma.sq           SE           bt 
 3.000000000 53.732149653  1.477106589  0.007973183  0.090134448  1.040127669 
[1] "New improvement found, resetting step counter"
        step    negloglik           mu     sigma.sq           SE           bt 
 4.000000000 53.716523916  1.490419948  0.008007839  0.096766505  1.001780789 
        step    negloglik           mu     sigma.sq           SE           bt 
 5.000000000 53.716523916  1.490419948  0.008007839  0.096766505  1.001780789 
        step    negloglik           mu     sigma.sq           SE           bt 
 6.000000000 53.716523916  1.490419948  0.008007839  0.096766505  1.001780789 
[1] "Now starting analysis"
[1] "Starting with initial values"
       mu  sigma.sq        bt 
1.4804280 0.3633103 1.0000000 
       step   negloglik          mu    sigma.sq          bt 
  1.0000000 141.3319849   1.4804280   0.3633103   1.0000000 
       step   negloglik          mu    sigma.sq          bt 
  2.0000000 141.3319849   1.4804280   0.3633103   1.0000000 
       step   negloglik          mu    sigma.sq          bt 
  3.0000000 141.3319849   1.4804280   0.3633103   1.0000000 
[1] "Now starting analysis"
[1] "Starting with initial values"
       mu  sigma.sq        SE 
1.4804280 0.3633103 0.1816551 
       step   negloglik          mu    sigma.sq          SE 
 1.00000000 53.83509677  1.60742204  0.00832701  0.08963345 
[1] "New improvement found, resetting step counter"
       step   negloglik          mu    sigma.sq          SE 
 2.00000000 53.72139158  1.40969220  0.00824374  0.09225100 
       step   negloglik          mu    sigma.sq          SE 
 3.00000000 53.72139158  1.40969220  0.00824374  0.09225100 
       step   negloglik          mu    sigma.sq          SE 
 4.00000000 53.72139158  1.40969220  0.00824374  0.09225100 
[1] "Now starting analysis"
[1] "Starting with initial values"
       mu  sigma.sq 
1.4804280 0.3633103 
       step   negloglik          mu    sigma.sq 
  1.0000000 141.3319849   1.4804280   0.3633103 
       step   negloglik          mu    sigma.sq 
  2.0000000 141.3319849   1.4804280   0.3633103 
       step   negloglik          mu    sigma.sq 
  3.0000000 141.3319849   1.4804280   0.3633103 
