[1] "args"
[1] "66"   "1392"
[1] "Now starting analysis"
[1] "Starting with initial values"
         mu    sigma.sq          SE          bt          vh 
0.969513029 0.009009606 0.004504803 1.000000000 0.004504803 
         step     negloglik            mu      sigma.sq            SE 
 1.000000e+00 -3.534579e+00  8.631810e-01  8.925133e-03  7.575624e-05 
           bt            vh 
 1.371308e+00  1.516197e-02 
[1] "New improvement found, resetting step counter"
         step     negloglik            mu      sigma.sq            SE 
 2.000000e+00 -3.581553e+00  7.575491e-01  8.913542e-03  3.448223e-05 
           bt            vh 
 1.510017e+00  1.063357e-05 
         step     negloglik            mu      sigma.sq            SE 
 3.000000e+00 -3.581553e+00  7.575491e-01  8.913542e-03  3.448223e-05 
           bt            vh 
 1.510017e+00  1.063357e-05 
         step     negloglik            mu      sigma.sq            SE 
 4.000000e+00 -3.581553e+00  7.575491e-01  8.913542e-03  3.448223e-05 
           bt            vh 
 1.510017e+00  1.063357e-05 
[1] "Now starting analysis"
[1] "Starting with initial values"
         mu    sigma.sq          bt          vh 
0.969513029 0.009009606 1.000000000 0.004504803 
         step     negloglik            mu      sigma.sq            bt 
 1.0000000000 -3.5786027736  0.7803579322  0.0089625192  1.4460597383 
           vh 
 0.0001575315 
[1] "New improvement found, but slight; taking the best value, but not resetting the step counter"
         step     negloglik            mu      sigma.sq            bt 
 2.000000e+00 -3.579216e+00  7.814406e-01  8.980091e-03  1.462233e+00 
           vh 
 1.158978e-05 
         step     negloglik            mu      sigma.sq            bt 
 3.000000e+00 -3.579216e+00  7.814406e-01  8.980091e-03  1.462233e+00 
           vh 
 1.158978e-05 
[1] "Now starting analysis"
[1] "Starting with initial values"
         mu    sigma.sq          SE          vh 
0.969513029 0.009009606 0.004504803 0.004504803 
         step     negloglik            mu      sigma.sq            SE 
 1.000000e+00 -3.328322e+00  1.084563e+00  8.811989e-03  6.139903e-05 
           vh 
 1.088533e-04 
[1] "New improvement found, resetting step counter"
         step     negloglik            mu      sigma.sq            SE 
 2.000000e+00 -3.346660e+00  1.003221e+00  8.809379e-03  5.291686e-05 
           vh 
 1.061011e-03 
[1] "New improvement found, but slight; taking the best value, but not resetting the step counter"
         step     negloglik            mu      sigma.sq            SE 
 3.000000e+00 -3.350776e+00  9.902556e-01  9.099843e-03  6.326316e-05 
           vh 
 9.811585e-05 
         step     negloglik            mu      sigma.sq            SE 
 4.000000e+00 -3.350776e+00  9.902556e-01  9.099843e-03  6.326316e-05 
           vh 
 9.811585e-05 
[1] "Now starting analysis"
[1] "Starting with initial values"
         mu    sigma.sq          vh 
0.969513029 0.009009606 0.004504803 
        step    negloglik           mu     sigma.sq           vh 
 1.000000000 -3.343510563  1.020009634  0.008928624  0.000543879 
        step    negloglik           mu     sigma.sq           vh 
 2.000000000 -3.343510563  1.020009634  0.008928624  0.000543879 
        step    negloglik           mu     sigma.sq           vh 
 3.000000000 -3.343510563  1.020009634  0.008928624  0.000543879 
[1] "Now starting analysis"
[1] "Starting with initial values"
         mu    sigma.sq          SE          bt 
0.969513029 0.009009606 0.004504803 1.000000000 
         step     negloglik            mu      sigma.sq            SE 
 1.0000000000 -3.5874723039  0.7940799619  0.0088911382  0.0001005032 
           bt 
 1.4252070645 
[1] "New improvement found, but slight; taking the best value, but not resetting the step counter"
         step     negloglik            mu      sigma.sq            SE 
 2.000000e+00 -3.588249e+00  7.923548e-01  8.885939e-03  8.606441e-05 
           bt 
 1.457169e+00 
         step     negloglik            mu      sigma.sq            SE 
 3.000000e+00 -3.588249e+00  7.923548e-01  8.885939e-03  8.606441e-05 
           bt 
 1.457169e+00 
[1] "Now starting analysis"
[1] "Starting with initial values"
         mu    sigma.sq          bt 
0.969513029 0.009009606 1.000000000 
        step    negloglik           mu     sigma.sq           bt 
 1.000000000 -3.579801753  0.799176216  0.008908936  1.434498577 
        step    negloglik           mu     sigma.sq           bt 
 2.000000000 -3.579801753  0.799176216  0.008908936  1.434498577 
        step    negloglik           mu     sigma.sq           bt 
 3.000000000 -3.579801753  0.799176216  0.008908936  1.434498577 
[1] "Now starting analysis"
[1] "Starting with initial values"
         mu    sigma.sq          SE 
0.969513029 0.009009606 0.004504803 
         step     negloglik            mu      sigma.sq            SE 
 1.000000e+00 -3.352817e+00  9.980523e-01  9.018709e-03  7.312965e-05 
         step     negloglik            mu      sigma.sq            SE 
 2.000000e+00 -3.352817e+00  9.980523e-01  9.018709e-03  7.312965e-05 
         step     negloglik            mu      sigma.sq            SE 
 3.000000e+00 -3.352817e+00  9.980523e-01  9.018709e-03  7.312965e-05 
[1] "Now starting analysis"
[1] "Starting with initial values"
         mu    sigma.sq 
0.969513029 0.009009606 
        step    negloglik           mu     sigma.sq 
 1.000000000 -3.346144654  0.994469824  0.009086533 
        step    negloglik           mu     sigma.sq 
 2.000000000 -3.346144654  0.994469824  0.009086533 
        step    negloglik           mu     sigma.sq 
 3.000000000 -3.346144654  0.994469824  0.009086533 
