[1] "args"
[1] "66"  "729"
[1] "Now starting analysis"
[1] "Starting with initial values"
         mu    sigma.sq          SE          bt          vh 
1.611158141 0.010497881 0.005248941 1.000000000 0.005248941 
         step     negloglik            mu      sigma.sq            SE 
 1.000000e+00 -4.515045e+01  2.066578e-01  8.509426e-03  2.271926e-04 
           bt            vh 
 2.016325e+00  1.265450e+00 
[1] "New improvement found, resetting step counter"
         step     negloglik            mu      sigma.sq            SE 
 2.000000e+00 -4.868915e+01  1.179863e-01  8.520881e-03  2.621069e-04 
           bt            vh 
 3.121062e+00  5.490228e-04 
         step     negloglik            mu      sigma.sq            SE 
 3.000000e+00 -4.868915e+01  1.179863e-01  8.520881e-03  2.621069e-04 
           bt            vh 
 3.121062e+00  5.490228e-04 
         step     negloglik            mu      sigma.sq            SE 
 4.000000e+00 -4.868915e+01  1.179863e-01  8.520881e-03  2.621069e-04 
           bt            vh 
 3.121062e+00  5.490228e-04 
[1] "Now starting analysis"
[1] "Starting with initial values"
         mu    sigma.sq          bt          vh 
1.611158141 0.010497881 1.000000000 0.005248941 
         step     negloglik            mu      sigma.sq            bt 
  1.000000000 -48.615061773   0.227327161   0.009008360   2.840498048 
           vh 
  0.001990507 
[1] "New improvement found, resetting step counter"
         step     negloglik            mu      sigma.sq            bt 
 2.000000e+00 -4.863530e+01  1.548328e-01  8.906661e-03  2.902257e+00 
           vh 
 4.103664e-04 
         step     negloglik            mu      sigma.sq            bt 
 3.000000e+00 -4.863530e+01  1.548328e-01  8.906661e-03  2.902257e+00 
           vh 
 4.103664e-04 
         step     negloglik            mu      sigma.sq            bt 
 4.000000e+00 -4.863530e+01  1.548328e-01  8.906661e-03  2.902257e+00 
           vh 
 4.103664e-04 
[1] "Now starting analysis"
[1] "Starting with initial values"
         mu    sigma.sq          SE          vh 
1.611158141 0.010497881 0.005248941 0.005248941 
         step     negloglik            mu      sigma.sq            SE 
 1.000000e+00 -4.288725e+01  5.274566e-01  8.554886e-03  2.522969e-04 
           vh 
 2.587135e+00 
[1] "New improvement found, resetting step counter"
         step     negloglik            mu      sigma.sq            SE 
 2.000000e+00 -4.299761e+01  2.394494e-01  8.543788e-03  2.224581e-04 
           vh 
 2.504784e+00 
         step     negloglik            mu      sigma.sq            SE 
 3.000000e+00 -4.299761e+01  2.394494e-01  8.543788e-03  2.224581e-04 
           vh 
 2.504784e+00 
         step     negloglik            mu      sigma.sq            SE 
 4.000000e+00 -4.299761e+01  2.394494e-01  8.543788e-03  2.224581e-04 
           vh 
 2.504784e+00 
[1] "Now starting analysis"
[1] "Starting with initial values"
         mu    sigma.sq          vh 
1.611158141 0.010497881 0.005248941 
         step     negloglik            mu      sigma.sq            vh 
  1.000000000 -42.936120380   0.238053504   0.009104764   2.028077468 
[1] "New improvement found, but slight; taking the best value, but not resetting the step counter"
         step     negloglik            mu      sigma.sq            vh 
  2.000000000 -42.937030747   0.238053504   0.009104764   2.230885215 
[1] "New improvement found, but slight; taking the best value, but not resetting the step counter"
         step     negloglik            mu      sigma.sq            vh 
  3.000000000 -42.938351356   0.383832732   0.009257168   2.050507496 
[1] "Now starting analysis"
[1] "Starting with initial values"
         mu    sigma.sq          SE          bt 
1.611158141 0.010497881 0.005248941 1.000000000 
         step     negloglik            mu      sigma.sq            SE 
 1.000000e+00 -4.873601e+01  1.647728e-01  8.226829e-03  2.698733e-04 
           bt 
 2.911546e+00 
         step     negloglik            mu      sigma.sq            SE 
 2.000000e+00 -4.873601e+01  1.647728e-01  8.226829e-03  2.698733e-04 
           bt 
 2.911546e+00 
         step     negloglik            mu      sigma.sq            SE 
 3.000000e+00 -4.873601e+01  1.647728e-01  8.226829e-03  2.698733e-04 
           bt 
 2.911546e+00 
[1] "Now starting analysis"
[1] "Starting with initial values"
        mu   sigma.sq         bt 
1.61115814 0.01049788 1.00000000 
         step     negloglik            mu      sigma.sq            bt 
  1.000000000 -48.647720553   0.164736731   0.008933059   2.946476723 
         step     negloglik            mu      sigma.sq            bt 
  2.000000000 -48.647720553   0.164736731   0.008933059   2.946476723 
         step     negloglik            mu      sigma.sq            bt 
  3.000000000 -48.647720553   0.164736731   0.008933059   2.946476723 
[1] "Now starting analysis"
[1] "Starting with initial values"
         mu    sigma.sq          SE 
1.611158141 0.010497881 0.005248941 
         step     negloglik            mu      sigma.sq            SE 
 1.000000e+00 -3.399396e+01  1.738243e+00  1.221918e-02  1.338102e-06 
[1] "New improvement found, resetting step counter"
         step     negloglik            mu      sigma.sq            SE 
 2.000000e+00 -3.403409e+01  1.912067e+00  1.221918e-02  1.338102e-06 
         step     negloglik            mu      sigma.sq            SE 
 3.000000e+00 -3.403409e+01  1.912067e+00  1.221918e-02  1.338102e-06 
         step     negloglik            mu      sigma.sq            SE 
 4.000000e+00 -3.403409e+01  1.912067e+00  1.221918e-02  1.338102e-06 
[1] "Now starting analysis"
[1] "Starting with initial values"
        mu   sigma.sq 
1.61115814 0.01049788 
        step    negloglik           mu     sigma.sq 
  1.00000000 -34.04310299   1.83198436   0.01191394 
        step    negloglik           mu     sigma.sq 
  2.00000000 -34.04310299   1.83198436   0.01191394 
[1] "New improvement found, but slight; taking the best value, but not resetting the step counter"
        step    negloglik           mu     sigma.sq 
  3.00000000 -34.04698554   1.87153855   0.01196534 
