000 (066.1262.000) 07/26 17:14:46 Job submitted from host: <160.36.155.106:9618?addrs=160.36.155.106-9618&noUDP&sock=27742_4872_4>
...
012 (066.1262.000) 08/03 14:17:04 Job was held.
	via condor_hold (by user bomeara)
	Code 1 Subcode 0
...
013 (066.1262.000) 08/05 22:27:51 Job was released.
	via condor_release (by user bomeara)
...
012 (066.1262.000) 08/09 10:35:55 Job was held.
	via condor_hold (by user bomeara)
	Code 1 Subcode 0
...
013 (066.1262.000) 08/09 13:05:09 Job was released.
	via condor_release (by user bomeara)
...
001 (066.1262.000) 08/31 12:57:47 Job executing on host: <10.130.122.65:9618?addrs=10.130.122.65-9618&noUDP&sock=2440_372c_4>
...
006 (066.1262.000) 08/31 12:57:56 Image size of job updated: 220588
	216  -  MemoryUsage of job (MB)
	220588  -  ResidentSetSize of job (KB)
...
006 (066.1262.000) 08/31 13:02:57 Image size of job updated: 228140
	223  -  MemoryUsage of job (MB)
	228140  -  ResidentSetSize of job (KB)
...
006 (066.1262.000) 08/31 15:13:10 Image size of job updated: 230520
	226  -  MemoryUsage of job (MB)
	230520  -  ResidentSetSize of job (KB)
...
005 (066.1262.000) 08/31 19:42:05 Job terminated.
	(1) Normal termination (return value 0)
		Usr 0 06:43:48, Sys 0 00:00:02  -  Run Remote Usage
		Usr 0 00:00:00, Sys 0 00:00:00  -  Run Local Usage
		Usr 0 06:43:48, Sys 0 00:00:02  -  Total Remote Usage
		Usr 0 00:00:00, Sys 0 00:00:00  -  Total Local Usage
	27936  -  Run Bytes Sent By Job
	2422  -  Run Bytes Received By Job
	27936  -  Total Bytes Sent By Job
	2422  -  Total Bytes Received By Job
	Partitionable Resources :    Usage  Request Allocated 
	   Cpus                 :     1.00        1         1 
	   Disk (KB)            :    45           4    891653 
	   Memory (MB)          :   226           1       128 
...
