[1] "args"
[1] "66"   "1736"
[1] "Now starting analysis"
[1] "Starting with initial values"
         mu    sigma.sq          SE          bt          vh 
3.123748164 0.005385747 0.002692874 1.000000000 0.002692874 
         step     negloglik            mu      sigma.sq            SE 
  1.000000000 -24.341179102   2.638039545   0.002309173   0.002270186 
           bt            vh 
  1.174813505   0.008083521 
[1] "New improvement found, resetting step counter"
         step     negloglik            mu      sigma.sq            SE 
 2.000000e+00 -2.501704e+01  2.141312e+00  2.389021e-03  2.501997e-03 
           bt            vh 
 1.466465e+00  2.460313e-04 
         step     negloglik            mu      sigma.sq            SE 
 3.000000e+00 -2.501704e+01  2.141312e+00  2.389021e-03  2.501997e-03 
           bt            vh 
 1.466465e+00  2.460313e-04 
         step     negloglik            mu      sigma.sq            SE 
 4.000000e+00 -2.501704e+01  2.141312e+00  2.389021e-03  2.501997e-03 
           bt            vh 
 1.466465e+00  2.460313e-04 
[1] "Now starting analysis"
[1] "Starting with initial values"
         mu    sigma.sq          bt          vh 
3.123748164 0.005385747 1.000000000 0.002692874 
         step     negloglik            mu      sigma.sq            bt 
 1.000000e+00 -2.302560e+01  2.956215e+00  5.348071e-03  1.038579e+00 
           vh 
 2.767993e-04 
[1] "New improvement found, but slight; taking the best value, but not resetting the step counter"
         step     negloglik            mu      sigma.sq            bt 
  2.000000000 -23.027890843   2.936182947   0.005511967   1.099588639 
           vh 
  0.016119633 
[1] "New improvement found, resetting step counter"
         step     negloglik            mu      sigma.sq            bt 
  3.000000000 -23.233669417   2.779470227   0.005621162   1.158020866 
           vh 
  0.001457237 
[1] "New improvement found, resetting step counter"
         step     negloglik            mu      sigma.sq            bt 
 4.000000e+00 -2.345776e+01  2.131826e+00  5.099902e-03  1.504412e+00 
           vh 
 9.254638e-05 
         step     negloglik            mu      sigma.sq            bt 
 5.000000e+00 -2.345776e+01  2.131826e+00  5.099902e-03  1.504412e+00 
           vh 
 9.254638e-05 
         step     negloglik            mu      sigma.sq            bt 
 6.000000e+00 -2.345776e+01  2.131826e+00  5.099902e-03  1.504412e+00 
           vh 
 9.254638e-05 
[1] "Now starting analysis"
[1] "Starting with initial values"
         mu    sigma.sq          SE          vh 
3.123748164 0.005385747 0.002692874 0.002692874 
         step     negloglik            mu      sigma.sq            SE 
 1.000000e+00 -2.330218e+01  3.149944e+00  4.666920e-03  8.699714e-04 
           vh 
 6.474036e-05 
         step     negloglik            mu      sigma.sq            SE 
 2.000000e+00 -2.330218e+01  3.149944e+00  4.666920e-03  8.699714e-04 
           vh 
 6.474036e-05 
         step     negloglik            mu      sigma.sq            SE 
 3.000000e+00 -2.330218e+01  3.149944e+00  4.666920e-03  8.699714e-04 
           vh 
 6.474036e-05 
[1] "Now starting analysis"
[1] "Starting with initial values"
         mu    sigma.sq          vh 
3.123748164 0.005385747 0.002692874 
         step     negloglik            mu      sigma.sq            vh 
  1.000000000 -22.956149266   3.134145375   0.005379152   0.001032127 
         step     negloglik            mu      sigma.sq            vh 
  2.000000000 -22.956149266   3.134145375   0.005379152   0.001032127 
[1] "New improvement found, but slight; taking the best value, but not resetting the step counter"
         step     negloglik            mu      sigma.sq            vh 
 3.000000e+00 -2.296126e+01  3.115873e+00  5.385522e-03  2.953276e-04 
[1] "Now starting analysis"
[1] "Starting with initial values"
         mu    sigma.sq          SE          bt 
3.123748164 0.005385747 0.002692874 1.000000000 
         step     negloglik            mu      sigma.sq            SE 
  1.000000000 -24.116219167   1.841533457   0.004252492   0.001197469 
           bt 
  1.651457975 
[1] "New improvement found, resetting step counter"
         step     negloglik            mu      sigma.sq            SE 
  2.000000000 -24.132662969   1.934870701   0.004196474   0.001046043 
           bt 
  1.589797987 
[1] "New improvement found, resetting step counter"
         step     negloglik            mu      sigma.sq            SE 
  3.000000000 -24.180633154   1.868605068   0.004157968   0.001394644 
           bt 
  1.634145936 
         step     negloglik            mu      sigma.sq            SE 
  4.000000000 -24.180633154   1.868605068   0.004157968   0.001394644 
           bt 
  1.634145936 
[1] "New improvement found, resetting step counter"
         step     negloglik            mu      sigma.sq            SE 
  5.000000000 -24.209399990   1.849051235   0.003996832   0.001105541 
           bt 
  1.617699368 
[1] "New improvement found, but slight; taking the best value, but not resetting the step counter"
         step     negloglik            mu      sigma.sq            SE 
  6.000000000 -24.215915289   1.850168557   0.004075526   0.001333456 
           bt 
  1.613018796 
[1] "New improvement found, resetting step counter"
         step     negloglik            mu      sigma.sq            SE 
  7.000000000 -25.068349296   2.104947304   0.001836559   0.002751897 
           bt 
  1.486815213 
         step     negloglik            mu      sigma.sq            SE 
  8.000000000 -25.068349296   2.104947304   0.001836559   0.002751897 
           bt 
  1.486815213 
         step     negloglik            mu      sigma.sq            SE 
  9.000000000 -25.068349296   2.104947304   0.001836559   0.002751897 
           bt 
  1.486815213 
[1] "Now starting analysis"
[1] "Starting with initial values"
         mu    sigma.sq          bt 
3.123748164 0.005385747 1.000000000 
        step    negloglik           mu     sigma.sq           bt 
  1.00000000 -23.47689356   2.04645648   0.00547517   1.52813096 
        step    negloglik           mu     sigma.sq           bt 
  2.00000000 -23.47689356   2.04645648   0.00547517   1.52813096 
        step    negloglik           mu     sigma.sq           bt 
  3.00000000 -23.47689356   2.04645648   0.00547517   1.52813096 
[1] "Now starting analysis"
[1] "Starting with initial values"
         mu    sigma.sq          SE 
3.123748164 0.005385747 0.002692874 
         step     negloglik            mu      sigma.sq            SE 
 1.000000e+00 -2.314144e+01  3.256361e+00  4.843386e-03  6.516315e-04 
[1] "New improvement found, resetting step counter"
         step     negloglik            mu      sigma.sq            SE 
 2.000000e+00 -2.321447e+01  3.147719e+00  4.886730e-03  8.010911e-04 
[1] "New improvement found, resetting step counter"
         step     negloglik            mu      sigma.sq            SE 
  3.000000000 -23.265860258   3.150450303   0.004752444   0.000824031 
         step     negloglik            mu      sigma.sq            SE 
  4.000000000 -23.265860258   3.150450303   0.004752444   0.000824031 
         step     negloglik            mu      sigma.sq            SE 
  5.000000000 -23.265860258   3.150450303   0.004752444   0.000824031 
[1] "Now starting analysis"
[1] "Starting with initial values"
         mu    sigma.sq 
3.123748164 0.005385747 
         step     negloglik            mu      sigma.sq 
  1.000000000 -22.964534485   3.123748164   0.005385747 
         step     negloglik            mu      sigma.sq 
  2.000000000 -22.964534485   3.123748164   0.005385747 
         step     negloglik            mu      sigma.sq 
  3.000000000 -22.964534485   3.123748164   0.005385747 
