000 (066.1591.000) 07/26 17:14:46 Job submitted from host: <160.36.155.106:9618?addrs=160.36.155.106-9618&noUDP&sock=27742_4872_4>
...
012 (066.1591.000) 08/03 14:17:21 Job was held.
	via condor_hold (by user bomeara)
	Code 1 Subcode 0
...
013 (066.1591.000) 08/05 22:28:08 Job was released.
	via condor_release (by user bomeara)
...
012 (066.1591.000) 08/09 10:36:16 Job was held.
	via condor_hold (by user bomeara)
	Code 1 Subcode 0
...
013 (066.1591.000) 08/09 13:05:26 Job was released.
	via condor_release (by user bomeara)
...
012 (066.1591.000) 09/23 13:38:09 Job was held.
	via condor_hold (by user bomeara)
	Code 1 Subcode 0
...
001 (066.1591.000) 09/24 14:49:56 Job executing on host: <10.129.167.211:9618?addrs=10.129.167.211-9618&noUDP&sock=2357_48d0_4>
...
013 (066.1591.000) 09/24 14:50:01 Job was released.
	via condor_release (by user bomeara)
...
006 (066.1591.000) 09/24 14:50:05 Image size of job updated: 233636
	229  -  MemoryUsage of job (MB)
	233636  -  ResidentSetSize of job (KB)
...
006 (066.1591.000) 09/24 14:55:06 Image size of job updated: 235640
	231  -  MemoryUsage of job (MB)
	235632  -  ResidentSetSize of job (KB)
...
006 (066.1591.000) 09/24 15:00:07 Image size of job updated: 235676
	231  -  MemoryUsage of job (MB)
	235632  -  ResidentSetSize of job (KB)
...
006 (066.1591.000) 09/24 19:20:31 Image size of job updated: 245600
	240  -  MemoryUsage of job (MB)
	245556  -  ResidentSetSize of job (KB)
...
006 (066.1591.000) 09/24 21:10:43 Image size of job updated: 248920
	244  -  MemoryUsage of job (MB)
	248876  -  ResidentSetSize of job (KB)
...
006 (066.1591.000) 09/25 04:06:27 Image size of job updated: 248992
	244  -  MemoryUsage of job (MB)
	248948  -  ResidentSetSize of job (KB)
...
005 (066.1591.000) 09/25 08:54:28 Job terminated.
	(1) Normal termination (return value 0)
		Usr 0 18:02:48, Sys 0 00:00:09  -  Run Remote Usage
		Usr 0 00:00:00, Sys 0 00:00:00  -  Run Local Usage
		Usr 0 18:02:48, Sys 0 00:00:09  -  Total Remote Usage
		Usr 0 00:00:00, Sys 0 00:00:00  -  Total Local Usage
	31674  -  Run Bytes Sent By Job
	2422  -  Run Bytes Received By Job
	31674  -  Total Bytes Sent By Job
	2422  -  Total Bytes Received By Job
	Partitionable Resources :    Usage  Request Allocated 
	   Cpus                 :     1.00        1         1 
	   Disk (KB)            :    49           4    891850 
	   Memory (MB)          :   244           1       128 
...
