[1] "args"
[1] "66"  "122"
[1] "Now starting analysis"
[1] "Starting with initial values"
        mu   sigma.sq         SE         bt         vh 
1.23177617 0.07446747 0.03723374 1.00000000 0.03723374 
        step    negloglik           mu     sigma.sq           SE           bt 
 1.000000000 12.158421431  1.165604206  0.015086300  0.041839432  1.180723938 
          vh 
 0.001263563 
[1] "New improvement found, resetting step counter"
        step    negloglik           mu     sigma.sq           SE           bt 
2.000000e+00 1.201767e+01 9.783980e-01 1.485147e-02 4.079172e-02 1.142396e+00 
          vh 
9.698312e-05 
[1] "New improvement found, resetting step counter"
        step    negloglik           mu     sigma.sq           SE           bt 
3.000000e+00 1.199712e+01 9.298785e-01 1.346114e-02 3.963957e-02 1.182607e+00 
          vh 
5.242704e-05 
        step    negloglik           mu     sigma.sq           SE           bt 
4.000000e+00 1.199712e+01 9.298785e-01 1.346114e-02 3.963957e-02 1.182607e+00 
          vh 
5.242704e-05 
        step    negloglik           mu     sigma.sq           SE           bt 
5.000000e+00 1.199712e+01 9.298785e-01 1.346114e-02 3.963957e-02 1.182607e+00 
          vh 
5.242704e-05 
[1] "Now starting analysis"
[1] "Starting with initial values"
        mu   sigma.sq         bt         vh 
1.23177617 0.07446747 1.00000000 0.03723374 
        step    negloglik           mu     sigma.sq           bt           vh 
 1.000000000 20.013041578  1.243460033  0.075004817  1.110322193  0.001644792 
        step    negloglik           mu     sigma.sq           bt           vh 
 2.000000000 20.013041578  1.243460033  0.075004817  1.110322193  0.001644792 
        step    negloglik           mu     sigma.sq           bt           vh 
 3.000000000 20.013041578  1.243460033  0.075004817  1.110322193  0.001644792 
[1] "Now starting analysis"
[1] "Starting with initial values"
        mu   sigma.sq         SE         vh 
1.23177617 0.07446747 0.03723374 0.03723374 
       step   negloglik          mu    sigma.sq          SE          vh 
 1.00000000 12.61898276  1.26160955  0.01421607  0.04024608  0.12616321 
[1] "New improvement found, resetting step counter"
        step    negloglik           mu     sigma.sq           SE           vh 
2.000000e+00 1.210552e+01 1.234569e+00 1.433124e-02 3.838794e-02 4.519446e-04 
        step    negloglik           mu     sigma.sq           SE           vh 
3.000000e+00 1.210552e+01 1.234569e+00 1.433124e-02 3.838794e-02 4.519446e-04 
        step    negloglik           mu     sigma.sq           SE           vh 
4.000000e+00 1.210552e+01 1.234569e+00 1.433124e-02 3.838794e-02 4.519446e-04 
[1] "Now starting analysis"
[1] "Starting with initial values"
        mu   sigma.sq         vh 
1.23177617 0.07446747 0.03723374 
        step    negloglik           mu     sigma.sq           vh 
1.000000e+00 2.002188e+01 1.273370e+00 7.413086e-02 4.031060e-06 
        step    negloglik           mu     sigma.sq           vh 
2.000000e+00 2.002188e+01 1.273370e+00 7.413086e-02 4.031060e-06 
        step    negloglik           mu     sigma.sq           vh 
3.000000e+00 2.002188e+01 1.273370e+00 7.413086e-02 4.031060e-06 
[1] "Now starting analysis"
[1] "Starting with initial values"
        mu   sigma.sq         SE         bt 
1.23177617 0.07446747 0.03723374 1.00000000 
       step   negloglik          mu    sigma.sq          SE          bt 
 1.00000000 12.09517517  1.29324010  0.01405036  0.03884511  1.03857025 
[1] "New improvement found, resetting step counter"
       step   negloglik          mu    sigma.sq          SE          bt 
 2.00000000 11.98956247  0.90945032  0.01395226  0.03959272  1.16777434 
       step   negloglik          mu    sigma.sq          SE          bt 
 3.00000000 11.98956247  0.90945032  0.01395226  0.03959272  1.16777434 
       step   negloglik          mu    sigma.sq          SE          bt 
 4.00000000 11.98956247  0.90945032  0.01395226  0.03959272  1.16777434 
[1] "Now starting analysis"
[1] "Starting with initial values"
        mu   sigma.sq         bt 
1.23177617 0.07446747 1.00000000 
       step   negloglik          mu    sigma.sq          bt 
 1.00000000 20.01072876  1.23177617  0.07446747  1.12317762 
[1] "New improvement found, but slight; taking the best value, but not resetting the step counter"
       step   negloglik          mu    sigma.sq          bt 
 2.00000000 20.00634984  1.21787591  0.07510902  1.06821816 
       step   negloglik          mu    sigma.sq          bt 
 3.00000000 20.00634984  1.21787591  0.07510902  1.06821816 
[1] "Now starting analysis"
[1] "Starting with initial values"
        mu   sigma.sq         SE 
1.23177617 0.07446747 0.03723374 
       step   negloglik          mu    sigma.sq          SE 
 1.00000000 12.10174397  1.19003922  0.01411238  0.04100597 
[1] "New improvement found, but slight; taking the best value, but not resetting the step counter"
       step   negloglik          mu    sigma.sq          SE 
 2.00000000 12.10124090  1.19147427  0.01417461  0.03807364 
       step   negloglik          mu    sigma.sq          SE 
 3.00000000 12.10124090  1.19147427  0.01417461  0.03807364 
[1] "Now starting analysis"
[1] "Starting with initial values"
        mu   sigma.sq 
1.23177617 0.07446747 
       step   negloglik          mu    sigma.sq 
 1.00000000 20.02059970  1.23177617  0.07446747 
       step   negloglik          mu    sigma.sq 
 2.00000000 20.02059970  1.23177617  0.07446747 
       step   negloglik          mu    sigma.sq 
 3.00000000 20.02059970  1.23177617  0.07446747 
