[1] "args"
[1] "66"   "1683"
[1] "Now starting analysis"
[1] "Starting with initial values"
         mu    sigma.sq          SE          bt          vh 
0.679758985 0.008425733 0.004212866 1.000000000 0.004212866 
         step     negloglik            mu      sigma.sq            SE 
 1.000000e+00 -3.172777e+01  8.960989e-01  8.462092e-03  5.504946e-07 
           bt            vh 
 9.006099e-01  4.365028e-03 
[1] "New improvement found, resetting step counter"
         step     negloglik            mu      sigma.sq            SE 
 2.000000e+00 -3.174726e+01  8.790800e-01  8.462085e-03  5.188083e-07 
           bt            vh 
 9.016557e-01  2.685414e-03 
         step     negloglik            mu      sigma.sq            SE 
 3.000000e+00 -3.174726e+01  8.790800e-01  8.462085e-03  5.188083e-07 
           bt            vh 
 9.016557e-01  2.685414e-03 
         step     negloglik            mu      sigma.sq            SE 
 4.000000e+00 -3.174726e+01  8.790800e-01  8.462085e-03  5.188083e-07 
           bt            vh 
 9.016557e-01  2.685414e-03 
[1] "Now starting analysis"
[1] "Starting with initial values"
         mu    sigma.sq          bt          vh 
0.679758985 0.008425733 1.000000000 0.004212866 
         step     negloglik            mu      sigma.sq            bt 
 1.000000e+00 -3.152309e+01  7.097150e-01  8.715318e-03  9.751899e-01 
           vh 
 4.766222e-04 
[1] "New improvement found, resetting step counter"
         step     negloglik            mu      sigma.sq            bt 
  2.000000000 -31.555303394   0.698316036   0.008630429   0.970346480 
           vh 
  0.002870847 
         step     negloglik            mu      sigma.sq            bt 
  3.000000000 -31.555303394   0.698316036   0.008630429   0.970346480 
           vh 
  0.002870847 
[1] "New improvement found, resetting step counter"
         step     negloglik            mu      sigma.sq            bt 
 4.000000e+00 -3.169714e+01  7.858620e-01  8.579389e-03  9.433857e-01 
           vh 
 5.552608e-04 
         step     negloglik            mu      sigma.sq            bt 
 5.000000e+00 -3.169714e+01  7.858620e-01  8.579389e-03  9.433857e-01 
           vh 
 5.552608e-04 
[1] "New improvement found, resetting step counter"
         step     negloglik            mu      sigma.sq            bt 
 6.000000e+00 -3.177539e+01  8.309317e-01  8.275953e-03  9.021914e-01 
           vh 
 2.519167e-04 
         step     negloglik            mu      sigma.sq            bt 
 7.000000e+00 -3.177539e+01  8.309317e-01  8.275953e-03  9.021914e-01 
           vh 
 2.519167e-04 
         step     negloglik            mu      sigma.sq            bt 
 8.000000e+00 -3.177539e+01  8.309317e-01  8.275953e-03  9.021914e-01 
           vh 
 2.519167e-04 
[1] "Now starting analysis"
[1] "Starting with initial values"
         mu    sigma.sq          SE          vh 
0.679758985 0.008425733 0.004212866 0.004212866 
         step     negloglik            mu      sigma.sq            SE 
 1.000000e+00 -3.099168e+01  6.519488e-01  8.252063e-03  1.171565e-06 
           vh 
 9.358032e-02 
[1] "New improvement found, resetting step counter"
         step     negloglik            mu      sigma.sq            SE 
 2.000000e+00 -3.133600e+01  6.592732e-01  8.251216e-03  5.354460e-07 
           vh 
 2.926916e-03 
         step     negloglik            mu      sigma.sq            SE 
 3.000000e+00 -3.133600e+01  6.592732e-01  8.251216e-03  5.354460e-07 
           vh 
 2.926916e-03 
         step     negloglik            mu      sigma.sq            SE 
 4.000000e+00 -3.133600e+01  6.592732e-01  8.251216e-03  5.354460e-07 
           vh 
 2.926916e-03 
[1] "Now starting analysis"
[1] "Starting with initial values"
         mu    sigma.sq          vh 
0.679758985 0.008425733 0.004212866 
         step     negloglik            mu      sigma.sq            vh 
  1.000000000 -31.345127932   0.679758985   0.008425733   0.004212866 
         step     negloglik            mu      sigma.sq            vh 
  2.000000000 -31.345127932   0.679758985   0.008425733   0.004212866 
         step     negloglik            mu      sigma.sq            vh 
  3.000000000 -31.345127932   0.679758985   0.008425733   0.004212866 
[1] "Now starting analysis"
[1] "Starting with initial values"
         mu    sigma.sq          SE          bt 
0.679758985 0.008425733 0.004212866 1.000000000 
         step     negloglik            mu      sigma.sq            SE 
 1.000000e+00 -3.173325e+01  7.897458e-01  8.484165e-03  1.937769e-07 
           bt 
 9.366386e-01 
[1] "New improvement found, resetting step counter"
         step     negloglik            mu      sigma.sq            SE 
 2.000000e+00 -3.176282e+01  7.954021e-01  8.484501e-03  2.102711e-06 
           bt 
 9.202014e-01 
         step     negloglik            mu      sigma.sq            SE 
 3.000000e+00 -3.176282e+01  7.954021e-01  8.484501e-03  2.102711e-06 
           bt 
 9.202014e-01 
         step     negloglik            mu      sigma.sq            SE 
 4.000000e+00 -3.176282e+01  7.954021e-01  8.484501e-03  2.102711e-06 
           bt 
 9.202014e-01 
[1] "Now starting analysis"
[1] "Starting with initial values"
         mu    sigma.sq          bt 
0.679758985 0.008425733 1.000000000 
         step     negloglik            mu      sigma.sq            bt 
  1.000000000 -31.751804223   0.743563134   0.008591362   0.915307349 
[1] "New improvement found, resetting step counter"
         step     negloglik            mu      sigma.sq            bt 
  2.000000000 -31.776060255   0.796191320   0.008343069   0.901830005 
         step     negloglik            mu      sigma.sq            bt 
  3.000000000 -31.776060255   0.796191320   0.008343069   0.901830005 
         step     negloglik            mu      sigma.sq            bt 
  4.000000000 -31.776060255   0.796191320   0.008343069   0.901830005 
[1] "Now starting analysis"
[1] "Starting with initial values"
         mu    sigma.sq          SE 
0.679758985 0.008425733 0.004212866 
         step     negloglik            mu      sigma.sq            SE 
 1.000000e+00 -3.111447e+01  8.548514e-01  8.248933e-03  3.074688e-06 
[1] "New improvement found, resetting step counter"
         step     negloglik            mu      sigma.sq            SE 
 2.000000e+00 -3.132332e+01  7.118500e-01  8.248264e-03  6.932140e-07 
[1] "New improvement found, but slight; taking the best value, but not resetting the step counter"
         step     negloglik            mu      sigma.sq            SE 
 3.000000e+00 -3.133092e+01  7.133068e-01  8.622466e-03  6.006138e-07 
         step     negloglik            mu      sigma.sq            SE 
 4.000000e+00 -3.133092e+01  7.133068e-01  8.622466e-03  6.006138e-07 
[1] "Now starting analysis"
[1] "Starting with initial values"
         mu    sigma.sq 
0.679758985 0.008425733 
        step    negloglik           mu     sigma.sq 
  1.00000000 -31.36322067   0.63730724   0.00835935 
        step    negloglik           mu     sigma.sq 
  2.00000000 -31.36322067   0.63730724   0.00835935 
[1] "New improvement found, but slight; taking the best value, but not resetting the step counter"
         step     negloglik            mu      sigma.sq 
  3.000000000 -31.363967403   0.663914240   0.008499357 
