[1] "args"
[1] "66"   "1239"
[1] "Now starting analysis"
[1] "Starting with initial values"
         mu    sigma.sq          SE          bt          vh 
1.307592302 0.009834656 0.004917328 1.000000000 0.004917328 
         step     negloglik            mu      sigma.sq            SE 
 1.000000e+00 -4.241521e+01  1.407310e+00  9.363988e-03  1.188945e-04 
           bt            vh 
 9.768255e-01  1.196279e-04 
[1] "New improvement found, resetting step counter"
         step     negloglik            mu      sigma.sq            SE 
 2.000000e+00 -4.246446e+01  1.300041e+00  9.358223e-03  1.115391e-04 
           bt            vh 
 9.799622e-01  1.193318e-04 
         step     negloglik            mu      sigma.sq            SE 
 3.000000e+00 -4.246446e+01  1.300041e+00  9.358223e-03  1.115391e-04 
           bt            vh 
 9.799622e-01  1.193318e-04 
         step     negloglik            mu      sigma.sq            SE 
 4.000000e+00 -4.246446e+01  1.300041e+00  9.358223e-03  1.115391e-04 
           bt            vh 
 9.799622e-01  1.193318e-04 
[1] "Now starting analysis"
[1] "Starting with initial values"
         mu    sigma.sq          bt          vh 
1.307592302 0.009834656 1.000000000 0.004917328 
         step     negloglik            mu      sigma.sq            bt 
  1.000000000 -42.106670144   1.304189522   0.009831106   1.000045043 
           vh 
  0.000200857 
         step     negloglik            mu      sigma.sq            bt 
  2.000000000 -42.106670144   1.304189522   0.009831106   1.000045043 
           vh 
  0.000200857 
         step     negloglik            mu      sigma.sq            bt 
  3.000000000 -42.106670144   1.304189522   0.009831106   1.000045043 
           vh 
  0.000200857 
[1] "Now starting analysis"
[1] "Starting with initial values"
         mu    sigma.sq          SE          vh 
1.307592302 0.009834656 0.004917328 0.004917328 
         step     negloglik            mu      sigma.sq            SE 
 1.000000e+00 -4.225440e+01  1.505036e+00  9.514103e-03  9.355488e-05 
           vh 
 4.128682e-04 
[1] "New improvement found, resetting step counter"
         step     negloglik            mu      sigma.sq            SE 
 2.000000e+00 -4.243673e+01  1.210105e+00  9.516223e-03  1.014804e-04 
           vh 
 8.270366e-06 
[1] "New improvement found, but slight; taking the best value, but not resetting the step counter"
         step     negloglik            mu      sigma.sq            SE 
 3.000000e+00 -4.243881e+01  1.289420e+00  9.485154e-03  9.141857e-05 
           vh 
 2.533238e-04 
         step     negloglik            mu      sigma.sq            SE 
 4.000000e+00 -4.243881e+01  1.289420e+00  9.485154e-03  9.141857e-05 
           vh 
 2.533238e-04 
[1] "Now starting analysis"
[1] "Starting with initial values"
         mu    sigma.sq          vh 
1.307592302 0.009834656 0.004917328 
         step     negloglik            mu      sigma.sq            vh 
  1.000000000 -42.061499761   1.287496321   0.009951660   0.001405876 
[1] "New improvement found, resetting step counter"
         step     negloglik            mu      sigma.sq            vh 
  2.000000000 -42.078323813   1.352516678   0.009654211   0.000412243 
         step     negloglik            mu      sigma.sq            vh 
  3.000000000 -42.078323813   1.352516678   0.009654211   0.000412243 
         step     negloglik            mu      sigma.sq            vh 
  4.000000000 -42.078323813   1.352516678   0.009654211   0.000412243 
[1] "Now starting analysis"
[1] "Starting with initial values"
         mu    sigma.sq          SE          bt 
1.307592302 0.009834656 0.004917328 1.000000000 
         step     negloglik            mu      sigma.sq            SE 
 1.000000e+00 -4.244066e+01  1.378813e+00  9.465537e-03  8.593655e-05 
           bt 
 9.796396e-01 
[1] "New improvement found, resetting step counter"
         step     negloglik            mu      sigma.sq            SE 
 2.000000e+00 -4.246385e+01  1.285894e+00  9.487902e-03  1.204099e-04 
           bt 
 9.774495e-01 
         step     negloglik            mu      sigma.sq            SE 
 3.000000e+00 -4.246385e+01  1.285894e+00  9.487902e-03  1.204099e-04 
           bt 
 9.774495e-01 
         step     negloglik            mu      sigma.sq            SE 
 4.000000e+00 -4.246385e+01  1.285894e+00  9.487902e-03  1.204099e-04 
           bt 
 9.774495e-01 
[1] "Now starting analysis"
[1] "Starting with initial values"
         mu    sigma.sq          bt 
1.307592302 0.009834656 1.000000000 
         step     negloglik            mu      sigma.sq            bt 
  1.000000000 -42.125794593   1.314030236   0.009589908   0.987368880 
         step     negloglik            mu      sigma.sq            bt 
  2.000000000 -42.125794593   1.314030236   0.009589908   0.987368880 
         step     negloglik            mu      sigma.sq            bt 
  3.000000000 -42.125794593   1.314030236   0.009589908   0.987368880 
[1] "Now starting analysis"
[1] "Starting with initial values"
         mu    sigma.sq          SE 
1.307592302 0.009834656 0.004917328 
         step     negloglik            mu      sigma.sq            SE 
 1.000000e+00 -4.241097e+01  1.338862e+00  9.434208e-03  1.455707e-04 
[1] "New improvement found, resetting step counter"
         step     negloglik            mu      sigma.sq            SE 
 2.000000e+00 -4.244464e+01  1.271934e+00  9.427560e-03  1.225114e-04 
         step     negloglik            mu      sigma.sq            SE 
 3.000000e+00 -4.244464e+01  1.271934e+00  9.427560e-03  1.225114e-04 
[1] "New improvement found, but slight; taking the best value, but not resetting the step counter"
         step     negloglik            mu      sigma.sq            SE 
 4.000000e+00 -4.244780e+01  1.258668e+00  9.417714e-03  1.142879e-04 
[1] "Now starting analysis"
[1] "Starting with initial values"
         mu    sigma.sq 
1.307592302 0.009834656 
         step     negloglik            mu      sigma.sq 
  1.000000000 -42.113007483   1.307592302   0.009834656 
         step     negloglik            mu      sigma.sq 
  2.000000000 -42.113007483   1.307592302   0.009834656 
[1] "New improvement found, but slight; taking the best value, but not resetting the step counter"
        step    negloglik           mu     sigma.sq 
  3.00000000 -42.11398066   1.25476518   0.00966484 
