[1] "args"
[1] "66"   "1710"
[1] "Now starting analysis"
[1] "Starting with initial values"
        mu   sigma.sq         SE         bt         vh 
0.92282660 0.04032321 0.02016160 1.00000000 0.02016160 
       step   negloglik          mu    sigma.sq          SE          bt 
1.000000000 9.966665635 0.219301715 0.002899356 0.064136054 5.369202054 
         vh 
1.300900679 
[1] "New improvement found, resetting step counter"
        step    negloglik           mu     sigma.sq           SE           bt 
2.0000000000 8.7593870132 0.2441742481 0.0028177614 0.0630570041 6.7147138658 
          vh 
0.0007705041 
[1] "New improvement found, resetting step counter"
       step   negloglik          mu    sigma.sq          SE          bt 
3.000000000 8.733213243 0.242195690 0.001899875 0.068822384 5.997043530 
         vh 
0.001083986 
[1] "New improvement found, resetting step counter"
       step   negloglik          mu    sigma.sq          SE          bt 
4.000000000 8.679213077 0.214356601 0.002132470 0.067188106 6.837278616 
         vh 
0.000129841 
       step   negloglik          mu    sigma.sq          SE          bt 
5.000000000 8.679213077 0.214356601 0.002132470 0.067188106 6.837278616 
         vh 
0.000129841 
       step   negloglik          mu    sigma.sq          SE          bt 
6.000000000 8.679213077 0.214356601 0.002132470 0.067188106 6.837278616 
         vh 
0.000129841 
[1] "Now starting analysis"
[1] "Starting with initial values"
        mu   sigma.sq         bt         vh 
0.92282660 0.04032321 1.00000000 0.02016160 
       step   negloglik          mu    sigma.sq          bt          vh 
 1.00000000 15.56313853  0.36415943  0.03812325  4.68741754  0.96036791 
[1] "New improvement found, resetting step counter"
        step    negloglik           mu     sigma.sq           bt           vh 
 2.000000000 15.296366976  0.326065177  0.038950003  6.248114334  0.008021692 
[1] "New improvement found, but slight; taking the best value, but not resetting the step counter"
        step    negloglik           mu     sigma.sq           bt           vh 
 3.000000000 15.294602499  0.317150304  0.038226220  5.874358578  0.007245399 
        step    negloglik           mu     sigma.sq           bt           vh 
 4.000000000 15.294602499  0.317150304  0.038226220  5.874358578  0.007245399 
[1] "Now starting analysis"
[1] "Starting with initial values"
        mu   sigma.sq         SE         vh 
0.92282660 0.04032321 0.02016160 0.02016160 
        step    negloglik           mu     sigma.sq           SE           vh 
 1.000000000 10.928563111  0.254259575  0.002890678  0.066070233  2.467024665 
[1] "New improvement found, resetting step counter"
        step    negloglik           mu     sigma.sq           SE           vh 
 2.000000000 10.905689361  0.268274522  0.002953224  0.066790157  3.020247675 
[1] "New improvement found, but slight; taking the best value, but not resetting the step counter"
        step    negloglik           mu     sigma.sq           SE           vh 
 3.000000000 10.903129434  0.265125452  0.002650625  0.067226137  3.248059851 
        step    negloglik           mu     sigma.sq           SE           vh 
 4.000000000 10.903129434  0.265125452  0.002650625  0.067226137  3.248059851 
[1] "Now starting analysis"
[1] "Starting with initial values"
        mu   sigma.sq         vh 
0.92282660 0.04032321 0.02016160 
       step   negloglik          mu    sigma.sq          vh 
 1.00000000 16.11893119  0.92282660  0.04032321  0.11244426 
[1] "New improvement found, but slight; taking the best value, but not resetting the step counter"
       step   negloglik          mu    sigma.sq          vh 
 2.00000000 16.11866710  0.92282660  0.04032321  0.20472692 
       step   negloglik          mu    sigma.sq          vh 
 3.00000000 16.11866710  0.92282660  0.04032321  0.20472692 
[1] "Now starting analysis"
[1] "Starting with initial values"
        mu   sigma.sq         SE         bt 
0.92282660 0.04032321 0.02016160 1.00000000 
       step   negloglik          mu    sigma.sq          SE          bt 
1.000000000 8.796643529 0.241180034 0.001950264 0.079048575 5.927084796 
[1] "New improvement found, resetting step counter"
       step   negloglik          mu    sigma.sq          SE          bt 
2.000000000 8.676502656 0.228623391 0.002113012 0.068464582 6.544780127 
[1] "New improvement found, but slight; taking the best value, but not resetting the step counter"
       step   negloglik          mu    sigma.sq          SE          bt 
3.000000000 8.671543292 0.221420607 0.002031626 0.070970512 6.763508225 
[1] "New improvement found, but slight; taking the best value, but not resetting the step counter"
       step   negloglik          mu    sigma.sq          SE          bt 
4.000000000 8.670896276 0.214040426 0.001929288 0.070211400 6.710851605 
[1] "Now starting analysis"
[1] "Starting with initial values"
        mu   sigma.sq         bt 
0.92282660 0.04032321 1.00000000 
       step   negloglik          mu    sigma.sq          bt 
 1.00000000 15.28771001  0.26071240  0.03818843  7.00743313 
       step   negloglik          mu    sigma.sq          bt 
 2.00000000 15.28771001  0.26071240  0.03818843  7.00743313 
       step   negloglik          mu    sigma.sq          bt 
 3.00000000 15.28771001  0.26071240  0.03818843  7.00743313 
[1] "Now starting analysis"
[1] "Starting with initial values"
        mu   sigma.sq         SE 
0.92282660 0.04032321 0.02016160 
       step   negloglik          mu    sigma.sq          SE 
 1.00000000 13.13627641  0.95108787  0.01333374  0.03908361 
[1] "New improvement found, but slight; taking the best value, but not resetting the step counter"
       step   negloglik          mu    sigma.sq          SE 
 2.00000000 13.13383313  0.91906961  0.01438982  0.03865820 
       step   negloglik          mu    sigma.sq          SE 
 3.00000000 13.13383313  0.91906961  0.01438982  0.03865820 
[1] "Now starting analysis"
[1] "Starting with initial values"
        mu   sigma.sq 
0.92282660 0.04032321 
       step   negloglik          mu    sigma.sq 
 1.00000000 16.12157225  0.92282660  0.04032321 
       step   negloglik          mu    sigma.sq 
 2.00000000 16.12157225  0.92282660  0.04032321 
       step   negloglik          mu    sigma.sq 
 3.00000000 16.12157225  0.92282660  0.04032321 
