[1] "args"
[1] "66"  "815"
[1] "Now starting analysis"
[1] "Starting with initial values"
         mu    sigma.sq          SE          bt          vh 
1.209909714 0.012605670 0.006302835 1.000000000 0.006302835 
[1] "Initial search had a convergence code of 1, indicating it did not converge. See ?optim for what the code may mean. Starting again, likely near that point. Negative log likelihood was -30.6700418964364"
[1] "Parameter estimates were"
          mu     sigma.sq           SE           bt           vh 
2.267033e-01 1.023745e-02 1.488070e-07 2.208548e+00 4.201723e-02 
         step     negloglik            mu      sigma.sq            SE 
 1.000000e+00 -3.033567e+01  9.550381e-02  1.001807e-02  1.710638e-07 
           bt            vh 
 2.111469e+00  7.804979e-02 
[1] "New improvement found, resetting step counter"
         step     negloglik            mu      sigma.sq            SE 
 2.000000e+00 -3.066509e+01  2.767568e-01  1.001850e-02  6.430766e-07 
           bt            vh 
 2.186368e+00  4.114355e-02 
         step     negloglik            mu      sigma.sq            SE 
 3.000000e+00 -3.066509e+01  2.767568e-01  1.001850e-02  6.430766e-07 
           bt            vh 
 2.186368e+00  4.114355e-02 
         step     negloglik            mu      sigma.sq            SE 
 4.000000e+00 -3.066509e+01  2.767568e-01  1.001850e-02  6.430766e-07 
           bt            vh 
 2.186368e+00  4.114355e-02 
[1] "Now starting analysis"
[1] "Starting with initial values"
         mu    sigma.sq          bt          vh 
1.209909714 0.012605670 1.000000000 0.006302835 
        step    negloglik           mu     sigma.sq           bt           vh 
  1.00000000 -30.71718532   0.33310148   0.01028874   2.25854456   0.03780646 
        step    negloglik           mu     sigma.sq           bt           vh 
  2.00000000 -30.71718532   0.33310148   0.01028874   2.25854456   0.03780646 
        step    negloglik           mu     sigma.sq           bt           vh 
  3.00000000 -30.71718532   0.33310148   0.01028874   2.25854456   0.03780646 
[1] "Now starting analysis"
[1] "Starting with initial values"
         mu    sigma.sq          SE          vh 
1.209909714 0.012605670 0.006302835 0.006302835 
         step     negloglik            mu      sigma.sq            SE 
 1.000000e+00 -2.349955e+01  3.776803e-01  1.039770e-02  4.530358e-05 
           vh 
 9.173673e-01 
[1] "New improvement found, resetting step counter"
         step     negloglik            mu      sigma.sq            SE 
 2.000000e+00 -2.358131e+01  3.165429e-01  1.037392e-02  7.725320e-06 
           vh 
 9.938351e-01 
         step     negloglik            mu      sigma.sq            SE 
 3.000000e+00 -2.358131e+01  3.165429e-01  1.037392e-02  7.725320e-06 
           vh 
 9.938351e-01 
         step     negloglik            mu      sigma.sq            SE 
 4.000000e+00 -2.358131e+01  3.165429e-01  1.037392e-02  7.725320e-06 
           vh 
 9.938351e-01 
[1] "Now starting analysis"
[1] "Starting with initial values"
         mu    sigma.sq          vh 
1.209909714 0.012605670 0.006302835 
        step    negloglik           mu     sigma.sq           vh 
  1.00000000 -23.61491864   0.34777882   0.01027054   1.14026845 
        step    negloglik           mu     sigma.sq           vh 
  2.00000000 -23.61491864   0.34777882   0.01027054   1.14026845 
        step    negloglik           mu     sigma.sq           vh 
  3.00000000 -23.61491864   0.34777882   0.01027054   1.14026845 
[1] "Now starting analysis"
[1] "Starting with initial values"
         mu    sigma.sq          SE          bt 
1.209909714 0.012605670 0.006302835 1.000000000 
         step     negloglik            mu      sigma.sq            SE 
 1.000000e+00 -3.049965e+01  5.026888e-01  1.064312e-02  4.575753e-07 
           bt 
 2.295144e+00 
[1] "New improvement found, resetting step counter"
         step     negloglik            mu      sigma.sq            SE 
 2.000000e+00 -3.058275e+01  4.093329e-01  1.064450e-02  3.965810e-06 
           bt 
 2.275851e+00 
         step     negloglik            mu      sigma.sq            SE 
 3.000000e+00 -3.058275e+01  4.093329e-01  1.064450e-02  3.965810e-06 
           bt 
 2.275851e+00 
         step     negloglik            mu      sigma.sq            SE 
 4.000000e+00 -3.058275e+01  4.093329e-01  1.064450e-02  3.965810e-06 
           bt 
 2.275851e+00 
[1] "Now starting analysis"
[1] "Starting with initial values"
        mu   sigma.sq         bt 
1.20990971 0.01260567 1.00000000 
        step    negloglik           mu     sigma.sq           bt 
  1.00000000 -30.61317312   0.34069442   0.01054984   2.30315900 
        step    negloglik           mu     sigma.sq           bt 
  2.00000000 -30.61317312   0.34069442   0.01054984   2.30315900 
        step    negloglik           mu     sigma.sq           bt 
  3.00000000 -30.61317312   0.34069442   0.01054984   2.30315900 
[1] "Now starting analysis"
[1] "Starting with initial values"
         mu    sigma.sq          SE 
1.209909714 0.012605670 0.006302835 
         step     negloglik            mu      sigma.sq            SE 
 1.000000e+00 -7.046095e+00  1.322990e+00  1.685706e-02  2.073126e-06 
[1] "New improvement found, resetting step counter"
         step     negloglik            mu      sigma.sq            SE 
 2.000000e+00 -7.066239e+00  1.423440e+00  1.685638e-02  9.784210e-07 
         step     negloglik            mu      sigma.sq            SE 
 3.000000e+00 -7.066239e+00  1.423440e+00  1.685638e-02  9.784210e-07 
         step     negloglik            mu      sigma.sq            SE 
 4.000000e+00 -7.066239e+00  1.423440e+00  1.685638e-02  9.784210e-07 
[1] "Now starting analysis"
[1] "Starting with initial values"
        mu   sigma.sq 
1.20990971 0.01260567 
       step   negloglik          mu    sigma.sq 
 1.00000000 -7.06815681  1.42733937  0.01681126 
       step   negloglik          mu    sigma.sq 
 2.00000000 -7.06815681  1.42733937  0.01681126 
       step   negloglik          mu    sigma.sq 
 3.00000000 -7.06815681  1.42733937  0.01681126 
