[1] "args"
[1] "66"  "656"
[1] "Now starting analysis"
[1] "Starting with initial values"
         mu    sigma.sq          SE          bt          vh 
2.454531336 0.006802284 0.003401142 1.000000000 0.003401142 
         step     negloglik            mu      sigma.sq            SE 
 1.000000e+00 -1.117173e+01  1.671877e+00  6.136049e-03  1.588381e-05 
           bt            vh 
 1.567268e+00  9.447221e-05 
[1] "New improvement found, resetting step counter"
         step     negloglik            mu      sigma.sq            SE 
 2.000000e+00 -1.122060e+01  1.612566e+00  6.134824e-03  5.350306e-06 
           bt            vh 
 1.553991e+00  1.842808e-04 
[1] "New improvement found, but slight; taking the best value, but not resetting the step counter"
         step     negloglik            mu      sigma.sq            SE 
 3.000000e+00 -1.123011e+01  1.591689e+00  6.136480e-03  6.062402e-06 
           bt            vh 
 1.541045e+00  1.290272e-04 
         step     negloglik            mu      sigma.sq            SE 
 4.000000e+00 -1.123011e+01  1.591689e+00  6.136480e-03  6.062402e-06 
           bt            vh 
 1.541045e+00  1.290272e-04 
[1] "Now starting analysis"
[1] "Starting with initial values"
         mu    sigma.sq          bt          vh 
2.454531336 0.006802284 1.000000000 0.003401142 
         step     negloglik            mu      sigma.sq            bt 
 1.000000e+00 -1.116440e+01  1.576938e+00  6.063002e-03  1.604929e+00 
           vh 
 4.734234e-05 
[1] "New improvement found, but slight; taking the best value, but not resetting the step counter"
         step     negloglik            mu      sigma.sq            bt 
 2.000000e+00 -1.117400e+01  1.523782e+00  6.060780e-03  1.603935e+00 
           vh 
 2.642241e-04 
         step     negloglik            mu      sigma.sq            bt 
 3.000000e+00 -1.117400e+01  1.523782e+00  6.060780e-03  1.603935e+00 
           vh 
 2.642241e-04 
[1] "Now starting analysis"
[1] "Starting with initial values"
         mu    sigma.sq          SE          vh 
2.454531336 0.006802284 0.003401142 0.003401142 
         step     negloglik            mu      sigma.sq            SE 
 1.000000e+00 -8.931326e+00  2.533701e+00  6.366477e-03  5.377221e-06 
           vh 
 8.899238e-02 
[1] "New improvement found, resetting step counter"
         step     negloglik            mu      sigma.sq            SE 
 2.000000e+00 -9.102560e+00  2.533165e+00  6.370221e-03  2.902178e-05 
           vh 
 2.084174e-03 
         step     negloglik            mu      sigma.sq            SE 
 3.000000e+00 -9.102560e+00  2.533165e+00  6.370221e-03  2.902178e-05 
           vh 
 2.084174e-03 
         step     negloglik            mu      sigma.sq            SE 
 4.000000e+00 -9.102560e+00  2.533165e+00  6.370221e-03  2.902178e-05 
           vh 
 2.084174e-03 
[1] "Now starting analysis"
[1] "Starting with initial values"
         mu    sigma.sq          vh 
2.454531336 0.006802284 0.003401142 
         step     negloglik            mu      sigma.sq            vh 
 1.0000000000 -9.2544223898  2.4841525063  0.0070656117  0.0002082804 
         step     negloglik            mu      sigma.sq            vh 
 2.0000000000 -9.2544223898  2.4841525063  0.0070656117  0.0002082804 
         step     negloglik            mu      sigma.sq            vh 
 3.0000000000 -9.2544223898  2.4841525063  0.0070656117  0.0002082804 
[1] "Now starting analysis"
[1] "Starting with initial values"
         mu    sigma.sq          SE          bt 
2.454531336 0.006802284 0.003401142 1.000000000 
         step     negloglik            mu      sigma.sq            SE 
 1.000000e+00 -1.121817e+01  1.708036e+00  6.072154e-03  1.822068e-05 
           bt 
 1.505570e+00 
[1] "New improvement found, resetting step counter"
         step     negloglik            mu      sigma.sq            SE 
 2.000000e+00 -1.123549e+01  1.672008e+00  6.070041e-03  4.769327e-06 
           bt 
 1.491162e+00 
[1] "New improvement found, but slight; taking the best value, but not resetting the step counter"
         step     negloglik            mu      sigma.sq            SE 
 3.000000e+00 -1.123979e+01  1.703856e+00  6.163810e-03  1.132718e-06 
           bt 
 1.471293e+00 
         step     negloglik            mu      sigma.sq            SE 
 4.000000e+00 -1.123979e+01  1.703856e+00  6.163810e-03  1.132718e-06 
           bt 
 1.471293e+00 
[1] "Now starting analysis"
[1] "Starting with initial values"
         mu    sigma.sq          bt 
2.454531336 0.006802284 1.000000000 
         step     negloglik            mu      sigma.sq            bt 
  1.000000000 -11.246305502   1.680922482   0.006312144   1.473770598 
[1] "New improvement found, but slight; taking the best value, but not resetting the step counter"
         step     negloglik            mu      sigma.sq            bt 
  2.000000000 -11.249702478   1.649415445   0.006281366   1.494792388 
         step     negloglik            mu      sigma.sq            bt 
  3.000000000 -11.249702478   1.649415445   0.006281366   1.494792388 
[1] "Now starting analysis"
[1] "Starting with initial values"
         mu    sigma.sq          SE 
2.454531336 0.006802284 0.003401142 
         step     negloglik            mu      sigma.sq            SE 
 1.000000e+00 -9.105580e+00  2.571559e+00  6.416212e-03  3.289056e-08 
[1] "New improvement found, resetting step counter"
         step     negloglik            mu      sigma.sq            SE 
 2.000000e+00 -9.142428e+00  2.494756e+00  6.418361e-03  9.411476e-06 
[1] "New improvement found, resetting step counter"
         step     negloglik            mu      sigma.sq            SE 
 3.000000e+00 -9.223347e+00  2.449104e+00  6.751620e-03  1.494122e-06 
         step     negloglik            mu      sigma.sq            SE 
 4.000000e+00 -9.223347e+00  2.449104e+00  6.751620e-03  1.494122e-06 
[1] "New improvement found, resetting step counter"
         step     negloglik            mu      sigma.sq            SE 
 5.000000e+00 -9.257713e+00  2.438635e+00  7.204113e-03  1.394867e-06 
         step     negloglik            mu      sigma.sq            SE 
 6.000000e+00 -9.257713e+00  2.438635e+00  7.204113e-03  1.394867e-06 
         step     negloglik            mu      sigma.sq            SE 
 7.000000e+00 -9.257713e+00  2.438635e+00  7.204113e-03  1.394867e-06 
[1] "Now starting analysis"
[1] "Starting with initial values"
         mu    sigma.sq 
2.454531336 0.006802284 
        step    negloglik           mu     sigma.sq 
 1.000000000 -9.259373593  2.460111859  0.007146853 
        step    negloglik           mu     sigma.sq 
 2.000000000 -9.259373593  2.460111859  0.007146853 
        step    negloglik           mu     sigma.sq 
 3.000000000 -9.259373593  2.460111859  0.007146853 
