000 (066.763.000) 07/26 17:14:46 Job submitted from host: <160.36.155.106:9618?addrs=160.36.155.106-9618&noUDP&sock=27742_4872_4>
...
012 (066.763.000) 08/03 14:16:39 Job was held.
	via condor_hold (by user bomeara)
	Code 1 Subcode 0
...
013 (066.763.000) 08/05 22:27:25 Job was released.
	via condor_release (by user bomeara)
...
012 (066.763.000) 08/09 10:35:21 Job was held.
	via condor_hold (by user bomeara)
	Code 1 Subcode 0
...
013 (066.763.000) 08/09 13:04:44 Job was released.
	via condor_release (by user bomeara)
...
001 (066.763.000) 08/10 23:44:16 Job executing on host: <10.130.122.65:9618?addrs=10.130.122.65-9618&noUDP&sock=77628_edfd_4>
...
006 (066.763.000) 08/10 23:44:26 Image size of job updated: 233232
	228  -  MemoryUsage of job (MB)
	233232  -  ResidentSetSize of job (KB)
...
006 (066.763.000) 08/10 23:49:26 Image size of job updated: 251596
	246  -  MemoryUsage of job (MB)
	251596  -  ResidentSetSize of job (KB)
...
005 (066.763.000) 08/11 09:40:28 Job terminated.
	(1) Normal termination (return value 0)
		Usr 0 09:55:13, Sys 0 00:00:04  -  Run Remote Usage
		Usr 0 00:00:00, Sys 0 00:00:00  -  Run Local Usage
		Usr 0 09:55:13, Sys 0 00:00:04  -  Total Remote Usage
		Usr 0 00:00:00, Sys 0 00:00:00  -  Total Local Usage
	31965  -  Run Bytes Sent By Job
	2422  -  Run Bytes Received By Job
	31965  -  Total Bytes Sent By Job
	2422  -  Total Bytes Received By Job
	Partitionable Resources :    Usage  Request Allocated 
	   Cpus                 :     1.00        1         1 
	   Disk (KB)            :    49           4    891678 
	   Memory (MB)          :   246           1       128 
...
