[1] "args"
[1] "66" "66"
[1] "Now starting analysis"
[1] "Starting with initial values"
        mu   sigma.sq         SE         bt         vh 
2.18879658 0.12072347 0.06036174 1.00000000 0.06036174 
       step   negloglik          mu    sigma.sq          SE          bt 
1.000000000 7.490272077 1.895049026 0.002589719 0.052578581 1.004042448 
         vh 
0.365058109 
[1] "New improvement found, resetting step counter"
        step    negloglik           mu     sigma.sq           SE           bt 
2.0000000000 5.8415549091 1.7673413410 0.0019850333 0.0516334876 2.6744369282 
          vh 
0.0005020126 
        step    negloglik           mu     sigma.sq           SE           bt 
3.0000000000 5.8415549091 1.7673413410 0.0019850333 0.0516334876 2.6744369282 
          vh 
0.0005020126 
        step    negloglik           mu     sigma.sq           SE           bt 
4.0000000000 5.8415549091 1.7673413410 0.0019850333 0.0516334876 2.6744369282 
          vh 
0.0005020126 
[1] "Now starting analysis"
[1] "Starting with initial values"
        mu   sigma.sq         bt         vh 
2.18879658 0.12072347 1.00000000 0.06036174 
       step   negloglik          mu    sigma.sq          bt          vh 
 1.00000000 30.16697827  2.18879658  0.12072347  1.21887966  0.06036174 
[1] "New improvement found, resetting step counter"
       step   negloglik          mu    sigma.sq          bt          vh 
 2.00000000 30.15568952  2.18879658  0.12072347  1.43775932  0.06036174 
       step   negloglik          mu    sigma.sq          bt          vh 
 3.00000000 30.15568952  2.18879658  0.12072347  1.43775932  0.06036174 
       step   negloglik          mu    sigma.sq          bt          vh 
 4.00000000 30.15568952  2.18879658  0.12072347  1.43775932  0.06036174 
[1] "Now starting analysis"
[1] "Starting with initial values"
        mu   sigma.sq         SE         vh 
2.18879658 0.12072347 0.06036174 0.06036174 
       step   negloglik          mu    sigma.sq          SE          vh 
1.000000000 7.709260764 1.980894198 0.002807356 0.049209641 0.164522282 
[1] "New improvement found, resetting step counter"
       step   negloglik          mu    sigma.sq          SE          vh 
2.000000000 7.430683185 1.865427247 0.002530361 0.050801728 0.743540565 
[1] "New improvement found, but slight; taking the best value, but not resetting the step counter"
       step   negloglik          mu    sigma.sq          SE          vh 
3.000000000 7.423762625 1.854698883 0.002378894 0.051070988 0.704550981 
       step   negloglik          mu    sigma.sq          SE          vh 
4.000000000 7.423762625 1.854698883 0.002378894 0.051070988 0.704550981 
[1] "Now starting analysis"
[1] "Starting with initial values"
        mu   sigma.sq         vh 
2.18879658 0.12072347 0.06036174 
       step   negloglik          mu    sigma.sq          vh 
 1.00000000 30.18835159  2.18879658  0.12072347  0.06036174 
       step   negloglik          mu    sigma.sq          vh 
 2.00000000 30.18835159  2.18879658  0.12072347  0.06036174 
       step   negloglik          mu    sigma.sq          vh 
 3.00000000 30.18835159  2.18879658  0.12072347  0.06036174 
[1] "Now starting analysis"
[1] "Starting with initial values"
        mu   sigma.sq         SE         bt 
2.18879658 0.12072347 0.06036174 1.00000000 
       step   negloglik          mu    sigma.sq          SE          bt 
1.000000000 6.867586520 2.083191217 0.002748623 0.047309577 1.500203906 
[1] "New improvement found, resetting step counter"
       step   negloglik          mu    sigma.sq          SE          bt 
2.000000000 5.836755119 1.790232690 0.001965335 0.052079809 2.582983549 
       step   negloglik          mu    sigma.sq          SE          bt 
3.000000000 5.836755119 1.790232690 0.001965335 0.052079809 2.582983549 
       step   negloglik          mu    sigma.sq          SE          bt 
4.000000000 5.836755119 1.790232690 0.001965335 0.052079809 2.582983549 
[1] "Now starting analysis"
[1] "Starting with initial values"
       mu  sigma.sq        bt 
2.1887966 0.1207235 1.0000000 
      step  negloglik         mu   sigma.sq         bt 
 1.0000000 30.1605743  2.1887966  0.1207235  1.2188797 
[1] "New improvement found, resetting step counter"
      step  negloglik         mu   sigma.sq         bt 
 2.0000000 30.1490357  2.0177969  0.1230035  1.4126794 
      step  negloglik         mu   sigma.sq         bt 
 3.0000000 30.1490357  2.0177969  0.1230035  1.4126794 
      step  negloglik         mu   sigma.sq         bt 
 4.0000000 30.1490357  2.0177969  0.1230035  1.4126794 
[1] "Now starting analysis"
[1] "Starting with initial values"
        mu   sigma.sq         SE 
2.18879658 0.12072347 0.06036174 
       step   negloglik          mu    sigma.sq          SE 
1.000000000 9.258687498 1.762494180 0.005555546 0.050622566 
[1] "New improvement found, resetting step counter"
       step   negloglik          mu    sigma.sq          SE 
2.000000000 8.165654261 2.167920457 0.004010909 0.049396471 
[1] "New improvement found, but slight; taking the best value, but not resetting the step counter"
       step   negloglik          mu    sigma.sq          SE 
3.000000000 8.165326438 2.176032474 0.003922639 0.049686863 
       step   negloglik          mu    sigma.sq          SE 
4.000000000 8.165326438 2.176032474 0.003922639 0.049686863 
[1] "Now starting analysis"
[1] "Starting with initial values"
       mu  sigma.sq 
2.1887966 0.1207235 
      step  negloglik         mu   sigma.sq 
 1.0000000 30.1822330  2.1887966  0.1207235 
      step  negloglik         mu   sigma.sq 
 2.0000000 30.1822330  2.1887966  0.1207235 
      step  negloglik         mu   sigma.sq 
 3.0000000 30.1822330  2.1887966  0.1207235 
