[1] "args"
[1] "66"  "738"
[1] "Now starting analysis"
[1] "Starting with initial values"
         mu    sigma.sq          SE          bt          vh 
0.449510165 0.017027488 0.008513744 1.000000000 0.008513744 
       step   negloglik          mu    sigma.sq          SE          bt 
1.000000000 2.728775365 0.062654689 0.013624698 0.002485607 1.784377779 
         vh 
0.469366508 
[1] "New improvement found, resetting step counter"
      step  negloglik         mu   sigma.sq         SE         bt         vh 
2.00000000 2.24408755 0.02204712 0.01323877 0.00228244 3.29189931 0.03235383 
      step  negloglik         mu   sigma.sq         SE         bt         vh 
3.00000000 2.24408755 0.02204712 0.01323877 0.00228244 3.29189931 0.03235383 
      step  negloglik         mu   sigma.sq         SE         bt         vh 
4.00000000 2.24408755 0.02204712 0.01323877 0.00228244 3.29189931 0.03235383 
[1] "Now starting analysis"
[1] "Starting with initial values"
         mu    sigma.sq          bt          vh 
0.449510165 0.017027488 1.000000000 0.008513744 
        step    negloglik           mu     sigma.sq           bt           vh 
1.0000000000 2.7593902637 0.0139908219 0.0162477785 3.2619287062 0.0006036416 
[1] "New improvement found, but slight; taking the best value, but not resetting the step counter"
        step    negloglik           mu     sigma.sq           bt           vh 
2.0000000000 2.7556977740 0.0139908219 0.0162477785 3.5881215768 0.0006036416 
        step    negloglik           mu     sigma.sq           bt           vh 
3.0000000000 2.7556977740 0.0139908219 0.0162477785 3.5881215768 0.0006036416 
[1] "Now starting analysis"
[1] "Starting with initial values"
         mu    sigma.sq          SE          vh 
0.449510165 0.017027488 0.008513744 0.008513744 
       step   negloglik          mu    sigma.sq          SE          vh 
1.000000000 3.243567875 0.441850029 0.015087444 0.001847015 0.043157699 
[1] "New improvement found, resetting step counter"
       step   negloglik          mu    sigma.sq          SE          vh 
2.000000000 3.183580557 0.305472701 0.014050025 0.002413182 0.465144068 
       step   negloglik          mu    sigma.sq          SE          vh 
3.000000000 3.183580557 0.305472701 0.014050025 0.002413182 0.465144068 
       step   negloglik          mu    sigma.sq          SE          vh 
4.000000000 3.183580557 0.305472701 0.014050025 0.002413182 0.465144068 
[1] "Now starting analysis"
[1] "Starting with initial values"
         mu    sigma.sq          vh 
0.449510165 0.017027488 0.008513744 
      step  negloglik         mu   sigma.sq         vh 
1.00000000 3.62987258 0.42457640 0.01691043 0.07348201 
[1] "New improvement found, but slight; taking the best value, but not resetting the step counter"
      step  negloglik         mu   sigma.sq         vh 
2.00000000 3.62311324 0.38211876 0.01691043 0.14424474 
[1] "New improvement found, but slight; taking the best value, but not resetting the step counter"
     step negloglik        mu  sigma.sq        vh 
3.0000000 3.6225179 0.4149318 0.0168953 0.1450710 
[1] "Now starting analysis"
[1] "Starting with initial values"
         mu    sigma.sq          SE          bt 
0.449510165 0.017027488 0.008513744 1.000000000 
        step    negloglik           mu     sigma.sq           SE           bt 
 1.000000000  2.210857362 -0.113536920  0.013662176  0.002597537  3.825777077 
[1] "New improvement found, but slight; taking the best value, but not resetting the step counter"
       step   negloglik          mu    sigma.sq          SE          bt 
 2.00000000  2.20413014 -0.06828117  0.01362248  0.00240377  3.74797150 
