000 (066.1125.000) 07/26 17:14:46 Job submitted from host: <160.36.155.106:9618?addrs=160.36.155.106-9618&noUDP&sock=27742_4872_4>
...
012 (066.1125.000) 08/03 14:16:57 Job was held.
	via condor_hold (by user bomeara)
	Code 1 Subcode 0
...
013 (066.1125.000) 08/05 22:27:44 Job was released.
	via condor_release (by user bomeara)
...
012 (066.1125.000) 08/09 10:35:46 Job was held.
	via condor_hold (by user bomeara)
	Code 1 Subcode 0
...
013 (066.1125.000) 08/09 13:05:02 Job was released.
	via condor_release (by user bomeara)
...
001 (066.1125.000) 08/29 04:07:52 Job executing on host: <10.128.151.149:9618?addrs=10.128.151.149-9618&noUDP&sock=21393_65a7_4>
...
006 (066.1125.000) 08/29 04:08:00 Image size of job updated: 243316
	238  -  MemoryUsage of job (MB)
	243316  -  ResidentSetSize of job (KB)
...
006 (066.1125.000) 08/29 04:13:00 Image size of job updated: 243584
	238  -  MemoryUsage of job (MB)
	243584  -  ResidentSetSize of job (KB)
...
006 (066.1125.000) 08/29 12:03:46 Image size of job updated: 248600
	243  -  MemoryUsage of job (MB)
	248600  -  ResidentSetSize of job (KB)
...
005 (066.1125.000) 08/30 08:17:20 Job terminated.
	(1) Normal termination (return value 0)
		Usr 1 04:08:13, Sys 0 00:00:07  -  Run Remote Usage
		Usr 0 00:00:00, Sys 0 00:00:00  -  Run Local Usage
		Usr 1 04:08:13, Sys 0 00:00:07  -  Total Remote Usage
		Usr 0 00:00:00, Sys 0 00:00:00  -  Total Local Usage
	32707  -  Run Bytes Sent By Job
	2422  -  Run Bytes Received By Job
	32707  -  Total Bytes Sent By Job
	2422  -  Total Bytes Received By Job
	Partitionable Resources :    Usage  Request Allocated 
	   Cpus                 :     1.00        1         1 
	   Disk (KB)            :    50           4   1811025 
	   Memory (MB)          :   243           1       128 
...
