000 (066.1190.000) 07/26 17:14:46 Job submitted from host: <160.36.155.106:9618?addrs=160.36.155.106-9618&noUDP&sock=27742_4872_4>
...
012 (066.1190.000) 08/03 14:17:01 Job was held.
	via condor_hold (by user bomeara)
	Code 1 Subcode 0
...
013 (066.1190.000) 08/05 22:27:47 Job was released.
	via condor_release (by user bomeara)
...
012 (066.1190.000) 08/09 10:35:50 Job was held.
	via condor_hold (by user bomeara)
	Code 1 Subcode 0
...
013 (066.1190.000) 08/09 13:05:06 Job was released.
	via condor_release (by user bomeara)
...
001 (066.1190.000) 08/30 14:21:29 Job executing on host: <10.129.199.164:9618?addrs=10.129.199.164-9618&noUDP&sock=2350_7ba6_4>
...
006 (066.1190.000) 08/30 14:21:38 Image size of job updated: 221668
	217  -  MemoryUsage of job (MB)
	221648  -  ResidentSetSize of job (KB)
...
006 (066.1190.000) 08/30 14:26:39 Image size of job updated: 226856
	222  -  MemoryUsage of job (MB)
	226836  -  ResidentSetSize of job (KB)
...
006 (066.1190.000) 08/30 15:16:44 Image size of job updated: 226860
	222  -  MemoryUsage of job (MB)
	226836  -  ResidentSetSize of job (KB)
...
006 (066.1190.000) 08/30 15:36:46 Image size of job updated: 226864
	222  -  MemoryUsage of job (MB)
	226836  -  ResidentSetSize of job (KB)
...
006 (066.1190.000) 08/31 00:12:39 Image size of job updated: 230688
	226  -  MemoryUsage of job (MB)
	230660  -  ResidentSetSize of job (KB)
...
005 (066.1190.000) 08/31 23:59:26 Job terminated.
	(1) Normal termination (return value 0)
		Usr 1 09:35:32, Sys 0 00:00:06  -  Run Remote Usage
		Usr 0 00:00:00, Sys 0 00:00:00  -  Run Local Usage
		Usr 1 09:35:32, Sys 0 00:00:06  -  Total Remote Usage
		Usr 0 00:00:00, Sys 0 00:00:00  -  Total Local Usage
	28510  -  Run Bytes Sent By Job
	2422  -  Run Bytes Received By Job
	28510  -  Total Bytes Sent By Job
	2422  -  Total Bytes Received By Job
	Partitionable Resources :    Usage  Request Allocated 
	   Cpus                 :     1.00        1         1 
	   Disk (KB)            :    46           4    889887 
	   Memory (MB)          :   226           1       128 
...
