[1] "args"
[1] "66"  "698"
[1] "Now starting analysis"
[1] "Starting with initial values"
        mu   sigma.sq         SE         bt         vh 
1.64143407 0.09929738 0.04964869 1.00000000 0.04964869 
       step   negloglik          mu    sigma.sq          SE          bt 
 1.00000000 13.87101347  1.64778049  0.01866041  0.04618438  1.09792701 
         vh 
 0.18798574 
[1] "New improvement found, resetting step counter"
        step    negloglik           mu     sigma.sq           SE           bt 
2.000000e+00 1.333954e+01 5.460313e-01 1.803231e-02 4.325529e-02 1.746585e+00 
          vh 
3.127251e-04 
        step    negloglik           mu     sigma.sq           SE           bt 
3.000000e+00 1.333954e+01 5.460313e-01 1.803231e-02 4.325529e-02 1.746585e+00 
          vh 
3.127251e-04 
        step    negloglik           mu     sigma.sq           SE           bt 
4.000000e+00 1.333954e+01 5.460313e-01 1.803231e-02 4.325529e-02 1.746585e+00 
          vh 
3.127251e-04 
[1] "Now starting analysis"
[1] "Starting with initial values"
        mu   sigma.sq         bt         vh 
1.64143407 0.09929738 1.00000000 0.04964869 
       step   negloglik          mu    sigma.sq          bt          vh 
 1.00000000 21.58481066  1.20065643  0.09643392  1.30154762  0.00865099 
       step   negloglik          mu    sigma.sq          bt          vh 
 2.00000000 21.58481066  1.20065643  0.09643392  1.30154762  0.00865099 
[1] "New improvement found, but slight; taking the best value, but not resetting the step counter"
        step    negloglik           mu     sigma.sq           bt           vh 
 3.000000000 21.583174017  1.225559949  0.102368749  1.358599914  0.008298371 
[1] "Now starting analysis"
[1] "Starting with initial values"
        mu   sigma.sq         SE         vh 
1.64143407 0.09929738 0.04964869 0.04964869 
       step   negloglik          mu    sigma.sq          SE          vh 
 1.00000000 13.93588967  1.69722815  0.01922822  0.04560376  0.16026263 
[1] "New improvement found, resetting step counter"
        step    negloglik           mu     sigma.sq           SE           vh 
 2.000000000 13.742765865  1.709033826  0.019899451  0.041506639  0.002026488 
        step    negloglik           mu     sigma.sq           SE           vh 
 3.000000000 13.742765865  1.709033826  0.019899451  0.041506639  0.002026488 
        step    negloglik           mu     sigma.sq           SE           vh 
 4.000000000 13.742765865  1.709033826  0.019899451  0.041506639  0.002026488 
[1] "Now starting analysis"
[1] "Starting with initial values"
        mu   sigma.sq         vh 
1.64143407 0.09929738 0.04964869 
       step   negloglik          mu    sigma.sq          vh 
 1.00000000 21.64051964  1.74252760  0.09914170  0.01176071 
       step   negloglik          mu    sigma.sq          vh 
 2.00000000 21.64051964  1.74252760  0.09914170  0.01176071 
       step   negloglik          mu    sigma.sq          vh 
 3.00000000 21.64051964  1.74252760  0.09914170  0.01176071 
[1] "Now starting analysis"
[1] "Starting with initial values"
        mu   sigma.sq         SE         bt 
1.64143407 0.09929738 0.04964869 1.00000000 
       step   negloglik          mu    sigma.sq          SE          bt 
 1.00000000 13.63951966  1.64388250  0.01902413  0.04636716  1.15663236 
[1] "New improvement found, resetting step counter"
       step   negloglik          mu    sigma.sq          SE          bt 
 2.00000000 13.33003552  0.63830901  0.01745901  0.04537562  1.60828273 
       step   negloglik          mu    sigma.sq          SE          bt 
 3.00000000 13.33003552  0.63830901  0.01745901  0.04537562  1.60828273 
       step   negloglik          mu    sigma.sq          SE          bt 
 4.00000000 13.33003552  0.63830901  0.01745901  0.04537562  1.60828273 
[1] "Now starting analysis"
[1] "Starting with initial values"
        mu   sigma.sq         bt 
1.64143407 0.09929738 1.00000000 
       step   negloglik          mu    sigma.sq          bt 
 1.00000000 21.57166031  1.20587143  0.09891742  1.37299563 
       step   negloglik          mu    sigma.sq          bt 
 2.00000000 21.57166031  1.20587143  0.09891742  1.37299563 
       step   negloglik          mu    sigma.sq          bt 
 3.00000000 21.57166031  1.20587143  0.09891742  1.37299563 
[1] "Now starting analysis"
[1] "Starting with initial values"
        mu   sigma.sq         SE 
1.64143407 0.09929738 0.04964869 
       step   negloglik          mu    sigma.sq          SE 
 1.00000000 13.74768172  1.64846263  0.02018087  0.03984505 
       step   negloglik          mu    sigma.sq          SE 
 2.00000000 13.74768172  1.64846263  0.02018087  0.03984505 
[1] "New improvement found, but slight; taking the best value, but not resetting the step counter"
       step   negloglik          mu    sigma.sq          SE 
 3.00000000 13.74269009  1.65048258  0.02042212  0.04152868 
[1] "Now starting analysis"
[1] "Starting with initial values"
        mu   sigma.sq 
1.64143407 0.09929738 
       step   negloglik          mu    sigma.sq 
 1.00000000 21.63387078  1.64143407  0.09929738 
       step   negloglik          mu    sigma.sq 
 2.00000000 21.63387078  1.64143407  0.09929738 
       step   negloglik          mu    sigma.sq 
 3.00000000 21.63387078  1.64143407  0.09929738 
