[1] "args"
[1] "66"   "1733"
[1] "Now starting analysis"
[1] "Starting with initial values"
         mu    sigma.sq          SE          bt          vh 
1.527996028 0.009612728 0.004806364 1.000000000 0.004806364 
         step     negloglik            mu      sigma.sq            SE 
 1.000000e+00 -3.162728e+01  1.619387e+00  9.524303e-03  1.319699e-06 
           bt            vh 
 9.278545e-01  1.011477e-03 
[1] "New improvement found, resetting step counter"
         step     negloglik            mu      sigma.sq            SE 
 2.000000e+00 -3.165640e+01  1.625426e+00  9.524224e-03  8.813814e-07 
           bt            vh 
 9.379899e-01  3.556349e-04 
         step     negloglik            mu      sigma.sq            SE 
 3.000000e+00 -3.165640e+01  1.625426e+00  9.524224e-03  8.813814e-07 
           bt            vh 
 9.379899e-01  3.556349e-04 
         step     negloglik            mu      sigma.sq            SE 
 4.000000e+00 -3.165640e+01  1.625426e+00  9.524224e-03  8.813814e-07 
           bt            vh 
 9.379899e-01  3.556349e-04 
[1] "Now starting analysis"
[1] "Starting with initial values"
         mu    sigma.sq          bt          vh 
1.527996028 0.009612728 1.000000000 0.004806364 
         step     negloglik            mu      sigma.sq            bt 
  1.000000000 -31.604561134   1.490127177   0.009664575   0.996970468 
           vh 
  0.001917666 
[1] "New improvement found, resetting step counter"
         step     negloglik            mu      sigma.sq            bt 
  2.000000000 -31.615466477   1.445168222   0.009671686   0.997854802 
           vh 
  0.000972842 
[1] "New improvement found, resetting step counter"
         step     negloglik            mu      sigma.sq            bt 
  3.000000000 -31.642038487   1.473459205   0.009740215   0.973668461 
           vh 
  0.002070389 
[1] "New improvement found, resetting step counter"
         step     negloglik            mu      sigma.sq            bt 
 4.000000e+00 -3.165834e+01  1.511685e+00  9.654908e-03  9.780496e-01 
           vh 
 7.815555e-04 
         step     negloglik            mu      sigma.sq            bt 
 5.000000e+00 -3.165834e+01  1.511685e+00  9.654908e-03  9.780496e-01 
           vh 
 7.815555e-04 
         step     negloglik            mu      sigma.sq            bt 
 6.000000e+00 -3.165834e+01  1.511685e+00  9.654908e-03  9.780496e-01 
           vh 
 7.815555e-04 
[1] "Now starting analysis"
[1] "Starting with initial values"
         mu    sigma.sq          SE          vh 
1.527996028 0.009612728 0.004806364 0.004806364 
         step     negloglik            mu      sigma.sq            SE 
 1.000000e+00 -3.129195e+01  1.604687e+00  9.283675e-03  7.369648e-06 
           vh 
 2.113769e-02 
[1] "New improvement found, resetting step counter"
         step     negloglik            mu      sigma.sq            SE 
 2.000000e+00 -3.155042e+01  1.512234e+00  9.281731e-03  1.062578e-06 
           vh 
 8.432233e-04 
[1] "New improvement found, resetting step counter"
         step     negloglik            mu      sigma.sq            SE 
 3.000000e+00 -3.156580e+01  1.452494e+00  9.353840e-03  7.809333e-06 
           vh 
 5.835591e-04 
[1] "New improvement found, but slight; taking the best value, but not resetting the step counter"
         step     negloglik            mu      sigma.sq            SE 
 4.000000e+00 -3.157469e+01  1.417538e+00  1.002631e-02  1.554157e-06 
           vh 
 1.970750e-05 
         step     negloglik            mu      sigma.sq            SE 
 5.000000e+00 -3.157469e+01  1.417538e+00  1.002631e-02  1.554157e-06 
           vh 
 1.970750e-05 
[1] "Now starting analysis"
[1] "Starting with initial values"
         mu    sigma.sq          vh 
1.527996028 0.009612728 0.004806364 
         step     negloglik            mu      sigma.sq            vh 
  1.000000000 -31.601941236   1.430744656   0.009807675   0.001040602 
[1] "New improvement found, but slight; taking the best value, but not resetting the step counter"
         step     negloglik            mu      sigma.sq            vh 
  2.000000000 -31.603251558   1.472565035   0.009834825   0.000391211 
         step     negloglik            mu      sigma.sq            vh 
  3.000000000 -31.603251558   1.472565035   0.009834825   0.000391211 
[1] "Now starting analysis"
[1] "Starting with initial values"
         mu    sigma.sq          SE          bt 
1.527996028 0.009612728 0.004806364 1.000000000 
         step     negloglik            mu      sigma.sq            SE 
 1.000000e+00 -3.162784e+01  1.537292e+00  9.269297e-03  2.941327e-07 
           bt 
 9.745207e-01 
         step     negloglik            mu      sigma.sq            SE 
 2.000000e+00 -3.162784e+01  1.537292e+00  9.269297e-03  2.941327e-07 
           bt 
 9.745207e-01 
         step     negloglik            mu      sigma.sq            SE 
 3.000000e+00 -3.162784e+01  1.537292e+00  9.269297e-03  2.941327e-07 
           bt 
 9.745207e-01 
[1] "Now starting analysis"
[1] "Starting with initial values"
         mu    sigma.sq          bt 
1.527996028 0.009612728 1.000000000 
         step     negloglik            mu      sigma.sq            bt 
  1.000000000 -31.665318408   1.585004658   0.009818287   0.963120191 
[1] "New improvement found, resetting step counter"
         step     negloglik            mu      sigma.sq            bt 
  2.000000000 -31.678121960   1.565256594   0.009624805   0.949976312 
         step     negloglik            mu      sigma.sq            bt 
  3.000000000 -31.678121960   1.565256594   0.009624805   0.949976312 
         step     negloglik            mu      sigma.sq            bt 
  4.000000000 -31.678121960   1.565256594   0.009624805   0.949976312 
[1] "Now starting analysis"
[1] "Starting with initial values"
         mu    sigma.sq          SE 
1.527996028 0.009612728 0.004806364 
         step     negloglik            mu      sigma.sq            SE 
 1.000000e+00 -3.150003e+01  1.603327e+00  9.520741e-03  3.502703e-06 
[1] "New improvement found, resetting step counter"
         step     negloglik            mu      sigma.sq            SE 
 2.000000e+00 -3.160235e+01  1.469717e+00  9.520621e-03  2.945368e-06 
         step     negloglik            mu      sigma.sq            SE 
 3.000000e+00 -3.160235e+01  1.469717e+00  9.520621e-03  2.945368e-06 
         step     negloglik            mu      sigma.sq            SE 
 4.000000e+00 -3.160235e+01  1.469717e+00  9.520621e-03  2.945368e-06 
[1] "Now starting analysis"
[1] "Starting with initial values"
         mu    sigma.sq 
1.527996028 0.009612728 
         step     negloglik            mu      sigma.sq 
  1.000000000 -31.607388801   1.432570886   0.009463509 
         step     negloglik            mu      sigma.sq 
  2.000000000 -31.607388801   1.432570886   0.009463509 
         step     negloglik            mu      sigma.sq 
  3.000000000 -31.607388801   1.432570886   0.009463509 
