000 (066.1255.000) 07/26 17:14:46 Job submitted from host: <160.36.155.106:9618?addrs=160.36.155.106-9618&noUDP&sock=27742_4872_4>
...
012 (066.1255.000) 08/03 14:17:04 Job was held.
	via condor_hold (by user bomeara)
	Code 1 Subcode 0
...
013 (066.1255.000) 08/05 22:27:51 Job was released.
	via condor_release (by user bomeara)
...
012 (066.1255.000) 08/09 10:35:54 Job was held.
	via condor_hold (by user bomeara)
	Code 1 Subcode 0
...
013 (066.1255.000) 08/09 13:05:09 Job was released.
	via condor_release (by user bomeara)
...
001 (066.1255.000) 08/31 08:28:44 Job executing on host: <10.129.169.104:9618?addrs=10.129.169.104-9618&noUDP&sock=2319_3837_4>
...
006 (066.1255.000) 08/31 08:28:52 Image size of job updated: 233508
	229  -  MemoryUsage of job (MB)
	233508  -  ResidentSetSize of job (KB)
...
006 (066.1255.000) 08/31 08:33:52 Image size of job updated: 235508
	230  -  MemoryUsage of job (MB)
	235508  -  ResidentSetSize of job (KB)
...
006 (066.1255.000) 08/31 11:39:13 Image size of job updated: 236400
	231  -  MemoryUsage of job (MB)
	236400  -  ResidentSetSize of job (KB)
...
006 (066.1255.000) 08/31 12:24:17 Image size of job updated: 236716
	232  -  MemoryUsage of job (MB)
	236716  -  ResidentSetSize of job (KB)
...
006 (066.1255.000) 08/31 17:59:54 Image size of job updated: 248776
	243  -  MemoryUsage of job (MB)
	248776  -  ResidentSetSize of job (KB)
...
005 (066.1255.000) 08/31 20:20:20 Job terminated.
	(1) Normal termination (return value 0)
		Usr 0 11:50:29, Sys 0 00:00:04  -  Run Remote Usage
		Usr 0 00:00:00, Sys 0 00:00:00  -  Run Local Usage
		Usr 0 11:50:29, Sys 0 00:00:04  -  Total Remote Usage
		Usr 0 00:00:00, Sys 0 00:00:00  -  Total Local Usage
	31337  -  Run Bytes Sent By Job
	2422  -  Run Bytes Received By Job
	31337  -  Total Bytes Sent By Job
	2422  -  Total Bytes Received By Job
	Partitionable Resources :    Usage  Request Allocated 
	   Cpus                 :     1.00        1         1 
	   Disk (KB)            :    49           4    206228 
	   Memory (MB)          :   243           1       128 
...
