000 (066.567.000) 07/26 17:14:46 Job submitted from host: <160.36.155.106:9618?addrs=160.36.155.106-9618&noUDP&sock=27742_4872_4>
...
001 (066.567.000) 08/01 16:56:13 Job executing on host: <10.128.121.58:9618?addrs=10.128.121.58-9618&noUDP&sock=2263_cee9_4>
...
006 (066.567.000) 08/01 16:56:22 Image size of job updated: 243060
	238  -  MemoryUsage of job (MB)
	243060  -  ResidentSetSize of job (KB)
...
006 (066.567.000) 08/01 17:01:23 Image size of job updated: 246568
	241  -  MemoryUsage of job (MB)
	246568  -  ResidentSetSize of job (KB)
...
006 (066.567.000) 08/01 17:06:24 Image size of job updated: 246584
	241  -  MemoryUsage of job (MB)
	246584  -  ResidentSetSize of job (KB)
...
006 (066.567.000) 08/02 06:27:44 Image size of job updated: 248992
	244  -  MemoryUsage of job (MB)
	248992  -  ResidentSetSize of job (KB)
...
006 (066.567.000) 08/02 14:43:36 Image size of job updated: 249276
	244  -  MemoryUsage of job (MB)
	249276  -  ResidentSetSize of job (KB)
...
022 (066.567.000) 08/02 16:20:19 Job disconnected, attempting to reconnect
    Socket between submit and execute hosts closed unexpectedly
    Trying to reconnect to slot1_20@omearaclustere <10.128.121.58:9618?addrs=10.128.121.58-9618&noUDP&sock=2263_cee9_4>
...
024 (066.567.000) 08/02 17:00:21 Job reconnection failed
    Job disconnected too long: JobLeaseDuration (2400 seconds) expired
    Can not reconnect to slot1_20@omearaclustere, rescheduling job
...
012 (066.567.000) 08/03 14:17:32 Job was held.
	via condor_hold (by user bomeara)
	Code 1 Subcode 0
...
001 (066.567.000) 08/05 22:27:43 Job executing on host: <10.130.28.84:9618?addrs=10.130.28.84-9618&noUDP&sock=69176_8f87_4>
...
013 (066.567.000) 08/05 22:28:19 Job was released.
	via condor_release (by user bomeara)
...
005 (066.567.000) 08/10 11:10:53 Job terminated.
	(1) Normal termination (return value 0)
		Usr 4 12:31:41, Sys 0 00:00:55  -  Run Remote Usage
		Usr 0 00:00:00, Sys 0 00:00:00  -  Run Local Usage
		Usr 4 12:31:41, Sys 0 00:00:55  -  Total Remote Usage
		Usr 0 00:00:00, Sys 0 00:00:00  -  Total Local Usage
	31788  -  Run Bytes Sent By Job
	2422  -  Run Bytes Received By Job
	31788  -  Total Bytes Sent By Job
	4844  -  Total Bytes Received By Job
	Partitionable Resources :    Usage  Request Allocated 
	   Cpus                 :     1.00        1         1 
	   Disk (KB)            :    49          75    891527 
	   Memory (MB)          :   245         245       256 
...
