[1] "args"
[1] "66"   "1635"
[1] "Now starting analysis"
[1] "Starting with initial values"
       mu  sigma.sq        SE        bt        vh 
0.9192040 0.2266517 0.1133258 1.0000000 0.1133258 
       step   negloglik          mu    sigma.sq          SE          bt 
 1.00000000 57.40931992  0.96857004  0.01884507  0.07351320  0.99931828 
         vh 
 0.22420694 
[1] "New improvement found, resetting step counter"
       step   negloglik          mu    sigma.sq          SE          bt 
 2.00000000 57.30621433  0.83892898  0.01907319  0.07630857  0.92956442 
         vh 
 0.06047278 
       step   negloglik          mu    sigma.sq          SE          bt 
 3.00000000 57.30621433  0.83892898  0.01907319  0.07630857  0.92956442 
         vh 
 0.06047278 
       step   negloglik          mu    sigma.sq          SE          bt 
 4.00000000 57.30621433  0.83892898  0.01907319  0.07630857  0.92956442 
         vh 
 0.06047278 
[1] "Now starting analysis"
[1] "Starting with initial values"
       mu  sigma.sq        bt        vh 
0.9192040 0.2266517 1.0000000 0.1133258 
       step   negloglik          mu    sigma.sq          bt          vh 
  1.0000000 108.5740906   0.9192040   0.2266517   1.0000000   0.1133258 
       step   negloglik          mu    sigma.sq          bt          vh 
  2.0000000 108.5740906   0.9192040   0.2266517   1.0000000   0.1133258 
       step   negloglik          mu    sigma.sq          bt          vh 
  3.0000000 108.5740906   0.9192040   0.2266517   1.0000000   0.1133258 
[1] "Now starting analysis"
[1] "Starting with initial values"
       mu  sigma.sq        SE        vh 
0.9192040 0.2266517 0.1133258 0.1133258 
       step   negloglik          mu    sigma.sq          SE          vh 
 1.00000000 57.40366567  0.96674651  0.01765171  0.07433513  0.20098339 
       step   negloglik          mu    sigma.sq          SE          vh 
 2.00000000 57.40366567  0.96674651  0.01765171  0.07433513  0.20098339 
       step   negloglik          mu    sigma.sq          SE          vh 
 3.00000000 57.40366567  0.96674651  0.01765171  0.07433513  0.20098339 
[1] "Now starting analysis"
[1] "Starting with initial values"
       mu  sigma.sq        vh 
0.9192040 0.2266517 0.1133258 
       step   negloglik          mu    sigma.sq          vh 
  1.0000000 108.5740906   0.9192040   0.2266517   0.1133258 
       step   negloglik          mu    sigma.sq          vh 
  2.0000000 108.5740906   0.9192040   0.2266517   0.1133258 
       step   negloglik          mu    sigma.sq          vh 
  3.0000000 108.5740906   0.9192040   0.2266517   0.1133258 
[1] "Now starting analysis"
[1] "Starting with initial values"
       mu  sigma.sq        SE        bt 
0.9192040 0.2266517 0.1133258 1.0000000 
       step   negloglik          mu    sigma.sq          SE          bt 
 1.00000000 57.41492795  1.02737876  0.01845791  0.07616900  1.03235577 
[1] "New improvement found, resetting step counter"
       step   negloglik          mu    sigma.sq          SE          bt 
 2.00000000 57.35872548  1.07747296  0.01970379  0.07223512  0.86065479 
       step   negloglik          mu    sigma.sq          SE          bt 
 3.00000000 57.35872548  1.07747296  0.01970379  0.07223512  0.86065479 
[1] "New improvement found, resetting step counter"
       step   negloglik          mu    sigma.sq          SE          bt 
 4.00000000 57.31384170  0.92236238  0.01980653  0.07602322  0.98646835 
       step   negloglik          mu    sigma.sq          SE          bt 
 5.00000000 57.31384170  0.92236238  0.01980653  0.07602322  0.98646835 
       step   negloglik          mu    sigma.sq          SE          bt 
 6.00000000 57.31384170  0.92236238  0.01980653  0.07602322  0.98646835 
[1] "Now starting analysis"
[1] "Starting with initial values"
       mu  sigma.sq        bt 
0.9192040 0.2266517 1.0000000 
       step   negloglik          mu    sigma.sq          bt 
  1.0000000 108.5310325   0.9192040   0.2266517   1.0000000 
       step   negloglik          mu    sigma.sq          bt 
  2.0000000 108.5310325   0.9192040   0.2266517   1.0000000 
       step   negloglik          mu    sigma.sq          bt 
  3.0000000 108.5310325   0.9192040   0.2266517   1.0000000 
[1] "Now starting analysis"
[1] "Starting with initial values"
       mu  sigma.sq        SE 
0.9192040 0.2266517 0.1133258 
       step   negloglik          mu    sigma.sq          SE 
 1.00000000 57.34883874  0.99830905  0.01970599  0.07419950 
[1] "New improvement found, resetting step counter"
       step   negloglik          mu    sigma.sq          SE 
 2.00000000 57.30508669  0.84756100  0.01978873  0.07612014 
       step   negloglik          mu    sigma.sq          SE 
 3.00000000 57.30508669  0.84756100  0.01978873  0.07612014 
       step   negloglik          mu    sigma.sq          SE 
 4.00000000 57.30508669  0.84756100  0.01978873  0.07612014 
[1] "Now starting analysis"
[1] "Starting with initial values"
       mu  sigma.sq 
0.9192040 0.2266517 
       step   negloglik          mu    sigma.sq 
  1.0000000 108.5310325   0.9192040   0.2266517 
       step   negloglik          mu    sigma.sq 
  2.0000000 108.5310325   0.9192040   0.2266517 
       step   negloglik          mu    sigma.sq 
  3.0000000 108.5310325   0.9192040   0.2266517 
