[1] "args"
[1] "66"  "786"
[1] "Now starting analysis"
[1] "Starting with initial values"
       mu  sigma.sq        SE        bt        vh 
0.7825459 0.2738121 0.1369061 1.0000000 0.1369061 
       step   negloglik          mu    sigma.sq          SE          bt 
 1.00000000 18.90930702  0.03728718  0.01055676  0.09021658  2.02160253 
         vh 
 0.52946525 
[1] "New improvement found, resetting step counter"
        step    negloglik           mu     sigma.sq           SE           bt 
 2.000000000 18.218854437  0.145620349  0.011572079  0.091920676  3.246693703 
          vh 
 0.005795841 
        step    negloglik           mu     sigma.sq           SE           bt 
 3.000000000 18.218854437  0.145620349  0.011572079  0.091920676  3.246693703 
          vh 
 0.005795841 
        step    negloglik           mu     sigma.sq           SE           bt 
 4.000000000 18.218854437  0.145620349  0.011572079  0.091920676  3.246693703 
          vh 
 0.005795841 
[1] "Now starting analysis"
[1] "Starting with initial values"
       mu  sigma.sq        bt        vh 
0.7825459 0.2738121 1.0000000 0.1369061 
      step  negloglik         mu   sigma.sq         bt         vh 
 1.0000000 37.2586307  0.7825459  0.2738121  1.1000000  0.1369061 
[1] "New improvement found, resetting step counter"
      step  negloglik         mu   sigma.sq         bt         vh 
 2.0000000 37.2469281  0.7825459  0.2738121  1.2100000  0.1369061 
[1] "New improvement found, but slight; taking the best value, but not resetting the step counter"
      step  negloglik         mu   sigma.sq         bt         vh 
 3.0000000 37.2385161  0.8336095  0.2738591  1.3138977  0.1363515 
      step  negloglik         mu   sigma.sq         bt         vh 
 4.0000000 37.2385161  0.8336095  0.2738591  1.3138977  0.1363515 
[1] "Now starting analysis"
[1] "Starting with initial values"
       mu  sigma.sq        SE        vh 
0.7825459 0.2738121 0.1369061 0.1369061 
       step   negloglik          mu    sigma.sq          SE          vh 
 1.00000000 20.11740865  1.05485771  0.02054840  0.07991267  0.20190683 
[1] "New improvement found, resetting step counter"
       step   negloglik          mu    sigma.sq          SE          vh 
 2.00000000 19.41562311  0.18166867  0.00867889  0.10145145  1.76653063 
[1] "New improvement found, resetting step counter"
       step   negloglik          mu    sigma.sq          SE          vh 
 3.00000000 19.36141825  0.09558596  0.01014113  0.09604246  2.38372558 
       step   negloglik          mu    sigma.sq          SE          vh 
 4.00000000 19.36141825  0.09558596  0.01014113  0.09604246  2.38372558 
       step   negloglik          mu    sigma.sq          SE          vh 
 5.00000000 19.36141825  0.09558596  0.01014113  0.09604246  2.38372558 
[1] "Now starting analysis"
[1] "Starting with initial values"
       mu  sigma.sq        vh 
0.7825459 0.2738121 0.1369061 
      step  negloglik         mu   sigma.sq         vh 
 1.0000000 37.2709175  0.8608005  0.2738121  0.1369061 
      step  negloglik         mu   sigma.sq         vh 
 2.0000000 37.2709175  0.8608005  0.2738121  0.1369061 
      step  negloglik         mu   sigma.sq         vh 
 3.0000000 37.2709175  0.8608005  0.2738121  0.1369061 
[1] "Now starting analysis"
[1] "Starting with initial values"
       mu  sigma.sq        SE        bt 
0.7825459 0.2738121 0.1369061 1.0000000 
       step   negloglik          mu    sigma.sq          SE          bt 
 1.00000000 19.79690456  0.86039191  0.02037469  0.07682015  1.21110323 
[1] "New improvement found, resetting step counter"
         step     negloglik            mu      sigma.sq            SE 
 2.0000000000 17.4407997099 -0.1337227180  0.0002100458  0.1620644987 
           bt 
 7.9221762841 
         step     negloglik            mu      sigma.sq            SE 
 3.0000000000 17.4407997099 -0.1337227180  0.0002100458  0.1620644987 
           bt 
 7.9221762841 
         step     negloglik            mu      sigma.sq            SE 
 4.0000000000 17.4407997099 -0.1337227180  0.0002100458  0.1620644987 
           bt 
 7.9221762841 
[1] "Now starting analysis"
[1] "Starting with initial values"
       mu  sigma.sq        bt 
0.7825459 0.2738121 1.0000000 
      step  negloglik         mu   sigma.sq         bt 
 1.0000000 37.2512793  0.7825459  0.2738121  1.1000000 
[1] "New improvement found, resetting step counter"
      step  negloglik         mu   sigma.sq         bt 
 2.0000000 37.2393759  0.7825459  0.2738121  1.2100000 
      step  negloglik         mu   sigma.sq         bt 
 3.0000000 37.2393759  0.7825459  0.2738121  1.2100000 
      step  negloglik         mu   sigma.sq         bt 
 4.0000000 37.2393759  0.7825459  0.2738121  1.2100000 
[1] "Now starting analysis"
[1] "Starting with initial values"
       mu  sigma.sq        SE 
0.7825459 0.2738121 0.1369061 
       step   negloglik          mu    sigma.sq          SE 
 1.00000000 22.36394530  1.01497853  0.01513183  0.18883757 
[1] "New improvement found, resetting step counter"
       step   negloglik          mu    sigma.sq          SE 
 2.00000000 20.14106178  0.98954802  0.01879920  0.08114128 
[1] "New improvement found, but slight; taking the best value, but not resetting the step counter"
       step   negloglik          mu    sigma.sq          SE 
 3.00000000 20.13527027  0.98589507  0.01923257  0.08145064 
[1] "New improvement found, resetting step counter"
       step   negloglik          mu    sigma.sq          SE 
 4.00000000 20.10994037  0.81775766  0.01955627  0.08068985 
       step   negloglik          mu    sigma.sq          SE 
 5.00000000 20.10994037  0.81775766  0.01955627  0.08068985 
       step   negloglik          mu    sigma.sq          SE 
 6.00000000 20.10994037  0.81775766  0.01955627  0.08068985 
[1] "Now starting analysis"
[1] "Starting with initial values"
       mu  sigma.sq 
0.7825459 0.2738121 
      step  negloglik         mu   sigma.sq 
 1.0000000 37.2636451  0.8608005  0.2738121 
      step  negloglik         mu   sigma.sq 
 2.0000000 37.2636451  0.8608005  0.2738121 
      step  negloglik         mu   sigma.sq 
 3.0000000 37.2636451  0.8608005  0.2738121 
