[1] "args"
[1] "66"  "133"
[1] "Now starting analysis"
[1] "Starting with initial values"
        mu   sigma.sq         SE         bt         vh 
0.77352154 0.10329176 0.05164588 1.00000000 0.05164588 
       step   negloglik          mu    sigma.sq          SE          bt 
 1.00000000 55.43429074  0.83245927  0.01091893  0.07809440  1.01726668 
         vh 
 0.08811723 
[1] "New improvement found, resetting step counter"
        step    negloglik           mu     sigma.sq           SE           bt 
 2.000000000 54.802786490  0.884235130  0.009706271  0.078897097  0.510996074 
          vh 
 0.001254985 
        step    negloglik           mu     sigma.sq           SE           bt 
 3.000000000 54.802786490  0.884235130  0.009706271  0.078897097  0.510996074 
          vh 
 0.001254985 
        step    negloglik           mu     sigma.sq           SE           bt 
 4.000000000 54.802786490  0.884235130  0.009706271  0.078897097  0.510996074 
          vh 
 0.001254985 
[1] "Now starting analysis"
[1] "Starting with initial values"
        mu   sigma.sq         bt         vh 
0.77352154 0.10329176 1.00000000 0.05164588 
       step   negloglik          mu    sigma.sq          bt          vh 
 1.00000000 91.98684833  0.77352154  0.10329176  1.00000000  0.05164588 
       step   negloglik          mu    sigma.sq          bt          vh 
 2.00000000 91.98684833  0.77352154  0.10329176  1.00000000  0.05164588 
[1] "New improvement found, resetting step counter"
       step   negloglik          mu    sigma.sq          bt          vh 
 3.00000000 91.96793533  0.81854872  0.10386847  0.91131914  0.05637409 
       step   negloglik          mu    sigma.sq          bt          vh 
 4.00000000 91.96793533  0.81854872  0.10386847  0.91131914  0.05637409 
[1] "New improvement found, resetting step counter"
       step   negloglik          mu    sigma.sq          bt          vh 
 5.00000000 91.95584484  0.78188902  0.10473212  0.82721084  0.06446329 
       step   negloglik          mu    sigma.sq          bt          vh 
 6.00000000 91.95584484  0.78188902  0.10473212  0.82721084  0.06446329 
[1] "New improvement found, resetting step counter"
       step   negloglik          mu    sigma.sq          bt          vh 
 7.00000000 91.93980789  0.93329063  0.10216309  0.66960498  0.09550987 
[1] "New improvement found, but slight; taking the best value, but not resetting the step counter"
       step   negloglik          mu    sigma.sq          bt          vh 
 8.00000000 91.93744183  0.97235307  0.10291545  0.63266989  0.09790549 
[1] "New improvement found, but slight; taking the best value, but not resetting the step counter"
      step  negloglik         mu   sigma.sq         bt         vh 
 9.0000000 91.9309458  0.9184338  0.1023380  0.5731386  0.0943140 
[1] "Now starting analysis"
[1] "Starting with initial values"
        mu   sigma.sq         SE         vh 
0.77352154 0.10329176 0.05164588 0.05164588 
       step   negloglik          mu    sigma.sq          SE          vh 
 1.00000000 55.52035575  0.82123519  0.01085995  0.06927006  0.09786298 
[1] "New improvement found, resetting step counter"
       step   negloglik          mu    sigma.sq          SE          vh 
 2.00000000 55.44919451  0.84593465  0.01155261  0.07660253  0.12256244 
[1] "New improvement found, resetting step counter"
       step   negloglik          mu    sigma.sq          SE          vh 
 3.00000000 55.40402135  0.83107023  0.01056445  0.07566226  0.09143870 
[1] "New improvement found, but slight; taking the best value, but not resetting the step counter"
       step   negloglik          mu    sigma.sq          SE          vh 
 4.00000000 55.40005918  0.82715138  0.01050232  0.07970502  0.08781191 
       step   negloglik          mu    sigma.sq          SE          vh 
 5.00000000 55.40005918  0.82715138  0.01050232  0.07970502  0.08781191 
[1] "Now starting analysis"
[1] "Starting with initial values"
        mu   sigma.sq         vh 
0.77352154 0.10329176 0.05164588 
       step   negloglik          mu    sigma.sq          vh 
 1.00000000 91.98684833  0.77352154  0.10329176  0.05164588 
       step   negloglik          mu    sigma.sq          vh 
 2.00000000 91.98684833  0.77352154  0.10329176  0.05164588 
       step   negloglik          mu    sigma.sq          vh 
 3.00000000 91.98684833  0.77352154  0.10329176  0.05164588 
[1] "Now starting analysis"
[1] "Starting with initial values"
        mu   sigma.sq         SE         bt 
0.77352154 0.10329176 0.05164588 1.00000000 
       step   negloglik          mu    sigma.sq          SE          bt 
 1.00000000 55.46455934  0.83185394  0.01016488  0.07823770  1.02515678 
[1] "New improvement found, resetting step counter"
       step   negloglik          mu    sigma.sq          SE          bt 
 2.00000000 54.83645836  0.92520796  0.01082131  0.07391398  0.58173786 
[1] "New improvement found, resetting step counter"
       step   negloglik          mu    sigma.sq          SE          bt 
 3.00000000 54.81071584  0.84388317  0.01064729  0.07745102  0.61510516 
[1] "New improvement found, resetting step counter"
       step   negloglik          mu    sigma.sq          SE          bt 
 4.00000000 54.77703370  0.88646581  0.01006950  0.07938241  0.57238360 
       step   negloglik          mu    sigma.sq          SE          bt 
 5.00000000 54.77703370  0.88646581  0.01006950  0.07938241  0.57238360 
       step   negloglik          mu    sigma.sq          SE          bt 
 6.00000000 54.77703370  0.88646581  0.01006950  0.07938241  0.57238360 
[1] "Now starting analysis"
[1] "Starting with initial values"
       mu  sigma.sq        bt 
0.7735215 0.1032918 1.0000000 
      step  negloglik         mu   sigma.sq         bt 
 1.0000000 91.9764578  0.7735215  0.1032918  1.0000000 
      step  negloglik         mu   sigma.sq         bt 
 2.0000000 91.9764578  0.7735215  0.1032918  1.0000000 
      step  negloglik         mu   sigma.sq         bt 
 3.0000000 91.9764578  0.7735215  0.1032918  1.0000000 
[1] "Now starting analysis"
[1] "Starting with initial values"
        mu   sigma.sq         SE 
0.77352154 0.10329176 0.05164588 
        step    negloglik           mu     sigma.sq           SE 
 1.000000000 55.417125118  0.828088883  0.009854884  0.079358773 
        step    negloglik           mu     sigma.sq           SE 
 2.000000000 55.417125118  0.828088883  0.009854884  0.079358773 
[1] "New improvement found, resetting step counter"
       step   negloglik          mu    sigma.sq          SE 
 3.00000000 55.40458640  0.82148673  0.01040951  0.07996047 
       step   negloglik          mu    sigma.sq          SE 
 4.00000000 55.40458640  0.82148673  0.01040951  0.07996047 
       step   negloglik          mu    sigma.sq          SE 
 5.00000000 55.40458640  0.82148673  0.01040951  0.07996047 
[1] "Now starting analysis"
[1] "Starting with initial values"
       mu  sigma.sq 
0.7735215 0.1032918 
      step  negloglik         mu   sigma.sq 
 1.0000000 91.9764578  0.7735215  0.1032918 
      step  negloglik         mu   sigma.sq 
 2.0000000 91.9764578  0.7735215  0.1032918 
      step  negloglik         mu   sigma.sq 
 3.0000000 91.9764578  0.7735215  0.1032918 
