000 (066.971.000) 07/26 17:14:46 Job submitted from host: <160.36.155.106:9618?addrs=160.36.155.106-9618&noUDP&sock=27742_4872_4>
...
012 (066.971.000) 08/03 14:16:49 Job was held.
	via condor_hold (by user bomeara)
	Code 1 Subcode 0
...
013 (066.971.000) 08/05 22:27:35 Job was released.
	via condor_release (by user bomeara)
...
012 (066.971.000) 08/09 10:35:35 Job was held.
	via condor_hold (by user bomeara)
	Code 1 Subcode 0
...
013 (066.971.000) 08/09 13:04:55 Job was released.
	via condor_release (by user bomeara)
...
001 (066.971.000) 08/18 21:51:50 Job executing on host: <10.131.171.171:9618?addrs=10.131.171.171-9618&noUDP&sock=2142_cff3_4>
...
006 (066.971.000) 08/18 21:51:59 Image size of job updated: 243084
	238  -  MemoryUsage of job (MB)
	243084  -  ResidentSetSize of job (KB)
...
006 (066.971.000) 08/18 22:02:00 Image size of job updated: 243228
	238  -  MemoryUsage of job (MB)
	243228  -  ResidentSetSize of job (KB)
...
006 (066.971.000) 08/18 22:12:02 Image size of job updated: 243240
	238  -  MemoryUsage of job (MB)
	243240  -  ResidentSetSize of job (KB)
...
006 (066.971.000) 08/21 12:03:24 Image size of job updated: 246972
	242  -  MemoryUsage of job (MB)
	246972  -  ResidentSetSize of job (KB)
...
006 (066.971.000) 08/26 15:10:48 Image size of job updated: 247588
	242  -  MemoryUsage of job (MB)
	247588  -  ResidentSetSize of job (KB)
...
006 (066.971.000) 08/28 15:21:14 Image size of job updated: 449604
	242  -  MemoryUsage of job (MB)
	247588  -  ResidentSetSize of job (KB)
...
005 (066.971.000) 08/28 15:21:14 Job terminated.
	(1) Normal termination (return value 0)
		Usr 9 17:01:14, Sys 0 00:02:31  -  Run Remote Usage
		Usr 0 00:00:00, Sys 0 00:00:00  -  Run Local Usage
		Usr 9 17:01:14, Sys 0 00:02:31  -  Total Remote Usage
		Usr 0 00:00:00, Sys 0 00:00:00  -  Total Local Usage
	31892  -  Run Bytes Sent By Job
	2422  -  Run Bytes Received By Job
	31892  -  Total Bytes Sent By Job
	2422  -  Total Bytes Received By Job
	Partitionable Resources :    Usage  Request Allocated 
	   Cpus                 :     1.00        1         1 
	   Disk (KB)            :    49           4    890691 
	   Memory (MB)          :   242           1       128 
...
