000 (066.903.000) 07/26 17:14:46 Job submitted from host: <160.36.155.106:9618?addrs=160.36.155.106-9618&noUDP&sock=27742_4872_4>
...
012 (066.903.000) 08/03 14:16:46 Job was held.
	via condor_hold (by user bomeara)
	Code 1 Subcode 0
...
013 (066.903.000) 08/05 22:27:32 Job was released.
	via condor_release (by user bomeara)
...
012 (066.903.000) 08/09 10:35:31 Job was held.
	via condor_hold (by user bomeara)
	Code 1 Subcode 0
...
013 (066.903.000) 08/09 13:04:51 Job was released.
	via condor_release (by user bomeara)
...
001 (066.903.000) 08/12 20:57:03 Job executing on host: <10.128.213.253:9618?addrs=10.128.213.253-9618&noUDP&sock=2256_01bf_4>
...
006 (066.903.000) 08/12 20:57:11 Image size of job updated: 243288
	238  -  MemoryUsage of job (MB)
	243288  -  ResidentSetSize of job (KB)
...
006 (066.903.000) 08/12 21:02:11 Image size of job updated: 246280
	241  -  MemoryUsage of job (MB)
	246280  -  ResidentSetSize of job (KB)
...
006 (066.903.000) 08/12 21:07:12 Image size of job updated: 246296
	241  -  MemoryUsage of job (MB)
	246296  -  ResidentSetSize of job (KB)
...
006 (066.903.000) 08/13 11:08:38 Image size of job updated: 249596
	244  -  MemoryUsage of job (MB)
	249596  -  ResidentSetSize of job (KB)
...
001 (066.903.000) 08/15 08:42:12 Job executing on host: <10.130.107.8:9618?addrs=10.130.107.8-9618&noUDP&sock=69199_5635_4>
...
005 (066.903.000) 08/16 09:45:25 Job terminated.
	(1) Normal termination (return value 0)
		Usr 1 01:00:51, Sys 0 00:00:19  -  Run Remote Usage
		Usr 0 00:00:00, Sys 0 00:00:00  -  Run Local Usage
		Usr 1 01:00:51, Sys 0 00:00:19  -  Total Remote Usage
		Usr 0 00:00:00, Sys 0 00:00:00  -  Total Local Usage
	31140  -  Run Bytes Sent By Job
	2422  -  Run Bytes Received By Job
	31140  -  Total Bytes Sent By Job
	4844  -  Total Bytes Received By Job
	Partitionable Resources :    Usage  Request Allocated 
	   Cpus                 :     1.00        1         1 
	   Disk (KB)            :    49          75    888358 
	   Memory (MB)          :   245         245       256 
...
