[1] "args"
[1] "66"   "1294"
[1] "Now starting analysis"
[1] "Starting with initial values"
       mu  sigma.sq        SE        bt        vh 
3.5665480 0.5042107 0.2521054 1.0000000 0.2521054 
        step    negloglik           mu     sigma.sq           SE           bt 
1.000000e+00 2.336934e+01 3.928510e+00 4.480198e-05 1.320518e-01 1.465219e+00 
          vh 
7.293170e-01 
[1] "New improvement found, resetting step counter"
        step    negloglik           mu     sigma.sq           SE           bt 
2.000000e+00 2.233920e+01 1.819447e+00 6.571562e-05 1.312779e-01 1.833214e+00 
          vh 
9.035667e-01 
        step    negloglik           mu     sigma.sq           SE           bt 
3.000000e+00 2.233920e+01 1.819447e+00 6.571562e-05 1.312779e-01 1.833214e+00 
          vh 
9.035667e-01 
        step    negloglik           mu     sigma.sq           SE           bt 
4.000000e+00 2.233920e+01 1.819447e+00 6.571562e-05 1.312779e-01 1.833214e+00 
          vh 
9.035667e-01 
[1] "Now starting analysis"
[1] "Starting with initial values"
       mu  sigma.sq        bt        vh 
3.5665480 0.5042107 1.0000000 0.2521054 
       step   negloglik          mu    sigma.sq          bt          vh 
 1.00000000 46.89411932  3.87076118  0.50486923  1.10359484  0.02146694 
       step   negloglik          mu    sigma.sq          bt          vh 
 2.00000000 46.89411932  3.87076118  0.50486923  1.10359484  0.02146694 
       step   negloglik          mu    sigma.sq          bt          vh 
 3.00000000 46.89411932  3.87076118  0.50486923  1.10359484  0.02146694 
[1] "Now starting analysis"
[1] "Starting with initial values"
       mu  sigma.sq        SE        vh 
3.5665480 0.5042107 0.2521054 0.2521054 
        step    negloglik           mu     sigma.sq           SE           vh 
1.000000e+00 2.448506e+01 4.074923e+00 1.425899e-04 1.320154e-01 1.076745e+00 
[1] "New improvement found, resetting step counter"
        step    negloglik           mu     sigma.sq           SE           vh 
2.000000e+00 2.425282e+01 3.671751e+00 2.640392e-06 1.304391e-01 1.441124e+00 
        step    negloglik           mu     sigma.sq           SE           vh 
3.000000e+00 2.425282e+01 3.671751e+00 2.640392e-06 1.304391e-01 1.441124e+00 
        step    negloglik           mu     sigma.sq           SE           vh 
4.000000e+00 2.425282e+01 3.671751e+00 2.640392e-06 1.304391e-01 1.441124e+00 
[1] "Now starting analysis"
[1] "Starting with initial values"
       mu  sigma.sq        vh 
3.5665480 0.5042107 0.2521054 
       step   negloglik          mu    sigma.sq          vh 
 1.00000000 46.90810211  4.03837260  0.51535619  0.01062034 
       step   negloglik          mu    sigma.sq          vh 
 2.00000000 46.90810211  4.03837260  0.51535619  0.01062034 
       step   negloglik          mu    sigma.sq          vh 
 3.00000000 46.90810211  4.03837260  0.51535619  0.01062034 
[1] "Now starting analysis"
[1] "Starting with initial values"
       mu  sigma.sq        SE        bt 
3.5665480 0.5042107 0.2521054 1.0000000 
       step   negloglik          mu    sigma.sq          SE          bt 
 1.00000000 27.53848209  4.01269831  0.03652839  0.12089208  1.10735293 
[1] "New improvement found, resetting step counter"
       step   negloglik          mu    sigma.sq          SE          bt 
 2.00000000 27.31780700  3.19440672  0.03576698  0.12728874  1.22847169 
       step   negloglik          mu    sigma.sq          SE          bt 
 3.00000000 27.31780700  3.19440672  0.03576698  0.12728874  1.22847169 
       step   negloglik          mu    sigma.sq          SE          bt 
 4.00000000 27.31780700  3.19440672  0.03576698  0.12728874  1.22847169 
[1] "Now starting analysis"
[1] "Starting with initial values"
       mu  sigma.sq        bt 
3.5665480 0.5042107 1.0000000 
      step  negloglik         mu   sigma.sq         bt 
 1.0000000 46.9030603  3.9232028  0.5042107  1.0000000 
[1] "New improvement found, but slight; taking the best value, but not resetting the step counter"
      step  negloglik         mu   sigma.sq         bt 
 2.0000000 46.9009076  4.0076607  0.5123841  1.2152313 
[1] "New improvement found, but slight; taking the best value, but not resetting the step counter"
      step  negloglik         mu   sigma.sq         bt 
 3.0000000 46.8944843  3.8415311  0.4918847  1.0879521 
[1] "Now starting analysis"
[1] "Starting with initial values"
       mu  sigma.sq        SE 
3.5665480 0.5042107 0.2521054 
       step   negloglik          mu    sigma.sq          SE 
 1.00000000 27.75176341  4.20686554  0.03969033  0.12274385 
[1] "New improvement found, resetting step counter"
       step   negloglik          mu    sigma.sq          SE 
 2.00000000 27.71673131  3.85846382  0.04029032  0.11780303 
[1] "New improvement found, but slight; taking the best value, but not resetting the step counter"
       step   negloglik          mu    sigma.sq          SE 
 3.00000000 27.71427935  3.93480783  0.03831695  0.11870778 
[1] "New improvement found, but slight; taking the best value, but not resetting the step counter"
       step   negloglik          mu    sigma.sq          SE 
 4.00000000 27.71006611  3.89137854  0.03976515  0.12535912 
[1] "Now starting analysis"
[1] "Starting with initial values"
       mu  sigma.sq 
3.5665480 0.5042107 
      step  negloglik         mu   sigma.sq 
 1.0000000 46.9030603  3.9232028  0.5042107 
      step  negloglik         mu   sigma.sq 
 2.0000000 46.9030603  3.9232028  0.5042107 
      step  negloglik         mu   sigma.sq 
 3.0000000 46.9030603  3.9232028  0.5042107 
