000 (066.986.000) 07/26 17:14:46 Job submitted from host: <160.36.155.106:9618?addrs=160.36.155.106-9618&noUDP&sock=27742_4872_4>
...
012 (066.986.000) 08/03 14:16:50 Job was held.
	via condor_hold (by user bomeara)
	Code 1 Subcode 0
...
013 (066.986.000) 08/05 22:27:36 Job was released.
	via condor_release (by user bomeara)
...
012 (066.986.000) 08/09 10:35:36 Job was held.
	via condor_hold (by user bomeara)
	Code 1 Subcode 0
...
013 (066.986.000) 08/09 13:04:55 Job was released.
	via condor_release (by user bomeara)
...
001 (066.986.000) 08/19 08:21:01 Job executing on host: <10.128.151.149:9618?addrs=10.128.151.149-9618&noUDP&sock=21393_65a7_4>
...
006 (066.986.000) 08/19 08:21:09 Image size of job updated: 220476
	216  -  MemoryUsage of job (MB)
	220476  -  ResidentSetSize of job (KB)
...
006 (066.986.000) 08/19 08:26:09 Image size of job updated: 230772
	226  -  MemoryUsage of job (MB)
	230772  -  ResidentSetSize of job (KB)
...
005 (066.986.000) 08/21 06:26:00 Job terminated.
	(1) Normal termination (return value 0)
		Usr 1 22:03:22, Sys 0 00:00:07  -  Run Remote Usage
		Usr 0 00:00:00, Sys 0 00:00:00  -  Run Local Usage
		Usr 1 22:03:22, Sys 0 00:00:07  -  Total Remote Usage
		Usr 0 00:00:00, Sys 0 00:00:00  -  Total Local Usage
	28556  -  Run Bytes Sent By Job
	2422  -  Run Bytes Received By Job
	28556  -  Total Bytes Sent By Job
	2422  -  Total Bytes Received By Job
	Partitionable Resources :    Usage  Request Allocated 
	   Cpus                 :     1.00        1         1 
	   Disk (KB)            :    46           4   1811025 
	   Memory (MB)          :   226           1       128 
...
