[1] "args"
[1] "66"  "339"
[1] "Now starting analysis"
[1] "Starting with initial values"
       mu  sigma.sq        SE        bt        vh 
0.6346241 0.3021728 0.1510864 1.0000000 0.1510864 
       step   negloglik          mu    sigma.sq          SE          bt 
 1.00000000 62.65103361  0.73876307  0.01617369  0.09462822  1.11778269 
         vh 
 0.12701511 
[1] "New improvement found, resetting step counter"
        step    negloglik           mu     sigma.sq           SE           bt 
 2.000000000 60.750336861  1.015890106  0.014843913  0.091912996  0.756112099 
          vh 
 0.001331333 
[1] "New improvement found, resetting step counter"
        step    negloglik           mu     sigma.sq           SE           bt 
3.000000e+00 6.071706e+01 9.348259e-01 1.480176e-02 9.102773e-02 7.847393e-01 
          vh 
1.352688e-04 
        step    negloglik           mu     sigma.sq           SE           bt 
4.000000e+00 6.071706e+01 9.348259e-01 1.480176e-02 9.102773e-02 7.847393e-01 
          vh 
1.352688e-04 
        step    negloglik           mu     sigma.sq           SE           bt 
5.000000e+00 6.071706e+01 9.348259e-01 1.480176e-02 9.102773e-02 7.847393e-01 
          vh 
1.352688e-04 
[1] "Now starting analysis"
[1] "Starting with initial values"
       mu  sigma.sq        bt        vh 
0.6346241 0.3021728 1.0000000 0.1510864 
       step   negloglik          mu    sigma.sq          bt          vh 
  1.0000000 136.9443586   0.6346241   0.3021728   1.0000000   0.1510864 
       step   negloglik          mu    sigma.sq          bt          vh 
  2.0000000 136.9443586   0.6346241   0.3021728   1.0000000   0.1510864 
[1] "New improvement found, resetting step counter"
       step   negloglik          mu    sigma.sq          bt          vh 
  3.0000000 136.8969589   0.6659788   0.3075654   0.8869494   0.1012256 
       step   negloglik          mu    sigma.sq          bt          vh 
  4.0000000 136.8969589   0.6659788   0.3075654   0.8869494   0.1012256 
       step   negloglik          mu    sigma.sq          bt          vh 
  5.0000000 136.8969589   0.6659788   0.3075654   0.8869494   0.1012256 
[1] "Now starting analysis"
[1] "Starting with initial values"
       mu  sigma.sq        SE        vh 
0.6346241 0.3021728 0.1510864 0.1510864 
       step   negloglik          mu    sigma.sq          SE          vh 
 1.00000000 62.28787005  0.71209646  0.01501851  0.08821441  0.25987982 
[1] "New improvement found, resetting step counter"
        step    negloglik           mu     sigma.sq           SE           vh 
 2.000000000 61.685388679  0.789247391  0.014692862  0.091589137  0.004709541 
[1] "New improvement found, resetting step counter"
        step    negloglik           mu     sigma.sq           SE           vh 
3.000000e+00 6.160729e+01 6.223384e-01 1.362060e-02 9.242245e-02 6.000518e-04 
        step    negloglik           mu     sigma.sq           SE           vh 
4.000000e+00 6.160729e+01 6.223384e-01 1.362060e-02 9.242245e-02 6.000518e-04 
        step    negloglik           mu     sigma.sq           SE           vh 
5.000000e+00 6.160729e+01 6.223384e-01 1.362060e-02 9.242245e-02 6.000518e-04 
[1] "Now starting analysis"
[1] "Starting with initial values"
       mu  sigma.sq        vh 
0.6346241 0.3021728 0.1510864 
       step   negloglik          mu    sigma.sq          vh 
  1.0000000 136.9443586   0.6346241   0.3021728   0.1510864 
       step   negloglik          mu    sigma.sq          vh 
  2.0000000 136.9443586   0.6346241   0.3021728   0.1510864 
       step   negloglik          mu    sigma.sq          vh 
  3.0000000 136.9443586   0.6346241   0.3021728   0.1510864 
[1] "Now starting analysis"
[1] "Starting with initial values"
       mu  sigma.sq        SE        bt 
0.6346241 0.3021728 0.1510864 1.0000000 
       step   negloglik          mu    sigma.sq          SE          bt 
 1.00000000 62.59067011  0.75827773  0.01587206  0.08609484  1.10997771 
[1] "New improvement found, resetting step counter"
       step   negloglik          mu    sigma.sq          SE          bt 
 2.00000000 60.71294218  0.84821430  0.01482792  0.08929875  0.78380582 
       step   negloglik          mu    sigma.sq          SE          bt 
 3.00000000 60.71294218  0.84821430  0.01482792  0.08929875  0.78380582 
       step   negloglik          mu    sigma.sq          SE          bt 
 4.00000000 60.71294218  0.84821430  0.01482792  0.08929875  0.78380582 
[1] "Now starting analysis"
[1] "Starting with initial values"
       mu  sigma.sq        bt 
0.6346241 0.3021728 1.0000000 
       step   negloglik          mu    sigma.sq          bt 
  1.0000000 136.8731222   0.6346241   0.3021728   1.0000000 
       step   negloglik          mu    sigma.sq          bt 
  2.0000000 136.8731222   0.6346241   0.3021728   1.0000000 
       step   negloglik          mu    sigma.sq          bt 
  3.0000000 136.8731222   0.6346241   0.3021728   1.0000000 
[1] "Now starting analysis"
[1] "Starting with initial values"
       mu  sigma.sq        SE 
0.6346241 0.3021728 0.1510864 
       step   negloglik          mu    sigma.sq          SE 
 1.00000000 61.54937480  0.61303721  0.01474828  0.08663067 
       step   negloglik          mu    sigma.sq          SE 
 2.00000000 61.54937480  0.61303721  0.01474828  0.08663067 
       step   negloglik          mu    sigma.sq          SE 
 3.00000000 61.54937480  0.61303721  0.01474828  0.08663067 
[1] "Now starting analysis"
[1] "Starting with initial values"
       mu  sigma.sq 
0.6346241 0.3021728 
       step   negloglik          mu    sigma.sq 
  1.0000000 136.8731222   0.6346241   0.3021728 
       step   negloglik          mu    sigma.sq 
  2.0000000 136.8731222   0.6346241   0.3021728 
       step   negloglik          mu    sigma.sq 
  3.0000000 136.8731222   0.6346241   0.3021728 
