000 (066.1612.000) 07/26 17:14:46 Job submitted from host: <160.36.155.106:9618?addrs=160.36.155.106-9618&noUDP&sock=27742_4872_4>
...
012 (066.1612.000) 08/03 14:17:22 Job was held.
	via condor_hold (by user bomeara)
	Code 1 Subcode 0
...
013 (066.1612.000) 08/05 22:28:09 Job was released.
	via condor_release (by user bomeara)
...
012 (066.1612.000) 08/09 10:36:18 Job was held.
	via condor_hold (by user bomeara)
	Code 1 Subcode 0
...
013 (066.1612.000) 08/09 13:05:27 Job was released.
	via condor_release (by user bomeara)
...
012 (066.1612.000) 09/23 13:38:10 Job was held.
	via condor_hold (by user bomeara)
	Code 1 Subcode 0
...
013 (066.1612.000) 09/24 14:50:02 Job was released.
	via condor_release (by user bomeara)
...
001 (066.1612.000) 09/24 16:21:10 Job executing on host: <10.129.199.164:9618?addrs=10.129.199.164-9618&noUDP&sock=2250_e42e_4>
...
006 (066.1612.000) 09/24 16:21:19 Image size of job updated: 221748
	217  -  MemoryUsage of job (MB)
	221748  -  ResidentSetSize of job (KB)
...
006 (066.1612.000) 09/24 18:16:33 Image size of job updated: 231596
	227  -  MemoryUsage of job (MB)
	231596  -  ResidentSetSize of job (KB)
...
006 (066.1612.000) 09/24 22:01:56 Image size of job updated: 231612
	227  -  MemoryUsage of job (MB)
	231612  -  ResidentSetSize of job (KB)
...
022 (066.1612.000) 10/04 13:16:49 Job disconnected, attempting to reconnect
    Socket between submit and execute hosts closed unexpectedly
    Trying to reconnect to slot1_18@omearaclusteri <10.129.199.164:9618?addrs=10.129.199.164-9618&noUDP&sock=2250_e42e_4>
...
024 (066.1612.000) 10/04 13:56:51 Job reconnection failed
    Job disconnected too long: JobLeaseDuration (2400 seconds) expired
    Can not reconnect to slot1_18@omearaclusteri, rescheduling job
...
001 (066.1612.000) 10/04 19:00:59 Job executing on host: <10.128.147.77:9618?addrs=10.128.147.77-9618&noUDP&sock=2387_dca7_4>
...
005 (066.1612.000) 10/05 05:06:21 Job terminated.
	(1) Normal termination (return value 1)
		Usr 0 10:04:33, Sys 0 00:00:02  -  Run Remote Usage
		Usr 0 00:00:00, Sys 0 00:00:00  -  Run Local Usage
		Usr 0 10:04:33, Sys 0 00:00:02  -  Total Remote Usage
		Usr 0 00:00:00, Sys 0 00:00:00  -  Total Local Usage
	3725  -  Run Bytes Sent By Job
	2422  -  Run Bytes Received By Job
	3725  -  Total Bytes Sent By Job
	4844  -  Total Bytes Received By Job
	Partitionable Resources :    Usage  Request Allocated 
	   Cpus                 :     1.00        1         1 
	   Disk (KB)            :    22          75    888593 
	   Memory (MB)          :   245         245       256 
...
