000 (066.074.000) 07/26 17:14:45 Job submitted from host: <160.36.155.106:9618?addrs=160.36.155.106-9618&noUDP&sock=27742_4872_4>
...
001 (066.074.000) 07/26 17:14:51 Job executing on host: <10.129.167.211:9618?addrs=10.129.167.211-9618&noUDP&sock=2276_b9a4_4>
...
006 (066.074.000) 07/26 17:14:59 Image size of job updated: 220876
	216  -  MemoryUsage of job (MB)
	220876  -  ResidentSetSize of job (KB)
...
006 (066.074.000) 07/26 17:19:59 Image size of job updated: 225048
	220  -  MemoryUsage of job (MB)
	225048  -  ResidentSetSize of job (KB)
...
006 (066.074.000) 07/27 13:47:03 Image size of job updated: 227644
	223  -  MemoryUsage of job (MB)
	227644  -  ResidentSetSize of job (KB)
...
006 (066.074.000) 07/27 18:22:32 Image size of job updated: 227964
	223  -  MemoryUsage of job (MB)
	227964  -  ResidentSetSize of job (KB)
...
006 (066.074.000) 07/27 19:47:40 Image size of job updated: 230276
	225  -  MemoryUsage of job (MB)
	230276  -  ResidentSetSize of job (KB)
...
005 (066.074.000) 07/27 23:43:38 Job terminated.
	(1) Normal termination (return value 0)
		Usr 1 06:26:03, Sys 0 00:00:14  -  Run Remote Usage
		Usr 0 00:00:00, Sys 0 00:00:00  -  Run Local Usage
		Usr 1 06:26:03, Sys 0 00:00:14  -  Total Remote Usage
		Usr 0 00:00:00, Sys 0 00:00:00  -  Total Local Usage
	28695  -  Run Bytes Sent By Job
	2422  -  Run Bytes Received By Job
	28695  -  Total Bytes Sent By Job
	2422  -  Total Bytes Received By Job
	Partitionable Resources :    Usage  Request Allocated 
	   Cpus                 :     1.00        1         1 
	   Disk (KB)            :    46           4    892167 
	   Memory (MB)          :   225           1       128 
...
