000 (066.018.000) 07/26 17:14:45 Job submitted from host: <160.36.155.106:9618?addrs=160.36.155.106-9618&noUDP&sock=27742_4872_4>
...
001 (066.018.000) 07/26 17:14:48 Job executing on host: <10.130.210.206:9618?addrs=10.130.210.206-9618&noUDP&sock=76684_6c96_4>
...
006 (066.018.000) 07/26 17:14:56 Image size of job updated: 232880
	228  -  MemoryUsage of job (MB)
	232880  -  ResidentSetSize of job (KB)
...
006 (066.018.000) 07/26 17:19:56 Image size of job updated: 232892
	228  -  MemoryUsage of job (MB)
	232892  -  ResidentSetSize of job (KB)
...
005 (066.018.000) 07/26 18:44:35 Job terminated.
	(1) Normal termination (return value 0)
		Usr 0 01:29:41, Sys 0 00:00:01  -  Run Remote Usage
		Usr 0 00:00:00, Sys 0 00:00:00  -  Run Local Usage
		Usr 0 01:29:41, Sys 0 00:00:01  -  Total Remote Usage
		Usr 0 00:00:00, Sys 0 00:00:00  -  Total Local Usage
	28561  -  Run Bytes Sent By Job
	2422  -  Run Bytes Received By Job
	28561  -  Total Bytes Sent By Job
	2422  -  Total Bytes Received By Job
	Partitionable Resources :    Usage  Request Allocated 
	   Cpus                 :     1.00        1         1 
	   Disk (KB)            :    45           4    813884 
	   Memory (MB)          :   228           1       128 
...
