000 (066.1409.000) 07/26 17:14:46 Job submitted from host: <160.36.155.106:9618?addrs=160.36.155.106-9618&noUDP&sock=27742_4872_4>
...
012 (066.1409.000) 08/03 14:17:12 Job was held.
	via condor_hold (by user bomeara)
	Code 1 Subcode 0
...
013 (066.1409.000) 08/05 22:27:58 Job was released.
	via condor_release (by user bomeara)
...
012 (066.1409.000) 08/09 10:36:04 Job was held.
	via condor_hold (by user bomeara)
	Code 1 Subcode 0
...
013 (066.1409.000) 08/09 13:05:17 Job was released.
	via condor_release (by user bomeara)
...
001 (066.1409.000) 09/11 00:41:23 Job executing on host: <10.129.199.164:9618?addrs=10.129.199.164-9618&noUDP&sock=2357_48d0_4>
...
006 (066.1409.000) 09/11 00:41:32 Image size of job updated: 243176
	238  -  MemoryUsage of job (MB)
	243176  -  ResidentSetSize of job (KB)
...
006 (066.1409.000) 09/11 00:46:33 Image size of job updated: 243264
	238  -  MemoryUsage of job (MB)
	243264  -  ResidentSetSize of job (KB)
...
006 (066.1409.000) 09/11 00:51:34 Image size of job updated: 243280
	238  -  MemoryUsage of job (MB)
	243280  -  ResidentSetSize of job (KB)
...
006 (066.1409.000) 09/11 12:37:45 Image size of job updated: 248168
	243  -  MemoryUsage of job (MB)
	248168  -  ResidentSetSize of job (KB)
...
005 (066.1409.000) 09/12 19:24:51 Job terminated.
	(1) Normal termination (return value 0)
		Usr 1 18:39:50, Sys 0 00:00:16  -  Run Remote Usage
		Usr 0 00:00:00, Sys 0 00:00:00  -  Run Local Usage
		Usr 1 18:39:50, Sys 0 00:00:16  -  Total Remote Usage
		Usr 0 00:00:00, Sys 0 00:00:00  -  Total Local Usage
	31996  -  Run Bytes Sent By Job
	2422  -  Run Bytes Received By Job
	31996  -  Total Bytes Sent By Job
	2422  -  Total Bytes Received By Job
	Partitionable Resources :    Usage  Request Allocated 
	   Cpus                 :     0.99        1         1 
	   Disk (KB)            :    49           4    889379 
	   Memory (MB)          :   243           1       128 
...
