[1] "args"
[1] "66"  "233"
[1] "Now starting analysis"
[1] "Starting with initial values"
         mu    sigma.sq          SE          bt          vh 
0.320113962 0.009266213 0.004633106 1.000000000 0.004633106 
         step     negloglik            mu      sigma.sq            SE 
 1.000000e+00 -3.391652e+01  3.233048e-01  9.124393e-03  9.745519e-06 
           bt            vh 
 1.076098e+00  5.194969e-05 
[1] "New improvement found, resetting step counter"
         step     negloglik            mu      sigma.sq            SE 
 2.000000e+00 -3.400795e+01  3.075190e-01  9.123439e-03  8.293321e-06 
           bt            vh 
 1.137792e+00  6.321942e-05 
         step     negloglik            mu      sigma.sq            SE 
 3.000000e+00 -3.400795e+01  3.075190e-01  9.123439e-03  8.293321e-06 
           bt            vh 
 1.137792e+00  6.321942e-05 
         step     negloglik            mu      sigma.sq            SE 
 4.000000e+00 -3.400795e+01  3.075190e-01  9.123439e-03  8.293321e-06 
           bt            vh 
 1.137792e+00  6.321942e-05 
[1] "Now starting analysis"
[1] "Starting with initial values"
         mu    sigma.sq          bt          vh 
0.320113962 0.009266213 1.000000000 0.004633106 
         step     negloglik            mu      sigma.sq            bt 
 1.000000e+00 -3.401273e+01  3.145378e-01  9.256210e-03  1.135049e+00 
           vh 
 8.639279e-04 
[1] "New improvement found, resetting step counter"
         step     negloglik            mu      sigma.sq            bt 
 2.000000e+00 -3.406046e+01  2.329576e-01  9.255890e-03  1.135312e+00 
           vh 
 1.593403e-05 
         step     negloglik            mu      sigma.sq            bt 
 3.000000e+00 -3.406046e+01  2.329576e-01  9.255890e-03  1.135312e+00 
           vh 
 1.593403e-05 
         step     negloglik            mu      sigma.sq            bt 
 4.000000e+00 -3.406046e+01  2.329576e-01  9.255890e-03  1.135312e+00 
           vh 
 1.593403e-05 
[1] "Now starting analysis"
[1] "Starting with initial values"
         mu    sigma.sq          SE          vh 
0.320113962 0.009266213 0.004633106 0.004633106 
         step     negloglik            mu      sigma.sq            SE 
 1.000000e+00 -3.353146e+01  3.497875e-01  9.158292e-03  8.744150e-07 
           vh 
 2.672675e-04 
[1] "New improvement found, resetting step counter"
         step     negloglik            mu      sigma.sq            SE 
 2.000000e+00 -3.354812e+01  3.847662e-01  9.158292e-03  8.744150e-07 
           vh 
 2.672675e-04 
         step     negloglik            mu      sigma.sq            SE 
 3.000000e+00 -3.354812e+01  3.847662e-01  9.158292e-03  8.744150e-07 
           vh 
 2.672675e-04 
         step     negloglik            mu      sigma.sq            SE 
 4.000000e+00 -3.354812e+01  3.847662e-01  9.158292e-03  8.744150e-07 
           vh 
 2.672675e-04 
[1] "Now starting analysis"
[1] "Starting with initial values"
         mu    sigma.sq          vh 
0.320113962 0.009266213 0.004633106 
         step     negloglik            mu      sigma.sq            vh 
 1.000000e+00 -3.357302e+01  3.748382e-01  9.414826e-03  1.599543e-04 
[1] "New improvement found, but slight; taking the best value, but not resetting the step counter"
         step     negloglik            mu      sigma.sq            vh 
 2.000000e+00 -3.358221e+01  4.123220e-01  9.414826e-03  1.599543e-04 
         step     negloglik            mu      sigma.sq            vh 
 3.000000e+00 -3.358221e+01  4.123220e-01  9.414826e-03  1.599543e-04 
[1] "Now starting analysis"
[1] "Starting with initial values"
         mu    sigma.sq          SE          bt 
0.320113962 0.009266213 0.004633106 1.000000000 
         step     negloglik            mu      sigma.sq            SE 
 1.000000e+00 -3.401132e+01  3.089591e-01  9.579045e-03  6.997512e-06 
           bt 
 1.142438e+00 
[1] "New improvement found, resetting step counter"
         step     negloglik            mu      sigma.sq            SE 
 2.000000e+00 -3.403455e+01  2.933944e-01  9.576947e-03  2.342704e-07 
           bt 
 1.143799e+00 
         step     negloglik            mu      sigma.sq            SE 
 3.000000e+00 -3.403455e+01  2.933944e-01  9.576947e-03  2.342704e-07 
           bt 
 1.143799e+00 
[1] "New improvement found, resetting step counter"
         step     negloglik            mu      sigma.sq            SE 
 4.000000e+00 -3.404552e+01  2.519946e-01  9.173806e-03  3.980424e-06 
           bt 
 1.135461e+00 
         step     negloglik            mu      sigma.sq            SE 
 5.000000e+00 -3.404552e+01  2.519946e-01  9.173806e-03  3.980424e-06 
           bt 
 1.135461e+00 
         step     negloglik            mu      sigma.sq            SE 
 6.000000e+00 -3.404552e+01  2.519946e-01  9.173806e-03  3.980424e-06 
           bt 
 1.135461e+00 
[1] "Now starting analysis"
[1] "Starting with initial values"
         mu    sigma.sq          bt 
0.320113962 0.009266213 1.000000000 
         step     negloglik            mu      sigma.sq            bt 
  1.000000000 -34.061667271   0.260840235   0.009309615   1.140726273 
[1] "New improvement found, but slight; taking the best value, but not resetting the step counter"
         step     negloglik            mu      sigma.sq            bt 
  2.000000000 -34.068647276   0.199289682   0.009385429   1.149678940 
         step     negloglik            mu      sigma.sq            bt 
  3.000000000 -34.068647276   0.199289682   0.009385429   1.149678940 
[1] "Now starting analysis"
[1] "Starting with initial values"
         mu    sigma.sq          SE 
0.320113962 0.009266213 0.004633106 
         step     negloglik            mu      sigma.sq            SE 
 1.000000e+00 -3.241451e+01  3.872223e-01  7.684545e-03  4.373816e-05 
[1] "New improvement found, but slight; taking the best value, but not resetting the step counter"
         step     negloglik            mu      sigma.sq            SE 
 2.000000e+00 -3.242101e+01  4.259445e-01  7.684545e-03  4.373816e-05 
[1] "New improvement found, resetting step counter"
         step     negloglik            mu      sigma.sq            SE 
 3.000000e+00 -3.320100e+01  3.897214e-01  8.379049e-03  4.109300e-06 
[1] "New improvement found, resetting step counter"
         step     negloglik            mu      sigma.sq            SE 
 4.000000e+00 -3.345204e+01  3.824726e-01  8.816686e-03  3.027348e-06 
[1] "New improvement found, resetting step counter"
         step     negloglik            mu      sigma.sq            SE 
 5.000000e+00 -3.353100e+01  3.415556e-01  9.158061e-03  1.413287e-06 
         step     negloglik            mu      sigma.sq            SE 
 6.000000e+00 -3.353100e+01  3.415556e-01  9.158061e-03  1.413287e-06 
         step     negloglik            mu      sigma.sq            SE 
 7.000000e+00 -3.353100e+01  3.415556e-01  9.158061e-03  1.413287e-06 
[1] "Now starting analysis"
[1] "Starting with initial values"
         mu    sigma.sq 
0.320113962 0.009266213 
         step     negloglik            mu      sigma.sq 
  1.000000000 -33.555737019   0.352125358   0.009266213 
[1] "New improvement found, resetting step counter"
         step     negloglik            mu      sigma.sq 
  2.000000000 -33.571641340   0.387337894   0.009266213 
         step     negloglik            mu      sigma.sq 
  3.000000000 -33.571641340   0.387337894   0.009266213 
         step     negloglik            mu      sigma.sq 
  4.000000000 -33.571641340   0.387337894   0.009266213 
