000 (066.1578.000) 07/26 17:14:46 Job submitted from host: <160.36.155.106:9618?addrs=160.36.155.106-9618&noUDP&sock=27742_4872_4>
...
012 (066.1578.000) 08/03 14:17:20 Job was held.
	via condor_hold (by user bomeara)
	Code 1 Subcode 0
...
013 (066.1578.000) 08/05 22:28:07 Job was released.
	via condor_release (by user bomeara)
...
012 (066.1578.000) 08/09 10:36:15 Job was held.
	via condor_hold (by user bomeara)
	Code 1 Subcode 0
...
013 (066.1578.000) 08/09 13:05:26 Job was released.
	via condor_release (by user bomeara)
...
001 (066.1578.000) 09/19 23:07:48 Job executing on host: <10.128.147.77:9618?addrs=10.128.147.77-9618&noUDP&sock=2387_dca7_4>
...
006 (066.1578.000) 09/19 23:07:57 Image size of job updated: 221184
	216  -  MemoryUsage of job (MB)
	221184  -  ResidentSetSize of job (KB)
...
006 (066.1578.000) 09/19 23:12:58 Image size of job updated: 230988
	226  -  MemoryUsage of job (MB)
	230988  -  ResidentSetSize of job (KB)
...
006 (066.1578.000) 09/20 00:03:03 Image size of job updated: 231840
	227  -  MemoryUsage of job (MB)
	231840  -  ResidentSetSize of job (KB)
...
005 (066.1578.000) 09/20 01:28:49 Job terminated.
	(1) Normal termination (return value 0)
		Usr 0 02:20:49, Sys 0 00:00:01  -  Run Remote Usage
		Usr 0 00:00:00, Sys 0 00:00:00  -  Run Local Usage
		Usr 0 02:20:49, Sys 0 00:00:01  -  Total Remote Usage
		Usr 0 00:00:00, Sys 0 00:00:00  -  Total Local Usage
	27596  -  Run Bytes Sent By Job
	2422  -  Run Bytes Received By Job
	27596  -  Total Bytes Sent By Job
	2422  -  Total Bytes Received By Job
	Partitionable Resources :    Usage  Request Allocated 
	   Cpus                 :     1.00        1         1 
	   Disk (KB)            :    45           4    888593 
	   Memory (MB)          :   227           1       128 
...
