000 (066.912.000) 07/26 17:14:46 Job submitted from host: <160.36.155.106:9618?addrs=160.36.155.106-9618&noUDP&sock=27742_4872_4>
...
012 (066.912.000) 08/03 14:16:46 Job was held.
	via condor_hold (by user bomeara)
	Code 1 Subcode 0
...
013 (066.912.000) 08/05 22:27:32 Job was released.
	via condor_release (by user bomeara)
...
012 (066.912.000) 08/09 10:35:31 Job was held.
	via condor_hold (by user bomeara)
	Code 1 Subcode 0
...
013 (066.912.000) 08/09 13:04:52 Job was released.
	via condor_release (by user bomeara)
...
001 (066.912.000) 08/12 22:32:02 Job executing on host: <10.129.213.175:9618?addrs=10.129.213.175-9618&noUDP&sock=2691_6172_4>
...
006 (066.912.000) 08/12 22:32:11 Image size of job updated: 229776
	225  -  MemoryUsage of job (MB)
	229776  -  ResidentSetSize of job (KB)
...
022 (066.912.000) 08/12 22:53:42 Job disconnected, attempting to reconnect
    Socket between submit and execute hosts closed unexpectedly
    Trying to reconnect to slot1_11@omearalab9 <10.129.213.175:9618?addrs=10.129.213.175-9618&noUDP&sock=2691_6172_4>
...
024 (066.912.000) 08/12 23:33:45 Job reconnection failed
    Job disconnected too long: JobLeaseDuration (2400 seconds) expired
    Can not reconnect to slot1_11@omearalab9, rescheduling job
...
001 (066.912.000) 08/15 13:15:16 Job executing on host: <10.128.151.149:9618?addrs=10.128.151.149-9618&noUDP&sock=21393_65a7_4>
...
005 (066.912.000) 08/15 13:49:45 Job terminated.
	(1) Normal termination (return value 0)
		Usr 0 00:34:28, Sys 0 00:00:00  -  Run Remote Usage
		Usr 0 00:00:00, Sys 0 00:00:00  -  Run Local Usage
		Usr 0 00:34:28, Sys 0 00:00:00  -  Total Remote Usage
		Usr 0 00:00:00, Sys 0 00:00:00  -  Total Local Usage
	27619  -  Run Bytes Sent By Job
	2422  -  Run Bytes Received By Job
	27619  -  Total Bytes Sent By Job
	4844  -  Total Bytes Received By Job
	Partitionable Resources :    Usage  Request Allocated 
	   Cpus                 :     1.00        1         1 
	   Disk (KB)            :    46          40   1811025 
	   Memory (MB)          :   245         245       256 
...
