[1] "args"
[1] "66"  "441"
[1] "Now starting analysis"
[1] "Starting with initial values"
         mu    sigma.sq          SE          bt          vh 
1.221117492 0.013828807 0.006914404 1.000000000 0.006914404 
         step     negloglik            mu      sigma.sq            SE 
 1.000000e+00 -2.790893e+01  9.899059e-02  9.975810e-03  5.517261e-04 
           bt            vh 
 1.734507e+00  2.449560e-01 
[1] "New improvement found, resetting step counter"
         step     negloglik            mu      sigma.sq            SE 
 2.000000e+00 -3.186730e+01  2.726846e-01  9.887035e-03  6.848650e-05 
           bt            vh 
 2.636587e+00  4.898526e-04 
         step     negloglik            mu      sigma.sq            SE 
 3.000000e+00 -3.186730e+01  2.726846e-01  9.887035e-03  6.848650e-05 
           bt            vh 
 2.636587e+00  4.898526e-04 
         step     negloglik            mu      sigma.sq            SE 
 4.000000e+00 -3.186730e+01  2.726846e-01  9.887035e-03  6.848650e-05 
           bt            vh 
 2.636587e+00  4.898526e-04 
[1] "Now starting analysis"
[1] "Starting with initial values"
         mu    sigma.sq          bt          vh 
1.221117492 0.013828807 1.000000000 0.006914404 
         step     negloglik            mu      sigma.sq            bt 
 1.000000e+00 -3.013341e+01  7.382106e-01  1.140329e-02  2.659470e+00 
           vh 
 5.892701e-06 
[1] "New improvement found, resetting step counter"
         step     negloglik            mu      sigma.sq            bt 
 2.000000e+00 -3.177351e+01  2.011919e-01  9.839968e-03  2.581435e+00 
           vh 
 7.776229e-04 
         step     negloglik            mu      sigma.sq            bt 
 3.000000e+00 -3.177351e+01  2.011919e-01  9.839968e-03  2.581435e+00 
           vh 
 7.776229e-04 
[1] "New improvement found, resetting step counter"
         step     negloglik            mu      sigma.sq            bt 
 4.000000e+00 -3.186574e+01  1.049128e-01  9.948624e-03  2.770576e+00 
           vh 
 6.350073e-04 
         step     negloglik            mu      sigma.sq            bt 
 5.000000e+00 -3.186574e+01  1.049128e-01  9.948624e-03  2.770576e+00 
           vh 
 6.350073e-04 
         step     negloglik            mu      sigma.sq            bt 
 6.000000e+00 -3.186574e+01  1.049128e-01  9.948624e-03  2.770576e+00 
           vh 
 6.350073e-04 
[1] "Now starting analysis"
[1] "Starting with initial values"
         mu    sigma.sq          SE          vh 
1.221117492 0.013828807 0.006914404 0.006914404 
         step     negloglik            mu      sigma.sq            SE 
 1.000000e+00 -2.442480e+01  1.269312e+00  1.070384e-02  1.225888e-04 
           vh 
 7.412929e-01 
[1] "New improvement found, resetting step counter"
         step     negloglik            mu      sigma.sq            SE 
 2.000000e+00 -2.534965e+01  6.064694e-01  1.068017e-02  6.914835e-05 
           vh 
 9.184814e-01 
         step     negloglik            mu      sigma.sq            SE 
 3.000000e+00 -2.534965e+01  6.064694e-01  1.068017e-02  6.914835e-05 
           vh 
 9.184814e-01 
[1] "New improvement found, resetting step counter"
         step     negloglik            mu      sigma.sq            SE 
 4.000000e+00 -2.541605e+01  6.096619e-01  1.031320e-02  1.299272e-04 
           vh 
 9.933470e-01 
         step     negloglik            mu      sigma.sq            SE 
 5.000000e+00 -2.541605e+01  6.096619e-01  1.031320e-02  1.299272e-04 
           vh 
 9.933470e-01 
         step     negloglik            mu      sigma.sq            SE 
 6.000000e+00 -2.541605e+01  6.096619e-01  1.031320e-02  1.299272e-04 
           vh 
 9.933470e-01 
[1] "Now starting analysis"
[1] "Starting with initial values"
         mu    sigma.sq          vh 
1.221117492 0.013828807 0.006914404 
        step    negloglik           mu     sigma.sq           vh 
  1.00000000 -25.34573486   0.58236689   0.01036958   0.97738183 
        step    negloglik           mu     sigma.sq           vh 
  2.00000000 -25.34573486   0.58236689   0.01036958   0.97738183 
        step    negloglik           mu     sigma.sq           vh 
  3.00000000 -25.34573486   0.58236689   0.01036958   0.97738183 
[1] "Now starting analysis"
[1] "Starting with initial values"
         mu    sigma.sq          SE          bt 
1.221117492 0.013828807 0.006914404 1.000000000 
         step     negloglik            mu      sigma.sq            SE 
 1.000000e+00 -3.200827e+01  1.244579e-01  9.608605e-03  1.825876e-04 
           bt 
 2.777193e+00 
         step     negloglik            mu      sigma.sq            SE 
 2.000000e+00 -3.200827e+01  1.244579e-01  9.608605e-03  1.825876e-04 
           bt 
 2.777193e+00 
         step     negloglik            mu      sigma.sq            SE 
 3.000000e+00 -3.200827e+01  1.244579e-01  9.608605e-03  1.825876e-04 
           bt 
 2.777193e+00 
[1] "Now starting analysis"
[1] "Starting with initial values"
        mu   sigma.sq         bt 
1.22111749 0.01382881 1.00000000 
        step    negloglik           mu     sigma.sq           bt 
  1.00000000 -31.86603011   0.10936378   0.01014442   2.75408475 
        step    negloglik           mu     sigma.sq           bt 
  2.00000000 -31.86603011   0.10936378   0.01014442   2.75408475 
[1] "New improvement found, but slight; taking the best value, but not resetting the step counter"
         step     negloglik            mu      sigma.sq            bt 
  3.000000000 -31.869136761   0.110021258   0.009989495   2.794735913 
[1] "Now starting analysis"
[1] "Starting with initial values"
         mu    sigma.sq          SE 
1.221117492 0.013828807 0.006914404 
         step     negloglik            mu      sigma.sq            SE 
 1.000000e+00 -1.447889e+01  1.289427e+00  1.382119e-02  1.031162e-07 
[1] "New improvement found, resetting step counter"
         step     negloglik            mu      sigma.sq            SE 
 2.000000e+00 -1.462254e+01  1.433373e+00  1.382132e-02  2.312999e-07 
         step     negloglik            mu      sigma.sq            SE 
 3.000000e+00 -1.462254e+01  1.433373e+00  1.382132e-02  2.312999e-07 
         step     negloglik            mu      sigma.sq            SE 
 4.000000e+00 -1.462254e+01  1.433373e+00  1.382132e-02  2.312999e-07 
[1] "Now starting analysis"
[1] "Starting with initial values"
        mu   sigma.sq 
1.22111749 0.01382881 
        step    negloglik           mu     sigma.sq 
  1.00000000 -14.65217446   1.54160121   0.01394806 
        step    negloglik           mu     sigma.sq 
  2.00000000 -14.65217446   1.54160121   0.01394806 
[1] "New improvement found, but slight; taking the best value, but not resetting the step counter"
        step    negloglik           mu     sigma.sq 
  3.00000000 -14.65219701   1.50877032   0.01411852 
