[1] "args"
[1] "66"  "733"
[1] "Now starting analysis"
[1] "Starting with initial values"
         mu    sigma.sq          SE          bt          vh 
1.010043822 0.011849147 0.005924574 1.000000000 0.005924574 
         step     negloglik            mu      sigma.sq            SE 
 1.000000e+00 -3.423293e+01  1.130156e+00  1.127679e-02  2.103373e-06 
           bt            vh 
 9.006984e-01  6.082974e-02 
[1] "New improvement found, resetting step counter"
         step     negloglik            mu      sigma.sq            SE 
 2.000000e+00 -3.530847e+01  9.423288e-01  1.128643e-02  1.754473e-05 
           bt            vh 
 6.955352e-01  6.940660e-04 
[1] "New improvement found, resetting step counter"
         step     negloglik            mu      sigma.sq            SE 
 3.000000e+00 -3.559607e+01  1.021808e+00  1.157818e-02  2.074701e-06 
           bt            vh 
 7.075816e-01  2.655356e-04 
         step     negloglik            mu      sigma.sq            SE 
 4.000000e+00 -3.559607e+01  1.021808e+00  1.157818e-02  2.074701e-06 
           bt            vh 
 7.075816e-01  2.655356e-04 
         step     negloglik            mu      sigma.sq            SE 
 5.000000e+00 -3.559607e+01  1.021808e+00  1.157818e-02  2.074701e-06 
           bt            vh 
 7.075816e-01  2.655356e-04 
[1] "Now starting analysis"
[1] "Starting with initial values"
         mu    sigma.sq          bt          vh 
1.010043822 0.011849147 1.000000000 0.005924574 
         step     negloglik            mu      sigma.sq            bt 
 1.000000e+00 -3.537288e+01  9.923316e-01  1.090250e-02  6.742119e-01 
           vh 
 2.987831e-04 
[1] "New improvement found, resetting step counter"
         step     negloglik            mu      sigma.sq            bt 
 2.000000e+00 -3.538679e+01  1.040300e+00  1.090477e-02  6.775860e-01 
           vh 
 2.186415e-04 
[1] "New improvement found, resetting step counter"
         step     negloglik            mu      sigma.sq            bt 
 3.000000e+00 -3.546064e+01  1.014207e+00  1.130811e-02  7.017572e-01 
           vh 
 8.532364e-05 
         step     negloglik            mu      sigma.sq            bt 
 4.000000e+00 -3.546064e+01  1.014207e+00  1.130811e-02  7.017572e-01 
           vh 
 8.532364e-05 
         step     negloglik            mu      sigma.sq            bt 
 5.000000e+00 -3.546064e+01  1.014207e+00  1.130811e-02  7.017572e-01 
           vh 
 8.532364e-05 
[1] "Now starting analysis"
[1] "Starting with initial values"
         mu    sigma.sq          SE          vh 
1.010043822 0.011849147 0.005924574 0.005924574 
         step     negloglik            mu      sigma.sq            SE 
 1.000000e+00 -3.364280e+01  1.020705e+00  1.075539e-02  2.412369e-06 
           vh 
 4.336366e-02 
[1] "New improvement found, resetting step counter"
         step     negloglik            mu      sigma.sq            SE 
 2.000000e+00 -3.389943e+01  1.001305e+00  1.075577e-02  3.013454e-06 
           vh 
 1.215733e-01 
[1] "New improvement found, resetting step counter"
         step     negloglik            mu      sigma.sq            SE 
 3.000000e+00 -3.393446e+01  1.016118e+00  1.094745e-02  2.796363e-06 
           vh 
 1.242976e-01 
         step     negloglik            mu      sigma.sq            SE 
 4.000000e+00 -3.393446e+01  1.016118e+00  1.094745e-02  2.796363e-06 
           vh 
 1.242976e-01 
         step     negloglik            mu      sigma.sq            SE 
 5.000000e+00 -3.393446e+01  1.016118e+00  1.094745e-02  2.796363e-06 
           vh 
 1.242976e-01 
[1] "Now starting analysis"
[1] "Starting with initial values"
         mu    sigma.sq          vh 
1.010043822 0.011849147 0.005924574 
        step    negloglik           mu     sigma.sq           vh 
  1.00000000 -33.76454364   0.97658941   0.01120801   0.13028951 
        step    negloglik           mu     sigma.sq           vh 
  2.00000000 -33.76454364   0.97658941   0.01120801   0.13028951 
        step    negloglik           mu     sigma.sq           vh 
  3.00000000 -33.76454364   0.97658941   0.01120801   0.13028951 
[1] "Now starting analysis"
[1] "Starting with initial values"
         mu    sigma.sq          SE          bt 
1.010043822 0.011849147 0.005924574 1.000000000 
         step     negloglik            mu      sigma.sq            SE 
 1.000000e+00 -3.558540e+01  1.119249e+00  1.106658e-02  3.215233e-06 
           bt 
 7.066634e-01 
[1] "New improvement found, resetting step counter"
         step     negloglik            mu      sigma.sq            SE 
 2.000000e+00 -3.560327e+01  1.077663e+00  1.106745e-02  4.529569e-06 
           bt 
 7.033755e-01 
         step     negloglik            mu      sigma.sq            SE 
 3.000000e+00 -3.560327e+01  1.077663e+00  1.106745e-02  4.529569e-06 
           bt 
 7.033755e-01 
         step     negloglik            mu      sigma.sq            SE 
 4.000000e+00 -3.560327e+01  1.077663e+00  1.106745e-02  4.529569e-06 
           bt 
 7.033755e-01 
[1] "Now starting analysis"
[1] "Starting with initial values"
        mu   sigma.sq         bt 
1.01004382 0.01184915 1.00000000 
        step    negloglik           mu     sigma.sq           bt 
  1.00000000 -35.44954829   1.06750064   0.01143143   0.69802524 
[1] "New improvement found, but slight; taking the best value, but not resetting the step counter"
        step    negloglik           mu     sigma.sq           bt 
  2.00000000 -35.45918975   0.97671341   0.01131688   0.70179747 
        step    negloglik           mu     sigma.sq           bt 
  3.00000000 -35.45918975   0.97671341   0.01131688   0.70179747 
[1] "Now starting analysis"
[1] "Starting with initial values"
         mu    sigma.sq          SE 
1.010043822 0.011849147 0.005924574 
         step     negloglik            mu      sigma.sq            SE 
 1.000000e+00 -3.039723e+01  1.145685e+00  1.218094e-02  1.991112e-06 
[1] "New improvement found, resetting step counter"
         step     negloglik            mu      sigma.sq            SE 
 2.000000e+00 -3.046935e+01  1.008840e+00  1.218086e-02  1.867558e-06 
[1] "New improvement found, but slight; taking the best value, but not resetting the step counter"
         step     negloglik            mu      sigma.sq            SE 
 3.000000e+00 -3.047261e+01  1.012471e+00  1.224870e-02  1.782739e-06 
         step     negloglik            mu      sigma.sq            SE 
 4.000000e+00 -3.047261e+01  1.012471e+00  1.224870e-02  1.782739e-06 
[1] "Now starting analysis"
[1] "Starting with initial values"
        mu   sigma.sq 
1.01004382 0.01184915 
        step    negloglik           mu     sigma.sq 
  1.00000000 -30.34978760   0.99712236   0.01244097 
        step    negloglik           mu     sigma.sq 
  2.00000000 -30.34978760   0.99712236   0.01244097 
        step    negloglik           mu     sigma.sq 
  3.00000000 -30.34978760   0.99712236   0.01244097 
