000 (066.354.000) 07/26 17:14:46 Job submitted from host: <160.36.155.106:9618?addrs=160.36.155.106-9618&noUDP&sock=27742_4872_4>
...
001 (066.354.000) 07/28 04:10:55 Job executing on host: <10.128.147.77:9618?addrs=10.128.147.77-9618&noUDP&sock=69960_51c7_4>
...
006 (066.354.000) 07/28 04:11:03 Image size of job updated: 219264
	215  -  MemoryUsage of job (MB)
	219264  -  ResidentSetSize of job (KB)
...
006 (066.354.000) 07/28 04:16:03 Image size of job updated: 230624
	226  -  MemoryUsage of job (MB)
	230624  -  ResidentSetSize of job (KB)
...
006 (066.354.000) 07/28 04:31:05 Image size of job updated: 233144
	228  -  MemoryUsage of job (MB)
	233144  -  ResidentSetSize of job (KB)
...
005 (066.354.000) 07/28 04:47:00 Job terminated.
	(1) Normal termination (return value 0)
		Usr 0 00:35:48, Sys 0 00:00:01  -  Run Remote Usage
		Usr 0 00:00:00, Sys 0 00:00:00  -  Run Local Usage
		Usr 0 00:35:48, Sys 0 00:00:01  -  Total Remote Usage
		Usr 0 00:00:00, Sys 0 00:00:00  -  Total Local Usage
	27978  -  Run Bytes Sent By Job
	2422  -  Run Bytes Received By Job
	27978  -  Total Bytes Sent By Job
	2422  -  Total Bytes Received By Job
	Partitionable Resources :    Usage  Request Allocated 
	   Cpus                 :     1.00        1         1 
	   Disk (KB)            :    45           4    888417 
	   Memory (MB)          :   228           1       128 
...
