[1] "args"
[1] "66"   "1183"
[1] "Now starting analysis"
[1] "Starting with initial values"
        mu   sigma.sq         SE         bt         vh 
1.26223242 0.01076098 0.00538049 1.00000000 0.00538049 
         step     negloglik            mu      sigma.sq            SE 
 1.000000e+00 -3.959402e+01  1.150879e+00  8.833802e-03  2.781775e-04 
           bt            vh 
 1.089627e+00  1.818752e-01 
[1] "New improvement found, resetting step counter"
         step     negloglik            mu      sigma.sq            SE 
 2.000000e+00 -4.146371e+01  1.294819e+00  8.746589e-03  2.232412e-04 
           bt            vh 
 1.633714e+00  1.399327e-04 
         step     negloglik            mu      sigma.sq            SE 
 3.000000e+00 -4.146371e+01  1.294819e+00  8.746589e-03  2.232412e-04 
           bt            vh 
 1.633714e+00  1.399327e-04 
         step     negloglik            mu      sigma.sq            SE 
 4.000000e+00 -4.146371e+01  1.294819e+00  8.746589e-03  2.232412e-04 
           bt            vh 
 1.633714e+00  1.399327e-04 
[1] "Now starting analysis"
[1] "Starting with initial values"
        mu   sigma.sq         bt         vh 
1.26223242 0.01076098 1.00000000 0.00538049 
        step    negloglik           mu     sigma.sq           bt           vh 
  1.00000000 -39.63103895   1.15826230   0.00886278   1.18843626   0.04274650 
[1] "New improvement found, resetting step counter"
         step     negloglik            mu      sigma.sq            bt 
 2.000000e+00 -4.136981e+01  1.163299e+00  9.287173e-03  1.584114e+00 
           vh 
 7.827460e-05 
[1] "New improvement found, resetting step counter"
         step     negloglik            mu      sigma.sq            bt 
  3.000000000 -41.393506096   1.235482869   0.009138017   1.618499620 
           vh 
  0.000295155 
         step     negloglik            mu      sigma.sq            bt 
  4.000000000 -41.393506096   1.235482869   0.009138017   1.618499620 
           vh 
  0.000295155 
         step     negloglik            mu      sigma.sq            bt 
  5.000000000 -41.393506096   1.235482869   0.009138017   1.618499620 
           vh 
  0.000295155 
[1] "Now starting analysis"
[1] "Starting with initial values"
        mu   sigma.sq         SE         vh 
1.26223242 0.01076098 0.00538049 0.00538049 
         step     negloglik            mu      sigma.sq            SE 
 1.000000e+00 -3.917090e+01  1.335124e+00  8.372126e-03  5.331087e-04 
           vh 
 1.032560e-01 
[1] "New improvement found, resetting step counter"
         step     negloglik            mu      sigma.sq            SE 
 2.000000e+00 -3.935114e+01  1.303879e+00  8.346880e-03  4.166617e-04 
           vh 
 2.441171e-01 
[1] "New improvement found, resetting step counter"
         step     negloglik            mu      sigma.sq            SE 
 3.000000e+00 -3.944533e+01  1.253211e+00  8.881919e-03  2.341737e-04 
           vh 
 2.220570e-01 
         step     negloglik            mu      sigma.sq            SE 
 4.000000e+00 -3.944533e+01  1.253211e+00  8.881919e-03  2.341737e-04 
           vh 
 2.220570e-01 
         step     negloglik            mu      sigma.sq            SE 
 5.000000e+00 -3.944533e+01  1.253211e+00  8.881919e-03  2.341737e-04 
           vh 
 2.220570e-01 
[1] "Now starting analysis"
[1] "Starting with initial values"
        mu   sigma.sq         vh 
1.26223242 0.01076098 0.00538049 
         step     negloglik            mu      sigma.sq            vh 
  1.000000000 -39.344037143   1.178617738   0.009158536   0.189990198 
[1] "New improvement found, resetting step counter"
         step     negloglik            mu      sigma.sq            vh 
  2.000000000 -39.359703864   1.296479511   0.009158536   0.189990198 
[1] "New improvement found, but slight; taking the best value, but not resetting the step counter"
         step     negloglik            mu      sigma.sq            vh 
  3.000000000 -39.367281011   1.304371132   0.009345538   0.249145298 
[1] "New improvement found, but slight; taking the best value, but not resetting the step counter"
         step     negloglik            mu      sigma.sq            vh 
  4.000000000 -39.370955604   1.223551441   0.009274626   0.201895584 
[1] "Now starting analysis"
[1] "Starting with initial values"
        mu   sigma.sq         SE         bt 
1.26223242 0.01076098 0.00538049 1.00000000 
         step     negloglik            mu      sigma.sq            SE 
 1.000000e+00 -4.147394e+01  1.225943e+00  8.703858e-03  2.192671e-04 
           bt 
 1.620603e+00 
[1] "New improvement found, but slight; taking the best value, but not resetting the step counter"
         step     negloglik            mu      sigma.sq            SE 
 2.000000e+00 -4.147677e+01  1.243182e+00  8.750135e-03  3.630925e-04 
           bt 
 1.606191e+00 
         step     negloglik            mu      sigma.sq            SE 
 3.000000e+00 -4.147677e+01  1.243182e+00  8.750135e-03  3.630925e-04 
           bt 
 1.606191e+00 
[1] "Now starting analysis"
[1] "Starting with initial values"
        mu   sigma.sq         bt 
1.26223242 0.01076098 1.00000000 
         step     negloglik            mu      sigma.sq            bt 
  1.000000000 -41.411828546   1.268263778   0.009310281   1.603829991 
         step     negloglik            mu      sigma.sq            bt 
  2.000000000 -41.411828546   1.268263778   0.009310281   1.603829991 
         step     negloglik            mu      sigma.sq            bt 
  3.000000000 -41.411828546   1.268263778   0.009310281   1.603829991 
[1] "Now starting analysis"
[1] "Starting with initial values"
        mu   sigma.sq         SE 
1.26223242 0.01076098 0.00538049 
         step     negloglik            mu      sigma.sq            SE 
 1.000000e+00 -3.156891e+01  1.324789e+00  1.131084e-02  3.776522e-05 
[1] "New improvement found, resetting step counter"
         step     negloglik            mu      sigma.sq            SE 
 2.000000e+00 -3.157937e+01  1.243839e+00  1.130660e-02  2.283822e-05 
         step     negloglik            mu      sigma.sq            SE 
 3.000000e+00 -3.157937e+01  1.243839e+00  1.130660e-02  2.283822e-05 
         step     negloglik            mu      sigma.sq            SE 
 4.000000e+00 -3.157937e+01  1.243839e+00  1.130660e-02  2.283822e-05 
[1] "Now starting analysis"
[1] "Starting with initial values"
        mu   sigma.sq 
1.26223242 0.01076098 
        step    negloglik           mu     sigma.sq 
  1.00000000 -31.57878502   1.26501358   0.01111537 
        step    negloglik           mu     sigma.sq 
  2.00000000 -31.57878502   1.26501358   0.01111537 
        step    negloglik           mu     sigma.sq 
  3.00000000 -31.57878502   1.26501358   0.01111537 
