[1] "args"
[1] "66"  "478"
[1] "Now starting analysis"
[1] "Starting with initial values"
       mu  sigma.sq        SE        bt        vh 
2.5320928 0.2642019 0.1321009 1.0000000 0.1321009 
        step    negloglik           mu     sigma.sq           SE           bt 
 1.000000000 17.920068567  2.535718283  0.001216284  0.120438154  1.182023018 
          vh 
 0.384715148 
[1] "New improvement found, resetting step counter"
        step    negloglik           mu     sigma.sq           SE           bt 
2.000000e+00 1.358418e+01 1.581950e+00 1.905210e-04 1.268534e-01 1.399516e+00 
          vh 
1.533785e-05 
        step    negloglik           mu     sigma.sq           SE           bt 
3.000000e+00 1.358418e+01 1.581950e+00 1.905210e-04 1.268534e-01 1.399516e+00 
          vh 
1.533785e-05 
        step    negloglik           mu     sigma.sq           SE           bt 
4.000000e+00 1.358418e+01 1.581950e+00 1.905210e-04 1.268534e-01 1.399516e+00 
          vh 
1.533785e-05 
[1] "Now starting analysis"
[1] "Starting with initial values"
       mu  sigma.sq        bt        vh 
2.5320928 0.2642019 1.0000000 0.1321009 
       step   negloglik          mu    sigma.sq          bt          vh 
 1.00000000 41.28729907  2.19545920  0.26457281  1.35969194  0.00218901 
       step   negloglik          mu    sigma.sq          bt          vh 
 2.00000000 41.28729907  2.19545920  0.26457281  1.35969194  0.00218901 
       step   negloglik          mu    sigma.sq          bt          vh 
 3.00000000 41.28729907  2.19545920  0.26457281  1.35969194  0.00218901 
[1] "Now starting analysis"
[1] "Starting with initial values"
       mu  sigma.sq        SE        vh 
2.5320928 0.2642019 0.1321009 0.1321009 
        step    negloglik           mu     sigma.sq           SE           vh 
 1.000000000 17.365338070  2.525859974  0.002496561  0.108036029  0.137320916 
[1] "New improvement found, resetting step counter"
        step    negloglik           mu     sigma.sq           SE           vh 
 2.000000000 16.627142377  2.395629535  0.003324111  0.111531787  0.000543093 
        step    negloglik           mu     sigma.sq           SE           vh 
 3.000000000 16.627142377  2.395629535  0.003324111  0.111531787  0.000543093 
[1] "New improvement found, resetting step counter"
        step    negloglik           mu     sigma.sq           SE           vh 
 4.000000000 16.610824424  2.409418700  0.004367318  0.109568788  0.001102246 
        step    negloglik           mu     sigma.sq           SE           vh 
 5.000000000 16.610824424  2.409418700  0.004367318  0.109568788  0.001102246 
[1] "New improvement found, resetting step counter"
        step    negloglik           mu     sigma.sq           SE           vh 
6.000000e+00 1.660010e+01 2.467693e+00 3.726617e-03 1.145706e-01 5.224047e-04 
        step    negloglik           mu     sigma.sq           SE           vh 
7.000000e+00 1.660010e+01 2.467693e+00 3.726617e-03 1.145706e-01 5.224047e-04 
[1] "New improvement found, but slight; taking the best value, but not resetting the step counter"
        step    negloglik           mu     sigma.sq           SE           vh 
8.000000e+00 1.659822e+01 2.447236e+00 4.208853e-03 1.084408e-01 5.446967e-04 
[1] "Now starting analysis"
[1] "Starting with initial values"
       mu  sigma.sq        vh 
2.5320928 0.2642019 0.1321009 
        step    negloglik           mu     sigma.sq           vh 
 1.000000000 41.337665731  2.728088995  0.251404666  0.006115004 
        step    negloglik           mu     sigma.sq           vh 
 2.000000000 41.337665731  2.728088995  0.251404666  0.006115004 
[1] "New improvement found, but slight; taking the best value, but not resetting the step counter"
        step    negloglik           mu     sigma.sq           vh 
 3.000000000 41.328998006  2.891953763  0.258983147  0.006160761 
[1] "Now starting analysis"
[1] "Starting with initial values"
       mu  sigma.sq        SE        bt 
2.5320928 0.2642019 0.1321009 1.0000000 
        step    negloglik           mu     sigma.sq           SE           bt 
 1.000000000 19.148526952  2.614717333  0.007549967  0.153443047  1.415238438 
[1] "New improvement found, resetting step counter"
        step    negloglik           mu     sigma.sq           SE           bt 
2.000000e+00 1.373594e+01 1.680691e+00 3.837535e-05 1.300252e-01 1.396256e+00 
[1] "New improvement found, resetting step counter"
        step    negloglik           mu     sigma.sq           SE           bt 
3.000000e+00 1.354608e+01 1.497947e+00 3.355372e-05 1.208800e-01 1.439459e+00 
[1] "New improvement found, resetting step counter"
        step    negloglik           mu     sigma.sq           SE           bt 
4.000000e+00 1.353104e+01 1.579820e+00 2.298842e-04 1.170544e-01 1.394034e+00 
        step    negloglik           mu     sigma.sq           SE           bt 
5.000000e+00 1.353104e+01 1.579820e+00 2.298842e-04 1.170544e-01 1.394034e+00 
        step    negloglik           mu     sigma.sq           SE           bt 
6.000000e+00 1.353104e+01 1.579820e+00 2.298842e-04 1.170544e-01 1.394034e+00 
[1] "Now starting analysis"
[1] "Starting with initial values"
       mu  sigma.sq        bt 
2.5320928 0.2642019 1.0000000 
      step  negloglik         mu   sigma.sq         bt 
 1.0000000 41.3003709  2.5320928  0.2642019  1.2532093 
      step  negloglik         mu   sigma.sq         bt 
 2.0000000 41.3003709  2.5320928  0.2642019  1.2532093 
      step  negloglik         mu   sigma.sq         bt 
 3.0000000 41.3003709  2.5320928  0.2642019  1.2532093 
[1] "Now starting analysis"
[1] "Starting with initial values"
       mu  sigma.sq        SE 
2.5320928 0.2642019 0.1321009 
        step    negloglik           mu     sigma.sq           SE 
 1.000000000 16.691517248  2.314183395  0.003954304  0.120299174 
[1] "New improvement found, resetting step counter"
        step    negloglik           mu     sigma.sq           SE 
 2.000000000 16.597140136  2.437634183  0.004399656  0.108656109 
[1] "New improvement found, but slight; taking the best value, but not resetting the step counter"
        step    negloglik           mu     sigma.sq           SE 
 3.000000000 16.593367472  2.437265404  0.004094707  0.113834032 
        step    negloglik           mu     sigma.sq           SE 
 4.000000000 16.593367472  2.437265404  0.004094707  0.113834032 
[1] "Now starting analysis"
[1] "Starting with initial values"
       mu  sigma.sq 
2.5320928 0.2642019 
      step  negloglik         mu   sigma.sq 
 1.0000000 41.3037122  2.5320928  0.2642019 
      step  negloglik         mu   sigma.sq 
 2.0000000 41.3037122  2.5320928  0.2642019 
      step  negloglik         mu   sigma.sq 
 3.0000000 41.3037122  2.5320928  0.2642019 
