000 (066.343.000) 07/26 17:14:46 Job submitted from host: <160.36.155.106:9618?addrs=160.36.155.106-9618&noUDP&sock=27742_4872_4>
...
001 (066.343.000) 07/27 17:39:12 Job executing on host: <10.128.147.77:9618?addrs=10.128.147.77-9618&noUDP&sock=69960_51c7_4>
...
006 (066.343.000) 07/27 17:39:20 Image size of job updated: 233988
	229  -  MemoryUsage of job (MB)
	233988  -  ResidentSetSize of job (KB)
...
006 (066.343.000) 07/27 17:44:20 Image size of job updated: 235912
	231  -  MemoryUsage of job (MB)
	235912  -  ResidentSetSize of job (KB)
...
006 (066.343.000) 07/27 19:34:33 Image size of job updated: 242240
	237  -  MemoryUsage of job (MB)
	242240  -  ResidentSetSize of job (KB)
...
006 (066.343.000) 07/27 19:49:35 Image size of job updated: 248416
	243  -  MemoryUsage of job (MB)
	248416  -  ResidentSetSize of job (KB)
...
005 (066.343.000) 07/28 00:48:53 Job terminated.
	(1) Normal termination (return value 0)
		Usr 0 07:09:01, Sys 0 00:00:03  -  Run Remote Usage
		Usr 0 00:00:00, Sys 0 00:00:00  -  Run Local Usage
		Usr 0 07:09:01, Sys 0 00:00:03  -  Total Remote Usage
		Usr 0 00:00:00, Sys 0 00:00:00  -  Total Local Usage
	31477  -  Run Bytes Sent By Job
	2422  -  Run Bytes Received By Job
	31477  -  Total Bytes Sent By Job
	2422  -  Total Bytes Received By Job
	Partitionable Resources :    Usage  Request Allocated 
	   Cpus                 :     1.00        1         1 
	   Disk (KB)            :    49           4    888417 
	   Memory (MB)          :   243           1       128 
...
