000 (066.727.000) 07/26 17:14:46 Job submitted from host: <160.36.155.106:9618?addrs=160.36.155.106-9618&noUDP&sock=27742_4872_4>
...
012 (066.727.000) 08/03 14:16:37 Job was held.
	via condor_hold (by user bomeara)
	Code 1 Subcode 0
...
013 (066.727.000) 08/05 22:27:23 Job was released.
	via condor_release (by user bomeara)
...
012 (066.727.000) 08/09 10:35:19 Job was held.
	via condor_hold (by user bomeara)
	Code 1 Subcode 0
...
013 (066.727.000) 08/09 13:04:42 Job was released.
	via condor_release (by user bomeara)
...
001 (066.727.000) 08/09 21:00:56 Job executing on host: <10.128.213.253:9618?addrs=10.128.213.253-9618&noUDP&sock=2256_01bf_4>
...
006 (066.727.000) 08/09 21:01:05 Image size of job updated: 233512
	229  -  MemoryUsage of job (MB)
	233512  -  ResidentSetSize of job (KB)
...
006 (066.727.000) 08/09 21:06:06 Image size of job updated: 249828
	244  -  MemoryUsage of job (MB)
	249828  -  ResidentSetSize of job (KB)
...
006 (066.727.000) 08/10 01:11:29 Image size of job updated: 250324
	245  -  MemoryUsage of job (MB)
	250324  -  ResidentSetSize of job (KB)
...
005 (066.727.000) 08/10 16:41:34 Job terminated.
	(1) Normal termination (return value 0)
		Usr 0 19:38:57, Sys 0 00:00:06  -  Run Remote Usage
		Usr 0 00:00:00, Sys 0 00:00:00  -  Run Local Usage
		Usr 0 19:38:57, Sys 0 00:00:06  -  Total Remote Usage
		Usr 0 00:00:00, Sys 0 00:00:00  -  Total Local Usage
	32821  -  Run Bytes Sent By Job
	2422  -  Run Bytes Received By Job
	32821  -  Total Bytes Sent By Job
	2422  -  Total Bytes Received By Job
	Partitionable Resources :    Usage  Request Allocated 
	   Cpus                 :     1.00        1         1 
	   Disk (KB)            :    50           4    892992 
	   Memory (MB)          :   245           1       128 
...
