000 (066.1098.000) 07/26 17:14:46 Job submitted from host: <160.36.155.106:9618?addrs=160.36.155.106-9618&noUDP&sock=27742_4872_4>
...
012 (066.1098.000) 08/03 14:16:56 Job was held.
	via condor_hold (by user bomeara)
	Code 1 Subcode 0
...
013 (066.1098.000) 08/05 22:27:43 Job was released.
	via condor_release (by user bomeara)
...
012 (066.1098.000) 08/09 10:35:44 Job was held.
	via condor_hold (by user bomeara)
	Code 1 Subcode 0
...
013 (066.1098.000) 08/09 13:05:01 Job was released.
	via condor_release (by user bomeara)
...
001 (066.1098.000) 08/25 10:07:57 Job executing on host: <10.130.210.206:9618?addrs=10.130.210.206-9618&noUDP&sock=76684_6c96_4>
...
006 (066.1098.000) 08/25 10:08:06 Image size of job updated: 231732
	227  -  MemoryUsage of job (MB)
	231732  -  ResidentSetSize of job (KB)
...
006 (066.1098.000) 08/25 10:13:07 Image size of job updated: 231736
	227  -  MemoryUsage of job (MB)
	231736  -  ResidentSetSize of job (KB)
...
005 (066.1098.000) 08/25 12:10:59 Job terminated.
	(1) Normal termination (return value 0)
		Usr 0 02:02:54, Sys 0 00:00:01  -  Run Remote Usage
		Usr 0 00:00:00, Sys 0 00:00:00  -  Run Local Usage
		Usr 0 02:02:54, Sys 0 00:00:01  -  Total Remote Usage
		Usr 0 00:00:00, Sys 0 00:00:00  -  Total Local Usage
	28927  -  Run Bytes Sent By Job
	2422  -  Run Bytes Received By Job
	28927  -  Total Bytes Sent By Job
	2422  -  Total Bytes Received By Job
	Partitionable Resources :    Usage  Request Allocated 
	   Cpus                 :     1.00        1         1 
	   Disk (KB)            :    46           4    813884 
	   Memory (MB)          :   227           1       128 
...
