[1] "args"
[1] "66"  "692"
[1] "Now starting analysis"
[1] "Starting with initial values"
       mu  sigma.sq        SE        bt        vh 
2.6775816 0.0692936 0.0346468 1.0000000 0.0346468 
       step   negloglik          mu    sigma.sq          SE          bt 
 1.00000000 16.12784181  2.46192612  0.01923084  0.04016049  1.85242615 
         vh 
 0.01129612 
[1] "New improvement found, resetting step counter"
        step    negloglik           mu     sigma.sq           SE           bt 
2.000000e+00 1.534128e+01 1.999580e+00 1.265755e-02 7.251424e-02 1.979856e+00 
          vh 
9.272742e-04 
        step    negloglik           mu     sigma.sq           SE           bt 
3.000000e+00 1.534128e+01 1.999580e+00 1.265755e-02 7.251424e-02 1.979856e+00 
          vh 
9.272742e-04 
[1] "New improvement found, resetting step counter"
       step   negloglik          mu    sigma.sq          SE          bt 
 4.00000000 14.62321918  1.17315246  0.01191699  0.06277679  2.38669512 
         vh 
 0.01024552 
[1] "New improvement found, resetting step counter"
        step    negloglik           mu     sigma.sq           SE           bt 
5.000000e+00 1.459673e+01 1.245190e+00 1.519014e-02 5.904502e-02 2.411565e+00 
          vh 
4.765492e-04 
[1] "New improvement found, but slight; taking the best value, but not resetting the step counter"
        step    negloglik           mu     sigma.sq           SE           bt 
 6.000000000 14.593803345  1.416253250  0.014179552  0.060125093  2.336789848 
          vh 
 0.000548161 
        step    negloglik           mu     sigma.sq           SE           bt 
 7.000000000 14.593803345  1.416253250  0.014179552  0.060125093  2.336789848 
          vh 
 0.000548161 
[1] "Now starting analysis"
[1] "Starting with initial values"
       mu  sigma.sq        bt        vh 
2.6775816 0.0692936 1.0000000 0.0346468 
        step    negloglik           mu     sigma.sq           bt           vh 
1.000000e+00 2.251164e+01 1.950309e+00 6.587816e-02 2.232558e+00 6.082343e-04 
[1] "New improvement found, resetting step counter"
        step    negloglik           mu     sigma.sq           bt           vh 
 2.000000000 22.349143592  1.380095304  0.064744589  2.232667172  0.001581654 
        step    negloglik           mu     sigma.sq           bt           vh 
 3.000000000 22.349143592  1.380095304  0.064744589  2.232667172  0.001581654 
        step    negloglik           mu     sigma.sq           bt           vh 
 4.000000000 22.349143592  1.380095304  0.064744589  2.232667172  0.001581654 
[1] "Now starting analysis"
[1] "Starting with initial values"
       mu  sigma.sq        SE        vh 
2.6775816 0.0692936 0.0346468 0.0346468 
       step   negloglik          mu    sigma.sq          SE          vh 
 1.00000000 17.85420855  2.41917234  0.01738300  0.04715958  0.64547108 
[1] "New improvement found, resetting step counter"
       step   negloglik          mu    sigma.sq          SE          vh 
 2.00000000 17.82017502  2.42796556  0.01797351  0.04912972  0.81674338 
       step   negloglik          mu    sigma.sq          SE          vh 
 3.00000000 17.82017502  2.42796556  0.01797351  0.04912972  0.81674338 
       step   negloglik          mu    sigma.sq          SE          vh 
 4.00000000 17.82017502  2.42796556  0.01797351  0.04912972  0.81674338 
[1] "Now starting analysis"
[1] "Starting with initial values"
       mu  sigma.sq        vh 
2.6775816 0.0692936 0.0346468 
       step   negloglik          mu    sigma.sq          vh 
 1.00000000 24.22619838  2.53260405  0.06911927  0.53675146 
[1] "New improvement found, but slight; taking the best value, but not resetting the step counter"
       step   negloglik          mu    sigma.sq          vh 
 2.00000000 24.21831779  2.53260405  0.06911927  0.79001186 
[1] "New improvement found, but slight; taking the best value, but not resetting the step counter"
       step   negloglik          mu    sigma.sq          vh 
 3.00000000 24.21524496  2.62801606  0.06705937  0.70837156 
[1] "Now starting analysis"
[1] "Starting with initial values"
       mu  sigma.sq        SE        bt 
2.6775816 0.0692936 0.0346468 1.0000000 
       step   negloglik          mu    sigma.sq          SE          bt 
 1.00000000 14.48704957  1.27027798  0.01384796  0.05933944  2.24353346 
[1] "New improvement found, resetting step counter"
       step   negloglik          mu    sigma.sq          SE          bt 
 2.00000000 14.47131555  1.25737752  0.01266624  0.05752809  2.26715390 
[1] "New improvement found, but slight; taking the best value, but not resetting the step counter"
       step   negloglik          mu    sigma.sq          SE          bt 
 3.00000000 14.46791190  1.24644960  0.01350058  0.05540620  2.25723471 
       step   negloglik          mu    sigma.sq          SE          bt 
 4.00000000 14.46791190  1.24644960  0.01350058  0.05540620  2.25723471 
[1] "Now starting analysis"
[1] "Starting with initial values"
       mu  sigma.sq        bt 
2.6775816 0.0692936 1.0000000 
       step   negloglik          mu    sigma.sq          bt 
 1.00000000 22.35460605  1.36737957  0.06327627  2.15540436 
       step   negloglik          mu    sigma.sq          bt 
 2.00000000 22.35460605  1.36737957  0.06327627  2.15540436 
[1] "New improvement found, but slight; taking the best value, but not resetting the step counter"
       step   negloglik          mu    sigma.sq          bt 
 3.00000000 22.34651760  1.17385844  0.06252718  2.30269497 
[1] "Now starting analysis"
[1] "Starting with initial values"
       mu  sigma.sq        SE 
2.6775816 0.0692936 0.0346468 
       step   negloglik          mu    sigma.sq          SE 
 1.00000000 21.17264737  2.92899365  0.03686228  0.04146226 
       step   negloglik          mu    sigma.sq          SE 
 2.00000000 21.17264737  2.92899365  0.03686228  0.04146226 
       step   negloglik          mu    sigma.sq          SE 
 3.00000000 21.17264737  2.92899365  0.03686228  0.04146226 
[1] "Now starting analysis"
[1] "Starting with initial values"
       mu  sigma.sq 
2.6775816 0.0692936 
       step   negloglik          mu    sigma.sq 
 1.00000000 24.89347426  2.97567176  0.07556918 
       step   negloglik          mu    sigma.sq 
 2.00000000 24.89347426  2.97567176  0.07556918 
       step   negloglik          mu    sigma.sq 
 3.00000000 24.89347426  2.97567176  0.07556918 
