[1] "args"
[1] "66"  "908"
[1] "Now starting analysis"
[1] "Starting with initial values"
        mu   sigma.sq         SE         bt         vh 
3.08473544 0.05692789 0.02846395 1.00000000 0.02846395 
        step    negloglik           mu     sigma.sq           SE           bt 
1.000000e+00 1.537558e+01 1.666011e+00 1.835932e-02 3.761006e-02 2.027355e+00 
          vh 
8.571777e-04 
[1] "New improvement found, resetting step counter"
        step    negloglik           mu     sigma.sq           SE           bt 
 2.000000000 15.336320076  1.594874299  0.018691716  0.037845802  1.987487298 
          vh 
 0.001381333 
        step    negloglik           mu     sigma.sq           SE           bt 
 3.000000000 15.336320076  1.594874299  0.018691716  0.037845802  1.987487298 
          vh 
 0.001381333 
        step    negloglik           mu     sigma.sq           SE           bt 
 4.000000000 15.336320076  1.594874299  0.018691716  0.037845802  1.987487298 
          vh 
 0.001381333 
[1] "Now starting analysis"
[1] "Starting with initial values"
        mu   sigma.sq         bt         vh 
3.08473544 0.05692789 1.00000000 0.02846395 
       step   negloglik          mu    sigma.sq          bt          vh 
 1.00000000 19.15623161  1.53634733  0.05311668  2.17028383  0.01075889 
[1] "New improvement found, resetting step counter"
        step    negloglik           mu     sigma.sq           bt           vh 
 2.000000000 19.121303139  1.651851849  0.054552476  2.104011464  0.003134402 
[1] "New improvement found, resetting step counter"
       step   negloglik          mu    sigma.sq          bt          vh 
 3.00000000 19.11048878  1.34620621  0.05556656  2.16638557  0.00430170 
[1] "New improvement found, resetting step counter"
        step    negloglik           mu     sigma.sq           bt           vh 
 4.000000000 19.089145650  1.575350508  0.055925581  2.032364566  0.004787707 
        step    negloglik           mu     sigma.sq           bt           vh 
 5.000000000 19.089145650  1.575350508  0.055925581  2.032364566  0.004787707 
        step    negloglik           mu     sigma.sq           bt           vh 
 6.000000000 19.089145650  1.575350508  0.055925581  2.032364566  0.004787707 
[1] "Now starting analysis"
[1] "Starting with initial values"
        mu   sigma.sq         SE         vh 
3.08473544 0.05692789 0.02846395 0.02846395 
       step   negloglik          mu    sigma.sq          SE          vh 
 1.00000000 17.77349052  3.23045106  0.02667132  0.02976264  0.15469626 
[1] "New improvement found, but slight; taking the best value, but not resetting the step counter"
       step   negloglik          mu    sigma.sq          SE          vh 
 2.00000000 17.76925362  3.27373594  0.02752152  0.02993504  0.08729422 
[1] "New improvement found, but slight; taking the best value, but not resetting the step counter"
       step   negloglik          mu    sigma.sq          SE          vh 
 3.00000000 17.76153110  3.19467603  0.02890036  0.02757015  0.11043443 
[1] "Now starting analysis"
[1] "Starting with initial values"
        mu   sigma.sq         vh 
3.08473544 0.05692789 0.02846395 
       step   negloglik          mu    sigma.sq          vh 
 1.00000000 20.19576884  3.39320898  0.05692789  0.02846395 
[1] "New improvement found, resetting step counter"
       step   negloglik          mu    sigma.sq          vh 
 2.00000000 20.17619895  3.22471787  0.05944179  0.02361138 
       step   negloglik          mu    sigma.sq          vh 
 3.00000000 20.17619895  3.22471787  0.05944179  0.02361138 
[1] "New improvement found, but slight; taking the best value, but not resetting the step counter"
       step   negloglik          mu    sigma.sq          vh 
 4.00000000 20.17286373  3.35010329  0.06011971  0.01671877 
[1] "Now starting analysis"
[1] "Starting with initial values"
        mu   sigma.sq         SE         bt 
3.08473544 0.05692789 0.02846395 1.00000000 
       step   negloglik          mu    sigma.sq          SE          bt 
 1.00000000 15.31470595  1.50908950  0.01825827  0.04068690  2.02625303 
[1] "New improvement found, resetting step counter"
       step   negloglik          mu    sigma.sq          SE          bt 
 2.00000000 15.28556367  1.63053983  0.01633271  0.04442605  1.91404479 
       step   negloglik          mu    sigma.sq          SE          bt 
 3.00000000 15.28556367  1.63053983  0.01633271  0.04442605  1.91404479 
       step   negloglik          mu    sigma.sq          SE          bt 
 4.00000000 15.28556367  1.63053983  0.01633271  0.04442605  1.91404479 
[1] "Now starting analysis"
[1] "Starting with initial values"
        mu   sigma.sq         bt 
3.08473544 0.05692789 1.00000000 
       step   negloglik          mu    sigma.sq          bt 
 1.00000000 19.07603676  1.60288292  0.05384418  1.97254502 
       step   negloglik          mu    sigma.sq          bt 
 2.00000000 19.07603676  1.60288292  0.05384418  1.97254502 
[1] "New improvement found, but slight; taking the best value, but not resetting the step counter"
       step   negloglik          mu    sigma.sq          bt 
 3.00000000 19.07110693  1.60577961  0.05463667  1.92171815 
[1] "Now starting analysis"
[1] "Starting with initial values"
        mu   sigma.sq         SE 
3.08473544 0.05692789 0.02846395 
       step   negloglik          mu    sigma.sq          SE 
 1.00000000 17.79906130  3.32657274  0.03287982  0.02378234 
[1] "New improvement found, but slight; taking the best value, but not resetting the step counter"
       step   negloglik          mu    sigma.sq          SE 
 2.00000000 17.78935442  3.21525770  0.03091489  0.02660585 
       step   negloglik          mu    sigma.sq          SE 
 3.00000000 17.78935442  3.21525770  0.03091489  0.02660585 
[1] "Now starting analysis"
[1] "Starting with initial values"
        mu   sigma.sq 
3.08473544 0.05692789 
       step   negloglik          mu    sigma.sq 
 1.00000000 20.17095134  3.23656226  0.06174779 
[1] "New improvement found, but slight; taking the best value, but not resetting the step counter"
       step   negloglik          mu    sigma.sq 
 2.00000000 20.16620795  3.19800166  0.05795495 
[1] "New improvement found, but slight; taking the best value, but not resetting the step counter"
       step   negloglik          mu    sigma.sq 
 3.00000000 20.15896024  3.31035147  0.05898351 
