000 (066.206.000) 07/26 17:14:46 Job submitted from host: <160.36.155.106:9618?addrs=160.36.155.106-9618&noUDP&sock=27742_4872_4>
...
001 (066.206.000) 07/26 17:39:37 Job executing on host: <10.129.169.104:9618?addrs=10.129.169.104-9618&noUDP&sock=60687_d010_4>
...
006 (066.206.000) 07/26 17:39:47 Image size of job updated: 221880
	217  -  MemoryUsage of job (MB)
	221880  -  ResidentSetSize of job (KB)
...
006 (066.206.000) 07/26 17:44:47 Image size of job updated: 233436
	228  -  MemoryUsage of job (MB)
	233436  -  ResidentSetSize of job (KB)
...
005 (066.206.000) 07/27 12:34:54 Job terminated.
	(1) Normal termination (return value 0)
		Usr 0 18:53:27, Sys 0 00:00:07  -  Run Remote Usage
		Usr 0 00:00:00, Sys 0 00:00:00  -  Run Local Usage
		Usr 0 18:53:27, Sys 0 00:00:07  -  Total Remote Usage
		Usr 0 00:00:00, Sys 0 00:00:00  -  Total Local Usage
	28501  -  Run Bytes Sent By Job
	2422  -  Run Bytes Received By Job
	28501  -  Total Bytes Sent By Job
	2422  -  Total Bytes Received By Job
	Partitionable Resources :    Usage  Request Allocated 
	   Cpus                 :     1.00        1         1 
	   Disk (KB)            :    46           4    205772 
	   Memory (MB)          :   228           1       128 
...
