[1] "args"
[1] "66"   "1138"
[1] "Now starting analysis"
[1] "Starting with initial values"
       mu  sigma.sq        SE        bt        vh 
3.2595417 0.2992108 0.1496054 1.0000000 0.1496054 
        step    negloglik           mu     sigma.sq           SE           bt 
 1.000000000 20.107465137  2.105487908  0.005284833  0.105815865  1.957623732 
          vh 
 0.119733496 
[1] "New improvement found, resetting step counter"
        step    negloglik           mu     sigma.sq           SE           bt 
 2.000000000 18.145092454  1.379301980  0.003365719  0.163503433  1.928829313 
          vh 
 0.000203940 
[1] "New improvement found, resetting step counter"
        step    negloglik           mu     sigma.sq           SE           bt 
3.000000e+00 1.797178e+01 1.739648e+00 9.128958e-03 7.958668e-02 1.631603e+00 
          vh 
4.928066e-04 
        step    negloglik           mu     sigma.sq           SE           bt 
4.000000e+00 1.797178e+01 1.739648e+00 9.128958e-03 7.958668e-02 1.631603e+00 
          vh 
4.928066e-04 
        step    negloglik           mu     sigma.sq           SE           bt 
5.000000e+00 1.797178e+01 1.739648e+00 9.128958e-03 7.958668e-02 1.631603e+00 
          vh 
4.928066e-04 
[1] "Now starting analysis"
[1] "Starting with initial values"
       mu  sigma.sq        bt        vh 
3.2595417 0.2992108 1.0000000 0.1496054 
        step    negloglik           mu     sigma.sq           bt           vh 
 1.000000000 41.615290829  3.414163046  0.304622128  1.154621327  0.006284232 
        step    negloglik           mu     sigma.sq           bt           vh 
 2.000000000 41.615290829  3.414163046  0.304622128  1.154621327  0.006284232 
        step    negloglik           mu     sigma.sq           bt           vh 
 3.000000000 41.615290829  3.414163046  0.304622128  1.154621327  0.006284232 
[1] "Now starting analysis"
[1] "Starting with initial values"
       mu  sigma.sq        SE        vh 
3.2595417 0.2992108 0.1496054 0.1496054 
        step    negloglik           mu     sigma.sq           SE           vh 
 1.000000000 22.114154611  3.069635531  0.009107583  0.109246436  0.492291308 
[1] "New improvement found, resetting step counter"
        step    negloglik           mu     sigma.sq           SE           vh 
2.000000e+00 1.998511e+01 3.467546e+00 1.059012e-02 1.034840e-01 2.867079e-04 
[1] "New improvement found, resetting step counter"
        step    negloglik           mu     sigma.sq           SE           vh 
3.000000e+00 1.997510e+01 3.365902e+00 1.154649e-02 1.004069e-01 5.132888e-04 
        step    negloglik           mu     sigma.sq           SE           vh 
4.000000e+00 1.997510e+01 3.365902e+00 1.154649e-02 1.004069e-01 5.132888e-04 
        step    negloglik           mu     sigma.sq           SE           vh 
5.000000e+00 1.997510e+01 3.365902e+00 1.154649e-02 1.004069e-01 5.132888e-04 
[1] "Now starting analysis"
[1] "Starting with initial values"
       mu  sigma.sq        vh 
3.2595417 0.2992108 0.1496054 
       step   negloglik          mu    sigma.sq          vh 
 1.00000000 41.63154381  3.43437111  0.29685289  0.01960727 
       step   negloglik          mu    sigma.sq          vh 
 2.00000000 41.63154381  3.43437111  0.29685289  0.01960727 
[1] "New improvement found, but slight; taking the best value, but not resetting the step counter"
       step   negloglik          mu    sigma.sq          vh 
 3.00000000 41.63095894  3.24937560  0.29551018  0.01792508 
[1] "Now starting analysis"
[1] "Starting with initial values"
       mu  sigma.sq        SE        bt 
3.2595417 0.2992108 0.1496054 1.0000000 
        step    negloglik           mu     sigma.sq           SE           bt 
 1.000000000 19.386465120  3.119431175  0.009157008  0.097616275  1.105862762 
[1] "New improvement found, resetting step counter"
        step    negloglik           mu     sigma.sq           SE           bt 
 2.000000000 17.245450499  0.610433576  0.006485571  0.083933915  2.044788821 
[1] "New improvement found, resetting step counter"
        step    negloglik           mu     sigma.sq           SE           bt 
 3.000000000 17.062118445  0.711889486  0.003475241  0.132408016  2.080683092 
[1] "New improvement found, resetting step counter"
       step   negloglik          mu    sigma.sq          SE          bt 
 4.00000000 16.88625448  0.77637759  0.00398501  0.11044272  2.04355515 
[1] "New improvement found, resetting step counter"
        step    negloglik           mu     sigma.sq           SE           bt 
 5.000000000 16.875502822  0.532124214  0.004402079  0.101225850  2.186467059 
        step    negloglik           mu     sigma.sq           SE           bt 
 6.000000000 16.875502822  0.532124214  0.004402079  0.101225850  2.186467059 
[1] "New improvement found, resetting step counter"
        step    negloglik           mu     sigma.sq           SE           bt 
 7.000000000 16.857096786  0.595534762  0.004140507  0.108102599  2.137241725 
        step    negloglik           mu     sigma.sq           SE           bt 
 8.000000000 16.857096786  0.595534762  0.004140507  0.108102599  2.137241725 
[1] "New improvement found, but slight; taking the best value, but not resetting the step counter"
        step    negloglik           mu     sigma.sq           SE           bt 
 9.000000000 16.856950326  0.504519622  0.004200876  0.106723166  2.177852817 
[1] "Now starting analysis"
[1] "Starting with initial values"
       mu  sigma.sq        bt 
3.2595417 0.2992108 1.0000000 
      step  negloglik         mu   sigma.sq         bt 
 1.0000000 41.6145337  3.2595417  0.2992108  1.0000000 
      step  negloglik         mu   sigma.sq         bt 
 2.0000000 41.6145337  3.2595417  0.2992108  1.0000000 
      step  negloglik         mu   sigma.sq         bt 
 3.0000000 41.6145337  3.2595417  0.2992108  1.0000000 
[1] "Now starting analysis"
[1] "Starting with initial values"
       mu  sigma.sq        SE 
3.2595417 0.2992108 0.1496054 
       step   negloglik          mu    sigma.sq          SE 
 1.00000000 19.97334646  3.39741376  0.01146576  0.09346545 
[1] "New improvement found, but slight; taking the best value, but not resetting the step counter"
       step   negloglik          mu    sigma.sq          SE 
 2.00000000 19.96739088  3.34142440  0.01154713  0.09683431 
       step   negloglik          mu    sigma.sq          SE 
 3.00000000 19.96739088  3.34142440  0.01154713  0.09683431 
[1] "Now starting analysis"
[1] "Starting with initial values"
       mu  sigma.sq 
3.2595417 0.2992108 
      step  negloglik         mu   sigma.sq 
 1.0000000 41.6145337  3.2595417  0.2992108 
      step  negloglik         mu   sigma.sq 
 2.0000000 41.6145337  3.2595417  0.2992108 
      step  negloglik         mu   sigma.sq 
 3.0000000 41.6145337  3.2595417  0.2992108 
