000 (066.931.000) 07/26 17:14:46 Job submitted from host: <160.36.155.106:9618?addrs=160.36.155.106-9618&noUDP&sock=27742_4872_4>
...
012 (066.931.000) 08/03 14:16:47 Job was held.
	via condor_hold (by user bomeara)
	Code 1 Subcode 0
...
013 (066.931.000) 08/05 22:27:33 Job was released.
	via condor_release (by user bomeara)
...
012 (066.931.000) 08/09 10:35:33 Job was held.
	via condor_hold (by user bomeara)
	Code 1 Subcode 0
...
013 (066.931.000) 08/09 13:04:52 Job was released.
	via condor_release (by user bomeara)
...
022 (066.931.000) 08/14 14:07:46 Job disconnected, attempting to reconnect
    Local schedd and job shadow died, schedd now running again
    Trying to reconnect to slot1_16@omearaclustere <10.128.121.58:9618?addrs=10.128.121.58-9618&noUDP&sock=2361_0731_4>
...
024 (066.931.000) 08/14 14:07:54 Job reconnection failed
    Job not found at execution machine
    Can not reconnect to slot1_16@omearaclustere, rescheduling job
...
001 (066.931.000) 08/16 10:02:37 Job executing on host: <10.130.107.8:9618?addrs=10.130.107.8-9618&noUDP&sock=69199_5635_4>
...
006 (066.931.000) 08/16 10:02:46 Image size of job updated: 234664
	230  -  MemoryUsage of job (MB)
	234664  -  ResidentSetSize of job (KB)
...
006 (066.931.000) 08/16 10:07:47 Image size of job updated: 247112
	242  -  MemoryUsage of job (MB)
	247112  -  ResidentSetSize of job (KB)
...
006 (066.931.000) 08/16 12:58:04 Image size of job updated: 248276
	243  -  MemoryUsage of job (MB)
	248276  -  ResidentSetSize of job (KB)
...
006 (066.931.000) 08/16 15:43:21 Image size of job updated: 249172
	244  -  MemoryUsage of job (MB)
	249172  -  ResidentSetSize of job (KB)
...
006 (066.931.000) 08/16 21:42:17 Image size of job updated: 455652
	244  -  MemoryUsage of job (MB)
	249172  -  ResidentSetSize of job (KB)
...
005 (066.931.000) 08/16 21:42:17 Job terminated.
	(1) Normal termination (return value 0)
		Usr 0 11:38:30, Sys 0 00:00:08  -  Run Remote Usage
		Usr 0 00:00:00, Sys 0 00:00:00  -  Run Local Usage
		Usr 0 11:38:30, Sys 0 00:00:08  -  Total Remote Usage
		Usr 0 00:00:00, Sys 0 00:00:00  -  Total Local Usage
	32349  -  Run Bytes Sent By Job
	2422  -  Run Bytes Received By Job
	32349  -  Total Bytes Sent By Job
	2422  -  Total Bytes Received By Job
	Partitionable Resources :    Usage  Request Allocated 
	   Cpus                 :     1.00        1         1 
	   Disk (KB)            :    50           4    888358 
	   Memory (MB)          :   244           1       128 
...
