[1] "args"
[1] "66"   "1213"
[1] "Now starting analysis"
[1] "Starting with initial values"
       mu  sigma.sq        SE        bt        vh 
1.2084655 0.1706984 0.0853492 1.0000000 0.0853492 
       step   negloglik          mu    sigma.sq          SE          bt 
 1.00000000 35.24979282  1.31466069  0.01275889  0.05373576  1.16014448 
         vh 
 0.12244717 
[1] "New improvement found, resetting step counter"
        step    negloglik           mu     sigma.sq           SE           bt 
 2.000000000 34.831682497  1.322331315  0.012146094  0.055131804  1.270605832 
          vh 
 0.001849592 
        step    negloglik           mu     sigma.sq           SE           bt 
 3.000000000 34.831682497  1.322331315  0.012146094  0.055131804  1.270605832 
          vh 
 0.001849592 
        step    negloglik           mu     sigma.sq           SE           bt 
 4.000000000 34.831682497  1.322331315  0.012146094  0.055131804  1.270605832 
          vh 
 0.001849592 
[1] "Now starting analysis"
[1] "Starting with initial values"
       mu  sigma.sq        bt        vh 
1.2084655 0.1706984 1.0000000 0.0853492 
      step  negloglik         mu   sigma.sq         bt         vh 
 1.0000000 92.1356439  1.2084655  0.1706984  1.1208466  0.0853492 
      step  negloglik         mu   sigma.sq         bt         vh 
 2.0000000 92.1356439  1.2084655  0.1706984  1.1208466  0.0853492 
      step  negloglik         mu   sigma.sq         bt         vh 
 3.0000000 92.1356439  1.2084655  0.1706984  1.1208466  0.0853492 
[1] "Now starting analysis"
[1] "Starting with initial values"
       mu  sigma.sq        SE        vh 
1.2084655 0.1706984 0.0853492 0.0853492 
       step   negloglik          mu    sigma.sq          SE          vh 
 1.00000000 35.48556123  1.21356193  0.01277943  0.05683196  0.22670607 
[1] "New improvement found, resetting step counter"
        step    negloglik           mu     sigma.sq           SE           vh 
2.000000e+00 3.499956e+01 1.337126e+00 1.258327e-02 5.176129e-02 3.645978e-04 
[1] "New improvement found, resetting step counter"
        step    negloglik           mu     sigma.sq           SE           vh 
3.000000e+00 3.498153e+01 1.297943e+00 1.357992e-02 5.409349e-02 5.889006e-04 
        step    negloglik           mu     sigma.sq           SE           vh 
4.000000e+00 3.498153e+01 1.297943e+00 1.357992e-02 5.409349e-02 5.889006e-04 
[1] "New improvement found, resetting step counter"
        step    negloglik           mu     sigma.sq           SE           vh 
 5.000000000 34.968285695  1.086720000  0.012562822  0.055397844  0.002308635 
[1] "New improvement found, resetting step counter"
        step    negloglik           mu     sigma.sq           SE           vh 
 6.000000000 34.936025722  1.243623939  0.011890704  0.055853136  0.001352751 
        step    negloglik           mu     sigma.sq           SE           vh 
 7.000000000 34.936025722  1.243623939  0.011890704  0.055853136  0.001352751 
        step    negloglik           mu     sigma.sq           SE           vh 
 8.000000000 34.936025722  1.243623939  0.011890704  0.055853136  0.001352751 
[1] "Now starting analysis"
[1] "Starting with initial values"
       mu  sigma.sq        vh 
1.2084655 0.1706984 0.0853492 
      step  negloglik         mu   sigma.sq         vh 
 1.0000000 92.1555368  1.2084655  0.1706984  0.0853492 
      step  negloglik         mu   sigma.sq         vh 
 2.0000000 92.1555368  1.2084655  0.1706984  0.0853492 
      step  negloglik         mu   sigma.sq         vh 
 3.0000000 92.1555368  1.2084655  0.1706984  0.0853492 
[1] "Now starting analysis"
[1] "Starting with initial values"
       mu  sigma.sq        SE        bt 
1.2084655 0.1706984 0.0853492 1.0000000 
       step   negloglik          mu    sigma.sq          SE          bt 
 1.00000000 34.82807206  1.37257136  0.01241589  0.05610011  1.16247202 
[1] "New improvement found, resetting step counter"
       step   negloglik          mu    sigma.sq          SE          bt 
 2.00000000 34.76423438  1.25129018  0.01265542  0.05511483  1.18917119 
       step   negloglik          mu    sigma.sq          SE          bt 
 3.00000000 34.76423438  1.25129018  0.01265542  0.05511483  1.18917119 
       step   negloglik          mu    sigma.sq          SE          bt 
 4.00000000 34.76423438  1.25129018  0.01265542  0.05511483  1.18917119 
[1] "Now starting analysis"
[1] "Starting with initial values"
       mu  sigma.sq        bt 
1.2084655 0.1706984 1.0000000 
      step  negloglik         mu   sigma.sq         bt 
 1.0000000 92.0555188  1.2084655  0.1706984  1.1208466 
      step  negloglik         mu   sigma.sq         bt 
 2.0000000 92.0555188  1.2084655  0.1706984  1.1208466 
      step  negloglik         mu   sigma.sq         bt 
 3.0000000 92.0555188  1.2084655  0.1706984  1.1208466 
[1] "Now starting analysis"
[1] "Starting with initial values"
       mu  sigma.sq        SE 
1.2084655 0.1706984 0.0853492 
       step   negloglik          mu    sigma.sq          SE 
 1.00000000 34.99252915  1.32936574  0.01262180  0.05767958 
[1] "New improvement found, resetting step counter"
       step   negloglik          mu    sigma.sq          SE 
 2.00000000 34.92575914  1.24464823  0.01215116  0.05526005 
       step   negloglik          mu    sigma.sq          SE 
 3.00000000 34.92575914  1.24464823  0.01215116  0.05526005 
       step   negloglik          mu    sigma.sq          SE 
 4.00000000 34.92575914  1.24464823  0.01215116  0.05526005 
[1] "Now starting analysis"
[1] "Starting with initial values"
       mu  sigma.sq 
1.2084655 0.1706984 
      step  negloglik         mu   sigma.sq 
 1.0000000 92.0788823  1.2084655  0.1706984 
      step  negloglik         mu   sigma.sq 
 2.0000000 92.0788823  1.2084655  0.1706984 
      step  negloglik         mu   sigma.sq 
 3.0000000 92.0788823  1.2084655  0.1706984 
