[1] "args"
[1] "66"  "680"
[1] "Now starting analysis"
[1] "Starting with initial values"
         mu    sigma.sq          SE          bt          vh 
2.597099962 0.016363473 0.008181736 1.000000000 0.008181736 
        step    negloglik           mu     sigma.sq           SE           bt 
1.000000e+00 2.242366e+00 2.339379e+00 1.293554e-02 4.656907e-06 2.497041e+00 
          vh 
6.294692e-01 
[1] "New improvement found, resetting step counter"
         step     negloglik            mu      sigma.sq            SE 
 2.000000e+00 -8.433419e-01  8.204444e-01  1.292787e-02  1.815957e-06 
           bt            vh 
 4.595577e+00  5.606683e-05 
[1] "New improvement found, resetting step counter"
         step     negloglik            mu      sigma.sq            SE 
 3.000000e+00 -9.357648e-01  8.343898e-01  1.172950e-02  4.295536e-05 
           bt            vh 
 4.572655e+00  6.636430e-05 
         step     negloglik            mu      sigma.sq            SE 
 4.000000e+00 -9.357648e-01  8.343898e-01  1.172950e-02  4.295536e-05 
           bt            vh 
 4.572655e+00  6.636430e-05 
         step     negloglik            mu      sigma.sq            SE 
 5.000000e+00 -9.357648e-01  8.343898e-01  1.172950e-02  4.295536e-05 
           bt            vh 
 4.572655e+00  6.636430e-05 
[1] "Now starting analysis"
[1] "Starting with initial values"
         mu    sigma.sq          bt          vh 
2.597099962 0.016363473 1.000000000 0.008181736 
         step     negloglik            mu      sigma.sq            bt 
 1.0000000000 -0.6556567752  1.2175914720  0.0125221980  4.2780182693 
           vh 
 0.0004146527 
[1] "New improvement found, resetting step counter"
         step     negloglik            mu      sigma.sq            bt 
 2.000000e+00 -7.570905e-01  1.056187e+00  1.307938e-02  4.238441e+00 
           vh 
 9.891887e-05 
[1] "New improvement found, resetting step counter"
         step     negloglik            mu      sigma.sq            bt 
 3.0000000000 -0.8141399012  1.0764049822  0.0123222478  4.1596355062 
           vh 
 0.0001140953 
         step     negloglik            mu      sigma.sq            bt 
 4.0000000000 -0.8141399012  1.0764049822  0.0123222478  4.1596355062 
           vh 
 0.0001140953 
[1] "New improvement found, resetting step counter"
         step     negloglik            mu      sigma.sq            bt 
 5.000000e+00 -9.350993e-01  8.656310e-01  1.156420e-02  4.525374e+00 
           vh 
 8.873231e-06 
         step     negloglik            mu      sigma.sq            bt 
 6.000000e+00 -9.350993e-01  8.656310e-01  1.156420e-02  4.525374e+00 
           vh 
 8.873231e-06 
         step     negloglik            mu      sigma.sq            bt 
 7.000000e+00 -9.350993e-01  8.656310e-01  1.156420e-02  4.525374e+00 
           vh 
 8.873231e-06 
[1] "Now starting analysis"
[1] "Starting with initial values"
         mu    sigma.sq          SE          vh 
2.597099962 0.016363473 0.008181736 0.008181736 
        step    negloglik           mu     sigma.sq           SE           vh 
1.000000e+00 5.537920e+00 2.788234e+00 1.218833e-02 4.537148e-05 9.663445e-01 
[1] "New improvement found, resetting step counter"
        step    negloglik           mu     sigma.sq           SE           vh 
2.000000e+00 3.776105e+00 1.630083e+00 1.210880e-02 5.501217e-06 2.233491e+00 
[1] "New improvement found, resetting step counter"
        step    negloglik           mu     sigma.sq           SE           vh 
3.0000000000 3.7621252718 1.5884711557 0.0121698579 0.0000196994 2.6531592024 
        step    negloglik           mu     sigma.sq           SE           vh 
4.0000000000 3.7621252718 1.5884711557 0.0121698579 0.0000196994 2.6531592024 
        step    negloglik           mu     sigma.sq           SE           vh 
5.0000000000 3.7621252718 1.5884711557 0.0121698579 0.0000196994 2.6531592024 
[1] "Now starting analysis"
[1] "Starting with initial values"
         mu    sigma.sq          vh 
2.597099962 0.016363473 0.008181736 
      step  negloglik         mu   sigma.sq         vh 
1.00000000 3.76588286 1.56814384 0.01212145 2.46176474 
[1] "New improvement found, but slight; taking the best value, but not resetting the step counter"
      step  negloglik         mu   sigma.sq         vh 
2.00000000 3.76271466 1.56814384 0.01212145 2.70794121 
      step  negloglik         mu   sigma.sq         vh 
3.00000000 3.76271466 1.56814384 0.01212145 2.70794121 
[1] "Now starting analysis"
[1] "Starting with initial values"
         mu    sigma.sq          SE          bt 
2.597099962 0.016363473 0.008181736 1.000000000 
        step    negloglik           mu     sigma.sq           SE           bt 
1.000000e+00 5.314969e+00 2.850454e+00 1.227600e-02 8.562429e-05 2.224757e+00 
[1] "New improvement found, resetting step counter"
         step     negloglik            mu      sigma.sq            SE 
 2.000000e+00 -9.354497e-01  8.460242e-01  1.117524e-02  4.426523e-05 
           bt 
 4.546748e+00 
         step     negloglik            mu      sigma.sq            SE 
 3.000000e+00 -9.354497e-01  8.460242e-01  1.117524e-02  4.426523e-05 
           bt 
 4.546748e+00 
         step     negloglik            mu      sigma.sq            SE 
 4.000000e+00 -9.354497e-01  8.460242e-01  1.117524e-02  4.426523e-05 
           bt 
 4.546748e+00 
[1] "Now starting analysis"
[1] "Starting with initial values"
        mu   sigma.sq         bt 
2.59709996 0.01636347 1.00000000 
       step   negloglik          mu    sigma.sq          bt 
 1.00000000 -0.92907084  0.81910894  0.01149196  4.68776211 
[1] "New improvement found, but slight; taking the best value, but not resetting the step counter"
      step  negloglik         mu   sigma.sq         bt 
 2.0000000 -0.9360693  0.8328327  0.0114991  4.5828280 
      step  negloglik         mu   sigma.sq         bt 
 3.0000000 -0.9360693  0.8328327  0.0114991  4.5828280 
[1] "Now starting analysis"
[1] "Starting with initial values"
         mu    sigma.sq          SE 
2.597099962 0.016363473 0.008181736 
        step    negloglik           mu     sigma.sq           SE 
1.000000e+00 1.145724e+01 3.455529e+00 2.285414e-02 2.963903e-06 
[1] "New improvement found, resetting step counter"
        step    negloglik           mu     sigma.sq           SE 
2.000000e+00 1.126264e+01 3.013990e+00 2.285364e-02 2.201729e-06 
[1] "New improvement found, resetting step counter"
        step    negloglik           mu     sigma.sq           SE 
3.000000e+00 1.118309e+01 3.220984e+00 2.475706e-02 3.641653e-06 
[1] "New improvement found, resetting step counter"
        step    negloglik           mu     sigma.sq           SE 
4.000000e+00 1.114337e+01 3.075367e+00 2.537133e-02 2.223391e-06 
        step    negloglik           mu     sigma.sq           SE 
5.000000e+00 1.114337e+01 3.075367e+00 2.537133e-02 2.223391e-06 
[1] "New improvement found, but slight; taking the best value, but not resetting the step counter"
        step    negloglik           mu     sigma.sq           SE 
6.000000e+00 1.114121e+01 3.077165e+00 2.560681e-02 1.714314e-06 
[1] "Now starting analysis"
[1] "Starting with initial values"
        mu   sigma.sq 
2.59709996 0.01636347 
       step   negloglik          mu    sigma.sq 
 1.00000000 11.15401216  3.00581350  0.02676202 
[1] "New improvement found, but slight; taking the best value, but not resetting the step counter"
       step   negloglik          mu    sigma.sq 
 2.00000000 11.14458100  3.13058484  0.02613825 
[1] "New improvement found, but slight; taking the best value, but not resetting the step counter"
       step   negloglik          mu    sigma.sq 
 3.00000000 11.14070052  3.09518564  0.02605359 
