000 (066.1500.000) 07/26 17:14:46 Job submitted from host: <160.36.155.106:9618?addrs=160.36.155.106-9618&noUDP&sock=27742_4872_4>
...
012 (066.1500.000) 08/03 14:17:16 Job was held.
	via condor_hold (by user bomeara)
	Code 1 Subcode 0
...
013 (066.1500.000) 08/05 22:28:03 Job was released.
	via condor_release (by user bomeara)
...
012 (066.1500.000) 08/09 10:36:10 Job was held.
	via condor_hold (by user bomeara)
	Code 1 Subcode 0
...
013 (066.1500.000) 08/09 13:05:21 Job was released.
	via condor_release (by user bomeara)
...
001 (066.1500.000) 09/16 04:11:22 Job executing on host: <10.131.171.171:9618?addrs=10.131.171.171-9618&noUDP&sock=2284_3666_4>
...
006 (066.1500.000) 09/16 04:11:30 Image size of job updated: 227108
	222  -  MemoryUsage of job (MB)
	227108  -  ResidentSetSize of job (KB)
...
006 (066.1500.000) 09/16 04:26:32 Image size of job updated: 229460
	225  -  MemoryUsage of job (MB)
	229460  -  ResidentSetSize of job (KB)
...
006 (066.1500.000) 09/16 04:36:32 Image size of job updated: 230356
	225  -  MemoryUsage of job (MB)
	230356  -  ResidentSetSize of job (KB)
...
005 (066.1500.000) 09/16 04:46:25 Job terminated.
	(1) Normal termination (return value 0)
		Usr 0 00:34:58, Sys 0 00:00:00  -  Run Remote Usage
		Usr 0 00:00:00, Sys 0 00:00:00  -  Run Local Usage
		Usr 0 00:34:58, Sys 0 00:00:00  -  Total Remote Usage
		Usr 0 00:00:00, Sys 0 00:00:00  -  Total Local Usage
	28454  -  Run Bytes Sent By Job
	2422  -  Run Bytes Received By Job
	28454  -  Total Bytes Sent By Job
	2422  -  Total Bytes Received By Job
	Partitionable Resources :    Usage  Request Allocated 
	   Cpus                 :     1.00        1         1 
	   Disk (KB)            :    46           4    890573 
	   Memory (MB)          :   225           1       128 
...
