000 (066.682.000) 07/26 17:14:46 Job submitted from host: <160.36.155.106:9618?addrs=160.36.155.106-9618&noUDP&sock=27742_4872_4>
...
012 (066.682.000) 08/03 14:17:34 Job was held.
	via condor_hold (by user bomeara)
	Code 1 Subcode 0
...
013 (066.682.000) 08/05 22:28:21 Job was released.
	via condor_release (by user bomeara)
...
012 (066.682.000) 08/09 10:36:31 Job was held.
	via condor_hold (by user bomeara)
	Code 1 Subcode 0
...
001 (066.682.000) 08/09 13:04:45 Job executing on host: <10.128.213.253:9618?addrs=10.128.213.253-9618&noUDP&sock=2256_01bf_4>
...
006 (066.682.000) 08/09 13:04:53 Image size of job updated: 222660
	218  -  MemoryUsage of job (MB)
	222660  -  ResidentSetSize of job (KB)
...
013 (066.682.000) 08/09 13:05:37 Job was released.
	via condor_release (by user bomeara)
...
006 (066.682.000) 08/09 15:40:07 Image size of job updated: 224496
	220  -  MemoryUsage of job (MB)
	224496  -  ResidentSetSize of job (KB)
...
006 (066.682.000) 08/09 20:35:37 Image size of job updated: 224512
	220  -  MemoryUsage of job (MB)
	224512  -  ResidentSetSize of job (KB)
...
022 (066.682.000) 08/14 14:07:47 Job disconnected, attempting to reconnect
    Local schedd and job shadow died, schedd now running again
    Trying to reconnect to slot1_10@omearashiny1 <160.36.154.249:9618?addrs=160.36.154.249-9618&noUDP&sock=66431_b80f_4>
...
024 (066.682.000) 08/14 14:08:06 Job reconnection failed
    Job not found at execution machine
    Can not reconnect to slot1_10@omearashiny1, rescheduling job
...
001 (066.682.000) 08/14 14:21:51 Job executing on host: <10.128.121.58:9618?addrs=10.128.121.58-9618&noUDP&sock=2361_0731_4>
...
006 (066.682.000) 08/14 14:26:59 Image size of job updated: 225484
	221  -  MemoryUsage of job (MB)
	225484  -  ResidentSetSize of job (KB)
...
006 (066.682.000) 08/15 14:44:29 Image size of job updated: 227632
	223  -  MemoryUsage of job (MB)
	227632  -  ResidentSetSize of job (KB)
...
006 (066.682.000) 08/16 10:51:36 Image size of job updated: 227856
	223  -  MemoryUsage of job (MB)
	227856  -  ResidentSetSize of job (KB)
...
005 (066.682.000) 08/16 11:36:31 Job terminated.
	(1) Normal termination (return value 0)
		Usr 1 21:11:03, Sys 0 00:00:14  -  Run Remote Usage
		Usr 0 00:00:00, Sys 0 00:00:00  -  Run Local Usage
		Usr 1 21:11:03, Sys 0 00:00:14  -  Total Remote Usage
		Usr 0 00:00:00, Sys 0 00:00:00  -  Total Local Usage
	29803  -  Run Bytes Sent By Job
	2422  -  Run Bytes Received By Job
	29803  -  Total Bytes Sent By Job
	4844  -  Total Bytes Received By Job
	Partitionable Resources :    Usage  Request Allocated 
	   Cpus                 :     1.00        1         1 
	   Disk (KB)            :    48          75    888433 
	   Memory (MB)          :   223         220       256 
...
