[1] "args"
[1] "66"  "280"
[1] "Now starting analysis"
[1] "Starting with initial values"
       mu  sigma.sq        SE        bt        vh 
0.6463555 0.3295256 0.1647628 1.0000000 0.1647628 
        step    negloglik           mu     sigma.sq           SE           bt 
1.000000e+00 1.682800e+01 6.866483e-01 5.189551e-04 1.078270e-01 9.806536e-01 
          vh 
5.071158e-01 
[1] "New improvement found, resetting step counter"
        step    negloglik           mu     sigma.sq           SE           bt 
2.000000e+00 1.452418e+01 9.416397e-01 1.101802e-06 1.283269e-01 9.074846e-01 
          vh 
1.873787e-01 
[1] "New improvement found, resetting step counter"
        step    negloglik           mu     sigma.sq           SE           bt 
3.000000e+00 1.417462e+01 9.757472e-01 3.583731e-06 1.081656e-01 8.541148e-01 
          vh 
1.902601e-01 
[1] "New improvement found, resetting step counter"
        step    negloglik           mu     sigma.sq           SE           bt 
4.000000e+00 1.415567e+01 9.406091e-01 2.146023e-06 1.030017e-01 8.627978e-01 
          vh 
2.937010e-01 
        step    negloglik           mu     sigma.sq           SE           bt 
5.000000e+00 1.415567e+01 9.406091e-01 2.146023e-06 1.030017e-01 8.627978e-01 
          vh 
2.937010e-01 
        step    negloglik           mu     sigma.sq           SE           bt 
6.000000e+00 1.415567e+01 9.406091e-01 2.146023e-06 1.030017e-01 8.627978e-01 
          vh 
2.937010e-01 
[1] "Now starting analysis"
[1] "Starting with initial values"
       mu  sigma.sq        bt        vh 
0.6463555 0.3295256 1.0000000 0.1647628 
        step    negloglik           mu     sigma.sq           bt           vh 
1.000000e+00 4.455803e+01 7.228514e-01 3.433798e-01 7.540217e-01 7.744305e-04 
[1] "New improvement found, resetting step counter"
        step    negloglik           mu     sigma.sq           bt           vh 
2.000000e+00 4.454599e+01 7.982535e-01 3.433798e-01 7.540217e-01 7.744305e-04 
        step    negloglik           mu     sigma.sq           bt           vh 
3.000000e+00 4.454599e+01 7.982535e-01 3.433798e-01 7.540217e-01 7.744305e-04 
        step    negloglik           mu     sigma.sq           bt           vh 
4.000000e+00 4.454599e+01 7.982535e-01 3.433798e-01 7.540217e-01 7.744305e-04 
[1] "Now starting analysis"
[1] "Starting with initial values"
       mu  sigma.sq        SE        vh 
0.6463555 0.3295256 0.1647628 0.1647628 
        step    negloglik           mu     sigma.sq           SE           vh 
1.000000e+00 1.663338e+01 7.342410e-01 3.732468e-04 1.069453e-01 4.427366e-01 
[1] "New improvement found, resetting step counter"
        step    negloglik           mu     sigma.sq           SE           vh 
2.000000e+00 1.542908e+01 9.083038e-01 1.305256e-06 1.051129e-01 2.621159e-01 
        step    negloglik           mu     sigma.sq           SE           vh 
3.000000e+00 1.542908e+01 9.083038e-01 1.305256e-06 1.051129e-01 2.621159e-01 
[1] "New improvement found, but slight; taking the best value, but not resetting the step counter"
        step    negloglik           mu     sigma.sq           SE           vh 
4.000000e+00 1.542844e+01 9.249896e-01 1.012634e-07 1.036206e-01 4.172230e-01 
[1] "Now starting analysis"
[1] "Starting with initial values"
       mu  sigma.sq        vh 
0.6463555 0.3295256 0.1647628 
      step  negloglik         mu   sigma.sq         vh 
 1.0000000 46.4481627  0.3985859  0.3546616  0.7069833 
[1] "New improvement found, but slight; taking the best value, but not resetting the step counter"
      step  negloglik         mu   sigma.sq         vh 
 2.0000000 46.4471928  0.4692842  0.3546616  0.7069833 
      step  negloglik         mu   sigma.sq         vh 
 3.0000000 46.4471928  0.4692842  0.3546616  0.7069833 
[1] "Now starting analysis"
[1] "Starting with initial values"
       mu  sigma.sq        SE        bt 
0.6463555 0.3295256 0.1647628 1.0000000 
        step    negloglik           mu     sigma.sq           SE           bt 
 1.000000000 19.812717321  0.909441894  0.004538029  0.147635144  0.928744095 
[1] "New improvement found, but slight; taking the best value, but not resetting the step counter"
        step    negloglik           mu     sigma.sq           SE           bt 
 2.000000000 19.804822394  0.881589155  0.004423181  0.154845857  0.930916504 
[1] "New improvement found, but slight; taking the best value, but not resetting the step counter"
        step    negloglik           mu     sigma.sq           SE           bt 
 3.000000000 19.804606532  0.922534094  0.003647414  0.155416146  0.938755636 
[1] "Now starting analysis"
[1] "Starting with initial values"
       mu  sigma.sq        bt 
0.6463555 0.3295256 1.0000000 
      step  negloglik         mu   sigma.sq         bt 
 1.0000000 44.5126676  0.9662951  0.3283746  0.7609504 
[1] "New improvement found, resetting step counter"
      step  negloglik         mu   sigma.sq         bt 
 2.0000000 44.5010993  1.0629246  0.3283746  0.7609504 
      step  negloglik         mu   sigma.sq         bt 
 3.0000000 44.5010993  1.0629246  0.3283746  0.7609504 
      step  negloglik         mu   sigma.sq         bt 
 4.0000000 44.5010993  1.0629246  0.3283746  0.7609504 
[1] "Now starting analysis"
[1] "Starting with initial values"
       mu  sigma.sq        SE 
0.6463555 0.3295256 0.1647628 
        step    negloglik           mu     sigma.sq           SE 
 1.000000000 20.288372973  0.707027328  0.002636904  0.167005598 
[1] "New improvement found, resetting step counter"
        step    negloglik           mu     sigma.sq           SE 
 2.000000000 20.271101354  0.647694110  0.002897743  0.167573307 
        step    negloglik           mu     sigma.sq           SE 
 3.000000000 20.271101354  0.647694110  0.002897743  0.167573307 
        step    negloglik           mu     sigma.sq           SE 
 4.000000000 20.271101354  0.647694110  0.002897743  0.167573307 
[1] "Now starting analysis"
[1] "Starting with initial values"
       mu  sigma.sq 
0.6463555 0.3295256 
      step  negloglik         mu   sigma.sq 
 1.0000000 48.9603298  0.6463555  0.4587967 
      step  negloglik         mu   sigma.sq 
 2.0000000 48.9603298  0.6463555  0.4587967 
      step  negloglik         mu   sigma.sq 
 3.0000000 48.9603298  0.6463555  0.4587967 
