000 (066.1249.000) 07/26 17:14:46 Job submitted from host: <160.36.155.106:9618?addrs=160.36.155.106-9618&noUDP&sock=27742_4872_4>
...
012 (066.1249.000) 08/03 14:17:04 Job was held.
	via condor_hold (by user bomeara)
	Code 1 Subcode 0
...
013 (066.1249.000) 08/05 22:27:50 Job was released.
	via condor_release (by user bomeara)
...
012 (066.1249.000) 08/09 10:35:54 Job was held.
	via condor_hold (by user bomeara)
	Code 1 Subcode 0
...
013 (066.1249.000) 08/09 13:05:08 Job was released.
	via condor_release (by user bomeara)
...
001 (066.1249.000) 08/31 04:41:40 Job executing on host: <10.129.199.164:9618?addrs=10.129.199.164-9618&noUDP&sock=2350_7ba6_4>
...
006 (066.1249.000) 08/31 04:41:48 Image size of job updated: 235272
	230  -  MemoryUsage of job (MB)
	235272  -  ResidentSetSize of job (KB)
...
006 (066.1249.000) 08/31 04:46:48 Image size of job updated: 237268
	232  -  MemoryUsage of job (MB)
	237268  -  ResidentSetSize of job (KB)
...
006 (066.1249.000) 08/31 11:27:29 Image size of job updated: 248352
	243  -  MemoryUsage of job (MB)
	248352  -  ResidentSetSize of job (KB)
...
006 (066.1249.000) 08/31 22:48:37 Image size of job updated: 250800
	245  -  MemoryUsage of job (MB)
	250800  -  ResidentSetSize of job (KB)
...
005 (066.1249.000) 09/01 02:42:16 Job terminated.
	(1) Normal termination (return value 0)
		Usr 0 21:58:49, Sys 0 00:00:10  -  Run Remote Usage
		Usr 0 00:00:00, Sys 0 00:00:00  -  Run Local Usage
		Usr 0 21:58:49, Sys 0 00:00:10  -  Total Remote Usage
		Usr 0 00:00:00, Sys 0 00:00:00  -  Total Local Usage
	31773  -  Run Bytes Sent By Job
	2422  -  Run Bytes Received By Job
	31773  -  Total Bytes Sent By Job
	2422  -  Total Bytes Received By Job
	Partitionable Resources :    Usage  Request Allocated 
	   Cpus                 :     1.00        1         1 
	   Disk (KB)            :    49           4    889887 
	   Memory (MB)          :   245           1       128 
...
