[1] "args"
[1] "66"  "935"
[1] "Now starting analysis"
[1] "Starting with initial values"
       mu  sigma.sq        SE        bt        vh 
1.8547204 1.6429412 0.8214706 1.0000000 0.8214706 
        step    negloglik           mu     sigma.sq           SE           bt 
 1.000000000 55.662968766  1.888643566  0.009998734  0.066215310  2.294673520 
          vh 
 1.332587759 
[1] "New improvement found, resetting step counter"
        step    negloglik           mu     sigma.sq           SE           bt 
 2.000000000 48.447656301  0.805860792  0.005232171  0.084199277  2.380838133 
          vh 
 0.164701597 
[1] "New improvement found, resetting step counter"
        step    negloglik           mu     sigma.sq           SE           bt 
 3.000000000 48.412688243  0.865952615  0.005926263  0.080950085  2.392650028 
          vh 
 0.157813458 
[1] "New improvement found, resetting step counter"
        step    negloglik           mu     sigma.sq           SE           bt 
 4.000000000 48.361725124  0.796117934  0.005595497  0.078375274  2.333721708 
          vh 
 0.171583425 
        step    negloglik           mu     sigma.sq           SE           bt 
 5.000000000 48.361725124  0.796117934  0.005595497  0.078375274  2.333721708 
          vh 
 0.171583425 
        step    negloglik           mu     sigma.sq           SE           bt 
 6.000000000 48.361725124  0.796117934  0.005595497  0.078375274  2.333721708 
          vh 
 0.171583425 
[1] "Now starting analysis"
[1] "Starting with initial values"
       mu  sigma.sq        bt        vh 
1.8547204 1.6429412 1.0000000 0.8214706 
       step   negloglik          mu    sigma.sq          bt          vh 
  1.0000000 223.8977909   1.8547204   1.6429412   1.1854720   0.8214706 
[1] "New improvement found, resetting step counter"
       step   negloglik          mu    sigma.sq          bt          vh 
  2.0000000 223.8291403   1.8547204   1.6429412   1.3709441   0.8214706 
       step   negloglik          mu    sigma.sq          bt          vh 
  3.0000000 223.8291403   1.8547204   1.6429412   1.3709441   0.8214706 
[1] "New improvement found, resetting step counter"
        step    negloglik           mu     sigma.sq           bt           vh 
4.000000e+00 2.231442e+02 2.137411e+00 1.622044e+00 1.777481e+00 3.698949e-03 
        step    negloglik           mu     sigma.sq           bt           vh 
5.000000e+00 2.231442e+02 2.137411e+00 1.622044e+00 1.777481e+00 3.698949e-03 
        step    negloglik           mu     sigma.sq           bt           vh 
6.000000e+00 2.231442e+02 2.137411e+00 1.622044e+00 1.777481e+00 3.698949e-03 
[1] "Now starting analysis"
[1] "Starting with initial values"
       mu  sigma.sq        SE        vh 
1.8547204 1.6429412 0.8214706 0.8214706 
       step   negloglik          mu    sigma.sq          SE          vh 
 1.00000000 62.40508681  2.80588222  0.01059632  0.07817485  0.04310721 
[1] "New improvement found, resetting step counter"
        step    negloglik           mu     sigma.sq           SE           vh 
 2.000000000 53.994459200  0.975233170  0.006139565  0.073349163  0.677560907 
        step    negloglik           mu     sigma.sq           SE           vh 
 3.000000000 53.994459200  0.975233170  0.006139565  0.073349163  0.677560907 
[1] "New improvement found, resetting step counter"
        step    negloglik           mu     sigma.sq           SE           vh 
 4.000000000 53.978058776  0.995367850  0.005922908  0.082155543  0.718193331 
[1] "New improvement found, resetting step counter"
       step   negloglik          mu    sigma.sq          SE          vh 
 5.00000000 53.88598429  0.86956574  0.00574046  0.07563403  0.81513682 
       step   negloglik          mu    sigma.sq          SE          vh 
 6.00000000 53.88598429  0.86956574  0.00574046  0.07563403  0.81513682 
       step   negloglik          mu    sigma.sq          SE          vh 
 7.00000000 53.88598429  0.86956574  0.00574046  0.07563403  0.81513682 
[1] "Now starting analysis"
[1] "Starting with initial values"
       mu  sigma.sq        vh 
1.8547204 1.6429412 0.8214706 
       step   negloglik          mu    sigma.sq          vh 
  1.0000000 224.0056321   2.0401924   1.6429412   0.8214706 
[1] "New improvement found, but slight; taking the best value, but not resetting the step counter"
       step   negloglik          mu    sigma.sq          vh 
  2.0000000 224.0052852   2.2442117   1.6429412   0.8214706 
       step   negloglik          mu    sigma.sq          vh 
  3.0000000 224.0052852   2.2442117   1.6429412   0.8214706 
[1] "Now starting analysis"
[1] "Starting with initial values"
       mu  sigma.sq        SE        bt 
1.8547204 1.6429412 0.8214706 1.0000000 
       step   negloglik          mu    sigma.sq          SE          bt 
 1.00000000 58.12035926  1.23539226  0.01404893  0.08140697  3.68451559 
[1] "New improvement found, resetting step counter"
        step    negloglik           mu     sigma.sq           SE           bt 
 2.000000000 49.277995420  1.134720553  0.008935705  0.074762725  2.145109772 
        step    negloglik           mu     sigma.sq           SE           bt 
 3.000000000 49.277995420  1.134720553  0.008935705  0.074762725  2.145109772 
        step    negloglik           mu     sigma.sq           SE           bt 
 4.000000000 49.277995420  1.134720553  0.008935705  0.074762725  2.145109772 
[1] "Now starting analysis"
[1] "Starting with initial values"
      mu sigma.sq       bt 
1.854720 1.642941 1.000000 
      step  negloglik         mu   sigma.sq         bt 
  1.000000 223.114640   1.288000   1.612029   1.917056 
[1] "New improvement found, but slight; taking the best value, but not resetting the step counter"
      step  negloglik         mu   sigma.sq         bt 
  2.000000 223.112937   1.288000   1.612029   2.108762 
      step  negloglik         mu   sigma.sq         bt 
  3.000000 223.112937   1.288000   1.612029   2.108762 
[1] "Now starting analysis"
[1] "Starting with initial values"
       mu  sigma.sq        SE 
1.8547204 1.6429412 0.8214706 
       step   negloglik          mu    sigma.sq          SE 
 1.00000000 63.94496362  3.43974024  0.02122316  0.07069513 
[1] "New improvement found, resetting step counter"
       step   negloglik          mu    sigma.sq          SE 
 2.00000000 60.34782362  2.23163929  0.01670837  0.07085389 
       step   negloglik          mu    sigma.sq          SE 
 3.00000000 60.34782362  2.23163929  0.01670837  0.07085389 
       step   negloglik          mu    sigma.sq          SE 
 4.00000000 60.34782362  2.23163929  0.01670837  0.07085389 
[1] "Now starting analysis"
[1] "Starting with initial values"
      mu sigma.sq 
1.854720 1.642941 
      step  negloglik         mu   sigma.sq 
  1.000000 223.654208   2.040192   1.642941 
[1] "New improvement found, but slight; taking the best value, but not resetting the step counter"
      step  negloglik         mu   sigma.sq 
  2.000000 223.653532   2.244212   1.642941 
      step  negloglik         mu   sigma.sq 
  3.000000 223.653532   2.244212   1.642941 
