000 (066.306.000) 07/26 17:14:46 Job submitted from host: <160.36.155.106:9618?addrs=160.36.155.106-9618&noUDP&sock=27742_4872_4>
...
001 (066.306.000) 07/27 07:19:02 Job executing on host: <10.129.199.164:9618?addrs=10.129.199.164-9618&noUDP&sock=2256_01bf_4>
...
006 (066.306.000) 07/27 07:19:11 Image size of job updated: 228544
	224  -  MemoryUsage of job (MB)
	228544  -  ResidentSetSize of job (KB)
...
005 (066.306.000) 07/27 07:30:27 Job terminated.
	(1) Normal termination (return value 1)
		Usr 0 00:11:21, Sys 0 00:00:00  -  Run Remote Usage
		Usr 0 00:00:00, Sys 0 00:00:00  -  Run Local Usage
		Usr 0 00:11:21, Sys 0 00:00:00  -  Total Remote Usage
		Usr 0 00:00:00, Sys 0 00:00:00  -  Total Local Usage
	3154  -  Run Bytes Sent By Job
	2422  -  Run Bytes Received By Job
	3154  -  Total Bytes Sent By Job
	2422  -  Total Bytes Received By Job
	Partitionable Resources :    Usage  Request Allocated 
	   Cpus                 :     1.00        1         1 
	   Disk (KB)            :    21           4    889814 
	   Memory (MB)          :   224           1       128 
...
