[1] "args"
[1] "66"  "977"
[1] "Now starting analysis"
[1] "Starting with initial values"
        mu   sigma.sq         SE         bt         vh 
0.76670846 0.13081296 0.06540648 1.00000000 0.06540648 
        step    negloglik           mu     sigma.sq           SE           bt 
 1.000000000 39.427237409  0.750419716  0.001665198  0.087012447  1.079630223 
          vh 
 0.182270218 
[1] "New improvement found, resetting step counter"
        step    negloglik           mu     sigma.sq           SE           bt 
 2.000000000 38.731645611  0.719047305  0.002163464  0.084198741  1.201277492 
          vh 
 0.052265248 
[1] "New improvement found, resetting step counter"
        step    negloglik           mu     sigma.sq           SE           bt 
 3.000000000 38.711120038  0.687910350  0.002310021  0.083371273  1.197174764 
          vh 
 0.057225912 
        step    negloglik           mu     sigma.sq           SE           bt 
 4.000000000 38.711120038  0.687910350  0.002310021  0.083371273  1.197174764 
          vh 
 0.057225912 
        step    negloglik           mu     sigma.sq           SE           bt 
 5.000000000 38.711120038  0.687910350  0.002310021  0.083371273  1.197174764 
          vh 
 0.057225912 
[1] "Now starting analysis"
[1] "Starting with initial values"
        mu   sigma.sq         bt         vh 
0.76670846 0.13081296 1.00000000 0.06540648 
        step    negloglik           mu     sigma.sq           bt           vh 
1.000000e+00 1.060837e+02 7.455060e-01 1.299905e-01 1.166298e+00 4.836335e-03 
[1] "New improvement found, but slight; taking the best value, but not resetting the step counter"
        step    negloglik           mu     sigma.sq           bt           vh 
2.000000e+00 1.060812e+02 7.455060e-01 1.299905e-01 1.282927e+00 4.836335e-03 
        step    negloglik           mu     sigma.sq           bt           vh 
3.000000e+00 1.060812e+02 7.455060e-01 1.299905e-01 1.282927e+00 4.836335e-03 
[1] "Now starting analysis"
[1] "Starting with initial values"
        mu   sigma.sq         SE         vh 
0.76670846 0.13081296 0.06540648 0.06540648 
        step    negloglik           mu     sigma.sq           SE           vh 
 1.000000000 39.793661262  0.737268364  0.002562574  0.079288646  0.135067345 
[1] "New improvement found, resetting step counter"
       step   negloglik          mu    sigma.sq          SE          vh 
 2.00000000 39.75541412  0.78434821  0.00230691  0.08115052  0.11302828 
       step   negloglik          mu    sigma.sq          SE          vh 
 3.00000000 39.75541412  0.78434821  0.00230691  0.08115052  0.11302828 
       step   negloglik          mu    sigma.sq          SE          vh 
 4.00000000 39.75541412  0.78434821  0.00230691  0.08115052  0.11302828 
[1] "Now starting analysis"
[1] "Starting with initial values"
        mu   sigma.sq         vh 
0.76670846 0.13081296 0.06540648 
        step    negloglik           mu     sigma.sq           vh 
1.000000e+00 1.062476e+02 8.327306e-01 1.372022e-01 3.643854e-03 
        step    negloglik           mu     sigma.sq           vh 
2.000000e+00 1.062476e+02 8.327306e-01 1.372022e-01 3.643854e-03 
        step    negloglik           mu     sigma.sq           vh 
3.000000e+00 1.062476e+02 8.327306e-01 1.372022e-01 3.643854e-03 
[1] "Now starting analysis"
[1] "Starting with initial values"
        mu   sigma.sq         SE         bt 
0.76670846 0.13081296 0.06540648 1.00000000 
        step    negloglik           mu     sigma.sq           SE           bt 
 1.000000000 39.524158416  0.870997953  0.003567411  0.074611059  1.124377411 
[1] "New improvement found, resetting step counter"
        step    negloglik           mu     sigma.sq           SE           bt 
 2.000000000 39.336281427  0.830135182  0.003951494  0.080065349  1.175178634 
[1] "New improvement found, resetting step counter"
        step    negloglik           mu     sigma.sq           SE           bt 
 3.000000000 39.062431442  0.673198667  0.003224165  0.079601097  1.207864181 
        step    negloglik           mu     sigma.sq           SE           bt 
 4.000000000 39.062431442  0.673198667  0.003224165  0.079601097  1.207864181 
        step    negloglik           mu     sigma.sq           SE           bt 
 5.000000000 39.062431442  0.673198667  0.003224165  0.079601097  1.207864181 
[1] "Now starting analysis"
[1] "Starting with initial values"
       mu  sigma.sq        bt 
0.7667085 0.1308130 1.0000000 
       step   negloglik          mu    sigma.sq          bt 
  1.0000000 106.1006829   0.7667085   0.1308130   1.1000000 
[1] "New improvement found, resetting step counter"
       step   negloglik          mu    sigma.sq          bt 
  2.0000000 106.0653930   0.7667085   0.1308130   1.2100000 
       step   negloglik          mu    sigma.sq          bt 
  3.0000000 106.0653930   0.7667085   0.1308130   1.2100000 
       step   negloglik          mu    sigma.sq          bt 
  4.0000000 106.0653930   0.7667085   0.1308130   1.2100000 
[1] "Now starting analysis"
[1] "Starting with initial values"
        mu   sigma.sq         SE 
0.76670846 0.13081296 0.06540648 
        step    negloglik           mu     sigma.sq           SE 
 1.000000000 40.715095505  0.805740693  0.004015553  0.074023027 
[1] "New improvement found, resetting step counter"
        step    negloglik           mu     sigma.sq           SE 
 2.000000000 40.693546519  0.839157934  0.004344853  0.078480640 
[1] "New improvement found, resetting step counter"
        step    negloglik           mu     sigma.sq           SE 
 3.000000000 40.679018623  0.789468000  0.004384572  0.075262791 
[1] "New improvement found, but slight; taking the best value, but not resetting the step counter"
        step    negloglik           mu     sigma.sq           SE 
 4.000000000 40.676949533  0.788955359  0.004380663  0.075746611 
        step    negloglik           mu     sigma.sq           SE 
 5.000000000 40.676949533  0.788955359  0.004380663  0.075746611 
[1] "Now starting analysis"
[1] "Starting with initial values"
       mu  sigma.sq 
0.7667085 0.1308130 
       step   negloglik          mu    sigma.sq 
  1.0000000 106.1910508   0.7667085   0.1308130 
       step   negloglik          mu    sigma.sq 
  2.0000000 106.1910508   0.7667085   0.1308130 
       step   negloglik          mu    sigma.sq 
  3.0000000 106.1910508   0.7667085   0.1308130 
