[1] "args"
[1] "66"  "837"
[1] "Now starting analysis"
[1] "Starting with initial values"
        mu   sigma.sq         SE         bt         vh 
2.07272924 0.14024288 0.07012144 1.00000000 0.07012144 
        step    negloglik           mu     sigma.sq           SE           bt 
 1.000000000 43.044464561  1.797991753  0.004624025  0.086603293  1.504878629 
          vh 
 0.028493783 
[1] "New improvement found, resetting step counter"
        step    negloglik           mu     sigma.sq           SE           bt 
 2.000000000 43.015576756  1.751493803  0.004165104  0.087250651  1.510600400 
          vh 
 0.024379294 
        step    negloglik           mu     sigma.sq           SE           bt 
 3.000000000 43.015576756  1.751493803  0.004165104  0.087250651  1.510600400 
          vh 
 0.024379294 
        step    negloglik           mu     sigma.sq           SE           bt 
 4.000000000 43.015576756  1.751493803  0.004165104  0.087250651  1.510600400 
          vh 
 0.024379294 
[1] "Now starting analysis"
[1] "Starting with initial values"
        mu   sigma.sq         bt         vh 
2.07272924 0.14024288 1.00000000 0.07012144 
        step    negloglik           mu     sigma.sq           bt           vh 
  1.00000000 104.21433928   2.00673168   0.13552725   1.32263917   0.01373859 
[1] "New improvement found, resetting step counter"
        step    negloglik           mu     sigma.sq           bt           vh 
  2.00000000 104.19258919   2.00673168   0.13552725   1.52331234   0.01373859 
        step    negloglik           mu     sigma.sq           bt           vh 
  3.00000000 104.19258919   2.00673168   0.13552725   1.52331234   0.01373859 
        step    negloglik           mu     sigma.sq           bt           vh 
  4.00000000 104.19258919   2.00673168   0.13552725   1.52331234   0.01373859 
[1] "Now starting analysis"
[1] "Starting with initial values"
        mu   sigma.sq         SE         vh 
2.07272924 0.14024288 0.07012144 0.07012144 
        step    negloglik           mu     sigma.sq           SE           vh 
 1.000000000 44.672971420  2.062823675  0.004009804  0.089199598  0.359050582 
[1] "New improvement found, resetting step counter"
        step    negloglik           mu     sigma.sq           SE           vh 
 2.000000000 44.570772793  2.039191596  0.003814822  0.091128195  0.236183051 
        step    negloglik           mu     sigma.sq           SE           vh 
 3.000000000 44.570772793  2.039191596  0.003814822  0.091128195  0.236183051 
        step    negloglik           mu     sigma.sq           SE           vh 
 4.000000000 44.570772793  2.039191596  0.003814822  0.091128195  0.236183051 
[1] "Now starting analysis"
[1] "Starting with initial values"
        mu   sigma.sq         vh 
2.07272924 0.14024288 0.07012144 
        step    negloglik           mu     sigma.sq           vh 
  1.00000000 104.36971522   2.07272924   0.14024288   0.07012144 
        step    negloglik           mu     sigma.sq           vh 
  2.00000000 104.36971522   2.07272924   0.14024288   0.07012144 
        step    negloglik           mu     sigma.sq           vh 
  3.00000000 104.36971522   2.07272924   0.14024288   0.07012144 
[1] "Now starting analysis"
[1] "Starting with initial values"
        mu   sigma.sq         SE         bt 
2.07272924 0.14024288 0.07012144 1.00000000 
        step    negloglik           mu     sigma.sq           SE           bt 
 1.000000000 43.936766977  2.070364233  0.004309565  0.095816025  1.272995895 
[1] "New improvement found, resetting step counter"
        step    negloglik           mu     sigma.sq           SE           bt 
 2.000000000 43.066981577  1.755965890  0.005176637  0.085331002  1.598322346 
[1] "New improvement found, resetting step counter"
        step    negloglik           mu     sigma.sq           SE           bt 
 3.000000000 42.976770991  1.682188900  0.004624252  0.087178767  1.582252511 
        step    negloglik           mu     sigma.sq           SE           bt 
 4.000000000 42.976770991  1.682188900  0.004624252  0.087178767  1.582252511 
        step    negloglik           mu     sigma.sq           SE           bt 
 5.000000000 42.976770991  1.682188900  0.004624252  0.087178767  1.582252511 
[1] "Now starting analysis"
[1] "Starting with initial values"
       mu  sigma.sq        bt 
2.0727292 0.1402429 1.0000000 
       step   negloglik          mu    sigma.sq          bt 
  1.0000000 104.1466100   1.7952858   0.1434815   1.5516483 
       step   negloglik          mu    sigma.sq          bt 
  2.0000000 104.1466100   1.7952858   0.1434815   1.5516483 
[1] "New improvement found, resetting step counter"
       step   negloglik          mu    sigma.sq          bt 
  3.0000000 104.1231313   1.7059910   0.1411493   1.6701910 
[1] "New improvement found, but slight; taking the best value, but not resetting the step counter"
       step   negloglik          mu    sigma.sq          bt 
  4.0000000 104.1196418   1.4202316   0.1418461   1.8434021 
       step   negloglik          mu    sigma.sq          bt 
  5.0000000 104.1196418   1.4202316   0.1418461   1.8434021 
[1] "Now starting analysis"
[1] "Starting with initial values"
        mu   sigma.sq         SE 
2.07272924 0.14024288 0.07012144 
        step    negloglik           mu     sigma.sq           SE 
 1.000000000 45.712029542  2.109416795  0.005936648  0.082495461 
[1] "New improvement found, but slight; taking the best value, but not resetting the step counter"
        step    negloglik           mu     sigma.sq           SE 
 2.000000000 45.709401277  2.056761983  0.006146099  0.082124796 
[1] "New improvement found, but slight; taking the best value, but not resetting the step counter"
        step    negloglik           mu     sigma.sq           SE 
 3.000000000 45.702837018  2.062657712  0.006407462  0.082231390 
[1] "Now starting analysis"
[1] "Starting with initial values"
       mu  sigma.sq 
2.0727292 0.1402429 
       step   negloglik          mu    sigma.sq 
  1.0000000 104.3241037   2.0727292   0.1402429 
       step   negloglik          mu    sigma.sq 
  2.0000000 104.3241037   2.0727292   0.1402429 
       step   negloglik          mu    sigma.sq 
  3.0000000 104.3241037   2.0727292   0.1402429 
