000 (066.335.000) 07/26 17:14:46 Job submitted from host: <160.36.155.106:9618?addrs=160.36.155.106-9618&noUDP&sock=27742_4872_4>
...
001 (066.335.000) 07/27 16:28:11 Job executing on host: <10.129.167.211:9618?addrs=10.129.167.211-9618&noUDP&sock=2276_b9a4_4>
...
006 (066.335.000) 07/27 16:28:20 Image size of job updated: 243420
	238  -  MemoryUsage of job (MB)
	243420  -  ResidentSetSize of job (KB)
...
006 (066.335.000) 07/27 16:33:21 Image size of job updated: 247368
	242  -  MemoryUsage of job (MB)
	247368  -  ResidentSetSize of job (KB)
...
006 (066.335.000) 07/28 04:29:33 Image size of job updated: 247784
	242  -  MemoryUsage of job (MB)
	247784  -  ResidentSetSize of job (KB)
...
006 (066.335.000) 07/28 06:24:44 Image size of job updated: 248168
	243  -  MemoryUsage of job (MB)
	248168  -  ResidentSetSize of job (KB)
...
006 (066.335.000) 07/28 12:45:24 Image size of job updated: 249388
	244  -  MemoryUsage of job (MB)
	249388  -  ResidentSetSize of job (KB)
...
006 (066.335.000) 07/29 00:01:33 Image size of job updated: 249472
	244  -  MemoryUsage of job (MB)
	249404  -  ResidentSetSize of job (KB)
...
006 (066.335.000) 07/29 00:11:34 Image size of job updated: 249476
	244  -  MemoryUsage of job (MB)
	249404  -  ResidentSetSize of job (KB)
...
006 (066.335.000) 07/29 00:26:36 Image size of job updated: 249480
	244  -  MemoryUsage of job (MB)
	249404  -  ResidentSetSize of job (KB)
...
005 (066.335.000) 07/29 00:39:55 Job terminated.
	(1) Normal termination (return value 0)
		Usr 1 08:08:20, Sys 0 00:00:15  -  Run Remote Usage
		Usr 0 00:00:00, Sys 0 00:00:00  -  Run Local Usage
		Usr 1 08:08:20, Sys 0 00:00:15  -  Total Remote Usage
		Usr 0 00:00:00, Sys 0 00:00:00  -  Total Local Usage
	31618  -  Run Bytes Sent By Job
	2422  -  Run Bytes Received By Job
	31618  -  Total Bytes Sent By Job
	2422  -  Total Bytes Received By Job
	Partitionable Resources :    Usage  Request Allocated 
	   Cpus                 :     1.00        1         1 
	   Disk (KB)            :    49           4    892167 
	   Memory (MB)          :   244           1       128 
...
