000 (066.464.000) 07/26 17:14:46 Job submitted from host: <160.36.155.106:9618?addrs=160.36.155.106-9618&noUDP&sock=27742_4872_4>
...
001 (066.464.000) 07/31 05:25:45 Job executing on host: <10.128.213.253:9618?addrs=10.128.213.253-9618&noUDP&sock=68980_1ef7_4>
...
006 (066.464.000) 07/31 05:25:54 Image size of job updated: 220708
	216  -  MemoryUsage of job (MB)
	220708  -  ResidentSetSize of job (KB)
...
006 (066.464.000) 07/31 05:30:55 Image size of job updated: 224620
	220  -  MemoryUsage of job (MB)
	224620  -  ResidentSetSize of job (KB)
...
006 (066.464.000) 07/31 13:11:41 Image size of job updated: 225668
	221  -  MemoryUsage of job (MB)
	225668  -  ResidentSetSize of job (KB)
...
006 (066.464.000) 07/31 17:02:05 Image size of job updated: 230904
	226  -  MemoryUsage of job (MB)
	230904  -  ResidentSetSize of job (KB)
...
022 (066.464.000) 08/01 10:00:44 Job disconnected, attempting to reconnect
    Socket between submit and execute hosts closed unexpectedly
    Trying to reconnect to slot1_23@omearaclusterh <10.128.213.253:9618?addrs=10.128.213.253-9618&noUDP&sock=68980_1ef7_4>
...
024 (066.464.000) 08/01 10:41:04 Job reconnection failed
    Job disconnected too long: JobLeaseDuration (2400 seconds) expired
    Can not reconnect to slot1_23@omearaclusterh, rescheduling job
...
001 (066.464.000) 08/01 16:52:23 Job executing on host: <10.130.107.8:9618?addrs=10.130.107.8-9618&noUDP&sock=69199_5635_4>
...
005 (066.464.000) 08/02 18:36:21 Job terminated.
	(1) Normal termination (return value 0)
		Usr 1 01:41:47, Sys 0 00:00:10  -  Run Remote Usage
		Usr 0 00:00:00, Sys 0 00:00:00  -  Run Local Usage
		Usr 1 01:41:47, Sys 0 00:00:10  -  Total Remote Usage
		Usr 0 00:00:00, Sys 0 00:00:00  -  Total Local Usage
	29123  -  Run Bytes Sent By Job
	2422  -  Run Bytes Received By Job
	29123  -  Total Bytes Sent By Job
	4844  -  Total Bytes Received By Job
	Partitionable Resources :    Usage  Request Allocated 
	   Cpus                 :     1.00        1         1 
	   Disk (KB)            :    47          75    888358 
	   Memory (MB)          :   245         245       256 
...
