[1] "args"
[1] "66"   "1471"
[1] "Now starting analysis"
[1] "Starting with initial values"
         mu    sigma.sq          SE          bt          vh 
1.038549229 0.007596779 0.003798389 1.000000000 0.003798389 
         step     negloglik            mu      sigma.sq            SE 
 1.000000e+00 -4.951490e+01  8.817026e-01  7.298030e-03  4.665116e-09 
           bt            vh 
 1.191385e+00  2.664960e-01 
[1] "New improvement found, resetting step counter"
         step     negloglik            mu      sigma.sq            SE 
 2.000000e+00 -5.061165e+01  9.498712e-01  7.298320e-03  9.445783e-07 
           bt            vh 
 2.264585e+00  1.457673e-03 
         step     negloglik            mu      sigma.sq            SE 
 3.000000e+00 -5.061165e+01  9.498712e-01  7.298320e-03  9.445783e-07 
           bt            vh 
 2.264585e+00  1.457673e-03 
[1] "New improvement found, resetting step counter"
         step     negloglik            mu      sigma.sq            SE 
 4.000000e+00 -5.070373e+01  1.031617e+00  6.841316e-03  3.495521e-08 
           bt            vh 
 2.171520e+00  1.560344e-03 
         step     negloglik            mu      sigma.sq            SE 
 5.000000e+00 -5.070373e+01  1.031617e+00  6.841316e-03  3.495521e-08 
           bt            vh 
 2.171520e+00  1.560344e-03 
         step     negloglik            mu      sigma.sq            SE 
 6.000000e+00 -5.070373e+01  1.031617e+00  6.841316e-03  3.495521e-08 
           bt            vh 
 2.171520e+00  1.560344e-03 
[1] "Now starting analysis"
[1] "Starting with initial values"
         mu    sigma.sq          bt          vh 
1.038549229 0.007596779 1.000000000 0.003798389 
         step     negloglik            mu      sigma.sq            bt 
  1.000000000 -49.620746342   0.961605577   0.007213757   1.237538046 
           vh 
  0.476132673 
[1] "New improvement found, resetting step counter"
         step     negloglik            mu      sigma.sq            bt 
  2.000000000 -50.717480049   1.021560273   0.007212319   2.012924619 
           vh 
  0.002045943 
         step     negloglik            mu      sigma.sq            bt 
  3.000000000 -50.717480049   1.021560273   0.007212319   2.012924619 
           vh 
  0.002045943 
         step     negloglik            mu      sigma.sq            bt 
  4.000000000 -50.717480049   1.021560273   0.007212319   2.012924619 
           vh 
  0.002045943 
[1] "Now starting analysis"
[1] "Starting with initial values"
         mu    sigma.sq          SE          vh 
1.038549229 0.007596779 0.003798389 0.003798389 
         step     negloglik            mu      sigma.sq            SE 
 1.000000e+00 -4.863072e+01  9.690984e-01  7.415283e-03  2.107283e-08 
           vh 
 9.505604e-02 
[1] "New improvement found, resetting step counter"
         step     negloglik            mu      sigma.sq            SE 
 2.000000e+00 -4.934611e+01  9.809719e-01  7.415277e-03  1.435107e-09 
           vh 
 4.931011e-01 
         step     negloglik            mu      sigma.sq            SE 
 3.000000e+00 -4.934611e+01  9.809719e-01  7.415277e-03  1.435107e-09 
           vh 
 4.931011e-01 
         step     negloglik            mu      sigma.sq            SE 
 4.000000e+00 -4.934611e+01  9.809719e-01  7.415277e-03  1.435107e-09 
           vh 
 4.931011e-01 
[1] "Now starting analysis"
[1] "Starting with initial values"
         mu    sigma.sq          vh 
1.038549229 0.007596779 0.003798389 
         step     negloglik            mu      sigma.sq            vh 
  1.000000000 -49.230473329   0.981551422   0.007208208   0.290846726 
[1] "New improvement found, resetting step counter"
         step     negloglik            mu      sigma.sq            vh 
  2.000000000 -49.315857295   0.948817066   0.007256135   0.405345083 
         step     negloglik            mu      sigma.sq            vh 
  3.000000000 -49.315857295   0.948817066   0.007256135   0.405345083 
[1] "New improvement found, resetting step counter"
         step     negloglik            mu      sigma.sq            vh 
  4.000000000 -49.360945412   0.951017614   0.007338603   0.643081518 
         step     negloglik            mu      sigma.sq            vh 
  5.000000000 -49.360945412   0.951017614   0.007338603   0.643081518 
         step     negloglik            mu      sigma.sq            vh 
  6.000000000 -49.360945412   0.951017614   0.007338603   0.643081518 
[1] "Now starting analysis"
[1] "Starting with initial values"
         mu    sigma.sq          SE          bt 
1.038549229 0.007596779 0.003798389 1.000000000 
         step     negloglik            mu      sigma.sq            SE 
 1.000000e+00 -4.849691e+01  8.613765e-01  7.812445e-03  2.541524e-06 
           bt 
 1.315309e+00 
[1] "New improvement found, resetting step counter"
         step     negloglik            mu      sigma.sq            SE 
 2.000000e+00 -5.071815e+01  9.818173e-01  7.811681e-03  2.627198e-08 
           bt 
 2.393484e+00 
[1] "New improvement found, resetting step counter"
         step     negloglik            mu      sigma.sq            SE 
 3.000000e+00 -5.083642e+01  9.416123e-01  7.465604e-03  2.480455e-08 
           bt 
 2.369698e+00 
         step     negloglik            mu      sigma.sq            SE 
 4.000000e+00 -5.083642e+01  9.416123e-01  7.465604e-03  2.480455e-08 
           bt 
 2.369698e+00 
[1] "New improvement found, but slight; taking the best value, but not resetting the step counter"
         step     negloglik            mu      sigma.sq            SE 
 5.000000e+00 -5.084074e+01  9.794292e-01  7.034995e-03  1.362206e-08 
           bt 
 2.325239e+00 
[1] "Now starting analysis"
[1] "Starting with initial values"
         mu    sigma.sq          bt 
1.038549229 0.007596779 1.000000000 
         step     negloglik            mu      sigma.sq            bt 
  1.000000000 -50.848771656   1.012440810   0.007282917   2.414611520 
[1] "New improvement found, resetting step counter"
         step     negloglik            mu      sigma.sq            bt 
  2.000000000 -50.859955691   0.923019487   0.007256717   2.378848231 
[1] "New improvement found, but slight; taking the best value, but not resetting the step counter"
         step     negloglik            mu      sigma.sq            bt 
  3.000000000 -50.860203143   0.985061973   0.007333133   2.402783620 
         step     negloglik            mu      sigma.sq            bt 
  4.000000000 -50.860203143   0.985061973   0.007333133   2.402783620 
[1] "Now starting analysis"
[1] "Starting with initial values"
         mu    sigma.sq          SE 
1.038549229 0.007596779 0.003798389 
         step     negloglik            mu      sigma.sq            SE 
 1.000000e+00 -4.539057e+01  1.071938e+00  5.982630e-03  5.293379e-09 
         step     negloglik            mu      sigma.sq            SE 
 2.000000e+00 -4.539057e+01  1.071938e+00  5.982630e-03  5.293379e-09 
[1] "New improvement found, resetting step counter"
         step     negloglik            mu      sigma.sq            SE 
 3.000000e+00 -4.545759e+01  1.010578e+00  6.021544e-03  8.693821e-08 
         step     negloglik            mu      sigma.sq            SE 
 4.000000e+00 -4.545759e+01  1.010578e+00  6.021544e-03  8.693821e-08 
         step     negloglik            mu      sigma.sq            SE 
 5.000000e+00 -4.545759e+01  1.010578e+00  6.021544e-03  8.693821e-08 
[1] "Now starting analysis"
[1] "Starting with initial values"
         mu    sigma.sq 
1.038549229 0.007596779 
         step     negloglik            mu      sigma.sq 
  1.000000000 -47.277014432   1.025415233   0.007901041 
         step     negloglik            mu      sigma.sq 
  2.000000000 -47.277014432   1.025415233   0.007901041 
[1] "New improvement found, but slight; taking the best value, but not resetting the step counter"
         step     negloglik            mu      sigma.sq 
  3.000000000 -47.281864293   1.021397399   0.007801351 
