000 (066.716.000) 07/26 17:14:46 Job submitted from host: <160.36.155.106:9618?addrs=160.36.155.106-9618&noUDP&sock=27742_4872_4>
...
012 (066.716.000) 08/03 14:16:37 Job was held.
	via condor_hold (by user bomeara)
	Code 1 Subcode 0
...
013 (066.716.000) 08/05 22:27:23 Job was released.
	via condor_release (by user bomeara)
...
012 (066.716.000) 08/09 10:35:18 Job was held.
	via condor_hold (by user bomeara)
	Code 1 Subcode 0
...
013 (066.716.000) 08/09 13:04:41 Job was released.
	via condor_release (by user bomeara)
...
001 (066.716.000) 08/09 16:51:49 Job executing on host: <10.129.213.175:9618?addrs=10.129.213.175-9618&noUDP&sock=2691_6172_4>
...
006 (066.716.000) 08/09 16:51:57 Image size of job updated: 220672
	216  -  MemoryUsage of job (MB)
	220672  -  ResidentSetSize of job (KB)
...
006 (066.716.000) 08/09 16:56:57 Image size of job updated: 227668
	223  -  MemoryUsage of job (MB)
	227668  -  ResidentSetSize of job (KB)
...
006 (066.716.000) 08/10 05:43:18 Image size of job updated: 228592
	224  -  MemoryUsage of job (MB)
	228592  -  ResidentSetSize of job (KB)
...
006 (066.716.000) 08/10 10:13:47 Image size of job updated: 230572
	226  -  MemoryUsage of job (MB)
	230572  -  ResidentSetSize of job (KB)
...
005 (066.716.000) 08/10 23:49:14 Job terminated.
	(1) Normal termination (return value 0)
		Usr 1 06:56:19, Sys 0 00:00:07  -  Run Remote Usage
		Usr 0 00:00:00, Sys 0 00:00:00  -  Run Local Usage
		Usr 1 06:56:19, Sys 0 00:00:07  -  Total Remote Usage
		Usr 0 00:00:00, Sys 0 00:00:00  -  Total Local Usage
	28748  -  Run Bytes Sent By Job
	2422  -  Run Bytes Received By Job
	28748  -  Total Bytes Sent By Job
	2422  -  Total Bytes Received By Job
	Partitionable Resources :    Usage  Request Allocated 
	   Cpus                 :     1.00        1         1 
	   Disk (KB)            :    46           4   1811513 
	   Memory (MB)          :   226           1       128 
...
