[1] "args"
[1] "66"  "261"
[1] "Now starting analysis"
[1] "Starting with initial values"
        mu   sigma.sq         SE         bt         vh 
1.81361665 0.12031344 0.06015672 1.00000000 0.06015672 
        step    negloglik           mu     sigma.sq           SE           bt 
 1.000000000 41.632789185  1.386288707  0.006242622  0.068486948  1.825676762 
          vh 
 0.287403700 
[1] "New improvement found, resetting step counter"
        step    negloglik           mu     sigma.sq           SE           bt 
2.000000e+00 3.862577e+01 9.728281e-01 5.873736e-03 7.220107e-02 2.005291e+00 
          vh 
5.663817e-04 
        step    negloglik           mu     sigma.sq           SE           bt 
3.000000e+00 3.862577e+01 9.728281e-01 5.873736e-03 7.220107e-02 2.005291e+00 
          vh 
5.663817e-04 
        step    negloglik           mu     sigma.sq           SE           bt 
4.000000e+00 3.862577e+01 9.728281e-01 5.873736e-03 7.220107e-02 2.005291e+00 
          vh 
5.663817e-04 
[1] "Now starting analysis"
[1] "Starting with initial values"
        mu   sigma.sq         bt         vh 
1.81361665 0.12031344 1.00000000 0.06015672 
       step   negloglik          mu    sigma.sq          bt          vh 
 1.00000000 90.91124835  1.47450987  0.12118084  1.60635464  0.01117904 
[1] "New improvement found, resetting step counter"
       step   negloglik          mu    sigma.sq          bt          vh 
 2.00000000 90.83697008  1.47450987  0.12118084  1.76699011  0.01117904 
[1] "New improvement found, resetting step counter"
       step   negloglik          mu    sigma.sq          bt          vh 
 3.00000000 90.80940630  1.08301736  0.12175291  2.02820698  0.01644206 
       step   negloglik          mu    sigma.sq          bt          vh 
 4.00000000 90.80940630  1.08301736  0.12175291  2.02820698  0.01644206 
       step   negloglik          mu    sigma.sq          bt          vh 
 5.00000000 90.80940630  1.08301736  0.12175291  2.02820698  0.01644206 
[1] "Now starting analysis"
[1] "Starting with initial values"
        mu   sigma.sq         SE         vh 
1.81361665 0.12031344 0.06015672 0.06015672 
        step    negloglik           mu     sigma.sq           SE           vh 
 1.000000000 43.797541484  1.782530891  0.006821461  0.072107271  0.315755726 
[1] "New improvement found, but slight; taking the best value, but not resetting the step counter"
        step    negloglik           mu     sigma.sq           SE           vh 
 2.000000000 43.794127856  1.773781625  0.006942739  0.069293776  0.341865035 
[1] "New improvement found, but slight; taking the best value, but not resetting the step counter"
        step    negloglik           mu     sigma.sq           SE           vh 
 3.000000000 43.792933810  1.620574341  0.006946621  0.070773754  0.308032830 
[1] "Now starting analysis"
[1] "Starting with initial values"
        mu   sigma.sq         vh 
1.81361665 0.12031344 0.06015672 
       step   negloglik          mu    sigma.sq          vh 
 1.00000000 92.25750029  1.81361665  0.12031344  0.06015672 
       step   negloglik          mu    sigma.sq          vh 
 2.00000000 92.25750029  1.81361665  0.12031344  0.06015672 
       step   negloglik          mu    sigma.sq          vh 
 3.00000000 92.25750029  1.81361665  0.12031344  0.06015672 
[1] "Now starting analysis"
[1] "Starting with initial values"
        mu   sigma.sq         SE         bt 
1.81361665 0.12031344 0.06015672 1.00000000 
        step    negloglik           mu     sigma.sq           SE           bt 
 1.000000000 38.657829196  0.915237823  0.005747136  0.072748774  1.921287872 
[1] "New improvement found, resetting step counter"
        step    negloglik           mu     sigma.sq           SE           bt 
 2.000000000 38.610759059  0.951054086  0.005856122  0.072137687  1.955227878 
[1] "New improvement found, but slight; taking the best value, but not resetting the step counter"
        step    negloglik           mu     sigma.sq           SE           bt 
 3.000000000 38.609446462  0.982038475  0.005892947  0.070301018  1.943379952 
        step    negloglik           mu     sigma.sq           SE           bt 
 4.000000000 38.609446462  0.982038475  0.005892947  0.070301018  1.943379952 
[1] "Now starting analysis"
[1] "Starting with initial values"
       mu  sigma.sq        bt 
1.8136166 0.1203134 1.0000000 
      step  negloglik         mu   sigma.sq         bt 
 1.0000000 90.7591364  1.2037134  0.1214796  1.8641268 
      step  negloglik         mu   sigma.sq         bt 
 2.0000000 90.7591364  1.2037134  0.1214796  1.8641268 
      step  negloglik         mu   sigma.sq         bt 
 3.0000000 90.7591364  1.2037134  0.1214796  1.8641268 
[1] "Now starting analysis"
[1] "Starting with initial values"
        mu   sigma.sq         SE 
1.81361665 0.12031344 0.06015672 
       step   negloglik          mu    sigma.sq          SE 
 1.00000000 48.12971296  1.93399050  0.01212551  0.06527286 
[1] "New improvement found, resetting step counter"
       step   negloglik          mu    sigma.sq          SE 
 2.00000000 48.07253463  1.79303651  0.01100045  0.06895170 
[1] "New improvement found, but slight; taking the best value, but not resetting the step counter"
       step   negloglik          mu    sigma.sq          SE 
 3.00000000 48.07132612  1.82989488  0.01150818  0.06855496 
       step   negloglik          mu    sigma.sq          SE 
 4.00000000 48.07132612  1.82989488  0.01150818  0.06855496 
[1] "Now starting analysis"
[1] "Starting with initial values"
       mu  sigma.sq 
1.8136166 0.1203134 
      step  negloglik         mu   sigma.sq 
 1.0000000 92.2503281  1.8136166  0.1203134 
      step  negloglik         mu   sigma.sq 
 2.0000000 92.2503281  1.8136166  0.1203134 
      step  negloglik         mu   sigma.sq 
 3.0000000 92.2503281  1.8136166  0.1203134 
