[1] "args"
[1] "66"  "139"
[1] "Now starting analysis"
[1] "Starting with initial values"
       mu  sigma.sq        SE        bt        vh 
0.6287307 0.8213895 0.4106947 1.0000000 0.4106947 
        step    negloglik           mu     sigma.sq           SE           bt 
 1.000000000 50.462447573  0.951344411  0.007243734  0.095381500  1.446279037 
          vh 
 0.492467894 
[1] "New improvement found, resetting step counter"
        step    negloglik           mu     sigma.sq           SE           bt 
 2.000000000 50.176890634  0.586626730  0.007493098  0.092559878  1.488488740 
          vh 
 0.649222896 
[1] "New improvement found, resetting step counter"
        step    negloglik           mu     sigma.sq           SE           bt 
 3.000000000 50.157802609  0.614199822  0.007977018  0.090034197  1.436439396 
          vh 
 0.669596425 
[1] "New improvement found, but slight; taking the best value, but not resetting the step counter"
        step    negloglik           mu     sigma.sq           SE           bt 
 4.000000000 50.155079251  0.738961984  0.007820299  0.092180864  1.447854096 
          vh 
 0.518661181 
        step    negloglik           mu     sigma.sq           SE           bt 
 5.000000000 50.155079251  0.738961984  0.007820299  0.092180864  1.447854096 
          vh 
 0.518661181 
[1] "Now starting analysis"
[1] "Starting with initial values"
       mu  sigma.sq        bt        vh 
0.6287307 0.8213895 1.0000000 0.4106947 
       step   negloglik          mu    sigma.sq          bt          vh 
  1.0000000 181.1230616   0.6287307   0.8213895   1.0000000   0.4106947 
       step   negloglik          mu    sigma.sq          bt          vh 
  2.0000000 181.1230616   0.6287307   0.8213895   1.0000000   0.4106947 
       step   negloglik          mu    sigma.sq          bt          vh 
  3.0000000 181.1230616   0.6287307   0.8213895   1.0000000   0.4106947 
[1] "Now starting analysis"
[1] "Starting with initial values"
       mu  sigma.sq        SE        vh 
0.6287307 0.8213895 0.4106947 0.4106947 
        step    negloglik           mu     sigma.sq           SE           vh 
 1.000000000 50.418102119  0.911111268  0.007451062  0.088966712  1.275727490 
[1] "New improvement found, but slight; taking the best value, but not resetting the step counter"
        step    negloglik           mu     sigma.sq           SE           vh 
 2.000000000 50.417277969  0.893863639  0.007584694  0.088749539  1.348179450 
[1] "New improvement found, resetting step counter"
        step    negloglik           mu     sigma.sq           SE           vh 
 3.000000000 50.371419820  0.844018069  0.008902088  0.087906603  1.237785194 
        step    negloglik           mu     sigma.sq           SE           vh 
 4.000000000 50.371419820  0.844018069  0.008902088  0.087906603  1.237785194 
        step    negloglik           mu     sigma.sq           SE           vh 
 5.000000000 50.371419820  0.844018069  0.008902088  0.087906603  1.237785194 
[1] "Now starting analysis"
[1] "Starting with initial values"
       mu  sigma.sq        vh 
0.6287307 0.8213895 0.4106947 
       step   negloglik          mu    sigma.sq          vh 
  1.0000000 181.1230616   0.6287307   0.8213895   0.4106947 
       step   negloglik          mu    sigma.sq          vh 
  2.0000000 181.1230616   0.6287307   0.8213895   0.4106947 
       step   negloglik          mu    sigma.sq          vh 
  3.0000000 181.1230616   0.6287307   0.8213895   0.4106947 
[1] "Now starting analysis"
[1] "Starting with initial values"
       mu  sigma.sq        SE        bt 
0.6287307 0.8213895 0.4106947 1.0000000 
        step    negloglik           mu     sigma.sq           SE           bt 
 1.000000000 50.014804089  0.590770074  0.007896434  0.083186747  1.550402680 
[1] "New improvement found, resetting step counter"
        step    negloglik           mu     sigma.sq           SE           bt 
 2.000000000 49.822138719  0.481748963  0.007494633  0.086968786  1.526752183 
        step    negloglik           mu     sigma.sq           SE           bt 
 3.000000000 49.822138719  0.481748963  0.007494633  0.086968786  1.526752183 
        step    negloglik           mu     sigma.sq           SE           bt 
 4.000000000 49.822138719  0.481748963  0.007494633  0.086968786  1.526752183 
[1] "Now starting analysis"
[1] "Starting with initial values"
       mu  sigma.sq        bt 
0.6287307 0.8213895 1.0000000 
       step   negloglik          mu    sigma.sq          bt 
  1.0000000 181.1127301   0.6287307   0.8213895   1.0000000 
       step   negloglik          mu    sigma.sq          bt 
  2.0000000 181.1127301   0.6287307   0.8213895   1.0000000 
       step   negloglik          mu    sigma.sq          bt 
  3.0000000 181.1127301   0.6287307   0.8213895   1.0000000 
[1] "Now starting analysis"
[1] "Starting with initial values"
       mu  sigma.sq        SE 
0.6287307 0.8213895 0.4106947 
        step    negloglik           mu     sigma.sq           SE 
 1.000000000 49.934045765  1.018085650  0.008058976  0.086531253 
[1] "New improvement found, resetting step counter"
        step    negloglik           mu     sigma.sq           SE 
 2.000000000 49.340134830  0.603594107  0.007220077  0.090625027 
        step    negloglik           mu     sigma.sq           SE 
 3.000000000 49.340134830  0.603594107  0.007220077  0.090625027 
        step    negloglik           mu     sigma.sq           SE 
 4.000000000 49.340134830  0.603594107  0.007220077  0.090625027 
[1] "Now starting analysis"
[1] "Starting with initial values"
       mu  sigma.sq 
0.6287307 0.8213895 
       step   negloglik          mu    sigma.sq 
  1.0000000 181.1127301   0.6287307   0.8213895 
       step   negloglik          mu    sigma.sq 
  2.0000000 181.1127301   0.6287307   0.8213895 
       step   negloglik          mu    sigma.sq 
  3.0000000 181.1127301   0.6287307   0.8213895 
