[1] "args"
[1] "66"   "1784"
[1] "Now starting analysis"
[1] "Starting with initial values"
        mu   sigma.sq         SE         bt         vh 
3.19055659 0.15930816 0.07965408 1.00000000 0.07965408 
        step    negloglik           mu     sigma.sq           SE           bt 
1.000000e+00 1.154079e+01 3.016641e+00 1.916279e-05 1.030336e-01 1.337992e+00 
          vh 
3.062449e-01 
[1] "New improvement found, resetting step counter"
        step    negloglik           mu     sigma.sq           SE           bt 
2.000000e+00 1.119435e+01 2.935682e+00 1.055050e-05 9.592966e-02 1.106624e+00 
          vh 
2.669284e-01 
[1] "New improvement found, resetting step counter"
        step    negloglik           mu     sigma.sq           SE           bt 
3.000000e+00 8.015334e+00 6.082861e-01 9.994758e-06 1.088052e-01 2.852033e+00 
          vh 
2.052156e-04 
[1] "New improvement found, resetting step counter"
        step    negloglik           mu     sigma.sq           SE           bt 
4.000000e+00 7.839669e+00 5.132661e-01 4.743991e-06 1.002574e-01 3.016527e+00 
          vh 
8.468403e-06 
[1] "New improvement found, resetting step counter"
        step    negloglik           mu     sigma.sq           SE           bt 
5.000000e+00 7.773811e+00 5.442294e-01 2.239930e-07 9.076006e-02 2.915313e+00 
          vh 
1.060404e-04 
        step    negloglik           mu     sigma.sq           SE           bt 
6.000000e+00 7.773811e+00 5.442294e-01 2.239930e-07 9.076006e-02 2.915313e+00 
          vh 
1.060404e-04 
        step    negloglik           mu     sigma.sq           SE           bt 
7.000000e+00 7.773811e+00 5.442294e-01 2.239930e-07 9.076006e-02 2.915313e+00 
          vh 
1.060404e-04 
[1] "Now starting analysis"
[1] "Starting with initial values"
        mu   sigma.sq         bt         vh 
3.19055659 0.15930816 1.00000000 0.07965408 
       step   negloglik          mu    sigma.sq          bt          vh 
 1.00000000 32.94505546  3.19055659  0.15930816  1.00000000  0.07965408 
       step   negloglik          mu    sigma.sq          bt          vh 
 2.00000000 32.94505546  3.19055659  0.15930816  1.00000000  0.07965408 
       step   negloglik          mu    sigma.sq          bt          vh 
 3.00000000 32.94505546  3.19055659  0.15930816  1.00000000  0.07965408 
[1] "Now starting analysis"
[1] "Starting with initial values"
        mu   sigma.sq         SE         vh 
3.19055659 0.15930816 0.07965408 0.07965408 
        step    negloglik           mu     sigma.sq           SE           vh 
1.000000e+00 1.140185e+01 3.186520e+00 1.544779e-05 9.651751e-02 3.396746e-01 
[1] "New improvement found, resetting step counter"
        step    negloglik           mu     sigma.sq           SE           vh 
2.000000e+00 1.124725e+01 2.847265e+00 6.375190e-06 9.741109e-02 2.937720e-01 
        step    negloglik           mu     sigma.sq           SE           vh 
3.000000e+00 1.124725e+01 2.847265e+00 6.375190e-06 9.741109e-02 2.937720e-01 
        step    negloglik           mu     sigma.sq           SE           vh 
4.000000e+00 1.124725e+01 2.847265e+00 6.375190e-06 9.741109e-02 2.937720e-01 
[1] "Now starting analysis"
[1] "Starting with initial values"
        mu   sigma.sq         vh 
3.19055659 0.15930816 0.07965408 
       step   negloglik          mu    sigma.sq          vh 
 1.00000000 32.94505546  3.19055659  0.15930816  0.07965408 
       step   negloglik          mu    sigma.sq          vh 
 2.00000000 32.94505546  3.19055659  0.15930816  0.07965408 
       step   negloglik          mu    sigma.sq          vh 
 3.00000000 32.94505546  3.19055659  0.15930816  0.07965408 
[1] "Now starting analysis"
[1] "Starting with initial values"
        mu   sigma.sq         SE         bt 
3.19055659 0.15930816 0.07965408 1.00000000 
       step   negloglik          mu    sigma.sq          SE          bt 
 1.00000000 12.62285649  3.26476140  0.01043872  0.06099620  1.37226782 
[1] "New improvement found, resetting step counter"
        step    negloglik           mu     sigma.sq           SE           bt 
2.000000e+00 7.771455e+00 6.349141e-01 7.612395e-06 8.964520e-02 2.818740e+00 
        step    negloglik           mu     sigma.sq           SE           bt 
3.000000e+00 7.771455e+00 6.349141e-01 7.612395e-06 8.964520e-02 2.818740e+00 
        step    negloglik           mu     sigma.sq           SE           bt 
4.000000e+00 7.771455e+00 6.349141e-01 7.612395e-06 8.964520e-02 2.818740e+00 
[1] "Now starting analysis"
[1] "Starting with initial values"
       mu  sigma.sq        bt 
3.1905566 0.1593082 1.0000000 
      step  negloglik         mu   sigma.sq         bt 
 1.0000000 32.9209355  3.1905566  0.1593082  1.0000000 
      step  negloglik         mu   sigma.sq         bt 
 2.0000000 32.9209355  3.1905566  0.1593082  1.0000000 
      step  negloglik         mu   sigma.sq         bt 
 3.0000000 32.9209355  3.1905566  0.1593082  1.0000000 
[1] "Now starting analysis"
[1] "Starting with initial values"
        mu   sigma.sq         SE 
3.19055659 0.15930816 0.07965408 
       step   negloglik          mu    sigma.sq          SE 
 1.00000000 12.36315067  3.79020464  0.01289520  0.04414745 
[1] "New improvement found, resetting step counter"
       step   negloglik          mu    sigma.sq          SE 
 2.00000000 11.60633298  3.06658960  0.01052985  0.04609528 
       step   negloglik          mu    sigma.sq          SE 
 3.00000000 11.60633298  3.06658960  0.01052985  0.04609528 
       step   negloglik          mu    sigma.sq          SE 
 4.00000000 11.60633298  3.06658960  0.01052985  0.04609528 
[1] "Now starting analysis"
[1] "Starting with initial values"
       mu  sigma.sq 
3.1905566 0.1593082 
      step  negloglik         mu   sigma.sq 
 1.0000000 32.9209355  3.1905566  0.1593082 
      step  negloglik         mu   sigma.sq 
 2.0000000 32.9209355  3.1905566  0.1593082 
      step  negloglik         mu   sigma.sq 
 3.0000000 32.9209355  3.1905566  0.1593082 
