[1] "args"
[1] "66"  "999"
[1] "Now starting analysis"
[1] "Starting with initial values"
       mu  sigma.sq        SE        bt        vh 
1.3191938 0.2429173 0.1214587 1.0000000 0.1214587 
        step    negloglik           mu     sigma.sq           SE           bt 
 1.000000000 37.158133532  1.393167517  0.009163523  0.047122546  1.141512012 
          vh 
 0.244645420 
[1] "New improvement found, resetting step counter"
       step   negloglik          mu    sigma.sq          SE          bt 
 2.00000000 35.86363818  0.71587244  0.00740782  0.05499658  1.79010936 
         vh 
 0.29384221 
       step   negloglik          mu    sigma.sq          SE          bt 
 3.00000000 35.86363818  0.71587244  0.00740782  0.05499658  1.79010936 
         vh 
 0.29384221 
       step   negloglik          mu    sigma.sq          SE          bt 
 4.00000000 35.86363818  0.71587244  0.00740782  0.05499658  1.79010936 
         vh 
 0.29384221 
[1] "Now starting analysis"
[1] "Starting with initial values"
       mu  sigma.sq        bt        vh 
1.3191938 0.2429173 1.0000000 0.1214587 
        step    negloglik           mu     sigma.sq           bt           vh 
1.000000e+00 1.200950e+02 1.400613e+00 2.470398e-01 1.081419e+00 4.998584e-03 
[1] "New improvement found, resetting step counter"
        step    negloglik           mu     sigma.sq           bt           vh 
2.000000e+00 1.200209e+02 1.400613e+00 2.470398e-01 1.221480e+00 4.998584e-03 
[1] "New improvement found, resetting step counter"
        step    negloglik           mu     sigma.sq           bt           vh 
3.000000e+00 1.199929e+02 1.425240e+00 2.453628e-01 1.289689e+00 4.935534e-03 
        step    negloglik           mu     sigma.sq           bt           vh 
4.000000e+00 1.199929e+02 1.425240e+00 2.453628e-01 1.289689e+00 4.935534e-03 
        step    negloglik           mu     sigma.sq           bt           vh 
5.000000e+00 1.199929e+02 1.425240e+00 2.453628e-01 1.289689e+00 4.935534e-03 
[1] "Now starting analysis"
[1] "Starting with initial values"
       mu  sigma.sq        SE        vh 
1.3191938 0.2429173 0.1214587 0.1214587 
        step    negloglik           mu     sigma.sq           SE           vh 
 1.000000000 37.340038568  1.221776069  0.007522003  0.050938178  0.285306578 
[1] "New improvement found, resetting step counter"
        step    negloglik           mu     sigma.sq           SE           vh 
 2.000000000 36.930014056  1.207080446  0.007779479  0.051863138  0.451523709 
[1] "New improvement found, resetting step counter"
        step    negloglik           mu     sigma.sq           SE           vh 
 3.000000000 36.886492844  1.206750064  0.007314328  0.053339550  0.533187811 
        step    negloglik           mu     sigma.sq           SE           vh 
 4.000000000 36.886492844  1.206750064  0.007314328  0.053339550  0.533187811 
        step    negloglik           mu     sigma.sq           SE           vh 
 5.000000000 36.886492844  1.206750064  0.007314328  0.053339550  0.533187811 
[1] "Now starting analysis"
[1] "Starting with initial values"
       mu  sigma.sq        vh 
1.3191938 0.2429173 0.1214587 
       step   negloglik          mu    sigma.sq          vh 
  1.0000000 120.1931066   1.3191938   0.2429173   0.1214587 
       step   negloglik          mu    sigma.sq          vh 
  2.0000000 120.1931066   1.3191938   0.2429173   0.1214587 
       step   negloglik          mu    sigma.sq          vh 
  3.0000000 120.1931066   1.3191938   0.2429173   0.1214587 
[1] "Now starting analysis"
[1] "Starting with initial values"
       mu  sigma.sq        SE        bt 
1.3191938 0.2429173 0.1214587 1.0000000 
       step   negloglik          mu    sigma.sq          SE          bt 
 1.00000000 41.18271391  1.49308610  0.01257895  0.05625060  1.33892885 
[1] "New improvement found, resetting step counter"
       step   negloglik          mu    sigma.sq          SE          bt 
 2.00000000 38.26023455  0.26425706  0.01069020  0.05201101  2.19769230 
       step   negloglik          mu    sigma.sq          SE          bt 
 3.00000000 38.26023455  0.26425706  0.01069020  0.05201101  2.19769230 
       step   negloglik          mu    sigma.sq          SE          bt 
 4.00000000 38.26023455  0.26425706  0.01069020  0.05201101  2.19769230 
[1] "Now starting analysis"
[1] "Starting with initial values"
       mu  sigma.sq        bt 
1.3191938 0.2429173 1.0000000 
       step   negloglik          mu    sigma.sq          bt 
  1.0000000 120.0530053   1.3191938   0.2429173   1.1319194 
[1] "New improvement found, resetting step counter"
       step   negloglik          mu    sigma.sq          bt 
  2.0000000 119.9882125   1.3191938   0.2429173   1.2638388 
       step   negloglik          mu    sigma.sq          bt 
  3.0000000 119.9882125   1.3191938   0.2429173   1.2638388 
       step   negloglik          mu    sigma.sq          bt 
  4.0000000 119.9882125   1.3191938   0.2429173   1.2638388 
[1] "Now starting analysis"
[1] "Starting with initial values"
       mu  sigma.sq        SE 
1.3191938 0.2429173 0.1214587 
       step   negloglik          mu    sigma.sq          SE 
 1.00000000 43.34129977  1.31299643  0.01307893  0.05055355 
       step   negloglik          mu    sigma.sq          SE 
 2.00000000 43.34129977  1.31299643  0.01307893  0.05055355 
       step   negloglik          mu    sigma.sq          SE 
 3.00000000 43.34129977  1.31299643  0.01307893  0.05055355 
[1] "Now starting analysis"
[1] "Starting with initial values"
       mu  sigma.sq 
1.3191938 0.2429173 
       step   negloglik          mu    sigma.sq 
  1.0000000 120.1471890   1.3191938   0.2429173 
       step   negloglik          mu    sigma.sq 
  2.0000000 120.1471890   1.3191938   0.2429173 
       step   negloglik          mu    sigma.sq 
  3.0000000 120.1471890   1.3191938   0.2429173 
