[1] "args"
[1] "66"   "1060"
[1] "Now starting analysis"
[1] "Starting with initial values"
       mu  sigma.sq        SE        bt        vh 
1.9129957 0.1953126 0.0976563 1.0000000 0.0976563 
        step    negloglik           mu     sigma.sq           SE           bt 
 1.000000000 17.607609622  2.256897678  0.009050957  0.081201344  0.920055855 
          vh 
 0.032756677 
[1] "New improvement found, resetting step counter"
        step    negloglik           mu     sigma.sq           SE           bt 
2.000000e+00 1.699841e+01 2.218460e+00 1.046753e-02 9.693251e-02 9.144687e-01 
          vh 
1.319779e-04 
[1] "New improvement found, but slight; taking the best value, but not resetting the step counter"
        step    negloglik           mu     sigma.sq           SE           bt 
3.000000e+00 1.699622e+01 2.326597e+00 7.507180e-03 1.147093e-01 9.001497e-01 
          vh 
3.762604e-05 
[1] "New improvement found, resetting step counter"
        step    negloglik           mu     sigma.sq           SE           bt 
4.000000e+00 1.694960e+01 2.224181e+00 9.894043e-03 9.880132e-02 8.838459e-01 
          vh 
1.557648e-04 
        step    negloglik           mu     sigma.sq           SE           bt 
5.000000e+00 1.694960e+01 2.224181e+00 9.894043e-03 9.880132e-02 8.838459e-01 
          vh 
1.557648e-04 
        step    negloglik           mu     sigma.sq           SE           bt 
6.000000e+00 1.694960e+01 2.224181e+00 9.894043e-03 9.880132e-02 8.838459e-01 
          vh 
1.557648e-04 
[1] "Now starting analysis"
[1] "Starting with initial values"
       mu  sigma.sq        bt        vh 
1.9129957 0.1953126 1.0000000 0.0976563 
        step    negloglik           mu     sigma.sq           bt           vh 
 1.000000000 32.160998322  1.962660131  0.199220812  0.967218343  0.009266597 
        step    negloglik           mu     sigma.sq           bt           vh 
 2.000000000 32.160998322  1.962660131  0.199220812  0.967218343  0.009266597 
        step    negloglik           mu     sigma.sq           bt           vh 
 3.000000000 32.160998322  1.962660131  0.199220812  0.967218343  0.009266597 
[1] "Now starting analysis"
[1] "Starting with initial values"
       mu  sigma.sq        SE        vh 
1.9129957 0.1953126 0.0976563 0.0976563 
        step    negloglik           mu     sigma.sq           SE           vh 
1.000000e+00 1.752892e+01 2.113356e+00 1.031098e-02 1.009316e-01 2.168006e-05 
[1] "New improvement found, resetting step counter"
        step    negloglik           mu     sigma.sq           SE           vh 
2.000000e+00 1.733759e+01 1.807010e+00 9.865477e-03 9.829759e-02 2.686552e-05 
        step    negloglik           mu     sigma.sq           SE           vh 
3.000000e+00 1.733759e+01 1.807010e+00 9.865477e-03 9.829759e-02 2.686552e-05 
        step    negloglik           mu     sigma.sq           SE           vh 
4.000000e+00 1.733759e+01 1.807010e+00 9.865477e-03 9.829759e-02 2.686552e-05 
[1] "Now starting analysis"
[1] "Starting with initial values"
       mu  sigma.sq        vh 
1.9129957 0.1953126 0.0976563 
        step    negloglik           mu     sigma.sq           vh 
 1.000000000 32.190598131  2.061070851  0.185644287  0.002473933 
        step    negloglik           mu     sigma.sq           vh 
 2.000000000 32.190598131  2.061070851  0.185644287  0.002473933 
[1] "New improvement found, resetting step counter"
        step    negloglik           mu     sigma.sq           vh 
 3.000000000 32.163006351  1.900345613  0.198880356  0.002255884 
        step    negloglik           mu     sigma.sq           vh 
 4.000000000 32.163006351  1.900345613  0.198880356  0.002255884 
        step    negloglik           mu     sigma.sq           vh 
 5.000000000 32.163006351  1.900345613  0.198880356  0.002255884 
[1] "Now starting analysis"
[1] "Starting with initial values"
       mu  sigma.sq        SE        bt 
1.9129957 0.1953126 0.0976563 1.0000000 
        step    negloglik           mu     sigma.sq           SE           bt 
 1.000000000 16.890211636  2.550735343  0.007768607  0.106397551  0.847128023 
[1] "New improvement found, but slight; taking the best value, but not resetting the step counter"
        step    negloglik           mu     sigma.sq           SE           bt 
 2.000000000 16.888095659  2.546682418  0.008314148  0.106019911  0.850120191 
[1] "New improvement found, but slight; taking the best value, but not resetting the step counter"
        step    negloglik           mu     sigma.sq           SE           bt 
 3.000000000 16.883946845  2.479678410  0.008180708  0.102362198  0.859335223 
[1] "Now starting analysis"
[1] "Starting with initial values"
       mu  sigma.sq        bt 
1.9129957 0.1953126 1.0000000 
      step  negloglik         mu   sigma.sq         bt 
 1.0000000 32.1510324  2.0425215  0.1893345  0.9382262 
      step  negloglik         mu   sigma.sq         bt 
 2.0000000 32.1510324  2.0425215  0.1893345  0.9382262 
[1] "New improvement found, but slight; taking the best value, but not resetting the step counter"
      step  negloglik         mu   sigma.sq         bt 
 3.0000000 32.1497909  2.1320677  0.1931018  0.9544910 
[1] "Now starting analysis"
[1] "Starting with initial values"
       mu  sigma.sq        SE 
1.9129957 0.1953126 0.0976563 
        step    negloglik           mu     sigma.sq           SE 
 1.000000000 17.341094906  1.803872483  0.009630613  0.098019790 
[1] "New improvement found, but slight; taking the best value, but not resetting the step counter"
       step   negloglik          mu    sigma.sq          SE 
 2.00000000 17.33859513  1.80247687  0.01080624  0.09963540 
[1] "New improvement found, but slight; taking the best value, but not resetting the step counter"
       step   negloglik          mu    sigma.sq          SE 
 3.00000000 17.33627974  1.78925988  0.00981436  0.09871895 
[1] "Now starting analysis"
[1] "Starting with initial values"
       mu  sigma.sq 
1.9129957 0.1953126 
      step  negloglik         mu   sigma.sq 
 1.0000000 32.1586956  1.9129957  0.1953126 
      step  negloglik         mu   sigma.sq 
 2.0000000 32.1586956  1.9129957  0.1953126 
      step  negloglik         mu   sigma.sq 
 3.0000000 32.1586956  1.9129957  0.1953126 
