[1] "args"
[1] "66"   "1625"
[1] "Now starting analysis"
[1] "Starting with initial values"
        mu   sigma.sq         SE         bt         vh 
1.43872262 0.07818338 0.03909169 1.00000000 0.03909169 
        step    negloglik           mu     sigma.sq           SE           bt 
 1.000000000 36.263084656  1.446591181  0.009183563  0.044994650  0.975544047 
          vh 
 0.143394936 
[1] "New improvement found, resetting step counter"
        step    negloglik           mu     sigma.sq           SE           bt 
 2.000000000 35.504450251  1.609908511  0.009440605  0.043173759  0.889732569 
          vh 
 0.022971870 
[1] "New improvement found, but slight; taking the best value, but not resetting the step counter"
        step    negloglik           mu     sigma.sq           SE           bt 
 3.000000000 35.502470680  1.584283056  0.009621859  0.042603263  0.883861473 
          vh 
 0.013955433 
        step    negloglik           mu     sigma.sq           SE           bt 
 4.000000000 35.502470680  1.584283056  0.009621859  0.042603263  0.883861473 
          vh 
 0.013955433 
[1] "Now starting analysis"
[1] "Starting with initial values"
        mu   sigma.sq         bt         vh 
1.43872262 0.07818338 1.00000000 0.03909169 
        step    negloglik           mu     sigma.sq           bt           vh 
 1.000000000 73.713173526  1.565870962  0.075952941  0.924827972  0.006069741 
        step    negloglik           mu     sigma.sq           bt           vh 
 2.000000000 73.713173526  1.565870962  0.075952941  0.924827972  0.006069741 
        step    negloglik           mu     sigma.sq           bt           vh 
 3.000000000 73.713173526  1.565870962  0.075952941  0.924827972  0.006069741 
[1] "Now starting analysis"
[1] "Starting with initial values"
        mu   sigma.sq         SE         vh 
1.43872262 0.07818338 0.03909169 0.03909169 
        step    negloglik           mu     sigma.sq           SE           vh 
 1.000000000 36.053316237  1.376424032  0.008747234  0.042925945  0.083093861 
[1] "New improvement found, resetting step counter"
       step   negloglik          mu    sigma.sq          SE          vh 
 2.00000000 35.90392079  1.45742993  0.00891227  0.04514084  0.03268724 
[1] "New improvement found, but slight; taking the best value, but not resetting the step counter"
        step    negloglik           mu     sigma.sq           SE           vh 
 3.000000000 35.897127358  1.442291180  0.008995161  0.044760837  0.040532443 
        step    negloglik           mu     sigma.sq           SE           vh 
 4.000000000 35.897127358  1.442291180  0.008995161  0.044760837  0.040532443 
[1] "Now starting analysis"
[1] "Starting with initial values"
        mu   sigma.sq         vh 
1.43872262 0.07818338 0.03909169 
       step   negloglik          mu    sigma.sq          vh 
 1.00000000 73.77328490  1.52864278  0.08018161  0.00112540 
       step   negloglik          mu    sigma.sq          vh 
 2.00000000 73.77328490  1.52864278  0.08018161  0.00112540 
[1] "New improvement found, but slight; taking the best value, but not resetting the step counter"
        step    negloglik           mu     sigma.sq           vh 
 3.000000000 73.767109908  1.388727773  0.076190076  0.001090747 
[1] "Now starting analysis"
[1] "Starting with initial values"
        mu   sigma.sq         SE         bt 
1.43872262 0.07818338 0.03909169 1.00000000 
        step    negloglik           mu     sigma.sq           SE           bt 
 1.000000000 35.752940728  1.427471824  0.009770177  0.041195511  0.953142347 
[1] "New improvement found, resetting step counter"
        step    negloglik           mu     sigma.sq           SE           bt 
 2.000000000 35.509877199  1.602389730  0.009856204  0.042514052  0.891265816 
        step    negloglik           mu     sigma.sq           SE           bt 
 3.000000000 35.509877199  1.602389730  0.009856204  0.042514052  0.891265816 
[1] "New improvement found, but slight; taking the best value, but not resetting the step counter"
        step    negloglik           mu     sigma.sq           SE           bt 
 4.000000000 35.509177268  1.618740068  0.009391689  0.043206262  0.892469908 
[1] "Now starting analysis"
[1] "Starting with initial values"
        mu   sigma.sq         bt 
1.43872262 0.07818338 1.00000000 
      step  negloglik         mu   sigma.sq         bt 
 1.0000000 73.6918824  1.5727703  0.0756856  0.8782747 
      step  negloglik         mu   sigma.sq         bt 
 2.0000000 73.6918824  1.5727703  0.0756856  0.8782747 
[1] "New improvement found, resetting step counter"
       step   negloglik          mu    sigma.sq          bt 
 3.00000000 73.67566848  1.65196889  0.07918543  0.88240230 
       step   negloglik          mu    sigma.sq          bt 
 4.00000000 73.67566848  1.65196889  0.07918543  0.88240230 
       step   negloglik          mu    sigma.sq          bt 
 5.00000000 73.67566848  1.65196889  0.07918543  0.88240230 
[1] "Now starting analysis"
[1] "Starting with initial values"
        mu   sigma.sq         SE 
1.43872262 0.07818338 0.03909169 
       step   negloglik          mu    sigma.sq          SE 
 1.00000000 36.39701412  1.22091745  0.01034480  0.04448027 
[1] "New improvement found, resetting step counter"
        step    negloglik           mu     sigma.sq           SE 
 2.000000000 36.049426913  1.445482911  0.009895842  0.043468039 
        step    negloglik           mu     sigma.sq           SE 
 3.000000000 36.049426913  1.445482911  0.009895842  0.043468039 
        step    negloglik           mu     sigma.sq           SE 
 4.000000000 36.049426913  1.445482911  0.009895842  0.043468039 
[1] "Now starting analysis"
[1] "Starting with initial values"
        mu   sigma.sq 
1.43872262 0.07818338 
       step   negloglik          mu    sigma.sq 
 1.00000000 73.74665270  1.43872262  0.07818338 
       step   negloglik          mu    sigma.sq 
 2.00000000 73.74665270  1.43872262  0.07818338 
       step   negloglik          mu    sigma.sq 
 3.00000000 73.74665270  1.43872262  0.07818338 
