[1] "args"
[1] "66"   "1503"
[1] "Now starting analysis"
[1] "Starting with initial values"
       mu  sigma.sq        SE        bt        vh 
1.4583459 0.2042135 0.1021067 1.0000000 0.1021067 
       step   negloglik          mu    sigma.sq          SE          bt 
 1.00000000 49.19650841  1.10090361  0.00340531  0.09748171  1.18476064 
         vh 
 0.44110753 
[1] "New improvement found, resetting step counter"
        step    negloglik           mu     sigma.sq           SE           bt 
 2.000000000 48.819517533  1.155775036  0.002877437  0.096844488  1.396038046 
          vh 
 0.549309339 
        step    negloglik           mu     sigma.sq           SE           bt 
 3.000000000 48.819517533  1.155775036  0.002877437  0.096844488  1.396038046 
          vh 
 0.549309339 
        step    negloglik           mu     sigma.sq           SE           bt 
 4.000000000 48.819517533  1.155775036  0.002877437  0.096844488  1.396038046 
          vh 
 0.549309339 
[1] "Now starting analysis"
[1] "Starting with initial values"
       mu  sigma.sq        bt        vh 
1.4583459 0.2042135 1.0000000 0.1021067 
       step   negloglik          mu    sigma.sq          bt          vh 
  1.0000000 112.5188000   1.4583459   0.2042135   1.1458346   0.1021067 
[1] "New improvement found, resetting step counter"
       step   negloglik          mu    sigma.sq          bt          vh 
  2.0000000 112.4789663   1.4583459   0.2042135   1.2916692   0.1021067 
       step   negloglik          mu    sigma.sq          bt          vh 
  3.0000000 112.4789663   1.4583459   0.2042135   1.2916692   0.1021067 
       step   negloglik          mu    sigma.sq          bt          vh 
  4.0000000 112.4789663   1.4583459   0.2042135   1.2916692   0.1021067 
[1] "Now starting analysis"
[1] "Starting with initial values"
       mu  sigma.sq        SE        vh 
1.4583459 0.2042135 0.1021067 0.1021067 
        step    negloglik           mu     sigma.sq           SE           vh 
 1.000000000 49.622822933  1.119305965  0.002909312  0.102633669  0.459936125 
[1] "New improvement found, resetting step counter"
        step    negloglik           mu     sigma.sq           SE           vh 
 2.000000000 49.346010152  1.135261823  0.002821808  0.101787388  0.649007298 
        step    negloglik           mu     sigma.sq           SE           vh 
 3.000000000 49.346010152  1.135261823  0.002821808  0.101787388  0.649007298 
        step    negloglik           mu     sigma.sq           SE           vh 
 4.000000000 49.346010152  1.135261823  0.002821808  0.101787388  0.649007298 
[1] "Now starting analysis"
[1] "Starting with initial values"
       mu  sigma.sq        vh 
1.4583459 0.2042135 0.1021067 
       step   negloglik          mu    sigma.sq          vh 
  1.0000000 112.5947827   1.4583459   0.2042135   0.1021067 
       step   negloglik          mu    sigma.sq          vh 
  2.0000000 112.5947827   1.4583459   0.2042135   0.1021067 
       step   negloglik          mu    sigma.sq          vh 
  3.0000000 112.5947827   1.4583459   0.2042135   0.1021067 
[1] "Now starting analysis"
[1] "Starting with initial values"
       mu  sigma.sq        SE        bt 
1.4583459 0.2042135 0.1021067 1.0000000 
        step    negloglik           mu     sigma.sq           SE           bt 
 1.000000000 54.255202253  1.644730595  0.009465317  0.086329963  1.237752411 
[1] "New improvement found, resetting step counter"
        step    negloglik           mu     sigma.sq           SE           bt 
 2.000000000 53.809835902  1.273507285  0.009411418  0.086923787  1.396214549 
[1] "New improvement found, resetting step counter"
        step    negloglik           mu     sigma.sq           SE           bt 
 3.000000000 53.796148183  1.293127801  0.009217742  0.090524937  1.354364192 
        step    negloglik           mu     sigma.sq           SE           bt 
 4.000000000 53.796148183  1.293127801  0.009217742  0.090524937  1.354364192 
        step    negloglik           mu     sigma.sq           SE           bt 
 5.000000000 53.796148183  1.293127801  0.009217742  0.090524937  1.354364192 
[1] "Now starting analysis"
[1] "Starting with initial values"
       mu  sigma.sq        bt 
1.4583459 0.2042135 1.0000000 
       step   negloglik          mu    sigma.sq          bt 
  1.0000000 112.4558085   1.4583459   0.2042135   1.1458346 
[1] "New improvement found, resetting step counter"
       step   negloglik          mu    sigma.sq          bt 
  2.0000000 112.4133564   1.4583459   0.2042135   1.2916692 
       step   negloglik          mu    sigma.sq          bt 
  3.0000000 112.4133564   1.4583459   0.2042135   1.2916692 
       step   negloglik          mu    sigma.sq          bt 
  4.0000000 112.4133564   1.4583459   0.2042135   1.2916692 
[1] "Now starting analysis"
[1] "Starting with initial values"
       mu  sigma.sq        SE 
1.4583459 0.2042135 0.1021067 
        step    negloglik           mu     sigma.sq           SE 
 1.000000000 54.873459411  1.552260288  0.008927626  0.088191151 
[1] "New improvement found, resetting step counter"
       step   negloglik          mu    sigma.sq          SE 
 2.00000000 54.84197083  1.42374301  0.00903832  0.08640497 
       step   negloglik          mu    sigma.sq          SE 
 3.00000000 54.84197083  1.42374301  0.00903832  0.08640497 
[1] "New improvement found, resetting step counter"
        step    negloglik           mu     sigma.sq           SE 
 4.000000000 54.810732239  1.449504010  0.009073273  0.088561802 
[1] "New improvement found, but slight; taking the best value, but not resetting the step counter"
        step    negloglik           mu     sigma.sq           SE 
 5.000000000 54.801563960  1.454879419  0.008803408  0.090886014 
        step    negloglik           mu     sigma.sq           SE 
 6.000000000 54.801563960  1.454879419  0.008803408  0.090886014 
[1] "Now starting analysis"
[1] "Starting with initial values"
       mu  sigma.sq 
1.4583459 0.2042135 
       step   negloglik          mu    sigma.sq 
  1.0000000 112.5361559   1.4583459   0.2042135 
       step   negloglik          mu    sigma.sq 
  2.0000000 112.5361559   1.4583459   0.2042135 
       step   negloglik          mu    sigma.sq 
  3.0000000 112.5361559   1.4583459   0.2042135 
