[1] "args"
[1] "66"   "1211"
[1] "Now starting analysis"
[1] "Starting with initial values"
        mu   sigma.sq         SE         bt         vh 
2.47106958 0.10487338 0.05243669 1.00000000 0.05243669 
        step    negloglik           mu     sigma.sq           SE           bt 
 1.000000000 47.030716024  2.312063565  0.010225978  0.053355211  1.466020693 
          vh 
 0.001693124 
[1] "New improvement found, resetting step counter"
        step    negloglik           mu     sigma.sq           SE           bt 
 2.000000000 41.736776081  1.447290768  0.004322343  0.086781610  1.861601551 
          vh 
 0.001683337 
        step    negloglik           mu     sigma.sq           SE           bt 
 3.000000000 41.736776081  1.447290768  0.004322343  0.086781610  1.861601551 
          vh 
 0.001683337 
        step    negloglik           mu     sigma.sq           SE           bt 
 4.000000000 41.736776081  1.447290768  0.004322343  0.086781610  1.861601551 
          vh 
 0.001683337 
[1] "Now starting analysis"
[1] "Starting with initial values"
        mu   sigma.sq         bt         vh 
2.47106958 0.10487338 1.00000000 0.05243669 
        step    negloglik           mu     sigma.sq           bt           vh 
 1.000000000 84.235309972  1.816928704  0.100497643  1.712049244  0.002939909 
        step    negloglik           mu     sigma.sq           bt           vh 
 2.000000000 84.235309972  1.816928704  0.100497643  1.712049244  0.002939909 
        step    negloglik           mu     sigma.sq           bt           vh 
 3.000000000 84.235309972  1.816928704  0.100497643  1.712049244  0.002939909 
[1] "Now starting analysis"
[1] "Starting with initial values"
        mu   sigma.sq         SE         vh 
2.47106958 0.10487338 0.05243669 0.05243669 
        step    negloglik           mu     sigma.sq           SE           vh 
 1.000000000 50.099581678  3.015034759  0.008098691  0.069975977  0.149357469 
[1] "New improvement found, resetting step counter"
       step   negloglik          mu    sigma.sq          SE          vh 
 2.00000000 49.19138316  2.38735415  0.00799419  0.07873413  0.12937816 
       step   negloglik          mu    sigma.sq          SE          vh 
 3.00000000 49.19138316  2.38735415  0.00799419  0.07873413  0.12937816 
       step   negloglik          mu    sigma.sq          SE          vh 
 4.00000000 49.19138316  2.38735415  0.00799419  0.07873413  0.12937816 
[1] "Now starting analysis"
[1] "Starting with initial values"
        mu   sigma.sq         vh 
2.47106958 0.10487338 0.05243669 
       step   negloglik          mu    sigma.sq          vh 
 1.00000000 85.60423572  2.41090161  0.10614848  0.00675956 
       step   negloglik          mu    sigma.sq          vh 
 2.00000000 85.60423572  2.41090161  0.10614848  0.00675956 
       step   negloglik          mu    sigma.sq          vh 
 3.00000000 85.60423572  2.41090161  0.10614848  0.00675956 
[1] "Now starting analysis"
[1] "Starting with initial values"
        mu   sigma.sq         SE         bt 
2.47106958 0.10487338 0.05243669 1.00000000 
       step   negloglik          mu    sigma.sq          SE          bt 
 1.00000000 42.05104059  1.62001410  0.00338802  0.09793072  1.83397542 
[1] "New improvement found, resetting step counter"
       step   negloglik          mu    sigma.sq          SE          bt 
 2.00000000 41.71950181  1.52745737  0.00422564  0.08849775  1.88217332 
[1] "New improvement found, resetting step counter"
        step    negloglik           mu     sigma.sq           SE           bt 
 3.000000000 41.659925011  1.436710853  0.004244335  0.085800308  1.904611344 
        step    negloglik           mu     sigma.sq           SE           bt 
 4.000000000 41.659925011  1.436710853  0.004244335  0.085800308  1.904611344 
        step    negloglik           mu     sigma.sq           SE           bt 
 5.000000000 41.659925011  1.436710853  0.004244335  0.085800308  1.904611344 
[1] "Now starting analysis"
[1] "Starting with initial values"
       mu  sigma.sq        bt 
2.4710696 0.1048734 1.0000000 
      step  negloglik         mu   sigma.sq         bt 
 1.0000000 84.1969642  1.7402337  0.1012136  1.7297730 
      step  negloglik         mu   sigma.sq         bt 
 2.0000000 84.1969642  1.7402337  0.1012136  1.7297730 
      step  negloglik         mu   sigma.sq         bt 
 3.0000000 84.1969642  1.7402337  0.1012136  1.7297730 
[1] "Now starting analysis"
[1] "Starting with initial values"
        mu   sigma.sq         SE 
2.47106958 0.10487338 0.05243669 
        step    negloglik           mu     sigma.sq           SE 
 1.000000000 51.117365753  2.297233596  0.009581149  0.080791259 
[1] "New improvement found, resetting step counter"
        step    negloglik           mu     sigma.sq           SE 
 2.000000000 50.985621648  2.526956956  0.009581149  0.080791259 
        step    negloglik           mu     sigma.sq           SE 
 3.000000000 50.985621648  2.526956956  0.009581149  0.080791259 
        step    negloglik           mu     sigma.sq           SE 
 4.000000000 50.985621648  2.526956956  0.009581149  0.080791259 
[1] "Now starting analysis"
[1] "Starting with initial values"
       mu  sigma.sq 
2.4710696 0.1048734 
      step  negloglik         mu   sigma.sq 
 1.0000000 85.5774802  2.4710696  0.1048734 
      step  negloglik         mu   sigma.sq 
 2.0000000 85.5774802  2.4710696  0.1048734 
      step  negloglik         mu   sigma.sq 
 3.0000000 85.5774802  2.4710696  0.1048734 
