[1] "args"
[1] "66"  "447"
[1] "Now starting analysis"
[1] "Starting with initial values"
         mu    sigma.sq          SE          bt          vh 
2.042886807 0.010982815 0.005491408 1.000000000 0.005491408 
         step     negloglik            mu      sigma.sq            SE 
 1.000000e+00 -3.412892e+01  2.402395e+00  1.026457e-02  2.540313e-06 
           bt            vh 
 1.033626e+00  2.402379e-01 
[1] "New improvement found, resetting step counter"
         step     negloglik            mu      sigma.sq            SE 
 2.000000e+00 -3.539350e+01  2.146256e+00  1.026367e-02  2.306884e-07 
           bt            vh 
 1.018010e+00  7.381044e-03 
         step     negloglik            mu      sigma.sq            SE 
 3.000000e+00 -3.539350e+01  2.146256e+00  1.026367e-02  2.306884e-07 
           bt            vh 
 1.018010e+00  7.381044e-03 
         step     negloglik            mu      sigma.sq            SE 
 4.000000e+00 -3.539350e+01  2.146256e+00  1.026367e-02  2.306884e-07 
           bt            vh 
 1.018010e+00  7.381044e-03 
[1] "Now starting analysis"
[1] "Starting with initial values"
         mu    sigma.sq          bt          vh 
2.042886807 0.010982815 1.000000000 0.005491408 
         step     negloglik            mu      sigma.sq            bt 
  1.000000000 -35.491719211   2.099291903   0.011037819   1.010680902 
           vh 
  0.009625735 
[1] "New improvement found, resetting step counter"
         step     negloglik            mu      sigma.sq            bt 
  2.000000000 -35.521240609   2.166790914   0.011235357   1.023651981 
           vh 
  0.005785413 
[1] "New improvement found, resetting step counter"
         step     negloglik            mu      sigma.sq            bt 
  3.000000000 -35.534624231   2.080405165   0.011041380   1.027793853 
           vh 
  0.005551684 
         step     negloglik            mu      sigma.sq            bt 
  4.000000000 -35.534624231   2.080405165   0.011041380   1.027793853 
           vh 
  0.005551684 
[1] "New improvement found, but slight; taking the best value, but not resetting the step counter"
        step    negloglik           mu     sigma.sq           bt           vh 
  5.00000000 -35.53572114   2.09761263   0.01099772   1.02086800   0.00368339 
[1] "Now starting analysis"
[1] "Starting with initial values"
         mu    sigma.sq          SE          vh 
2.042886807 0.010982815 0.005491408 0.005491408 
         step     negloglik            mu      sigma.sq            SE 
 1.000000e+00 -3.472439e+01  1.827623e+00  1.069749e-02  2.239131e-06 
           vh 
 6.463203e-02 
[1] "New improvement found, resetting step counter"
         step     negloglik            mu      sigma.sq            SE 
 2.000000e+00 -3.544390e+01  2.104336e+00  1.069879e-02  6.502809e-06 
           vh 
 5.872397e-03 
         step     negloglik            mu      sigma.sq            SE 
 3.000000e+00 -3.544390e+01  2.104336e+00  1.069879e-02  6.502809e-06 
           vh 
 5.872397e-03 
         step     negloglik            mu      sigma.sq            SE 
 4.000000e+00 -3.544390e+01  2.104336e+00  1.069879e-02  6.502809e-06 
           vh 
 5.872397e-03 
[1] "Now starting analysis"
[1] "Starting with initial values"
         mu    sigma.sq          vh 
2.042886807 0.010982815 0.005491408 
        step    negloglik           mu     sigma.sq           vh 
  1.00000000 -35.45243198   2.14209960   0.01126544   0.01107188 
        step    negloglik           mu     sigma.sq           vh 
  2.00000000 -35.45243198   2.14209960   0.01126544   0.01107188 
[1] "New improvement found, resetting step counter"
         step     negloglik            mu      sigma.sq            vh 
  3.000000000 -35.478775155   2.148593919   0.011133132   0.006839085 
         step     negloglik            mu      sigma.sq            vh 
  4.000000000 -35.478775155   2.148593919   0.011133132   0.006839085 
         step     negloglik            mu      sigma.sq            vh 
  5.000000000 -35.478775155   2.148593919   0.011133132   0.006839085 
[1] "Now starting analysis"
[1] "Starting with initial values"
         mu    sigma.sq          SE          bt 
2.042886807 0.010982815 0.005491408 1.000000000 
         step     negloglik            mu      sigma.sq            SE 
 1.000000e+00 -3.551761e+01  2.153782e+00  1.074421e-02  7.891918e-06 
           bt 
 1.036758e+00 
[1] "New improvement found, resetting step counter"
         step     negloglik            mu      sigma.sq            SE 
 2.000000e+00 -3.553979e+01  2.134295e+00  1.074210e-02  8.334045e-07 
           bt 
 1.031166e+00 
[1] "New improvement found, but slight; taking the best value, but not resetting the step counter"
         step     negloglik            mu      sigma.sq            SE 
 3.000000e+00 -3.554775e+01  2.067843e+00  1.101629e-02  1.695415e-06 
           bt 
 1.027642e+00 
         step     negloglik            mu      sigma.sq            SE 
 4.000000e+00 -3.554775e+01  2.067843e+00  1.101629e-02  1.695415e-06 
           bt 
 1.027642e+00 
[1] "Now starting analysis"
[1] "Starting with initial values"
        mu   sigma.sq         bt 
2.04288681 0.01098282 1.00000000 
        step    negloglik           mu     sigma.sq           bt 
  1.00000000 -35.53760037   2.10235983   0.01110617   1.01712305 
        step    negloglik           mu     sigma.sq           bt 
  2.00000000 -35.53760037   2.10235983   0.01110617   1.01712305 
[1] "New improvement found, but slight; taking the best value, but not resetting the step counter"
       step   negloglik          mu    sigma.sq          bt 
  3.0000000 -35.5473888   2.1136202   0.0110772   1.0211916 
[1] "Now starting analysis"
[1] "Starting with initial values"
         mu    sigma.sq          SE 
2.042886807 0.010982815 0.005491408 
         step     negloglik            mu      sigma.sq            SE 
 1.000000e+00 -3.435305e+01  2.172553e+00  8.966733e-03  7.721643e-06 
[1] "New improvement found, but slight; taking the best value, but not resetting the step counter"
         step     negloglik            mu      sigma.sq            SE 
 2.000000e+00 -3.435443e+01  2.131312e+00  8.967975e-03  1.210944e-05 
[1] "New improvement found, resetting step counter"
         step     negloglik            mu      sigma.sq            SE 
 3.000000e+00 -3.472788e+01  2.116970e+00  9.305768e-03  7.913476e-06 
         step     negloglik            mu      sigma.sq            SE 
 4.000000e+00 -3.472788e+01  2.116970e+00  9.305768e-03  7.913476e-06 
         step     negloglik            mu      sigma.sq            SE 
 5.000000e+00 -3.472788e+01  2.116970e+00  9.305768e-03  7.913476e-06 
[1] "Now starting analysis"
[1] "Starting with initial values"
        mu   sigma.sq 
2.04288681 0.01098282 
        step    negloglik           mu     sigma.sq 
  1.00000000 -35.47354299   2.14483165   0.01138182 
        step    negloglik           mu     sigma.sq 
  2.00000000 -35.47354299   2.14483165   0.01138182 
        step    negloglik           mu     sigma.sq 
  3.00000000 -35.47354299   2.14483165   0.01138182 
