[1] "args"
[1] "66"  "845"
[1] "Now starting analysis"
[1] "Starting with initial values"
      mu sigma.sq       SE       bt       vh 
1.029583 2.935922 1.467961 1.000000 1.467961 
        step    negloglik           mu     sigma.sq           SE           bt 
 1.000000000 61.383205621  0.308198275  0.005482403  0.098419937  3.717115156 
          vh 
 2.551292084 
[1] "New improvement found, resetting step counter"
        step    negloglik           mu     sigma.sq           SE           bt 
 2.000000000 51.524132781  0.629022087  0.006395819  0.084493161  1.116736734 
          vh 
 0.002780008 
[1] "New improvement found, resetting step counter"
        step    negloglik           mu     sigma.sq           SE           bt 
3.000000e+00 5.093636e+01 8.824605e-01 4.963334e-03 9.651623e-02 1.086782e+00 
          vh 
1.214259e-04 
        step    negloglik           mu     sigma.sq           SE           bt 
4.000000e+00 5.093636e+01 8.824605e-01 4.963334e-03 9.651623e-02 1.086782e+00 
          vh 
1.214259e-04 
        step    negloglik           mu     sigma.sq           SE           bt 
5.000000e+00 5.093636e+01 8.824605e-01 4.963334e-03 9.651623e-02 1.086782e+00 
          vh 
1.214259e-04 
[1] "Now starting analysis"
[1] "Starting with initial values"
      mu sigma.sq       bt       vh 
1.029583 2.935922 1.000000 1.467961 
      step  negloglik         mu   sigma.sq         bt         vh 
  1.000000 258.843926   1.029583   2.935922   1.000000   1.467961 
      step  negloglik         mu   sigma.sq         bt         vh 
  2.000000 258.843926   1.029583   2.935922   1.000000   1.467961 
      step  negloglik         mu   sigma.sq         bt         vh 
  3.000000 258.843926   1.029583   2.935922   1.000000   1.467961 
[1] "Now starting analysis"
[1] "Starting with initial values"
      mu sigma.sq       SE       vh 
1.029583 2.935922 1.467961 1.467961 
        step    negloglik           mu     sigma.sq           SE           vh 
 1.000000000 60.692694390  0.603176532  0.006246845  0.095746389  5.168174039 
[1] "New improvement found, resetting step counter"
        step    negloglik           mu     sigma.sq           SE           vh 
2.000000e+00 5.190548e+01 1.042208e+00 7.496842e-03 7.585466e-02 1.503639e-04 
[1] "New improvement found, but slight; taking the best value, but not resetting the step counter"
        step    negloglik           mu     sigma.sq           SE           vh 
3.000000e+00 5.189553e+01 8.687423e-01 2.925772e-03 1.116537e-01 4.376639e-04 
[1] "New improvement found, resetting step counter"
        step    negloglik           mu     sigma.sq           SE           vh 
4.000000e+00 5.106057e+01 9.363098e-01 5.493514e-03 1.002943e-01 2.219479e-04 
        step    negloglik           mu     sigma.sq           SE           vh 
5.000000e+00 5.106057e+01 9.363098e-01 5.493514e-03 1.002943e-01 2.219479e-04 
[1] "New improvement found, resetting step counter"
        step    negloglik           mu     sigma.sq           SE           vh 
6.000000e+00 5.103688e+01 9.074358e-01 5.284593e-03 9.261389e-02 1.766899e-04 
        step    negloglik           mu     sigma.sq           SE           vh 
7.000000e+00 5.103688e+01 9.074358e-01 5.284593e-03 9.261389e-02 1.766899e-04 
        step    negloglik           mu     sigma.sq           SE           vh 
8.000000e+00 5.103688e+01 9.074358e-01 5.284593e-03 9.261389e-02 1.766899e-04 
[1] "Now starting analysis"
[1] "Starting with initial values"
      mu sigma.sq       vh 
1.029583 2.935922 1.467961 
      step  negloglik         mu   sigma.sq         vh 
  1.000000 258.843926   1.029583   2.935922   1.467961 
      step  negloglik         mu   sigma.sq         vh 
  2.000000 258.843926   1.029583   2.935922   1.467961 
      step  negloglik         mu   sigma.sq         vh 
  3.000000 258.843926   1.029583   2.935922   1.467961 
[1] "Now starting analysis"
[1] "Starting with initial values"
      mu sigma.sq       SE       bt 
1.029583 2.935922 1.467961 1.000000 
       step   negloglik          mu    sigma.sq          SE          bt 
 1.00000000 82.67206699 -0.95470820  0.03254859  0.08208489  5.04033884 
[1] "New improvement found, resetting step counter"
        step    negloglik           mu     sigma.sq           SE           bt 
 2.000000000 50.956724860  0.966295725  0.005508663  0.092044975  1.019048486 
