000 (066.345.000) 07/26 17:14:46 Job submitted from host: <160.36.155.106:9618?addrs=160.36.155.106-9618&noUDP&sock=27742_4872_4>
...
001 (066.345.000) 07/27 18:23:12 Job executing on host: <160.36.154.249:9618?addrs=160.36.154.249-9618&noUDP&sock=66431_b80f_4>
...
006 (066.345.000) 07/27 18:23:21 Image size of job updated: 243216
	238  -  MemoryUsage of job (MB)
	243216  -  ResidentSetSize of job (KB)
...
006 (066.345.000) 07/27 18:28:22 Image size of job updated: 243256
	238  -  MemoryUsage of job (MB)
	243256  -  ResidentSetSize of job (KB)
...
006 (066.345.000) 07/28 02:44:17 Image size of job updated: 243308
	238  -  MemoryUsage of job (MB)
	243256  -  ResidentSetSize of job (KB)
...
006 (066.345.000) 07/28 05:44:35 Image size of job updated: 247752
	242  -  MemoryUsage of job (MB)
	247700  -  ResidentSetSize of job (KB)
...
006 (066.345.000) 07/28 15:50:40 Image size of job updated: 249328
	244  -  MemoryUsage of job (MB)
	249276  -  ResidentSetSize of job (KB)
...
005 (066.345.000) 07/29 05:01:27 Job terminated.
	(1) Normal termination (return value 0)
		Usr 1 10:33:24, Sys 0 00:00:30  -  Run Remote Usage
		Usr 0 00:00:00, Sys 0 00:00:00  -  Run Local Usage
		Usr 1 10:33:24, Sys 0 00:00:30  -  Total Remote Usage
		Usr 0 00:00:00, Sys 0 00:00:00  -  Total Local Usage
	31691  -  Run Bytes Sent By Job
	2422  -  Run Bytes Received By Job
	31691  -  Total Bytes Sent By Job
	2422  -  Total Bytes Received By Job
	Partitionable Resources :    Usage  Request Allocated 
	   Cpus                 :     1.00        1         1 
	   Disk (KB)            :    49           4    202517 
	   Memory (MB)          :   244           1       128 
...
