[1] "args"
[1] "66"   "1219"
[1] "Now starting analysis"
[1] "Starting with initial values"
        mu   sigma.sq         SE         bt         vh 
0.78984206 0.06767947 0.03383973 1.00000000 0.03383973 
       step   negloglik          mu    sigma.sq          SE          bt 
 1.00000000 44.17578210  0.78908611  0.01404746  0.05074707  1.01964426 
         vh 
 0.12879144 
[1] "New improvement found, resetting step counter"
        step    negloglik           mu     sigma.sq           SE           bt 
 2.000000000 43.502012911  0.646931769  0.011721508  0.057581058  1.945617866 
          vh 
 0.007871093 
        step    negloglik           mu     sigma.sq           SE           bt 
 3.000000000 43.502012911  0.646931769  0.011721508  0.057581058  1.945617866 
          vh 
 0.007871093 
        step    negloglik           mu     sigma.sq           SE           bt 
 4.000000000 43.502012911  0.646931769  0.011721508  0.057581058  1.945617866 
          vh 
 0.007871093 
[1] "Now starting analysis"
[1] "Starting with initial values"
        mu   sigma.sq         bt         vh 
0.78984206 0.06767947 1.00000000 0.03383973 
       step   negloglik          mu    sigma.sq          bt          vh 
 1.00000000 64.34476446  0.78984206  0.06767947  1.10000000  0.03383973 
[1] "New improvement found, resetting step counter"
       step   negloglik          mu    sigma.sq          bt          vh 
 2.00000000 64.31852177  0.78984206  0.06767947  1.21000000  0.03383973 
       step   negloglik          mu    sigma.sq          bt          vh 
 3.00000000 64.31852177  0.78984206  0.06767947  1.21000000  0.03383973 
       step   negloglik          mu    sigma.sq          bt          vh 
 4.00000000 64.31852177  0.78984206  0.06767947  1.21000000  0.03383973 
[1] "Now starting analysis"
[1] "Starting with initial values"
        mu   sigma.sq         SE         vh 
0.78984206 0.06767947 0.03383973 0.03383973 
       step   negloglik          mu    sigma.sq          SE          vh 
 1.00000000 44.18483796  0.78784988  0.01355611  0.04961917  0.10278068 
[1] "New improvement found, resetting step counter"
       step   negloglik          mu    sigma.sq          SE          vh 
 2.00000000 44.15338126  0.73488987  0.01312508  0.05136025  0.16799815 
       step   negloglik          mu    sigma.sq          SE          vh 
 3.00000000 44.15338126  0.73488987  0.01312508  0.05136025  0.16799815 
       step   negloglik          mu    sigma.sq          SE          vh 
 4.00000000 44.15338126  0.73488987  0.01312508  0.05136025  0.16799815 
[1] "Now starting analysis"
[1] "Starting with initial values"
        mu   sigma.sq         vh 
0.78984206 0.06767947 0.03383973 
       step   negloglik          mu    sigma.sq          vh 
 1.00000000 64.37499304  0.78984206  0.06767947  0.03383973 
       step   negloglik          mu    sigma.sq          vh 
 2.00000000 64.37499304  0.78984206  0.06767947  0.03383973 
[1] "New improvement found, but slight; taking the best value, but not resetting the step counter"
       step   negloglik          mu    sigma.sq          vh 
 3.00000000 64.37431593  0.73883896  0.06740608  0.03139432 
[1] "Now starting analysis"
[1] "Starting with initial values"
        mu   sigma.sq         SE         bt 
0.78984206 0.06767947 0.03383973 1.00000000 
       step   negloglik          mu    sigma.sq          SE          bt 
 1.00000000 44.03756638  0.80255208  0.01400486  0.04834846  1.13824900 
[1] "New improvement found, resetting step counter"
       step   negloglik          mu    sigma.sq          SE          bt 
 2.00000000 43.42290497  0.55753531  0.01253204  0.05206660  2.42645294 
       step   negloglik          mu    sigma.sq          SE          bt 
 3.00000000 43.42290497  0.55753531  0.01253204  0.05206660  2.42645294 
       step   negloglik          mu    sigma.sq          SE          bt 
 4.00000000 43.42290497  0.55753531  0.01253204  0.05206660  2.42645294 
[1] "Now starting analysis"
[1] "Starting with initial values"
        mu   sigma.sq         bt 
0.78984206 0.06767947 1.00000000 
       step   negloglik          mu    sigma.sq          bt 
 1.00000000 64.33879201  0.78984206  0.06767947  1.10000000 
[1] "New improvement found, resetting step counter"
       step   negloglik          mu    sigma.sq          bt 
 2.00000000 64.31215380  0.78984206  0.06767947  1.21000000 
       step   negloglik          mu    sigma.sq          bt 
 3.00000000 64.31215380  0.78984206  0.06767947  1.21000000 
       step   negloglik          mu    sigma.sq          bt 
 4.00000000 64.31215380  0.78984206  0.06767947  1.21000000 
[1] "Now starting analysis"
[1] "Starting with initial values"
        mu   sigma.sq         SE 
0.78984206 0.06767947 0.03383973 
       step   negloglik          mu    sigma.sq          SE 
 1.00000000 44.19012709  0.77046235  0.01311679  0.05173908 
       step   negloglik          mu    sigma.sq          SE 
 2.00000000 44.19012709  0.77046235  0.01311679  0.05173908 
       step   negloglik          mu    sigma.sq          SE 
 3.00000000 44.19012709  0.77046235  0.01311679  0.05173908 
[1] "Now starting analysis"
[1] "Starting with initial values"
        mu   sigma.sq 
0.78984206 0.06767947 
       step   negloglik          mu    sigma.sq 
 1.00000000 64.36947620  0.78984206  0.06767947 
       step   negloglik          mu    sigma.sq 
 2.00000000 64.36947620  0.78984206  0.06767947 
       step   negloglik          mu    sigma.sq 
 3.00000000 64.36947620  0.78984206  0.06767947 
