[1] "args"
[1] "66"  "547"
[1] "Now starting analysis"
[1] "Starting with initial values"
        mu   sigma.sq         SE         bt         vh 
1.44996359 0.15104517 0.07552259 1.00000000 0.07552259 
        step    negloglik           mu     sigma.sq           SE           bt 
 1.000000000 35.205405642  1.450465405  0.008064466  0.059369532  1.081446019 
          vh 
 0.198497254 
[1] "New improvement found, resetting step counter"
        step    negloglik           mu     sigma.sq           SE           bt 
 2.000000000 34.755046318  1.215148158  0.008244215  0.058533839  1.463722427 
          vh 
 0.010881415 
        step    negloglik           mu     sigma.sq           SE           bt 
 3.000000000 34.755046318  1.215148158  0.008244215  0.058533839  1.463722427 
          vh 
 0.010881415 
        step    negloglik           mu     sigma.sq           SE           bt 
 4.000000000 34.755046318  1.215148158  0.008244215  0.058533839  1.463722427 
          vh 
 0.010881415 
[1] "Now starting analysis"
[1] "Starting with initial values"
        mu   sigma.sq         bt         vh 
1.44996359 0.15104517 1.00000000 0.07552259 
       step   negloglik          mu    sigma.sq          bt          vh 
 1.00000000 97.75525104  1.44996359  0.15104517  1.14499636  0.07552259 
[1] "New improvement found, but slight; taking the best value, but not resetting the step counter"
       step   negloglik          mu    sigma.sq          bt          vh 
 2.00000000 97.74888307  1.44996359  0.15104517  1.28999272  0.07552259 
       step   negloglik          mu    sigma.sq          bt          vh 
 3.00000000 97.74888307  1.44996359  0.15104517  1.28999272  0.07552259 
[1] "Now starting analysis"
[1] "Starting with initial values"
        mu   sigma.sq         SE         vh 
1.44996359 0.15104517 0.07552259 0.07552259 
        step    negloglik           mu     sigma.sq           SE           vh 
 1.000000000 35.270912454  1.430716085  0.009636293  0.058366790  0.086947037 
[1] "New improvement found, resetting step counter"
        step    negloglik           mu     sigma.sq           SE           vh 
 2.000000000 35.258437663  1.351320844  0.008221868  0.056533596  0.177449332 
[1] "New improvement found, resetting step counter"
        step    negloglik           mu     sigma.sq           SE           vh 
 3.000000000 35.135752748  1.451920222  0.008355478  0.057687495  0.001520774 
        step    negloglik           mu     sigma.sq           SE           vh 
 4.000000000 35.135752748  1.451920222  0.008355478  0.057687495  0.001520774 
        step    negloglik           mu     sigma.sq           SE           vh 
 5.000000000 35.135752748  1.451920222  0.008355478  0.057687495  0.001520774 
[1] "Now starting analysis"
[1] "Starting with initial values"
        mu   sigma.sq         vh 
1.44996359 0.15104517 0.07552259 
       step   negloglik          mu    sigma.sq          vh 
 1.00000000 97.76579999  1.44996359  0.15104517  0.07552259 
       step   negloglik          mu    sigma.sq          vh 
 2.00000000 97.76579999  1.44996359  0.15104517  0.07552259 
       step   negloglik          mu    sigma.sq          vh 
 3.00000000 97.76579999  1.44996359  0.15104517  0.07552259 
[1] "Now starting analysis"
[1] "Starting with initial values"
        mu   sigma.sq         SE         bt 
1.44996359 0.15104517 0.07552259 1.00000000 
        step    negloglik           mu     sigma.sq           SE           bt 
 1.000000000 34.887798224  1.462176041  0.008713585  0.058557518  1.313382907 
[1] "New improvement found, resetting step counter"
        step    negloglik           mu     sigma.sq           SE           bt 
 2.000000000 34.635254890  1.133501213  0.008191038  0.060251121  1.849715565 
        step    negloglik           mu     sigma.sq           SE           bt 
 3.000000000 34.635254890  1.133501213  0.008191038  0.060251121  1.849715565 
[1] "New improvement found, but slight; taking the best value, but not resetting the step counter"
        step    negloglik           mu     sigma.sq           SE           bt 
 4.000000000 34.630349649  1.129828873  0.007956711  0.059404015  1.876405634 
[1] "Now starting analysis"
[1] "Starting with initial values"
       mu  sigma.sq        bt 
1.4499636 0.1510452 1.0000000 
      step  negloglik         mu   sigma.sq         bt 
 1.0000000 97.7480920  1.4499636  0.1510452  1.1449964 
[1] "New improvement found, but slight; taking the best value, but not resetting the step counter"
      step  negloglik         mu   sigma.sq         bt 
 2.0000000 97.7416301  1.4499636  0.1510452  1.2899927 
      step  negloglik         mu   sigma.sq         bt 
 3.0000000 97.7416301  1.4499636  0.1510452  1.2899927 
[1] "Now starting analysis"
[1] "Starting with initial values"
        mu   sigma.sq         SE 
1.44996359 0.15104517 0.07552259 
       step   negloglik          mu    sigma.sq          SE 
 1.00000000 35.19837941  1.32059256  0.00878068  0.05674956 
[1] "New improvement found, resetting step counter"
        step    negloglik           mu     sigma.sq           SE 
 2.000000000 35.136020390  1.495214202  0.008379148  0.060065811 
[1] "New improvement found, resetting step counter"
       step   negloglik          mu    sigma.sq          SE 
 3.00000000 35.12509820  1.41841700  0.00848265  0.05966532 
       step   negloglik          mu    sigma.sq          SE 
 4.00000000 35.12509820  1.41841700  0.00848265  0.05966532 
       step   negloglik          mu    sigma.sq          SE 
 5.00000000 35.12509820  1.41841700  0.00848265  0.05966532 
[1] "Now starting analysis"
[1] "Starting with initial values"
       mu  sigma.sq 
1.4499636 0.1510452 
      step  negloglik         mu   sigma.sq 
 1.0000000 97.7587965  1.4499636  0.1510452 
      step  negloglik         mu   sigma.sq 
 2.0000000 97.7587965  1.4499636  0.1510452 
      step  negloglik         mu   sigma.sq 
 3.0000000 97.7587965  1.4499636  0.1510452 
