[1] "args"
[1] "66"  "482"
[1] "Now starting analysis"
[1] "Starting with initial values"
        mu   sigma.sq         SE         bt         vh 
0.93217383 0.09774892 0.04887446 1.00000000 0.04887446 
        step    negloglik           mu     sigma.sq           SE           bt 
 1.000000000 18.508184809  0.873113520  0.013916887  0.083137079  1.216574383 
          vh 
 0.005172967 
[1] "New improvement found, resetting step counter"
       step   negloglik          mu    sigma.sq          SE          bt 
 2.00000000 18.37659003  0.73884365  0.01371198  0.07841496  1.41229555 
         vh 
 0.01302141 
[1] "New improvement found, resetting step counter"
       step   negloglik          mu    sigma.sq          SE          bt 
 3.00000000 18.36579891  0.75173881  0.01325260  0.08015402  1.38183753 
         vh 
 0.01005745 
[1] "New improvement found, but slight; taking the best value, but not resetting the step counter"
        step    negloglik           mu     sigma.sq           SE           bt 
 4.000000000 18.357398455  0.662417543  0.013137637  0.082472165  1.428601721 
          vh 
 0.006448514 
        step    negloglik           mu     sigma.sq           SE           bt 
 5.000000000 18.357398455  0.662417543  0.013137637  0.082472165  1.428601721 
          vh 
 0.006448514 
[1] "Now starting analysis"
[1] "Starting with initial values"
        mu   sigma.sq         bt         vh 
0.93217383 0.09774892 1.00000000 0.04887446 
        step    negloglik           mu     sigma.sq           bt           vh 
1.000000e+00 2.758928e+01 8.909359e-01 8.965596e-02 1.133594e+00 6.550453e-05 
[1] "New improvement found, resetting step counter"
        step    negloglik           mu     sigma.sq           bt           vh 
 2.000000000 27.545552007  0.784414035  0.093871738  1.319327184  0.003676966 
        step    negloglik           mu     sigma.sq           bt           vh 
 3.000000000 27.545552007  0.784414035  0.093871738  1.319327184  0.003676966 
        step    negloglik           mu     sigma.sq           bt           vh 
 4.000000000 27.545552007  0.784414035  0.093871738  1.319327184  0.003676966 
[1] "Now starting analysis"
[1] "Starting with initial values"
        mu   sigma.sq         SE         vh 
0.93217383 0.09774892 0.04887446 0.04887446 
       step   negloglik          mu    sigma.sq          SE          vh 
 1.00000000 19.12525444  0.99962467  0.01336718  0.08100881  0.08139404 
[1] "New improvement found, but slight; taking the best value, but not resetting the step counter"
       step   negloglik          mu    sigma.sq          SE          vh 
 2.00000000 19.11738274  1.09958714  0.01336718  0.08100881  0.08139404 
[1] "New improvement found, but slight; taking the best value, but not resetting the step counter"
       step   negloglik          mu    sigma.sq          SE          vh 
 3.00000000 19.11340493  1.06273757  0.01310009  0.08225803  0.04383335 
[1] "Now starting analysis"
[1] "Starting with initial values"
        mu   sigma.sq         vh 
0.93217383 0.09774892 0.04887446 
        step    negloglik           mu     sigma.sq           vh 
1.000000e+00 2.767235e+01 1.151207e+00 9.374798e-02 3.387253e-04 
        step    negloglik           mu     sigma.sq           vh 
2.000000e+00 2.767235e+01 1.151207e+00 9.374798e-02 3.387253e-04 
        step    negloglik           mu     sigma.sq           vh 
3.000000e+00 2.767235e+01 1.151207e+00 9.374798e-02 3.387253e-04 
[1] "Now starting analysis"
[1] "Starting with initial values"
        mu   sigma.sq         SE         bt 
0.93217383 0.09774892 0.04887446 1.00000000 
       step   negloglik          mu    sigma.sq          SE          bt 
 1.00000000 18.37420635  0.58927964  0.01334471  0.07533705  1.40522935 
[1] "New improvement found, resetting step counter"
       step   negloglik          mu    sigma.sq          SE          bt 
 2.00000000 18.36112846  0.64730102  0.01301126  0.07506437  1.43031567 
[1] "New improvement found, resetting step counter"
       step   negloglik          mu    sigma.sq          SE          bt 
 3.00000000 18.35094898  0.61811718  0.01312827  0.08102311  1.44173763 
       step   negloglik          mu    sigma.sq          SE          bt 
 4.00000000 18.35094898  0.61811718  0.01312827  0.08102311  1.44173763 
       step   negloglik          mu    sigma.sq          SE          bt 
 5.00000000 18.35094898  0.61811718  0.01312827  0.08102311  1.44173763 
[1] "Now starting analysis"
[1] "Starting with initial values"
        mu   sigma.sq         bt 
0.93217383 0.09774892 1.00000000 
       step   negloglik          mu    sigma.sq          bt 
 1.00000000 27.54119419  0.77492074  0.09543411  1.29459877 
       step   negloglik          mu    sigma.sq          bt 
 2.00000000 27.54119419  0.77492074  0.09543411  1.29459877 
       step   negloglik          mu    sigma.sq          bt 
 3.00000000 27.54119419  0.77492074  0.09543411  1.29459877 
[1] "Now starting analysis"
[1] "Starting with initial values"
        mu   sigma.sq         SE 
0.93217383 0.09774892 0.04887446 
       step   negloglik          mu    sigma.sq          SE 
 1.00000000 19.15483844  0.92049370  0.01425782  0.08156642 
[1] "New improvement found, resetting step counter"
       step   negloglik          mu    sigma.sq          SE 
 2.00000000 19.08898278  1.08870006  0.01459631  0.08232958 
[1] "New improvement found, but slight; taking the best value, but not resetting the step counter"
       step   negloglik          mu    sigma.sq          SE 
 3.00000000 19.08584878  1.13263370  0.01471576  0.08026965 
       step   negloglik          mu    sigma.sq          SE 
 4.00000000 19.08584878  1.13263370  0.01471576  0.08026965 
[1] "Now starting analysis"
[1] "Starting with initial values"
        mu   sigma.sq 
0.93217383 0.09774892 
       step   negloglik          mu    sigma.sq 
 1.00000000 27.67926948  0.98169556  0.09192283 
[1] "New improvement found, but slight; taking the best value, but not resetting the step counter"
       step   negloglik          mu    sigma.sq 
 2.00000000 27.67484396  1.07986512  0.09192283 
       step   negloglik          mu    sigma.sq 
 3.00000000 27.67484396  1.07986512  0.09192283 
