000 (066.1311.000) 07/26 17:14:46 Job submitted from host: <160.36.155.106:9618?addrs=160.36.155.106-9618&noUDP&sock=27742_4872_4>
...
012 (066.1311.000) 08/03 14:17:07 Job was held.
	via condor_hold (by user bomeara)
	Code 1 Subcode 0
...
013 (066.1311.000) 08/05 22:27:53 Job was released.
	via condor_release (by user bomeara)
...
012 (066.1311.000) 08/09 10:35:58 Job was held.
	via condor_hold (by user bomeara)
	Code 1 Subcode 0
...
013 (066.1311.000) 08/09 13:05:12 Job was released.
	via condor_release (by user bomeara)
...
001 (066.1311.000) 09/01 22:47:28 Job executing on host: <10.130.122.65:9618?addrs=10.130.122.65-9618&noUDP&sock=2440_372c_4>
...
006 (066.1311.000) 09/01 22:47:36 Image size of job updated: 243316
	238  -  MemoryUsage of job (MB)
	243316  -  ResidentSetSize of job (KB)
...
006 (066.1311.000) 09/01 22:52:36 Image size of job updated: 243424
	238  -  MemoryUsage of job (MB)
	243424  -  ResidentSetSize of job (KB)
...
006 (066.1311.000) 09/01 22:57:37 Image size of job updated: 243436
	238  -  MemoryUsage of job (MB)
	243436  -  ResidentSetSize of job (KB)
...
006 (066.1311.000) 09/02 14:04:12 Image size of job updated: 248804
	243  -  MemoryUsage of job (MB)
	248804  -  ResidentSetSize of job (KB)
...
005 (066.1311.000) 09/04 06:55:31 Job terminated.
	(1) Normal termination (return value 0)
		Usr 2 08:02:53, Sys 0 00:00:46  -  Run Remote Usage
		Usr 0 00:00:00, Sys 0 00:00:00  -  Run Local Usage
		Usr 2 08:02:53, Sys 0 00:00:46  -  Total Remote Usage
		Usr 0 00:00:00, Sys 0 00:00:00  -  Total Local Usage
	31278  -  Run Bytes Sent By Job
	2422  -  Run Bytes Received By Job
	31278  -  Total Bytes Sent By Job
	2422  -  Total Bytes Received By Job
	Partitionable Resources :    Usage  Request Allocated 
	   Cpus                 :     1.00        1         1 
	   Disk (KB)            :    49           4    891653 
	   Memory (MB)          :   243           1       128 
...
