[1] "args"
[1] "66"  "494"
[1] "Now starting analysis"
[1] "Starting with initial values"
        mu   sigma.sq         SE         bt         vh 
1.54949697 0.09505477 0.04752738 1.00000000 0.04752738 
        step    negloglik           mu     sigma.sq           SE           bt 
 1.000000000 14.918458872  1.508773827  0.009492984  0.057141939  1.208502420 
          vh 
 0.082532427 
[1] "New improvement found, resetting step counter"
        step    negloglik           mu     sigma.sq           SE           bt 
 2.000000000 14.832448777  1.411143898  0.009933108  0.061331773  1.238334714 
          vh 
 0.030313274 
        step    negloglik           mu     sigma.sq           SE           bt 
 3.000000000 14.832448777  1.411143898  0.009933108  0.061331773  1.238334714 
          vh 
 0.030313274 
        step    negloglik           mu     sigma.sq           SE           bt 
 4.000000000 14.832448777  1.411143898  0.009933108  0.061331773  1.238334714 
          vh 
 0.030313274 
[1] "Now starting analysis"
[1] "Starting with initial values"
        mu   sigma.sq         bt         vh 
1.54949697 0.09505477 1.00000000 0.04752738 
        step    negloglik           mu     sigma.sq           bt           vh 
 1.000000000 30.241986928  1.464554780  0.092324542  1.205588494  0.002448049 
        step    negloglik           mu     sigma.sq           bt           vh 
 2.000000000 30.241986928  1.464554780  0.092324542  1.205588494  0.002448049 
[1] "New improvement found, but slight; taking the best value, but not resetting the step counter"
        step    negloglik           mu     sigma.sq           bt           vh 
 3.000000000 30.241337836  1.326327556  0.091396568  1.279695919  0.002436433 
[1] "Now starting analysis"
[1] "Starting with initial values"
        mu   sigma.sq         SE         vh 
1.54949697 0.09505477 0.04752738 0.04752738 
        step    negloglik           mu     sigma.sq           SE           vh 
 1.000000000 15.301526826  1.685778313  0.009850702  0.060875590  0.072130126 
[1] "New improvement found, resetting step counter"
       step   negloglik          mu    sigma.sq          SE          vh 
 2.00000000 15.26997231  1.77654353  0.01006295  0.06267644  0.05716443 
       step   negloglik          mu    sigma.sq          SE          vh 
 3.00000000 15.26997231  1.77654353  0.01006295  0.06267644  0.05716443 
       step   negloglik          mu    sigma.sq          SE          vh 
 4.00000000 15.26997231  1.77654353  0.01006295  0.06267644  0.05716443 
[1] "Now starting analysis"
[1] "Starting with initial values"
        mu   sigma.sq         vh 
1.54949697 0.09505477 0.04752738 
       step   negloglik          mu    sigma.sq          vh 
 1.00000000 30.32953082  1.77425473  0.09509960  0.01116621 
       step   negloglik          mu    sigma.sq          vh 
 2.00000000 30.32953082  1.77425473  0.09509960  0.01116621 
[1] "New improvement found, resetting step counter"
        step    negloglik           mu     sigma.sq           vh 
 3.000000000 30.318937804  1.752099038  0.096603395  0.003544413 
        step    negloglik           mu     sigma.sq           vh 
 4.000000000 30.318937804  1.752099038  0.096603395  0.003544413 
        step    negloglik           mu     sigma.sq           vh 
 5.000000000 30.318937804  1.752099038  0.096603395  0.003544413 
[1] "Now starting analysis"
[1] "Starting with initial values"
        mu   sigma.sq         SE         bt 
1.54949697 0.09505477 0.04752738 1.00000000 
       step   negloglik          mu    sigma.sq          SE          bt 
 1.00000000 15.11752292  1.32986073  0.01157414  0.06236676  1.11452919 
[1] "New improvement found, resetting step counter"
       step   negloglik          mu    sigma.sq          SE          bt 
 2.00000000 14.87349661  1.35482863  0.01054694  0.06303520  1.23300292 
       step   negloglik          mu    sigma.sq          SE          bt 
 3.00000000 14.87349661  1.35482863  0.01054694  0.06303520  1.23300292 
       step   negloglik          mu    sigma.sq          SE          bt 
 4.00000000 14.87349661  1.35482863  0.01054694  0.06303520  1.23300292 
[1] "Now starting analysis"
[1] "Starting with initial values"
        mu   sigma.sq         bt 
1.54949697 0.09505477 1.00000000 
       step   negloglik          mu    sigma.sq          bt 
 1.00000000 30.23733752  1.54909345  0.09626531  1.20619608 
       step   negloglik          mu    sigma.sq          bt 
 2.00000000 30.23733752  1.54909345  0.09626531  1.20619608 
[1] "New improvement found, but slight; taking the best value, but not resetting the step counter"
       step   negloglik          mu    sigma.sq          bt 
 3.00000000 30.23043058  1.45032406  0.09421874  1.19146970 
[1] "Now starting analysis"
[1] "Starting with initial values"
        mu   sigma.sq         SE 
1.54949697 0.09505477 0.04752738 
       step   negloglik          mu    sigma.sq          SE 
 1.00000000 15.44396686  1.89781667  0.01124987  0.06076026 
[1] "New improvement found, resetting step counter"
       step   negloglik          mu    sigma.sq          SE 
 2.00000000 15.38578796  1.69586450  0.01160027  0.06249252 
[1] "New improvement found, but slight; taking the best value, but not resetting the step counter"
       step   negloglik          mu    sigma.sq          SE 
 3.00000000 15.38021404  1.75425992  0.01084205  0.06386624 
[1] "New improvement found, but slight; taking the best value, but not resetting the step counter"
       step   negloglik          mu    sigma.sq          SE 
 4.00000000 15.37970635  1.74219489  0.01109964  0.06145486 
[1] "Now starting analysis"
[1] "Starting with initial values"
        mu   sigma.sq 
1.54949697 0.09505477 
       step   negloglik          mu    sigma.sq 
 1.00000000 30.31535066  1.70444667  0.09505477 
       step   negloglik          mu    sigma.sq 
 2.00000000 30.31535066  1.70444667  0.09505477 
       step   negloglik          mu    sigma.sq 
 3.00000000 30.31535066  1.70444667  0.09505477 
