000 (066.966.000) 07/26 17:14:46 Job submitted from host: <160.36.155.106:9618?addrs=160.36.155.106-9618&noUDP&sock=27742_4872_4>
...
012 (066.966.000) 08/03 14:16:49 Job was held.
	via condor_hold (by user bomeara)
	Code 1 Subcode 0
...
013 (066.966.000) 08/05 22:27:35 Job was released.
	via condor_release (by user bomeara)
...
012 (066.966.000) 08/09 10:35:35 Job was held.
	via condor_hold (by user bomeara)
	Code 1 Subcode 0
...
013 (066.966.000) 08/09 13:04:54 Job was released.
	via condor_release (by user bomeara)
...
001 (066.966.000) 08/18 16:57:47 Job executing on host: <10.128.213.253:9618?addrs=10.128.213.253-9618&noUDP&sock=2256_01bf_4>
...
006 (066.966.000) 08/18 16:57:56 Image size of job updated: 230064
	225  -  MemoryUsage of job (MB)
	230064  -  ResidentSetSize of job (KB)
...
006 (066.966.000) 08/18 17:33:00 Image size of job updated: 232040
	227  -  MemoryUsage of job (MB)
	232040  -  ResidentSetSize of job (KB)
...
006 (066.966.000) 08/18 19:05:03 Image size of job updated: 438492
	227  -  MemoryUsage of job (MB)
	232040  -  ResidentSetSize of job (KB)
...
005 (066.966.000) 08/18 19:05:03 Job terminated.
	(1) Normal termination (return value 0)
		Usr 0 02:07:03, Sys 0 00:00:01  -  Run Remote Usage
		Usr 0 00:00:00, Sys 0 00:00:00  -  Run Local Usage
		Usr 0 02:07:03, Sys 0 00:00:01  -  Total Remote Usage
		Usr 0 00:00:00, Sys 0 00:00:00  -  Total Local Usage
	28807  -  Run Bytes Sent By Job
	2422  -  Run Bytes Received By Job
	28807  -  Total Bytes Sent By Job
	2422  -  Total Bytes Received By Job
	Partitionable Resources :    Usage  Request Allocated 
	   Cpus                 :     1.00        1         1 
	   Disk (KB)            :    46           4    892992 
	   Memory (MB)          :   227           1       128 
...
