000 (066.1520.000) 07/26 17:14:46 Job submitted from host: <160.36.155.106:9618?addrs=160.36.155.106-9618&noUDP&sock=27742_4872_4>
...
012 (066.1520.000) 08/03 14:17:17 Job was held.
	via condor_hold (by user bomeara)
	Code 1 Subcode 0
...
013 (066.1520.000) 08/05 22:28:04 Job was released.
	via condor_release (by user bomeara)
...
012 (066.1520.000) 08/09 10:36:12 Job was held.
	via condor_hold (by user bomeara)
	Code 1 Subcode 0
...
013 (066.1520.000) 08/09 13:05:23 Job was released.
	via condor_release (by user bomeara)
...
001 (066.1520.000) 09/16 23:57:28 Job executing on host: <10.130.28.84:9618?addrs=10.130.28.84-9618&noUDP&sock=2385_7d77_4>
...
006 (066.1520.000) 09/16 23:57:36 Image size of job updated: 220792
	216  -  MemoryUsage of job (MB)
	220792  -  ResidentSetSize of job (KB)
...
006 (066.1520.000) 09/17 00:02:36 Image size of job updated: 229788
	225  -  MemoryUsage of job (MB)
	229788  -  ResidentSetSize of job (KB)
...
006 (066.1520.000) 09/17 00:07:37 Image size of job updated: 229800
	225  -  MemoryUsage of job (MB)
	229800  -  ResidentSetSize of job (KB)
...
005 (066.1520.000) 09/24 00:14:21 Job terminated.
	(1) Normal termination (return value 0)
		Usr 7 00:02:17, Sys 0 00:01:35  -  Run Remote Usage
		Usr 0 00:00:00, Sys 0 00:00:00  -  Run Local Usage
		Usr 7 00:02:17, Sys 0 00:01:35  -  Total Remote Usage
		Usr 0 00:00:00, Sys 0 00:00:00  -  Total Local Usage
	30231  -  Run Bytes Sent By Job
	2422  -  Run Bytes Received By Job
	30231  -  Total Bytes Sent By Job
	2422  -  Total Bytes Received By Job
	Partitionable Resources :    Usage  Request Allocated 
	   Cpus                 :     1.00        1         1 
	   Disk (KB)            :    47           4    891642 
	   Memory (MB)          :   225           1       128 
...
