000 (066.1205.000) 07/26 17:14:46 Job submitted from host: <160.36.155.106:9618?addrs=160.36.155.106-9618&noUDP&sock=27742_4872_4>
...
012 (066.1205.000) 08/03 14:17:01 Job was held.
	via condor_hold (by user bomeara)
	Code 1 Subcode 0
...
013 (066.1205.000) 08/05 22:27:48 Job was released.
	via condor_release (by user bomeara)
...
012 (066.1205.000) 08/09 10:35:51 Job was held.
	via condor_hold (by user bomeara)
	Code 1 Subcode 0
...
013 (066.1205.000) 08/09 13:05:06 Job was released.
	via condor_release (by user bomeara)
...
001 (066.1205.000) 08/30 14:29:29 Job executing on host: <10.129.169.104:9618?addrs=10.129.169.104-9618&noUDP&sock=2319_3837_4>
...
006 (066.1205.000) 08/30 14:29:37 Image size of job updated: 243356
	238  -  MemoryUsage of job (MB)
	243104  -  ResidentSetSize of job (KB)
...
006 (066.1205.000) 08/30 14:34:37 Image size of job updated: 243524
	238  -  MemoryUsage of job (MB)
	243260  -  ResidentSetSize of job (KB)
...
006 (066.1205.000) 08/30 18:30:02 Image size of job updated: 243544
	238  -  MemoryUsage of job (MB)
	243260  -  ResidentSetSize of job (KB)
...
006 (066.1205.000) 08/30 23:35:33 Image size of job updated: 243548
	238  -  MemoryUsage of job (MB)
	243260  -  ResidentSetSize of job (KB)
...
006 (066.1205.000) 08/31 02:25:51 Image size of job updated: 248200
	243  -  MemoryUsage of job (MB)
	247912  -  ResidentSetSize of job (KB)
...
006 (066.1205.000) 08/31 18:57:34 Image size of job updated: 248372
	243  -  MemoryUsage of job (MB)
	248084  -  ResidentSetSize of job (KB)
...
005 (066.1205.000) 08/31 23:32:00 Job terminated.
	(1) Normal termination (return value 0)
		Usr 1 08:59:07, Sys 0 00:00:19  -  Run Remote Usage
		Usr 0 00:00:00, Sys 0 00:00:00  -  Run Local Usage
		Usr 1 08:59:07, Sys 0 00:00:19  -  Total Remote Usage
		Usr 0 00:00:00, Sys 0 00:00:00  -  Total Local Usage
	31598  -  Run Bytes Sent By Job
	2422  -  Run Bytes Received By Job
	31598  -  Total Bytes Sent By Job
	2422  -  Total Bytes Received By Job
	Partitionable Resources :    Usage  Request Allocated 
	   Cpus                 :     1.00        1         1 
	   Disk (KB)            :    49           4    206228 
	   Memory (MB)          :   243           1       128 
...
