000 (066.664.000) 07/26 17:14:46 Job submitted from host: <160.36.155.106:9618?addrs=160.36.155.106-9618&noUDP&sock=27742_4872_4>
...
001 (066.664.000) 08/02 16:21:35 Job executing on host: <10.128.106.188:9618?addrs=10.128.106.188-9618&noUDP&sock=2127_8608_4>
...
006 (066.664.000) 08/02 16:21:43 Image size of job updated: 225560
	221  -  MemoryUsage of job (MB)
	225560  -  ResidentSetSize of job (KB)
...
006 (066.664.000) 08/02 16:26:43 Image size of job updated: 234172
	229  -  MemoryUsage of job (MB)
	234172  -  ResidentSetSize of job (KB)
...
006 (066.664.000) 08/03 06:58:11 Image size of job updated: 236332
	231  -  MemoryUsage of job (MB)
	236332  -  ResidentSetSize of job (KB)
...
006 (066.664.000) 08/04 06:05:32 Image size of job updated: 237308
	232  -  MemoryUsage of job (MB)
	237308  -  ResidentSetSize of job (KB)
...
006 (066.664.000) 08/05 11:05:16 Image size of job updated: 443096
	232  -  MemoryUsage of job (MB)
	237308  -  ResidentSetSize of job (KB)
...
005 (066.664.000) 08/05 11:05:16 Job terminated.
	(1) Normal termination (return value 0)
		Usr 2 18:39:03, Sys 0 00:00:49  -  Run Remote Usage
		Usr 0 00:00:00, Sys 0 00:00:00  -  Run Local Usage
		Usr 2 18:39:03, Sys 0 00:00:49  -  Total Remote Usage
		Usr 0 00:00:00, Sys 0 00:00:00  -  Total Local Usage
	28273  -  Run Bytes Sent By Job
	2422  -  Run Bytes Received By Job
	28273  -  Total Bytes Sent By Job
	2422  -  Total Bytes Received By Job
	Partitionable Resources :    Usage  Request Allocated 
	   Cpus                 :     1.00        1         1 
	   Disk (KB)            :    45           4    892170 
	   Memory (MB)          :   232           1       128 
...
