[1] "args"
[1] "66"   "1405"
[1] "Now starting analysis"
[1] "Starting with initial values"
       mu  sigma.sq        SE        bt        vh 
1.2478566 1.8208917 0.9104458 1.0000000 0.9104458 
       step   negloglik          mu    sigma.sq          SE          bt 
 1.00000000 43.08013968  0.75993007  0.01282058  0.04991879  1.67062916 
         vh 
 2.62448616 
[1] "New improvement found, resetting step counter"
       step   negloglik          mu    sigma.sq          SE          bt 
 2.00000000 41.30889608  1.91002941  0.01065517  0.05528141  0.27468298 
         vh 
 3.28725535 
       step   negloglik          mu    sigma.sq          SE          bt 
 3.00000000 41.30889608  1.91002941  0.01065517  0.05528141  0.27468298 
         vh 
 3.28725535 
       step   negloglik          mu    sigma.sq          SE          bt 
 4.00000000 41.30889608  1.91002941  0.01065517  0.05528141  0.27468298 
         vh 
 3.28725535 
[1] "Now starting analysis"
[1] "Initial starting values were in an area where the precision of the likelihood would be low (due to poor condition of the VCV matrix), so we're trying in a new area"
