000 (066.1217.000) 07/26 17:14:46 Job submitted from host: <160.36.155.106:9618?addrs=160.36.155.106-9618&noUDP&sock=27742_4872_4>
...
012 (066.1217.000) 08/03 14:17:02 Job was held.
	via condor_hold (by user bomeara)
	Code 1 Subcode 0
...
013 (066.1217.000) 08/05 22:27:49 Job was released.
	via condor_release (by user bomeara)
...
012 (066.1217.000) 08/09 10:35:52 Job was held.
	via condor_hold (by user bomeara)
	Code 1 Subcode 0
...
013 (066.1217.000) 08/09 13:05:07 Job was released.
	via condor_release (by user bomeara)
...
001 (066.1217.000) 08/30 16:07:27 Job executing on host: <10.130.122.65:9618?addrs=10.130.122.65-9618&noUDP&sock=2440_372c_4>
...
006 (066.1217.000) 08/30 16:07:36 Image size of job updated: 243428
	238  -  MemoryUsage of job (MB)
	243428  -  ResidentSetSize of job (KB)
...
006 (066.1217.000) 08/30 16:12:36 Image size of job updated: 246832
	242  -  MemoryUsage of job (MB)
	246832  -  ResidentSetSize of job (KB)
...
006 (066.1217.000) 08/30 16:17:36 Image size of job updated: 246844
	242  -  MemoryUsage of job (MB)
	246844  -  ResidentSetSize of job (KB)
...
006 (066.1217.000) 08/31 06:29:06 Image size of job updated: 247408
	242  -  MemoryUsage of job (MB)
	247408  -  ResidentSetSize of job (KB)
...
006 (066.1217.000) 08/31 09:59:27 Image size of job updated: 248692
	243  -  MemoryUsage of job (MB)
	248692  -  ResidentSetSize of job (KB)
...
006 (066.1217.000) 09/01 00:05:58 Image size of job updated: 249024
	244  -  MemoryUsage of job (MB)
	249024  -  ResidentSetSize of job (KB)
...
006 (066.1217.000) 09/01 22:41:05 Image size of job updated: 455352
	244  -  MemoryUsage of job (MB)
	249024  -  ResidentSetSize of job (KB)
...
005 (066.1217.000) 09/01 22:41:05 Job terminated.
	(1) Normal termination (return value 0)
		Usr 2 06:28:59, Sys 0 00:00:31  -  Run Remote Usage
		Usr 0 00:00:00, Sys 0 00:00:00  -  Run Local Usage
		Usr 2 06:28:59, Sys 0 00:00:31  -  Total Remote Usage
		Usr 0 00:00:00, Sys 0 00:00:00  -  Total Local Usage
	32621  -  Run Bytes Sent By Job
	2422  -  Run Bytes Received By Job
	32621  -  Total Bytes Sent By Job
	2422  -  Total Bytes Received By Job
	Partitionable Resources :    Usage  Request Allocated 
	   Cpus                 :     1.00        1         1 
	   Disk (KB)            :    50           4    891653 
	   Memory (MB)          :   244           1       128 
...
