[1] "args"
[1] "66"   "1251"
[1] "Now starting analysis"
[1] "Starting with initial values"
         mu    sigma.sq          SE          bt          vh 
1.257525099 0.007913234 0.003956617 1.000000000 0.003956617 
         step     negloglik            mu      sigma.sq            SE 
 1.000000e+00 -3.822185e+01  1.185500e+00  7.581256e-03  1.987609e-05 
           bt            vh 
 9.663820e-01  4.360760e-02 
[1] "New improvement found, resetting step counter"
         step     negloglik            mu      sigma.sq            SE 
 2.000000e+00 -3.890420e+01  1.104986e+00  7.587850e-03  6.069250e-05 
           bt            vh 
 1.152061e+00  1.029010e-03 
[1] "New improvement found, resetting step counter"
         step     negloglik            mu      sigma.sq            SE 
 3.000000e+00 -3.895855e+01  1.088382e+00  7.828468e-03  5.163640e-05 
           bt            vh 
 1.163037e+00  7.789806e-04 
[1] "New improvement found, resetting step counter"
         step     negloglik            mu      sigma.sq            SE 
 4.000000e+00 -3.898169e+01  1.086314e+00  8.214829e-03  2.684480e-06 
           bt            vh 
 1.135218e+00  2.943766e-03 
         step     negloglik            mu      sigma.sq            SE 
 5.000000e+00 -3.898169e+01  1.086314e+00  8.214829e-03  2.684480e-06 
           bt            vh 
 1.135218e+00  2.943766e-03 
         step     negloglik            mu      sigma.sq            SE 
 6.000000e+00 -3.898169e+01  1.086314e+00  8.214829e-03  2.684480e-06 
           bt            vh 
 1.135218e+00  2.943766e-03 
[1] "Now starting analysis"
[1] "Starting with initial values"
         mu    sigma.sq          bt          vh 
1.257525099 0.007913234 1.000000000 0.003956617 
         step     negloglik            mu      sigma.sq            bt 
  1.000000000 -38.866839923   1.244671386   0.007917483   1.103488580 
           vh 
  0.005793378 
[1] "New improvement found, resetting step counter"
         step     negloglik            mu      sigma.sq            bt 
  2.000000000 -39.021639487   0.993008974   0.007993270   1.166570382 
           vh 
  0.001222825 
         step     negloglik            mu      sigma.sq            bt 
  3.000000000 -39.021639487   0.993008974   0.007993270   1.166570382 
           vh 
  0.001222825 
         step     negloglik            mu      sigma.sq            bt 
  4.000000000 -39.021639487   0.993008974   0.007993270   1.166570382 
           vh 
  0.001222825 
[1] "Now starting analysis"
[1] "Starting with initial values"
         mu    sigma.sq          SE          vh 
1.257525099 0.007913234 0.003956617 0.003956617 
         step     negloglik            mu      sigma.sq            SE 
 1.000000e+00 -3.783902e+01  1.354143e+00  6.632821e-03  6.342985e-04 
           vh 
 1.187200e-02 
[1] "New improvement found, resetting step counter"
         step     negloglik            mu      sigma.sq            SE 
 2.000000e+00 -3.792297e+01  1.297389e+00  6.596297e-03  5.190531e-04 
           vh 
 1.101187e-02 
         step     negloglik            mu      sigma.sq            SE 
 3.000000e+00 -3.792297e+01  1.297389e+00  6.596297e-03  5.190531e-04 
           vh 
 1.101187e-02 
         step     negloglik            mu      sigma.sq            SE 
 4.000000e+00 -3.792297e+01  1.297389e+00  6.596297e-03  5.190531e-04 
           vh 
 1.101187e-02 
[1] "Now starting analysis"
[1] "Starting with initial values"
         mu    sigma.sq          vh 
1.257525099 0.007913234 0.003956617 
         step     negloglik            mu      sigma.sq            vh 
  1.000000000 -38.681244787   1.254989368   0.007903474   0.011366590 
[1] "New improvement found, but slight; taking the best value, but not resetting the step counter"
         step     negloglik            mu      sigma.sq            vh 
  2.000000000 -38.682451728   1.255018447   0.008034117   0.011177789 
         step     negloglik            mu      sigma.sq            vh 
  3.000000000 -38.682451728   1.255018447   0.008034117   0.011177789 
[1] "Now starting analysis"
[1] "Starting with initial values"
         mu    sigma.sq          SE          bt 
1.257525099 0.007913234 0.003956617 1.000000000 
         step     negloglik            mu      sigma.sq            SE 
 1.000000e+00 -3.885497e+01  1.180317e+00  7.930051e-03  1.834115e-05 
           bt 
 1.169897e+00 
[1] "New improvement found, resetting step counter"
         step     negloglik            mu      sigma.sq            SE 
 2.000000e+00 -3.899718e+01  1.039187e+00  7.927045e-03  4.368156e-06 
           bt 
 1.152166e+00 
         step     negloglik            mu      sigma.sq            SE 
 3.000000e+00 -3.899718e+01  1.039187e+00  7.927045e-03  4.368156e-06 
           bt 
 1.152166e+00 
[1] "New improvement found, but slight; taking the best value, but not resetting the step counter"
         step     negloglik            mu      sigma.sq            SE 
 4.000000e+00 -3.900170e+01  9.270153e-01  8.020916e-03  1.430484e-05 
           bt 
 1.217189e+00 
[1] "Now starting analysis"
[1] "Starting with initial values"
         mu    sigma.sq          bt 
1.257525099 0.007913234 1.000000000 
         step     negloglik            mu      sigma.sq            bt 
  1.000000000 -38.957219578   1.126497083   0.008020689   1.157154819 
[1] "New improvement found, resetting step counter"
         step     negloglik            mu      sigma.sq            bt 
  2.000000000 -39.022802426   0.991514522   0.007964187   1.195745480 
         step     negloglik            mu      sigma.sq            bt 
  3.000000000 -39.022802426   0.991514522   0.007964187   1.195745480 
         step     negloglik            mu      sigma.sq            bt 
  4.000000000 -39.022802426   0.991514522   0.007964187   1.195745480 
[1] "Now starting analysis"
[1] "Starting with initial values"
         mu    sigma.sq          SE 
1.257525099 0.007913234 0.003956617 
         step     negloglik            mu      sigma.sq            SE 
 1.000000e+00 -3.841936e+01  1.303914e+00  8.096148e-03  9.336175e-06 
[1] "New improvement found, resetting step counter"
         step     negloglik            mu      sigma.sq            SE 
 2.000000e+00 -3.843882e+01  1.277582e+00  8.093658e-03  3.983207e-07 
         step     negloglik            mu      sigma.sq            SE 
 3.000000e+00 -3.843882e+01  1.277582e+00  8.093658e-03  3.983207e-07 
         step     negloglik            mu      sigma.sq            SE 
 4.000000e+00 -3.843882e+01  1.277582e+00  8.093658e-03  3.983207e-07 
[1] "Now starting analysis"
[1] "Starting with initial values"
         mu    sigma.sq 
1.257525099 0.007913234 
        step    negloglik           mu     sigma.sq 
  1.00000000 -38.43285147   1.24162183   0.00828165 
[1] "New improvement found, but slight; taking the best value, but not resetting the step counter"
         step     negloglik            mu      sigma.sq 
  2.000000000 -38.433120322   1.268949027   0.007948207 
         step     negloglik            mu      sigma.sq 
  3.000000000 -38.433120322   1.268949027   0.007948207 
