000 (066.1621.000) 07/26 17:14:46 Job submitted from host: <160.36.155.106:9618?addrs=160.36.155.106-9618&noUDP&sock=27742_4872_4>
...
012 (066.1621.000) 08/03 14:17:22 Job was held.
	via condor_hold (by user bomeara)
	Code 1 Subcode 0
...
013 (066.1621.000) 08/05 22:28:09 Job was released.
	via condor_release (by user bomeara)
...
012 (066.1621.000) 08/09 10:36:18 Job was held.
	via condor_hold (by user bomeara)
	Code 1 Subcode 0
...
013 (066.1621.000) 08/09 13:05:28 Job was released.
	via condor_release (by user bomeara)
...
012 (066.1621.000) 09/23 13:38:11 Job was held.
	via condor_hold (by user bomeara)
	Code 1 Subcode 0
...
013 (066.1621.000) 09/24 14:50:02 Job was released.
	via condor_release (by user bomeara)
...
001 (066.1621.000) 09/25 05:32:23 Job executing on host: <10.128.121.58:9618?addrs=10.128.121.58-9618&noUDP&sock=2329_1429_4>
...
006 (066.1621.000) 09/25 05:32:31 Image size of job updated: 234020
	229  -  MemoryUsage of job (MB)
	234020  -  ResidentSetSize of job (KB)
...
006 (066.1621.000) 09/25 05:37:31 Image size of job updated: 235996
	231  -  MemoryUsage of job (MB)
	235996  -  ResidentSetSize of job (KB)
...
006 (066.1621.000) 09/25 17:28:42 Image size of job updated: 248096
	243  -  MemoryUsage of job (MB)
	248096  -  ResidentSetSize of job (KB)
...
005 (066.1621.000) 09/26 16:25:47 Job terminated.
	(1) Normal termination (return value 0)
		Usr 1 10:50:25, Sys 0 00:00:15  -  Run Remote Usage
		Usr 0 00:00:00, Sys 0 00:00:00  -  Run Local Usage
		Usr 1 10:50:25, Sys 0 00:00:15  -  Total Remote Usage
		Usr 0 00:00:00, Sys 0 00:00:00  -  Total Local Usage
	32597  -  Run Bytes Sent By Job
	2422  -  Run Bytes Received By Job
	32597  -  Total Bytes Sent By Job
	2422  -  Total Bytes Received By Job
	Partitionable Resources :    Usage  Request Allocated 
	   Cpus                 :     1.00        1         1 
	   Disk (KB)            :    50           4    888340 
	   Memory (MB)          :   243           1       128 
...
