[1] "args"
[1] "66"   "1119"
[1] "Now starting analysis"
[1] "Starting with initial values"
       mu  sigma.sq        SE        bt        vh 
0.9537145 0.2803149 0.1401575 1.0000000 0.1401575 
       step   negloglik          mu    sigma.sq          SE          bt 
 1.00000000 60.08739516  1.05073585  0.01310137  0.08033918  1.04459485 
         vh 
 0.22025320 
[1] "New improvement found, resetting step counter"
        step    negloglik           mu     sigma.sq           SE           bt 
 2.000000000 58.624235472  1.291608767  0.013513140  0.079700689  0.879917385 
          vh 
 0.003104513 
[1] "New improvement found, resetting step counter"
        step    negloglik           mu     sigma.sq           SE           bt 
3.000000e+00 5.851150e+01 1.209091e+00 1.334035e-02 7.753857e-02 8.537614e-01 
          vh 
6.399928e-04 
[1] "New improvement found, resetting step counter"
        step    negloglik           mu     sigma.sq           SE           bt 
 4.000000000 58.484515419  1.081930805  0.012803528  0.078469219  0.909907992 
          vh 
 0.001178036 
        step    negloglik           mu     sigma.sq           SE           bt 
 5.000000000 58.484515419  1.081930805  0.012803528  0.078469219  0.909907992 
          vh 
 0.001178036 
        step    negloglik           mu     sigma.sq           SE           bt 
 6.000000000 58.484515419  1.081930805  0.012803528  0.078469219  0.909907992 
          vh 
 0.001178036 
[1] "Now starting analysis"
[1] "Starting with initial values"
       mu  sigma.sq        bt        vh 
0.9537145 0.2803149 1.0000000 0.1401575 
       step   negloglik          mu    sigma.sq          bt          vh 
  1.0000000 137.0049323   0.9537145   0.2803149   1.0000000   0.1401575 
       step   negloglik          mu    sigma.sq          bt          vh 
  2.0000000 137.0049323   0.9537145   0.2803149   1.0000000   0.1401575 
       step   negloglik          mu    sigma.sq          bt          vh 
  3.0000000 137.0049323   0.9537145   0.2803149   1.0000000   0.1401575 
[1] "Now starting analysis"
[1] "Starting with initial values"
       mu  sigma.sq        SE        vh 
0.9537145 0.2803149 0.1401575 0.1401575 
       step   negloglik          mu    sigma.sq          SE          vh 
 1.00000000 60.15977027  1.09648324  0.01306114  0.08210213  0.24397168 
[1] "New improvement found, resetting step counter"
        step    negloglik           mu     sigma.sq           SE           vh 
 2.000000000 58.822066387  1.172973254  0.014604454  0.077978923  0.002573247 
[1] "New improvement found, resetting step counter"
        step    negloglik           mu     sigma.sq           SE           vh 
 3.000000000 58.732743165  1.143491294  0.013114989  0.083238772  0.001903605 
[1] "New improvement found, resetting step counter"
        step    negloglik           mu     sigma.sq           SE           vh 
 4.000000000 58.693392762  1.129467927  0.012718428  0.080112188  0.001653643 
        step    negloglik           mu     sigma.sq           SE           vh 
 5.000000000 58.693392762  1.129467927  0.012718428  0.080112188  0.001653643 
        step    negloglik           mu     sigma.sq           SE           vh 
 6.000000000 58.693392762  1.129467927  0.012718428  0.080112188  0.001653643 
[1] "Now starting analysis"
[1] "Starting with initial values"
       mu  sigma.sq        vh 
0.9537145 0.2803149 0.1401575 
       step   negloglik          mu    sigma.sq          vh 
  1.0000000 137.0049323   0.9537145   0.2803149   0.1401575 
       step   negloglik          mu    sigma.sq          vh 
  2.0000000 137.0049323   0.9537145   0.2803149   0.1401575 
       step   negloglik          mu    sigma.sq          vh 
  3.0000000 137.0049323   0.9537145   0.2803149   0.1401575 
[1] "Now starting analysis"
[1] "Starting with initial values"
       mu  sigma.sq        SE        bt 
0.9537145 0.2803149 0.1401575 1.0000000 
       step   negloglik          mu    sigma.sq          SE          bt 
 1.00000000 59.03281865  1.08741782  0.01387134  0.08307992  1.08901761 
[1] "New improvement found, resetting step counter"
       step   negloglik          mu    sigma.sq          SE          bt 
 2.00000000 58.48144891  1.17000497  0.01264984  0.07816578  0.87552809 
[1] "New improvement found, resetting step counter"
       step   negloglik          mu    sigma.sq          SE          bt 
 3.00000000 58.46231957  1.12930230  0.01213308  0.08228347  0.88750201 
       step   negloglik          mu    sigma.sq          SE          bt 
 4.00000000 58.46231957  1.12930230  0.01213308  0.08228347  0.88750201 
[1] "New improvement found, but slight; taking the best value, but not resetting the step counter"
       step   negloglik          mu    sigma.sq          SE          bt 
 5.00000000 58.45977846  1.10809419  0.01254152  0.08286800  0.88418570 
[1] "Now starting analysis"
[1] "Starting with initial values"
       mu  sigma.sq        bt 
0.9537145 0.2803149 1.0000000 
       step   negloglik          mu    sigma.sq          bt 
  1.0000000 136.9202532   0.9537145   0.2803149   1.0000000 
       step   negloglik          mu    sigma.sq          bt 
  2.0000000 136.9202532   0.9537145   0.2803149   1.0000000 
       step   negloglik          mu    sigma.sq          bt 
  3.0000000 136.9202532   0.9537145   0.2803149   1.0000000 
[1] "Now starting analysis"
[1] "Starting with initial values"
       mu  sigma.sq        SE 
0.9537145 0.2803149 0.1401575 
       step   negloglik          mu    sigma.sq          SE 
 1.00000000 58.75902708  1.13085891  0.01225419  0.08885248 
[1] "New improvement found, resetting step counter"
       step   negloglik          mu    sigma.sq          SE 
 2.00000000 58.71777909  1.13270155  0.01163453  0.08578687 
[1] "New improvement found, resetting step counter"
       step   negloglik          mu    sigma.sq          SE 
 3.00000000 58.67762173  1.10493167  0.01267050  0.07745627 
       step   negloglik          mu    sigma.sq          SE 
 4.00000000 58.67762173  1.10493167  0.01267050  0.07745627 
       step   negloglik          mu    sigma.sq          SE 
 5.00000000 58.67762173  1.10493167  0.01267050  0.07745627 
[1] "Now starting analysis"
[1] "Starting with initial values"
       mu  sigma.sq 
0.9537145 0.2803149 
       step   negloglik          mu    sigma.sq 
  1.0000000 136.9202532   0.9537145   0.2803149 
       step   negloglik          mu    sigma.sq 
  2.0000000 136.9202532   0.9537145   0.2803149 
       step   negloglik          mu    sigma.sq 
  3.0000000 136.9202532   0.9537145   0.2803149 
