[1] "args"
[1] "66"  "269"
[1] "Now starting analysis"
[1] "Starting with initial values"
        mu   sigma.sq         SE         bt         vh 
1.54824231 0.09331565 0.04665783 1.00000000 0.04665783 
       step   negloglik          mu    sigma.sq          SE          bt 
 1.00000000 48.71437867  1.38118029  0.01179551  0.06519429  1.53923427 
         vh 
 0.04395242 
[1] "New improvement found, resetting step counter"
       step   negloglik          mu    sigma.sq          SE          bt 
 2.00000000 47.99842856  1.05306330  0.01142811  0.06102612  1.45509709 
         vh 
 0.02281761 
       step   negloglik          mu    sigma.sq          SE          bt 
 3.00000000 47.99842856  1.05306330  0.01142811  0.06102612  1.45509709 
         vh 
 0.02281761 
       step   negloglik          mu    sigma.sq          SE          bt 
 4.00000000 47.99842856  1.05306330  0.01142811  0.06102612  1.45509709 
         vh 
 0.02281761 
[1] "Now starting analysis"
[1] "Starting with initial values"
        mu   sigma.sq         bt         vh 
1.54824231 0.09331565 1.00000000 0.04665783 
        step    negloglik           mu     sigma.sq           bt           vh 
 1.000000000 85.043145582  1.560609192  0.093884408  1.157514596  0.008988433 
        step    negloglik           mu     sigma.sq           bt           vh 
 2.000000000 85.043145582  1.560609192  0.093884408  1.157514596  0.008988433 
        step    negloglik           mu     sigma.sq           bt           vh 
 3.000000000 85.043145582  1.560609192  0.093884408  1.157514596  0.008988433 
[1] "Now starting analysis"
[1] "Starting with initial values"
        mu   sigma.sq         SE         vh 
1.54824231 0.09331565 0.04665783 0.04665783 
       step   negloglik          mu    sigma.sq          SE          vh 
 1.00000000 51.26923569  1.54150139  0.01277279  0.05997543  0.24439404 
[1] "New improvement found, resetting step counter"
        step    negloglik           mu     sigma.sq           SE           vh 
2.000000e+00 4.998509e+01 1.740545e+00 1.437132e-02 5.383812e-02 1.122074e-04 
[1] "New improvement found, resetting step counter"
        step    negloglik           mu     sigma.sq           SE           vh 
3.000000e+00 4.986560e+01 1.600415e+00 1.415088e-02 5.439446e-02 6.576362e-04 
        step    negloglik           mu     sigma.sq           SE           vh 
4.000000e+00 4.986560e+01 1.600415e+00 1.415088e-02 5.439446e-02 6.576362e-04 
        step    negloglik           mu     sigma.sq           SE           vh 
5.000000e+00 4.986560e+01 1.600415e+00 1.415088e-02 5.439446e-02 6.576362e-04 
[1] "Now starting analysis"
[1] "Starting with initial values"
        mu   sigma.sq         vh 
1.54824231 0.09331565 0.04665783 
        step    negloglik           mu     sigma.sq           vh 
 1.000000000 85.166358696  1.645007457  0.095465990  0.005801432 
        step    negloglik           mu     sigma.sq           vh 
 2.000000000 85.166358696  1.645007457  0.095465990  0.005801432 
        step    negloglik           mu     sigma.sq           vh 
 3.000000000 85.166358696  1.645007457  0.095465990  0.005801432 
[1] "Now starting analysis"
[1] "Starting with initial values"
        mu   sigma.sq         SE         bt 
1.54824231 0.09331565 0.04665783 1.00000000 
       step   negloglik          mu    sigma.sq          SE          bt 
 1.00000000 48.56125760  1.54257791  0.01239726  0.05696881  1.23478882 
[1] "New improvement found, resetting step counter"
       step   negloglik          mu    sigma.sq          SE          bt 
 2.00000000 47.99854082  1.15074573  0.01202113  0.05964787  1.38497086 
[1] "New improvement found, but slight; taking the best value, but not resetting the step counter"
       step   negloglik          mu    sigma.sq          SE          bt 
 3.00000000 47.99326721  1.10386887  0.01191666  0.05988354  1.41871682 
       step   negloglik          mu    sigma.sq          SE          bt 
 4.00000000 47.99326721  1.10386887  0.01191666  0.05988354  1.41871682 
[1] "Now starting analysis"
[1] "Starting with initial values"
        mu   sigma.sq         bt 
1.54824231 0.09331565 1.00000000 
       step   negloglik          mu    sigma.sq          bt 
 1.00000000 84.99327578  1.44462297  0.09452522  1.20602912 
       step   negloglik          mu    sigma.sq          bt 
 2.00000000 84.99327578  1.44462297  0.09452522  1.20602912 
       step   negloglik          mu    sigma.sq          bt 
 3.00000000 84.99327578  1.44462297  0.09452522  1.20602912 
[1] "Now starting analysis"
[1] "Starting with initial values"
        mu   sigma.sq         SE 
1.54824231 0.09331565 0.04665783 
       step   negloglik          mu    sigma.sq          SE 
 1.00000000 49.94082112  1.34106616  0.01470244  0.05550228 
[1] "New improvement found, resetting step counter"
       step   negloglik          mu    sigma.sq          SE 
 2.00000000 49.84145224  1.47517278  0.01470244  0.05550228 
[1] "New improvement found, but slight; taking the best value, but not resetting the step counter"
       step   negloglik          mu    sigma.sq          SE 
 3.00000000 49.84000648  1.51334884  0.01412147  0.05495082 
[1] "New improvement found, but slight; taking the best value, but not resetting the step counter"
       step   negloglik          mu    sigma.sq          SE 
 4.00000000 49.83521315  1.52199996  0.01479452  0.05580722 
[1] "Now starting analysis"
[1] "Starting with initial values"
        mu   sigma.sq 
1.54824231 0.09331565 
       step   negloglik          mu    sigma.sq 
 1.00000000 85.12547602  1.54824231  0.09331565 
       step   negloglik          mu    sigma.sq 
 2.00000000 85.12547602  1.54824231  0.09331565 
       step   negloglik          mu    sigma.sq 
 3.00000000 85.12547602  1.54824231  0.09331565 
