000 (066.1707.000) 07/26 17:14:46 Job submitted from host: <160.36.155.106:9618?addrs=160.36.155.106-9618&noUDP&sock=27742_4872_4>
...
012 (066.1707.000) 08/03 14:17:27 Job was held.
	via condor_hold (by user bomeara)
	Code 1 Subcode 0
...
013 (066.1707.000) 08/05 22:28:13 Job was released.
	via condor_release (by user bomeara)
...
012 (066.1707.000) 08/09 10:36:24 Job was held.
	via condor_hold (by user bomeara)
	Code 1 Subcode 0
...
013 (066.1707.000) 08/09 13:05:32 Job was released.
	via condor_release (by user bomeara)
...
012 (066.1707.000) 09/23 13:37:59 Job was held.
	via condor_hold (by user bomeara)
	Code 1 Subcode 0
...
013 (066.1707.000) 09/24 14:49:48 Job was released.
	via condor_release (by user bomeara)
...
001 (066.1707.000) 09/30 21:24:48 Job executing on host: <10.130.28.84:9618?addrs=10.130.28.84-9618&noUDP&sock=2385_7d77_4>
...
006 (066.1707.000) 09/30 21:24:56 Image size of job updated: 243052
	238  -  MemoryUsage of job (MB)
	243052  -  ResidentSetSize of job (KB)
...
006 (066.1707.000) 09/30 21:34:57 Image size of job updated: 247044
	242  -  MemoryUsage of job (MB)
	247044  -  ResidentSetSize of job (KB)
...
006 (066.1707.000) 09/30 21:44:58 Image size of job updated: 247064
	242  -  MemoryUsage of job (MB)
	247064  -  ResidentSetSize of job (KB)
...
006 (066.1707.000) 10/02 03:58:05 Image size of job updated: 248972
	244  -  MemoryUsage of job (MB)
	248972  -  ResidentSetSize of job (KB)
...
006 (066.1707.000) 10/03 04:55:42 Image size of job updated: 249056
	244  -  MemoryUsage of job (MB)
	249056  -  ResidentSetSize of job (KB)
...
006 (066.1707.000) 10/04 15:49:23 Image size of job updated: 249064
	244  -  MemoryUsage of job (MB)
	249064  -  ResidentSetSize of job (KB)
...
006 (066.1707.000) 10/04 18:51:28 Image size of job updated: 455536
	244  -  MemoryUsage of job (MB)
	249064  -  ResidentSetSize of job (KB)
...
005 (066.1707.000) 10/04 18:51:28 Job terminated.
	(1) Normal termination (return value 0)
		Usr 3 21:18:16, Sys 0 00:00:52  -  Run Remote Usage
		Usr 0 00:00:00, Sys 0 00:00:00  -  Run Local Usage
		Usr 3 21:18:16, Sys 0 00:00:52  -  Total Remote Usage
		Usr 0 00:00:00, Sys 0 00:00:00  -  Total Local Usage
	30632  -  Run Bytes Sent By Job
	2422  -  Run Bytes Received By Job
	30632  -  Total Bytes Sent By Job
	2422  -  Total Bytes Received By Job
	Partitionable Resources :    Usage  Request Allocated 
	   Cpus                 :     1.00        1         1 
	   Disk (KB)            :    48           4    891642 
	   Memory (MB)          :   244           1       128 
...
