[1] "args"
[1] "66"   "1369"
[1] "Now starting analysis"
[1] "Starting with initial values"
        mu   sigma.sq         SE         bt         vh 
1.01433596 0.01176842 0.00588421 1.00000000 0.00588421 
         step     negloglik            mu      sigma.sq            SE 
 1.000000e+00 -4.134979e+01  1.045934e+00  1.165167e-02  1.764871e-06 
           bt            vh 
 1.029795e+00  7.388863e-02 
[1] "New improvement found, resetting step counter"
         step     negloglik            mu      sigma.sq            SE 
 2.000000e+00 -4.190219e+01  1.152355e+00  1.166115e-02  1.568784e-05 
           bt            vh 
 1.095166e+00  3.784556e-04 
         step     negloglik            mu      sigma.sq            SE 
 3.000000e+00 -4.190219e+01  1.152355e+00  1.166115e-02  1.568784e-05 
           bt            vh 
 1.095166e+00  3.784556e-04 
         step     negloglik            mu      sigma.sq            SE 
 4.000000e+00 -4.190219e+01  1.152355e+00  1.166115e-02  1.568784e-05 
           bt            vh 
 1.095166e+00  3.784556e-04 
[1] "Now starting analysis"
[1] "Starting with initial values"
        mu   sigma.sq         bt         vh 
1.01433596 0.01176842 1.00000000 0.00588421 
         step     negloglik            mu      sigma.sq            bt 
 1.000000e+00 -4.199310e+01  9.406389e-01  1.164492e-02  1.102973e+00 
           vh 
 5.891703e-04 
[1] "New improvement found, resetting step counter"
         step     negloglik            mu      sigma.sq            bt 
 2.000000e+00 -4.201217e+01  1.003576e+00  1.164439e-02  1.087925e+00 
           vh 
 6.049086e-05 
         step     negloglik            mu      sigma.sq            bt 
 3.000000e+00 -4.201217e+01  1.003576e+00  1.164439e-02  1.087925e+00 
           vh 
 6.049086e-05 
         step     negloglik            mu      sigma.sq            bt 
 4.000000e+00 -4.201217e+01  1.003576e+00  1.164439e-02  1.087925e+00 
           vh 
 6.049086e-05 
[1] "Now starting analysis"
[1] "Starting with initial values"
        mu   sigma.sq         SE         vh 
1.01433596 0.01176842 0.00588421 0.00588421 
         step     negloglik            mu      sigma.sq            SE 
 1.000000e+00 -4.182936e+01  1.048821e+00  1.206700e-02  3.520455e-07 
           vh 
 1.549743e-03 
         step     negloglik            mu      sigma.sq            SE 
 2.000000e+00 -4.182936e+01  1.048821e+00  1.206700e-02  3.520455e-07 
           vh 
 1.549743e-03 
[1] "New improvement found, resetting step counter"
         step     negloglik            mu      sigma.sq            SE 
 3.000000e+00 -4.184486e+01  1.042088e+00  1.174140e-02  2.953243e-07 
           vh 
 1.600454e-03 
         step     negloglik            mu      sigma.sq            SE 
 4.000000e+00 -4.184486e+01  1.042088e+00  1.174140e-02  2.953243e-07 
           vh 
 1.600454e-03 
         step     negloglik            mu      sigma.sq            SE 
 5.000000e+00 -4.184486e+01  1.042088e+00  1.174140e-02  2.953243e-07 
           vh 
 1.600454e-03 
[1] "Now starting analysis"
[1] "Starting with initial values"
        mu   sigma.sq         vh 
1.01433596 0.01176842 0.00588421 
         step     negloglik            mu      sigma.sq            vh 
 1.000000e+00 -4.185284e+01  9.775029e-01  1.167401e-02  7.519179e-04 
         step     negloglik            mu      sigma.sq            vh 
 2.000000e+00 -4.185284e+01  9.775029e-01  1.167401e-02  7.519179e-04 
         step     negloglik            mu      sigma.sq            vh 
 3.000000e+00 -4.185284e+01  9.775029e-01  1.167401e-02  7.519179e-04 
[1] "Now starting analysis"
[1] "Starting with initial values"
        mu   sigma.sq         SE         bt 
1.01433596 0.01176842 0.00588421 1.00000000 
         step     negloglik            mu      sigma.sq            SE 
 1.000000e+00 -4.184736e+01  7.857190e-01  1.143511e-02  3.450489e-06 
           bt 
 1.061112e+00 
[1] "New improvement found, resetting step counter"
         step     negloglik            mu      sigma.sq            SE 
 2.000000e+00 -4.196595e+01  8.915666e-01  1.143286e-02  7.126656e-09 
           bt 
 1.104753e+00 
         step     negloglik            mu      sigma.sq            SE 
 3.000000e+00 -4.196595e+01  8.915666e-01  1.143286e-02  7.126656e-09 
           bt 
 1.104753e+00 
         step     negloglik            mu      sigma.sq            SE 
 4.000000e+00 -4.196595e+01  8.915666e-01  1.143286e-02  7.126656e-09 
           bt 
 1.104753e+00 
[1] "Now starting analysis"
[1] "Starting with initial values"
        mu   sigma.sq         bt 
1.01433596 0.01176842 1.00000000 
        step    negloglik           mu     sigma.sq           bt 
  1.00000000 -42.01595420   1.01433596   0.01176842   1.10143360 
        step    negloglik           mu     sigma.sq           bt 
  2.00000000 -42.01595420   1.01433596   0.01176842   1.10143360 
        step    negloglik           mu     sigma.sq           bt 
  3.00000000 -42.01595420   1.01433596   0.01176842   1.10143360 
[1] "Now starting analysis"
[1] "Starting with initial values"
        mu   sigma.sq         SE 
1.01433596 0.01176842 0.00588421 
         step     negloglik            mu      sigma.sq            SE 
 1.000000e+00 -4.186084e+01  1.011563e+00  1.183883e-02  1.027372e-06 
         step     negloglik            mu      sigma.sq            SE 
 2.000000e+00 -4.186084e+01  1.011563e+00  1.183883e-02  1.027372e-06 
         step     negloglik            mu      sigma.sq            SE 
 3.000000e+00 -4.186084e+01  1.011563e+00  1.183883e-02  1.027372e-06 
[1] "Now starting analysis"
[1] "Starting with initial values"
        mu   sigma.sq 
1.01433596 0.01176842 
        step    negloglik           mu     sigma.sq 
  1.00000000 -41.86685183   1.01433596   0.01176842 
        step    negloglik           mu     sigma.sq 
  2.00000000 -41.86685183   1.01433596   0.01176842 
        step    negloglik           mu     sigma.sq 
  3.00000000 -41.86685183   1.01433596   0.01176842 
