[1] "args"
[1] "66"  "930"
[1] "Now starting analysis"
[1] "Starting with initial values"
       mu  sigma.sq        SE        bt        vh 
0.6515443 0.0820802 0.0410401 1.0000000 0.0410401 
      step  negloglik         mu   sigma.sq         SE         bt         vh 
1.00000000 8.55436581 0.63504473 0.01155178 0.01741678 0.95314814 0.15615455 
[1] "New improvement found, resetting step counter"
        step    negloglik           mu     sigma.sq           SE           bt 
2.0000000000 8.2852665433 0.8595471989 0.0118830025 0.0188131157 0.7481501405 
          vh 
0.0001632639 
[1] "New improvement found, resetting step counter"
        step    negloglik           mu     sigma.sq           SE           bt 
3.0000000000 8.2576696820 0.7137659238 0.0109936002 0.0198960166 0.7832534917 
          vh 
0.0005293772 
        step    negloglik           mu     sigma.sq           SE           bt 
4.0000000000 8.2576696820 0.7137659238 0.0109936002 0.0198960166 0.7832534917 
          vh 
0.0005293772 
        step    negloglik           mu     sigma.sq           SE           bt 
5.0000000000 8.2576696820 0.7137659238 0.0109936002 0.0198960166 0.7832534917 
          vh 
0.0005293772 
[1] "Now starting analysis"
[1] "Starting with initial values"
       mu  sigma.sq        bt        vh 
0.6515443 0.0820802 1.0000000 0.0410401 
      step  negloglik         mu   sigma.sq         bt         vh 
 1.0000000 24.8038370  0.6515443  0.0820802  1.0000000  0.0410401 
      step  negloglik         mu   sigma.sq         bt         vh 
 2.0000000 24.8038370  0.6515443  0.0820802  1.0000000  0.0410401 
      step  negloglik         mu   sigma.sq         bt         vh 
 3.0000000 24.8038370  0.6515443  0.0820802  1.0000000  0.0410401 
[1] "Now starting analysis"
[1] "Starting with initial values"
       mu  sigma.sq        SE        vh 
0.6515443 0.0820802 0.0410401 0.0410401 
      step  negloglik         mu   sigma.sq         SE         vh 
1.00000000 8.44275360 0.65921733 0.01218362 0.01790756 0.04410249 
[1] "New improvement found, resetting step counter"
       step   negloglik          mu    sigma.sq          SE          vh 
2.000000000 8.372015754 0.631831773 0.011548070 0.018254891 0.003951957 
[1] "New improvement found, but slight; taking the best value, but not resetting the step counter"
        step    negloglik           mu     sigma.sq           SE           vh 
3.000000e+00 8.370928e+00 6.385740e-01 1.153088e-02 1.765472e-02 4.805572e-05 
        step    negloglik           mu     sigma.sq           SE           vh 
4.000000e+00 8.370928e+00 6.385740e-01 1.153088e-02 1.765472e-02 4.805572e-05 
[1] "Now starting analysis"
[1] "Starting with initial values"
       mu  sigma.sq        vh 
0.6515443 0.0820802 0.0410401 
      step  negloglik         mu   sigma.sq         vh 
 1.0000000 24.8038370  0.6515443  0.0820802  0.0410401 
      step  negloglik         mu   sigma.sq         vh 
 2.0000000 24.8038370  0.6515443  0.0820802  0.0410401 
      step  negloglik         mu   sigma.sq         vh 
 3.0000000 24.8038370  0.6515443  0.0820802  0.0410401 
[1] "Now starting analysis"
[1] "Starting with initial values"
       mu  sigma.sq        SE        bt 
0.6515443 0.0820802 0.0410401 1.0000000 
      step  negloglik         mu   sigma.sq         SE         bt 
1.00000000 8.37638545 0.64543040 0.01164536 0.01853601 1.01194556 
[1] "New improvement found, resetting step counter"
      step  negloglik         mu   sigma.sq         SE         bt 
2.00000000 8.24825212 0.77381641 0.01095099 0.01914722 0.76322391 
      step  negloglik         mu   sigma.sq         SE         bt 
3.00000000 8.24825212 0.77381641 0.01095099 0.01914722 0.76322391 
[1] "New improvement found, but slight; taking the best value, but not resetting the step counter"
      step  negloglik         mu   sigma.sq         SE         bt 
4.00000000 8.24578163 0.76112398 0.01128554 0.01897040 0.76131576 
[1] "Now starting analysis"
[1] "Starting with initial values"
       mu  sigma.sq        bt 
0.6515443 0.0820802 1.0000000 
      step  negloglik         mu   sigma.sq         bt 
 1.0000000 24.7931443  0.6515443  0.0820802  1.0000000 
      step  negloglik         mu   sigma.sq         bt 
 2.0000000 24.7931443  0.6515443  0.0820802  1.0000000 
      step  negloglik         mu   sigma.sq         bt 
 3.0000000 24.7931443  0.6515443  0.0820802  1.0000000 
[1] "Now starting analysis"
[1] "Starting with initial values"
       mu  sigma.sq        SE 
0.6515443 0.0820802 0.0410401 
      step  negloglik         mu   sigma.sq         SE 
1.00000000 8.37554319 0.65733047 0.01114040 0.01784911 
[1] "New improvement found, but slight; taking the best value, but not resetting the step counter"
      step  negloglik         mu   sigma.sq         SE 
2.00000000 8.36641597 0.64056368 0.01126422 0.01839235 
[1] "New improvement found, but slight; taking the best value, but not resetting the step counter"
      step  negloglik         mu   sigma.sq         SE 
3.00000000 8.36616198 0.63989004 0.01122245 0.01855026 
[1] "Now starting analysis"
[1] "Starting with initial values"
       mu  sigma.sq 
0.6515443 0.0820802 
      step  negloglik         mu   sigma.sq 
 1.0000000 24.7931443  0.6515443  0.0820802 
      step  negloglik         mu   sigma.sq 
 2.0000000 24.7931443  0.6515443  0.0820802 
      step  negloglik         mu   sigma.sq 
 3.0000000 24.7931443  0.6515443  0.0820802 
