[1] "args"
[1] "66"   "1182"
[1] "Now starting analysis"
[1] "Starting with initial values"
         mu    sigma.sq          SE          bt          vh 
1.395344636 0.010139927 0.005069963 1.000000000 0.005069963 
         step     negloglik            mu      sigma.sq            SE 
 1.000000e+00 -1.188339e+01  1.393841e+00  1.026065e-02  2.338554e-06 
           bt            vh 
 1.109676e+00  3.326316e-02 
[1] "New improvement found, resetting step counter"
         step     negloglik            mu      sigma.sq            SE 
 2.000000e+00 -1.192565e+01  1.387093e+00  1.026178e-02  6.084143e-06 
           bt            vh 
 1.097046e+00  3.936506e-03 
         step     negloglik            mu      sigma.sq            SE 
 3.000000e+00 -1.192565e+01  1.387093e+00  1.026178e-02  6.084143e-06 
           bt            vh 
 1.097046e+00  3.936506e-03 
         step     negloglik            mu      sigma.sq            SE 
 4.000000e+00 -1.192565e+01  1.387093e+00  1.026178e-02  6.084143e-06 
           bt            vh 
 1.097046e+00  3.936506e-03 
[1] "Now starting analysis"
[1] "Starting with initial values"
         mu    sigma.sq          bt          vh 
1.395344636 0.010139927 1.000000000 0.005069963 
         step     negloglik            mu      sigma.sq            bt 
  1.000000000 -11.939916233   1.353032852   0.010146753   1.092589700 
           vh 
  0.001729985 
         step     negloglik            mu      sigma.sq            bt 
  2.000000000 -11.939916233   1.353032852   0.010146753   1.092589700 
           vh 
  0.001729985 
         step     negloglik            mu      sigma.sq            bt 
  3.000000000 -11.939916233   1.353032852   0.010146753   1.092589700 
           vh 
  0.001729985 
[1] "Now starting analysis"
[1] "Starting with initial values"
         mu    sigma.sq          SE          vh 
1.395344636 0.010139927 0.005069963 0.005069963 
         step     negloglik            mu      sigma.sq            SE 
 1.000000e+00 -1.185635e+01  1.472878e+00  1.014086e-02  1.144709e-06 
           vh 
 4.365020e-02 
[1] "New improvement found, resetting step counter"
         step     negloglik            mu      sigma.sq            SE 
 2.000000e+00 -1.192075e+01  1.408114e+00  1.014211e-02  4.847142e-06 
           vh 
 8.997101e-03 
         step     negloglik            mu      sigma.sq            SE 
 3.000000e+00 -1.192075e+01  1.408114e+00  1.014211e-02  4.847142e-06 
           vh 
 8.997101e-03 
[1] "New improvement found, but slight; taking the best value, but not resetting the step counter"
         step     negloglik            mu      sigma.sq            SE 
 4.000000e+00 -1.192389e+01  1.383522e+00  1.054088e-02  1.874011e-06 
           vh 
 2.086069e-03 
[1] "Now starting analysis"
[1] "Starting with initial values"
         mu    sigma.sq          vh 
1.395344636 0.010139927 0.005069963 
         step     negloglik            mu      sigma.sq            vh 
  1.000000000 -11.931455992   1.395344636   0.010139927   0.005069963 
         step     negloglik            mu      sigma.sq            vh 
  2.000000000 -11.931455992   1.395344636   0.010139927   0.005069963 
         step     negloglik            mu      sigma.sq            vh 
  3.000000000 -11.931455992   1.395344636   0.010139927   0.005069963 
[1] "Now starting analysis"
[1] "Starting with initial values"
         mu    sigma.sq          SE          bt 
1.395344636 0.010139927 0.005069963 1.000000000 
         step     negloglik            mu      sigma.sq            SE 
 1.000000e+00 -1.193095e+01  1.393209e+00  9.926028e-03  3.972478e-06 
           bt 
 1.088098e+00 
[1] "New improvement found, but slight; taking the best value, but not resetting the step counter"
         step     negloglik            mu      sigma.sq            SE 
 2.000000e+00 -1.193573e+01  1.354658e+00  9.926898e-03  6.526539e-06 
           bt 
 1.079072e+00 
         step     negloglik            mu      sigma.sq            SE 
 3.000000e+00 -1.193573e+01  1.354658e+00  9.926898e-03  6.526539e-06 
           bt 
 1.079072e+00 
[1] "Now starting analysis"
[1] "Starting with initial values"
        mu   sigma.sq         bt 
1.39534464 0.01013993 1.00000000 
        step    negloglik           mu     sigma.sq           bt 
  1.00000000 -11.94145552   1.34887857   0.01000366   1.09306840 
        step    negloglik           mu     sigma.sq           bt 
  2.00000000 -11.94145552   1.34887857   0.01000366   1.09306840 
        step    negloglik           mu     sigma.sq           bt 
  3.00000000 -11.94145552   1.34887857   0.01000366   1.09306840 
[1] "Now starting analysis"
[1] "Starting with initial values"
         mu    sigma.sq          SE 
1.395344636 0.010139927 0.005069963 
         step     negloglik            mu      sigma.sq            SE 
 1.000000e+00 -1.191754e+01  1.376699e+00  1.025562e-02  2.906398e-05 
[1] "New improvement found, resetting step counter"
         step     negloglik            mu      sigma.sq            SE 
 2.000000e+00 -1.193523e+01  1.376714e+00  1.024876e-02  4.925810e-06 
         step     negloglik            mu      sigma.sq            SE 
 3.000000e+00 -1.193523e+01  1.376714e+00  1.024876e-02  4.925810e-06 
         step     negloglik            mu      sigma.sq            SE 
 4.000000e+00 -1.193523e+01  1.376714e+00  1.024876e-02  4.925810e-06 
[1] "Now starting analysis"
[1] "Starting with initial values"
        mu   sigma.sq 
1.39534464 0.01013993 
        step    negloglik           mu     sigma.sq 
  1.00000000 -11.93909938   1.39534464   0.01013993 
        step    negloglik           mu     sigma.sq 
  2.00000000 -11.93909938   1.39534464   0.01013993 
        step    negloglik           mu     sigma.sq 
  3.00000000 -11.93909938   1.39534464   0.01013993 
