[1] "args"
[1] "66"   "1425"
[1] "Now starting analysis"
[1] "Starting with initial values"
       mu  sigma.sq        SE        bt        vh 
1.4196491 0.2519023 0.1259512 1.0000000 0.1259512 
       step   negloglik          mu    sigma.sq          SE          bt 
 1.00000000 56.69647174  0.95832082  0.00960649  0.08528188  0.99098443 
         vh 
 1.00907674 
[1] "New improvement found, resetting step counter"
        step    negloglik           mu     sigma.sq           SE           bt 
 2.000000000 50.615424051  0.184447911  0.009823648  0.073541361  2.545543343 
          vh 
 0.005627723 
        step    negloglik           mu     sigma.sq           SE           bt 
 3.000000000 50.615424051  0.184447911  0.009823648  0.073541361  2.545543343 
          vh 
 0.005627723 
        step    negloglik           mu     sigma.sq           SE           bt 
 4.000000000 50.615424051  0.184447911  0.009823648  0.073541361  2.545543343 
          vh 
 0.005627723 
[1] "Now starting analysis"
[1] "Starting with initial values"
       mu  sigma.sq        bt        vh 
1.4196491 0.2519023 1.0000000 0.1259512 
        step    negloglik           mu     sigma.sq           bt           vh 
  1.00000000 121.75511240   0.99091907   0.25243521   2.43222406   0.03244856 
        step    negloglik           mu     sigma.sq           bt           vh 
  2.00000000 121.75511240   0.99091907   0.25243521   2.43222406   0.03244856 
        step    negloglik           mu     sigma.sq           bt           vh 
  3.00000000 121.75511240   0.99091907   0.25243521   2.43222406   0.03244856 
[1] "Now starting analysis"
[1] "Starting with initial values"
       mu  sigma.sq        SE        vh 
1.4196491 0.2519023 0.1259512 0.1259512 
       step   negloglik          mu    sigma.sq          SE          vh 
 1.00000000 60.87150212  1.73213626  0.01484387  0.06908759  0.29914876 
[1] "New improvement found, resetting step counter"
        step    negloglik           mu     sigma.sq           SE           vh 
 2.000000000 56.139469268  0.496305750  0.009845168  0.085025382  1.475493749 
        step    negloglik           mu     sigma.sq           SE           vh 
 3.000000000 56.139469268  0.496305750  0.009845168  0.085025382  1.475493749 
        step    negloglik           mu     sigma.sq           SE           vh 
 4.000000000 56.139469268  0.496305750  0.009845168  0.085025382  1.475493749 
[1] "Now starting analysis"
[1] "Starting with initial values"
       mu  sigma.sq        vh 
1.4196491 0.2519023 0.1259512 
       step   negloglik          mu    sigma.sq          vh 
  1.0000000 123.0892408   1.5616141   0.2519023   0.1259512 
[1] "New improvement found, but slight; taking the best value, but not resetting the step counter"
       step   negloglik          mu    sigma.sq          vh 
  2.0000000 123.0867525   1.7177755   0.2519023   0.1259512 
       step   negloglik          mu    sigma.sq          vh 
  3.0000000 123.0867525   1.7177755   0.2519023   0.1259512 
[1] "Now starting analysis"
[1] "Starting with initial values"
       mu  sigma.sq        SE        bt 
1.4196491 0.2519023 0.1259512 1.0000000 
       step   negloglik          mu    sigma.sq          SE          bt 
 1.00000000 60.72571507  1.41783371  0.01640001  0.09971652  1.37980638 
[1] "New improvement found, resetting step counter"
        step    negloglik           mu     sigma.sq           SE           bt 
 2.000000000 50.256707909  0.427560335  0.008506935  0.091111180  2.615999786 
        step    negloglik           mu     sigma.sq           SE           bt 
 3.000000000 50.256707909  0.427560335  0.008506935  0.091111180  2.615999786 
[1] "New improvement found, but slight; taking the best value, but not resetting the step counter"
       step   negloglik          mu    sigma.sq          SE          bt 
 4.00000000 50.25573903  0.34291055  0.00871622  0.09095200  2.60423145 
[1] "Now starting analysis"
[1] "Starting with initial values"
       mu  sigma.sq        bt 
1.4196491 0.2519023 1.0000000 
       step   negloglik          mu    sigma.sq          bt 
  1.0000000 121.9098204   1.0943129   0.2341567   1.9523480 
[1] "New improvement found, resetting step counter"
       step   negloglik          mu    sigma.sq          bt 
  2.0000000 121.8296353   1.1512564   0.2585611   2.0092914 
[1] "New improvement found, resetting step counter"
       step   negloglik          mu    sigma.sq          bt 
  3.0000000 121.7881415   0.8024207   0.2544147   2.0103333 
[1] "New improvement found, resetting step counter"
       step   negloglik          mu    sigma.sq          bt 
  4.0000000 121.7721821   0.7587178   0.2550735   2.0675846 
       step   negloglik          mu    sigma.sq          bt 
  5.0000000 121.7721821   0.7587178   0.2550735   2.0675846 
       step   negloglik          mu    sigma.sq          bt 
  6.0000000 121.7721821   0.7587178   0.2550735   2.0675846 
[1] "Now starting analysis"
[1] "Starting with initial values"
       mu  sigma.sq        SE 
1.4196491 0.2519023 0.1259512 
       step   negloglik          mu    sigma.sq          SE 
 1.00000000 67.65319622  2.08069019  0.02799110  0.07123727 
[1] "New improvement found, resetting step counter"
       step   negloglik          mu    sigma.sq          SE 
 2.00000000 67.47838424  1.73569998  0.02857751  0.06706789 
       step   negloglik          mu    sigma.sq          SE 
 3.00000000 67.47838424  1.73569998  0.02857751  0.06706789 
       step   negloglik          mu    sigma.sq          SE 
 4.00000000 67.47838424  1.73569998  0.02857751  0.06706789 
[1] "Now starting analysis"
[1] "Starting with initial values"
       mu  sigma.sq 
1.4196491 0.2519023 
       step   negloglik          mu    sigma.sq 
  1.0000000 123.0754574   1.5616141   0.2519023 
[1] "New improvement found, but slight; taking the best value, but not resetting the step counter"
       step   negloglik          mu    sigma.sq 
  2.0000000 123.0707377   1.7177755   0.2519023 
       step   negloglik          mu    sigma.sq 
  3.0000000 123.0707377   1.7177755   0.2519023 
