[1] "args"
[1] "66" "77"
[1] "Now starting analysis"
[1] "Starting with initial values"
         mu    sigma.sq          SE          bt          vh 
1.041653497 0.018535512 0.009267756 1.000000000 0.009267756 
         step     negloglik            mu      sigma.sq            SE 
 1.000000e+00 -4.930060e+01  1.117228e+00  6.392692e-03  2.623180e-07 
           bt            vh 
 9.370231e-01  5.645313e-02 
[1] "New improvement found, resetting step counter"
         step     negloglik            mu      sigma.sq            SE 
 2.000000e+00 -4.932307e+01  1.184250e+00  6.392783e-03  7.000927e-07 
           bt            vh 
 9.272394e-01  4.391543e-02 
         step     negloglik            mu      sigma.sq            SE 
 3.000000e+00 -4.932307e+01  1.184250e+00  6.392783e-03  7.000927e-07 
           bt            vh 
 9.272394e-01  4.391543e-02 
         step     negloglik            mu      sigma.sq            SE 
 4.000000e+00 -4.932307e+01  1.184250e+00  6.392783e-03  7.000927e-07 
           bt            vh 
 9.272394e-01  4.391543e-02 
[1] "Now starting analysis"
[1] "Starting with initial values"
         mu    sigma.sq          bt          vh 
1.041653497 0.018535512 1.000000000 0.009267756 
         step     negloglik            mu      sigma.sq            bt 
  1.000000000 -49.248665305   1.064381498   0.006517712   0.949592696 
           vh 
  0.057388023 
[1] "New improvement found, resetting step counter"
         step     negloglik            mu      sigma.sq            bt 
  2.000000000 -49.324686687   1.216428289   0.006427464   0.929548020 
           vh 
  0.039524740 
         step     negloglik            mu      sigma.sq            bt 
  3.000000000 -49.324686687   1.216428289   0.006427464   0.929548020 
           vh 
  0.039524740 
[1] "New improvement found, but slight; taking the best value, but not resetting the step counter"
         step     negloglik            mu      sigma.sq            bt 
  4.000000000 -49.328224353   1.153521923   0.006330495   0.937041742 
           vh 
  0.047121043 
[1] "Now starting analysis"
[1] "Starting with initial values"
         mu    sigma.sq          SE          vh 
1.041653497 0.018535512 0.009267756 0.009267756 
         step     negloglik            mu      sigma.sq            SE 
 1.000000e+00 -4.910211e+01  1.108670e+00  6.314547e-03  1.488815e-07 
           vh 
 3.864053e-02 
         step     negloglik            mu      sigma.sq            SE 
 2.000000e+00 -4.910211e+01  1.108670e+00  6.314547e-03  1.488815e-07 
           vh 
 3.864053e-02 
         step     negloglik            mu      sigma.sq            SE 
 3.000000e+00 -4.910211e+01  1.108670e+00  6.314547e-03  1.488815e-07 
           vh 
 3.864053e-02 
[1] "Now starting analysis"
[1] "Starting with initial values"
         mu    sigma.sq          vh 
1.041653497 0.018535512 0.009267756 
         step     negloglik            mu      sigma.sq            vh 
  1.000000000 -49.128891467   1.086118493   0.006392617   0.051156396 
         step     negloglik            mu      sigma.sq            vh 
  2.000000000 -49.128891467   1.086118493   0.006392617   0.051156396 
         step     negloglik            mu      sigma.sq            vh 
  3.000000000 -49.128891467   1.086118493   0.006392617   0.051156396 
[1] "Now starting analysis"
[1] "Starting with initial values"
         mu    sigma.sq          SE          bt 
1.041653497 0.018535512 0.009267756 1.000000000 
         step     negloglik            mu      sigma.sq            SE 
 1.000000e+00 -4.981843e+01  1.208541e+00  6.838399e-03  3.409462e-07 
           bt 
 1.025490e+00 
[1] "New improvement found, resetting step counter"
         step     negloglik            mu      sigma.sq            SE 
 2.000000e+00 -4.987750e+01  1.141505e+00  6.838344e-03  1.599223e-07 
           bt 
 1.025490e+00 
         step     negloglik            mu      sigma.sq            SE 
 3.000000e+00 -4.987750e+01  1.141505e+00  6.838344e-03  1.599223e-07 
           bt 
 1.025490e+00 
         step     negloglik            mu      sigma.sq            SE 
 4.000000e+00 -4.987750e+01  1.141505e+00  6.838344e-03  1.599223e-07 
           bt 
 1.025490e+00 
[1] "Now starting analysis"
[1] "Starting with initial values"
        mu   sigma.sq         bt 
1.04165350 0.01853551 1.00000000 
         step     negloglik            mu      sigma.sq            bt 
  1.000000000 -49.850317973   1.111675540   0.007049651   1.019501648 
[1] "New improvement found, resetting step counter"
         step     negloglik            mu      sigma.sq            bt 
  2.000000000 -49.879296526   1.069740410   0.006898821   1.029411034 
         step     negloglik            mu      sigma.sq            bt 
  3.000000000 -49.879296526   1.069740410   0.006898821   1.029411034 
         step     negloglik            mu      sigma.sq            bt 
  4.000000000 -49.879296526   1.069740410   0.006898821   1.029411034 
[1] "Now starting analysis"
[1] "Starting with initial values"
         mu    sigma.sq          SE 
1.041653497 0.018535512 0.009267756 
         step     negloglik            mu      sigma.sq            SE 
 1.000000e+00 -4.935173e+01  1.153280e+00  6.870023e-03  4.883843e-07 
         step     negloglik            mu      sigma.sq            SE 
 2.000000e+00 -4.935173e+01  1.153280e+00  6.870023e-03  4.883843e-07 
         step     negloglik            mu      sigma.sq            SE 
 3.000000e+00 -4.935173e+01  1.153280e+00  6.870023e-03  4.883843e-07 
[1] "Now starting analysis"
[1] "Starting with initial values"
        mu   sigma.sq 
1.04165350 0.01853551 
         step     negloglik            mu      sigma.sq 
  1.000000000 -49.375404642   1.124482243   0.007091565 
         step     negloglik            mu      sigma.sq 
  2.000000000 -49.375404642   1.124482243   0.007091565 
         step     negloglik            mu      sigma.sq 
  3.000000000 -49.375404642   1.124482243   0.007091565 
