[1] "args"
[1] "66" "44"
[1] "Now starting analysis"
[1] "Starting with initial values"
        mu   sigma.sq         SE         bt         vh 
2.06822088 0.10041118 0.05020559 1.00000000 0.05020559 
        step    negloglik           mu     sigma.sq           SE           bt 
 1.000000000 11.532833834  0.183018062  0.005281807  0.065299495  3.341407292 
          vh 
 0.296478398 
[1] "New improvement found, resetting step counter"
        step    negloglik           mu     sigma.sq           SE           bt 
 2.000000000 10.799116160 -0.733836224  0.004716096  0.064518729  3.550399952 
          vh 
 0.126688098 
[1] "New improvement found, resetting step counter"
        step    negloglik           mu     sigma.sq           SE           bt 
 3.000000000 10.577566374 -0.520305841  0.006297629  0.060892003  2.929740185 
          vh 
 0.099421366 
[1] "New improvement found, resetting step counter"
        step    negloglik           mu     sigma.sq           SE           bt 
 4.000000000 10.513601928 -0.437408962  0.004908547  0.061900219  2.834334324 
          vh 
 0.089980507 
        step    negloglik           mu     sigma.sq           SE           bt 
 5.000000000 10.513601928 -0.437408962  0.004908547  0.061900219  2.834334324 
          vh 
 0.089980507 
[1] "New improvement found, resetting step counter"
        step    negloglik           mu     sigma.sq           SE           bt 
 6.000000000 10.501224375 -0.375069414  0.005145083  0.064456996  2.883319901 
          vh 
 0.094712275 
        step    negloglik           mu     sigma.sq           SE           bt 
 7.000000000 10.501224375 -0.375069414  0.005145083  0.064456996  2.883319901 
          vh 
 0.094712275 
        step    negloglik           mu     sigma.sq           SE           bt 
 8.000000000 10.501224375 -0.375069414  0.005145083  0.064456996  2.883319901 
          vh 
 0.094712275 
[1] "Now starting analysis"
[1] "Starting with initial values"
        mu   sigma.sq         bt         vh 
2.06822088 0.10041118 1.00000000 0.05020559 
        step    negloglik           mu     sigma.sq           bt           vh 
 1.000000000 23.473785722 -0.539443606  0.095031637  3.302592648  0.007893428 
[1] "New improvement found, but slight; taking the best value, but not resetting the step counter"
       step   negloglik          mu    sigma.sq          bt          vh 
 2.00000000 23.46823663 -0.45764403  0.09554418  2.99736964  0.01483692 
