000 (066.119.000) 07/26 17:14:45 Job submitted from host: <160.36.155.106:9618?addrs=160.36.155.106-9618&noUDP&sock=27742_4872_4>
...
001 (066.119.000) 07/26 17:14:54 Job executing on host: <10.128.147.77:9618?addrs=10.128.147.77-9618&noUDP&sock=69960_51c7_4>
...
006 (066.119.000) 07/26 17:15:02 Image size of job updated: 243380
	238  -  MemoryUsage of job (MB)
	243380  -  ResidentSetSize of job (KB)
...
006 (066.119.000) 07/26 17:20:02 Image size of job updated: 246552
	241  -  MemoryUsage of job (MB)
	246552  -  ResidentSetSize of job (KB)
...
006 (066.119.000) 07/26 17:30:04 Image size of job updated: 246568
	241  -  MemoryUsage of job (MB)
	246568  -  ResidentSetSize of job (KB)
...
006 (066.119.000) 07/28 02:18:29 Image size of job updated: 246572
	241  -  MemoryUsage of job (MB)
	246568  -  ResidentSetSize of job (KB)
...
006 (066.119.000) 07/28 13:09:34 Image size of job updated: 248356
	243  -  MemoryUsage of job (MB)
	248352  -  ResidentSetSize of job (KB)
...
006 (066.119.000) 07/28 21:35:25 Image size of job updated: 249304
	244  -  MemoryUsage of job (MB)
	249300  -  ResidentSetSize of job (KB)
...
006 (066.119.000) 07/31 07:14:32 Image size of job updated: 455656
	244  -  MemoryUsage of job (MB)
	249300  -  ResidentSetSize of job (KB)
...
005 (066.119.000) 07/31 07:14:32 Job terminated.
	(1) Normal termination (return value 0)
		Usr 4 13:49:03, Sys 0 00:00:45  -  Run Remote Usage
		Usr 0 00:00:00, Sys 0 00:00:00  -  Run Local Usage
		Usr 4 13:49:03, Sys 0 00:00:45  -  Total Remote Usage
		Usr 0 00:00:00, Sys 0 00:00:00  -  Total Local Usage
	32398  -  Run Bytes Sent By Job
	2422  -  Run Bytes Received By Job
	32398  -  Total Bytes Sent By Job
	2422  -  Total Bytes Received By Job
	Partitionable Resources :    Usage  Request Allocated 
	   Cpus                 :     1.00        1         1 
	   Disk (KB)            :    49           4    888417 
	   Memory (MB)          :   244           1       128 
...
