[1] "args"
[1] "66"  "954"
[1] "Now starting analysis"
[1] "Starting with initial values"
         mu    sigma.sq          SE          bt          vh 
0.913987725 0.015307082 0.007653541 1.000000000 0.007653541 
        step    negloglik           mu     sigma.sq           SE           bt 
1.000000e+00 4.046347e+00 8.690738e-01 1.452779e-02 1.190025e-05 1.135135e+00 
          vh 
6.439227e-01 
[1] "New improvement found, resetting step counter"
        step    negloglik           mu     sigma.sq           SE           bt 
2.0000000000 2.5591939728 0.8580236391 0.0147936333 0.0004733097 2.5872350407 
          vh 
0.0002382557 
[1] "New improvement found, resetting step counter"
        step    negloglik           mu     sigma.sq           SE           bt 
3.0000000000 2.4842247848 1.0425816262 0.0154107349 0.0001190807 2.3823007337 
          vh 
0.0001374170 
[1] "New improvement found, resetting step counter"
        step    negloglik           mu     sigma.sq           SE           bt 
4.000000e+00 2.402351e+00 8.159415e-01 1.378146e-02 9.852115e-07 2.381461e+00 
          vh 
2.583304e-04 
        step    negloglik           mu     sigma.sq           SE           bt 
5.000000e+00 2.402351e+00 8.159415e-01 1.378146e-02 9.852115e-07 2.381461e+00 
          vh 
2.583304e-04 
        step    negloglik           mu     sigma.sq           SE           bt 
6.000000e+00 2.402351e+00 8.159415e-01 1.378146e-02 9.852115e-07 2.381461e+00 
          vh 
2.583304e-04 
[1] "Now starting analysis"
[1] "Starting with initial values"
         mu    sigma.sq          bt          vh 
0.913987725 0.015307082 1.000000000 0.007653541 
        step    negloglik           mu     sigma.sq           bt           vh 
1.000000e+00 2.373938e+00 8.482581e-01 1.431748e-02 2.530131e+00 2.573878e-05 
[1] "New improvement found, but slight; taking the best value, but not resetting the step counter"
        step    negloglik           mu     sigma.sq           bt           vh 
2.000000e+00 2.365187e+00 9.058015e-01 1.430907e-02 2.509511e+00 6.004862e-05 
        step    negloglik           mu     sigma.sq           bt           vh 
3.000000e+00 2.365187e+00 9.058015e-01 1.430907e-02 2.509511e+00 6.004862e-05 
[1] "Now starting analysis"
[1] "Starting with initial values"
         mu    sigma.sq          SE          vh 
0.913987725 0.015307082 0.007653541 0.007653541 
        step    negloglik           mu     sigma.sq           SE           vh 
1.000000e+00 4.200629e+00 8.135339e-01 1.518643e-02 3.916403e-07 7.695826e-01 
[1] "New improvement found, resetting step counter"
        step    negloglik           mu     sigma.sq           SE           vh 
2.000000e+00 4.184743e+00 8.948873e-01 1.518643e-02 3.916403e-07 7.695826e-01 
        step    negloglik           mu     sigma.sq           SE           vh 
3.000000e+00 4.184743e+00 8.948873e-01 1.518643e-02 3.916403e-07 7.695826e-01 
        step    negloglik           mu     sigma.sq           SE           vh 
4.000000e+00 4.184743e+00 8.948873e-01 1.518643e-02 3.916403e-07 7.695826e-01 
[1] "Now starting analysis"
[1] "Starting with initial values"
         mu    sigma.sq          vh 
0.913987725 0.015307082 0.007653541 
      step  negloglik         mu   sigma.sq         vh 
1.00000000 4.18228802 0.90817293 0.01481639 0.79447709 
      step  negloglik         mu   sigma.sq         vh 
2.00000000 4.18228802 0.90817293 0.01481639 0.79447709 
      step  negloglik         mu   sigma.sq         vh 
3.00000000 4.18228802 0.90817293 0.01481639 0.79447709 
[1] "Now starting analysis"
[1] "Starting with initial values"
         mu    sigma.sq          SE          bt 
0.913987725 0.015307082 0.007653541 1.000000000 
        step    negloglik           mu     sigma.sq           SE           bt 
1.000000e+00 4.630713e+00 3.809648e-01 2.171343e-02 2.200685e-06 1.713281e+00 
[1] "New improvement found, resetting step counter"
        step    negloglik           mu     sigma.sq           SE           bt 
2.000000e+00 3.481936e+00 9.066979e-01 2.174106e-02 1.472945e-06 2.411319e+00 
        step    negloglik           mu     sigma.sq           SE           bt 
3.000000e+00 3.481936e+00 9.066979e-01 2.174106e-02 1.472945e-06 2.411319e+00 
[1] "New improvement found, resetting step counter"
        step    negloglik           mu     sigma.sq           SE           bt 
4.000000e+00 3.222022e+00 9.023059e-01 2.058546e-02 3.645654e-06 2.399721e+00 
        step    negloglik           mu     sigma.sq           SE           bt 
5.000000e+00 3.222022e+00 9.023059e-01 2.058546e-02 3.645654e-06 2.399721e+00 
[1] "New improvement found, resetting step counter"
        step    negloglik           mu     sigma.sq           SE           bt 
6.000000e+00 2.889225e+00 9.085328e-01 1.898803e-02 1.435038e-06 2.485749e+00 
[1] "New improvement found, resetting step counter"
        step    negloglik           mu     sigma.sq           SE           bt 
7.000000e+00 2.877877e+00 9.054467e-01 1.893215e-02 2.124372e-06 2.463634e+00 
[1] "New improvement found, but slight; taking the best value, but not resetting the step counter"
        step    negloglik           mu     sigma.sq           SE           bt 
8.000000e+00 2.869261e+00 8.765667e-01 1.887962e-02 3.069775e-06 2.469766e+00 
[1] "New improvement found, resetting step counter"
        step    negloglik           mu     sigma.sq           SE           bt 
9.000000e+00 2.568822e+00 8.745097e-01 1.706218e-02 9.223914e-07 2.483486e+00 
[1] "New improvement found, resetting step counter"
        step    negloglik           mu     sigma.sq           SE           bt 
1.000000e+01 2.502594e+00 9.117773e-01 1.651364e-02 1.134210e-05 2.418564e+00 
        step    negloglik           mu     sigma.sq           SE           bt 
1.100000e+01 2.502594e+00 9.117773e-01 1.651364e-02 1.134210e-05 2.418564e+00 
        step    negloglik           mu     sigma.sq           SE           bt 
1.200000e+01 2.502594e+00 9.117773e-01 1.651364e-02 1.134210e-05 2.418564e+00 
[1] "Now starting analysis"
[1] "Starting with initial values"
        mu   sigma.sq         bt 
0.91398773 0.01530708 1.00000000 
      step  negloglik         mu   sigma.sq         bt 
1.00000000 2.36070170 0.89819718 0.01447416 2.45220660 
      step  negloglik         mu   sigma.sq         bt 
2.00000000 2.36070170 0.89819718 0.01447416 2.45220660 
      step  negloglik         mu   sigma.sq         bt 
3.00000000 2.36070170 0.89819718 0.01447416 2.45220660 
[1] "Now starting analysis"
[1] "Starting with initial values"
         mu    sigma.sq          SE 
0.913987725 0.015307082 0.007653541 
        step    negloglik           mu     sigma.sq           SE 
1.000000e+00 8.206079e+00 1.001034e+00 2.119557e-02 9.974970e-06 
[1] "New improvement found, but slight; taking the best value, but not resetting the step counter"
        step    negloglik           mu     sigma.sq           SE 
2.000000e+00 8.199054e+00 9.398641e-01 2.119355e-02 2.842604e-06 
        step    negloglik           mu     sigma.sq           SE 
3.000000e+00 8.199054e+00 9.398641e-01 2.119355e-02 2.842604e-06 
[1] "Now starting analysis"
[1] "Starting with initial values"
        mu   sigma.sq 
0.91398773 0.01530708 
      step  negloglik         mu   sigma.sq 
1.00000000 8.19854168 0.92815826 0.02120151 
      step  negloglik         mu   sigma.sq 
2.00000000 8.19854168 0.92815826 0.02120151 
      step  negloglik         mu   sigma.sq 
3.00000000 8.19854168 0.92815826 0.02120151 
