000 (066.909.000) 07/26 17:14:46 Job submitted from host: <160.36.155.106:9618?addrs=160.36.155.106-9618&noUDP&sock=27742_4872_4>
...
012 (066.909.000) 08/03 14:16:46 Job was held.
	via condor_hold (by user bomeara)
	Code 1 Subcode 0
...
013 (066.909.000) 08/05 22:27:32 Job was released.
	via condor_release (by user bomeara)
...
012 (066.909.000) 08/09 10:35:31 Job was held.
	via condor_hold (by user bomeara)
	Code 1 Subcode 0
...
013 (066.909.000) 08/09 13:04:51 Job was released.
	via condor_release (by user bomeara)
...
001 (066.909.000) 08/12 21:51:03 Job executing on host: <10.128.121.58:9618?addrs=10.128.121.58-9618&noUDP&sock=2361_0731_4>
...
006 (066.909.000) 08/12 21:51:11 Image size of job updated: 242728
	238  -  MemoryUsage of job (MB)
	242728  -  ResidentSetSize of job (KB)
...
006 (066.909.000) 08/12 22:06:13 Image size of job updated: 249644
	244  -  MemoryUsage of job (MB)
	249644  -  ResidentSetSize of job (KB)
...
006 (066.909.000) 08/12 22:41:16 Image size of job updated: 249660
	244  -  MemoryUsage of job (MB)
	249660  -  ResidentSetSize of job (KB)
...
001 (066.909.000) 08/15 11:26:14 Job executing on host: <10.128.121.58:9618?addrs=10.128.121.58-9618&noUDP&sock=2361_0731_4>
...
005 (066.909.000) 08/27 18:17:35 Job terminated.
	(1) Normal termination (return value 0)
		Usr 12 06:26:52, Sys 0 00:01:48  -  Run Remote Usage
		Usr 0 00:00:00, Sys 0 00:00:00  -  Run Local Usage
		Usr 12 06:26:52, Sys 0 00:01:48  -  Total Remote Usage
		Usr 0 00:00:00, Sys 0 00:00:00  -  Total Local Usage
	31352  -  Run Bytes Sent By Job
	2422  -  Run Bytes Received By Job
	31352  -  Total Bytes Sent By Job
	4844  -  Total Bytes Received By Job
	Partitionable Resources :    Usage  Request Allocated 
	   Cpus                 :     0.99        1         1 
	   Disk (KB)            :    49          75    888433 
	   Memory (MB)          :   245         245       256 
...
