[1] "args"
[1] "66"   "1000"
[1] "Now starting analysis"
[1] "Starting with initial values"
        mu   sigma.sq         SE         bt         vh 
0.64967278 0.16603686 0.08301843 1.00000000 0.08301843 
        step    negloglik           mu     sigma.sq           SE           bt 
1.000000e+00 1.906168e+01 7.034277e-01 6.916865e-06 1.129097e-01 1.002952e+00 
          vh 
4.957497e-01 
[1] "New improvement found, but slight; taking the best value, but not resetting the step counter"
        step    negloglik           mu     sigma.sq           SE           bt 
2.000000e+00 1.905779e+01 7.033807e-01 2.781833e-06 1.125083e-01 1.001518e+00 
          vh 
5.071238e-01 
        step    negloglik           mu     sigma.sq           SE           bt 
3.000000e+00 1.905779e+01 7.033807e-01 2.781833e-06 1.125083e-01 1.001518e+00 
          vh 
5.071238e-01 
[1] "Now starting analysis"
[1] "Starting with initial values"
        mu   sigma.sq         bt         vh 
0.64967278 0.16603686 1.00000000 0.08301843 
      step  negloglik         mu   sigma.sq         bt         vh 
 1.0000000 38.9878959  0.4032226  0.1635233  1.0212857  0.4184281 
[1] "New improvement found, but slight; taking the best value, but not resetting the step counter"
      step  negloglik         mu   sigma.sq         bt         vh 
 2.0000000 38.9832313  0.5053512  0.1635233  1.0212857  0.4184281 
      step  negloglik         mu   sigma.sq         bt         vh 
 3.0000000 38.9832313  0.5053512  0.1635233  1.0212857  0.4184281 
[1] "Now starting analysis"
[1] "Starting with initial values"
        mu   sigma.sq         SE         vh 
0.64967278 0.16603686 0.08301843 0.08301843 
        step    negloglik           mu     sigma.sq           SE           vh 
1.000000e+00 1.972432e+01 8.141381e-01 7.200358e-05 1.075884e-01 3.262883e-01 
[1] "New improvement found, resetting step counter"
        step    negloglik           mu     sigma.sq           SE           vh 
2.000000e+00 1.933746e+01 7.818841e-01 2.023604e-05 1.206811e-01 5.464602e-01 
        step    negloglik           mu     sigma.sq           SE           vh 
3.000000e+00 1.933746e+01 7.818841e-01 2.023604e-05 1.206811e-01 5.464602e-01 
[1] "New improvement found, resetting step counter"
        step    negloglik           mu     sigma.sq           SE           vh 
4.000000e+00 1.912416e+01 7.332291e-01 1.080133e-05 1.064510e-01 5.348998e-01 
[1] "New improvement found, resetting step counter"
        step    negloglik           mu     sigma.sq           SE           vh 
5.000000e+00 1.909356e+01 7.113622e-01 1.193525e-05 1.091723e-01 5.601376e-01 
        step    negloglik           mu     sigma.sq           SE           vh 
6.000000e+00 1.909356e+01 7.113622e-01 1.193525e-05 1.091723e-01 5.601376e-01 
        step    negloglik           mu     sigma.sq           SE           vh 
7.000000e+00 1.909356e+01 7.113622e-01 1.193525e-05 1.091723e-01 5.601376e-01 
[1] "Now starting analysis"
[1] "Starting with initial values"
        mu   sigma.sq         vh 
0.64967278 0.16603686 0.08301843 
      step  negloglik         mu   sigma.sq         vh 
 1.0000000 38.9901443  0.4505601  0.1690446  0.3795820 
[1] "New improvement found, but slight; taking the best value, but not resetting the step counter"
      step  negloglik         mu   sigma.sq         vh 
 2.0000000 38.9865754  0.4505601  0.1690446  0.4246380 
[1] "New improvement found, but slight; taking the best value, but not resetting the step counter"
      step  negloglik         mu   sigma.sq         vh 
 3.0000000 38.9847726  0.4962277  0.1598661  0.3999463 
[1] "Now starting analysis"
[1] "Starting with initial values"
        mu   sigma.sq         SE         bt 
0.64967278 0.16603686 0.08301843 1.00000000 
        step    negloglik           mu     sigma.sq           SE           bt 
1.000000e+00 2.390506e+01 5.963884e-01 7.196605e-05 2.319837e-01 9.905064e-01 
[1] "New improvement found, resetting step counter"
        step    negloglik           mu     sigma.sq           SE           bt 
2.000000e+00 2.378813e+01 7.122662e-01 2.174418e-05 2.369082e-01 9.797878e-01 
[1] "New improvement found, resetting step counter"
        step    negloglik           mu     sigma.sq           SE           bt 
3.000000e+00 2.377689e+01 6.659190e-01 2.412581e-05 2.357526e-01 1.003467e+00 
        step    negloglik           mu     sigma.sq           SE           bt 
4.000000e+00 2.377689e+01 6.659190e-01 2.412581e-05 2.357526e-01 1.003467e+00 
        step    negloglik           mu     sigma.sq           SE           bt 
5.000000e+00 2.377689e+01 6.659190e-01 2.412581e-05 2.357526e-01 1.003467e+00 
[1] "Now starting analysis"
[1] "Starting with initial values"
       mu  sigma.sq        bt 
0.6496728 0.1660369 1.0000000 
      step  negloglik         mu   sigma.sq         bt 
 1.0000000 39.7994637  0.6763703  0.1822406  0.9859568 
[1] "New improvement found, resetting step counter"
      step  negloglik         mu   sigma.sq         bt 
 2.0000000 39.7785037  0.7379926  0.1945650  0.9489834 
[1] "New improvement found, but slight; taking the best value, but not resetting the step counter"
      step  negloglik         mu   sigma.sq         bt 
 3.0000000 39.7767902  0.7074594  0.1940435  0.9398020 
      step  negloglik         mu   sigma.sq         bt 
 4.0000000 39.7767902  0.7074594  0.1940435  0.9398020 
[1] "Now starting analysis"
[1] "Starting with initial values"
        mu   sigma.sq         SE 
0.64967278 0.16603686 0.08301843 
        step    negloglik           mu     sigma.sq           SE 
1.000000e+00 2.380227e+01 6.456851e-01 5.727106e-05 2.501890e-01 
        step    negloglik           mu     sigma.sq           SE 
2.000000e+00 2.380227e+01 6.456851e-01 5.727106e-05 2.501890e-01 
[1] "New improvement found, resetting step counter"
        step    negloglik           mu     sigma.sq           SE 
3.000000e+00 2.378003e+01 6.692908e-01 2.635149e-05 2.491391e-01 
        step    negloglik           mu     sigma.sq           SE 
4.000000e+00 2.378003e+01 6.692908e-01 2.635149e-05 2.491391e-01 
        step    negloglik           mu     sigma.sq           SE 
5.000000e+00 2.378003e+01 6.692908e-01 2.635149e-05 2.491391e-01 
[1] "Now starting analysis"
[1] "Starting with initial values"
       mu  sigma.sq 
0.6496728 0.1660369 
      step  negloglik         mu   sigma.sq 
 1.0000000 39.8104419  0.6415519  0.1822787 
      step  negloglik         mu   sigma.sq 
 2.0000000 39.8104419  0.6415519  0.1822787 
[1] "New improvement found, but slight; taking the best value, but not resetting the step counter"
      step  negloglik         mu   sigma.sq 
 3.0000000 39.8100783  0.6261047  0.1822682 
