[1] "args"
[1] "66"   "1447"
[1] "Now starting analysis"
[1] "Starting with initial values"
         mu    sigma.sq          SE          bt          vh 
1.095379355 0.011489142 0.005744571 1.000000000 0.005744571 
         step     negloglik            mu      sigma.sq            SE 
 1.000000e+00 -3.266026e+01  5.000629e-01  1.082739e-02  6.073073e-07 
           bt            vh 
 1.343972e+00  5.622999e-01 
[1] "New improvement found, resetting step counter"
         step     negloglik            mu      sigma.sq            SE 
 2.000000e+00 -3.382003e+01  6.620326e-01  1.084255e-02  4.960839e-05 
           bt            vh 
 3.202860e+00  1.686439e-02 
[1] "New improvement found, resetting step counter"
         step     negloglik            mu      sigma.sq            SE 
 3.000000e+00 -3.416231e+01  6.353513e-01  1.087077e-02  1.601311e-05 
           bt            vh 
 3.995792e+00  4.384019e-03 
         step     negloglik            mu      sigma.sq            SE 
 4.000000e+00 -3.416231e+01  6.353513e-01  1.087077e-02  1.601311e-05 
           bt            vh 
 3.995792e+00  4.384019e-03 
         step     negloglik            mu      sigma.sq            SE 
 5.000000e+00 -3.416231e+01  6.353513e-01  1.087077e-02  1.601311e-05 
           bt            vh 
 3.995792e+00  4.384019e-03 
[1] "Now starting analysis"
[1] "Starting with initial values"
         mu    sigma.sq          bt          vh 
1.095379355 0.011489142 1.000000000 0.005744571 
        step    negloglik           mu     sigma.sq           bt           vh 
  1.00000000 -33.21187581   0.49834666   0.01039041   2.07654459   0.31690003 
[1] "New improvement found, resetting step counter"
         step     negloglik            mu      sigma.sq            bt 
  2.000000000 -34.253399878   0.616998296   0.010877687   3.940520684 
           vh 
  0.005243854 
         step     negloglik            mu      sigma.sq            bt 
  3.000000000 -34.253399878   0.616998296   0.010877687   3.940520684 
           vh 
  0.005243854 
         step     negloglik            mu      sigma.sq            bt 
  4.000000000 -34.253399878   0.616998296   0.010877687   3.940520684 
           vh 
  0.005243854 
[1] "Now starting analysis"
[1] "Starting with initial values"
         mu    sigma.sq          SE          vh 
1.095379355 0.011489142 0.005744571 0.005744571 
         step     negloglik            mu      sigma.sq            SE 
 1.000000e+00 -3.238225e+01  5.733842e-01  1.089506e-02  1.347270e-06 
           vh 
 7.705002e-01 
[1] "New improvement found, resetting step counter"
         step     negloglik            mu      sigma.sq            SE 
 2.000000e+00 -3.248620e+01  6.203345e-01  1.089748e-02  5.078662e-06 
           vh 
 1.029338e+00 
[1] "New improvement found, resetting step counter"
         step     negloglik            mu      sigma.sq            SE 
 3.000000e+00 -3.249647e+01  6.206353e-01  1.095061e-02  2.066171e-06 
           vh 
 1.014454e+00 
         step     negloglik            mu      sigma.sq            SE 
 4.000000e+00 -3.249647e+01  6.206353e-01  1.095061e-02  2.066171e-06 
           vh 
 1.014454e+00 
         step     negloglik            mu      sigma.sq            SE 
 5.000000e+00 -3.249647e+01  6.206353e-01  1.095061e-02  2.066171e-06 
           vh 
 1.014454e+00 
[1] "Now starting analysis"
[1] "Starting with initial values"
         mu    sigma.sq          vh 
1.095379355 0.011489142 0.005744571 
        step    negloglik           mu     sigma.sq           vh 
  1.00000000 -32.59060131   0.66692311   0.01088393   1.74727992 
        step    negloglik           mu     sigma.sq           vh 
  2.00000000 -32.59060131   0.66692311   0.01088393   1.74727992 
[1] "New improvement found, but slight; taking the best value, but not resetting the step counter"
        step    negloglik           mu     sigma.sq           vh 
  3.00000000 -32.59292764   0.62179194   0.01065401   1.84151740 
[1] "Now starting analysis"
[1] "Starting with initial values"
         mu    sigma.sq          SE          bt 
1.095379355 0.011489142 0.005744571 1.000000000 
         step     negloglik            mu      sigma.sq            SE 
 1.000000e+00 -3.155976e+01  4.681547e-01  1.116565e-02  3.978855e-09 
           bt 
 1.589090e+00 
[1] "New improvement found, resetting step counter"
         step     negloglik            mu      sigma.sq            SE 
 2.000000e+00 -3.422350e+01  6.079208e-01  1.116822e-02  3.914564e-08 
           bt 
 4.023448e+00 
         step     negloglik            mu      sigma.sq            SE 
 3.000000e+00 -3.422350e+01  6.079208e-01  1.116822e-02  3.914564e-08 
           bt 
 4.023448e+00 
         step     negloglik            mu      sigma.sq            SE 
 4.000000e+00 -3.422350e+01  6.079208e-01  1.116822e-02  3.914564e-08 
           bt 
 4.023448e+00 
[1] "Now starting analysis"
[1] "Starting with initial values"
        mu   sigma.sq         bt 
1.09537935 0.01148914 1.00000000 
        step    negloglik           mu     sigma.sq           bt 
  1.00000000 -34.27695588   0.61936134   0.01048508   4.24356372 
        step    negloglik           mu     sigma.sq           bt 
  2.00000000 -34.27695588   0.61936134   0.01048508   4.24356372 
        step    negloglik           mu     sigma.sq           bt 
  3.00000000 -34.27695588   0.61936134   0.01048508   4.24356372 
[1] "Now starting analysis"
[1] "Starting with initial values"
         mu    sigma.sq          SE 
1.095379355 0.011489142 0.005744571 
         step     negloglik            mu      sigma.sq            SE 
 1.000000e+00 -2.978244e+01  1.084499e+00  1.147751e-02  5.380008e-07 
         step     negloglik            mu      sigma.sq            SE 
 2.000000e+00 -2.978244e+01  1.084499e+00  1.147751e-02  5.380008e-07 
         step     negloglik            mu      sigma.sq            SE 
 3.000000e+00 -2.978244e+01  1.084499e+00  1.147751e-02  5.380008e-07 
[1] "Now starting analysis"
[1] "Starting with initial values"
        mu   sigma.sq 
1.09537935 0.01148914 
        step    negloglik           mu     sigma.sq 
  1.00000000 -29.78900807   1.09537935   0.01148914 
        step    negloglik           mu     sigma.sq 
  2.00000000 -29.78900807   1.09537935   0.01148914 
[1] "New improvement found, but slight; taking the best value, but not resetting the step counter"
        step    negloglik           mu     sigma.sq 
  3.00000000 -29.79421952   1.10885472   0.01156511 
