000 (066.1554.000) 07/26 17:14:46 Job submitted from host: <160.36.155.106:9618?addrs=160.36.155.106-9618&noUDP&sock=27742_4872_4>
...
012 (066.1554.000) 08/03 14:17:19 Job was held.
	via condor_hold (by user bomeara)
	Code 1 Subcode 0
...
013 (066.1554.000) 08/05 22:28:06 Job was released.
	via condor_release (by user bomeara)
...
012 (066.1554.000) 08/09 10:36:14 Job was held.
	via condor_hold (by user bomeara)
	Code 1 Subcode 0
...
013 (066.1554.000) 08/09 13:05:24 Job was released.
	via condor_release (by user bomeara)
...
001 (066.1554.000) 09/18 17:33:15 Job executing on host: <10.128.121.58:9618?addrs=10.128.121.58-9618&noUDP&sock=2350_7ba6_4>
...
006 (066.1554.000) 09/18 17:33:23 Image size of job updated: 217852
	213  -  MemoryUsage of job (MB)
	217852  -  ResidentSetSize of job (KB)
...
006 (066.1554.000) 09/18 17:38:23 Image size of job updated: 235012
	230  -  MemoryUsage of job (MB)
	235012  -  ResidentSetSize of job (KB)
...
005 (066.1554.000) 09/18 19:16:34 Job terminated.
	(1) Normal termination (return value 0)
		Usr 0 01:43:06, Sys 0 00:00:01  -  Run Remote Usage
		Usr 0 00:00:00, Sys 0 00:00:00  -  Run Local Usage
		Usr 0 01:43:06, Sys 0 00:00:01  -  Total Remote Usage
		Usr 0 00:00:00, Sys 0 00:00:00  -  Total Local Usage
	27684  -  Run Bytes Sent By Job
	2422  -  Run Bytes Received By Job
	27684  -  Total Bytes Sent By Job
	2422  -  Total Bytes Received By Job
	Partitionable Resources :    Usage  Request Allocated 
	   Cpus                 :     0.99        1         1 
	   Disk (KB)            :    45           4    888331 
	   Memory (MB)          :   230           1       128 
...
