000 (066.714.000) 07/26 17:14:46 Job submitted from host: <160.36.155.106:9618?addrs=160.36.155.106-9618&noUDP&sock=27742_4872_4>
...
012 (066.714.000) 08/03 14:16:37 Job was held.
	via condor_hold (by user bomeara)
	Code 1 Subcode 0
...
013 (066.714.000) 08/05 22:27:23 Job was released.
	via condor_release (by user bomeara)
...
012 (066.714.000) 08/09 10:35:18 Job was held.
	via condor_hold (by user bomeara)
	Code 1 Subcode 0
...
013 (066.714.000) 08/09 13:04:41 Job was released.
	via condor_release (by user bomeara)
...
001 (066.714.000) 08/09 16:51:48 Job executing on host: <10.129.213.175:9618?addrs=10.129.213.175-9618&noUDP&sock=2691_6172_4>
...
006 (066.714.000) 08/09 16:51:57 Image size of job updated: 229620
	225  -  MemoryUsage of job (MB)
	229620  -  ResidentSetSize of job (KB)
...
006 (066.714.000) 08/09 17:11:59 Image size of job updated: 230280
	225  -  MemoryUsage of job (MB)
	230280  -  ResidentSetSize of job (KB)
...
005 (066.714.000) 08/09 17:39:36 Job terminated.
	(1) Normal termination (return value 0)
		Usr 0 00:47:45, Sys 0 00:00:00  -  Run Remote Usage
		Usr 0 00:00:00, Sys 0 00:00:00  -  Run Local Usage
		Usr 0 00:47:45, Sys 0 00:00:00  -  Total Remote Usage
		Usr 0 00:00:00, Sys 0 00:00:00  -  Total Local Usage
	27950  -  Run Bytes Sent By Job
	2422  -  Run Bytes Received By Job
	27950  -  Total Bytes Sent By Job
	2422  -  Total Bytes Received By Job
	Partitionable Resources :    Usage  Request Allocated 
	   Cpus                 :     1.00        1         1 
	   Disk (KB)            :    45           4   1811513 
	   Memory (MB)          :   225           1       128 
...
