000 (066.1081.000) 07/26 17:14:46 Job submitted from host: <160.36.155.106:9618?addrs=160.36.155.106-9618&noUDP&sock=27742_4872_4>
...
012 (066.1081.000) 08/03 14:16:55 Job was held.
	via condor_hold (by user bomeara)
	Code 1 Subcode 0
...
013 (066.1081.000) 08/05 22:27:42 Job was released.
	via condor_release (by user bomeara)
...
012 (066.1081.000) 08/09 10:35:43 Job was held.
	via condor_hold (by user bomeara)
	Code 1 Subcode 0
...
013 (066.1081.000) 08/09 13:05:00 Job was released.
	via condor_release (by user bomeara)
...
001 (066.1081.000) 08/24 13:44:36 Job executing on host: <10.130.107.8:9618?addrs=10.130.107.8-9618&noUDP&sock=69199_5635_4>
...
006 (066.1081.000) 08/24 13:44:44 Image size of job updated: 233616
	229  -  MemoryUsage of job (MB)
	233616  -  ResidentSetSize of job (KB)
...
006 (066.1081.000) 08/24 13:49:44 Image size of job updated: 238748
	234  -  MemoryUsage of job (MB)
	238748  -  ResidentSetSize of job (KB)
...
006 (066.1081.000) 08/24 15:59:57 Image size of job updated: 245484
	240  -  MemoryUsage of job (MB)
	245484  -  ResidentSetSize of job (KB)
...
006 (066.1081.000) 08/24 20:05:23 Image size of job updated: 247576
	242  -  MemoryUsage of job (MB)
	247576  -  ResidentSetSize of job (KB)
...
006 (066.1081.000) 08/24 22:15:38 Image size of job updated: 247736
	242  -  MemoryUsage of job (MB)
	247736  -  ResidentSetSize of job (KB)
...
006 (066.1081.000) 08/25 00:30:47 Image size of job updated: 441968
	242  -  MemoryUsage of job (MB)
	247736  -  ResidentSetSize of job (KB)
...
005 (066.1081.000) 08/25 00:30:47 Job terminated.
	(1) Normal termination (return value 0)
		Usr 0 10:45:09, Sys 0 00:00:05  -  Run Remote Usage
		Usr 0 00:00:00, Sys 0 00:00:00  -  Run Local Usage
		Usr 0 10:45:09, Sys 0 00:00:05  -  Total Remote Usage
		Usr 0 00:00:00, Sys 0 00:00:00  -  Total Local Usage
	31065  -  Run Bytes Sent By Job
	2422  -  Run Bytes Received By Job
	31065  -  Total Bytes Sent By Job
	2422  -  Total Bytes Received By Job
	Partitionable Resources :    Usage  Request Allocated 
	   Cpus                 :     1.00        1         1 
	   Disk (KB)            :    48           4    888358 
	   Memory (MB)          :   242           1       128 
...
