000 (066.1455.000) 07/26 17:14:46 Job submitted from host: <160.36.155.106:9618?addrs=160.36.155.106-9618&noUDP&sock=27742_4872_4>
...
012 (066.1455.000) 08/03 14:17:14 Job was held.
	via condor_hold (by user bomeara)
	Code 1 Subcode 0
...
013 (066.1455.000) 08/05 22:28:01 Job was released.
	via condor_release (by user bomeara)
...
012 (066.1455.000) 08/09 10:36:07 Job was held.
	via condor_hold (by user bomeara)
	Code 1 Subcode 0
...
013 (066.1455.000) 08/09 13:05:19 Job was released.
	via condor_release (by user bomeara)
...
001 (066.1455.000) 09/13 10:07:11 Job executing on host: <10.128.121.58:9618?addrs=10.128.121.58-9618&noUDP&sock=2350_7ba6_4>
...
006 (066.1455.000) 09/13 10:07:19 Image size of job updated: 242916
	238  -  MemoryUsage of job (MB)
	242916  -  ResidentSetSize of job (KB)
...
006 (066.1455.000) 09/19 19:43:08 Image size of job updated: 248704
	243  -  MemoryUsage of job (MB)
	248704  -  ResidentSetSize of job (KB)
...
022 (066.1455.000) 09/20 13:16:27 Job disconnected, attempting to reconnect
    Socket between submit and execute hosts closed unexpectedly
    Trying to reconnect to slot1_6@omearaclustere <10.128.121.58:9618?addrs=10.128.121.58-9618&noUDP&sock=2350_7ba6_4>
...
024 (066.1455.000) 09/20 13:56:29 Job reconnection failed
    Job disconnected too long: JobLeaseDuration (2400 seconds) expired
    Can not reconnect to slot1_6@omearaclustere, rescheduling job
...
012 (066.1455.000) 09/23 13:38:08 Job was held.
	via condor_hold (by user bomeara)
	Code 1 Subcode 0
...
001 (066.1455.000) 09/24 14:49:54 Job executing on host: <10.131.171.171:9618?addrs=10.131.171.171-9618&noUDP&sock=2227_1d80_4>
...
013 (066.1455.000) 09/24 14:49:59 Job was released.
	via condor_release (by user bomeara)
...
022 (066.1455.000) 10/04 13:16:09 Job disconnected, attempting to reconnect
    Socket between submit and execute hosts closed unexpectedly
    Trying to reconnect to slot1_11@omearaclusterb <10.131.171.171:9618?addrs=10.131.171.171-9618&noUDP&sock=2227_1d80_4>
...
024 (066.1455.000) 10/04 13:56:10 Job reconnection failed
    Job disconnected too long: JobLeaseDuration (2400 seconds) expired
    Can not reconnect to slot1_11@omearaclusterb, rescheduling job
...
001 (066.1455.000) 10/04 13:56:22 Job executing on host: <10.129.167.211:9618?addrs=10.129.167.211-9618&noUDP&sock=2359_a800_4>
...
005 (066.1455.000) 10/05 08:55:43 Job terminated.
	(1) Normal termination (return value 0)
		Usr 0 18:57:54, Sys 0 00:00:06  -  Run Remote Usage
		Usr 0 00:00:00, Sys 0 00:00:00  -  Run Local Usage
		Usr 0 18:57:54, Sys 0 00:00:06  -  Total Remote Usage
		Usr 0 00:00:00, Sys 0 00:00:00  -  Total Local Usage
	31830  -  Run Bytes Sent By Job
	2422  -  Run Bytes Received By Job
	31830  -  Total Bytes Sent By Job
	7266  -  Total Bytes Received By Job
	Partitionable Resources :    Usage  Request Allocated 
	   Cpus                 :     1.00        1         1 
	   Disk (KB)            :    50          75    892326 
	   Memory (MB)          :   245         245       256 
...
