000 (066.158.000) 07/26 17:14:46 Job submitted from host: <160.36.155.106:9618?addrs=160.36.155.106-9618&noUDP&sock=27742_4872_4>
...
001 (066.158.000) 07/26 17:14:56 Job executing on host: <10.128.213.253:9618?addrs=10.128.213.253-9618&noUDP&sock=68980_1ef7_4>
...
006 (066.158.000) 07/26 17:15:04 Image size of job updated: 220660
	216  -  MemoryUsage of job (MB)
	220660  -  ResidentSetSize of job (KB)
...
006 (066.158.000) 07/26 17:20:04 Image size of job updated: 225460
	221  -  MemoryUsage of job (MB)
	225460  -  ResidentSetSize of job (KB)
...
006 (066.158.000) 07/27 11:06:53 Image size of job updated: 226120
	221  -  MemoryUsage of job (MB)
	226120  -  ResidentSetSize of job (KB)
...
006 (066.158.000) 07/27 18:52:37 Image size of job updated: 227168
	222  -  MemoryUsage of job (MB)
	227168  -  ResidentSetSize of job (KB)
...
006 (066.158.000) 07/28 10:18:54 Image size of job updated: 433528
	222  -  MemoryUsage of job (MB)
	227168  -  ResidentSetSize of job (KB)
...
005 (066.158.000) 07/28 10:18:54 Job terminated.
	(1) Normal termination (return value 0)
		Usr 1 17:00:49, Sys 0 00:00:15  -  Run Remote Usage
		Usr 0 00:00:00, Sys 0 00:00:00  -  Run Local Usage
		Usr 1 17:00:49, Sys 0 00:00:15  -  Total Remote Usage
		Usr 0 00:00:00, Sys 0 00:00:00  -  Total Local Usage
	29386  -  Run Bytes Sent By Job
	2422  -  Run Bytes Received By Job
	29386  -  Total Bytes Sent By Job
	2422  -  Total Bytes Received By Job
	Partitionable Resources :    Usage  Request Allocated 
	   Cpus                 :     1.00        1         1 
	   Disk (KB)            :    46           4    892965 
	   Memory (MB)          :   222           1       128 
...
