[1] "args"
[1] "66"   "1084"
[1] "Now starting analysis"
[1] "Starting with initial values"
        mu   sigma.sq         SE         bt         vh 
0.93965909 0.00900608 0.00450304 1.00000000 0.00450304 
         step     negloglik            mu      sigma.sq            SE 
 1.000000e+00 -1.396548e+01  1.110517e+00  6.999587e-03  2.129842e-07 
           bt            vh 
 9.111938e-01  1.230113e-02 
[1] "New improvement found, resetting step counter"
         step     negloglik            mu      sigma.sq            SE 
 2.000000e+00 -1.401321e+01  1.211838e+00  6.999723e-03  3.368510e-07 
           bt            vh 
 9.010703e-01  1.079137e-02 
         step     negloglik            mu      sigma.sq            SE 
 3.000000e+00 -1.401321e+01  1.211838e+00  6.999723e-03  3.368510e-07 
           bt            vh 
 9.010703e-01  1.079137e-02 
[1] "New improvement found, resetting step counter"
         step     negloglik            mu      sigma.sq            SE 
 4.000000e+00 -1.410132e+01  1.343497e+00  6.939297e-03  6.858123e-09 
           bt            vh 
 8.346463e-01  1.894040e-02 
         step     negloglik            mu      sigma.sq            SE 
 5.000000e+00 -1.410132e+01  1.343497e+00  6.939297e-03  6.858123e-09 
           bt            vh 
 8.346463e-01  1.894040e-02 
[1] "New improvement found, but slight; taking the best value, but not resetting the step counter"
         step     negloglik            mu      sigma.sq            SE 
 6.000000e+00 -1.410637e+01  1.369560e+00  6.945167e-03  8.827371e-08 
           bt            vh 
 8.336014e-01  1.678514e-02 
[1] "Now starting analysis"
[1] "Starting with initial values"
        mu   sigma.sq         bt         vh 
0.93965909 0.00900608 1.00000000 0.00450304 
         step     negloglik            mu      sigma.sq            bt 
  1.000000000 -14.210279098   1.369401368   0.007722142   0.819877492 
           vh 
  0.014125020 
         step     negloglik            mu      sigma.sq            bt 
  2.000000000 -14.210279098   1.369401368   0.007722142   0.819877492 
           vh 
  0.014125020 
         step     negloglik            mu      sigma.sq            bt 
  3.000000000 -14.210279098   1.369401368   0.007722142   0.819877492 
           vh 
  0.014125020 
[1] "Now starting analysis"
[1] "Starting with initial values"
        mu   sigma.sq         SE         vh 
0.93965909 0.00900608 0.00450304 0.00450304 
         step     negloglik            mu      sigma.sq            SE 
 1.000000e+00 -1.389100e+01  1.041985e+00  7.952742e-03  2.240098e-07 
           vh 
 1.810727e-02 
         step     negloglik            mu      sigma.sq            SE 
 2.000000e+00 -1.389100e+01  1.041985e+00  7.952742e-03  2.240098e-07 
           vh 
 1.810727e-02 
         step     negloglik            mu      sigma.sq            SE 
 3.000000e+00 -1.389100e+01  1.041985e+00  7.952742e-03  2.240098e-07 
           vh 
 1.810727e-02 
[1] "Now starting analysis"
[1] "Starting with initial values"
        mu   sigma.sq         vh 
0.93965909 0.00900608 0.00450304 
         step     negloglik            mu      sigma.sq            vh 
  1.000000000 -13.888693214   1.046714059   0.007803807   0.021579847 
[1] "New improvement found, but slight; taking the best value, but not resetting the step counter"
         step     negloglik            mu      sigma.sq            vh 
  2.000000000 -13.892341429   1.048240904   0.007842021   0.018487944 
         step     negloglik            mu      sigma.sq            vh 
  3.000000000 -13.892341429   1.048240904   0.007842021   0.018487944 
[1] "Now starting analysis"
[1] "Starting with initial values"
        mu   sigma.sq         SE         bt 
0.93965909 0.00900608 0.00450304 1.00000000 
         step     negloglik            mu      sigma.sq            SE 
 1.000000e+00 -1.399232e+01  1.325814e+00  7.922770e-03  8.176461e-08 
           bt 
 8.110592e-01 
         step     negloglik            mu      sigma.sq            SE 
 2.000000e+00 -1.399232e+01  1.325814e+00  7.922770e-03  8.176461e-08 
           bt 
 8.110592e-01 
[1] "New improvement found, resetting step counter"
         step     negloglik            mu      sigma.sq            SE 
 3.000000e+00 -1.400870e+01  1.396189e+00  7.908561e-03  7.856166e-08 
           bt 
 7.989536e-01 
[1] "New improvement found, but slight; taking the best value, but not resetting the step counter"
         step     negloglik            mu      sigma.sq            SE 
 4.000000e+00 -1.401382e+01  1.333413e+00  8.239163e-03  1.420127e-07 
           bt 
 8.246710e-01 
[1] "New improvement found, but slight; taking the best value, but not resetting the step counter"
         step     negloglik            mu      sigma.sq            SE 
 5.000000e+00 -1.402067e+01  1.393460e+00  8.364982e-03  7.249525e-07 
           bt 
 8.092106e-01 
[1] "Now starting analysis"
[1] "Starting with initial values"
        mu   sigma.sq         bt 
0.93965909 0.00900608 1.00000000 
         step     negloglik            mu      sigma.sq            bt 
  1.000000000 -14.016605859   1.348761069   0.008449128   0.821415503 
[1] "New improvement found, but slight; taking the best value, but not resetting the step counter"
         step     negloglik            mu      sigma.sq            bt 
  2.000000000 -14.026240859   1.421865710   0.008204805   0.792842710 
         step     negloglik            mu      sigma.sq            bt 
  3.000000000 -14.026240859   1.421865710   0.008204805   0.792842710 
[1] "Now starting analysis"
[1] "Starting with initial values"
        mu   sigma.sq         SE 
0.93965909 0.00900608 0.00450304 
         step     negloglik            mu      sigma.sq            SE 
 1.000000e+00 -1.356338e+01  1.007312e+00  8.586252e-03  2.598666e-09 
         step     negloglik            mu      sigma.sq            SE 
 2.000000e+00 -1.356338e+01  1.007312e+00  8.586252e-03  2.598666e-09 
         step     negloglik            mu      sigma.sq            SE 
 3.000000e+00 -1.356338e+01  1.007312e+00  8.586252e-03  2.598666e-09 
[1] "Now starting analysis"
[1] "Starting with initial values"
        mu   sigma.sq 
0.93965909 0.00900608 
         step     negloglik            mu      sigma.sq 
  1.000000000 -13.551144042   1.080975013   0.008271972 
[1] "New improvement found, resetting step counter"
         step     negloglik            mu      sigma.sq 
  2.000000000 -13.561840752   1.043790106   0.008324754 
         step     negloglik            mu      sigma.sq 
  3.000000000 -13.561840752   1.043790106   0.008324754 
         step     negloglik            mu      sigma.sq 
  4.000000000 -13.561840752   1.043790106   0.008324754 
