000 (066.1046.000) 07/26 17:14:46 Job submitted from host: <160.36.155.106:9618?addrs=160.36.155.106-9618&noUDP&sock=27742_4872_4>
...
012 (066.1046.000) 08/03 14:16:53 Job was held.
	via condor_hold (by user bomeara)
	Code 1 Subcode 0
...
013 (066.1046.000) 08/05 22:27:39 Job was released.
	via condor_release (by user bomeara)
...
012 (066.1046.000) 08/09 10:35:40 Job was held.
	via condor_hold (by user bomeara)
	Code 1 Subcode 0
...
013 (066.1046.000) 08/09 13:04:58 Job was released.
	via condor_release (by user bomeara)
...
001 (066.1046.000) 08/21 07:46:53 Job executing on host: <10.128.78.255:9618?addrs=10.128.78.255-9618&noUDP&sock=2316_296e_4>
...
006 (066.1046.000) 08/21 07:47:02 Image size of job updated: 220628
	216  -  MemoryUsage of job (MB)
	220628  -  ResidentSetSize of job (KB)
...
006 (066.1046.000) 08/21 07:52:02 Image size of job updated: 232424
	227  -  MemoryUsage of job (MB)
	232424  -  ResidentSetSize of job (KB)
...
005 (066.1046.000) 08/21 19:17:40 Job terminated.
	(1) Normal termination (return value 0)
		Usr 0 11:29:45, Sys 0 00:00:05  -  Run Remote Usage
		Usr 0 00:00:00, Sys 0 00:00:00  -  Run Local Usage
		Usr 0 11:29:45, Sys 0 00:00:05  -  Total Remote Usage
		Usr 0 00:00:00, Sys 0 00:00:00  -  Total Local Usage
	28570  -  Run Bytes Sent By Job
	2422  -  Run Bytes Received By Job
	28570  -  Total Bytes Sent By Job
	2422  -  Total Bytes Received By Job
	Partitionable Resources :    Usage  Request Allocated 
	   Cpus                 :     1.00        1         1 
	   Disk (KB)            :    46           4    893021 
	   Memory (MB)          :   227           1       128 
...
