000 (066.948.000) 07/26 17:14:46 Job submitted from host: <160.36.155.106:9618?addrs=160.36.155.106-9618&noUDP&sock=27742_4872_4>
...
012 (066.948.000) 08/03 14:16:48 Job was held.
	via condor_hold (by user bomeara)
	Code 1 Subcode 0
...
013 (066.948.000) 08/05 22:27:34 Job was released.
	via condor_release (by user bomeara)
...
012 (066.948.000) 08/09 10:35:34 Job was held.
	via condor_hold (by user bomeara)
	Code 1 Subcode 0
...
013 (066.948.000) 08/09 13:04:53 Job was released.
	via condor_release (by user bomeara)
...
001 (066.948.000) 08/17 01:21:01 Job executing on host: <10.130.122.65:9618?addrs=10.130.122.65-9618&noUDP&sock=77628_edfd_4>
...
006 (066.948.000) 08/17 01:21:09 Image size of job updated: 233004
	228  -  MemoryUsage of job (MB)
	233004  -  ResidentSetSize of job (KB)
...
005 (066.948.000) 08/17 01:38:34 Job terminated.
	(1) Normal termination (return value 1)
		Usr 0 00:17:32, Sys 0 00:00:00  -  Run Remote Usage
		Usr 0 00:00:00, Sys 0 00:00:00  -  Run Local Usage
		Usr 0 00:17:32, Sys 0 00:00:00  -  Total Remote Usage
		Usr 0 00:00:00, Sys 0 00:00:00  -  Total Local Usage
	3158  -  Run Bytes Sent By Job
	2422  -  Run Bytes Received By Job
	3158  -  Total Bytes Sent By Job
	2422  -  Total Bytes Received By Job
	Partitionable Resources :    Usage  Request Allocated 
	   Cpus                 :     1.00        1         1 
	   Disk (KB)            :    21           4    891678 
	   Memory (MB)          :   228           1       128 
...
