000 (066.1382.000) 07/26 17:14:46 Job submitted from host: <160.36.155.106:9618?addrs=160.36.155.106-9618&noUDP&sock=27742_4872_4>
...
012 (066.1382.000) 08/03 14:17:10 Job was held.
	via condor_hold (by user bomeara)
	Code 1 Subcode 0
...
013 (066.1382.000) 08/05 22:27:57 Job was released.
	via condor_release (by user bomeara)
...
012 (066.1382.000) 08/09 10:36:02 Job was held.
	via condor_hold (by user bomeara)
	Code 1 Subcode 0
...
013 (066.1382.000) 08/09 13:05:15 Job was released.
	via condor_release (by user bomeara)
...
001 (066.1382.000) 09/04 07:55:35 Job executing on host: <10.129.167.211:9618?addrs=10.129.167.211-9618&noUDP&sock=2343_ae7c_4>
...
006 (066.1382.000) 09/04 07:55:43 Image size of job updated: 220632
	216  -  MemoryUsage of job (MB)
	220516  -  ResidentSetSize of job (KB)
...
006 (066.1382.000) 09/04 08:00:43 Image size of job updated: 224360
	219  -  MemoryUsage of job (MB)
	224244  -  ResidentSetSize of job (KB)
...
006 (066.1382.000) 09/04 09:10:50 Image size of job updated: 224364
	219  -  MemoryUsage of job (MB)
	224244  -  ResidentSetSize of job (KB)
...
022 (066.1382.000) 09/04 12:12:48 Job disconnected, attempting to reconnect
    Socket between submit and execute hosts closed unexpectedly
    Trying to reconnect to slot1_13@omearaclusterc <10.129.167.211:9618?addrs=10.129.167.211-9618&noUDP&sock=2343_ae7c_4>
...
024 (066.1382.000) 09/04 12:52:51 Job reconnection failed
    Job disconnected too long: JobLeaseDuration (2400 seconds) expired
    Can not reconnect to slot1_13@omearaclusterc, rescheduling job
...
001 (066.1382.000) 09/09 07:06:29 Job executing on host: <10.129.199.164:9618?addrs=10.129.199.164-9618&noUDP&sock=2357_48d0_4>
...
006 (066.1382.000) 09/09 07:11:38 Image size of job updated: 227848
	223  -  MemoryUsage of job (MB)
	227848  -  ResidentSetSize of job (KB)
...
006 (066.1382.000) 09/09 08:16:46 Image size of job updated: 229772
	225  -  MemoryUsage of job (MB)
	229772  -  ResidentSetSize of job (KB)
...
006 (066.1382.000) 09/09 10:26:58 Image size of job updated: 230240
	225  -  MemoryUsage of job (MB)
	230240  -  ResidentSetSize of job (KB)
...
005 (066.1382.000) 09/09 11:32:23 Job terminated.
	(1) Normal termination (return value 0)
		Usr 0 04:25:29, Sys 0 00:00:03  -  Run Remote Usage
		Usr 0 00:00:00, Sys 0 00:00:00  -  Run Local Usage
		Usr 0 04:25:29, Sys 0 00:00:03  -  Total Remote Usage
		Usr 0 00:00:00, Sys 0 00:00:00  -  Total Local Usage
	28420  -  Run Bytes Sent By Job
	2422  -  Run Bytes Received By Job
	28420  -  Total Bytes Sent By Job
	4844  -  Total Bytes Received By Job
	Partitionable Resources :    Usage  Request Allocated 
	   Cpus                 :     1.00        1         1 
	   Disk (KB)            :    46          75    889379 
	   Memory (MB)          :   225         220       256 
...
